[2024-06-08T20:24:36.628-0300] {processor.py:161} INFO - Started process (PID=7433) to work on /home/pedro/airflow/dags/__pycache__/dag_extracao_daily.py
[2024-06-08T20:24:36.628-0300] {processor.py:830} INFO - Processing file /home/pedro/airflow/dags/__pycache__/dag_extracao_daily.py for tasks to queue
[2024-06-08T20:24:36.629-0300] {logging_mixin.py:188} INFO - [2024-06-08T20:24:36.629-0300] {dagbag.py:545} INFO - Filling up the DagBag from /home/pedro/airflow/dags/__pycache__/dag_extracao_daily.py
[2024-06-08T20:24:37.000-0300] {processor.py:840} INFO - DAG(s) 'data_pipeline' retrieved from /home/pedro/airflow/dags/__pycache__/dag_extracao_daily.py
[2024-06-08T20:24:37.060-0300] {logging_mixin.py:188} INFO - [2024-06-08T20:24:37.059-0300] {override.py:1829} INFO - Created Permission View: can edit on DAG:data_pipeline
[2024-06-08T20:24:37.081-0300] {logging_mixin.py:188} INFO - [2024-06-08T20:24:37.081-0300] {override.py:1829} INFO - Created Permission View: can delete on DAG:data_pipeline
[2024-06-08T20:24:37.090-0300] {logging_mixin.py:188} INFO - [2024-06-08T20:24:37.090-0300] {override.py:1829} INFO - Created Permission View: can read on DAG:data_pipeline
[2024-06-08T20:24:37.091-0300] {logging_mixin.py:188} INFO - [2024-06-08T20:24:37.090-0300] {dag.py:3096} INFO - Sync 1 DAGs
[2024-06-08T20:24:37.101-0300] {logging_mixin.py:188} INFO - [2024-06-08T20:24:37.101-0300] {dag.py:3118} INFO - Creating ORM DAG for data_pipeline
[2024-06-08T20:24:37.107-0300] {logging_mixin.py:188} INFO - [2024-06-08T20:24:37.107-0300] {dag.py:3954} INFO - Setting next_dagrun for data_pipeline to 2023-01-01 00:00:00+00:00, run_after=2023-01-02 00:00:00+00:00
[2024-06-08T20:24:37.125-0300] {processor.py:183} INFO - Processing /home/pedro/airflow/dags/__pycache__/dag_extracao_daily.py took 0.500 seconds
[2024-06-08T20:24:55.171-0300] {processor.py:161} INFO - Started process (PID=8409) to work on /home/pedro/airflow/dags/__pycache__/dag_extracao_daily.py
[2024-06-08T20:24:55.172-0300] {processor.py:830} INFO - Processing file /home/pedro/airflow/dags/__pycache__/dag_extracao_daily.py for tasks to queue
[2024-06-08T20:24:55.173-0300] {logging_mixin.py:188} INFO - [2024-06-08T20:24:55.172-0300] {dagbag.py:545} INFO - Filling up the DagBag from /home/pedro/airflow/dags/__pycache__/dag_extracao_daily.py
[2024-06-08T20:24:55.410-0300] {processor.py:840} INFO - DAG(s) 'data_pipeline' retrieved from /home/pedro/airflow/dags/__pycache__/dag_extracao_daily.py
[2024-06-08T20:24:55.412-0300] {logging_mixin.py:188} INFO - [2024-06-08T20:24:55.412-0300] {dag.py:3096} INFO - Sync 1 DAGs
[2024-06-08T20:24:55.420-0300] {logging_mixin.py:188} INFO - [2024-06-08T20:24:55.420-0300] {dag.py:3954} INFO - Setting next_dagrun for data_pipeline to 2023-01-01 00:00:00+00:00, run_after=2023-01-02 00:00:00+00:00
[2024-06-08T20:24:55.437-0300] {processor.py:183} INFO - Processing /home/pedro/airflow/dags/__pycache__/dag_extracao_daily.py took 0.269 seconds
[2024-06-08T20:25:51.183-0300] {processor.py:161} INFO - Started process (PID=8647) to work on /home/pedro/airflow/dags/__pycache__/dag_extracao_daily.py
[2024-06-08T20:25:51.184-0300] {processor.py:830} INFO - Processing file /home/pedro/airflow/dags/__pycache__/dag_extracao_daily.py for tasks to queue
[2024-06-08T20:25:51.184-0300] {logging_mixin.py:188} INFO - [2024-06-08T20:25:51.184-0300] {dagbag.py:545} INFO - Filling up the DagBag from /home/pedro/airflow/dags/__pycache__/dag_extracao_daily.py
[2024-06-08T20:25:51.413-0300] {processor.py:840} INFO - DAG(s) 'data_pipeline' retrieved from /home/pedro/airflow/dags/__pycache__/dag_extracao_daily.py
[2024-06-08T20:25:51.422-0300] {logging_mixin.py:188} INFO - [2024-06-08T20:25:51.421-0300] {dag.py:3096} INFO - Sync 1 DAGs
[2024-06-08T20:25:51.430-0300] {logging_mixin.py:188} INFO - [2024-06-08T20:25:51.430-0300] {dag.py:3954} INFO - Setting next_dagrun for data_pipeline to 2023-01-01 00:00:00+00:00, run_after=2023-01-02 00:00:00+00:00
[2024-06-08T20:25:51.476-0300] {processor.py:183} INFO - Processing /home/pedro/airflow/dags/__pycache__/dag_extracao_daily.py took 0.295 seconds
[2024-06-08T20:26:46.804-0300] {processor.py:161} INFO - Started process (PID=8798) to work on /home/pedro/airflow/dags/__pycache__/dag_extracao_daily.py
[2024-06-08T20:26:46.807-0300] {processor.py:830} INFO - Processing file /home/pedro/airflow/dags/__pycache__/dag_extracao_daily.py for tasks to queue
[2024-06-08T20:26:46.808-0300] {logging_mixin.py:188} INFO - [2024-06-08T20:26:46.808-0300] {dagbag.py:545} INFO - Filling up the DagBag from /home/pedro/airflow/dags/__pycache__/dag_extracao_daily.py
[2024-06-08T20:26:47.009-0300] {processor.py:840} INFO - DAG(s) 'data_pipeline' retrieved from /home/pedro/airflow/dags/__pycache__/dag_extracao_daily.py
[2024-06-08T20:26:47.015-0300] {logging_mixin.py:188} INFO - [2024-06-08T20:26:47.015-0300] {dag.py:3096} INFO - Sync 1 DAGs
[2024-06-08T20:26:47.025-0300] {logging_mixin.py:188} INFO - [2024-06-08T20:26:47.025-0300] {dag.py:3954} INFO - Setting next_dagrun for data_pipeline to 2023-01-01 00:00:00+00:00, run_after=2023-01-02 00:00:00+00:00
[2024-06-08T20:26:47.042-0300] {processor.py:183} INFO - Processing /home/pedro/airflow/dags/__pycache__/dag_extracao_daily.py took 0.242 seconds
[2024-06-08T20:27:33.045-0300] {processor.py:161} INFO - Started process (PID=9265) to work on /home/pedro/airflow/dags/__pycache__/dag_extracao_daily.py
[2024-06-08T20:27:33.048-0300] {processor.py:830} INFO - Processing file /home/pedro/airflow/dags/__pycache__/dag_extracao_daily.py for tasks to queue
[2024-06-08T20:27:33.049-0300] {logging_mixin.py:188} INFO - [2024-06-08T20:27:33.049-0300] {dagbag.py:545} INFO - Filling up the DagBag from /home/pedro/airflow/dags/__pycache__/dag_extracao_daily.py
[2024-06-08T20:27:33.274-0300] {processor.py:840} INFO - DAG(s) 'data_pipeline' retrieved from /home/pedro/airflow/dags/__pycache__/dag_extracao_daily.py
[2024-06-08T20:27:33.281-0300] {logging_mixin.py:188} INFO - [2024-06-08T20:27:33.281-0300] {dag.py:3096} INFO - Sync 1 DAGs
[2024-06-08T20:27:33.295-0300] {logging_mixin.py:188} INFO - [2024-06-08T20:27:33.295-0300] {dag.py:3954} INFO - Setting next_dagrun for data_pipeline to 2023-01-01 00:00:00+00:00, run_after=2023-01-02 00:00:00+00:00
[2024-06-08T20:27:33.323-0300] {processor.py:183} INFO - Processing /home/pedro/airflow/dags/__pycache__/dag_extracao_daily.py took 0.283 seconds
[2024-06-08T20:28:18.331-0300] {processor.py:161} INFO - Started process (PID=10110) to work on /home/pedro/airflow/dags/__pycache__/dag_extracao_daily.py
[2024-06-08T20:28:18.334-0300] {processor.py:830} INFO - Processing file /home/pedro/airflow/dags/__pycache__/dag_extracao_daily.py for tasks to queue
[2024-06-08T20:28:18.334-0300] {logging_mixin.py:188} INFO - [2024-06-08T20:28:18.334-0300] {dagbag.py:545} INFO - Filling up the DagBag from /home/pedro/airflow/dags/__pycache__/dag_extracao_daily.py
[2024-06-08T20:28:18.520-0300] {processor.py:840} INFO - DAG(s) 'data_pipeline' retrieved from /home/pedro/airflow/dags/__pycache__/dag_extracao_daily.py
[2024-06-08T20:28:18.526-0300] {logging_mixin.py:188} INFO - [2024-06-08T20:28:18.526-0300] {dag.py:3096} INFO - Sync 1 DAGs
[2024-06-08T20:28:18.536-0300] {logging_mixin.py:188} INFO - [2024-06-08T20:28:18.535-0300] {dag.py:3954} INFO - Setting next_dagrun for data_pipeline to 2023-01-01 00:00:00+00:00, run_after=2023-01-02 00:00:00+00:00
[2024-06-08T20:28:18.552-0300] {processor.py:183} INFO - Processing /home/pedro/airflow/dags/__pycache__/dag_extracao_daily.py took 0.226 seconds
[2024-06-08T20:28:59.470-0300] {processor.py:161} INFO - Started process (PID=10194) to work on /home/pedro/airflow/dags/__pycache__/dag_extracao_daily.py
[2024-06-08T20:28:59.473-0300] {processor.py:830} INFO - Processing file /home/pedro/airflow/dags/__pycache__/dag_extracao_daily.py for tasks to queue
[2024-06-08T20:28:59.474-0300] {logging_mixin.py:188} INFO - [2024-06-08T20:28:59.474-0300] {dagbag.py:545} INFO - Filling up the DagBag from /home/pedro/airflow/dags/__pycache__/dag_extracao_daily.py
[2024-06-08T20:28:59.667-0300] {processor.py:840} INFO - DAG(s) 'data_pipeline' retrieved from /home/pedro/airflow/dags/__pycache__/dag_extracao_daily.py
[2024-06-08T20:28:59.676-0300] {logging_mixin.py:188} INFO - [2024-06-08T20:28:59.675-0300] {dag.py:3096} INFO - Sync 1 DAGs
[2024-06-08T20:28:59.686-0300] {logging_mixin.py:188} INFO - [2024-06-08T20:28:59.686-0300] {dag.py:3954} INFO - Setting next_dagrun for data_pipeline to 2023-01-01 00:00:00+00:00, run_after=2023-01-02 00:00:00+00:00
[2024-06-08T20:28:59.703-0300] {processor.py:183} INFO - Processing /home/pedro/airflow/dags/__pycache__/dag_extracao_daily.py took 0.237 seconds
[2024-06-08T20:29:39.523-0300] {processor.py:161} INFO - Started process (PID=11178) to work on /home/pedro/airflow/dags/__pycache__/dag_extracao_daily.py
[2024-06-08T20:29:39.526-0300] {processor.py:830} INFO - Processing file /home/pedro/airflow/dags/__pycache__/dag_extracao_daily.py for tasks to queue
[2024-06-08T20:29:39.527-0300] {logging_mixin.py:188} INFO - [2024-06-08T20:29:39.527-0300] {dagbag.py:545} INFO - Filling up the DagBag from /home/pedro/airflow/dags/__pycache__/dag_extracao_daily.py
[2024-06-08T20:29:39.781-0300] {processor.py:840} INFO - DAG(s) 'data_pipeline' retrieved from /home/pedro/airflow/dags/__pycache__/dag_extracao_daily.py
[2024-06-08T20:29:39.790-0300] {logging_mixin.py:188} INFO - [2024-06-08T20:29:39.790-0300] {dag.py:3096} INFO - Sync 1 DAGs
[2024-06-08T20:29:39.805-0300] {logging_mixin.py:188} INFO - [2024-06-08T20:29:39.805-0300] {dag.py:3954} INFO - Setting next_dagrun for data_pipeline to 2023-01-01 00:00:00+00:00, run_after=2023-01-02 00:00:00+00:00
[2024-06-08T20:29:39.824-0300] {processor.py:183} INFO - Processing /home/pedro/airflow/dags/__pycache__/dag_extracao_daily.py took 0.305 seconds
