[2024-06-11T19:13:48.342-0300] {local_task_job_runner.py:120} INFO - ::group::Pre task execution logs
[2024-06-11T19:13:48.355-0300] {taskinstance.py:2076} INFO - Dependencies all met for dep_context=non-requeueable deps ti=<TaskInstance: data_pipeline.extract_csv manual__2024-06-11T22:13:44.678266+00:00 [queued]>
[2024-06-11T19:13:48.358-0300] {taskinstance.py:2076} INFO - Dependencies all met for dep_context=requeueable deps ti=<TaskInstance: data_pipeline.extract_csv manual__2024-06-11T22:13:44.678266+00:00 [queued]>
[2024-06-11T19:13:48.358-0300] {taskinstance.py:2306} INFO - Starting attempt 1 of 1
[2024-06-11T19:13:48.374-0300] {taskinstance.py:2330} INFO - Executing <Task(PythonOperator): extract_csv> on 2024-06-11 22:13:44.678266+00:00
[2024-06-11T19:13:48.376-0300] {standard_task_runner.py:63} INFO - Started process 17143 to run task
[2024-06-11T19:13:48.378-0300] {standard_task_runner.py:90} INFO - Running: ['airflow', 'tasks', 'run', 'data_pipeline', 'extract_csv', 'manual__2024-06-11T22:13:44.678266+00:00', '--job-id', '1713', '--raw', '--subdir', 'DAGS_FOLDER/dag_extracao_daily.py', '--cfg-path', '/tmp/tmp87n_qyec']
[2024-06-11T19:13:48.379-0300] {standard_task_runner.py:91} INFO - Job 1713: Subtask extract_csv
[2024-06-11T19:13:48.404-0300] {task_command.py:426} INFO - Running <TaskInstance: data_pipeline.extract_csv manual__2024-06-11T22:13:44.678266+00:00 [running]> on host Pedro-Conrado
[2024-06-11T19:13:48.455-0300] {taskinstance.py:2648} INFO - Exporting env vars: AIRFLOW_CTX_DAG_OWNER='airflow' AIRFLOW_CTX_DAG_ID='data_pipeline' AIRFLOW_CTX_TASK_ID='extract_csv' AIRFLOW_CTX_EXECUTION_DATE='2024-06-11T22:13:44.678266+00:00' AIRFLOW_CTX_TRY_NUMBER='1' AIRFLOW_CTX_DAG_RUN_ID='manual__2024-06-11T22:13:44.678266+00:00'
[2024-06-11T19:13:48.455-0300] {taskinstance.py:430} INFO - ::endgroup::
[2024-06-11T19:13:48.461-0300] {logging_mixin.py:188} INFO - Verificando a existência do arquivo: /home/pedro/airflow/data/csv/order_details.csv
[2024-06-11T19:13:48.461-0300] {logging_mixin.py:188} INFO - Conteúdo do diretório /home/pedro/airflow/data/csv:
[2024-06-11T19:13:48.461-0300] {logging_mixin.py:188} INFO - ['order_details .csv', 'order_details.csv', 'processed_order_details']
[2024-06-11T19:13:48.462-0300] {logging_mixin.py:188} INFO - Arquivo copiado para: /home/pedro/airflow/data/csv/processed_order_details/order_details.csv
[2024-06-11T19:13:48.462-0300] {python.py:237} INFO - Done. Returned value was: None
[2024-06-11T19:13:48.462-0300] {taskinstance.py:441} INFO - ::group::Post task execution logs
[2024-06-11T19:13:48.465-0300] {taskinstance.py:1206} INFO - Marking task as SUCCESS. dag_id=data_pipeline, task_id=extract_csv, run_id=manual__2024-06-11T22:13:44.678266+00:00, execution_date=20240611T221344, start_date=20240611T221348, end_date=20240611T221348
[2024-06-11T19:13:48.510-0300] {local_task_job_runner.py:240} INFO - Task exited with return code 0
[2024-06-11T19:13:48.532-0300] {taskinstance.py:3498} INFO - 1 downstream tasks scheduled from follow-on schedule check
[2024-06-11T19:13:48.537-0300] {local_task_job_runner.py:222} INFO - ::endgroup::
