[2024-06-09T11:45:43.993-0300] {processor.py:161} INFO - Started process (PID=6052) to work on /home/pedro/.local/lib/python3.10/site-packages/airflow/example_dags/example_nested_branch_dag.py
[2024-06-09T11:45:43.994-0300] {processor.py:830} INFO - Processing file /home/pedro/.local/lib/python3.10/site-packages/airflow/example_dags/example_nested_branch_dag.py for tasks to queue
[2024-06-09T11:45:43.996-0300] {logging_mixin.py:188} INFO - [2024-06-09T11:45:43.995-0300] {dagbag.py:545} INFO - Filling up the DagBag from /home/pedro/.local/lib/python3.10/site-packages/airflow/example_dags/example_nested_branch_dag.py
[2024-06-09T11:45:44.003-0300] {processor.py:840} INFO - DAG(s) 'example_nested_branch_dag' retrieved from /home/pedro/.local/lib/python3.10/site-packages/airflow/example_dags/example_nested_branch_dag.py
[2024-06-09T11:45:44.013-0300] {logging_mixin.py:188} INFO - [2024-06-09T11:45:44.013-0300] {dag.py:3096} INFO - Sync 1 DAGs
[2024-06-09T11:45:44.025-0300] {logging_mixin.py:188} INFO - [2024-06-09T11:45:44.025-0300] {dag.py:3954} INFO - Setting next_dagrun for example_nested_branch_dag to 2024-06-08 00:00:00+00:00, run_after=2024-06-09 00:00:00+00:00
[2024-06-09T11:45:44.039-0300] {processor.py:183} INFO - Processing /home/pedro/.local/lib/python3.10/site-packages/airflow/example_dags/example_nested_branch_dag.py took 0.055 seconds
[2024-06-09T11:46:37.550-0300] {processor.py:161} INFO - Started process (PID=7294) to work on /home/pedro/.local/lib/python3.10/site-packages/airflow/example_dags/example_nested_branch_dag.py
[2024-06-09T11:46:37.553-0300] {processor.py:830} INFO - Processing file /home/pedro/.local/lib/python3.10/site-packages/airflow/example_dags/example_nested_branch_dag.py for tasks to queue
[2024-06-09T11:46:37.556-0300] {logging_mixin.py:188} INFO - [2024-06-09T11:46:37.555-0300] {dagbag.py:545} INFO - Filling up the DagBag from /home/pedro/.local/lib/python3.10/site-packages/airflow/example_dags/example_nested_branch_dag.py
[2024-06-09T11:46:37.619-0300] {processor.py:840} INFO - DAG(s) 'example_nested_branch_dag' retrieved from /home/pedro/.local/lib/python3.10/site-packages/airflow/example_dags/example_nested_branch_dag.py
[2024-06-09T11:46:37.625-0300] {logging_mixin.py:188} INFO - [2024-06-09T11:46:37.625-0300] {dag.py:3096} INFO - Sync 1 DAGs
[2024-06-09T11:46:37.634-0300] {logging_mixin.py:188} INFO - [2024-06-09T11:46:37.634-0300] {dag.py:3954} INFO - Setting next_dagrun for example_nested_branch_dag to 2024-06-08 00:00:00+00:00, run_after=2024-06-09 00:00:00+00:00
[2024-06-09T11:46:37.649-0300] {processor.py:183} INFO - Processing /home/pedro/.local/lib/python3.10/site-packages/airflow/example_dags/example_nested_branch_dag.py took 0.103 seconds
[2024-06-09T11:47:27.027-0300] {processor.py:161} INFO - Started process (PID=7389) to work on /home/pedro/.local/lib/python3.10/site-packages/airflow/example_dags/example_nested_branch_dag.py
[2024-06-09T11:47:27.030-0300] {processor.py:830} INFO - Processing file /home/pedro/.local/lib/python3.10/site-packages/airflow/example_dags/example_nested_branch_dag.py for tasks to queue
[2024-06-09T11:47:27.033-0300] {logging_mixin.py:188} INFO - [2024-06-09T11:47:27.032-0300] {dagbag.py:545} INFO - Filling up the DagBag from /home/pedro/.local/lib/python3.10/site-packages/airflow/example_dags/example_nested_branch_dag.py
[2024-06-09T11:47:27.042-0300] {processor.py:840} INFO - DAG(s) 'example_nested_branch_dag' retrieved from /home/pedro/.local/lib/python3.10/site-packages/airflow/example_dags/example_nested_branch_dag.py
[2024-06-09T11:47:27.051-0300] {logging_mixin.py:188} INFO - [2024-06-09T11:47:27.051-0300] {dag.py:3096} INFO - Sync 1 DAGs
[2024-06-09T11:47:27.061-0300] {logging_mixin.py:188} INFO - [2024-06-09T11:47:27.061-0300] {dag.py:3954} INFO - Setting next_dagrun for example_nested_branch_dag to 2024-06-08 00:00:00+00:00, run_after=2024-06-09 00:00:00+00:00
[2024-06-09T11:47:27.075-0300] {processor.py:183} INFO - Processing /home/pedro/.local/lib/python3.10/site-packages/airflow/example_dags/example_nested_branch_dag.py took 0.052 seconds
[2024-06-09T11:48:30.089-0300] {processor.py:161} INFO - Started process (PID=7507) to work on /home/pedro/.local/lib/python3.10/site-packages/airflow/example_dags/example_nested_branch_dag.py
[2024-06-09T11:48:30.092-0300] {processor.py:830} INFO - Processing file /home/pedro/.local/lib/python3.10/site-packages/airflow/example_dags/example_nested_branch_dag.py for tasks to queue
[2024-06-09T11:48:30.095-0300] {logging_mixin.py:188} INFO - [2024-06-09T11:48:30.094-0300] {dagbag.py:545} INFO - Filling up the DagBag from /home/pedro/.local/lib/python3.10/site-packages/airflow/example_dags/example_nested_branch_dag.py
[2024-06-09T11:48:30.105-0300] {processor.py:840} INFO - DAG(s) 'example_nested_branch_dag' retrieved from /home/pedro/.local/lib/python3.10/site-packages/airflow/example_dags/example_nested_branch_dag.py
[2024-06-09T11:48:30.114-0300] {logging_mixin.py:188} INFO - [2024-06-09T11:48:30.114-0300] {dag.py:3096} INFO - Sync 1 DAGs
[2024-06-09T11:48:30.124-0300] {logging_mixin.py:188} INFO - [2024-06-09T11:48:30.124-0300] {dag.py:3954} INFO - Setting next_dagrun for example_nested_branch_dag to 2024-06-08 00:00:00+00:00, run_after=2024-06-09 00:00:00+00:00
[2024-06-09T11:48:30.139-0300] {processor.py:183} INFO - Processing /home/pedro/.local/lib/python3.10/site-packages/airflow/example_dags/example_nested_branch_dag.py took 0.054 seconds
[2024-06-09T11:49:32.868-0300] {processor.py:161} INFO - Started process (PID=7892) to work on /home/pedro/.local/lib/python3.10/site-packages/airflow/example_dags/example_nested_branch_dag.py
[2024-06-09T11:49:32.871-0300] {processor.py:830} INFO - Processing file /home/pedro/.local/lib/python3.10/site-packages/airflow/example_dags/example_nested_branch_dag.py for tasks to queue
[2024-06-09T11:49:32.873-0300] {logging_mixin.py:188} INFO - [2024-06-09T11:49:32.872-0300] {dagbag.py:545} INFO - Filling up the DagBag from /home/pedro/.local/lib/python3.10/site-packages/airflow/example_dags/example_nested_branch_dag.py
[2024-06-09T11:49:32.882-0300] {processor.py:840} INFO - DAG(s) 'example_nested_branch_dag' retrieved from /home/pedro/.local/lib/python3.10/site-packages/airflow/example_dags/example_nested_branch_dag.py
[2024-06-09T11:49:32.891-0300] {logging_mixin.py:188} INFO - [2024-06-09T11:49:32.891-0300] {dag.py:3096} INFO - Sync 1 DAGs
[2024-06-09T11:49:32.902-0300] {logging_mixin.py:188} INFO - [2024-06-09T11:49:32.902-0300] {dag.py:3954} INFO - Setting next_dagrun for example_nested_branch_dag to 2024-06-08 00:00:00+00:00, run_after=2024-06-09 00:00:00+00:00
[2024-06-09T11:49:32.918-0300] {processor.py:183} INFO - Processing /home/pedro/.local/lib/python3.10/site-packages/airflow/example_dags/example_nested_branch_dag.py took 0.053 seconds
[2024-06-09T11:50:39.842-0300] {processor.py:161} INFO - Started process (PID=8006) to work on /home/pedro/.local/lib/python3.10/site-packages/airflow/example_dags/example_nested_branch_dag.py
[2024-06-09T11:50:39.843-0300] {processor.py:830} INFO - Processing file /home/pedro/.local/lib/python3.10/site-packages/airflow/example_dags/example_nested_branch_dag.py for tasks to queue
[2024-06-09T11:50:39.844-0300] {logging_mixin.py:188} INFO - [2024-06-09T11:50:39.844-0300] {dagbag.py:545} INFO - Filling up the DagBag from /home/pedro/.local/lib/python3.10/site-packages/airflow/example_dags/example_nested_branch_dag.py
[2024-06-09T11:50:39.851-0300] {processor.py:840} INFO - DAG(s) 'example_nested_branch_dag' retrieved from /home/pedro/.local/lib/python3.10/site-packages/airflow/example_dags/example_nested_branch_dag.py
[2024-06-09T11:50:39.873-0300] {logging_mixin.py:188} INFO - [2024-06-09T11:50:39.872-0300] {dag.py:3096} INFO - Sync 1 DAGs
[2024-06-09T11:50:39.912-0300] {logging_mixin.py:188} INFO - [2024-06-09T11:50:39.911-0300] {dag.py:3954} INFO - Setting next_dagrun for example_nested_branch_dag to 2024-06-08 00:00:00+00:00, run_after=2024-06-09 00:00:00+00:00
[2024-06-09T11:50:40.003-0300] {processor.py:183} INFO - Processing /home/pedro/.local/lib/python3.10/site-packages/airflow/example_dags/example_nested_branch_dag.py took 0.166 seconds
[2024-06-09T11:51:47.327-0300] {processor.py:161} INFO - Started process (PID=8262) to work on /home/pedro/.local/lib/python3.10/site-packages/airflow/example_dags/example_nested_branch_dag.py
[2024-06-09T11:51:47.331-0300] {processor.py:830} INFO - Processing file /home/pedro/.local/lib/python3.10/site-packages/airflow/example_dags/example_nested_branch_dag.py for tasks to queue
[2024-06-09T11:51:47.333-0300] {logging_mixin.py:188} INFO - [2024-06-09T11:51:47.332-0300] {dagbag.py:545} INFO - Filling up the DagBag from /home/pedro/.local/lib/python3.10/site-packages/airflow/example_dags/example_nested_branch_dag.py
[2024-06-09T11:51:47.343-0300] {processor.py:840} INFO - DAG(s) 'example_nested_branch_dag' retrieved from /home/pedro/.local/lib/python3.10/site-packages/airflow/example_dags/example_nested_branch_dag.py
[2024-06-09T11:51:47.351-0300] {logging_mixin.py:188} INFO - [2024-06-09T11:51:47.351-0300] {dag.py:3096} INFO - Sync 1 DAGs
[2024-06-09T11:51:47.361-0300] {logging_mixin.py:188} INFO - [2024-06-09T11:51:47.361-0300] {dag.py:3954} INFO - Setting next_dagrun for example_nested_branch_dag to 2024-06-08 00:00:00+00:00, run_after=2024-06-09 00:00:00+00:00
[2024-06-09T11:51:47.376-0300] {processor.py:183} INFO - Processing /home/pedro/.local/lib/python3.10/site-packages/airflow/example_dags/example_nested_branch_dag.py took 0.058 seconds
[2024-06-09T11:52:48.398-0300] {processor.py:161} INFO - Started process (PID=8424) to work on /home/pedro/.local/lib/python3.10/site-packages/airflow/example_dags/example_nested_branch_dag.py
[2024-06-09T11:52:48.401-0300] {processor.py:830} INFO - Processing file /home/pedro/.local/lib/python3.10/site-packages/airflow/example_dags/example_nested_branch_dag.py for tasks to queue
[2024-06-09T11:52:48.402-0300] {logging_mixin.py:188} INFO - [2024-06-09T11:52:48.402-0300] {dagbag.py:545} INFO - Filling up the DagBag from /home/pedro/.local/lib/python3.10/site-packages/airflow/example_dags/example_nested_branch_dag.py
[2024-06-09T11:52:48.413-0300] {processor.py:840} INFO - DAG(s) 'example_nested_branch_dag' retrieved from /home/pedro/.local/lib/python3.10/site-packages/airflow/example_dags/example_nested_branch_dag.py
[2024-06-09T11:52:48.422-0300] {logging_mixin.py:188} INFO - [2024-06-09T11:52:48.422-0300] {dag.py:3096} INFO - Sync 1 DAGs
[2024-06-09T11:52:48.432-0300] {logging_mixin.py:188} INFO - [2024-06-09T11:52:48.432-0300] {dag.py:3954} INFO - Setting next_dagrun for example_nested_branch_dag to 2024-06-08 00:00:00+00:00, run_after=2024-06-09 00:00:00+00:00
[2024-06-09T11:52:48.447-0300] {processor.py:183} INFO - Processing /home/pedro/.local/lib/python3.10/site-packages/airflow/example_dags/example_nested_branch_dag.py took 0.054 seconds
[2024-06-09T11:53:47.041-0300] {processor.py:161} INFO - Started process (PID=8560) to work on /home/pedro/.local/lib/python3.10/site-packages/airflow/example_dags/example_nested_branch_dag.py
[2024-06-09T11:53:47.045-0300] {processor.py:830} INFO - Processing file /home/pedro/.local/lib/python3.10/site-packages/airflow/example_dags/example_nested_branch_dag.py for tasks to queue
[2024-06-09T11:53:47.046-0300] {logging_mixin.py:188} INFO - [2024-06-09T11:53:47.046-0300] {dagbag.py:545} INFO - Filling up the DagBag from /home/pedro/.local/lib/python3.10/site-packages/airflow/example_dags/example_nested_branch_dag.py
[2024-06-09T11:53:47.052-0300] {processor.py:840} INFO - DAG(s) 'example_nested_branch_dag' retrieved from /home/pedro/.local/lib/python3.10/site-packages/airflow/example_dags/example_nested_branch_dag.py
[2024-06-09T11:53:47.061-0300] {logging_mixin.py:188} INFO - [2024-06-09T11:53:47.061-0300] {dag.py:3096} INFO - Sync 1 DAGs
[2024-06-09T11:53:47.072-0300] {logging_mixin.py:188} INFO - [2024-06-09T11:53:47.072-0300] {dag.py:3954} INFO - Setting next_dagrun for example_nested_branch_dag to 2024-06-08 00:00:00+00:00, run_after=2024-06-09 00:00:00+00:00
[2024-06-09T11:53:47.087-0300] {processor.py:183} INFO - Processing /home/pedro/.local/lib/python3.10/site-packages/airflow/example_dags/example_nested_branch_dag.py took 0.049 seconds
[2024-06-09T11:54:48.771-0300] {processor.py:161} INFO - Started process (PID=8665) to work on /home/pedro/.local/lib/python3.10/site-packages/airflow/example_dags/example_nested_branch_dag.py
[2024-06-09T11:54:48.774-0300] {processor.py:830} INFO - Processing file /home/pedro/.local/lib/python3.10/site-packages/airflow/example_dags/example_nested_branch_dag.py for tasks to queue
[2024-06-09T11:54:48.776-0300] {logging_mixin.py:188} INFO - [2024-06-09T11:54:48.776-0300] {dagbag.py:545} INFO - Filling up the DagBag from /home/pedro/.local/lib/python3.10/site-packages/airflow/example_dags/example_nested_branch_dag.py
[2024-06-09T11:54:48.785-0300] {processor.py:840} INFO - DAG(s) 'example_nested_branch_dag' retrieved from /home/pedro/.local/lib/python3.10/site-packages/airflow/example_dags/example_nested_branch_dag.py
[2024-06-09T11:54:48.794-0300] {logging_mixin.py:188} INFO - [2024-06-09T11:54:48.794-0300] {dag.py:3096} INFO - Sync 1 DAGs
[2024-06-09T11:54:48.805-0300] {logging_mixin.py:188} INFO - [2024-06-09T11:54:48.805-0300] {dag.py:3954} INFO - Setting next_dagrun for example_nested_branch_dag to 2024-06-08 00:00:00+00:00, run_after=2024-06-09 00:00:00+00:00
[2024-06-09T11:54:48.820-0300] {processor.py:183} INFO - Processing /home/pedro/.local/lib/python3.10/site-packages/airflow/example_dags/example_nested_branch_dag.py took 0.053 seconds
[2024-06-09T11:55:47.518-0300] {processor.py:161} INFO - Started process (PID=8886) to work on /home/pedro/.local/lib/python3.10/site-packages/airflow/example_dags/example_nested_branch_dag.py
[2024-06-09T11:55:47.521-0300] {processor.py:830} INFO - Processing file /home/pedro/.local/lib/python3.10/site-packages/airflow/example_dags/example_nested_branch_dag.py for tasks to queue
[2024-06-09T11:55:47.522-0300] {logging_mixin.py:188} INFO - [2024-06-09T11:55:47.522-0300] {dagbag.py:545} INFO - Filling up the DagBag from /home/pedro/.local/lib/python3.10/site-packages/airflow/example_dags/example_nested_branch_dag.py
[2024-06-09T11:55:47.529-0300] {processor.py:840} INFO - DAG(s) 'example_nested_branch_dag' retrieved from /home/pedro/.local/lib/python3.10/site-packages/airflow/example_dags/example_nested_branch_dag.py
[2024-06-09T11:55:47.537-0300] {logging_mixin.py:188} INFO - [2024-06-09T11:55:47.537-0300] {dag.py:3096} INFO - Sync 1 DAGs
[2024-06-09T11:55:47.548-0300] {logging_mixin.py:188} INFO - [2024-06-09T11:55:47.548-0300] {dag.py:3954} INFO - Setting next_dagrun for example_nested_branch_dag to 2024-06-08 00:00:00+00:00, run_after=2024-06-09 00:00:00+00:00
[2024-06-09T11:55:47.562-0300] {processor.py:183} INFO - Processing /home/pedro/.local/lib/python3.10/site-packages/airflow/example_dags/example_nested_branch_dag.py took 0.049 seconds
[2024-06-09T11:58:05.310-0300] {processor.py:161} INFO - Started process (PID=9814) to work on /home/pedro/.local/lib/python3.10/site-packages/airflow/example_dags/example_nested_branch_dag.py
[2024-06-09T11:58:05.313-0300] {processor.py:830} INFO - Processing file /home/pedro/.local/lib/python3.10/site-packages/airflow/example_dags/example_nested_branch_dag.py for tasks to queue
[2024-06-09T11:58:05.316-0300] {logging_mixin.py:188} INFO - [2024-06-09T11:58:05.315-0300] {dagbag.py:545} INFO - Filling up the DagBag from /home/pedro/.local/lib/python3.10/site-packages/airflow/example_dags/example_nested_branch_dag.py
[2024-06-09T11:58:05.325-0300] {processor.py:840} INFO - DAG(s) 'example_nested_branch_dag' retrieved from /home/pedro/.local/lib/python3.10/site-packages/airflow/example_dags/example_nested_branch_dag.py
[2024-06-09T11:58:05.336-0300] {logging_mixin.py:188} INFO - [2024-06-09T11:58:05.335-0300] {dag.py:3096} INFO - Sync 1 DAGs
[2024-06-09T11:58:05.345-0300] {logging_mixin.py:188} INFO - [2024-06-09T11:58:05.345-0300] {dag.py:3954} INFO - Setting next_dagrun for example_nested_branch_dag to 2024-06-08 00:00:00+00:00, run_after=2024-06-09 00:00:00+00:00
[2024-06-09T11:58:05.359-0300] {processor.py:183} INFO - Processing /home/pedro/.local/lib/python3.10/site-packages/airflow/example_dags/example_nested_branch_dag.py took 0.052 seconds
[2024-06-09T11:59:33.378-0300] {processor.py:161} INFO - Started process (PID=10720) to work on /home/pedro/.local/lib/python3.10/site-packages/airflow/example_dags/example_nested_branch_dag.py
[2024-06-09T11:59:33.379-0300] {processor.py:830} INFO - Processing file /home/pedro/.local/lib/python3.10/site-packages/airflow/example_dags/example_nested_branch_dag.py for tasks to queue
[2024-06-09T11:59:33.379-0300] {logging_mixin.py:188} INFO - [2024-06-09T11:59:33.379-0300] {dagbag.py:545} INFO - Filling up the DagBag from /home/pedro/.local/lib/python3.10/site-packages/airflow/example_dags/example_nested_branch_dag.py
[2024-06-09T11:59:33.387-0300] {processor.py:840} INFO - DAG(s) 'example_nested_branch_dag' retrieved from /home/pedro/.local/lib/python3.10/site-packages/airflow/example_dags/example_nested_branch_dag.py
[2024-06-09T11:59:33.397-0300] {logging_mixin.py:188} INFO - [2024-06-09T11:59:33.397-0300] {dag.py:3096} INFO - Sync 1 DAGs
[2024-06-09T11:59:33.407-0300] {logging_mixin.py:188} INFO - [2024-06-09T11:59:33.407-0300] {dag.py:3954} INFO - Setting next_dagrun for example_nested_branch_dag to 2024-06-08 00:00:00+00:00, run_after=2024-06-09 00:00:00+00:00
[2024-06-09T11:59:33.419-0300] {processor.py:183} INFO - Processing /home/pedro/.local/lib/python3.10/site-packages/airflow/example_dags/example_nested_branch_dag.py took 0.044 seconds
[2024-06-09T12:00:26.927-0300] {processor.py:161} INFO - Started process (PID=10832) to work on /home/pedro/.local/lib/python3.10/site-packages/airflow/example_dags/example_nested_branch_dag.py
[2024-06-09T12:00:26.930-0300] {processor.py:830} INFO - Processing file /home/pedro/.local/lib/python3.10/site-packages/airflow/example_dags/example_nested_branch_dag.py for tasks to queue
[2024-06-09T12:00:26.932-0300] {logging_mixin.py:188} INFO - [2024-06-09T12:00:26.931-0300] {dagbag.py:545} INFO - Filling up the DagBag from /home/pedro/.local/lib/python3.10/site-packages/airflow/example_dags/example_nested_branch_dag.py
[2024-06-09T12:00:27.003-0300] {processor.py:840} INFO - DAG(s) 'example_nested_branch_dag' retrieved from /home/pedro/.local/lib/python3.10/site-packages/airflow/example_dags/example_nested_branch_dag.py
[2024-06-09T12:00:27.012-0300] {logging_mixin.py:188} INFO - [2024-06-09T12:00:27.011-0300] {dag.py:3096} INFO - Sync 1 DAGs
[2024-06-09T12:00:27.022-0300] {logging_mixin.py:188} INFO - [2024-06-09T12:00:27.022-0300] {dag.py:3954} INFO - Setting next_dagrun for example_nested_branch_dag to 2024-06-08 00:00:00+00:00, run_after=2024-06-09 00:00:00+00:00
[2024-06-09T12:00:27.038-0300] {processor.py:183} INFO - Processing /home/pedro/.local/lib/python3.10/site-packages/airflow/example_dags/example_nested_branch_dag.py took 0.121 seconds
[2024-06-09T12:01:17.149-0300] {processor.py:161} INFO - Started process (PID=11125) to work on /home/pedro/.local/lib/python3.10/site-packages/airflow/example_dags/example_nested_branch_dag.py
[2024-06-09T12:01:17.153-0300] {processor.py:830} INFO - Processing file /home/pedro/.local/lib/python3.10/site-packages/airflow/example_dags/example_nested_branch_dag.py for tasks to queue
[2024-06-09T12:01:17.155-0300] {logging_mixin.py:188} INFO - [2024-06-09T12:01:17.154-0300] {dagbag.py:545} INFO - Filling up the DagBag from /home/pedro/.local/lib/python3.10/site-packages/airflow/example_dags/example_nested_branch_dag.py
[2024-06-09T12:01:17.163-0300] {processor.py:840} INFO - DAG(s) 'example_nested_branch_dag' retrieved from /home/pedro/.local/lib/python3.10/site-packages/airflow/example_dags/example_nested_branch_dag.py
[2024-06-09T12:01:17.172-0300] {logging_mixin.py:188} INFO - [2024-06-09T12:01:17.172-0300] {dag.py:3096} INFO - Sync 1 DAGs
[2024-06-09T12:01:17.184-0300] {logging_mixin.py:188} INFO - [2024-06-09T12:01:17.184-0300] {dag.py:3954} INFO - Setting next_dagrun for example_nested_branch_dag to 2024-06-08 00:00:00+00:00, run_after=2024-06-09 00:00:00+00:00
[2024-06-09T12:01:17.201-0300] {processor.py:183} INFO - Processing /home/pedro/.local/lib/python3.10/site-packages/airflow/example_dags/example_nested_branch_dag.py took 0.061 seconds
[2024-06-09T12:02:22.294-0300] {processor.py:161} INFO - Started process (PID=11255) to work on /home/pedro/.local/lib/python3.10/site-packages/airflow/example_dags/example_nested_branch_dag.py
[2024-06-09T12:02:22.298-0300] {processor.py:830} INFO - Processing file /home/pedro/.local/lib/python3.10/site-packages/airflow/example_dags/example_nested_branch_dag.py for tasks to queue
[2024-06-09T12:02:22.300-0300] {logging_mixin.py:188} INFO - [2024-06-09T12:02:22.300-0300] {dagbag.py:545} INFO - Filling up the DagBag from /home/pedro/.local/lib/python3.10/site-packages/airflow/example_dags/example_nested_branch_dag.py
[2024-06-09T12:02:22.309-0300] {processor.py:840} INFO - DAG(s) 'example_nested_branch_dag' retrieved from /home/pedro/.local/lib/python3.10/site-packages/airflow/example_dags/example_nested_branch_dag.py
[2024-06-09T12:02:22.319-0300] {logging_mixin.py:188} INFO - [2024-06-09T12:02:22.319-0300] {dag.py:3096} INFO - Sync 1 DAGs
[2024-06-09T12:02:22.329-0300] {logging_mixin.py:188} INFO - [2024-06-09T12:02:22.329-0300] {dag.py:3954} INFO - Setting next_dagrun for example_nested_branch_dag to 2024-06-08 00:00:00+00:00, run_after=2024-06-09 00:00:00+00:00
[2024-06-09T12:02:22.347-0300] {processor.py:183} INFO - Processing /home/pedro/.local/lib/python3.10/site-packages/airflow/example_dags/example_nested_branch_dag.py took 0.062 seconds
[2024-06-09T12:03:26.746-0300] {processor.py:161} INFO - Started process (PID=11375) to work on /home/pedro/.local/lib/python3.10/site-packages/airflow/example_dags/example_nested_branch_dag.py
[2024-06-09T12:03:26.754-0300] {processor.py:830} INFO - Processing file /home/pedro/.local/lib/python3.10/site-packages/airflow/example_dags/example_nested_branch_dag.py for tasks to queue
[2024-06-09T12:03:26.756-0300] {logging_mixin.py:188} INFO - [2024-06-09T12:03:26.755-0300] {dagbag.py:545} INFO - Filling up the DagBag from /home/pedro/.local/lib/python3.10/site-packages/airflow/example_dags/example_nested_branch_dag.py
[2024-06-09T12:03:26.766-0300] {processor.py:840} INFO - DAG(s) 'example_nested_branch_dag' retrieved from /home/pedro/.local/lib/python3.10/site-packages/airflow/example_dags/example_nested_branch_dag.py
[2024-06-09T12:03:26.779-0300] {logging_mixin.py:188} INFO - [2024-06-09T12:03:26.779-0300] {dag.py:3096} INFO - Sync 1 DAGs
[2024-06-09T12:03:26.791-0300] {logging_mixin.py:188} INFO - [2024-06-09T12:03:26.791-0300] {dag.py:3954} INFO - Setting next_dagrun for example_nested_branch_dag to 2024-06-08 00:00:00+00:00, run_after=2024-06-09 00:00:00+00:00
[2024-06-09T12:03:26.807-0300] {processor.py:183} INFO - Processing /home/pedro/.local/lib/python3.10/site-packages/airflow/example_dags/example_nested_branch_dag.py took 0.069 seconds
[2024-06-09T12:04:24.217-0300] {processor.py:161} INFO - Started process (PID=11516) to work on /home/pedro/.local/lib/python3.10/site-packages/airflow/example_dags/example_nested_branch_dag.py
[2024-06-09T12:04:24.220-0300] {processor.py:830} INFO - Processing file /home/pedro/.local/lib/python3.10/site-packages/airflow/example_dags/example_nested_branch_dag.py for tasks to queue
[2024-06-09T12:04:24.221-0300] {logging_mixin.py:188} INFO - [2024-06-09T12:04:24.221-0300] {dagbag.py:545} INFO - Filling up the DagBag from /home/pedro/.local/lib/python3.10/site-packages/airflow/example_dags/example_nested_branch_dag.py
[2024-06-09T12:04:24.227-0300] {processor.py:840} INFO - DAG(s) 'example_nested_branch_dag' retrieved from /home/pedro/.local/lib/python3.10/site-packages/airflow/example_dags/example_nested_branch_dag.py
[2024-06-09T12:04:24.239-0300] {logging_mixin.py:188} INFO - [2024-06-09T12:04:24.239-0300] {dag.py:3096} INFO - Sync 1 DAGs
[2024-06-09T12:04:24.253-0300] {logging_mixin.py:188} INFO - [2024-06-09T12:04:24.253-0300] {dag.py:3954} INFO - Setting next_dagrun for example_nested_branch_dag to 2024-06-08 00:00:00+00:00, run_after=2024-06-09 00:00:00+00:00
[2024-06-09T12:04:24.273-0300] {processor.py:183} INFO - Processing /home/pedro/.local/lib/python3.10/site-packages/airflow/example_dags/example_nested_branch_dag.py took 0.062 seconds
[2024-06-09T12:05:27.322-0300] {processor.py:161} INFO - Started process (PID=11617) to work on /home/pedro/.local/lib/python3.10/site-packages/airflow/example_dags/example_nested_branch_dag.py
[2024-06-09T12:05:27.326-0300] {processor.py:830} INFO - Processing file /home/pedro/.local/lib/python3.10/site-packages/airflow/example_dags/example_nested_branch_dag.py for tasks to queue
[2024-06-09T12:05:27.327-0300] {logging_mixin.py:188} INFO - [2024-06-09T12:05:27.327-0300] {dagbag.py:545} INFO - Filling up the DagBag from /home/pedro/.local/lib/python3.10/site-packages/airflow/example_dags/example_nested_branch_dag.py
[2024-06-09T12:05:27.337-0300] {processor.py:840} INFO - DAG(s) 'example_nested_branch_dag' retrieved from /home/pedro/.local/lib/python3.10/site-packages/airflow/example_dags/example_nested_branch_dag.py
[2024-06-09T12:05:27.346-0300] {logging_mixin.py:188} INFO - [2024-06-09T12:05:27.346-0300] {dag.py:3096} INFO - Sync 1 DAGs
[2024-06-09T12:05:27.359-0300] {logging_mixin.py:188} INFO - [2024-06-09T12:05:27.358-0300] {dag.py:3954} INFO - Setting next_dagrun for example_nested_branch_dag to 2024-06-08 00:00:00+00:00, run_after=2024-06-09 00:00:00+00:00
[2024-06-09T12:05:27.373-0300] {processor.py:183} INFO - Processing /home/pedro/.local/lib/python3.10/site-packages/airflow/example_dags/example_nested_branch_dag.py took 0.061 seconds
[2024-06-09T12:06:57.407-0300] {processor.py:161} INFO - Started process (PID=12475) to work on /home/pedro/.local/lib/python3.10/site-packages/airflow/example_dags/example_nested_branch_dag.py
[2024-06-09T12:06:57.411-0300] {processor.py:830} INFO - Processing file /home/pedro/.local/lib/python3.10/site-packages/airflow/example_dags/example_nested_branch_dag.py for tasks to queue
[2024-06-09T12:06:57.412-0300] {logging_mixin.py:188} INFO - [2024-06-09T12:06:57.412-0300] {dagbag.py:545} INFO - Filling up the DagBag from /home/pedro/.local/lib/python3.10/site-packages/airflow/example_dags/example_nested_branch_dag.py
[2024-06-09T12:06:57.420-0300] {processor.py:840} INFO - DAG(s) 'example_nested_branch_dag' retrieved from /home/pedro/.local/lib/python3.10/site-packages/airflow/example_dags/example_nested_branch_dag.py
[2024-06-09T12:06:57.430-0300] {logging_mixin.py:188} INFO - [2024-06-09T12:06:57.430-0300] {dag.py:3096} INFO - Sync 1 DAGs
[2024-06-09T12:06:57.440-0300] {logging_mixin.py:188} INFO - [2024-06-09T12:06:57.440-0300] {dag.py:3954} INFO - Setting next_dagrun for example_nested_branch_dag to 2024-06-08 00:00:00+00:00, run_after=2024-06-09 00:00:00+00:00
[2024-06-09T12:06:57.456-0300] {processor.py:183} INFO - Processing /home/pedro/.local/lib/python3.10/site-packages/airflow/example_dags/example_nested_branch_dag.py took 0.058 seconds
[2024-06-09T12:07:54.469-0300] {processor.py:161} INFO - Started process (PID=12577) to work on /home/pedro/.local/lib/python3.10/site-packages/airflow/example_dags/example_nested_branch_dag.py
[2024-06-09T12:07:54.473-0300] {processor.py:830} INFO - Processing file /home/pedro/.local/lib/python3.10/site-packages/airflow/example_dags/example_nested_branch_dag.py for tasks to queue
[2024-06-09T12:07:54.475-0300] {logging_mixin.py:188} INFO - [2024-06-09T12:07:54.474-0300] {dagbag.py:545} INFO - Filling up the DagBag from /home/pedro/.local/lib/python3.10/site-packages/airflow/example_dags/example_nested_branch_dag.py
[2024-06-09T12:07:54.545-0300] {processor.py:840} INFO - DAG(s) 'example_nested_branch_dag' retrieved from /home/pedro/.local/lib/python3.10/site-packages/airflow/example_dags/example_nested_branch_dag.py
[2024-06-09T12:07:54.552-0300] {logging_mixin.py:188} INFO - [2024-06-09T12:07:54.552-0300] {dag.py:3096} INFO - Sync 1 DAGs
[2024-06-09T12:07:54.562-0300] {logging_mixin.py:188} INFO - [2024-06-09T12:07:54.562-0300] {dag.py:3954} INFO - Setting next_dagrun for example_nested_branch_dag to 2024-06-08 00:00:00+00:00, run_after=2024-06-09 00:00:00+00:00
[2024-06-09T12:07:54.579-0300] {processor.py:183} INFO - Processing /home/pedro/.local/lib/python3.10/site-packages/airflow/example_dags/example_nested_branch_dag.py took 0.118 seconds
[2024-06-09T12:08:44.688-0300] {processor.py:161} INFO - Started process (PID=12666) to work on /home/pedro/.local/lib/python3.10/site-packages/airflow/example_dags/example_nested_branch_dag.py
[2024-06-09T12:08:44.691-0300] {processor.py:830} INFO - Processing file /home/pedro/.local/lib/python3.10/site-packages/airflow/example_dags/example_nested_branch_dag.py for tasks to queue
[2024-06-09T12:08:44.692-0300] {logging_mixin.py:188} INFO - [2024-06-09T12:08:44.692-0300] {dagbag.py:545} INFO - Filling up the DagBag from /home/pedro/.local/lib/python3.10/site-packages/airflow/example_dags/example_nested_branch_dag.py
[2024-06-09T12:08:44.701-0300] {processor.py:840} INFO - DAG(s) 'example_nested_branch_dag' retrieved from /home/pedro/.local/lib/python3.10/site-packages/airflow/example_dags/example_nested_branch_dag.py
[2024-06-09T12:08:44.710-0300] {logging_mixin.py:188} INFO - [2024-06-09T12:08:44.710-0300] {dag.py:3096} INFO - Sync 1 DAGs
[2024-06-09T12:08:44.721-0300] {logging_mixin.py:188} INFO - [2024-06-09T12:08:44.721-0300] {dag.py:3954} INFO - Setting next_dagrun for example_nested_branch_dag to 2024-06-08 00:00:00+00:00, run_after=2024-06-09 00:00:00+00:00
[2024-06-09T12:08:44.739-0300] {processor.py:183} INFO - Processing /home/pedro/.local/lib/python3.10/site-packages/airflow/example_dags/example_nested_branch_dag.py took 0.058 seconds
[2024-06-09T12:09:33.406-0300] {processor.py:161} INFO - Started process (PID=12761) to work on /home/pedro/.local/lib/python3.10/site-packages/airflow/example_dags/example_nested_branch_dag.py
[2024-06-09T12:09:33.409-0300] {processor.py:830} INFO - Processing file /home/pedro/.local/lib/python3.10/site-packages/airflow/example_dags/example_nested_branch_dag.py for tasks to queue
[2024-06-09T12:09:33.411-0300] {logging_mixin.py:188} INFO - [2024-06-09T12:09:33.411-0300] {dagbag.py:545} INFO - Filling up the DagBag from /home/pedro/.local/lib/python3.10/site-packages/airflow/example_dags/example_nested_branch_dag.py
[2024-06-09T12:09:33.421-0300] {processor.py:840} INFO - DAG(s) 'example_nested_branch_dag' retrieved from /home/pedro/.local/lib/python3.10/site-packages/airflow/example_dags/example_nested_branch_dag.py
[2024-06-09T12:09:33.431-0300] {logging_mixin.py:188} INFO - [2024-06-09T12:09:33.430-0300] {dag.py:3096} INFO - Sync 1 DAGs
[2024-06-09T12:09:33.441-0300] {logging_mixin.py:188} INFO - [2024-06-09T12:09:33.441-0300] {dag.py:3954} INFO - Setting next_dagrun for example_nested_branch_dag to 2024-06-08 00:00:00+00:00, run_after=2024-06-09 00:00:00+00:00
[2024-06-09T12:09:33.457-0300] {processor.py:183} INFO - Processing /home/pedro/.local/lib/python3.10/site-packages/airflow/example_dags/example_nested_branch_dag.py took 0.056 seconds
[2024-06-09T12:10:36.434-0300] {processor.py:161} INFO - Started process (PID=12882) to work on /home/pedro/.local/lib/python3.10/site-packages/airflow/example_dags/example_nested_branch_dag.py
[2024-06-09T12:10:36.437-0300] {processor.py:830} INFO - Processing file /home/pedro/.local/lib/python3.10/site-packages/airflow/example_dags/example_nested_branch_dag.py for tasks to queue
[2024-06-09T12:10:36.439-0300] {logging_mixin.py:188} INFO - [2024-06-09T12:10:36.439-0300] {dagbag.py:545} INFO - Filling up the DagBag from /home/pedro/.local/lib/python3.10/site-packages/airflow/example_dags/example_nested_branch_dag.py
[2024-06-09T12:10:36.449-0300] {processor.py:840} INFO - DAG(s) 'example_nested_branch_dag' retrieved from /home/pedro/.local/lib/python3.10/site-packages/airflow/example_dags/example_nested_branch_dag.py
[2024-06-09T12:10:36.462-0300] {logging_mixin.py:188} INFO - [2024-06-09T12:10:36.462-0300] {dag.py:3096} INFO - Sync 1 DAGs
[2024-06-09T12:10:36.476-0300] {logging_mixin.py:188} INFO - [2024-06-09T12:10:36.475-0300] {dag.py:3954} INFO - Setting next_dagrun for example_nested_branch_dag to 2024-06-08 00:00:00+00:00, run_after=2024-06-09 00:00:00+00:00
[2024-06-09T12:10:36.492-0300] {processor.py:183} INFO - Processing /home/pedro/.local/lib/python3.10/site-packages/airflow/example_dags/example_nested_branch_dag.py took 0.063 seconds
[2024-06-09T12:12:12.241-0300] {processor.py:161} INFO - Started process (PID=13038) to work on /home/pedro/.local/lib/python3.10/site-packages/airflow/example_dags/example_nested_branch_dag.py
[2024-06-09T12:12:12.245-0300] {processor.py:830} INFO - Processing file /home/pedro/.local/lib/python3.10/site-packages/airflow/example_dags/example_nested_branch_dag.py for tasks to queue
[2024-06-09T12:12:12.247-0300] {logging_mixin.py:188} INFO - [2024-06-09T12:12:12.246-0300] {dagbag.py:545} INFO - Filling up the DagBag from /home/pedro/.local/lib/python3.10/site-packages/airflow/example_dags/example_nested_branch_dag.py
[2024-06-09T12:12:12.255-0300] {processor.py:840} INFO - DAG(s) 'example_nested_branch_dag' retrieved from /home/pedro/.local/lib/python3.10/site-packages/airflow/example_dags/example_nested_branch_dag.py
[2024-06-09T12:12:12.265-0300] {logging_mixin.py:188} INFO - [2024-06-09T12:12:12.265-0300] {dag.py:3096} INFO - Sync 1 DAGs
[2024-06-09T12:12:12.275-0300] {logging_mixin.py:188} INFO - [2024-06-09T12:12:12.275-0300] {dag.py:3954} INFO - Setting next_dagrun for example_nested_branch_dag to 2024-06-08 00:00:00+00:00, run_after=2024-06-09 00:00:00+00:00
[2024-06-09T12:12:12.292-0300] {processor.py:183} INFO - Processing /home/pedro/.local/lib/python3.10/site-packages/airflow/example_dags/example_nested_branch_dag.py took 0.059 seconds
[2024-06-09T12:13:07.373-0300] {processor.py:161} INFO - Started process (PID=13123) to work on /home/pedro/.local/lib/python3.10/site-packages/airflow/example_dags/example_nested_branch_dag.py
[2024-06-09T12:13:07.377-0300] {processor.py:830} INFO - Processing file /home/pedro/.local/lib/python3.10/site-packages/airflow/example_dags/example_nested_branch_dag.py for tasks to queue
[2024-06-09T12:13:07.379-0300] {logging_mixin.py:188} INFO - [2024-06-09T12:13:07.378-0300] {dagbag.py:545} INFO - Filling up the DagBag from /home/pedro/.local/lib/python3.10/site-packages/airflow/example_dags/example_nested_branch_dag.py
[2024-06-09T12:13:07.450-0300] {processor.py:840} INFO - DAG(s) 'example_nested_branch_dag' retrieved from /home/pedro/.local/lib/python3.10/site-packages/airflow/example_dags/example_nested_branch_dag.py
[2024-06-09T12:13:07.459-0300] {logging_mixin.py:188} INFO - [2024-06-09T12:13:07.458-0300] {dag.py:3096} INFO - Sync 1 DAGs
[2024-06-09T12:13:07.469-0300] {logging_mixin.py:188} INFO - [2024-06-09T12:13:07.469-0300] {dag.py:3954} INFO - Setting next_dagrun for example_nested_branch_dag to 2024-06-08 00:00:00+00:00, run_after=2024-06-09 00:00:00+00:00
[2024-06-09T12:13:07.484-0300] {processor.py:183} INFO - Processing /home/pedro/.local/lib/python3.10/site-packages/airflow/example_dags/example_nested_branch_dag.py took 0.121 seconds
[2024-06-09T12:13:58.209-0300] {processor.py:161} INFO - Started process (PID=13194) to work on /home/pedro/.local/lib/python3.10/site-packages/airflow/example_dags/example_nested_branch_dag.py
[2024-06-09T12:13:58.213-0300] {processor.py:830} INFO - Processing file /home/pedro/.local/lib/python3.10/site-packages/airflow/example_dags/example_nested_branch_dag.py for tasks to queue
[2024-06-09T12:13:58.214-0300] {logging_mixin.py:188} INFO - [2024-06-09T12:13:58.214-0300] {dagbag.py:545} INFO - Filling up the DagBag from /home/pedro/.local/lib/python3.10/site-packages/airflow/example_dags/example_nested_branch_dag.py
[2024-06-09T12:13:58.222-0300] {processor.py:840} INFO - DAG(s) 'example_nested_branch_dag' retrieved from /home/pedro/.local/lib/python3.10/site-packages/airflow/example_dags/example_nested_branch_dag.py
[2024-06-09T12:13:58.232-0300] {logging_mixin.py:188} INFO - [2024-06-09T12:13:58.232-0300] {dag.py:3096} INFO - Sync 1 DAGs
[2024-06-09T12:13:58.244-0300] {logging_mixin.py:188} INFO - [2024-06-09T12:13:58.243-0300] {dag.py:3954} INFO - Setting next_dagrun for example_nested_branch_dag to 2024-06-08 00:00:00+00:00, run_after=2024-06-09 00:00:00+00:00
[2024-06-09T12:13:58.261-0300] {processor.py:183} INFO - Processing /home/pedro/.local/lib/python3.10/site-packages/airflow/example_dags/example_nested_branch_dag.py took 0.060 seconds
[2024-06-09T12:15:25.387-0300] {processor.py:161} INFO - Started process (PID=13359) to work on /home/pedro/.local/lib/python3.10/site-packages/airflow/example_dags/example_nested_branch_dag.py
[2024-06-09T12:15:25.390-0300] {processor.py:830} INFO - Processing file /home/pedro/.local/lib/python3.10/site-packages/airflow/example_dags/example_nested_branch_dag.py for tasks to queue
[2024-06-09T12:15:25.392-0300] {logging_mixin.py:188} INFO - [2024-06-09T12:15:25.392-0300] {dagbag.py:545} INFO - Filling up the DagBag from /home/pedro/.local/lib/python3.10/site-packages/airflow/example_dags/example_nested_branch_dag.py
[2024-06-09T12:15:25.401-0300] {processor.py:840} INFO - DAG(s) 'example_nested_branch_dag' retrieved from /home/pedro/.local/lib/python3.10/site-packages/airflow/example_dags/example_nested_branch_dag.py
[2024-06-09T12:15:25.413-0300] {logging_mixin.py:188} INFO - [2024-06-09T12:15:25.412-0300] {dag.py:3096} INFO - Sync 1 DAGs
[2024-06-09T12:15:25.426-0300] {logging_mixin.py:188} INFO - [2024-06-09T12:15:25.425-0300] {dag.py:3954} INFO - Setting next_dagrun for example_nested_branch_dag to 2024-06-08 00:00:00+00:00, run_after=2024-06-09 00:00:00+00:00
[2024-06-09T12:15:25.442-0300] {processor.py:183} INFO - Processing /home/pedro/.local/lib/python3.10/site-packages/airflow/example_dags/example_nested_branch_dag.py took 0.063 seconds
[2024-06-09T12:20:13.833-0300] {processor.py:161} INFO - Started process (PID=13622) to work on /home/pedro/.local/lib/python3.10/site-packages/airflow/example_dags/example_nested_branch_dag.py
[2024-06-09T12:20:13.833-0300] {processor.py:830} INFO - Processing file /home/pedro/.local/lib/python3.10/site-packages/airflow/example_dags/example_nested_branch_dag.py for tasks to queue
[2024-06-09T12:20:13.834-0300] {logging_mixin.py:188} INFO - [2024-06-09T12:20:13.834-0300] {dagbag.py:545} INFO - Filling up the DagBag from /home/pedro/.local/lib/python3.10/site-packages/airflow/example_dags/example_nested_branch_dag.py
[2024-06-09T12:20:13.842-0300] {processor.py:840} INFO - DAG(s) 'example_nested_branch_dag' retrieved from /home/pedro/.local/lib/python3.10/site-packages/airflow/example_dags/example_nested_branch_dag.py
[2024-06-09T12:20:13.852-0300] {logging_mixin.py:188} INFO - [2024-06-09T12:20:13.852-0300] {dag.py:3096} INFO - Sync 1 DAGs
[2024-06-09T12:20:13.863-0300] {logging_mixin.py:188} INFO - [2024-06-09T12:20:13.863-0300] {dag.py:3954} INFO - Setting next_dagrun for example_nested_branch_dag to 2024-06-08 00:00:00+00:00, run_after=2024-06-09 00:00:00+00:00
[2024-06-09T12:20:13.877-0300] {processor.py:183} INFO - Processing /home/pedro/.local/lib/python3.10/site-packages/airflow/example_dags/example_nested_branch_dag.py took 0.047 seconds
[2024-06-09T12:21:06.253-0300] {processor.py:161} INFO - Started process (PID=13752) to work on /home/pedro/.local/lib/python3.10/site-packages/airflow/example_dags/example_nested_branch_dag.py
[2024-06-09T12:21:06.256-0300] {processor.py:830} INFO - Processing file /home/pedro/.local/lib/python3.10/site-packages/airflow/example_dags/example_nested_branch_dag.py for tasks to queue
[2024-06-09T12:21:06.258-0300] {logging_mixin.py:188} INFO - [2024-06-09T12:21:06.258-0300] {dagbag.py:545} INFO - Filling up the DagBag from /home/pedro/.local/lib/python3.10/site-packages/airflow/example_dags/example_nested_branch_dag.py
[2024-06-09T12:21:06.332-0300] {processor.py:840} INFO - DAG(s) 'example_nested_branch_dag' retrieved from /home/pedro/.local/lib/python3.10/site-packages/airflow/example_dags/example_nested_branch_dag.py
[2024-06-09T12:21:06.339-0300] {logging_mixin.py:188} INFO - [2024-06-09T12:21:06.339-0300] {dag.py:3096} INFO - Sync 1 DAGs
[2024-06-09T12:21:06.350-0300] {logging_mixin.py:188} INFO - [2024-06-09T12:21:06.350-0300] {dag.py:3954} INFO - Setting next_dagrun for example_nested_branch_dag to 2024-06-08 00:00:00+00:00, run_after=2024-06-09 00:00:00+00:00
[2024-06-09T12:21:06.367-0300] {processor.py:183} INFO - Processing /home/pedro/.local/lib/python3.10/site-packages/airflow/example_dags/example_nested_branch_dag.py took 0.120 seconds
[2024-06-09T12:21:54.807-0300] {processor.py:161} INFO - Started process (PID=13840) to work on /home/pedro/.local/lib/python3.10/site-packages/airflow/example_dags/example_nested_branch_dag.py
[2024-06-09T12:21:54.811-0300] {processor.py:830} INFO - Processing file /home/pedro/.local/lib/python3.10/site-packages/airflow/example_dags/example_nested_branch_dag.py for tasks to queue
[2024-06-09T12:21:54.813-0300] {logging_mixin.py:188} INFO - [2024-06-09T12:21:54.812-0300] {dagbag.py:545} INFO - Filling up the DagBag from /home/pedro/.local/lib/python3.10/site-packages/airflow/example_dags/example_nested_branch_dag.py
[2024-06-09T12:21:54.823-0300] {processor.py:840} INFO - DAG(s) 'example_nested_branch_dag' retrieved from /home/pedro/.local/lib/python3.10/site-packages/airflow/example_dags/example_nested_branch_dag.py
[2024-06-09T12:21:54.832-0300] {logging_mixin.py:188} INFO - [2024-06-09T12:21:54.831-0300] {dag.py:3096} INFO - Sync 1 DAGs
[2024-06-09T12:21:54.841-0300] {logging_mixin.py:188} INFO - [2024-06-09T12:21:54.841-0300] {dag.py:3954} INFO - Setting next_dagrun for example_nested_branch_dag to 2024-06-08 00:00:00+00:00, run_after=2024-06-09 00:00:00+00:00
[2024-06-09T12:21:54.857-0300] {processor.py:183} INFO - Processing /home/pedro/.local/lib/python3.10/site-packages/airflow/example_dags/example_nested_branch_dag.py took 0.055 seconds
[2024-06-09T12:22:55.607-0300] {processor.py:161} INFO - Started process (PID=13971) to work on /home/pedro/.local/lib/python3.10/site-packages/airflow/example_dags/example_nested_branch_dag.py
[2024-06-09T12:22:55.610-0300] {processor.py:830} INFO - Processing file /home/pedro/.local/lib/python3.10/site-packages/airflow/example_dags/example_nested_branch_dag.py for tasks to queue
[2024-06-09T12:22:55.612-0300] {logging_mixin.py:188} INFO - [2024-06-09T12:22:55.611-0300] {dagbag.py:545} INFO - Filling up the DagBag from /home/pedro/.local/lib/python3.10/site-packages/airflow/example_dags/example_nested_branch_dag.py
[2024-06-09T12:22:55.622-0300] {processor.py:840} INFO - DAG(s) 'example_nested_branch_dag' retrieved from /home/pedro/.local/lib/python3.10/site-packages/airflow/example_dags/example_nested_branch_dag.py
[2024-06-09T12:22:55.631-0300] {logging_mixin.py:188} INFO - [2024-06-09T12:22:55.631-0300] {dag.py:3096} INFO - Sync 1 DAGs
[2024-06-09T12:22:55.641-0300] {logging_mixin.py:188} INFO - [2024-06-09T12:22:55.641-0300] {dag.py:3954} INFO - Setting next_dagrun for example_nested_branch_dag to 2024-06-08 00:00:00+00:00, run_after=2024-06-09 00:00:00+00:00
[2024-06-09T12:22:55.656-0300] {processor.py:183} INFO - Processing /home/pedro/.local/lib/python3.10/site-packages/airflow/example_dags/example_nested_branch_dag.py took 0.054 seconds
[2024-06-09T16:26:31.155-0300] {processor.py:161} INFO - Started process (PID=4848) to work on /home/pedro/.local/lib/python3.10/site-packages/airflow/example_dags/example_nested_branch_dag.py
[2024-06-09T16:26:31.161-0300] {processor.py:830} INFO - Processing file /home/pedro/.local/lib/python3.10/site-packages/airflow/example_dags/example_nested_branch_dag.py for tasks to queue
[2024-06-09T16:26:31.163-0300] {logging_mixin.py:188} INFO - [2024-06-09T16:26:31.162-0300] {dagbag.py:545} INFO - Filling up the DagBag from /home/pedro/.local/lib/python3.10/site-packages/airflow/example_dags/example_nested_branch_dag.py
[2024-06-09T16:26:31.172-0300] {processor.py:840} INFO - DAG(s) 'example_nested_branch_dag' retrieved from /home/pedro/.local/lib/python3.10/site-packages/airflow/example_dags/example_nested_branch_dag.py
[2024-06-09T16:26:31.182-0300] {logging_mixin.py:188} INFO - [2024-06-09T16:26:31.182-0300] {dag.py:3096} INFO - Sync 1 DAGs
[2024-06-09T16:26:31.194-0300] {logging_mixin.py:188} INFO - [2024-06-09T16:26:31.194-0300] {dag.py:3954} INFO - Setting next_dagrun for example_nested_branch_dag to 2024-06-08 00:00:00+00:00, run_after=2024-06-09 00:00:00+00:00
[2024-06-09T16:26:31.211-0300] {processor.py:183} INFO - Processing /home/pedro/.local/lib/python3.10/site-packages/airflow/example_dags/example_nested_branch_dag.py took 0.062 seconds
[2024-06-09T16:29:15.925-0300] {processor.py:161} INFO - Started process (PID=5826) to work on /home/pedro/.local/lib/python3.10/site-packages/airflow/example_dags/example_nested_branch_dag.py
[2024-06-09T16:29:15.925-0300] {processor.py:830} INFO - Processing file /home/pedro/.local/lib/python3.10/site-packages/airflow/example_dags/example_nested_branch_dag.py for tasks to queue
[2024-06-09T16:29:15.926-0300] {logging_mixin.py:188} INFO - [2024-06-09T16:29:15.926-0300] {dagbag.py:545} INFO - Filling up the DagBag from /home/pedro/.local/lib/python3.10/site-packages/airflow/example_dags/example_nested_branch_dag.py
[2024-06-09T16:29:15.932-0300] {processor.py:840} INFO - DAG(s) 'example_nested_branch_dag' retrieved from /home/pedro/.local/lib/python3.10/site-packages/airflow/example_dags/example_nested_branch_dag.py
[2024-06-09T16:29:15.997-0300] {logging_mixin.py:188} INFO - [2024-06-09T16:29:15.996-0300] {dag.py:3096} INFO - Sync 1 DAGs
[2024-06-09T16:29:16.007-0300] {logging_mixin.py:188} INFO - [2024-06-09T16:29:16.006-0300] {dag.py:3954} INFO - Setting next_dagrun for example_nested_branch_dag to 2024-06-08 00:00:00+00:00, run_after=2024-06-09 00:00:00+00:00
[2024-06-09T16:29:16.023-0300] {processor.py:183} INFO - Processing /home/pedro/.local/lib/python3.10/site-packages/airflow/example_dags/example_nested_branch_dag.py took 0.102 seconds
[2024-06-09T16:31:32.115-0300] {processor.py:161} INFO - Started process (PID=7735) to work on /home/pedro/.local/lib/python3.10/site-packages/airflow/example_dags/example_nested_branch_dag.py
[2024-06-09T16:31:32.116-0300] {processor.py:830} INFO - Processing file /home/pedro/.local/lib/python3.10/site-packages/airflow/example_dags/example_nested_branch_dag.py for tasks to queue
[2024-06-09T16:31:32.118-0300] {logging_mixin.py:188} INFO - [2024-06-09T16:31:32.117-0300] {dagbag.py:545} INFO - Filling up the DagBag from /home/pedro/.local/lib/python3.10/site-packages/airflow/example_dags/example_nested_branch_dag.py
[2024-06-09T16:31:32.125-0300] {processor.py:840} INFO - DAG(s) 'example_nested_branch_dag' retrieved from /home/pedro/.local/lib/python3.10/site-packages/airflow/example_dags/example_nested_branch_dag.py
[2024-06-09T16:31:32.135-0300] {logging_mixin.py:188} INFO - [2024-06-09T16:31:32.135-0300] {dag.py:3096} INFO - Sync 1 DAGs
[2024-06-09T16:31:32.148-0300] {logging_mixin.py:188} INFO - [2024-06-09T16:31:32.148-0300] {dag.py:3954} INFO - Setting next_dagrun for example_nested_branch_dag to 2024-06-08 00:00:00+00:00, run_after=2024-06-09 00:00:00+00:00
[2024-06-09T16:31:32.164-0300] {processor.py:183} INFO - Processing /home/pedro/.local/lib/python3.10/site-packages/airflow/example_dags/example_nested_branch_dag.py took 0.056 seconds
[2024-06-09T16:35:38.620-0300] {processor.py:161} INFO - Started process (PID=9117) to work on /home/pedro/.local/lib/python3.10/site-packages/airflow/example_dags/example_nested_branch_dag.py
[2024-06-09T16:35:38.621-0300] {processor.py:830} INFO - Processing file /home/pedro/.local/lib/python3.10/site-packages/airflow/example_dags/example_nested_branch_dag.py for tasks to queue
[2024-06-09T16:35:38.622-0300] {logging_mixin.py:188} INFO - [2024-06-09T16:35:38.621-0300] {dagbag.py:545} INFO - Filling up the DagBag from /home/pedro/.local/lib/python3.10/site-packages/airflow/example_dags/example_nested_branch_dag.py
[2024-06-09T16:35:38.628-0300] {processor.py:840} INFO - DAG(s) 'example_nested_branch_dag' retrieved from /home/pedro/.local/lib/python3.10/site-packages/airflow/example_dags/example_nested_branch_dag.py
[2024-06-09T16:35:38.638-0300] {logging_mixin.py:188} INFO - [2024-06-09T16:35:38.638-0300] {dag.py:3096} INFO - Sync 1 DAGs
[2024-06-09T16:35:38.650-0300] {logging_mixin.py:188} INFO - [2024-06-09T16:35:38.650-0300] {dag.py:3954} INFO - Setting next_dagrun for example_nested_branch_dag to 2024-06-08 00:00:00+00:00, run_after=2024-06-09 00:00:00+00:00
[2024-06-09T16:35:38.666-0300] {processor.py:183} INFO - Processing /home/pedro/.local/lib/python3.10/site-packages/airflow/example_dags/example_nested_branch_dag.py took 0.050 seconds
[2024-06-09T16:39:31.078-0300] {processor.py:161} INFO - Started process (PID=10524) to work on /home/pedro/.local/lib/python3.10/site-packages/airflow/example_dags/example_nested_branch_dag.py
[2024-06-09T16:39:31.081-0300] {processor.py:830} INFO - Processing file /home/pedro/.local/lib/python3.10/site-packages/airflow/example_dags/example_nested_branch_dag.py for tasks to queue
[2024-06-09T16:39:31.082-0300] {logging_mixin.py:188} INFO - [2024-06-09T16:39:31.082-0300] {dagbag.py:545} INFO - Filling up the DagBag from /home/pedro/.local/lib/python3.10/site-packages/airflow/example_dags/example_nested_branch_dag.py
[2024-06-09T16:39:31.090-0300] {processor.py:840} INFO - DAG(s) 'example_nested_branch_dag' retrieved from /home/pedro/.local/lib/python3.10/site-packages/airflow/example_dags/example_nested_branch_dag.py
[2024-06-09T16:39:31.099-0300] {logging_mixin.py:188} INFO - [2024-06-09T16:39:31.099-0300] {dag.py:3096} INFO - Sync 1 DAGs
[2024-06-09T16:39:31.110-0300] {logging_mixin.py:188} INFO - [2024-06-09T16:39:31.110-0300] {dag.py:3954} INFO - Setting next_dagrun for example_nested_branch_dag to 2024-06-08 00:00:00+00:00, run_after=2024-06-09 00:00:00+00:00
[2024-06-09T16:39:31.125-0300] {processor.py:183} INFO - Processing /home/pedro/.local/lib/python3.10/site-packages/airflow/example_dags/example_nested_branch_dag.py took 0.050 seconds
[2024-06-09T16:43:24.113-0300] {processor.py:161} INFO - Started process (PID=11908) to work on /home/pedro/.local/lib/python3.10/site-packages/airflow/example_dags/example_nested_branch_dag.py
[2024-06-09T16:43:24.116-0300] {processor.py:830} INFO - Processing file /home/pedro/.local/lib/python3.10/site-packages/airflow/example_dags/example_nested_branch_dag.py for tasks to queue
[2024-06-09T16:43:24.118-0300] {logging_mixin.py:188} INFO - [2024-06-09T16:43:24.118-0300] {dagbag.py:545} INFO - Filling up the DagBag from /home/pedro/.local/lib/python3.10/site-packages/airflow/example_dags/example_nested_branch_dag.py
[2024-06-09T16:43:24.126-0300] {processor.py:840} INFO - DAG(s) 'example_nested_branch_dag' retrieved from /home/pedro/.local/lib/python3.10/site-packages/airflow/example_dags/example_nested_branch_dag.py
[2024-06-09T16:43:24.135-0300] {logging_mixin.py:188} INFO - [2024-06-09T16:43:24.134-0300] {dag.py:3096} INFO - Sync 1 DAGs
[2024-06-09T16:43:24.145-0300] {logging_mixin.py:188} INFO - [2024-06-09T16:43:24.145-0300] {dag.py:3954} INFO - Setting next_dagrun for example_nested_branch_dag to 2024-06-08 00:00:00+00:00, run_after=2024-06-09 00:00:00+00:00
[2024-06-09T16:43:24.160-0300] {processor.py:183} INFO - Processing /home/pedro/.local/lib/python3.10/site-packages/airflow/example_dags/example_nested_branch_dag.py took 0.051 seconds
[2024-06-09T16:45:33.872-0300] {processor.py:161} INFO - Started process (PID=12631) to work on /home/pedro/.local/lib/python3.10/site-packages/airflow/example_dags/example_nested_branch_dag.py
[2024-06-09T16:45:33.875-0300] {processor.py:830} INFO - Processing file /home/pedro/.local/lib/python3.10/site-packages/airflow/example_dags/example_nested_branch_dag.py for tasks to queue
[2024-06-09T16:45:33.877-0300] {logging_mixin.py:188} INFO - [2024-06-09T16:45:33.876-0300] {dagbag.py:545} INFO - Filling up the DagBag from /home/pedro/.local/lib/python3.10/site-packages/airflow/example_dags/example_nested_branch_dag.py
[2024-06-09T16:45:33.885-0300] {processor.py:840} INFO - DAG(s) 'example_nested_branch_dag' retrieved from /home/pedro/.local/lib/python3.10/site-packages/airflow/example_dags/example_nested_branch_dag.py
[2024-06-09T16:45:33.895-0300] {logging_mixin.py:188} INFO - [2024-06-09T16:45:33.894-0300] {dag.py:3096} INFO - Sync 1 DAGs
[2024-06-09T16:45:33.908-0300] {logging_mixin.py:188} INFO - [2024-06-09T16:45:33.908-0300] {dag.py:3954} INFO - Setting next_dagrun for example_nested_branch_dag to 2024-06-08 00:00:00+00:00, run_after=2024-06-09 00:00:00+00:00
[2024-06-09T16:45:33.925-0300] {processor.py:183} INFO - Processing /home/pedro/.local/lib/python3.10/site-packages/airflow/example_dags/example_nested_branch_dag.py took 0.059 seconds
[2024-06-09T16:47:41.616-0300] {processor.py:161} INFO - Started process (PID=13366) to work on /home/pedro/.local/lib/python3.10/site-packages/airflow/example_dags/example_nested_branch_dag.py
[2024-06-09T16:47:41.617-0300] {processor.py:830} INFO - Processing file /home/pedro/.local/lib/python3.10/site-packages/airflow/example_dags/example_nested_branch_dag.py for tasks to queue
[2024-06-09T16:47:41.618-0300] {logging_mixin.py:188} INFO - [2024-06-09T16:47:41.618-0300] {dagbag.py:545} INFO - Filling up the DagBag from /home/pedro/.local/lib/python3.10/site-packages/airflow/example_dags/example_nested_branch_dag.py
[2024-06-09T16:47:41.626-0300] {processor.py:840} INFO - DAG(s) 'example_nested_branch_dag' retrieved from /home/pedro/.local/lib/python3.10/site-packages/airflow/example_dags/example_nested_branch_dag.py
[2024-06-09T16:47:41.638-0300] {logging_mixin.py:188} INFO - [2024-06-09T16:47:41.638-0300] {dag.py:3096} INFO - Sync 1 DAGs
[2024-06-09T16:47:41.650-0300] {logging_mixin.py:188} INFO - [2024-06-09T16:47:41.650-0300] {dag.py:3954} INFO - Setting next_dagrun for example_nested_branch_dag to 2024-06-08 00:00:00+00:00, run_after=2024-06-09 00:00:00+00:00
[2024-06-09T16:47:41.666-0300] {processor.py:183} INFO - Processing /home/pedro/.local/lib/python3.10/site-packages/airflow/example_dags/example_nested_branch_dag.py took 0.055 seconds
[2024-06-09T16:51:41.932-0300] {processor.py:161} INFO - Started process (PID=14832) to work on /home/pedro/.local/lib/python3.10/site-packages/airflow/example_dags/example_nested_branch_dag.py
[2024-06-09T16:51:41.936-0300] {processor.py:830} INFO - Processing file /home/pedro/.local/lib/python3.10/site-packages/airflow/example_dags/example_nested_branch_dag.py for tasks to queue
[2024-06-09T16:51:41.938-0300] {logging_mixin.py:188} INFO - [2024-06-09T16:51:41.937-0300] {dagbag.py:545} INFO - Filling up the DagBag from /home/pedro/.local/lib/python3.10/site-packages/airflow/example_dags/example_nested_branch_dag.py
[2024-06-09T16:51:41.946-0300] {processor.py:840} INFO - DAG(s) 'example_nested_branch_dag' retrieved from /home/pedro/.local/lib/python3.10/site-packages/airflow/example_dags/example_nested_branch_dag.py
[2024-06-09T16:51:41.956-0300] {logging_mixin.py:188} INFO - [2024-06-09T16:51:41.956-0300] {dag.py:3096} INFO - Sync 1 DAGs
[2024-06-09T16:51:41.967-0300] {logging_mixin.py:188} INFO - [2024-06-09T16:51:41.967-0300] {dag.py:3954} INFO - Setting next_dagrun for example_nested_branch_dag to 2024-06-08 00:00:00+00:00, run_after=2024-06-09 00:00:00+00:00
[2024-06-09T16:51:41.985-0300] {processor.py:183} INFO - Processing /home/pedro/.local/lib/python3.10/site-packages/airflow/example_dags/example_nested_branch_dag.py took 0.060 seconds
[2024-06-09T16:55:56.615-0300] {processor.py:161} INFO - Started process (PID=16279) to work on /home/pedro/.local/lib/python3.10/site-packages/airflow/example_dags/example_nested_branch_dag.py
[2024-06-09T16:55:56.616-0300] {processor.py:830} INFO - Processing file /home/pedro/.local/lib/python3.10/site-packages/airflow/example_dags/example_nested_branch_dag.py for tasks to queue
[2024-06-09T16:55:56.619-0300] {logging_mixin.py:188} INFO - [2024-06-09T16:55:56.618-0300] {dagbag.py:545} INFO - Filling up the DagBag from /home/pedro/.local/lib/python3.10/site-packages/airflow/example_dags/example_nested_branch_dag.py
[2024-06-09T16:55:56.628-0300] {processor.py:840} INFO - DAG(s) 'example_nested_branch_dag' retrieved from /home/pedro/.local/lib/python3.10/site-packages/airflow/example_dags/example_nested_branch_dag.py
[2024-06-09T16:55:56.636-0300] {logging_mixin.py:188} INFO - [2024-06-09T16:55:56.636-0300] {dag.py:3096} INFO - Sync 1 DAGs
[2024-06-09T16:55:56.647-0300] {logging_mixin.py:188} INFO - [2024-06-09T16:55:56.646-0300] {dag.py:3954} INFO - Setting next_dagrun for example_nested_branch_dag to 2024-06-08 00:00:00+00:00, run_after=2024-06-09 00:00:00+00:00
[2024-06-09T16:55:56.661-0300] {processor.py:183} INFO - Processing /home/pedro/.local/lib/python3.10/site-packages/airflow/example_dags/example_nested_branch_dag.py took 0.052 seconds
