[2024-06-09T11:45:35.935-0300] {processor.py:161} INFO - Started process (PID=5976) to work on /home/pedro/.local/lib/python3.10/site-packages/airflow/example_dags/example_trigger_controller_dag.py
[2024-06-09T11:45:35.936-0300] {processor.py:830} INFO - Processing file /home/pedro/.local/lib/python3.10/site-packages/airflow/example_dags/example_trigger_controller_dag.py for tasks to queue
[2024-06-09T11:45:35.938-0300] {logging_mixin.py:188} INFO - [2024-06-09T11:45:35.937-0300] {dagbag.py:545} INFO - Filling up the DagBag from /home/pedro/.local/lib/python3.10/site-packages/airflow/example_dags/example_trigger_controller_dag.py
[2024-06-09T11:45:35.942-0300] {processor.py:840} INFO - DAG(s) 'example_trigger_controller_dag' retrieved from /home/pedro/.local/lib/python3.10/site-packages/airflow/example_dags/example_trigger_controller_dag.py
[2024-06-09T11:45:35.953-0300] {logging_mixin.py:188} INFO - [2024-06-09T11:45:35.953-0300] {dag.py:3096} INFO - Sync 1 DAGs
[2024-06-09T11:45:35.963-0300] {logging_mixin.py:188} INFO - [2024-06-09T11:45:35.963-0300] {dag.py:3954} INFO - Setting next_dagrun for example_trigger_controller_dag to 2021-01-01 00:00:00+00:00, run_after=2021-01-01 00:00:00+00:00
[2024-06-09T11:45:35.980-0300] {processor.py:183} INFO - Processing /home/pedro/.local/lib/python3.10/site-packages/airflow/example_dags/example_trigger_controller_dag.py took 0.054 seconds
[2024-06-09T11:46:28.781-0300] {processor.py:161} INFO - Started process (PID=7263) to work on /home/pedro/.local/lib/python3.10/site-packages/airflow/example_dags/example_trigger_controller_dag.py
[2024-06-09T11:46:28.783-0300] {processor.py:830} INFO - Processing file /home/pedro/.local/lib/python3.10/site-packages/airflow/example_dags/example_trigger_controller_dag.py for tasks to queue
[2024-06-09T11:46:28.783-0300] {logging_mixin.py:188} INFO - [2024-06-09T11:46:28.783-0300] {dagbag.py:545} INFO - Filling up the DagBag from /home/pedro/.local/lib/python3.10/site-packages/airflow/example_dags/example_trigger_controller_dag.py
[2024-06-09T11:46:28.787-0300] {processor.py:840} INFO - DAG(s) 'example_trigger_controller_dag' retrieved from /home/pedro/.local/lib/python3.10/site-packages/airflow/example_dags/example_trigger_controller_dag.py
[2024-06-09T11:46:28.856-0300] {logging_mixin.py:188} INFO - [2024-06-09T11:46:28.856-0300] {dag.py:3096} INFO - Sync 1 DAGs
[2024-06-09T11:46:28.864-0300] {logging_mixin.py:188} INFO - [2024-06-09T11:46:28.864-0300] {dag.py:3954} INFO - Setting next_dagrun for example_trigger_controller_dag to 2021-01-01 00:00:00+00:00, run_after=2021-01-01 00:00:00+00:00
[2024-06-09T11:46:28.877-0300] {processor.py:183} INFO - Processing /home/pedro/.local/lib/python3.10/site-packages/airflow/example_dags/example_trigger_controller_dag.py took 0.099 seconds
[2024-06-09T11:47:18.993-0300] {processor.py:161} INFO - Started process (PID=7362) to work on /home/pedro/.local/lib/python3.10/site-packages/airflow/example_dags/example_trigger_controller_dag.py
[2024-06-09T11:47:18.997-0300] {processor.py:830} INFO - Processing file /home/pedro/.local/lib/python3.10/site-packages/airflow/example_dags/example_trigger_controller_dag.py for tasks to queue
[2024-06-09T11:47:18.999-0300] {logging_mixin.py:188} INFO - [2024-06-09T11:47:18.998-0300] {dagbag.py:545} INFO - Filling up the DagBag from /home/pedro/.local/lib/python3.10/site-packages/airflow/example_dags/example_trigger_controller_dag.py
[2024-06-09T11:47:19.005-0300] {processor.py:840} INFO - DAG(s) 'example_trigger_controller_dag' retrieved from /home/pedro/.local/lib/python3.10/site-packages/airflow/example_dags/example_trigger_controller_dag.py
[2024-06-09T11:47:19.014-0300] {logging_mixin.py:188} INFO - [2024-06-09T11:47:19.014-0300] {dag.py:3096} INFO - Sync 1 DAGs
[2024-06-09T11:47:19.023-0300] {logging_mixin.py:188} INFO - [2024-06-09T11:47:19.023-0300] {dag.py:3954} INFO - Setting next_dagrun for example_trigger_controller_dag to 2021-01-01 00:00:00+00:00, run_after=2021-01-01 00:00:00+00:00
[2024-06-09T11:47:19.037-0300] {processor.py:183} INFO - Processing /home/pedro/.local/lib/python3.10/site-packages/airflow/example_dags/example_trigger_controller_dag.py took 0.049 seconds
[2024-06-09T11:48:04.429-0300] {processor.py:161} INFO - Started process (PID=7451) to work on /home/pedro/.local/lib/python3.10/site-packages/airflow/example_dags/example_trigger_controller_dag.py
[2024-06-09T11:48:04.432-0300] {processor.py:830} INFO - Processing file /home/pedro/.local/lib/python3.10/site-packages/airflow/example_dags/example_trigger_controller_dag.py for tasks to queue
[2024-06-09T11:48:04.434-0300] {logging_mixin.py:188} INFO - [2024-06-09T11:48:04.433-0300] {dagbag.py:545} INFO - Filling up the DagBag from /home/pedro/.local/lib/python3.10/site-packages/airflow/example_dags/example_trigger_controller_dag.py
[2024-06-09T11:48:04.439-0300] {processor.py:840} INFO - DAG(s) 'example_trigger_controller_dag' retrieved from /home/pedro/.local/lib/python3.10/site-packages/airflow/example_dags/example_trigger_controller_dag.py
[2024-06-09T11:48:04.449-0300] {logging_mixin.py:188} INFO - [2024-06-09T11:48:04.449-0300] {dag.py:3096} INFO - Sync 1 DAGs
[2024-06-09T11:48:04.458-0300] {logging_mixin.py:188} INFO - [2024-06-09T11:48:04.458-0300] {dag.py:3954} INFO - Setting next_dagrun for example_trigger_controller_dag to 2021-01-01 00:00:00+00:00, run_after=2021-01-01 00:00:00+00:00
[2024-06-09T11:48:04.473-0300] {processor.py:183} INFO - Processing /home/pedro/.local/lib/python3.10/site-packages/airflow/example_dags/example_trigger_controller_dag.py took 0.049 seconds
[2024-06-09T11:48:47.517-0300] {processor.py:161} INFO - Started process (PID=7582) to work on /home/pedro/.local/lib/python3.10/site-packages/airflow/example_dags/example_trigger_controller_dag.py
[2024-06-09T11:48:47.520-0300] {processor.py:830} INFO - Processing file /home/pedro/.local/lib/python3.10/site-packages/airflow/example_dags/example_trigger_controller_dag.py for tasks to queue
[2024-06-09T11:48:47.523-0300] {logging_mixin.py:188} INFO - [2024-06-09T11:48:47.522-0300] {dagbag.py:545} INFO - Filling up the DagBag from /home/pedro/.local/lib/python3.10/site-packages/airflow/example_dags/example_trigger_controller_dag.py
[2024-06-09T11:48:47.529-0300] {processor.py:840} INFO - DAG(s) 'example_trigger_controller_dag' retrieved from /home/pedro/.local/lib/python3.10/site-packages/airflow/example_dags/example_trigger_controller_dag.py
[2024-06-09T11:48:47.538-0300] {logging_mixin.py:188} INFO - [2024-06-09T11:48:47.538-0300] {dag.py:3096} INFO - Sync 1 DAGs
[2024-06-09T11:48:47.547-0300] {logging_mixin.py:188} INFO - [2024-06-09T11:48:47.547-0300] {dag.py:3954} INFO - Setting next_dagrun for example_trigger_controller_dag to 2021-01-01 00:00:00+00:00, run_after=2021-01-01 00:00:00+00:00
[2024-06-09T11:48:47.562-0300] {processor.py:183} INFO - Processing /home/pedro/.local/lib/python3.10/site-packages/airflow/example_dags/example_trigger_controller_dag.py took 0.049 seconds
[2024-06-09T11:49:49.573-0300] {processor.py:161} INFO - Started process (PID=7936) to work on /home/pedro/.local/lib/python3.10/site-packages/airflow/example_dags/example_trigger_controller_dag.py
[2024-06-09T11:49:49.576-0300] {processor.py:830} INFO - Processing file /home/pedro/.local/lib/python3.10/site-packages/airflow/example_dags/example_trigger_controller_dag.py for tasks to queue
[2024-06-09T11:49:49.578-0300] {logging_mixin.py:188} INFO - [2024-06-09T11:49:49.578-0300] {dagbag.py:545} INFO - Filling up the DagBag from /home/pedro/.local/lib/python3.10/site-packages/airflow/example_dags/example_trigger_controller_dag.py
[2024-06-09T11:49:49.582-0300] {processor.py:840} INFO - DAG(s) 'example_trigger_controller_dag' retrieved from /home/pedro/.local/lib/python3.10/site-packages/airflow/example_dags/example_trigger_controller_dag.py
[2024-06-09T11:49:49.590-0300] {logging_mixin.py:188} INFO - [2024-06-09T11:49:49.590-0300] {dag.py:3096} INFO - Sync 1 DAGs
[2024-06-09T11:49:49.599-0300] {logging_mixin.py:188} INFO - [2024-06-09T11:49:49.599-0300] {dag.py:3954} INFO - Setting next_dagrun for example_trigger_controller_dag to 2021-01-01 00:00:00+00:00, run_after=2021-01-01 00:00:00+00:00
[2024-06-09T11:49:49.613-0300] {processor.py:183} INFO - Processing /home/pedro/.local/lib/python3.10/site-packages/airflow/example_dags/example_trigger_controller_dag.py took 0.049 seconds
[2024-06-09T11:50:35.295-0300] {processor.py:161} INFO - Started process (PID=7998) to work on /home/pedro/.local/lib/python3.10/site-packages/airflow/example_dags/example_trigger_controller_dag.py
[2024-06-09T11:50:35.298-0300] {processor.py:830} INFO - Processing file /home/pedro/.local/lib/python3.10/site-packages/airflow/example_dags/example_trigger_controller_dag.py for tasks to queue
[2024-06-09T11:50:35.301-0300] {logging_mixin.py:188} INFO - [2024-06-09T11:50:35.300-0300] {dagbag.py:545} INFO - Filling up the DagBag from /home/pedro/.local/lib/python3.10/site-packages/airflow/example_dags/example_trigger_controller_dag.py
[2024-06-09T11:50:35.307-0300] {processor.py:840} INFO - DAG(s) 'example_trigger_controller_dag' retrieved from /home/pedro/.local/lib/python3.10/site-packages/airflow/example_dags/example_trigger_controller_dag.py
[2024-06-09T11:50:35.316-0300] {logging_mixin.py:188} INFO - [2024-06-09T11:50:35.316-0300] {dag.py:3096} INFO - Sync 1 DAGs
[2024-06-09T11:50:35.325-0300] {logging_mixin.py:188} INFO - [2024-06-09T11:50:35.325-0300] {dag.py:3954} INFO - Setting next_dagrun for example_trigger_controller_dag to 2021-01-01 00:00:00+00:00, run_after=2021-01-01 00:00:00+00:00
[2024-06-09T11:50:35.340-0300] {processor.py:183} INFO - Processing /home/pedro/.local/lib/python3.10/site-packages/airflow/example_dags/example_trigger_controller_dag.py took 0.050 seconds
[2024-06-09T11:51:22.320-0300] {processor.py:161} INFO - Started process (PID=8206) to work on /home/pedro/.local/lib/python3.10/site-packages/airflow/example_dags/example_trigger_controller_dag.py
[2024-06-09T11:51:22.323-0300] {processor.py:830} INFO - Processing file /home/pedro/.local/lib/python3.10/site-packages/airflow/example_dags/example_trigger_controller_dag.py for tasks to queue
[2024-06-09T11:51:22.325-0300] {logging_mixin.py:188} INFO - [2024-06-09T11:51:22.325-0300] {dagbag.py:545} INFO - Filling up the DagBag from /home/pedro/.local/lib/python3.10/site-packages/airflow/example_dags/example_trigger_controller_dag.py
[2024-06-09T11:51:22.331-0300] {processor.py:840} INFO - DAG(s) 'example_trigger_controller_dag' retrieved from /home/pedro/.local/lib/python3.10/site-packages/airflow/example_dags/example_trigger_controller_dag.py
[2024-06-09T11:51:22.340-0300] {logging_mixin.py:188} INFO - [2024-06-09T11:51:22.340-0300] {dag.py:3096} INFO - Sync 1 DAGs
[2024-06-09T11:51:22.350-0300] {logging_mixin.py:188} INFO - [2024-06-09T11:51:22.350-0300] {dag.py:3954} INFO - Setting next_dagrun for example_trigger_controller_dag to 2021-01-01 00:00:00+00:00, run_after=2021-01-01 00:00:00+00:00
[2024-06-09T11:51:22.363-0300] {processor.py:183} INFO - Processing /home/pedro/.local/lib/python3.10/site-packages/airflow/example_dags/example_trigger_controller_dag.py took 0.048 seconds
[2024-06-09T11:52:06.223-0300] {processor.py:161} INFO - Started process (PID=8317) to work on /home/pedro/.local/lib/python3.10/site-packages/airflow/example_dags/example_trigger_controller_dag.py
[2024-06-09T11:52:06.227-0300] {processor.py:830} INFO - Processing file /home/pedro/.local/lib/python3.10/site-packages/airflow/example_dags/example_trigger_controller_dag.py for tasks to queue
[2024-06-09T11:52:06.229-0300] {logging_mixin.py:188} INFO - [2024-06-09T11:52:06.228-0300] {dagbag.py:545} INFO - Filling up the DagBag from /home/pedro/.local/lib/python3.10/site-packages/airflow/example_dags/example_trigger_controller_dag.py
[2024-06-09T11:52:06.232-0300] {processor.py:840} INFO - DAG(s) 'example_trigger_controller_dag' retrieved from /home/pedro/.local/lib/python3.10/site-packages/airflow/example_dags/example_trigger_controller_dag.py
[2024-06-09T11:52:06.243-0300] {logging_mixin.py:188} INFO - [2024-06-09T11:52:06.243-0300] {dag.py:3096} INFO - Sync 1 DAGs
[2024-06-09T11:52:06.254-0300] {logging_mixin.py:188} INFO - [2024-06-09T11:52:06.254-0300] {dag.py:3954} INFO - Setting next_dagrun for example_trigger_controller_dag to 2021-01-01 00:00:00+00:00, run_after=2021-01-01 00:00:00+00:00
[2024-06-09T11:52:06.269-0300] {processor.py:183} INFO - Processing /home/pedro/.local/lib/python3.10/site-packages/airflow/example_dags/example_trigger_controller_dag.py took 0.052 seconds
[2024-06-09T11:53:05.846-0300] {processor.py:161} INFO - Started process (PID=8454) to work on /home/pedro/.local/lib/python3.10/site-packages/airflow/example_dags/example_trigger_controller_dag.py
[2024-06-09T11:53:05.850-0300] {processor.py:830} INFO - Processing file /home/pedro/.local/lib/python3.10/site-packages/airflow/example_dags/example_trigger_controller_dag.py for tasks to queue
[2024-06-09T11:53:05.852-0300] {logging_mixin.py:188} INFO - [2024-06-09T11:53:05.851-0300] {dagbag.py:545} INFO - Filling up the DagBag from /home/pedro/.local/lib/python3.10/site-packages/airflow/example_dags/example_trigger_controller_dag.py
[2024-06-09T11:53:05.857-0300] {processor.py:840} INFO - DAG(s) 'example_trigger_controller_dag' retrieved from /home/pedro/.local/lib/python3.10/site-packages/airflow/example_dags/example_trigger_controller_dag.py
[2024-06-09T11:53:05.865-0300] {logging_mixin.py:188} INFO - [2024-06-09T11:53:05.865-0300] {dag.py:3096} INFO - Sync 1 DAGs
[2024-06-09T11:53:05.875-0300] {logging_mixin.py:188} INFO - [2024-06-09T11:53:05.874-0300] {dag.py:3954} INFO - Setting next_dagrun for example_trigger_controller_dag to 2021-01-01 00:00:00+00:00, run_after=2021-01-01 00:00:00+00:00
[2024-06-09T11:53:05.892-0300] {processor.py:183} INFO - Processing /home/pedro/.local/lib/python3.10/site-packages/airflow/example_dags/example_trigger_controller_dag.py took 0.055 seconds
[2024-06-09T11:54:05.936-0300] {processor.py:161} INFO - Started process (PID=8586) to work on /home/pedro/.local/lib/python3.10/site-packages/airflow/example_dags/example_trigger_controller_dag.py
[2024-06-09T11:54:05.939-0300] {processor.py:830} INFO - Processing file /home/pedro/.local/lib/python3.10/site-packages/airflow/example_dags/example_trigger_controller_dag.py for tasks to queue
[2024-06-09T11:54:05.941-0300] {logging_mixin.py:188} INFO - [2024-06-09T11:54:05.941-0300] {dagbag.py:545} INFO - Filling up the DagBag from /home/pedro/.local/lib/python3.10/site-packages/airflow/example_dags/example_trigger_controller_dag.py
[2024-06-09T11:54:05.947-0300] {processor.py:840} INFO - DAG(s) 'example_trigger_controller_dag' retrieved from /home/pedro/.local/lib/python3.10/site-packages/airflow/example_dags/example_trigger_controller_dag.py
[2024-06-09T11:54:05.956-0300] {logging_mixin.py:188} INFO - [2024-06-09T11:54:05.956-0300] {dag.py:3096} INFO - Sync 1 DAGs
[2024-06-09T11:54:05.966-0300] {logging_mixin.py:188} INFO - [2024-06-09T11:54:05.966-0300] {dag.py:3954} INFO - Setting next_dagrun for example_trigger_controller_dag to 2021-01-01 00:00:00+00:00, run_after=2021-01-01 00:00:00+00:00
[2024-06-09T11:54:05.980-0300] {processor.py:183} INFO - Processing /home/pedro/.local/lib/python3.10/site-packages/airflow/example_dags/example_trigger_controller_dag.py took 0.049 seconds
[2024-06-09T11:54:46.924-0300] {processor.py:161} INFO - Started process (PID=8656) to work on /home/pedro/.local/lib/python3.10/site-packages/airflow/example_dags/example_trigger_controller_dag.py
[2024-06-09T11:54:46.927-0300] {processor.py:830} INFO - Processing file /home/pedro/.local/lib/python3.10/site-packages/airflow/example_dags/example_trigger_controller_dag.py for tasks to queue
[2024-06-09T11:54:46.930-0300] {logging_mixin.py:188} INFO - [2024-06-09T11:54:46.929-0300] {dagbag.py:545} INFO - Filling up the DagBag from /home/pedro/.local/lib/python3.10/site-packages/airflow/example_dags/example_trigger_controller_dag.py
[2024-06-09T11:54:46.936-0300] {processor.py:840} INFO - DAG(s) 'example_trigger_controller_dag' retrieved from /home/pedro/.local/lib/python3.10/site-packages/airflow/example_dags/example_trigger_controller_dag.py
[2024-06-09T11:54:46.945-0300] {logging_mixin.py:188} INFO - [2024-06-09T11:54:46.945-0300] {dag.py:3096} INFO - Sync 1 DAGs
[2024-06-09T11:54:46.955-0300] {logging_mixin.py:188} INFO - [2024-06-09T11:54:46.955-0300] {dag.py:3954} INFO - Setting next_dagrun for example_trigger_controller_dag to 2021-01-01 00:00:00+00:00, run_after=2021-01-01 00:00:00+00:00
[2024-06-09T11:54:46.971-0300] {processor.py:183} INFO - Processing /home/pedro/.local/lib/python3.10/site-packages/airflow/example_dags/example_trigger_controller_dag.py took 0.051 seconds
[2024-06-09T11:55:45.301-0300] {processor.py:161} INFO - Started process (PID=8874) to work on /home/pedro/.local/lib/python3.10/site-packages/airflow/example_dags/example_trigger_controller_dag.py
[2024-06-09T11:55:45.304-0300] {processor.py:830} INFO - Processing file /home/pedro/.local/lib/python3.10/site-packages/airflow/example_dags/example_trigger_controller_dag.py for tasks to queue
[2024-06-09T11:55:45.306-0300] {logging_mixin.py:188} INFO - [2024-06-09T11:55:45.306-0300] {dagbag.py:545} INFO - Filling up the DagBag from /home/pedro/.local/lib/python3.10/site-packages/airflow/example_dags/example_trigger_controller_dag.py
[2024-06-09T11:55:45.310-0300] {processor.py:840} INFO - DAG(s) 'example_trigger_controller_dag' retrieved from /home/pedro/.local/lib/python3.10/site-packages/airflow/example_dags/example_trigger_controller_dag.py
[2024-06-09T11:55:45.319-0300] {logging_mixin.py:188} INFO - [2024-06-09T11:55:45.318-0300] {dag.py:3096} INFO - Sync 1 DAGs
[2024-06-09T11:55:45.330-0300] {logging_mixin.py:188} INFO - [2024-06-09T11:55:45.330-0300] {dag.py:3954} INFO - Setting next_dagrun for example_trigger_controller_dag to 2021-01-01 00:00:00+00:00, run_after=2021-01-01 00:00:00+00:00
[2024-06-09T11:55:45.346-0300] {processor.py:183} INFO - Processing /home/pedro/.local/lib/python3.10/site-packages/airflow/example_dags/example_trigger_controller_dag.py took 0.050 seconds
[2024-06-09T11:57:58.475-0300] {processor.py:161} INFO - Started process (PID=9769) to work on /home/pedro/.local/lib/python3.10/site-packages/airflow/example_dags/example_trigger_controller_dag.py
[2024-06-09T11:57:58.478-0300] {processor.py:830} INFO - Processing file /home/pedro/.local/lib/python3.10/site-packages/airflow/example_dags/example_trigger_controller_dag.py for tasks to queue
[2024-06-09T11:57:58.479-0300] {logging_mixin.py:188} INFO - [2024-06-09T11:57:58.479-0300] {dagbag.py:545} INFO - Filling up the DagBag from /home/pedro/.local/lib/python3.10/site-packages/airflow/example_dags/example_trigger_controller_dag.py
[2024-06-09T11:57:58.484-0300] {processor.py:840} INFO - DAG(s) 'example_trigger_controller_dag' retrieved from /home/pedro/.local/lib/python3.10/site-packages/airflow/example_dags/example_trigger_controller_dag.py
[2024-06-09T11:57:58.494-0300] {logging_mixin.py:188} INFO - [2024-06-09T11:57:58.493-0300] {dag.py:3096} INFO - Sync 1 DAGs
[2024-06-09T11:57:58.505-0300] {logging_mixin.py:188} INFO - [2024-06-09T11:57:58.505-0300] {dag.py:3954} INFO - Setting next_dagrun for example_trigger_controller_dag to 2021-01-01 00:00:00+00:00, run_after=2021-01-01 00:00:00+00:00
[2024-06-09T11:57:58.522-0300] {processor.py:183} INFO - Processing /home/pedro/.local/lib/python3.10/site-packages/airflow/example_dags/example_trigger_controller_dag.py took 0.052 seconds
[2024-06-09T11:59:26.516-0300] {processor.py:161} INFO - Started process (PID=10699) to work on /home/pedro/.local/lib/python3.10/site-packages/airflow/example_dags/example_trigger_controller_dag.py
[2024-06-09T11:59:26.520-0300] {processor.py:830} INFO - Processing file /home/pedro/.local/lib/python3.10/site-packages/airflow/example_dags/example_trigger_controller_dag.py for tasks to queue
[2024-06-09T11:59:26.522-0300] {logging_mixin.py:188} INFO - [2024-06-09T11:59:26.521-0300] {dagbag.py:545} INFO - Filling up the DagBag from /home/pedro/.local/lib/python3.10/site-packages/airflow/example_dags/example_trigger_controller_dag.py
[2024-06-09T11:59:26.527-0300] {processor.py:840} INFO - DAG(s) 'example_trigger_controller_dag' retrieved from /home/pedro/.local/lib/python3.10/site-packages/airflow/example_dags/example_trigger_controller_dag.py
[2024-06-09T11:59:26.537-0300] {logging_mixin.py:188} INFO - [2024-06-09T11:59:26.537-0300] {dag.py:3096} INFO - Sync 1 DAGs
[2024-06-09T11:59:26.547-0300] {logging_mixin.py:188} INFO - [2024-06-09T11:59:26.547-0300] {dag.py:3954} INFO - Setting next_dagrun for example_trigger_controller_dag to 2021-01-01 00:00:00+00:00, run_after=2021-01-01 00:00:00+00:00
[2024-06-09T11:59:26.563-0300] {processor.py:183} INFO - Processing /home/pedro/.local/lib/python3.10/site-packages/airflow/example_dags/example_trigger_controller_dag.py took 0.053 seconds
[2024-06-09T12:00:18.471-0300] {processor.py:161} INFO - Started process (PID=10817) to work on /home/pedro/.local/lib/python3.10/site-packages/airflow/example_dags/example_trigger_controller_dag.py
[2024-06-09T12:00:18.475-0300] {processor.py:830} INFO - Processing file /home/pedro/.local/lib/python3.10/site-packages/airflow/example_dags/example_trigger_controller_dag.py for tasks to queue
[2024-06-09T12:00:18.476-0300] {logging_mixin.py:188} INFO - [2024-06-09T12:00:18.476-0300] {dagbag.py:545} INFO - Filling up the DagBag from /home/pedro/.local/lib/python3.10/site-packages/airflow/example_dags/example_trigger_controller_dag.py
[2024-06-09T12:00:18.481-0300] {processor.py:840} INFO - DAG(s) 'example_trigger_controller_dag' retrieved from /home/pedro/.local/lib/python3.10/site-packages/airflow/example_dags/example_trigger_controller_dag.py
[2024-06-09T12:00:18.550-0300] {logging_mixin.py:188} INFO - [2024-06-09T12:00:18.550-0300] {dag.py:3096} INFO - Sync 1 DAGs
[2024-06-09T12:00:18.559-0300] {logging_mixin.py:188} INFO - [2024-06-09T12:00:18.559-0300] {dag.py:3954} INFO - Setting next_dagrun for example_trigger_controller_dag to 2021-01-01 00:00:00+00:00, run_after=2021-01-01 00:00:00+00:00
[2024-06-09T12:00:18.575-0300] {processor.py:183} INFO - Processing /home/pedro/.local/lib/python3.10/site-packages/airflow/example_dags/example_trigger_controller_dag.py took 0.113 seconds
[2024-06-09T12:01:09.300-0300] {processor.py:161} INFO - Started process (PID=11109) to work on /home/pedro/.local/lib/python3.10/site-packages/airflow/example_dags/example_trigger_controller_dag.py
[2024-06-09T12:01:09.303-0300] {processor.py:830} INFO - Processing file /home/pedro/.local/lib/python3.10/site-packages/airflow/example_dags/example_trigger_controller_dag.py for tasks to queue
[2024-06-09T12:01:09.304-0300] {logging_mixin.py:188} INFO - [2024-06-09T12:01:09.304-0300] {dagbag.py:545} INFO - Filling up the DagBag from /home/pedro/.local/lib/python3.10/site-packages/airflow/example_dags/example_trigger_controller_dag.py
[2024-06-09T12:01:09.307-0300] {processor.py:840} INFO - DAG(s) 'example_trigger_controller_dag' retrieved from /home/pedro/.local/lib/python3.10/site-packages/airflow/example_dags/example_trigger_controller_dag.py
[2024-06-09T12:01:09.317-0300] {logging_mixin.py:188} INFO - [2024-06-09T12:01:09.317-0300] {dag.py:3096} INFO - Sync 1 DAGs
[2024-06-09T12:01:09.329-0300] {logging_mixin.py:188} INFO - [2024-06-09T12:01:09.329-0300] {dag.py:3954} INFO - Setting next_dagrun for example_trigger_controller_dag to 2021-01-01 00:00:00+00:00, run_after=2021-01-01 00:00:00+00:00
[2024-06-09T12:01:09.348-0300] {processor.py:183} INFO - Processing /home/pedro/.local/lib/python3.10/site-packages/airflow/example_dags/example_trigger_controller_dag.py took 0.054 seconds
[2024-06-09T12:01:54.763-0300] {processor.py:161} INFO - Started process (PID=11197) to work on /home/pedro/.local/lib/python3.10/site-packages/airflow/example_dags/example_trigger_controller_dag.py
[2024-06-09T12:01:54.766-0300] {processor.py:830} INFO - Processing file /home/pedro/.local/lib/python3.10/site-packages/airflow/example_dags/example_trigger_controller_dag.py for tasks to queue
[2024-06-09T12:01:54.768-0300] {logging_mixin.py:188} INFO - [2024-06-09T12:01:54.767-0300] {dagbag.py:545} INFO - Filling up the DagBag from /home/pedro/.local/lib/python3.10/site-packages/airflow/example_dags/example_trigger_controller_dag.py
[2024-06-09T12:01:54.773-0300] {processor.py:840} INFO - DAG(s) 'example_trigger_controller_dag' retrieved from /home/pedro/.local/lib/python3.10/site-packages/airflow/example_dags/example_trigger_controller_dag.py
[2024-06-09T12:01:54.781-0300] {logging_mixin.py:188} INFO - [2024-06-09T12:01:54.781-0300] {dag.py:3096} INFO - Sync 1 DAGs
[2024-06-09T12:01:54.792-0300] {logging_mixin.py:188} INFO - [2024-06-09T12:01:54.792-0300] {dag.py:3954} INFO - Setting next_dagrun for example_trigger_controller_dag to 2021-01-01 00:00:00+00:00, run_after=2021-01-01 00:00:00+00:00
[2024-06-09T12:01:54.808-0300] {processor.py:183} INFO - Processing /home/pedro/.local/lib/python3.10/site-packages/airflow/example_dags/example_trigger_controller_dag.py took 0.049 seconds
[2024-06-09T12:02:39.440-0300] {processor.py:161} INFO - Started process (PID=11274) to work on /home/pedro/.local/lib/python3.10/site-packages/airflow/example_dags/example_trigger_controller_dag.py
[2024-06-09T12:02:39.444-0300] {processor.py:830} INFO - Processing file /home/pedro/.local/lib/python3.10/site-packages/airflow/example_dags/example_trigger_controller_dag.py for tasks to queue
[2024-06-09T12:02:39.446-0300] {logging_mixin.py:188} INFO - [2024-06-09T12:02:39.445-0300] {dagbag.py:545} INFO - Filling up the DagBag from /home/pedro/.local/lib/python3.10/site-packages/airflow/example_dags/example_trigger_controller_dag.py
[2024-06-09T12:02:39.450-0300] {processor.py:840} INFO - DAG(s) 'example_trigger_controller_dag' retrieved from /home/pedro/.local/lib/python3.10/site-packages/airflow/example_dags/example_trigger_controller_dag.py
[2024-06-09T12:02:39.459-0300] {logging_mixin.py:188} INFO - [2024-06-09T12:02:39.459-0300] {dag.py:3096} INFO - Sync 1 DAGs
[2024-06-09T12:02:39.470-0300] {logging_mixin.py:188} INFO - [2024-06-09T12:02:39.470-0300] {dag.py:3954} INFO - Setting next_dagrun for example_trigger_controller_dag to 2021-01-01 00:00:00+00:00, run_after=2021-01-01 00:00:00+00:00
[2024-06-09T12:02:39.487-0300] {processor.py:183} INFO - Processing /home/pedro/.local/lib/python3.10/site-packages/airflow/example_dags/example_trigger_controller_dag.py took 0.050 seconds
[2024-06-09T12:03:23.623-0300] {processor.py:161} INFO - Started process (PID=11371) to work on /home/pedro/.local/lib/python3.10/site-packages/airflow/example_dags/example_trigger_controller_dag.py
[2024-06-09T12:03:23.626-0300] {processor.py:830} INFO - Processing file /home/pedro/.local/lib/python3.10/site-packages/airflow/example_dags/example_trigger_controller_dag.py for tasks to queue
[2024-06-09T12:03:23.628-0300] {logging_mixin.py:188} INFO - [2024-06-09T12:03:23.628-0300] {dagbag.py:545} INFO - Filling up the DagBag from /home/pedro/.local/lib/python3.10/site-packages/airflow/example_dags/example_trigger_controller_dag.py
[2024-06-09T12:03:23.633-0300] {processor.py:840} INFO - DAG(s) 'example_trigger_controller_dag' retrieved from /home/pedro/.local/lib/python3.10/site-packages/airflow/example_dags/example_trigger_controller_dag.py
[2024-06-09T12:03:23.642-0300] {logging_mixin.py:188} INFO - [2024-06-09T12:03:23.642-0300] {dag.py:3096} INFO - Sync 1 DAGs
[2024-06-09T12:03:23.653-0300] {logging_mixin.py:188} INFO - [2024-06-09T12:03:23.653-0300] {dag.py:3954} INFO - Setting next_dagrun for example_trigger_controller_dag to 2021-01-01 00:00:00+00:00, run_after=2021-01-01 00:00:00+00:00
[2024-06-09T12:03:23.670-0300] {processor.py:183} INFO - Processing /home/pedro/.local/lib/python3.10/site-packages/airflow/example_dags/example_trigger_controller_dag.py took 0.049 seconds
[2024-06-09T12:04:20.205-0300] {processor.py:161} INFO - Started process (PID=11496) to work on /home/pedro/.local/lib/python3.10/site-packages/airflow/example_dags/example_trigger_controller_dag.py
[2024-06-09T12:04:20.208-0300] {processor.py:830} INFO - Processing file /home/pedro/.local/lib/python3.10/site-packages/airflow/example_dags/example_trigger_controller_dag.py for tasks to queue
[2024-06-09T12:04:20.210-0300] {logging_mixin.py:188} INFO - [2024-06-09T12:04:20.209-0300] {dagbag.py:545} INFO - Filling up the DagBag from /home/pedro/.local/lib/python3.10/site-packages/airflow/example_dags/example_trigger_controller_dag.py
[2024-06-09T12:04:20.215-0300] {processor.py:840} INFO - DAG(s) 'example_trigger_controller_dag' retrieved from /home/pedro/.local/lib/python3.10/site-packages/airflow/example_dags/example_trigger_controller_dag.py
[2024-06-09T12:04:20.224-0300] {logging_mixin.py:188} INFO - [2024-06-09T12:04:20.223-0300] {dag.py:3096} INFO - Sync 1 DAGs
[2024-06-09T12:04:20.236-0300] {logging_mixin.py:188} INFO - [2024-06-09T12:04:20.235-0300] {dag.py:3954} INFO - Setting next_dagrun for example_trigger_controller_dag to 2021-01-01 00:00:00+00:00, run_after=2021-01-01 00:00:00+00:00
[2024-06-09T12:04:20.251-0300] {processor.py:183} INFO - Processing /home/pedro/.local/lib/python3.10/site-packages/airflow/example_dags/example_trigger_controller_dag.py took 0.050 seconds
[2024-06-09T12:05:02.961-0300] {processor.py:161} INFO - Started process (PID=11590) to work on /home/pedro/.local/lib/python3.10/site-packages/airflow/example_dags/example_trigger_controller_dag.py
[2024-06-09T12:05:02.964-0300] {processor.py:830} INFO - Processing file /home/pedro/.local/lib/python3.10/site-packages/airflow/example_dags/example_trigger_controller_dag.py for tasks to queue
[2024-06-09T12:05:02.966-0300] {logging_mixin.py:188} INFO - [2024-06-09T12:05:02.966-0300] {dagbag.py:545} INFO - Filling up the DagBag from /home/pedro/.local/lib/python3.10/site-packages/airflow/example_dags/example_trigger_controller_dag.py
[2024-06-09T12:05:02.971-0300] {processor.py:840} INFO - DAG(s) 'example_trigger_controller_dag' retrieved from /home/pedro/.local/lib/python3.10/site-packages/airflow/example_dags/example_trigger_controller_dag.py
[2024-06-09T12:05:02.981-0300] {logging_mixin.py:188} INFO - [2024-06-09T12:05:02.981-0300] {dag.py:3096} INFO - Sync 1 DAGs
[2024-06-09T12:05:02.992-0300] {logging_mixin.py:188} INFO - [2024-06-09T12:05:02.992-0300] {dag.py:3954} INFO - Setting next_dagrun for example_trigger_controller_dag to 2021-01-01 00:00:00+00:00, run_after=2021-01-01 00:00:00+00:00
[2024-06-09T12:05:03.009-0300] {processor.py:183} INFO - Processing /home/pedro/.local/lib/python3.10/site-packages/airflow/example_dags/example_trigger_controller_dag.py took 0.057 seconds
[2024-06-09T12:05:46.792-0300] {processor.py:161} INFO - Started process (PID=11661) to work on /home/pedro/.local/lib/python3.10/site-packages/airflow/example_dags/example_trigger_controller_dag.py
[2024-06-09T12:05:46.795-0300] {processor.py:830} INFO - Processing file /home/pedro/.local/lib/python3.10/site-packages/airflow/example_dags/example_trigger_controller_dag.py for tasks to queue
[2024-06-09T12:05:46.797-0300] {logging_mixin.py:188} INFO - [2024-06-09T12:05:46.797-0300] {dagbag.py:545} INFO - Filling up the DagBag from /home/pedro/.local/lib/python3.10/site-packages/airflow/example_dags/example_trigger_controller_dag.py
[2024-06-09T12:05:46.803-0300] {processor.py:840} INFO - DAG(s) 'example_trigger_controller_dag' retrieved from /home/pedro/.local/lib/python3.10/site-packages/airflow/example_dags/example_trigger_controller_dag.py
[2024-06-09T12:05:46.812-0300] {logging_mixin.py:188} INFO - [2024-06-09T12:05:46.812-0300] {dag.py:3096} INFO - Sync 1 DAGs
[2024-06-09T12:05:46.824-0300] {logging_mixin.py:188} INFO - [2024-06-09T12:05:46.823-0300] {dag.py:3954} INFO - Setting next_dagrun for example_trigger_controller_dag to 2021-01-01 00:00:00+00:00, run_after=2021-01-01 00:00:00+00:00
[2024-06-09T12:05:46.839-0300] {processor.py:183} INFO - Processing /home/pedro/.local/lib/python3.10/site-packages/airflow/example_dags/example_trigger_controller_dag.py took 0.050 seconds
[2024-06-09T12:06:49.529-0300] {processor.py:161} INFO - Started process (PID=12460) to work on /home/pedro/.local/lib/python3.10/site-packages/airflow/example_dags/example_trigger_controller_dag.py
[2024-06-09T12:06:49.533-0300] {processor.py:830} INFO - Processing file /home/pedro/.local/lib/python3.10/site-packages/airflow/example_dags/example_trigger_controller_dag.py for tasks to queue
[2024-06-09T12:06:49.534-0300] {logging_mixin.py:188} INFO - [2024-06-09T12:06:49.534-0300] {dagbag.py:545} INFO - Filling up the DagBag from /home/pedro/.local/lib/python3.10/site-packages/airflow/example_dags/example_trigger_controller_dag.py
[2024-06-09T12:06:49.538-0300] {processor.py:840} INFO - DAG(s) 'example_trigger_controller_dag' retrieved from /home/pedro/.local/lib/python3.10/site-packages/airflow/example_dags/example_trigger_controller_dag.py
[2024-06-09T12:06:49.548-0300] {logging_mixin.py:188} INFO - [2024-06-09T12:06:49.548-0300] {dag.py:3096} INFO - Sync 1 DAGs
[2024-06-09T12:06:49.558-0300] {logging_mixin.py:188} INFO - [2024-06-09T12:06:49.558-0300] {dag.py:3954} INFO - Setting next_dagrun for example_trigger_controller_dag to 2021-01-01 00:00:00+00:00, run_after=2021-01-01 00:00:00+00:00
[2024-06-09T12:06:49.574-0300] {processor.py:183} INFO - Processing /home/pedro/.local/lib/python3.10/site-packages/airflow/example_dags/example_trigger_controller_dag.py took 0.050 seconds
[2024-06-09T12:07:45.735-0300] {processor.py:161} INFO - Started process (PID=12546) to work on /home/pedro/.local/lib/python3.10/site-packages/airflow/example_dags/example_trigger_controller_dag.py
[2024-06-09T12:07:45.738-0300] {processor.py:830} INFO - Processing file /home/pedro/.local/lib/python3.10/site-packages/airflow/example_dags/example_trigger_controller_dag.py for tasks to queue
[2024-06-09T12:07:45.739-0300] {logging_mixin.py:188} INFO - [2024-06-09T12:07:45.739-0300] {dagbag.py:545} INFO - Filling up the DagBag from /home/pedro/.local/lib/python3.10/site-packages/airflow/example_dags/example_trigger_controller_dag.py
[2024-06-09T12:07:45.745-0300] {processor.py:840} INFO - DAG(s) 'example_trigger_controller_dag' retrieved from /home/pedro/.local/lib/python3.10/site-packages/airflow/example_dags/example_trigger_controller_dag.py
[2024-06-09T12:07:45.811-0300] {logging_mixin.py:188} INFO - [2024-06-09T12:07:45.811-0300] {dag.py:3096} INFO - Sync 1 DAGs
[2024-06-09T12:07:45.819-0300] {logging_mixin.py:188} INFO - [2024-06-09T12:07:45.819-0300] {dag.py:3954} INFO - Setting next_dagrun for example_trigger_controller_dag to 2021-01-01 00:00:00+00:00, run_after=2021-01-01 00:00:00+00:00
[2024-06-09T12:07:45.835-0300] {processor.py:183} INFO - Processing /home/pedro/.local/lib/python3.10/site-packages/airflow/example_dags/example_trigger_controller_dag.py took 0.103 seconds
[2024-06-09T12:08:36.666-0300] {processor.py:161} INFO - Started process (PID=12651) to work on /home/pedro/.local/lib/python3.10/site-packages/airflow/example_dags/example_trigger_controller_dag.py
[2024-06-09T12:08:36.670-0300] {processor.py:830} INFO - Processing file /home/pedro/.local/lib/python3.10/site-packages/airflow/example_dags/example_trigger_controller_dag.py for tasks to queue
[2024-06-09T12:08:36.672-0300] {logging_mixin.py:188} INFO - [2024-06-09T12:08:36.672-0300] {dagbag.py:545} INFO - Filling up the DagBag from /home/pedro/.local/lib/python3.10/site-packages/airflow/example_dags/example_trigger_controller_dag.py
[2024-06-09T12:08:36.676-0300] {processor.py:840} INFO - DAG(s) 'example_trigger_controller_dag' retrieved from /home/pedro/.local/lib/python3.10/site-packages/airflow/example_dags/example_trigger_controller_dag.py
[2024-06-09T12:08:36.685-0300] {logging_mixin.py:188} INFO - [2024-06-09T12:08:36.685-0300] {dag.py:3096} INFO - Sync 1 DAGs
[2024-06-09T12:08:36.696-0300] {logging_mixin.py:188} INFO - [2024-06-09T12:08:36.696-0300] {dag.py:3954} INFO - Setting next_dagrun for example_trigger_controller_dag to 2021-01-01 00:00:00+00:00, run_after=2021-01-01 00:00:00+00:00
[2024-06-09T12:08:36.712-0300] {processor.py:183} INFO - Processing /home/pedro/.local/lib/python3.10/site-packages/airflow/example_dags/example_trigger_controller_dag.py took 0.054 seconds
[2024-06-09T12:09:25.146-0300] {processor.py:161} INFO - Started process (PID=12730) to work on /home/pedro/.local/lib/python3.10/site-packages/airflow/example_dags/example_trigger_controller_dag.py
[2024-06-09T12:09:25.148-0300] {processor.py:830} INFO - Processing file /home/pedro/.local/lib/python3.10/site-packages/airflow/example_dags/example_trigger_controller_dag.py for tasks to queue
[2024-06-09T12:09:25.150-0300] {logging_mixin.py:188} INFO - [2024-06-09T12:09:25.149-0300] {dagbag.py:545} INFO - Filling up the DagBag from /home/pedro/.local/lib/python3.10/site-packages/airflow/example_dags/example_trigger_controller_dag.py
[2024-06-09T12:09:25.154-0300] {processor.py:840} INFO - DAG(s) 'example_trigger_controller_dag' retrieved from /home/pedro/.local/lib/python3.10/site-packages/airflow/example_dags/example_trigger_controller_dag.py
[2024-06-09T12:09:25.162-0300] {logging_mixin.py:188} INFO - [2024-06-09T12:09:25.161-0300] {dag.py:3096} INFO - Sync 1 DAGs
[2024-06-09T12:09:25.172-0300] {logging_mixin.py:188} INFO - [2024-06-09T12:09:25.172-0300] {dag.py:3954} INFO - Setting next_dagrun for example_trigger_controller_dag to 2021-01-01 00:00:00+00:00, run_after=2021-01-01 00:00:00+00:00
[2024-06-09T12:09:25.187-0300] {processor.py:183} INFO - Processing /home/pedro/.local/lib/python3.10/site-packages/airflow/example_dags/example_trigger_controller_dag.py took 0.050 seconds
[2024-06-09T12:10:08.243-0300] {processor.py:161} INFO - Started process (PID=12822) to work on /home/pedro/.local/lib/python3.10/site-packages/airflow/example_dags/example_trigger_controller_dag.py
[2024-06-09T12:10:08.246-0300] {processor.py:830} INFO - Processing file /home/pedro/.local/lib/python3.10/site-packages/airflow/example_dags/example_trigger_controller_dag.py for tasks to queue
[2024-06-09T12:10:08.248-0300] {logging_mixin.py:188} INFO - [2024-06-09T12:10:08.247-0300] {dagbag.py:545} INFO - Filling up the DagBag from /home/pedro/.local/lib/python3.10/site-packages/airflow/example_dags/example_trigger_controller_dag.py
[2024-06-09T12:10:08.252-0300] {processor.py:840} INFO - DAG(s) 'example_trigger_controller_dag' retrieved from /home/pedro/.local/lib/python3.10/site-packages/airflow/example_dags/example_trigger_controller_dag.py
[2024-06-09T12:10:08.262-0300] {logging_mixin.py:188} INFO - [2024-06-09T12:10:08.262-0300] {dag.py:3096} INFO - Sync 1 DAGs
[2024-06-09T12:10:08.272-0300] {logging_mixin.py:188} INFO - [2024-06-09T12:10:08.271-0300] {dag.py:3954} INFO - Setting next_dagrun for example_trigger_controller_dag to 2021-01-01 00:00:00+00:00, run_after=2021-01-01 00:00:00+00:00
[2024-06-09T12:10:08.287-0300] {processor.py:183} INFO - Processing /home/pedro/.local/lib/python3.10/site-packages/airflow/example_dags/example_trigger_controller_dag.py took 0.055 seconds
[2024-06-09T12:10:50.163-0300] {processor.py:161} INFO - Started process (PID=12898) to work on /home/pedro/.local/lib/python3.10/site-packages/airflow/example_dags/example_trigger_controller_dag.py
[2024-06-09T12:10:50.166-0300] {processor.py:830} INFO - Processing file /home/pedro/.local/lib/python3.10/site-packages/airflow/example_dags/example_trigger_controller_dag.py for tasks to queue
[2024-06-09T12:10:50.167-0300] {logging_mixin.py:188} INFO - [2024-06-09T12:10:50.167-0300] {dagbag.py:545} INFO - Filling up the DagBag from /home/pedro/.local/lib/python3.10/site-packages/airflow/example_dags/example_trigger_controller_dag.py
[2024-06-09T12:10:50.172-0300] {processor.py:840} INFO - DAG(s) 'example_trigger_controller_dag' retrieved from /home/pedro/.local/lib/python3.10/site-packages/airflow/example_dags/example_trigger_controller_dag.py
[2024-06-09T12:10:50.181-0300] {logging_mixin.py:188} INFO - [2024-06-09T12:10:50.181-0300] {dag.py:3096} INFO - Sync 1 DAGs
[2024-06-09T12:10:50.193-0300] {logging_mixin.py:188} INFO - [2024-06-09T12:10:50.193-0300] {dag.py:3954} INFO - Setting next_dagrun for example_trigger_controller_dag to 2021-01-01 00:00:00+00:00, run_after=2021-01-01 00:00:00+00:00
[2024-06-09T12:10:50.208-0300] {processor.py:183} INFO - Processing /home/pedro/.local/lib/python3.10/site-packages/airflow/example_dags/example_trigger_controller_dag.py took 0.049 seconds
[2024-06-09T12:12:04.771-0300] {processor.py:161} INFO - Started process (PID=13023) to work on /home/pedro/.local/lib/python3.10/site-packages/airflow/example_dags/example_trigger_controller_dag.py
[2024-06-09T12:12:04.774-0300] {processor.py:830} INFO - Processing file /home/pedro/.local/lib/python3.10/site-packages/airflow/example_dags/example_trigger_controller_dag.py for tasks to queue
[2024-06-09T12:12:04.776-0300] {logging_mixin.py:188} INFO - [2024-06-09T12:12:04.776-0300] {dagbag.py:545} INFO - Filling up the DagBag from /home/pedro/.local/lib/python3.10/site-packages/airflow/example_dags/example_trigger_controller_dag.py
[2024-06-09T12:12:04.781-0300] {processor.py:840} INFO - DAG(s) 'example_trigger_controller_dag' retrieved from /home/pedro/.local/lib/python3.10/site-packages/airflow/example_dags/example_trigger_controller_dag.py
[2024-06-09T12:12:04.791-0300] {logging_mixin.py:188} INFO - [2024-06-09T12:12:04.791-0300] {dag.py:3096} INFO - Sync 1 DAGs
[2024-06-09T12:12:04.801-0300] {logging_mixin.py:188} INFO - [2024-06-09T12:12:04.801-0300] {dag.py:3954} INFO - Setting next_dagrun for example_trigger_controller_dag to 2021-01-01 00:00:00+00:00, run_after=2021-01-01 00:00:00+00:00
[2024-06-09T12:12:04.817-0300] {processor.py:183} INFO - Processing /home/pedro/.local/lib/python3.10/site-packages/airflow/example_dags/example_trigger_controller_dag.py took 0.052 seconds
[2024-06-09T12:12:58.299-0300] {processor.py:161} INFO - Started process (PID=13108) to work on /home/pedro/.local/lib/python3.10/site-packages/airflow/example_dags/example_trigger_controller_dag.py
[2024-06-09T12:12:58.303-0300] {processor.py:830} INFO - Processing file /home/pedro/.local/lib/python3.10/site-packages/airflow/example_dags/example_trigger_controller_dag.py for tasks to queue
[2024-06-09T12:12:58.305-0300] {logging_mixin.py:188} INFO - [2024-06-09T12:12:58.305-0300] {dagbag.py:545} INFO - Filling up the DagBag from /home/pedro/.local/lib/python3.10/site-packages/airflow/example_dags/example_trigger_controller_dag.py
[2024-06-09T12:12:58.309-0300] {processor.py:840} INFO - DAG(s) 'example_trigger_controller_dag' retrieved from /home/pedro/.local/lib/python3.10/site-packages/airflow/example_dags/example_trigger_controller_dag.py
[2024-06-09T12:12:58.389-0300] {logging_mixin.py:188} INFO - [2024-06-09T12:12:58.388-0300] {dag.py:3096} INFO - Sync 1 DAGs
[2024-06-09T12:12:58.402-0300] {logging_mixin.py:188} INFO - [2024-06-09T12:12:58.401-0300] {dag.py:3954} INFO - Setting next_dagrun for example_trigger_controller_dag to 2021-01-01 00:00:00+00:00, run_after=2021-01-01 00:00:00+00:00
[2024-06-09T12:12:58.422-0300] {processor.py:183} INFO - Processing /home/pedro/.local/lib/python3.10/site-packages/airflow/example_dags/example_trigger_controller_dag.py took 0.131 seconds
[2024-06-09T12:13:49.865-0300] {processor.py:161} INFO - Started process (PID=13179) to work on /home/pedro/.local/lib/python3.10/site-packages/airflow/example_dags/example_trigger_controller_dag.py
[2024-06-09T12:13:49.868-0300] {processor.py:830} INFO - Processing file /home/pedro/.local/lib/python3.10/site-packages/airflow/example_dags/example_trigger_controller_dag.py for tasks to queue
[2024-06-09T12:13:49.870-0300] {logging_mixin.py:188} INFO - [2024-06-09T12:13:49.870-0300] {dagbag.py:545} INFO - Filling up the DagBag from /home/pedro/.local/lib/python3.10/site-packages/airflow/example_dags/example_trigger_controller_dag.py
[2024-06-09T12:13:49.875-0300] {processor.py:840} INFO - DAG(s) 'example_trigger_controller_dag' retrieved from /home/pedro/.local/lib/python3.10/site-packages/airflow/example_dags/example_trigger_controller_dag.py
[2024-06-09T12:13:49.885-0300] {logging_mixin.py:188} INFO - [2024-06-09T12:13:49.885-0300] {dag.py:3096} INFO - Sync 1 DAGs
[2024-06-09T12:13:49.896-0300] {logging_mixin.py:188} INFO - [2024-06-09T12:13:49.896-0300] {dag.py:3954} INFO - Setting next_dagrun for example_trigger_controller_dag to 2021-01-01 00:00:00+00:00, run_after=2021-01-01 00:00:00+00:00
[2024-06-09T12:13:49.912-0300] {processor.py:183} INFO - Processing /home/pedro/.local/lib/python3.10/site-packages/airflow/example_dags/example_trigger_controller_dag.py took 0.056 seconds
[2024-06-09T12:14:35.092-0300] {processor.py:161} INFO - Started process (PID=13244) to work on /home/pedro/.local/lib/python3.10/site-packages/airflow/example_dags/example_trigger_controller_dag.py
[2024-06-09T12:14:35.096-0300] {processor.py:830} INFO - Processing file /home/pedro/.local/lib/python3.10/site-packages/airflow/example_dags/example_trigger_controller_dag.py for tasks to queue
[2024-06-09T12:14:35.098-0300] {logging_mixin.py:188} INFO - [2024-06-09T12:14:35.098-0300] {dagbag.py:545} INFO - Filling up the DagBag from /home/pedro/.local/lib/python3.10/site-packages/airflow/example_dags/example_trigger_controller_dag.py
[2024-06-09T12:14:35.103-0300] {processor.py:840} INFO - DAG(s) 'example_trigger_controller_dag' retrieved from /home/pedro/.local/lib/python3.10/site-packages/airflow/example_dags/example_trigger_controller_dag.py
[2024-06-09T12:14:35.111-0300] {logging_mixin.py:188} INFO - [2024-06-09T12:14:35.111-0300] {dag.py:3096} INFO - Sync 1 DAGs
[2024-06-09T12:14:35.123-0300] {logging_mixin.py:188} INFO - [2024-06-09T12:14:35.123-0300] {dag.py:3954} INFO - Setting next_dagrun for example_trigger_controller_dag to 2021-01-01 00:00:00+00:00, run_after=2021-01-01 00:00:00+00:00
[2024-06-09T12:14:35.139-0300] {processor.py:183} INFO - Processing /home/pedro/.local/lib/python3.10/site-packages/airflow/example_dags/example_trigger_controller_dag.py took 0.055 seconds
[2024-06-09T12:15:17.921-0300] {processor.py:161} INFO - Started process (PID=13344) to work on /home/pedro/.local/lib/python3.10/site-packages/airflow/example_dags/example_trigger_controller_dag.py
[2024-06-09T12:15:17.925-0300] {processor.py:830} INFO - Processing file /home/pedro/.local/lib/python3.10/site-packages/airflow/example_dags/example_trigger_controller_dag.py for tasks to queue
[2024-06-09T12:15:17.926-0300] {logging_mixin.py:188} INFO - [2024-06-09T12:15:17.926-0300] {dagbag.py:545} INFO - Filling up the DagBag from /home/pedro/.local/lib/python3.10/site-packages/airflow/example_dags/example_trigger_controller_dag.py
[2024-06-09T12:15:17.931-0300] {processor.py:840} INFO - DAG(s) 'example_trigger_controller_dag' retrieved from /home/pedro/.local/lib/python3.10/site-packages/airflow/example_dags/example_trigger_controller_dag.py
[2024-06-09T12:15:17.941-0300] {logging_mixin.py:188} INFO - [2024-06-09T12:15:17.941-0300] {dag.py:3096} INFO - Sync 1 DAGs
[2024-06-09T12:15:17.952-0300] {logging_mixin.py:188} INFO - [2024-06-09T12:15:17.952-0300] {dag.py:3954} INFO - Setting next_dagrun for example_trigger_controller_dag to 2021-01-01 00:00:00+00:00, run_after=2021-01-01 00:00:00+00:00
[2024-06-09T12:15:17.969-0300] {processor.py:183} INFO - Processing /home/pedro/.local/lib/python3.10/site-packages/airflow/example_dags/example_trigger_controller_dag.py took 0.054 seconds
[2024-06-09T12:20:05.798-0300] {processor.py:161} INFO - Started process (PID=13600) to work on /home/pedro/.local/lib/python3.10/site-packages/airflow/example_dags/example_trigger_controller_dag.py
[2024-06-09T12:20:05.799-0300] {processor.py:830} INFO - Processing file /home/pedro/.local/lib/python3.10/site-packages/airflow/example_dags/example_trigger_controller_dag.py for tasks to queue
[2024-06-09T12:20:05.800-0300] {logging_mixin.py:188} INFO - [2024-06-09T12:20:05.800-0300] {dagbag.py:545} INFO - Filling up the DagBag from /home/pedro/.local/lib/python3.10/site-packages/airflow/example_dags/example_trigger_controller_dag.py
[2024-06-09T12:20:05.804-0300] {processor.py:840} INFO - DAG(s) 'example_trigger_controller_dag' retrieved from /home/pedro/.local/lib/python3.10/site-packages/airflow/example_dags/example_trigger_controller_dag.py
[2024-06-09T12:20:05.814-0300] {logging_mixin.py:188} INFO - [2024-06-09T12:20:05.813-0300] {dag.py:3096} INFO - Sync 1 DAGs
[2024-06-09T12:20:05.822-0300] {logging_mixin.py:188} INFO - [2024-06-09T12:20:05.822-0300] {dag.py:3954} INFO - Setting next_dagrun for example_trigger_controller_dag to 2021-01-01 00:00:00+00:00, run_after=2021-01-01 00:00:00+00:00
[2024-06-09T12:20:05.836-0300] {processor.py:183} INFO - Processing /home/pedro/.local/lib/python3.10/site-packages/airflow/example_dags/example_trigger_controller_dag.py took 0.043 seconds
[2024-06-09T12:20:57.449-0300] {processor.py:161} INFO - Started process (PID=13711) to work on /home/pedro/.local/lib/python3.10/site-packages/airflow/example_dags/example_trigger_controller_dag.py
[2024-06-09T12:20:57.452-0300] {processor.py:830} INFO - Processing file /home/pedro/.local/lib/python3.10/site-packages/airflow/example_dags/example_trigger_controller_dag.py for tasks to queue
[2024-06-09T12:20:57.453-0300] {logging_mixin.py:188} INFO - [2024-06-09T12:20:57.453-0300] {dagbag.py:545} INFO - Filling up the DagBag from /home/pedro/.local/lib/python3.10/site-packages/airflow/example_dags/example_trigger_controller_dag.py
[2024-06-09T12:20:57.456-0300] {processor.py:840} INFO - DAG(s) 'example_trigger_controller_dag' retrieved from /home/pedro/.local/lib/python3.10/site-packages/airflow/example_dags/example_trigger_controller_dag.py
[2024-06-09T12:20:57.520-0300] {logging_mixin.py:188} INFO - [2024-06-09T12:20:57.520-0300] {dag.py:3096} INFO - Sync 1 DAGs
[2024-06-09T12:20:57.531-0300] {logging_mixin.py:188} INFO - [2024-06-09T12:20:57.530-0300] {dag.py:3954} INFO - Setting next_dagrun for example_trigger_controller_dag to 2021-01-01 00:00:00+00:00, run_after=2021-01-01 00:00:00+00:00
[2024-06-09T12:20:57.548-0300] {processor.py:183} INFO - Processing /home/pedro/.local/lib/python3.10/site-packages/airflow/example_dags/example_trigger_controller_dag.py took 0.103 seconds
[2024-06-09T12:21:46.308-0300] {processor.py:161} INFO - Started process (PID=13825) to work on /home/pedro/.local/lib/python3.10/site-packages/airflow/example_dags/example_trigger_controller_dag.py
[2024-06-09T12:21:46.312-0300] {processor.py:830} INFO - Processing file /home/pedro/.local/lib/python3.10/site-packages/airflow/example_dags/example_trigger_controller_dag.py for tasks to queue
[2024-06-09T12:21:46.314-0300] {logging_mixin.py:188} INFO - [2024-06-09T12:21:46.313-0300] {dagbag.py:545} INFO - Filling up the DagBag from /home/pedro/.local/lib/python3.10/site-packages/airflow/example_dags/example_trigger_controller_dag.py
[2024-06-09T12:21:46.320-0300] {processor.py:840} INFO - DAG(s) 'example_trigger_controller_dag' retrieved from /home/pedro/.local/lib/python3.10/site-packages/airflow/example_dags/example_trigger_controller_dag.py
[2024-06-09T12:21:46.329-0300] {logging_mixin.py:188} INFO - [2024-06-09T12:21:46.329-0300] {dag.py:3096} INFO - Sync 1 DAGs
[2024-06-09T12:21:46.338-0300] {logging_mixin.py:188} INFO - [2024-06-09T12:21:46.338-0300] {dag.py:3954} INFO - Setting next_dagrun for example_trigger_controller_dag to 2021-01-01 00:00:00+00:00, run_after=2021-01-01 00:00:00+00:00
[2024-06-09T12:21:46.354-0300] {processor.py:183} INFO - Processing /home/pedro/.local/lib/python3.10/site-packages/airflow/example_dags/example_trigger_controller_dag.py took 0.050 seconds
[2024-06-09T12:22:47.805-0300] {processor.py:161} INFO - Started process (PID=13955) to work on /home/pedro/.local/lib/python3.10/site-packages/airflow/example_dags/example_trigger_controller_dag.py
[2024-06-09T12:22:47.808-0300] {processor.py:830} INFO - Processing file /home/pedro/.local/lib/python3.10/site-packages/airflow/example_dags/example_trigger_controller_dag.py for tasks to queue
[2024-06-09T12:22:47.810-0300] {logging_mixin.py:188} INFO - [2024-06-09T12:22:47.810-0300] {dagbag.py:545} INFO - Filling up the DagBag from /home/pedro/.local/lib/python3.10/site-packages/airflow/example_dags/example_trigger_controller_dag.py
[2024-06-09T12:22:47.816-0300] {processor.py:840} INFO - DAG(s) 'example_trigger_controller_dag' retrieved from /home/pedro/.local/lib/python3.10/site-packages/airflow/example_dags/example_trigger_controller_dag.py
[2024-06-09T12:22:47.825-0300] {logging_mixin.py:188} INFO - [2024-06-09T12:22:47.825-0300] {dag.py:3096} INFO - Sync 1 DAGs
[2024-06-09T12:22:47.834-0300] {logging_mixin.py:188} INFO - [2024-06-09T12:22:47.834-0300] {dag.py:3954} INFO - Setting next_dagrun for example_trigger_controller_dag to 2021-01-01 00:00:00+00:00, run_after=2021-01-01 00:00:00+00:00
[2024-06-09T12:22:47.849-0300] {processor.py:183} INFO - Processing /home/pedro/.local/lib/python3.10/site-packages/airflow/example_dags/example_trigger_controller_dag.py took 0.049 seconds
[2024-06-09T12:23:31.621-0300] {processor.py:161} INFO - Started process (PID=14026) to work on /home/pedro/.local/lib/python3.10/site-packages/airflow/example_dags/example_trigger_controller_dag.py
[2024-06-09T12:23:31.624-0300] {processor.py:830} INFO - Processing file /home/pedro/.local/lib/python3.10/site-packages/airflow/example_dags/example_trigger_controller_dag.py for tasks to queue
[2024-06-09T12:23:31.626-0300] {logging_mixin.py:188} INFO - [2024-06-09T12:23:31.626-0300] {dagbag.py:545} INFO - Filling up the DagBag from /home/pedro/.local/lib/python3.10/site-packages/airflow/example_dags/example_trigger_controller_dag.py
[2024-06-09T12:23:31.632-0300] {processor.py:840} INFO - DAG(s) 'example_trigger_controller_dag' retrieved from /home/pedro/.local/lib/python3.10/site-packages/airflow/example_dags/example_trigger_controller_dag.py
[2024-06-09T12:23:31.641-0300] {logging_mixin.py:188} INFO - [2024-06-09T12:23:31.641-0300] {dag.py:3096} INFO - Sync 1 DAGs
[2024-06-09T12:23:31.650-0300] {logging_mixin.py:188} INFO - [2024-06-09T12:23:31.650-0300] {dag.py:3954} INFO - Setting next_dagrun for example_trigger_controller_dag to 2021-01-01 00:00:00+00:00, run_after=2021-01-01 00:00:00+00:00
[2024-06-09T12:23:31.666-0300] {processor.py:183} INFO - Processing /home/pedro/.local/lib/python3.10/site-packages/airflow/example_dags/example_trigger_controller_dag.py took 0.050 seconds
[2024-06-09T16:26:23.129-0300] {processor.py:161} INFO - Started process (PID=4827) to work on /home/pedro/.local/lib/python3.10/site-packages/airflow/example_dags/example_trigger_controller_dag.py
[2024-06-09T16:26:23.132-0300] {processor.py:830} INFO - Processing file /home/pedro/.local/lib/python3.10/site-packages/airflow/example_dags/example_trigger_controller_dag.py for tasks to queue
[2024-06-09T16:26:23.134-0300] {logging_mixin.py:188} INFO - [2024-06-09T16:26:23.134-0300] {dagbag.py:545} INFO - Filling up the DagBag from /home/pedro/.local/lib/python3.10/site-packages/airflow/example_dags/example_trigger_controller_dag.py
[2024-06-09T16:26:23.140-0300] {processor.py:840} INFO - DAG(s) 'example_trigger_controller_dag' retrieved from /home/pedro/.local/lib/python3.10/site-packages/airflow/example_dags/example_trigger_controller_dag.py
[2024-06-09T16:26:23.149-0300] {logging_mixin.py:188} INFO - [2024-06-09T16:26:23.149-0300] {dag.py:3096} INFO - Sync 1 DAGs
[2024-06-09T16:26:23.158-0300] {logging_mixin.py:188} INFO - [2024-06-09T16:26:23.158-0300] {dag.py:3954} INFO - Setting next_dagrun for example_trigger_controller_dag to 2021-01-01 00:00:00+00:00, run_after=2021-01-01 00:00:00+00:00
[2024-06-09T16:26:23.199-0300] {processor.py:183} INFO - Processing /home/pedro/.local/lib/python3.10/site-packages/airflow/example_dags/example_trigger_controller_dag.py took 0.075 seconds
[2024-06-09T16:28:52.494-0300] {processor.py:161} INFO - Started process (PID=5671) to work on /home/pedro/.local/lib/python3.10/site-packages/airflow/example_dags/example_trigger_controller_dag.py
[2024-06-09T16:28:52.497-0300] {processor.py:830} INFO - Processing file /home/pedro/.local/lib/python3.10/site-packages/airflow/example_dags/example_trigger_controller_dag.py for tasks to queue
[2024-06-09T16:28:52.499-0300] {logging_mixin.py:188} INFO - [2024-06-09T16:28:52.498-0300] {dagbag.py:545} INFO - Filling up the DagBag from /home/pedro/.local/lib/python3.10/site-packages/airflow/example_dags/example_trigger_controller_dag.py
[2024-06-09T16:28:52.502-0300] {processor.py:840} INFO - DAG(s) 'example_trigger_controller_dag' retrieved from /home/pedro/.local/lib/python3.10/site-packages/airflow/example_dags/example_trigger_controller_dag.py
[2024-06-09T16:28:52.565-0300] {logging_mixin.py:188} INFO - [2024-06-09T16:28:52.565-0300] {dag.py:3096} INFO - Sync 1 DAGs
[2024-06-09T16:28:52.574-0300] {logging_mixin.py:188} INFO - [2024-06-09T16:28:52.573-0300] {dag.py:3954} INFO - Setting next_dagrun for example_trigger_controller_dag to 2021-01-01 00:00:00+00:00, run_after=2021-01-01 00:00:00+00:00
[2024-06-09T16:28:52.588-0300] {processor.py:183} INFO - Processing /home/pedro/.local/lib/python3.10/site-packages/airflow/example_dags/example_trigger_controller_dag.py took 0.097 seconds
[2024-06-09T16:31:03.797-0300] {processor.py:161} INFO - Started process (PID=7579) to work on /home/pedro/.local/lib/python3.10/site-packages/airflow/example_dags/example_trigger_controller_dag.py
[2024-06-09T16:31:03.798-0300] {processor.py:830} INFO - Processing file /home/pedro/.local/lib/python3.10/site-packages/airflow/example_dags/example_trigger_controller_dag.py for tasks to queue
[2024-06-09T16:31:03.799-0300] {logging_mixin.py:188} INFO - [2024-06-09T16:31:03.799-0300] {dagbag.py:545} INFO - Filling up the DagBag from /home/pedro/.local/lib/python3.10/site-packages/airflow/example_dags/example_trigger_controller_dag.py
[2024-06-09T16:31:03.802-0300] {processor.py:840} INFO - DAG(s) 'example_trigger_controller_dag' retrieved from /home/pedro/.local/lib/python3.10/site-packages/airflow/example_dags/example_trigger_controller_dag.py
[2024-06-09T16:31:03.811-0300] {logging_mixin.py:188} INFO - [2024-06-09T16:31:03.810-0300] {dag.py:3096} INFO - Sync 1 DAGs
[2024-06-09T16:31:03.821-0300] {logging_mixin.py:188} INFO - [2024-06-09T16:31:03.821-0300] {dag.py:3954} INFO - Setting next_dagrun for example_trigger_controller_dag to 2021-01-01 00:00:00+00:00, run_after=2021-01-01 00:00:00+00:00
[2024-06-09T16:31:03.833-0300] {processor.py:183} INFO - Processing /home/pedro/.local/lib/python3.10/site-packages/airflow/example_dags/example_trigger_controller_dag.py took 0.040 seconds
[2024-06-09T16:33:15.381-0300] {processor.py:161} INFO - Started process (PID=8303) to work on /home/pedro/.local/lib/python3.10/site-packages/airflow/example_dags/example_trigger_controller_dag.py
[2024-06-09T16:33:15.384-0300] {processor.py:830} INFO - Processing file /home/pedro/.local/lib/python3.10/site-packages/airflow/example_dags/example_trigger_controller_dag.py for tasks to queue
[2024-06-09T16:33:15.385-0300] {logging_mixin.py:188} INFO - [2024-06-09T16:33:15.385-0300] {dagbag.py:545} INFO - Filling up the DagBag from /home/pedro/.local/lib/python3.10/site-packages/airflow/example_dags/example_trigger_controller_dag.py
[2024-06-09T16:33:15.390-0300] {processor.py:840} INFO - DAG(s) 'example_trigger_controller_dag' retrieved from /home/pedro/.local/lib/python3.10/site-packages/airflow/example_dags/example_trigger_controller_dag.py
[2024-06-09T16:33:15.399-0300] {logging_mixin.py:188} INFO - [2024-06-09T16:33:15.399-0300] {dag.py:3096} INFO - Sync 1 DAGs
[2024-06-09T16:33:15.408-0300] {logging_mixin.py:188} INFO - [2024-06-09T16:33:15.408-0300] {dag.py:3954} INFO - Setting next_dagrun for example_trigger_controller_dag to 2021-01-01 00:00:00+00:00, run_after=2021-01-01 00:00:00+00:00
[2024-06-09T16:33:15.423-0300] {processor.py:183} INFO - Processing /home/pedro/.local/lib/python3.10/site-packages/airflow/example_dags/example_trigger_controller_dag.py took 0.047 seconds
[2024-06-09T16:35:16.198-0300] {processor.py:161} INFO - Started process (PID=8992) to work on /home/pedro/.local/lib/python3.10/site-packages/airflow/example_dags/example_trigger_controller_dag.py
[2024-06-09T16:35:16.199-0300] {processor.py:830} INFO - Processing file /home/pedro/.local/lib/python3.10/site-packages/airflow/example_dags/example_trigger_controller_dag.py for tasks to queue
[2024-06-09T16:35:16.200-0300] {logging_mixin.py:188} INFO - [2024-06-09T16:35:16.200-0300] {dagbag.py:545} INFO - Filling up the DagBag from /home/pedro/.local/lib/python3.10/site-packages/airflow/example_dags/example_trigger_controller_dag.py
[2024-06-09T16:35:16.204-0300] {processor.py:840} INFO - DAG(s) 'example_trigger_controller_dag' retrieved from /home/pedro/.local/lib/python3.10/site-packages/airflow/example_dags/example_trigger_controller_dag.py
[2024-06-09T16:35:16.214-0300] {logging_mixin.py:188} INFO - [2024-06-09T16:35:16.213-0300] {dag.py:3096} INFO - Sync 1 DAGs
[2024-06-09T16:35:16.226-0300] {logging_mixin.py:188} INFO - [2024-06-09T16:35:16.225-0300] {dag.py:3954} INFO - Setting next_dagrun for example_trigger_controller_dag to 2021-01-01 00:00:00+00:00, run_after=2021-01-01 00:00:00+00:00
[2024-06-09T16:35:16.246-0300] {processor.py:183} INFO - Processing /home/pedro/.local/lib/python3.10/site-packages/airflow/example_dags/example_trigger_controller_dag.py took 0.054 seconds
[2024-06-09T16:37:15.066-0300] {processor.py:161} INFO - Started process (PID=9690) to work on /home/pedro/.local/lib/python3.10/site-packages/airflow/example_dags/example_trigger_controller_dag.py
[2024-06-09T16:37:15.069-0300] {processor.py:830} INFO - Processing file /home/pedro/.local/lib/python3.10/site-packages/airflow/example_dags/example_trigger_controller_dag.py for tasks to queue
[2024-06-09T16:37:15.070-0300] {logging_mixin.py:188} INFO - [2024-06-09T16:37:15.069-0300] {dagbag.py:545} INFO - Filling up the DagBag from /home/pedro/.local/lib/python3.10/site-packages/airflow/example_dags/example_trigger_controller_dag.py
[2024-06-09T16:37:15.073-0300] {processor.py:840} INFO - DAG(s) 'example_trigger_controller_dag' retrieved from /home/pedro/.local/lib/python3.10/site-packages/airflow/example_dags/example_trigger_controller_dag.py
[2024-06-09T16:37:15.082-0300] {logging_mixin.py:188} INFO - [2024-06-09T16:37:15.082-0300] {dag.py:3096} INFO - Sync 1 DAGs
[2024-06-09T16:37:15.091-0300] {logging_mixin.py:188} INFO - [2024-06-09T16:37:15.091-0300] {dag.py:3954} INFO - Setting next_dagrun for example_trigger_controller_dag to 2021-01-01 00:00:00+00:00, run_after=2021-01-01 00:00:00+00:00
[2024-06-09T16:37:15.107-0300] {processor.py:183} INFO - Processing /home/pedro/.local/lib/python3.10/site-packages/airflow/example_dags/example_trigger_controller_dag.py took 0.044 seconds
[2024-06-09T16:39:10.571-0300] {processor.py:161} INFO - Started process (PID=10412) to work on /home/pedro/.local/lib/python3.10/site-packages/airflow/example_dags/example_trigger_controller_dag.py
[2024-06-09T16:39:10.572-0300] {processor.py:830} INFO - Processing file /home/pedro/.local/lib/python3.10/site-packages/airflow/example_dags/example_trigger_controller_dag.py for tasks to queue
[2024-06-09T16:39:10.573-0300] {logging_mixin.py:188} INFO - [2024-06-09T16:39:10.573-0300] {dagbag.py:545} INFO - Filling up the DagBag from /home/pedro/.local/lib/python3.10/site-packages/airflow/example_dags/example_trigger_controller_dag.py
[2024-06-09T16:39:10.575-0300] {processor.py:840} INFO - DAG(s) 'example_trigger_controller_dag' retrieved from /home/pedro/.local/lib/python3.10/site-packages/airflow/example_dags/example_trigger_controller_dag.py
[2024-06-09T16:39:10.583-0300] {logging_mixin.py:188} INFO - [2024-06-09T16:39:10.583-0300] {dag.py:3096} INFO - Sync 1 DAGs
[2024-06-09T16:39:10.592-0300] {logging_mixin.py:188} INFO - [2024-06-09T16:39:10.592-0300] {dag.py:3954} INFO - Setting next_dagrun for example_trigger_controller_dag to 2021-01-01 00:00:00+00:00, run_after=2021-01-01 00:00:00+00:00
[2024-06-09T16:39:10.606-0300] {processor.py:183} INFO - Processing /home/pedro/.local/lib/python3.10/site-packages/airflow/example_dags/example_trigger_controller_dag.py took 0.040 seconds
[2024-06-09T16:41:08.045-0300] {processor.py:161} INFO - Started process (PID=11124) to work on /home/pedro/.local/lib/python3.10/site-packages/airflow/example_dags/example_trigger_controller_dag.py
[2024-06-09T16:41:08.048-0300] {processor.py:830} INFO - Processing file /home/pedro/.local/lib/python3.10/site-packages/airflow/example_dags/example_trigger_controller_dag.py for tasks to queue
[2024-06-09T16:41:08.050-0300] {logging_mixin.py:188} INFO - [2024-06-09T16:41:08.049-0300] {dagbag.py:545} INFO - Filling up the DagBag from /home/pedro/.local/lib/python3.10/site-packages/airflow/example_dags/example_trigger_controller_dag.py
[2024-06-09T16:41:08.055-0300] {processor.py:840} INFO - DAG(s) 'example_trigger_controller_dag' retrieved from /home/pedro/.local/lib/python3.10/site-packages/airflow/example_dags/example_trigger_controller_dag.py
[2024-06-09T16:41:08.065-0300] {logging_mixin.py:188} INFO - [2024-06-09T16:41:08.065-0300] {dag.py:3096} INFO - Sync 1 DAGs
[2024-06-09T16:41:08.075-0300] {logging_mixin.py:188} INFO - [2024-06-09T16:41:08.075-0300] {dag.py:3954} INFO - Setting next_dagrun for example_trigger_controller_dag to 2021-01-01 00:00:00+00:00, run_after=2021-01-01 00:00:00+00:00
[2024-06-09T16:41:08.091-0300] {processor.py:183} INFO - Processing /home/pedro/.local/lib/python3.10/site-packages/airflow/example_dags/example_trigger_controller_dag.py took 0.050 seconds
[2024-06-09T16:43:05.871-0300] {processor.py:161} INFO - Started process (PID=11799) to work on /home/pedro/.local/lib/python3.10/site-packages/airflow/example_dags/example_trigger_controller_dag.py
[2024-06-09T16:43:05.874-0300] {processor.py:830} INFO - Processing file /home/pedro/.local/lib/python3.10/site-packages/airflow/example_dags/example_trigger_controller_dag.py for tasks to queue
[2024-06-09T16:43:05.876-0300] {logging_mixin.py:188} INFO - [2024-06-09T16:43:05.875-0300] {dagbag.py:545} INFO - Filling up the DagBag from /home/pedro/.local/lib/python3.10/site-packages/airflow/example_dags/example_trigger_controller_dag.py
[2024-06-09T16:43:05.881-0300] {processor.py:840} INFO - DAG(s) 'example_trigger_controller_dag' retrieved from /home/pedro/.local/lib/python3.10/site-packages/airflow/example_dags/example_trigger_controller_dag.py
[2024-06-09T16:43:05.890-0300] {logging_mixin.py:188} INFO - [2024-06-09T16:43:05.890-0300] {dag.py:3096} INFO - Sync 1 DAGs
[2024-06-09T16:43:05.899-0300] {logging_mixin.py:188} INFO - [2024-06-09T16:43:05.899-0300] {dag.py:3954} INFO - Setting next_dagrun for example_trigger_controller_dag to 2021-01-01 00:00:00+00:00, run_after=2021-01-01 00:00:00+00:00
[2024-06-09T16:43:05.917-0300] {processor.py:183} INFO - Processing /home/pedro/.local/lib/python3.10/site-packages/airflow/example_dags/example_trigger_controller_dag.py took 0.050 seconds
[2024-06-09T16:45:11.325-0300] {processor.py:161} INFO - Started process (PID=12503) to work on /home/pedro/.local/lib/python3.10/site-packages/airflow/example_dags/example_trigger_controller_dag.py
[2024-06-09T16:45:11.326-0300] {processor.py:830} INFO - Processing file /home/pedro/.local/lib/python3.10/site-packages/airflow/example_dags/example_trigger_controller_dag.py for tasks to queue
[2024-06-09T16:45:11.327-0300] {logging_mixin.py:188} INFO - [2024-06-09T16:45:11.327-0300] {dagbag.py:545} INFO - Filling up the DagBag from /home/pedro/.local/lib/python3.10/site-packages/airflow/example_dags/example_trigger_controller_dag.py
[2024-06-09T16:45:11.330-0300] {processor.py:840} INFO - DAG(s) 'example_trigger_controller_dag' retrieved from /home/pedro/.local/lib/python3.10/site-packages/airflow/example_dags/example_trigger_controller_dag.py
[2024-06-09T16:45:11.339-0300] {logging_mixin.py:188} INFO - [2024-06-09T16:45:11.338-0300] {dag.py:3096} INFO - Sync 1 DAGs
[2024-06-09T16:45:11.348-0300] {logging_mixin.py:188} INFO - [2024-06-09T16:45:11.348-0300] {dag.py:3954} INFO - Setting next_dagrun for example_trigger_controller_dag to 2021-01-01 00:00:00+00:00, run_after=2021-01-01 00:00:00+00:00
[2024-06-09T16:45:11.364-0300] {processor.py:183} INFO - Processing /home/pedro/.local/lib/python3.10/site-packages/airflow/example_dags/example_trigger_controller_dag.py took 0.044 seconds
[2024-06-09T16:47:18.743-0300] {processor.py:161} INFO - Started process (PID=13226) to work on /home/pedro/.local/lib/python3.10/site-packages/airflow/example_dags/example_trigger_controller_dag.py
[2024-06-09T16:47:18.746-0300] {processor.py:830} INFO - Processing file /home/pedro/.local/lib/python3.10/site-packages/airflow/example_dags/example_trigger_controller_dag.py for tasks to queue
[2024-06-09T16:47:18.747-0300] {logging_mixin.py:188} INFO - [2024-06-09T16:47:18.747-0300] {dagbag.py:545} INFO - Filling up the DagBag from /home/pedro/.local/lib/python3.10/site-packages/airflow/example_dags/example_trigger_controller_dag.py
[2024-06-09T16:47:18.750-0300] {processor.py:840} INFO - DAG(s) 'example_trigger_controller_dag' retrieved from /home/pedro/.local/lib/python3.10/site-packages/airflow/example_dags/example_trigger_controller_dag.py
[2024-06-09T16:47:18.758-0300] {logging_mixin.py:188} INFO - [2024-06-09T16:47:18.758-0300] {dag.py:3096} INFO - Sync 1 DAGs
[2024-06-09T16:47:18.767-0300] {logging_mixin.py:188} INFO - [2024-06-09T16:47:18.767-0300] {dag.py:3954} INFO - Setting next_dagrun for example_trigger_controller_dag to 2021-01-01 00:00:00+00:00, run_after=2021-01-01 00:00:00+00:00
[2024-06-09T16:47:18.783-0300] {processor.py:183} INFO - Processing /home/pedro/.local/lib/python3.10/site-packages/airflow/example_dags/example_trigger_controller_dag.py took 0.043 seconds
[2024-06-09T16:49:23.105-0300] {processor.py:161} INFO - Started process (PID=14010) to work on /home/pedro/.local/lib/python3.10/site-packages/airflow/example_dags/example_trigger_controller_dag.py
[2024-06-09T16:49:23.109-0300] {processor.py:830} INFO - Processing file /home/pedro/.local/lib/python3.10/site-packages/airflow/example_dags/example_trigger_controller_dag.py for tasks to queue
[2024-06-09T16:49:23.110-0300] {logging_mixin.py:188} INFO - [2024-06-09T16:49:23.109-0300] {dagbag.py:545} INFO - Filling up the DagBag from /home/pedro/.local/lib/python3.10/site-packages/airflow/example_dags/example_trigger_controller_dag.py
[2024-06-09T16:49:23.112-0300] {processor.py:840} INFO - DAG(s) 'example_trigger_controller_dag' retrieved from /home/pedro/.local/lib/python3.10/site-packages/airflow/example_dags/example_trigger_controller_dag.py
[2024-06-09T16:49:23.120-0300] {logging_mixin.py:188} INFO - [2024-06-09T16:49:23.120-0300] {dag.py:3096} INFO - Sync 1 DAGs
[2024-06-09T16:49:23.131-0300] {logging_mixin.py:188} INFO - [2024-06-09T16:49:23.131-0300] {dag.py:3954} INFO - Setting next_dagrun for example_trigger_controller_dag to 2021-01-01 00:00:00+00:00, run_after=2021-01-01 00:00:00+00:00
[2024-06-09T16:49:23.148-0300] {processor.py:183} INFO - Processing /home/pedro/.local/lib/python3.10/site-packages/airflow/example_dags/example_trigger_controller_dag.py took 0.046 seconds
[2024-06-09T16:51:23.621-0300] {processor.py:161} INFO - Started process (PID=14729) to work on /home/pedro/.local/lib/python3.10/site-packages/airflow/example_dags/example_trigger_controller_dag.py
[2024-06-09T16:51:23.624-0300] {processor.py:830} INFO - Processing file /home/pedro/.local/lib/python3.10/site-packages/airflow/example_dags/example_trigger_controller_dag.py for tasks to queue
[2024-06-09T16:51:23.626-0300] {logging_mixin.py:188} INFO - [2024-06-09T16:51:23.625-0300] {dagbag.py:545} INFO - Filling up the DagBag from /home/pedro/.local/lib/python3.10/site-packages/airflow/example_dags/example_trigger_controller_dag.py
[2024-06-09T16:51:23.629-0300] {processor.py:840} INFO - DAG(s) 'example_trigger_controller_dag' retrieved from /home/pedro/.local/lib/python3.10/site-packages/airflow/example_dags/example_trigger_controller_dag.py
[2024-06-09T16:51:23.639-0300] {logging_mixin.py:188} INFO - [2024-06-09T16:51:23.638-0300] {dag.py:3096} INFO - Sync 1 DAGs
[2024-06-09T16:51:23.648-0300] {logging_mixin.py:188} INFO - [2024-06-09T16:51:23.648-0300] {dag.py:3954} INFO - Setting next_dagrun for example_trigger_controller_dag to 2021-01-01 00:00:00+00:00, run_after=2021-01-01 00:00:00+00:00
[2024-06-09T16:51:23.663-0300] {processor.py:183} INFO - Processing /home/pedro/.local/lib/python3.10/site-packages/airflow/example_dags/example_trigger_controller_dag.py took 0.045 seconds
[2024-06-09T16:53:25.150-0300] {processor.py:161} INFO - Started process (PID=15428) to work on /home/pedro/.local/lib/python3.10/site-packages/airflow/example_dags/example_trigger_controller_dag.py
[2024-06-09T16:53:25.153-0300] {processor.py:830} INFO - Processing file /home/pedro/.local/lib/python3.10/site-packages/airflow/example_dags/example_trigger_controller_dag.py for tasks to queue
[2024-06-09T16:53:25.154-0300] {logging_mixin.py:188} INFO - [2024-06-09T16:53:25.154-0300] {dagbag.py:545} INFO - Filling up the DagBag from /home/pedro/.local/lib/python3.10/site-packages/airflow/example_dags/example_trigger_controller_dag.py
[2024-06-09T16:53:25.157-0300] {processor.py:840} INFO - DAG(s) 'example_trigger_controller_dag' retrieved from /home/pedro/.local/lib/python3.10/site-packages/airflow/example_dags/example_trigger_controller_dag.py
[2024-06-09T16:53:25.164-0300] {logging_mixin.py:188} INFO - [2024-06-09T16:53:25.164-0300] {dag.py:3096} INFO - Sync 1 DAGs
[2024-06-09T16:53:25.173-0300] {logging_mixin.py:188} INFO - [2024-06-09T16:53:25.173-0300] {dag.py:3954} INFO - Setting next_dagrun for example_trigger_controller_dag to 2021-01-01 00:00:00+00:00, run_after=2021-01-01 00:00:00+00:00
[2024-06-09T16:53:25.189-0300] {processor.py:183} INFO - Processing /home/pedro/.local/lib/python3.10/site-packages/airflow/example_dags/example_trigger_controller_dag.py took 0.043 seconds
[2024-06-09T16:55:34.668-0300] {processor.py:161} INFO - Started process (PID=16131) to work on /home/pedro/.local/lib/python3.10/site-packages/airflow/example_dags/example_trigger_controller_dag.py
[2024-06-09T16:55:34.671-0300] {processor.py:830} INFO - Processing file /home/pedro/.local/lib/python3.10/site-packages/airflow/example_dags/example_trigger_controller_dag.py for tasks to queue
[2024-06-09T16:55:34.672-0300] {logging_mixin.py:188} INFO - [2024-06-09T16:55:34.672-0300] {dagbag.py:545} INFO - Filling up the DagBag from /home/pedro/.local/lib/python3.10/site-packages/airflow/example_dags/example_trigger_controller_dag.py
[2024-06-09T16:55:34.675-0300] {processor.py:840} INFO - DAG(s) 'example_trigger_controller_dag' retrieved from /home/pedro/.local/lib/python3.10/site-packages/airflow/example_dags/example_trigger_controller_dag.py
[2024-06-09T16:55:34.683-0300] {logging_mixin.py:188} INFO - [2024-06-09T16:55:34.683-0300] {dag.py:3096} INFO - Sync 1 DAGs
[2024-06-09T16:55:34.693-0300] {logging_mixin.py:188} INFO - [2024-06-09T16:55:34.693-0300] {dag.py:3954} INFO - Setting next_dagrun for example_trigger_controller_dag to 2021-01-01 00:00:00+00:00, run_after=2021-01-01 00:00:00+00:00
[2024-06-09T16:55:34.708-0300] {processor.py:183} INFO - Processing /home/pedro/.local/lib/python3.10/site-packages/airflow/example_dags/example_trigger_controller_dag.py took 0.043 seconds
[2024-06-09T16:57:39.967-0300] {processor.py:161} INFO - Started process (PID=16846) to work on /home/pedro/.local/lib/python3.10/site-packages/airflow/example_dags/example_trigger_controller_dag.py
[2024-06-09T16:57:39.968-0300] {processor.py:830} INFO - Processing file /home/pedro/.local/lib/python3.10/site-packages/airflow/example_dags/example_trigger_controller_dag.py for tasks to queue
[2024-06-09T16:57:39.969-0300] {logging_mixin.py:188} INFO - [2024-06-09T16:57:39.969-0300] {dagbag.py:545} INFO - Filling up the DagBag from /home/pedro/.local/lib/python3.10/site-packages/airflow/example_dags/example_trigger_controller_dag.py
[2024-06-09T16:57:39.973-0300] {processor.py:840} INFO - DAG(s) 'example_trigger_controller_dag' retrieved from /home/pedro/.local/lib/python3.10/site-packages/airflow/example_dags/example_trigger_controller_dag.py
[2024-06-09T16:57:39.982-0300] {logging_mixin.py:188} INFO - [2024-06-09T16:57:39.982-0300] {dag.py:3096} INFO - Sync 1 DAGs
[2024-06-09T16:57:39.991-0300] {logging_mixin.py:188} INFO - [2024-06-09T16:57:39.991-0300] {dag.py:3954} INFO - Setting next_dagrun for example_trigger_controller_dag to 2021-01-01 00:00:00+00:00, run_after=2021-01-01 00:00:00+00:00
[2024-06-09T16:57:40.007-0300] {processor.py:183} INFO - Processing /home/pedro/.local/lib/python3.10/site-packages/airflow/example_dags/example_trigger_controller_dag.py took 0.043 seconds
