[2024-06-09T11:45:45.137-0300] {processor.py:161} INFO - Started process (PID=6053) to work on /home/pedro/.local/lib/python3.10/site-packages/airflow/example_dags/example_branch_operator.py
[2024-06-09T11:45:45.138-0300] {processor.py:830} INFO - Processing file /home/pedro/.local/lib/python3.10/site-packages/airflow/example_dags/example_branch_operator.py for tasks to queue
[2024-06-09T11:45:45.139-0300] {logging_mixin.py:188} INFO - [2024-06-09T11:45:45.139-0300] {dagbag.py:545} INFO - Filling up the DagBag from /home/pedro/.local/lib/python3.10/site-packages/airflow/example_dags/example_branch_operator.py
[2024-06-09T11:45:45.150-0300] {processor.py:840} INFO - DAG(s) 'example_branch_operator' retrieved from /home/pedro/.local/lib/python3.10/site-packages/airflow/example_dags/example_branch_operator.py
[2024-06-09T11:45:45.266-0300] {logging_mixin.py:188} INFO - [2024-06-09T11:45:45.266-0300] {dag.py:3096} INFO - Sync 1 DAGs
[2024-06-09T11:45:45.276-0300] {logging_mixin.py:188} INFO - [2024-06-09T11:45:45.275-0300] {dag.py:3954} INFO - Setting next_dagrun for example_branch_operator to 2024-06-08 00:00:00+00:00, run_after=2024-06-09 00:00:00+00:00
[2024-06-09T11:45:45.293-0300] {processor.py:183} INFO - Processing /home/pedro/.local/lib/python3.10/site-packages/airflow/example_dags/example_branch_operator.py took 0.164 seconds
[2024-06-09T11:46:38.839-0300] {processor.py:161} INFO - Started process (PID=7295) to work on /home/pedro/.local/lib/python3.10/site-packages/airflow/example_dags/example_branch_operator.py
[2024-06-09T11:46:38.842-0300] {processor.py:830} INFO - Processing file /home/pedro/.local/lib/python3.10/site-packages/airflow/example_dags/example_branch_operator.py for tasks to queue
[2024-06-09T11:46:38.843-0300] {logging_mixin.py:188} INFO - [2024-06-09T11:46:38.843-0300] {dagbag.py:545} INFO - Filling up the DagBag from /home/pedro/.local/lib/python3.10/site-packages/airflow/example_dags/example_branch_operator.py
[2024-06-09T11:46:38.851-0300] {processor.py:840} INFO - DAG(s) 'example_branch_operator' retrieved from /home/pedro/.local/lib/python3.10/site-packages/airflow/example_dags/example_branch_operator.py
[2024-06-09T11:46:38.863-0300] {logging_mixin.py:188} INFO - [2024-06-09T11:46:38.863-0300] {dag.py:3096} INFO - Sync 1 DAGs
[2024-06-09T11:46:38.873-0300] {logging_mixin.py:188} INFO - [2024-06-09T11:46:38.873-0300] {dag.py:3954} INFO - Setting next_dagrun for example_branch_operator to 2024-06-08 00:00:00+00:00, run_after=2024-06-09 00:00:00+00:00
[2024-06-09T11:46:38.888-0300] {processor.py:183} INFO - Processing /home/pedro/.local/lib/python3.10/site-packages/airflow/example_dags/example_branch_operator.py took 0.052 seconds
[2024-06-09T11:47:27.266-0300] {processor.py:161} INFO - Started process (PID=7390) to work on /home/pedro/.local/lib/python3.10/site-packages/airflow/example_dags/example_branch_operator.py
[2024-06-09T11:47:27.269-0300] {processor.py:830} INFO - Processing file /home/pedro/.local/lib/python3.10/site-packages/airflow/example_dags/example_branch_operator.py for tasks to queue
[2024-06-09T11:47:27.271-0300] {logging_mixin.py:188} INFO - [2024-06-09T11:47:27.270-0300] {dagbag.py:545} INFO - Filling up the DagBag from /home/pedro/.local/lib/python3.10/site-packages/airflow/example_dags/example_branch_operator.py
[2024-06-09T11:47:27.283-0300] {processor.py:840} INFO - DAG(s) 'example_branch_operator' retrieved from /home/pedro/.local/lib/python3.10/site-packages/airflow/example_dags/example_branch_operator.py
[2024-06-09T11:47:27.295-0300] {logging_mixin.py:188} INFO - [2024-06-09T11:47:27.295-0300] {dag.py:3096} INFO - Sync 1 DAGs
[2024-06-09T11:47:27.305-0300] {logging_mixin.py:188} INFO - [2024-06-09T11:47:27.305-0300] {dag.py:3954} INFO - Setting next_dagrun for example_branch_operator to 2024-06-08 00:00:00+00:00, run_after=2024-06-09 00:00:00+00:00
[2024-06-09T11:47:27.320-0300] {processor.py:183} INFO - Processing /home/pedro/.local/lib/python3.10/site-packages/airflow/example_dags/example_branch_operator.py took 0.057 seconds
[2024-06-09T11:48:31.224-0300] {processor.py:161} INFO - Started process (PID=7508) to work on /home/pedro/.local/lib/python3.10/site-packages/airflow/example_dags/example_branch_operator.py
[2024-06-09T11:48:31.227-0300] {processor.py:830} INFO - Processing file /home/pedro/.local/lib/python3.10/site-packages/airflow/example_dags/example_branch_operator.py for tasks to queue
[2024-06-09T11:48:31.230-0300] {logging_mixin.py:188} INFO - [2024-06-09T11:48:31.229-0300] {dagbag.py:545} INFO - Filling up the DagBag from /home/pedro/.local/lib/python3.10/site-packages/airflow/example_dags/example_branch_operator.py
[2024-06-09T11:48:31.243-0300] {processor.py:840} INFO - DAG(s) 'example_branch_operator' retrieved from /home/pedro/.local/lib/python3.10/site-packages/airflow/example_dags/example_branch_operator.py
[2024-06-09T11:48:31.255-0300] {logging_mixin.py:188} INFO - [2024-06-09T11:48:31.255-0300] {dag.py:3096} INFO - Sync 1 DAGs
[2024-06-09T11:48:31.265-0300] {logging_mixin.py:188} INFO - [2024-06-09T11:48:31.265-0300] {dag.py:3954} INFO - Setting next_dagrun for example_branch_operator to 2024-06-08 00:00:00+00:00, run_after=2024-06-09 00:00:00+00:00
[2024-06-09T11:48:31.280-0300] {processor.py:183} INFO - Processing /home/pedro/.local/lib/python3.10/site-packages/airflow/example_dags/example_branch_operator.py took 0.060 seconds
[2024-06-09T11:49:34.020-0300] {processor.py:161} INFO - Started process (PID=7894) to work on /home/pedro/.local/lib/python3.10/site-packages/airflow/example_dags/example_branch_operator.py
[2024-06-09T11:49:34.023-0300] {processor.py:830} INFO - Processing file /home/pedro/.local/lib/python3.10/site-packages/airflow/example_dags/example_branch_operator.py for tasks to queue
[2024-06-09T11:49:34.025-0300] {logging_mixin.py:188} INFO - [2024-06-09T11:49:34.025-0300] {dagbag.py:545} INFO - Filling up the DagBag from /home/pedro/.local/lib/python3.10/site-packages/airflow/example_dags/example_branch_operator.py
[2024-06-09T11:49:34.037-0300] {processor.py:840} INFO - DAG(s) 'example_branch_operator' retrieved from /home/pedro/.local/lib/python3.10/site-packages/airflow/example_dags/example_branch_operator.py
[2024-06-09T11:49:34.051-0300] {logging_mixin.py:188} INFO - [2024-06-09T11:49:34.051-0300] {dag.py:3096} INFO - Sync 1 DAGs
[2024-06-09T11:49:34.063-0300] {logging_mixin.py:188} INFO - [2024-06-09T11:49:34.062-0300] {dag.py:3954} INFO - Setting next_dagrun for example_branch_operator to 2024-06-08 00:00:00+00:00, run_after=2024-06-09 00:00:00+00:00
[2024-06-09T11:49:34.078-0300] {processor.py:183} INFO - Processing /home/pedro/.local/lib/python3.10/site-packages/airflow/example_dags/example_branch_operator.py took 0.067 seconds
[2024-06-09T11:50:41.090-0300] {processor.py:161} INFO - Started process (PID=8022) to work on /home/pedro/.local/lib/python3.10/site-packages/airflow/example_dags/example_branch_operator.py
[2024-06-09T11:50:41.093-0300] {processor.py:830} INFO - Processing file /home/pedro/.local/lib/python3.10/site-packages/airflow/example_dags/example_branch_operator.py for tasks to queue
[2024-06-09T11:50:41.095-0300] {logging_mixin.py:188} INFO - [2024-06-09T11:50:41.095-0300] {dagbag.py:545} INFO - Filling up the DagBag from /home/pedro/.local/lib/python3.10/site-packages/airflow/example_dags/example_branch_operator.py
[2024-06-09T11:50:41.107-0300] {processor.py:840} INFO - DAG(s) 'example_branch_operator' retrieved from /home/pedro/.local/lib/python3.10/site-packages/airflow/example_dags/example_branch_operator.py
[2024-06-09T11:50:41.120-0300] {logging_mixin.py:188} INFO - [2024-06-09T11:50:41.120-0300] {dag.py:3096} INFO - Sync 1 DAGs
[2024-06-09T11:50:41.132-0300] {logging_mixin.py:188} INFO - [2024-06-09T11:50:41.132-0300] {dag.py:3954} INFO - Setting next_dagrun for example_branch_operator to 2024-06-08 00:00:00+00:00, run_after=2024-06-09 00:00:00+00:00
[2024-06-09T11:50:41.147-0300] {processor.py:183} INFO - Processing /home/pedro/.local/lib/python3.10/site-packages/airflow/example_dags/example_branch_operator.py took 0.065 seconds
[2024-06-09T11:51:48.471-0300] {processor.py:161} INFO - Started process (PID=8266) to work on /home/pedro/.local/lib/python3.10/site-packages/airflow/example_dags/example_branch_operator.py
[2024-06-09T11:51:48.474-0300] {processor.py:830} INFO - Processing file /home/pedro/.local/lib/python3.10/site-packages/airflow/example_dags/example_branch_operator.py for tasks to queue
[2024-06-09T11:51:48.476-0300] {logging_mixin.py:188} INFO - [2024-06-09T11:51:48.476-0300] {dagbag.py:545} INFO - Filling up the DagBag from /home/pedro/.local/lib/python3.10/site-packages/airflow/example_dags/example_branch_operator.py
[2024-06-09T11:51:48.489-0300] {processor.py:840} INFO - DAG(s) 'example_branch_operator' retrieved from /home/pedro/.local/lib/python3.10/site-packages/airflow/example_dags/example_branch_operator.py
[2024-06-09T11:51:48.503-0300] {logging_mixin.py:188} INFO - [2024-06-09T11:51:48.503-0300] {dag.py:3096} INFO - Sync 1 DAGs
[2024-06-09T11:51:48.514-0300] {logging_mixin.py:188} INFO - [2024-06-09T11:51:48.514-0300] {dag.py:3954} INFO - Setting next_dagrun for example_branch_operator to 2024-06-08 00:00:00+00:00, run_after=2024-06-09 00:00:00+00:00
[2024-06-09T11:51:48.533-0300] {processor.py:183} INFO - Processing /home/pedro/.local/lib/python3.10/site-packages/airflow/example_dags/example_branch_operator.py took 0.066 seconds
[2024-06-09T11:52:49.544-0300] {processor.py:161} INFO - Started process (PID=8425) to work on /home/pedro/.local/lib/python3.10/site-packages/airflow/example_dags/example_branch_operator.py
[2024-06-09T11:52:49.548-0300] {processor.py:830} INFO - Processing file /home/pedro/.local/lib/python3.10/site-packages/airflow/example_dags/example_branch_operator.py for tasks to queue
[2024-06-09T11:52:49.550-0300] {logging_mixin.py:188} INFO - [2024-06-09T11:52:49.549-0300] {dagbag.py:545} INFO - Filling up the DagBag from /home/pedro/.local/lib/python3.10/site-packages/airflow/example_dags/example_branch_operator.py
[2024-06-09T11:52:49.562-0300] {processor.py:840} INFO - DAG(s) 'example_branch_operator' retrieved from /home/pedro/.local/lib/python3.10/site-packages/airflow/example_dags/example_branch_operator.py
[2024-06-09T11:52:49.578-0300] {logging_mixin.py:188} INFO - [2024-06-09T11:52:49.577-0300] {dag.py:3096} INFO - Sync 1 DAGs
[2024-06-09T11:52:49.589-0300] {logging_mixin.py:188} INFO - [2024-06-09T11:52:49.589-0300] {dag.py:3954} INFO - Setting next_dagrun for example_branch_operator to 2024-06-08 00:00:00+00:00, run_after=2024-06-09 00:00:00+00:00
[2024-06-09T11:52:49.604-0300] {processor.py:183} INFO - Processing /home/pedro/.local/lib/python3.10/site-packages/airflow/example_dags/example_branch_operator.py took 0.070 seconds
[2024-06-09T11:53:48.032-0300] {processor.py:161} INFO - Started process (PID=8561) to work on /home/pedro/.local/lib/python3.10/site-packages/airflow/example_dags/example_branch_operator.py
[2024-06-09T11:53:48.035-0300] {processor.py:830} INFO - Processing file /home/pedro/.local/lib/python3.10/site-packages/airflow/example_dags/example_branch_operator.py for tasks to queue
[2024-06-09T11:53:48.037-0300] {logging_mixin.py:188} INFO - [2024-06-09T11:53:48.037-0300] {dagbag.py:545} INFO - Filling up the DagBag from /home/pedro/.local/lib/python3.10/site-packages/airflow/example_dags/example_branch_operator.py
[2024-06-09T11:53:48.051-0300] {processor.py:840} INFO - DAG(s) 'example_branch_operator' retrieved from /home/pedro/.local/lib/python3.10/site-packages/airflow/example_dags/example_branch_operator.py
[2024-06-09T11:53:48.063-0300] {logging_mixin.py:188} INFO - [2024-06-09T11:53:48.063-0300] {dag.py:3096} INFO - Sync 1 DAGs
[2024-06-09T11:53:48.073-0300] {logging_mixin.py:188} INFO - [2024-06-09T11:53:48.073-0300] {dag.py:3954} INFO - Setting next_dagrun for example_branch_operator to 2024-06-08 00:00:00+00:00, run_after=2024-06-09 00:00:00+00:00
[2024-06-09T11:53:48.088-0300] {processor.py:183} INFO - Processing /home/pedro/.local/lib/python3.10/site-packages/airflow/example_dags/example_branch_operator.py took 0.060 seconds
[2024-06-09T11:54:49.937-0300] {processor.py:161} INFO - Started process (PID=8666) to work on /home/pedro/.local/lib/python3.10/site-packages/airflow/example_dags/example_branch_operator.py
[2024-06-09T11:54:49.940-0300] {processor.py:830} INFO - Processing file /home/pedro/.local/lib/python3.10/site-packages/airflow/example_dags/example_branch_operator.py for tasks to queue
[2024-06-09T11:54:49.942-0300] {logging_mixin.py:188} INFO - [2024-06-09T11:54:49.942-0300] {dagbag.py:545} INFO - Filling up the DagBag from /home/pedro/.local/lib/python3.10/site-packages/airflow/example_dags/example_branch_operator.py
[2024-06-09T11:54:49.954-0300] {processor.py:840} INFO - DAG(s) 'example_branch_operator' retrieved from /home/pedro/.local/lib/python3.10/site-packages/airflow/example_dags/example_branch_operator.py
[2024-06-09T11:54:49.967-0300] {logging_mixin.py:188} INFO - [2024-06-09T11:54:49.967-0300] {dag.py:3096} INFO - Sync 1 DAGs
[2024-06-09T11:54:49.978-0300] {logging_mixin.py:188} INFO - [2024-06-09T11:54:49.978-0300] {dag.py:3954} INFO - Setting next_dagrun for example_branch_operator to 2024-06-08 00:00:00+00:00, run_after=2024-06-09 00:00:00+00:00
[2024-06-09T11:54:49.994-0300] {processor.py:183} INFO - Processing /home/pedro/.local/lib/python3.10/site-packages/airflow/example_dags/example_branch_operator.py took 0.066 seconds
[2024-06-09T11:55:48.663-0300] {processor.py:161} INFO - Started process (PID=8914) to work on /home/pedro/.local/lib/python3.10/site-packages/airflow/example_dags/example_branch_operator.py
[2024-06-09T11:55:48.666-0300] {processor.py:830} INFO - Processing file /home/pedro/.local/lib/python3.10/site-packages/airflow/example_dags/example_branch_operator.py for tasks to queue
[2024-06-09T11:55:48.668-0300] {logging_mixin.py:188} INFO - [2024-06-09T11:55:48.668-0300] {dagbag.py:545} INFO - Filling up the DagBag from /home/pedro/.local/lib/python3.10/site-packages/airflow/example_dags/example_branch_operator.py
[2024-06-09T11:55:48.683-0300] {processor.py:840} INFO - DAG(s) 'example_branch_operator' retrieved from /home/pedro/.local/lib/python3.10/site-packages/airflow/example_dags/example_branch_operator.py
[2024-06-09T11:55:48.694-0300] {logging_mixin.py:188} INFO - [2024-06-09T11:55:48.694-0300] {dag.py:3096} INFO - Sync 1 DAGs
[2024-06-09T11:55:48.704-0300] {logging_mixin.py:188} INFO - [2024-06-09T11:55:48.704-0300] {dag.py:3954} INFO - Setting next_dagrun for example_branch_operator to 2024-06-08 00:00:00+00:00, run_after=2024-06-09 00:00:00+00:00
[2024-06-09T11:55:48.718-0300] {processor.py:183} INFO - Processing /home/pedro/.local/lib/python3.10/site-packages/airflow/example_dags/example_branch_operator.py took 0.060 seconds
[2024-06-09T11:58:06.477-0300] {processor.py:161} INFO - Started process (PID=9815) to work on /home/pedro/.local/lib/python3.10/site-packages/airflow/example_dags/example_branch_operator.py
[2024-06-09T11:58:06.481-0300] {processor.py:830} INFO - Processing file /home/pedro/.local/lib/python3.10/site-packages/airflow/example_dags/example_branch_operator.py for tasks to queue
[2024-06-09T11:58:06.483-0300] {logging_mixin.py:188} INFO - [2024-06-09T11:58:06.482-0300] {dagbag.py:545} INFO - Filling up the DagBag from /home/pedro/.local/lib/python3.10/site-packages/airflow/example_dags/example_branch_operator.py
[2024-06-09T11:58:06.496-0300] {processor.py:840} INFO - DAG(s) 'example_branch_operator' retrieved from /home/pedro/.local/lib/python3.10/site-packages/airflow/example_dags/example_branch_operator.py
[2024-06-09T11:58:06.613-0300] {logging_mixin.py:188} INFO - [2024-06-09T11:58:06.613-0300] {dag.py:3096} INFO - Sync 1 DAGs
[2024-06-09T11:58:06.623-0300] {logging_mixin.py:188} INFO - [2024-06-09T11:58:06.623-0300] {dag.py:3954} INFO - Setting next_dagrun for example_branch_operator to 2024-06-08 00:00:00+00:00, run_after=2024-06-09 00:00:00+00:00
[2024-06-09T11:58:06.643-0300] {processor.py:183} INFO - Processing /home/pedro/.local/lib/python3.10/site-packages/airflow/example_dags/example_branch_operator.py took 0.174 seconds
[2024-06-09T11:59:34.541-0300] {processor.py:161} INFO - Started process (PID=10722) to work on /home/pedro/.local/lib/python3.10/site-packages/airflow/example_dags/example_branch_operator.py
[2024-06-09T11:59:34.544-0300] {processor.py:830} INFO - Processing file /home/pedro/.local/lib/python3.10/site-packages/airflow/example_dags/example_branch_operator.py for tasks to queue
[2024-06-09T11:59:34.546-0300] {logging_mixin.py:188} INFO - [2024-06-09T11:59:34.546-0300] {dagbag.py:545} INFO - Filling up the DagBag from /home/pedro/.local/lib/python3.10/site-packages/airflow/example_dags/example_branch_operator.py
[2024-06-09T11:59:34.558-0300] {processor.py:840} INFO - DAG(s) 'example_branch_operator' retrieved from /home/pedro/.local/lib/python3.10/site-packages/airflow/example_dags/example_branch_operator.py
[2024-06-09T11:59:34.662-0300] {logging_mixin.py:188} INFO - [2024-06-09T11:59:34.662-0300] {dag.py:3096} INFO - Sync 1 DAGs
[2024-06-09T11:59:34.672-0300] {logging_mixin.py:188} INFO - [2024-06-09T11:59:34.672-0300] {dag.py:3954} INFO - Setting next_dagrun for example_branch_operator to 2024-06-08 00:00:00+00:00, run_after=2024-06-09 00:00:00+00:00
[2024-06-09T11:59:34.686-0300] {processor.py:183} INFO - Processing /home/pedro/.local/lib/python3.10/site-packages/airflow/example_dags/example_branch_operator.py took 0.153 seconds
[2024-06-09T12:00:28.232-0300] {processor.py:161} INFO - Started process (PID=10833) to work on /home/pedro/.local/lib/python3.10/site-packages/airflow/example_dags/example_branch_operator.py
[2024-06-09T12:00:28.236-0300] {processor.py:830} INFO - Processing file /home/pedro/.local/lib/python3.10/site-packages/airflow/example_dags/example_branch_operator.py for tasks to queue
[2024-06-09T12:00:28.237-0300] {logging_mixin.py:188} INFO - [2024-06-09T12:00:28.236-0300] {dagbag.py:545} INFO - Filling up the DagBag from /home/pedro/.local/lib/python3.10/site-packages/airflow/example_dags/example_branch_operator.py
[2024-06-09T12:00:28.249-0300] {processor.py:840} INFO - DAG(s) 'example_branch_operator' retrieved from /home/pedro/.local/lib/python3.10/site-packages/airflow/example_dags/example_branch_operator.py
[2024-06-09T12:00:28.265-0300] {logging_mixin.py:188} INFO - [2024-06-09T12:00:28.265-0300] {dag.py:3096} INFO - Sync 1 DAGs
[2024-06-09T12:00:28.279-0300] {logging_mixin.py:188} INFO - [2024-06-09T12:00:28.279-0300] {dag.py:3954} INFO - Setting next_dagrun for example_branch_operator to 2024-06-08 00:00:00+00:00, run_after=2024-06-09 00:00:00+00:00
[2024-06-09T12:00:28.301-0300] {processor.py:183} INFO - Processing /home/pedro/.local/lib/python3.10/site-packages/airflow/example_dags/example_branch_operator.py took 0.072 seconds
[2024-06-09T12:01:17.523-0300] {processor.py:161} INFO - Started process (PID=11127) to work on /home/pedro/.local/lib/python3.10/site-packages/airflow/example_dags/example_branch_operator.py
[2024-06-09T12:01:17.526-0300] {processor.py:830} INFO - Processing file /home/pedro/.local/lib/python3.10/site-packages/airflow/example_dags/example_branch_operator.py for tasks to queue
[2024-06-09T12:01:17.528-0300] {logging_mixin.py:188} INFO - [2024-06-09T12:01:17.528-0300] {dagbag.py:545} INFO - Filling up the DagBag from /home/pedro/.local/lib/python3.10/site-packages/airflow/example_dags/example_branch_operator.py
[2024-06-09T12:01:17.541-0300] {processor.py:840} INFO - DAG(s) 'example_branch_operator' retrieved from /home/pedro/.local/lib/python3.10/site-packages/airflow/example_dags/example_branch_operator.py
[2024-06-09T12:01:17.554-0300] {logging_mixin.py:188} INFO - [2024-06-09T12:01:17.554-0300] {dag.py:3096} INFO - Sync 1 DAGs
[2024-06-09T12:01:17.566-0300] {logging_mixin.py:188} INFO - [2024-06-09T12:01:17.566-0300] {dag.py:3954} INFO - Setting next_dagrun for example_branch_operator to 2024-06-08 00:00:00+00:00, run_after=2024-06-09 00:00:00+00:00
[2024-06-09T12:01:17.582-0300] {processor.py:183} INFO - Processing /home/pedro/.local/lib/python3.10/site-packages/airflow/example_dags/example_branch_operator.py took 0.068 seconds
[2024-06-09T12:02:23.435-0300] {processor.py:161} INFO - Started process (PID=11256) to work on /home/pedro/.local/lib/python3.10/site-packages/airflow/example_dags/example_branch_operator.py
[2024-06-09T12:02:23.439-0300] {processor.py:830} INFO - Processing file /home/pedro/.local/lib/python3.10/site-packages/airflow/example_dags/example_branch_operator.py for tasks to queue
[2024-06-09T12:02:23.441-0300] {logging_mixin.py:188} INFO - [2024-06-09T12:02:23.440-0300] {dagbag.py:545} INFO - Filling up the DagBag from /home/pedro/.local/lib/python3.10/site-packages/airflow/example_dags/example_branch_operator.py
[2024-06-09T12:02:23.454-0300] {processor.py:840} INFO - DAG(s) 'example_branch_operator' retrieved from /home/pedro/.local/lib/python3.10/site-packages/airflow/example_dags/example_branch_operator.py
[2024-06-09T12:02:23.467-0300] {logging_mixin.py:188} INFO - [2024-06-09T12:02:23.467-0300] {dag.py:3096} INFO - Sync 1 DAGs
[2024-06-09T12:02:23.478-0300] {logging_mixin.py:188} INFO - [2024-06-09T12:02:23.478-0300] {dag.py:3954} INFO - Setting next_dagrun for example_branch_operator to 2024-06-08 00:00:00+00:00, run_after=2024-06-09 00:00:00+00:00
[2024-06-09T12:02:23.496-0300] {processor.py:183} INFO - Processing /home/pedro/.local/lib/python3.10/site-packages/airflow/example_dags/example_branch_operator.py took 0.064 seconds
[2024-06-09T12:03:27.891-0300] {processor.py:161} INFO - Started process (PID=11376) to work on /home/pedro/.local/lib/python3.10/site-packages/airflow/example_dags/example_branch_operator.py
[2024-06-09T12:03:27.894-0300] {processor.py:830} INFO - Processing file /home/pedro/.local/lib/python3.10/site-packages/airflow/example_dags/example_branch_operator.py for tasks to queue
[2024-06-09T12:03:27.896-0300] {logging_mixin.py:188} INFO - [2024-06-09T12:03:27.896-0300] {dagbag.py:545} INFO - Filling up the DagBag from /home/pedro/.local/lib/python3.10/site-packages/airflow/example_dags/example_branch_operator.py
[2024-06-09T12:03:27.908-0300] {processor.py:840} INFO - DAG(s) 'example_branch_operator' retrieved from /home/pedro/.local/lib/python3.10/site-packages/airflow/example_dags/example_branch_operator.py
[2024-06-09T12:03:27.923-0300] {logging_mixin.py:188} INFO - [2024-06-09T12:03:27.923-0300] {dag.py:3096} INFO - Sync 1 DAGs
[2024-06-09T12:03:27.935-0300] {logging_mixin.py:188} INFO - [2024-06-09T12:03:27.935-0300] {dag.py:3954} INFO - Setting next_dagrun for example_branch_operator to 2024-06-08 00:00:00+00:00, run_after=2024-06-09 00:00:00+00:00
[2024-06-09T12:03:27.951-0300] {processor.py:183} INFO - Processing /home/pedro/.local/lib/python3.10/site-packages/airflow/example_dags/example_branch_operator.py took 0.064 seconds
[2024-06-09T12:04:25.359-0300] {processor.py:161} INFO - Started process (PID=11517) to work on /home/pedro/.local/lib/python3.10/site-packages/airflow/example_dags/example_branch_operator.py
[2024-06-09T12:04:25.363-0300] {processor.py:830} INFO - Processing file /home/pedro/.local/lib/python3.10/site-packages/airflow/example_dags/example_branch_operator.py for tasks to queue
[2024-06-09T12:04:25.365-0300] {logging_mixin.py:188} INFO - [2024-06-09T12:04:25.364-0300] {dagbag.py:545} INFO - Filling up the DagBag from /home/pedro/.local/lib/python3.10/site-packages/airflow/example_dags/example_branch_operator.py
[2024-06-09T12:04:25.377-0300] {processor.py:840} INFO - DAG(s) 'example_branch_operator' retrieved from /home/pedro/.local/lib/python3.10/site-packages/airflow/example_dags/example_branch_operator.py
[2024-06-09T12:04:25.390-0300] {logging_mixin.py:188} INFO - [2024-06-09T12:04:25.389-0300] {dag.py:3096} INFO - Sync 1 DAGs
[2024-06-09T12:04:25.401-0300] {logging_mixin.py:188} INFO - [2024-06-09T12:04:25.401-0300] {dag.py:3954} INFO - Setting next_dagrun for example_branch_operator to 2024-06-08 00:00:00+00:00, run_after=2024-06-09 00:00:00+00:00
[2024-06-09T12:04:25.419-0300] {processor.py:183} INFO - Processing /home/pedro/.local/lib/python3.10/site-packages/airflow/example_dags/example_branch_operator.py took 0.068 seconds
[2024-06-09T12:05:28.296-0300] {processor.py:161} INFO - Started process (PID=11618) to work on /home/pedro/.local/lib/python3.10/site-packages/airflow/example_dags/example_branch_operator.py
[2024-06-09T12:05:28.299-0300] {processor.py:830} INFO - Processing file /home/pedro/.local/lib/python3.10/site-packages/airflow/example_dags/example_branch_operator.py for tasks to queue
[2024-06-09T12:05:28.301-0300] {logging_mixin.py:188} INFO - [2024-06-09T12:05:28.301-0300] {dagbag.py:545} INFO - Filling up the DagBag from /home/pedro/.local/lib/python3.10/site-packages/airflow/example_dags/example_branch_operator.py
[2024-06-09T12:05:28.316-0300] {processor.py:840} INFO - DAG(s) 'example_branch_operator' retrieved from /home/pedro/.local/lib/python3.10/site-packages/airflow/example_dags/example_branch_operator.py
[2024-06-09T12:05:28.330-0300] {logging_mixin.py:188} INFO - [2024-06-09T12:05:28.330-0300] {dag.py:3096} INFO - Sync 1 DAGs
[2024-06-09T12:05:28.342-0300] {logging_mixin.py:188} INFO - [2024-06-09T12:05:28.342-0300] {dag.py:3954} INFO - Setting next_dagrun for example_branch_operator to 2024-06-08 00:00:00+00:00, run_after=2024-06-09 00:00:00+00:00
[2024-06-09T12:05:28.358-0300] {processor.py:183} INFO - Processing /home/pedro/.local/lib/python3.10/site-packages/airflow/example_dags/example_branch_operator.py took 0.066 seconds
[2024-06-09T12:06:58.553-0300] {processor.py:161} INFO - Started process (PID=12476) to work on /home/pedro/.local/lib/python3.10/site-packages/airflow/example_dags/example_branch_operator.py
[2024-06-09T12:06:58.557-0300] {processor.py:830} INFO - Processing file /home/pedro/.local/lib/python3.10/site-packages/airflow/example_dags/example_branch_operator.py for tasks to queue
[2024-06-09T12:06:58.559-0300] {logging_mixin.py:188} INFO - [2024-06-09T12:06:58.558-0300] {dagbag.py:545} INFO - Filling up the DagBag from /home/pedro/.local/lib/python3.10/site-packages/airflow/example_dags/example_branch_operator.py
[2024-06-09T12:06:58.572-0300] {processor.py:840} INFO - DAG(s) 'example_branch_operator' retrieved from /home/pedro/.local/lib/python3.10/site-packages/airflow/example_dags/example_branch_operator.py
[2024-06-09T12:06:58.688-0300] {logging_mixin.py:188} INFO - [2024-06-09T12:06:58.688-0300] {dag.py:3096} INFO - Sync 1 DAGs
[2024-06-09T12:06:58.698-0300] {logging_mixin.py:188} INFO - [2024-06-09T12:06:58.698-0300] {dag.py:3954} INFO - Setting next_dagrun for example_branch_operator to 2024-06-08 00:00:00+00:00, run_after=2024-06-09 00:00:00+00:00
[2024-06-09T12:06:58.716-0300] {processor.py:183} INFO - Processing /home/pedro/.local/lib/python3.10/site-packages/airflow/example_dags/example_branch_operator.py took 0.171 seconds
[2024-06-09T12:07:55.605-0300] {processor.py:161} INFO - Started process (PID=12578) to work on /home/pedro/.local/lib/python3.10/site-packages/airflow/example_dags/example_branch_operator.py
[2024-06-09T12:07:55.608-0300] {processor.py:830} INFO - Processing file /home/pedro/.local/lib/python3.10/site-packages/airflow/example_dags/example_branch_operator.py for tasks to queue
[2024-06-09T12:07:55.609-0300] {logging_mixin.py:188} INFO - [2024-06-09T12:07:55.609-0300] {dagbag.py:545} INFO - Filling up the DagBag from /home/pedro/.local/lib/python3.10/site-packages/airflow/example_dags/example_branch_operator.py
[2024-06-09T12:07:55.618-0300] {processor.py:840} INFO - DAG(s) 'example_branch_operator' retrieved from /home/pedro/.local/lib/python3.10/site-packages/airflow/example_dags/example_branch_operator.py
[2024-06-09T12:07:55.632-0300] {logging_mixin.py:188} INFO - [2024-06-09T12:07:55.631-0300] {dag.py:3096} INFO - Sync 1 DAGs
[2024-06-09T12:07:55.643-0300] {logging_mixin.py:188} INFO - [2024-06-09T12:07:55.643-0300] {dag.py:3954} INFO - Setting next_dagrun for example_branch_operator to 2024-06-08 00:00:00+00:00, run_after=2024-06-09 00:00:00+00:00
[2024-06-09T12:07:55.661-0300] {processor.py:183} INFO - Processing /home/pedro/.local/lib/python3.10/site-packages/airflow/example_dags/example_branch_operator.py took 0.059 seconds
[2024-06-09T12:08:45.836-0300] {processor.py:161} INFO - Started process (PID=12667) to work on /home/pedro/.local/lib/python3.10/site-packages/airflow/example_dags/example_branch_operator.py
[2024-06-09T12:08:45.840-0300] {processor.py:830} INFO - Processing file /home/pedro/.local/lib/python3.10/site-packages/airflow/example_dags/example_branch_operator.py for tasks to queue
[2024-06-09T12:08:45.842-0300] {logging_mixin.py:188} INFO - [2024-06-09T12:08:45.842-0300] {dagbag.py:545} INFO - Filling up the DagBag from /home/pedro/.local/lib/python3.10/site-packages/airflow/example_dags/example_branch_operator.py
[2024-06-09T12:08:45.862-0300] {processor.py:840} INFO - DAG(s) 'example_branch_operator' retrieved from /home/pedro/.local/lib/python3.10/site-packages/airflow/example_dags/example_branch_operator.py
[2024-06-09T12:08:45.875-0300] {logging_mixin.py:188} INFO - [2024-06-09T12:08:45.875-0300] {dag.py:3096} INFO - Sync 1 DAGs
[2024-06-09T12:08:45.887-0300] {logging_mixin.py:188} INFO - [2024-06-09T12:08:45.887-0300] {dag.py:3954} INFO - Setting next_dagrun for example_branch_operator to 2024-06-08 00:00:00+00:00, run_after=2024-06-09 00:00:00+00:00
[2024-06-09T12:08:45.904-0300] {processor.py:183} INFO - Processing /home/pedro/.local/lib/python3.10/site-packages/airflow/example_dags/example_branch_operator.py took 0.077 seconds
[2024-06-09T12:09:49.149-0300] {processor.py:161} INFO - Started process (PID=12787) to work on /home/pedro/.local/lib/python3.10/site-packages/airflow/example_dags/example_branch_operator.py
[2024-06-09T12:09:49.153-0300] {processor.py:830} INFO - Processing file /home/pedro/.local/lib/python3.10/site-packages/airflow/example_dags/example_branch_operator.py for tasks to queue
[2024-06-09T12:09:49.155-0300] {logging_mixin.py:188} INFO - [2024-06-09T12:09:49.154-0300] {dagbag.py:545} INFO - Filling up the DagBag from /home/pedro/.local/lib/python3.10/site-packages/airflow/example_dags/example_branch_operator.py
[2024-06-09T12:09:49.167-0300] {processor.py:840} INFO - DAG(s) 'example_branch_operator' retrieved from /home/pedro/.local/lib/python3.10/site-packages/airflow/example_dags/example_branch_operator.py
[2024-06-09T12:09:49.181-0300] {logging_mixin.py:188} INFO - [2024-06-09T12:09:49.181-0300] {dag.py:3096} INFO - Sync 1 DAGs
[2024-06-09T12:09:49.191-0300] {logging_mixin.py:188} INFO - [2024-06-09T12:09:49.191-0300] {dag.py:3954} INFO - Setting next_dagrun for example_branch_operator to 2024-06-08 00:00:00+00:00, run_after=2024-06-09 00:00:00+00:00
[2024-06-09T12:09:49.209-0300] {processor.py:183} INFO - Processing /home/pedro/.local/lib/python3.10/site-packages/airflow/example_dags/example_branch_operator.py took 0.069 seconds
[2024-06-09T12:10:52.456-0300] {processor.py:161} INFO - Started process (PID=12900) to work on /home/pedro/.local/lib/python3.10/site-packages/airflow/example_dags/example_branch_operator.py
[2024-06-09T12:10:52.457-0300] {processor.py:830} INFO - Processing file /home/pedro/.local/lib/python3.10/site-packages/airflow/example_dags/example_branch_operator.py for tasks to queue
[2024-06-09T12:10:52.458-0300] {logging_mixin.py:188} INFO - [2024-06-09T12:10:52.458-0300] {dagbag.py:545} INFO - Filling up the DagBag from /home/pedro/.local/lib/python3.10/site-packages/airflow/example_dags/example_branch_operator.py
[2024-06-09T12:10:52.470-0300] {processor.py:840} INFO - DAG(s) 'example_branch_operator' retrieved from /home/pedro/.local/lib/python3.10/site-packages/airflow/example_dags/example_branch_operator.py
[2024-06-09T12:10:52.483-0300] {logging_mixin.py:188} INFO - [2024-06-09T12:10:52.482-0300] {dag.py:3096} INFO - Sync 1 DAGs
[2024-06-09T12:10:52.494-0300] {logging_mixin.py:188} INFO - [2024-06-09T12:10:52.494-0300] {dag.py:3954} INFO - Setting next_dagrun for example_branch_operator to 2024-06-08 00:00:00+00:00, run_after=2024-06-09 00:00:00+00:00
[2024-06-09T12:10:52.508-0300] {processor.py:183} INFO - Processing /home/pedro/.local/lib/python3.10/site-packages/airflow/example_dags/example_branch_operator.py took 0.056 seconds
[2024-06-09T12:12:13.385-0300] {processor.py:161} INFO - Started process (PID=13039) to work on /home/pedro/.local/lib/python3.10/site-packages/airflow/example_dags/example_branch_operator.py
[2024-06-09T12:12:13.388-0300] {processor.py:830} INFO - Processing file /home/pedro/.local/lib/python3.10/site-packages/airflow/example_dags/example_branch_operator.py for tasks to queue
[2024-06-09T12:12:13.389-0300] {logging_mixin.py:188} INFO - [2024-06-09T12:12:13.389-0300] {dagbag.py:545} INFO - Filling up the DagBag from /home/pedro/.local/lib/python3.10/site-packages/airflow/example_dags/example_branch_operator.py
[2024-06-09T12:12:13.400-0300] {processor.py:840} INFO - DAG(s) 'example_branch_operator' retrieved from /home/pedro/.local/lib/python3.10/site-packages/airflow/example_dags/example_branch_operator.py
[2024-06-09T12:12:13.517-0300] {logging_mixin.py:188} INFO - [2024-06-09T12:12:13.517-0300] {dag.py:3096} INFO - Sync 1 DAGs
[2024-06-09T12:12:13.529-0300] {logging_mixin.py:188} INFO - [2024-06-09T12:12:13.529-0300] {dag.py:3954} INFO - Setting next_dagrun for example_branch_operator to 2024-06-08 00:00:00+00:00, run_after=2024-06-09 00:00:00+00:00
[2024-06-09T12:12:13.546-0300] {processor.py:183} INFO - Processing /home/pedro/.local/lib/python3.10/site-packages/airflow/example_dags/example_branch_operator.py took 0.166 seconds
[2024-06-09T12:13:08.674-0300] {processor.py:161} INFO - Started process (PID=13124) to work on /home/pedro/.local/lib/python3.10/site-packages/airflow/example_dags/example_branch_operator.py
[2024-06-09T12:13:08.677-0300] {processor.py:830} INFO - Processing file /home/pedro/.local/lib/python3.10/site-packages/airflow/example_dags/example_branch_operator.py for tasks to queue
[2024-06-09T12:13:08.678-0300] {logging_mixin.py:188} INFO - [2024-06-09T12:13:08.678-0300] {dagbag.py:545} INFO - Filling up the DagBag from /home/pedro/.local/lib/python3.10/site-packages/airflow/example_dags/example_branch_operator.py
[2024-06-09T12:13:08.688-0300] {processor.py:840} INFO - DAG(s) 'example_branch_operator' retrieved from /home/pedro/.local/lib/python3.10/site-packages/airflow/example_dags/example_branch_operator.py
[2024-06-09T12:13:08.702-0300] {logging_mixin.py:188} INFO - [2024-06-09T12:13:08.702-0300] {dag.py:3096} INFO - Sync 1 DAGs
[2024-06-09T12:13:08.712-0300] {logging_mixin.py:188} INFO - [2024-06-09T12:13:08.712-0300] {dag.py:3954} INFO - Setting next_dagrun for example_branch_operator to 2024-06-08 00:00:00+00:00, run_after=2024-06-09 00:00:00+00:00
[2024-06-09T12:13:08.729-0300] {processor.py:183} INFO - Processing /home/pedro/.local/lib/python3.10/site-packages/airflow/example_dags/example_branch_operator.py took 0.058 seconds
[2024-06-09T12:13:59.018-0300] {processor.py:161} INFO - Started process (PID=13195) to work on /home/pedro/.local/lib/python3.10/site-packages/airflow/example_dags/example_branch_operator.py
[2024-06-09T12:13:59.022-0300] {processor.py:830} INFO - Processing file /home/pedro/.local/lib/python3.10/site-packages/airflow/example_dags/example_branch_operator.py for tasks to queue
[2024-06-09T12:13:59.024-0300] {logging_mixin.py:188} INFO - [2024-06-09T12:13:59.023-0300] {dagbag.py:545} INFO - Filling up the DagBag from /home/pedro/.local/lib/python3.10/site-packages/airflow/example_dags/example_branch_operator.py
[2024-06-09T12:13:59.036-0300] {processor.py:840} INFO - DAG(s) 'example_branch_operator' retrieved from /home/pedro/.local/lib/python3.10/site-packages/airflow/example_dags/example_branch_operator.py
[2024-06-09T12:13:59.049-0300] {logging_mixin.py:188} INFO - [2024-06-09T12:13:59.048-0300] {dag.py:3096} INFO - Sync 1 DAGs
[2024-06-09T12:13:59.059-0300] {logging_mixin.py:188} INFO - [2024-06-09T12:13:59.059-0300] {dag.py:3954} INFO - Setting next_dagrun for example_branch_operator to 2024-06-08 00:00:00+00:00, run_after=2024-06-09 00:00:00+00:00
[2024-06-09T12:13:59.075-0300] {processor.py:183} INFO - Processing /home/pedro/.local/lib/python3.10/site-packages/airflow/example_dags/example_branch_operator.py took 0.067 seconds
[2024-06-09T12:15:26.534-0300] {processor.py:161} INFO - Started process (PID=13360) to work on /home/pedro/.local/lib/python3.10/site-packages/airflow/example_dags/example_branch_operator.py
[2024-06-09T12:15:26.537-0300] {processor.py:830} INFO - Processing file /home/pedro/.local/lib/python3.10/site-packages/airflow/example_dags/example_branch_operator.py for tasks to queue
[2024-06-09T12:15:26.539-0300] {logging_mixin.py:188} INFO - [2024-06-09T12:15:26.539-0300] {dagbag.py:545} INFO - Filling up the DagBag from /home/pedro/.local/lib/python3.10/site-packages/airflow/example_dags/example_branch_operator.py
[2024-06-09T12:15:26.551-0300] {processor.py:840} INFO - DAG(s) 'example_branch_operator' retrieved from /home/pedro/.local/lib/python3.10/site-packages/airflow/example_dags/example_branch_operator.py
[2024-06-09T12:15:26.667-0300] {logging_mixin.py:188} INFO - [2024-06-09T12:15:26.666-0300] {dag.py:3096} INFO - Sync 1 DAGs
[2024-06-09T12:15:26.677-0300] {logging_mixin.py:188} INFO - [2024-06-09T12:15:26.677-0300] {dag.py:3954} INFO - Setting next_dagrun for example_branch_operator to 2024-06-08 00:00:00+00:00, run_after=2024-06-09 00:00:00+00:00
[2024-06-09T12:15:26.693-0300] {processor.py:183} INFO - Processing /home/pedro/.local/lib/python3.10/site-packages/airflow/example_dags/example_branch_operator.py took 0.168 seconds
[2024-06-09T12:20:14.972-0300] {processor.py:161} INFO - Started process (PID=13623) to work on /home/pedro/.local/lib/python3.10/site-packages/airflow/example_dags/example_branch_operator.py
[2024-06-09T12:20:14.976-0300] {processor.py:830} INFO - Processing file /home/pedro/.local/lib/python3.10/site-packages/airflow/example_dags/example_branch_operator.py for tasks to queue
[2024-06-09T12:20:14.978-0300] {logging_mixin.py:188} INFO - [2024-06-09T12:20:14.977-0300] {dagbag.py:545} INFO - Filling up the DagBag from /home/pedro/.local/lib/python3.10/site-packages/airflow/example_dags/example_branch_operator.py
[2024-06-09T12:20:14.992-0300] {processor.py:840} INFO - DAG(s) 'example_branch_operator' retrieved from /home/pedro/.local/lib/python3.10/site-packages/airflow/example_dags/example_branch_operator.py
[2024-06-09T12:20:15.094-0300] {logging_mixin.py:188} INFO - [2024-06-09T12:20:15.094-0300] {dag.py:3096} INFO - Sync 1 DAGs
[2024-06-09T12:20:15.104-0300] {logging_mixin.py:188} INFO - [2024-06-09T12:20:15.104-0300] {dag.py:3954} INFO - Setting next_dagrun for example_branch_operator to 2024-06-08 00:00:00+00:00, run_after=2024-06-09 00:00:00+00:00
[2024-06-09T12:20:15.119-0300] {processor.py:183} INFO - Processing /home/pedro/.local/lib/python3.10/site-packages/airflow/example_dags/example_branch_operator.py took 0.152 seconds
[2024-06-09T12:21:07.537-0300] {processor.py:161} INFO - Started process (PID=13753) to work on /home/pedro/.local/lib/python3.10/site-packages/airflow/example_dags/example_branch_operator.py
[2024-06-09T12:21:07.540-0300] {processor.py:830} INFO - Processing file /home/pedro/.local/lib/python3.10/site-packages/airflow/example_dags/example_branch_operator.py for tasks to queue
[2024-06-09T12:21:07.541-0300] {logging_mixin.py:188} INFO - [2024-06-09T12:21:07.541-0300] {dagbag.py:545} INFO - Filling up the DagBag from /home/pedro/.local/lib/python3.10/site-packages/airflow/example_dags/example_branch_operator.py
[2024-06-09T12:21:07.550-0300] {processor.py:840} INFO - DAG(s) 'example_branch_operator' retrieved from /home/pedro/.local/lib/python3.10/site-packages/airflow/example_dags/example_branch_operator.py
[2024-06-09T12:21:07.561-0300] {logging_mixin.py:188} INFO - [2024-06-09T12:21:07.561-0300] {dag.py:3096} INFO - Sync 1 DAGs
[2024-06-09T12:21:07.571-0300] {logging_mixin.py:188} INFO - [2024-06-09T12:21:07.571-0300] {dag.py:3954} INFO - Setting next_dagrun for example_branch_operator to 2024-06-08 00:00:00+00:00, run_after=2024-06-09 00:00:00+00:00
[2024-06-09T12:21:07.588-0300] {processor.py:183} INFO - Processing /home/pedro/.local/lib/python3.10/site-packages/airflow/example_dags/example_branch_operator.py took 0.053 seconds
[2024-06-09T12:21:55.940-0300] {processor.py:161} INFO - Started process (PID=13841) to work on /home/pedro/.local/lib/python3.10/site-packages/airflow/example_dags/example_branch_operator.py
[2024-06-09T12:21:55.943-0300] {processor.py:830} INFO - Processing file /home/pedro/.local/lib/python3.10/site-packages/airflow/example_dags/example_branch_operator.py for tasks to queue
[2024-06-09T12:21:55.945-0300] {logging_mixin.py:188} INFO - [2024-06-09T12:21:55.945-0300] {dagbag.py:545} INFO - Filling up the DagBag from /home/pedro/.local/lib/python3.10/site-packages/airflow/example_dags/example_branch_operator.py
[2024-06-09T12:21:55.960-0300] {processor.py:840} INFO - DAG(s) 'example_branch_operator' retrieved from /home/pedro/.local/lib/python3.10/site-packages/airflow/example_dags/example_branch_operator.py
[2024-06-09T12:21:55.972-0300] {logging_mixin.py:188} INFO - [2024-06-09T12:21:55.972-0300] {dag.py:3096} INFO - Sync 1 DAGs
[2024-06-09T12:21:55.982-0300] {logging_mixin.py:188} INFO - [2024-06-09T12:21:55.982-0300] {dag.py:3954} INFO - Setting next_dagrun for example_branch_operator to 2024-06-08 00:00:00+00:00, run_after=2024-06-09 00:00:00+00:00
[2024-06-09T12:21:55.997-0300] {processor.py:183} INFO - Processing /home/pedro/.local/lib/python3.10/site-packages/airflow/example_dags/example_branch_operator.py took 0.062 seconds
[2024-06-09T12:22:56.746-0300] {processor.py:161} INFO - Started process (PID=13972) to work on /home/pedro/.local/lib/python3.10/site-packages/airflow/example_dags/example_branch_operator.py
[2024-06-09T12:22:56.750-0300] {processor.py:830} INFO - Processing file /home/pedro/.local/lib/python3.10/site-packages/airflow/example_dags/example_branch_operator.py for tasks to queue
[2024-06-09T12:22:56.751-0300] {logging_mixin.py:188} INFO - [2024-06-09T12:22:56.751-0300] {dagbag.py:545} INFO - Filling up the DagBag from /home/pedro/.local/lib/python3.10/site-packages/airflow/example_dags/example_branch_operator.py
[2024-06-09T12:22:56.763-0300] {processor.py:840} INFO - DAG(s) 'example_branch_operator' retrieved from /home/pedro/.local/lib/python3.10/site-packages/airflow/example_dags/example_branch_operator.py
[2024-06-09T12:22:56.779-0300] {logging_mixin.py:188} INFO - [2024-06-09T12:22:56.779-0300] {dag.py:3096} INFO - Sync 1 DAGs
[2024-06-09T12:22:56.792-0300] {logging_mixin.py:188} INFO - [2024-06-09T12:22:56.792-0300] {dag.py:3954} INFO - Setting next_dagrun for example_branch_operator to 2024-06-08 00:00:00+00:00, run_after=2024-06-09 00:00:00+00:00
[2024-06-09T12:22:56.809-0300] {processor.py:183} INFO - Processing /home/pedro/.local/lib/python3.10/site-packages/airflow/example_dags/example_branch_operator.py took 0.072 seconds
[2024-06-09T16:26:32.296-0300] {processor.py:161} INFO - Started process (PID=4849) to work on /home/pedro/.local/lib/python3.10/site-packages/airflow/example_dags/example_branch_operator.py
[2024-06-09T16:26:32.297-0300] {processor.py:830} INFO - Processing file /home/pedro/.local/lib/python3.10/site-packages/airflow/example_dags/example_branch_operator.py for tasks to queue
[2024-06-09T16:26:32.299-0300] {logging_mixin.py:188} INFO - [2024-06-09T16:26:32.299-0300] {dagbag.py:545} INFO - Filling up the DagBag from /home/pedro/.local/lib/python3.10/site-packages/airflow/example_dags/example_branch_operator.py
[2024-06-09T16:26:32.311-0300] {processor.py:840} INFO - DAG(s) 'example_branch_operator' retrieved from /home/pedro/.local/lib/python3.10/site-packages/airflow/example_dags/example_branch_operator.py
[2024-06-09T16:26:32.417-0300] {logging_mixin.py:188} INFO - [2024-06-09T16:26:32.417-0300] {dag.py:3096} INFO - Sync 1 DAGs
[2024-06-09T16:26:32.428-0300] {logging_mixin.py:188} INFO - [2024-06-09T16:26:32.428-0300] {dag.py:3954} INFO - Setting next_dagrun for example_branch_operator to 2024-06-08 00:00:00+00:00, run_after=2024-06-09 00:00:00+00:00
[2024-06-09T16:26:32.443-0300] {processor.py:183} INFO - Processing /home/pedro/.local/lib/python3.10/site-packages/airflow/example_dags/example_branch_operator.py took 0.156 seconds
[2024-06-09T16:29:17.912-0300] {processor.py:161} INFO - Started process (PID=5836) to work on /home/pedro/.local/lib/python3.10/site-packages/airflow/example_dags/example_branch_operator.py
[2024-06-09T16:29:17.912-0300] {processor.py:830} INFO - Processing file /home/pedro/.local/lib/python3.10/site-packages/airflow/example_dags/example_branch_operator.py for tasks to queue
[2024-06-09T16:29:17.913-0300] {logging_mixin.py:188} INFO - [2024-06-09T16:29:17.913-0300] {dagbag.py:545} INFO - Filling up the DagBag from /home/pedro/.local/lib/python3.10/site-packages/airflow/example_dags/example_branch_operator.py
[2024-06-09T16:29:17.983-0300] {processor.py:840} INFO - DAG(s) 'example_branch_operator' retrieved from /home/pedro/.local/lib/python3.10/site-packages/airflow/example_dags/example_branch_operator.py
[2024-06-09T16:29:17.994-0300] {logging_mixin.py:188} INFO - [2024-06-09T16:29:17.994-0300] {dag.py:3096} INFO - Sync 1 DAGs
[2024-06-09T16:29:18.003-0300] {logging_mixin.py:188} INFO - [2024-06-09T16:29:18.003-0300] {dag.py:3954} INFO - Setting next_dagrun for example_branch_operator to 2024-06-08 00:00:00+00:00, run_after=2024-06-09 00:00:00+00:00
[2024-06-09T16:29:18.016-0300] {processor.py:183} INFO - Processing /home/pedro/.local/lib/python3.10/site-packages/airflow/example_dags/example_branch_operator.py took 0.108 seconds
[2024-06-09T16:31:34.117-0300] {processor.py:161} INFO - Started process (PID=7745) to work on /home/pedro/.local/lib/python3.10/site-packages/airflow/example_dags/example_branch_operator.py
[2024-06-09T16:31:34.121-0300] {processor.py:830} INFO - Processing file /home/pedro/.local/lib/python3.10/site-packages/airflow/example_dags/example_branch_operator.py for tasks to queue
[2024-06-09T16:31:34.122-0300] {logging_mixin.py:188} INFO - [2024-06-09T16:31:34.122-0300] {dagbag.py:545} INFO - Filling up the DagBag from /home/pedro/.local/lib/python3.10/site-packages/airflow/example_dags/example_branch_operator.py
[2024-06-09T16:31:34.134-0300] {processor.py:840} INFO - DAG(s) 'example_branch_operator' retrieved from /home/pedro/.local/lib/python3.10/site-packages/airflow/example_dags/example_branch_operator.py
[2024-06-09T16:31:34.153-0300] {logging_mixin.py:188} INFO - [2024-06-09T16:31:34.153-0300] {dag.py:3096} INFO - Sync 1 DAGs
[2024-06-09T16:31:34.166-0300] {logging_mixin.py:188} INFO - [2024-06-09T16:31:34.166-0300] {dag.py:3954} INFO - Setting next_dagrun for example_branch_operator to 2024-06-08 00:00:00+00:00, run_after=2024-06-09 00:00:00+00:00
[2024-06-09T16:31:34.183-0300] {processor.py:183} INFO - Processing /home/pedro/.local/lib/python3.10/site-packages/airflow/example_dags/example_branch_operator.py took 0.070 seconds
[2024-06-09T16:35:42.376-0300] {processor.py:161} INFO - Started process (PID=9137) to work on /home/pedro/.local/lib/python3.10/site-packages/airflow/example_dags/example_branch_operator.py
[2024-06-09T16:35:42.380-0300] {processor.py:830} INFO - Processing file /home/pedro/.local/lib/python3.10/site-packages/airflow/example_dags/example_branch_operator.py for tasks to queue
[2024-06-09T16:35:42.381-0300] {logging_mixin.py:188} INFO - [2024-06-09T16:35:42.380-0300] {dagbag.py:545} INFO - Filling up the DagBag from /home/pedro/.local/lib/python3.10/site-packages/airflow/example_dags/example_branch_operator.py
[2024-06-09T16:35:42.392-0300] {processor.py:840} INFO - DAG(s) 'example_branch_operator' retrieved from /home/pedro/.local/lib/python3.10/site-packages/airflow/example_dags/example_branch_operator.py
[2024-06-09T16:35:42.404-0300] {logging_mixin.py:188} INFO - [2024-06-09T16:35:42.404-0300] {dag.py:3096} INFO - Sync 1 DAGs
[2024-06-09T16:35:42.414-0300] {logging_mixin.py:188} INFO - [2024-06-09T16:35:42.414-0300] {dag.py:3954} INFO - Setting next_dagrun for example_branch_operator to 2024-06-08 00:00:00+00:00, run_after=2024-06-09 00:00:00+00:00
[2024-06-09T16:35:42.430-0300] {processor.py:183} INFO - Processing /home/pedro/.local/lib/python3.10/site-packages/airflow/example_dags/example_branch_operator.py took 0.056 seconds
[2024-06-09T16:39:32.254-0300] {processor.py:161} INFO - Started process (PID=10525) to work on /home/pedro/.local/lib/python3.10/site-packages/airflow/example_dags/example_branch_operator.py
[2024-06-09T16:39:32.257-0300] {processor.py:830} INFO - Processing file /home/pedro/.local/lib/python3.10/site-packages/airflow/example_dags/example_branch_operator.py for tasks to queue
[2024-06-09T16:39:32.259-0300] {logging_mixin.py:188} INFO - [2024-06-09T16:39:32.259-0300] {dagbag.py:545} INFO - Filling up the DagBag from /home/pedro/.local/lib/python3.10/site-packages/airflow/example_dags/example_branch_operator.py
[2024-06-09T16:39:32.271-0300] {processor.py:840} INFO - DAG(s) 'example_branch_operator' retrieved from /home/pedro/.local/lib/python3.10/site-packages/airflow/example_dags/example_branch_operator.py
[2024-06-09T16:39:32.283-0300] {logging_mixin.py:188} INFO - [2024-06-09T16:39:32.283-0300] {dag.py:3096} INFO - Sync 1 DAGs
[2024-06-09T16:39:32.296-0300] {logging_mixin.py:188} INFO - [2024-06-09T16:39:32.296-0300] {dag.py:3954} INFO - Setting next_dagrun for example_branch_operator to 2024-06-08 00:00:00+00:00, run_after=2024-06-09 00:00:00+00:00
[2024-06-09T16:39:32.311-0300] {processor.py:183} INFO - Processing /home/pedro/.local/lib/python3.10/site-packages/airflow/example_dags/example_branch_operator.py took 0.065 seconds
[2024-06-09T16:43:27.796-0300] {processor.py:161} INFO - Started process (PID=11929) to work on /home/pedro/.local/lib/python3.10/site-packages/airflow/example_dags/example_branch_operator.py
[2024-06-09T16:43:27.797-0300] {processor.py:830} INFO - Processing file /home/pedro/.local/lib/python3.10/site-packages/airflow/example_dags/example_branch_operator.py for tasks to queue
[2024-06-09T16:43:27.798-0300] {logging_mixin.py:188} INFO - [2024-06-09T16:43:27.798-0300] {dagbag.py:545} INFO - Filling up the DagBag from /home/pedro/.local/lib/python3.10/site-packages/airflow/example_dags/example_branch_operator.py
[2024-06-09T16:43:27.809-0300] {processor.py:840} INFO - DAG(s) 'example_branch_operator' retrieved from /home/pedro/.local/lib/python3.10/site-packages/airflow/example_dags/example_branch_operator.py
[2024-06-09T16:43:27.822-0300] {logging_mixin.py:188} INFO - [2024-06-09T16:43:27.822-0300] {dag.py:3096} INFO - Sync 1 DAGs
[2024-06-09T16:43:27.833-0300] {logging_mixin.py:188} INFO - [2024-06-09T16:43:27.833-0300] {dag.py:3954} INFO - Setting next_dagrun for example_branch_operator to 2024-06-08 00:00:00+00:00, run_after=2024-06-09 00:00:00+00:00
[2024-06-09T16:43:27.847-0300] {processor.py:183} INFO - Processing /home/pedro/.local/lib/python3.10/site-packages/airflow/example_dags/example_branch_operator.py took 0.055 seconds
[2024-06-09T16:47:45.492-0300] {processor.py:161} INFO - Started process (PID=13390) to work on /home/pedro/.local/lib/python3.10/site-packages/airflow/example_dags/example_branch_operator.py
[2024-06-09T16:47:45.495-0300] {processor.py:830} INFO - Processing file /home/pedro/.local/lib/python3.10/site-packages/airflow/example_dags/example_branch_operator.py for tasks to queue
[2024-06-09T16:47:45.497-0300] {logging_mixin.py:188} INFO - [2024-06-09T16:47:45.496-0300] {dagbag.py:545} INFO - Filling up the DagBag from /home/pedro/.local/lib/python3.10/site-packages/airflow/example_dags/example_branch_operator.py
[2024-06-09T16:47:45.508-0300] {processor.py:840} INFO - DAG(s) 'example_branch_operator' retrieved from /home/pedro/.local/lib/python3.10/site-packages/airflow/example_dags/example_branch_operator.py
[2024-06-09T16:47:45.521-0300] {logging_mixin.py:188} INFO - [2024-06-09T16:47:45.520-0300] {dag.py:3096} INFO - Sync 1 DAGs
[2024-06-09T16:47:45.531-0300] {logging_mixin.py:188} INFO - [2024-06-09T16:47:45.531-0300] {dag.py:3954} INFO - Setting next_dagrun for example_branch_operator to 2024-06-08 00:00:00+00:00, run_after=2024-06-09 00:00:00+00:00
[2024-06-09T16:47:45.546-0300] {processor.py:183} INFO - Processing /home/pedro/.local/lib/python3.10/site-packages/airflow/example_dags/example_branch_operator.py took 0.059 seconds
[2024-06-09T16:51:45.675-0300] {processor.py:161} INFO - Started process (PID=14852) to work on /home/pedro/.local/lib/python3.10/site-packages/airflow/example_dags/example_branch_operator.py
[2024-06-09T16:51:45.676-0300] {processor.py:830} INFO - Processing file /home/pedro/.local/lib/python3.10/site-packages/airflow/example_dags/example_branch_operator.py for tasks to queue
[2024-06-09T16:51:45.677-0300] {logging_mixin.py:188} INFO - [2024-06-09T16:51:45.677-0300] {dagbag.py:545} INFO - Filling up the DagBag from /home/pedro/.local/lib/python3.10/site-packages/airflow/example_dags/example_branch_operator.py
[2024-06-09T16:51:45.690-0300] {processor.py:840} INFO - DAG(s) 'example_branch_operator' retrieved from /home/pedro/.local/lib/python3.10/site-packages/airflow/example_dags/example_branch_operator.py
[2024-06-09T16:51:45.702-0300] {logging_mixin.py:188} INFO - [2024-06-09T16:51:45.702-0300] {dag.py:3096} INFO - Sync 1 DAGs
[2024-06-09T16:51:45.712-0300] {logging_mixin.py:188} INFO - [2024-06-09T16:51:45.712-0300] {dag.py:3954} INFO - Setting next_dagrun for example_branch_operator to 2024-06-08 00:00:00+00:00, run_after=2024-06-09 00:00:00+00:00
[2024-06-09T16:51:45.726-0300] {processor.py:183} INFO - Processing /home/pedro/.local/lib/python3.10/site-packages/airflow/example_dags/example_branch_operator.py took 0.055 seconds
[2024-06-09T16:56:00.274-0300] {processor.py:161} INFO - Started process (PID=16299) to work on /home/pedro/.local/lib/python3.10/site-packages/airflow/example_dags/example_branch_operator.py
[2024-06-09T16:56:00.277-0300] {processor.py:830} INFO - Processing file /home/pedro/.local/lib/python3.10/site-packages/airflow/example_dags/example_branch_operator.py for tasks to queue
[2024-06-09T16:56:00.278-0300] {logging_mixin.py:188} INFO - [2024-06-09T16:56:00.278-0300] {dagbag.py:545} INFO - Filling up the DagBag from /home/pedro/.local/lib/python3.10/site-packages/airflow/example_dags/example_branch_operator.py
[2024-06-09T16:56:00.288-0300] {processor.py:840} INFO - DAG(s) 'example_branch_operator' retrieved from /home/pedro/.local/lib/python3.10/site-packages/airflow/example_dags/example_branch_operator.py
[2024-06-09T16:56:00.300-0300] {logging_mixin.py:188} INFO - [2024-06-09T16:56:00.300-0300] {dag.py:3096} INFO - Sync 1 DAGs
[2024-06-09T16:56:00.311-0300] {logging_mixin.py:188} INFO - [2024-06-09T16:56:00.311-0300] {dag.py:3954} INFO - Setting next_dagrun for example_branch_operator to 2024-06-08 00:00:00+00:00, run_after=2024-06-09 00:00:00+00:00
[2024-06-09T16:56:00.329-0300] {processor.py:183} INFO - Processing /home/pedro/.local/lib/python3.10/site-packages/airflow/example_dags/example_branch_operator.py took 0.060 seconds
