[2024-06-09T11:45:26.098-0300] {processor.py:161} INFO - Started process (PID=5907) to work on /home/pedro/.local/lib/python3.10/site-packages/airflow/example_dags/example_task_group_decorator.py
[2024-06-09T11:45:26.098-0300] {processor.py:830} INFO - Processing file /home/pedro/.local/lib/python3.10/site-packages/airflow/example_dags/example_task_group_decorator.py for tasks to queue
[2024-06-09T11:45:26.099-0300] {logging_mixin.py:188} INFO - [2024-06-09T11:45:26.099-0300] {dagbag.py:545} INFO - Filling up the DagBag from /home/pedro/.local/lib/python3.10/site-packages/airflow/example_dags/example_task_group_decorator.py
[2024-06-09T11:45:26.113-0300] {processor.py:840} INFO - DAG(s) 'example_task_group_decorator' retrieved from /home/pedro/.local/lib/python3.10/site-packages/airflow/example_dags/example_task_group_decorator.py
[2024-06-09T11:45:26.136-0300] {logging_mixin.py:188} INFO - [2024-06-09T11:45:26.136-0300] {dag.py:3096} INFO - Sync 1 DAGs
[2024-06-09T11:45:26.169-0300] {logging_mixin.py:188} INFO - [2024-06-09T11:45:26.168-0300] {dag.py:3954} INFO - Setting next_dagrun for example_task_group_decorator to 2024-06-08 00:00:00+00:00, run_after=2024-06-09 00:00:00+00:00
[2024-06-09T11:45:26.201-0300] {processor.py:183} INFO - Processing /home/pedro/.local/lib/python3.10/site-packages/airflow/example_dags/example_task_group_decorator.py took 0.107 seconds
[2024-06-09T11:46:19.519-0300] {processor.py:161} INFO - Started process (PID=7200) to work on /home/pedro/.local/lib/python3.10/site-packages/airflow/example_dags/example_task_group_decorator.py
[2024-06-09T11:46:19.522-0300] {processor.py:830} INFO - Processing file /home/pedro/.local/lib/python3.10/site-packages/airflow/example_dags/example_task_group_decorator.py for tasks to queue
[2024-06-09T11:46:19.524-0300] {logging_mixin.py:188} INFO - [2024-06-09T11:46:19.524-0300] {dagbag.py:545} INFO - Filling up the DagBag from /home/pedro/.local/lib/python3.10/site-packages/airflow/example_dags/example_task_group_decorator.py
[2024-06-09T11:46:19.536-0300] {processor.py:840} INFO - DAG(s) 'example_task_group_decorator' retrieved from /home/pedro/.local/lib/python3.10/site-packages/airflow/example_dags/example_task_group_decorator.py
[2024-06-09T11:46:19.598-0300] {logging_mixin.py:188} INFO - [2024-06-09T11:46:19.598-0300] {dag.py:3096} INFO - Sync 1 DAGs
[2024-06-09T11:46:19.606-0300] {logging_mixin.py:188} INFO - [2024-06-09T11:46:19.606-0300] {dag.py:3954} INFO - Setting next_dagrun for example_task_group_decorator to 2024-06-08 00:00:00+00:00, run_after=2024-06-09 00:00:00+00:00
[2024-06-09T11:46:19.620-0300] {processor.py:183} INFO - Processing /home/pedro/.local/lib/python3.10/site-packages/airflow/example_dags/example_task_group_decorator.py took 0.104 seconds
[2024-06-09T11:47:10.789-0300] {processor.py:161} INFO - Started process (PID=7353) to work on /home/pedro/.local/lib/python3.10/site-packages/airflow/example_dags/example_task_group_decorator.py
[2024-06-09T11:47:10.792-0300] {processor.py:830} INFO - Processing file /home/pedro/.local/lib/python3.10/site-packages/airflow/example_dags/example_task_group_decorator.py for tasks to queue
[2024-06-09T11:47:10.794-0300] {logging_mixin.py:188} INFO - [2024-06-09T11:47:10.794-0300] {dagbag.py:545} INFO - Filling up the DagBag from /home/pedro/.local/lib/python3.10/site-packages/airflow/example_dags/example_task_group_decorator.py
[2024-06-09T11:47:10.805-0300] {processor.py:840} INFO - DAG(s) 'example_task_group_decorator' retrieved from /home/pedro/.local/lib/python3.10/site-packages/airflow/example_dags/example_task_group_decorator.py
[2024-06-09T11:47:10.815-0300] {logging_mixin.py:188} INFO - [2024-06-09T11:47:10.815-0300] {dag.py:3096} INFO - Sync 1 DAGs
[2024-06-09T11:47:10.825-0300] {logging_mixin.py:188} INFO - [2024-06-09T11:47:10.825-0300] {dag.py:3954} INFO - Setting next_dagrun for example_task_group_decorator to 2024-06-08 00:00:00+00:00, run_after=2024-06-09 00:00:00+00:00
[2024-06-09T11:47:10.840-0300] {processor.py:183} INFO - Processing /home/pedro/.local/lib/python3.10/site-packages/airflow/example_dags/example_task_group_decorator.py took 0.056 seconds
[2024-06-09T11:47:56.548-0300] {processor.py:161} INFO - Started process (PID=7442) to work on /home/pedro/.local/lib/python3.10/site-packages/airflow/example_dags/example_task_group_decorator.py
[2024-06-09T11:47:56.551-0300] {processor.py:830} INFO - Processing file /home/pedro/.local/lib/python3.10/site-packages/airflow/example_dags/example_task_group_decorator.py for tasks to queue
[2024-06-09T11:47:56.553-0300] {logging_mixin.py:188} INFO - [2024-06-09T11:47:56.552-0300] {dagbag.py:545} INFO - Filling up the DagBag from /home/pedro/.local/lib/python3.10/site-packages/airflow/example_dags/example_task_group_decorator.py
[2024-06-09T11:47:56.565-0300] {processor.py:840} INFO - DAG(s) 'example_task_group_decorator' retrieved from /home/pedro/.local/lib/python3.10/site-packages/airflow/example_dags/example_task_group_decorator.py
[2024-06-09T11:47:56.576-0300] {logging_mixin.py:188} INFO - [2024-06-09T11:47:56.575-0300] {dag.py:3096} INFO - Sync 1 DAGs
[2024-06-09T11:47:56.585-0300] {logging_mixin.py:188} INFO - [2024-06-09T11:47:56.585-0300] {dag.py:3954} INFO - Setting next_dagrun for example_task_group_decorator to 2024-06-08 00:00:00+00:00, run_after=2024-06-09 00:00:00+00:00
[2024-06-09T11:47:56.599-0300] {processor.py:183} INFO - Processing /home/pedro/.local/lib/python3.10/site-packages/airflow/example_dags/example_task_group_decorator.py took 0.057 seconds
[2024-06-09T11:48:39.248-0300] {processor.py:161} INFO - Started process (PID=7517) to work on /home/pedro/.local/lib/python3.10/site-packages/airflow/example_dags/example_task_group_decorator.py
[2024-06-09T11:48:39.251-0300] {processor.py:830} INFO - Processing file /home/pedro/.local/lib/python3.10/site-packages/airflow/example_dags/example_task_group_decorator.py for tasks to queue
[2024-06-09T11:48:39.254-0300] {logging_mixin.py:188} INFO - [2024-06-09T11:48:39.253-0300] {dagbag.py:545} INFO - Filling up the DagBag from /home/pedro/.local/lib/python3.10/site-packages/airflow/example_dags/example_task_group_decorator.py
[2024-06-09T11:48:39.264-0300] {processor.py:840} INFO - DAG(s) 'example_task_group_decorator' retrieved from /home/pedro/.local/lib/python3.10/site-packages/airflow/example_dags/example_task_group_decorator.py
[2024-06-09T11:48:39.277-0300] {logging_mixin.py:188} INFO - [2024-06-09T11:48:39.277-0300] {dag.py:3096} INFO - Sync 1 DAGs
[2024-06-09T11:48:39.290-0300] {logging_mixin.py:188} INFO - [2024-06-09T11:48:39.290-0300] {dag.py:3954} INFO - Setting next_dagrun for example_task_group_decorator to 2024-06-08 00:00:00+00:00, run_after=2024-06-09 00:00:00+00:00
[2024-06-09T11:48:39.306-0300] {processor.py:183} INFO - Processing /home/pedro/.local/lib/python3.10/site-packages/airflow/example_dags/example_task_group_decorator.py took 0.067 seconds
[2024-06-09T11:49:21.407-0300] {processor.py:161} INFO - Started process (PID=7788) to work on /home/pedro/.local/lib/python3.10/site-packages/airflow/example_dags/example_task_group_decorator.py
[2024-06-09T11:49:21.410-0300] {processor.py:830} INFO - Processing file /home/pedro/.local/lib/python3.10/site-packages/airflow/example_dags/example_task_group_decorator.py for tasks to queue
[2024-06-09T11:49:21.413-0300] {logging_mixin.py:188} INFO - [2024-06-09T11:49:21.412-0300] {dagbag.py:545} INFO - Filling up the DagBag from /home/pedro/.local/lib/python3.10/site-packages/airflow/example_dags/example_task_group_decorator.py
[2024-06-09T11:49:21.426-0300] {processor.py:840} INFO - DAG(s) 'example_task_group_decorator' retrieved from /home/pedro/.local/lib/python3.10/site-packages/airflow/example_dags/example_task_group_decorator.py
[2024-06-09T11:49:21.436-0300] {logging_mixin.py:188} INFO - [2024-06-09T11:49:21.436-0300] {dag.py:3096} INFO - Sync 1 DAGs
[2024-06-09T11:49:21.446-0300] {logging_mixin.py:188} INFO - [2024-06-09T11:49:21.446-0300] {dag.py:3954} INFO - Setting next_dagrun for example_task_group_decorator to 2024-06-08 00:00:00+00:00, run_after=2024-06-09 00:00:00+00:00
[2024-06-09T11:49:21.460-0300] {processor.py:183} INFO - Processing /home/pedro/.local/lib/python3.10/site-packages/airflow/example_dags/example_task_group_decorator.py took 0.057 seconds
[2024-06-09T11:50:03.882-0300] {processor.py:161} INFO - Started process (PID=7950) to work on /home/pedro/.local/lib/python3.10/site-packages/airflow/example_dags/example_task_group_decorator.py
[2024-06-09T11:50:03.886-0300] {processor.py:830} INFO - Processing file /home/pedro/.local/lib/python3.10/site-packages/airflow/example_dags/example_task_group_decorator.py for tasks to queue
[2024-06-09T11:50:03.888-0300] {logging_mixin.py:188} INFO - [2024-06-09T11:50:03.887-0300] {dagbag.py:545} INFO - Filling up the DagBag from /home/pedro/.local/lib/python3.10/site-packages/airflow/example_dags/example_task_group_decorator.py
[2024-06-09T11:50:03.901-0300] {processor.py:840} INFO - DAG(s) 'example_task_group_decorator' retrieved from /home/pedro/.local/lib/python3.10/site-packages/airflow/example_dags/example_task_group_decorator.py
[2024-06-09T11:50:03.912-0300] {logging_mixin.py:188} INFO - [2024-06-09T11:50:03.911-0300] {dag.py:3096} INFO - Sync 1 DAGs
[2024-06-09T11:50:03.921-0300] {logging_mixin.py:188} INFO - [2024-06-09T11:50:03.921-0300] {dag.py:3954} INFO - Setting next_dagrun for example_task_group_decorator to 2024-06-08 00:00:00+00:00, run_after=2024-06-09 00:00:00+00:00
[2024-06-09T11:50:03.935-0300] {processor.py:183} INFO - Processing /home/pedro/.local/lib/python3.10/site-packages/airflow/example_dags/example_task_group_decorator.py took 0.058 seconds
[2024-06-09T11:50:50.297-0300] {processor.py:161} INFO - Started process (PID=8078) to work on /home/pedro/.local/lib/python3.10/site-packages/airflow/example_dags/example_task_group_decorator.py
[2024-06-09T11:50:50.297-0300] {processor.py:830} INFO - Processing file /home/pedro/.local/lib/python3.10/site-packages/airflow/example_dags/example_task_group_decorator.py for tasks to queue
[2024-06-09T11:50:50.298-0300] {logging_mixin.py:188} INFO - [2024-06-09T11:50:50.298-0300] {dagbag.py:545} INFO - Filling up the DagBag from /home/pedro/.local/lib/python3.10/site-packages/airflow/example_dags/example_task_group_decorator.py
[2024-06-09T11:50:50.311-0300] {processor.py:840} INFO - DAG(s) 'example_task_group_decorator' retrieved from /home/pedro/.local/lib/python3.10/site-packages/airflow/example_dags/example_task_group_decorator.py
[2024-06-09T11:50:50.327-0300] {logging_mixin.py:188} INFO - [2024-06-09T11:50:50.327-0300] {dag.py:3096} INFO - Sync 1 DAGs
[2024-06-09T11:50:50.380-0300] {logging_mixin.py:188} INFO - [2024-06-09T11:50:50.380-0300] {dag.py:3954} INFO - Setting next_dagrun for example_task_group_decorator to 2024-06-08 00:00:00+00:00, run_after=2024-06-09 00:00:00+00:00
[2024-06-09T11:50:50.404-0300] {processor.py:183} INFO - Processing /home/pedro/.local/lib/python3.10/site-packages/airflow/example_dags/example_task_group_decorator.py took 0.113 seconds
[2024-06-09T11:51:35.983-0300] {processor.py:161} INFO - Started process (PID=8240) to work on /home/pedro/.local/lib/python3.10/site-packages/airflow/example_dags/example_task_group_decorator.py
[2024-06-09T11:51:35.985-0300] {processor.py:830} INFO - Processing file /home/pedro/.local/lib/python3.10/site-packages/airflow/example_dags/example_task_group_decorator.py for tasks to queue
[2024-06-09T11:51:35.986-0300] {logging_mixin.py:188} INFO - [2024-06-09T11:51:35.986-0300] {dagbag.py:545} INFO - Filling up the DagBag from /home/pedro/.local/lib/python3.10/site-packages/airflow/example_dags/example_task_group_decorator.py
[2024-06-09T11:51:35.996-0300] {processor.py:840} INFO - DAG(s) 'example_task_group_decorator' retrieved from /home/pedro/.local/lib/python3.10/site-packages/airflow/example_dags/example_task_group_decorator.py
[2024-06-09T11:51:36.007-0300] {logging_mixin.py:188} INFO - [2024-06-09T11:51:36.007-0300] {dag.py:3096} INFO - Sync 1 DAGs
[2024-06-09T11:51:36.018-0300] {logging_mixin.py:188} INFO - [2024-06-09T11:51:36.018-0300] {dag.py:3954} INFO - Setting next_dagrun for example_task_group_decorator to 2024-06-08 00:00:00+00:00, run_after=2024-06-09 00:00:00+00:00
[2024-06-09T11:51:36.032-0300] {processor.py:183} INFO - Processing /home/pedro/.local/lib/python3.10/site-packages/airflow/example_dags/example_task_group_decorator.py took 0.057 seconds
[2024-06-09T11:52:18.893-0300] {processor.py:161} INFO - Started process (PID=8344) to work on /home/pedro/.local/lib/python3.10/site-packages/airflow/example_dags/example_task_group_decorator.py
[2024-06-09T11:52:18.896-0300] {processor.py:830} INFO - Processing file /home/pedro/.local/lib/python3.10/site-packages/airflow/example_dags/example_task_group_decorator.py for tasks to queue
[2024-06-09T11:52:18.898-0300] {logging_mixin.py:188} INFO - [2024-06-09T11:52:18.897-0300] {dagbag.py:545} INFO - Filling up the DagBag from /home/pedro/.local/lib/python3.10/site-packages/airflow/example_dags/example_task_group_decorator.py
[2024-06-09T11:52:18.909-0300] {processor.py:840} INFO - DAG(s) 'example_task_group_decorator' retrieved from /home/pedro/.local/lib/python3.10/site-packages/airflow/example_dags/example_task_group_decorator.py
[2024-06-09T11:52:18.919-0300] {logging_mixin.py:188} INFO - [2024-06-09T11:52:18.919-0300] {dag.py:3096} INFO - Sync 1 DAGs
[2024-06-09T11:52:18.929-0300] {logging_mixin.py:188} INFO - [2024-06-09T11:52:18.929-0300] {dag.py:3954} INFO - Setting next_dagrun for example_task_group_decorator to 2024-06-08 00:00:00+00:00, run_after=2024-06-09 00:00:00+00:00
[2024-06-09T11:52:18.944-0300] {processor.py:183} INFO - Processing /home/pedro/.local/lib/python3.10/site-packages/airflow/example_dags/example_task_group_decorator.py took 0.054 seconds
[2024-06-09T11:52:59.675-0300] {processor.py:161} INFO - Started process (PID=8441) to work on /home/pedro/.local/lib/python3.10/site-packages/airflow/example_dags/example_task_group_decorator.py
[2024-06-09T11:52:59.678-0300] {processor.py:830} INFO - Processing file /home/pedro/.local/lib/python3.10/site-packages/airflow/example_dags/example_task_group_decorator.py for tasks to queue
[2024-06-09T11:52:59.679-0300] {logging_mixin.py:188} INFO - [2024-06-09T11:52:59.678-0300] {dagbag.py:545} INFO - Filling up the DagBag from /home/pedro/.local/lib/python3.10/site-packages/airflow/example_dags/example_task_group_decorator.py
[2024-06-09T11:52:59.687-0300] {processor.py:840} INFO - DAG(s) 'example_task_group_decorator' retrieved from /home/pedro/.local/lib/python3.10/site-packages/airflow/example_dags/example_task_group_decorator.py
[2024-06-09T11:52:59.699-0300] {logging_mixin.py:188} INFO - [2024-06-09T11:52:59.699-0300] {dag.py:3096} INFO - Sync 1 DAGs
[2024-06-09T11:52:59.709-0300] {logging_mixin.py:188} INFO - [2024-06-09T11:52:59.709-0300] {dag.py:3954} INFO - Setting next_dagrun for example_task_group_decorator to 2024-06-08 00:00:00+00:00, run_after=2024-06-09 00:00:00+00:00
[2024-06-09T11:52:59.723-0300] {processor.py:183} INFO - Processing /home/pedro/.local/lib/python3.10/site-packages/airflow/example_dags/example_task_group_decorator.py took 0.052 seconds
[2024-06-09T11:53:40.188-0300] {processor.py:161} INFO - Started process (PID=8530) to work on /home/pedro/.local/lib/python3.10/site-packages/airflow/example_dags/example_task_group_decorator.py
[2024-06-09T11:53:40.192-0300] {processor.py:830} INFO - Processing file /home/pedro/.local/lib/python3.10/site-packages/airflow/example_dags/example_task_group_decorator.py for tasks to queue
[2024-06-09T11:53:40.194-0300] {logging_mixin.py:188} INFO - [2024-06-09T11:53:40.193-0300] {dagbag.py:545} INFO - Filling up the DagBag from /home/pedro/.local/lib/python3.10/site-packages/airflow/example_dags/example_task_group_decorator.py
[2024-06-09T11:53:40.204-0300] {processor.py:840} INFO - DAG(s) 'example_task_group_decorator' retrieved from /home/pedro/.local/lib/python3.10/site-packages/airflow/example_dags/example_task_group_decorator.py
[2024-06-09T11:53:40.215-0300] {logging_mixin.py:188} INFO - [2024-06-09T11:53:40.215-0300] {dag.py:3096} INFO - Sync 1 DAGs
[2024-06-09T11:53:40.224-0300] {logging_mixin.py:188} INFO - [2024-06-09T11:53:40.224-0300] {dag.py:3954} INFO - Setting next_dagrun for example_task_group_decorator to 2024-06-08 00:00:00+00:00, run_after=2024-06-09 00:00:00+00:00
[2024-06-09T11:53:40.240-0300] {processor.py:183} INFO - Processing /home/pedro/.local/lib/python3.10/site-packages/airflow/example_dags/example_task_group_decorator.py took 0.060 seconds
[2024-06-09T11:54:20.732-0300] {processor.py:161} INFO - Started process (PID=8619) to work on /home/pedro/.local/lib/python3.10/site-packages/airflow/example_dags/example_task_group_decorator.py
[2024-06-09T11:54:20.735-0300] {processor.py:830} INFO - Processing file /home/pedro/.local/lib/python3.10/site-packages/airflow/example_dags/example_task_group_decorator.py for tasks to queue
[2024-06-09T11:54:20.736-0300] {logging_mixin.py:188} INFO - [2024-06-09T11:54:20.736-0300] {dagbag.py:545} INFO - Filling up the DagBag from /home/pedro/.local/lib/python3.10/site-packages/airflow/example_dags/example_task_group_decorator.py
[2024-06-09T11:54:20.749-0300] {processor.py:840} INFO - DAG(s) 'example_task_group_decorator' retrieved from /home/pedro/.local/lib/python3.10/site-packages/airflow/example_dags/example_task_group_decorator.py
[2024-06-09T11:54:20.759-0300] {logging_mixin.py:188} INFO - [2024-06-09T11:54:20.759-0300] {dag.py:3096} INFO - Sync 1 DAGs
[2024-06-09T11:54:20.769-0300] {logging_mixin.py:188} INFO - [2024-06-09T11:54:20.768-0300] {dag.py:3954} INFO - Setting next_dagrun for example_task_group_decorator to 2024-06-08 00:00:00+00:00, run_after=2024-06-09 00:00:00+00:00
[2024-06-09T11:54:20.782-0300] {processor.py:183} INFO - Processing /home/pedro/.local/lib/python3.10/site-packages/airflow/example_dags/example_task_group_decorator.py took 0.054 seconds
[2024-06-09T11:55:02.073-0300] {processor.py:161} INFO - Started process (PID=8681) to work on /home/pedro/.local/lib/python3.10/site-packages/airflow/example_dags/example_task_group_decorator.py
[2024-06-09T11:55:02.077-0300] {processor.py:830} INFO - Processing file /home/pedro/.local/lib/python3.10/site-packages/airflow/example_dags/example_task_group_decorator.py for tasks to queue
[2024-06-09T11:55:02.079-0300] {logging_mixin.py:188} INFO - [2024-06-09T11:55:02.078-0300] {dagbag.py:545} INFO - Filling up the DagBag from /home/pedro/.local/lib/python3.10/site-packages/airflow/example_dags/example_task_group_decorator.py
[2024-06-09T11:55:02.090-0300] {processor.py:840} INFO - DAG(s) 'example_task_group_decorator' retrieved from /home/pedro/.local/lib/python3.10/site-packages/airflow/example_dags/example_task_group_decorator.py
[2024-06-09T11:55:02.101-0300] {logging_mixin.py:188} INFO - [2024-06-09T11:55:02.101-0300] {dag.py:3096} INFO - Sync 1 DAGs
[2024-06-09T11:55:02.111-0300] {logging_mixin.py:188} INFO - [2024-06-09T11:55:02.111-0300] {dag.py:3954} INFO - Setting next_dagrun for example_task_group_decorator to 2024-06-08 00:00:00+00:00, run_after=2024-06-09 00:00:00+00:00
[2024-06-09T11:55:02.125-0300] {processor.py:183} INFO - Processing /home/pedro/.local/lib/python3.10/site-packages/airflow/example_dags/example_task_group_decorator.py took 0.055 seconds
[2024-06-09T11:55:41.299-0300] {processor.py:161} INFO - Started process (PID=8839) to work on /home/pedro/.local/lib/python3.10/site-packages/airflow/example_dags/example_task_group_decorator.py
[2024-06-09T11:55:41.302-0300] {processor.py:830} INFO - Processing file /home/pedro/.local/lib/python3.10/site-packages/airflow/example_dags/example_task_group_decorator.py for tasks to queue
[2024-06-09T11:55:41.304-0300] {logging_mixin.py:188} INFO - [2024-06-09T11:55:41.304-0300] {dagbag.py:545} INFO - Filling up the DagBag from /home/pedro/.local/lib/python3.10/site-packages/airflow/example_dags/example_task_group_decorator.py
[2024-06-09T11:55:41.316-0300] {processor.py:840} INFO - DAG(s) 'example_task_group_decorator' retrieved from /home/pedro/.local/lib/python3.10/site-packages/airflow/example_dags/example_task_group_decorator.py
[2024-06-09T11:55:41.326-0300] {logging_mixin.py:188} INFO - [2024-06-09T11:55:41.326-0300] {dag.py:3096} INFO - Sync 1 DAGs
[2024-06-09T11:55:41.336-0300] {logging_mixin.py:188} INFO - [2024-06-09T11:55:41.336-0300] {dag.py:3954} INFO - Setting next_dagrun for example_task_group_decorator to 2024-06-08 00:00:00+00:00, run_after=2024-06-09 00:00:00+00:00
[2024-06-09T11:55:41.350-0300] {processor.py:183} INFO - Processing /home/pedro/.local/lib/python3.10/site-packages/airflow/example_dags/example_task_group_decorator.py took 0.054 seconds
[2024-06-09T11:57:49.857-0300] {processor.py:161} INFO - Started process (PID=9699) to work on /home/pedro/.local/lib/python3.10/site-packages/airflow/example_dags/example_task_group_decorator.py
[2024-06-09T11:57:49.861-0300] {processor.py:830} INFO - Processing file /home/pedro/.local/lib/python3.10/site-packages/airflow/example_dags/example_task_group_decorator.py for tasks to queue
[2024-06-09T11:57:49.863-0300] {logging_mixin.py:188} INFO - [2024-06-09T11:57:49.863-0300] {dagbag.py:545} INFO - Filling up the DagBag from /home/pedro/.local/lib/python3.10/site-packages/airflow/example_dags/example_task_group_decorator.py
[2024-06-09T11:57:49.875-0300] {processor.py:840} INFO - DAG(s) 'example_task_group_decorator' retrieved from /home/pedro/.local/lib/python3.10/site-packages/airflow/example_dags/example_task_group_decorator.py
[2024-06-09T11:57:49.888-0300] {logging_mixin.py:188} INFO - [2024-06-09T11:57:49.888-0300] {dag.py:3096} INFO - Sync 1 DAGs
[2024-06-09T11:57:49.898-0300] {logging_mixin.py:188} INFO - [2024-06-09T11:57:49.898-0300] {dag.py:3954} INFO - Setting next_dagrun for example_task_group_decorator to 2024-06-08 00:00:00+00:00, run_after=2024-06-09 00:00:00+00:00
[2024-06-09T11:57:49.912-0300] {processor.py:183} INFO - Processing /home/pedro/.local/lib/python3.10/site-packages/airflow/example_dags/example_task_group_decorator.py took 0.064 seconds
[2024-06-09T11:59:17.922-0300] {processor.py:161} INFO - Started process (PID=10671) to work on /home/pedro/.local/lib/python3.10/site-packages/airflow/example_dags/example_task_group_decorator.py
[2024-06-09T11:59:17.926-0300] {processor.py:830} INFO - Processing file /home/pedro/.local/lib/python3.10/site-packages/airflow/example_dags/example_task_group_decorator.py for tasks to queue
[2024-06-09T11:59:17.928-0300] {logging_mixin.py:188} INFO - [2024-06-09T11:59:17.927-0300] {dagbag.py:545} INFO - Filling up the DagBag from /home/pedro/.local/lib/python3.10/site-packages/airflow/example_dags/example_task_group_decorator.py
[2024-06-09T11:59:17.939-0300] {processor.py:840} INFO - DAG(s) 'example_task_group_decorator' retrieved from /home/pedro/.local/lib/python3.10/site-packages/airflow/example_dags/example_task_group_decorator.py
[2024-06-09T11:59:17.956-0300] {logging_mixin.py:188} INFO - [2024-06-09T11:59:17.956-0300] {dag.py:3096} INFO - Sync 1 DAGs
[2024-06-09T11:59:17.969-0300] {logging_mixin.py:188} INFO - [2024-06-09T11:59:17.969-0300] {dag.py:3954} INFO - Setting next_dagrun for example_task_group_decorator to 2024-06-08 00:00:00+00:00, run_after=2024-06-09 00:00:00+00:00
[2024-06-09T11:59:17.986-0300] {processor.py:183} INFO - Processing /home/pedro/.local/lib/python3.10/site-packages/airflow/example_dags/example_task_group_decorator.py took 0.070 seconds
[2024-06-09T12:00:09.611-0300] {processor.py:161} INFO - Started process (PID=10798) to work on /home/pedro/.local/lib/python3.10/site-packages/airflow/example_dags/example_task_group_decorator.py
[2024-06-09T12:00:09.614-0300] {processor.py:830} INFO - Processing file /home/pedro/.local/lib/python3.10/site-packages/airflow/example_dags/example_task_group_decorator.py for tasks to queue
[2024-06-09T12:00:09.616-0300] {logging_mixin.py:188} INFO - [2024-06-09T12:00:09.616-0300] {dagbag.py:545} INFO - Filling up the DagBag from /home/pedro/.local/lib/python3.10/site-packages/airflow/example_dags/example_task_group_decorator.py
[2024-06-09T12:00:09.628-0300] {processor.py:840} INFO - DAG(s) 'example_task_group_decorator' retrieved from /home/pedro/.local/lib/python3.10/site-packages/airflow/example_dags/example_task_group_decorator.py
[2024-06-09T12:00:09.702-0300] {logging_mixin.py:188} INFO - [2024-06-09T12:00:09.702-0300] {dag.py:3096} INFO - Sync 1 DAGs
[2024-06-09T12:00:09.711-0300] {logging_mixin.py:188} INFO - [2024-06-09T12:00:09.711-0300] {dag.py:3954} INFO - Setting next_dagrun for example_task_group_decorator to 2024-06-08 00:00:00+00:00, run_after=2024-06-09 00:00:00+00:00
[2024-06-09T12:00:09.725-0300] {processor.py:183} INFO - Processing /home/pedro/.local/lib/python3.10/site-packages/airflow/example_dags/example_task_group_decorator.py took 0.122 seconds
[2024-06-09T12:01:01.299-0300] {processor.py:161} INFO - Started process (PID=11014) to work on /home/pedro/.local/lib/python3.10/site-packages/airflow/example_dags/example_task_group_decorator.py
[2024-06-09T12:01:01.300-0300] {processor.py:830} INFO - Processing file /home/pedro/.local/lib/python3.10/site-packages/airflow/example_dags/example_task_group_decorator.py for tasks to queue
[2024-06-09T12:01:01.302-0300] {logging_mixin.py:188} INFO - [2024-06-09T12:01:01.301-0300] {dagbag.py:545} INFO - Filling up the DagBag from /home/pedro/.local/lib/python3.10/site-packages/airflow/example_dags/example_task_group_decorator.py
[2024-06-09T12:01:01.311-0300] {processor.py:840} INFO - DAG(s) 'example_task_group_decorator' retrieved from /home/pedro/.local/lib/python3.10/site-packages/airflow/example_dags/example_task_group_decorator.py
[2024-06-09T12:01:01.323-0300] {logging_mixin.py:188} INFO - [2024-06-09T12:01:01.322-0300] {dag.py:3096} INFO - Sync 1 DAGs
[2024-06-09T12:01:01.334-0300] {logging_mixin.py:188} INFO - [2024-06-09T12:01:01.334-0300] {dag.py:3954} INFO - Setting next_dagrun for example_task_group_decorator to 2024-06-08 00:00:00+00:00, run_after=2024-06-09 00:00:00+00:00
[2024-06-09T12:01:01.348-0300] {processor.py:183} INFO - Processing /home/pedro/.local/lib/python3.10/site-packages/airflow/example_dags/example_task_group_decorator.py took 0.058 seconds
[2024-06-09T12:01:45.257-0300] {processor.py:161} INFO - Started process (PID=11188) to work on /home/pedro/.local/lib/python3.10/site-packages/airflow/example_dags/example_task_group_decorator.py
[2024-06-09T12:01:45.261-0300] {processor.py:830} INFO - Processing file /home/pedro/.local/lib/python3.10/site-packages/airflow/example_dags/example_task_group_decorator.py for tasks to queue
[2024-06-09T12:01:45.263-0300] {logging_mixin.py:188} INFO - [2024-06-09T12:01:45.263-0300] {dagbag.py:545} INFO - Filling up the DagBag from /home/pedro/.local/lib/python3.10/site-packages/airflow/example_dags/example_task_group_decorator.py
[2024-06-09T12:01:45.276-0300] {processor.py:840} INFO - DAG(s) 'example_task_group_decorator' retrieved from /home/pedro/.local/lib/python3.10/site-packages/airflow/example_dags/example_task_group_decorator.py
[2024-06-09T12:01:45.288-0300] {logging_mixin.py:188} INFO - [2024-06-09T12:01:45.288-0300] {dag.py:3096} INFO - Sync 1 DAGs
[2024-06-09T12:01:45.299-0300] {logging_mixin.py:188} INFO - [2024-06-09T12:01:45.299-0300] {dag.py:3954} INFO - Setting next_dagrun for example_task_group_decorator to 2024-06-08 00:00:00+00:00, run_after=2024-06-09 00:00:00+00:00
[2024-06-09T12:01:45.316-0300] {processor.py:183} INFO - Processing /home/pedro/.local/lib/python3.10/site-packages/airflow/example_dags/example_task_group_decorator.py took 0.063 seconds
[2024-06-09T12:02:30.721-0300] {processor.py:161} INFO - Started process (PID=11264) to work on /home/pedro/.local/lib/python3.10/site-packages/airflow/example_dags/example_task_group_decorator.py
[2024-06-09T12:02:30.725-0300] {processor.py:830} INFO - Processing file /home/pedro/.local/lib/python3.10/site-packages/airflow/example_dags/example_task_group_decorator.py for tasks to queue
[2024-06-09T12:02:30.727-0300] {logging_mixin.py:188} INFO - [2024-06-09T12:02:30.727-0300] {dagbag.py:545} INFO - Filling up the DagBag from /home/pedro/.local/lib/python3.10/site-packages/airflow/example_dags/example_task_group_decorator.py
[2024-06-09T12:02:30.739-0300] {processor.py:840} INFO - DAG(s) 'example_task_group_decorator' retrieved from /home/pedro/.local/lib/python3.10/site-packages/airflow/example_dags/example_task_group_decorator.py
[2024-06-09T12:02:30.751-0300] {logging_mixin.py:188} INFO - [2024-06-09T12:02:30.751-0300] {dag.py:3096} INFO - Sync 1 DAGs
[2024-06-09T12:02:30.761-0300] {logging_mixin.py:188} INFO - [2024-06-09T12:02:30.760-0300] {dag.py:3954} INFO - Setting next_dagrun for example_task_group_decorator to 2024-06-08 00:00:00+00:00, run_after=2024-06-09 00:00:00+00:00
[2024-06-09T12:02:30.777-0300] {processor.py:183} INFO - Processing /home/pedro/.local/lib/python3.10/site-packages/airflow/example_dags/example_task_group_decorator.py took 0.060 seconds
[2024-06-09T12:03:15.618-0300] {processor.py:161} INFO - Started process (PID=11346) to work on /home/pedro/.local/lib/python3.10/site-packages/airflow/example_dags/example_task_group_decorator.py
[2024-06-09T12:03:15.621-0300] {processor.py:830} INFO - Processing file /home/pedro/.local/lib/python3.10/site-packages/airflow/example_dags/example_task_group_decorator.py for tasks to queue
[2024-06-09T12:03:15.623-0300] {logging_mixin.py:188} INFO - [2024-06-09T12:03:15.622-0300] {dagbag.py:545} INFO - Filling up the DagBag from /home/pedro/.local/lib/python3.10/site-packages/airflow/example_dags/example_task_group_decorator.py
[2024-06-09T12:03:15.635-0300] {processor.py:840} INFO - DAG(s) 'example_task_group_decorator' retrieved from /home/pedro/.local/lib/python3.10/site-packages/airflow/example_dags/example_task_group_decorator.py
[2024-06-09T12:03:15.645-0300] {logging_mixin.py:188} INFO - [2024-06-09T12:03:15.645-0300] {dag.py:3096} INFO - Sync 1 DAGs
[2024-06-09T12:03:15.657-0300] {logging_mixin.py:188} INFO - [2024-06-09T12:03:15.657-0300] {dag.py:3954} INFO - Setting next_dagrun for example_task_group_decorator to 2024-06-08 00:00:00+00:00, run_after=2024-06-09 00:00:00+00:00
[2024-06-09T12:03:15.673-0300] {processor.py:183} INFO - Processing /home/pedro/.local/lib/python3.10/site-packages/airflow/example_dags/example_task_group_decorator.py took 0.059 seconds
[2024-06-09T12:03:56.714-0300] {processor.py:161} INFO - Started process (PID=11436) to work on /home/pedro/.local/lib/python3.10/site-packages/airflow/example_dags/example_task_group_decorator.py
[2024-06-09T12:03:56.715-0300] {processor.py:830} INFO - Processing file /home/pedro/.local/lib/python3.10/site-packages/airflow/example_dags/example_task_group_decorator.py for tasks to queue
[2024-06-09T12:03:56.716-0300] {logging_mixin.py:188} INFO - [2024-06-09T12:03:56.716-0300] {dagbag.py:545} INFO - Filling up the DagBag from /home/pedro/.local/lib/python3.10/site-packages/airflow/example_dags/example_task_group_decorator.py
[2024-06-09T12:03:56.726-0300] {processor.py:840} INFO - DAG(s) 'example_task_group_decorator' retrieved from /home/pedro/.local/lib/python3.10/site-packages/airflow/example_dags/example_task_group_decorator.py
[2024-06-09T12:03:56.737-0300] {logging_mixin.py:188} INFO - [2024-06-09T12:03:56.737-0300] {dag.py:3096} INFO - Sync 1 DAGs
[2024-06-09T12:03:56.748-0300] {logging_mixin.py:188} INFO - [2024-06-09T12:03:56.748-0300] {dag.py:3954} INFO - Setting next_dagrun for example_task_group_decorator to 2024-06-08 00:00:00+00:00, run_after=2024-06-09 00:00:00+00:00
[2024-06-09T12:03:56.762-0300] {processor.py:183} INFO - Processing /home/pedro/.local/lib/python3.10/site-packages/airflow/example_dags/example_task_group_decorator.py took 0.052 seconds
[2024-06-09T12:04:38.538-0300] {processor.py:161} INFO - Started process (PID=11531) to work on /home/pedro/.local/lib/python3.10/site-packages/airflow/example_dags/example_task_group_decorator.py
[2024-06-09T12:04:38.541-0300] {processor.py:830} INFO - Processing file /home/pedro/.local/lib/python3.10/site-packages/airflow/example_dags/example_task_group_decorator.py for tasks to queue
[2024-06-09T12:04:38.543-0300] {logging_mixin.py:188} INFO - [2024-06-09T12:04:38.543-0300] {dagbag.py:545} INFO - Filling up the DagBag from /home/pedro/.local/lib/python3.10/site-packages/airflow/example_dags/example_task_group_decorator.py
[2024-06-09T12:04:38.554-0300] {processor.py:840} INFO - DAG(s) 'example_task_group_decorator' retrieved from /home/pedro/.local/lib/python3.10/site-packages/airflow/example_dags/example_task_group_decorator.py
[2024-06-09T12:04:38.566-0300] {logging_mixin.py:188} INFO - [2024-06-09T12:04:38.565-0300] {dag.py:3096} INFO - Sync 1 DAGs
[2024-06-09T12:04:38.576-0300] {logging_mixin.py:188} INFO - [2024-06-09T12:04:38.576-0300] {dag.py:3954} INFO - Setting next_dagrun for example_task_group_decorator to 2024-06-08 00:00:00+00:00, run_after=2024-06-09 00:00:00+00:00
[2024-06-09T12:04:38.595-0300] {processor.py:183} INFO - Processing /home/pedro/.local/lib/python3.10/site-packages/airflow/example_dags/example_task_group_decorator.py took 0.066 seconds
[2024-06-09T12:05:21.019-0300] {processor.py:161} INFO - Started process (PID=11611) to work on /home/pedro/.local/lib/python3.10/site-packages/airflow/example_dags/example_task_group_decorator.py
[2024-06-09T12:05:21.023-0300] {processor.py:830} INFO - Processing file /home/pedro/.local/lib/python3.10/site-packages/airflow/example_dags/example_task_group_decorator.py for tasks to queue
[2024-06-09T12:05:21.025-0300] {logging_mixin.py:188} INFO - [2024-06-09T12:05:21.024-0300] {dagbag.py:545} INFO - Filling up the DagBag from /home/pedro/.local/lib/python3.10/site-packages/airflow/example_dags/example_task_group_decorator.py
[2024-06-09T12:05:21.036-0300] {processor.py:840} INFO - DAG(s) 'example_task_group_decorator' retrieved from /home/pedro/.local/lib/python3.10/site-packages/airflow/example_dags/example_task_group_decorator.py
[2024-06-09T12:05:21.047-0300] {logging_mixin.py:188} INFO - [2024-06-09T12:05:21.046-0300] {dag.py:3096} INFO - Sync 1 DAGs
[2024-06-09T12:05:21.059-0300] {logging_mixin.py:188} INFO - [2024-06-09T12:05:21.058-0300] {dag.py:3954} INFO - Setting next_dagrun for example_task_group_decorator to 2024-06-08 00:00:00+00:00, run_after=2024-06-09 00:00:00+00:00
[2024-06-09T12:05:21.074-0300] {processor.py:183} INFO - Processing /home/pedro/.local/lib/python3.10/site-packages/airflow/example_dags/example_task_group_decorator.py took 0.063 seconds
[2024-06-09T12:06:39.931-0300] {processor.py:161} INFO - Started process (PID=12441) to work on /home/pedro/.local/lib/python3.10/site-packages/airflow/example_dags/example_task_group_decorator.py
[2024-06-09T12:06:39.932-0300] {processor.py:830} INFO - Processing file /home/pedro/.local/lib/python3.10/site-packages/airflow/example_dags/example_task_group_decorator.py for tasks to queue
[2024-06-09T12:06:39.934-0300] {logging_mixin.py:188} INFO - [2024-06-09T12:06:39.934-0300] {dagbag.py:545} INFO - Filling up the DagBag from /home/pedro/.local/lib/python3.10/site-packages/airflow/example_dags/example_task_group_decorator.py
[2024-06-09T12:06:39.945-0300] {processor.py:840} INFO - DAG(s) 'example_task_group_decorator' retrieved from /home/pedro/.local/lib/python3.10/site-packages/airflow/example_dags/example_task_group_decorator.py
[2024-06-09T12:06:39.960-0300] {logging_mixin.py:188} INFO - [2024-06-09T12:06:39.960-0300] {dag.py:3096} INFO - Sync 1 DAGs
[2024-06-09T12:06:39.970-0300] {logging_mixin.py:188} INFO - [2024-06-09T12:06:39.970-0300] {dag.py:3954} INFO - Setting next_dagrun for example_task_group_decorator to 2024-06-08 00:00:00+00:00, run_after=2024-06-09 00:00:00+00:00
[2024-06-09T12:06:39.985-0300] {processor.py:183} INFO - Processing /home/pedro/.local/lib/python3.10/site-packages/airflow/example_dags/example_task_group_decorator.py took 0.062 seconds
[2024-06-09T12:07:35.508-0300] {processor.py:161} INFO - Started process (PID=12535) to work on /home/pedro/.local/lib/python3.10/site-packages/airflow/example_dags/example_task_group_decorator.py
[2024-06-09T12:07:35.512-0300] {processor.py:830} INFO - Processing file /home/pedro/.local/lib/python3.10/site-packages/airflow/example_dags/example_task_group_decorator.py for tasks to queue
[2024-06-09T12:07:35.514-0300] {logging_mixin.py:188} INFO - [2024-06-09T12:07:35.514-0300] {dagbag.py:545} INFO - Filling up the DagBag from /home/pedro/.local/lib/python3.10/site-packages/airflow/example_dags/example_task_group_decorator.py
[2024-06-09T12:07:35.526-0300] {processor.py:840} INFO - DAG(s) 'example_task_group_decorator' retrieved from /home/pedro/.local/lib/python3.10/site-packages/airflow/example_dags/example_task_group_decorator.py
[2024-06-09T12:07:35.597-0300] {logging_mixin.py:188} INFO - [2024-06-09T12:07:35.596-0300] {dag.py:3096} INFO - Sync 1 DAGs
[2024-06-09T12:07:35.605-0300] {logging_mixin.py:188} INFO - [2024-06-09T12:07:35.605-0300] {dag.py:3954} INFO - Setting next_dagrun for example_task_group_decorator to 2024-06-08 00:00:00+00:00, run_after=2024-06-09 00:00:00+00:00
[2024-06-09T12:07:35.620-0300] {processor.py:183} INFO - Processing /home/pedro/.local/lib/python3.10/site-packages/airflow/example_dags/example_task_group_decorator.py took 0.121 seconds
[2024-06-09T12:08:25.000-0300] {processor.py:161} INFO - Started process (PID=12632) to work on /home/pedro/.local/lib/python3.10/site-packages/airflow/example_dags/example_task_group_decorator.py
[2024-06-09T12:08:25.006-0300] {processor.py:830} INFO - Processing file /home/pedro/.local/lib/python3.10/site-packages/airflow/example_dags/example_task_group_decorator.py for tasks to queue
[2024-06-09T12:08:25.008-0300] {logging_mixin.py:188} INFO - [2024-06-09T12:08:25.007-0300] {dagbag.py:545} INFO - Filling up the DagBag from /home/pedro/.local/lib/python3.10/site-packages/airflow/example_dags/example_task_group_decorator.py
[2024-06-09T12:08:25.019-0300] {processor.py:840} INFO - DAG(s) 'example_task_group_decorator' retrieved from /home/pedro/.local/lib/python3.10/site-packages/airflow/example_dags/example_task_group_decorator.py
[2024-06-09T12:08:25.032-0300] {logging_mixin.py:188} INFO - [2024-06-09T12:08:25.031-0300] {dag.py:3096} INFO - Sync 1 DAGs
[2024-06-09T12:08:25.043-0300] {logging_mixin.py:188} INFO - [2024-06-09T12:08:25.043-0300] {dag.py:3954} INFO - Setting next_dagrun for example_task_group_decorator to 2024-06-08 00:00:00+00:00, run_after=2024-06-09 00:00:00+00:00
[2024-06-09T12:08:25.060-0300] {processor.py:183} INFO - Processing /home/pedro/.local/lib/python3.10/site-packages/airflow/example_dags/example_task_group_decorator.py took 0.065 seconds
[2024-06-09T12:09:17.349-0300] {processor.py:161} INFO - Started process (PID=12721) to work on /home/pedro/.local/lib/python3.10/site-packages/airflow/example_dags/example_task_group_decorator.py
[2024-06-09T12:09:17.353-0300] {processor.py:830} INFO - Processing file /home/pedro/.local/lib/python3.10/site-packages/airflow/example_dags/example_task_group_decorator.py for tasks to queue
[2024-06-09T12:09:17.355-0300] {logging_mixin.py:188} INFO - [2024-06-09T12:09:17.354-0300] {dagbag.py:545} INFO - Filling up the DagBag from /home/pedro/.local/lib/python3.10/site-packages/airflow/example_dags/example_task_group_decorator.py
[2024-06-09T12:09:17.366-0300] {processor.py:840} INFO - DAG(s) 'example_task_group_decorator' retrieved from /home/pedro/.local/lib/python3.10/site-packages/airflow/example_dags/example_task_group_decorator.py
[2024-06-09T12:09:17.377-0300] {logging_mixin.py:188} INFO - [2024-06-09T12:09:17.376-0300] {dag.py:3096} INFO - Sync 1 DAGs
[2024-06-09T12:09:17.388-0300] {logging_mixin.py:188} INFO - [2024-06-09T12:09:17.388-0300] {dag.py:3954} INFO - Setting next_dagrun for example_task_group_decorator to 2024-06-08 00:00:00+00:00, run_after=2024-06-09 00:00:00+00:00
[2024-06-09T12:09:17.404-0300] {processor.py:183} INFO - Processing /home/pedro/.local/lib/python3.10/site-packages/airflow/example_dags/example_task_group_decorator.py took 0.064 seconds
[2024-06-09T12:09:59.239-0300] {processor.py:161} INFO - Started process (PID=12797) to work on /home/pedro/.local/lib/python3.10/site-packages/airflow/example_dags/example_task_group_decorator.py
[2024-06-09T12:09:59.243-0300] {processor.py:830} INFO - Processing file /home/pedro/.local/lib/python3.10/site-packages/airflow/example_dags/example_task_group_decorator.py for tasks to queue
[2024-06-09T12:09:59.245-0300] {logging_mixin.py:188} INFO - [2024-06-09T12:09:59.245-0300] {dagbag.py:545} INFO - Filling up the DagBag from /home/pedro/.local/lib/python3.10/site-packages/airflow/example_dags/example_task_group_decorator.py
[2024-06-09T12:09:59.255-0300] {processor.py:840} INFO - DAG(s) 'example_task_group_decorator' retrieved from /home/pedro/.local/lib/python3.10/site-packages/airflow/example_dags/example_task_group_decorator.py
[2024-06-09T12:09:59.267-0300] {logging_mixin.py:188} INFO - [2024-06-09T12:09:59.267-0300] {dag.py:3096} INFO - Sync 1 DAGs
[2024-06-09T12:09:59.278-0300] {logging_mixin.py:188} INFO - [2024-06-09T12:09:59.278-0300] {dag.py:3954} INFO - Setting next_dagrun for example_task_group_decorator to 2024-06-08 00:00:00+00:00, run_after=2024-06-09 00:00:00+00:00
[2024-06-09T12:09:59.295-0300] {processor.py:183} INFO - Processing /home/pedro/.local/lib/python3.10/site-packages/airflow/example_dags/example_task_group_decorator.py took 0.064 seconds
[2024-06-09T12:10:42.155-0300] {processor.py:161} INFO - Started process (PID=12888) to work on /home/pedro/.local/lib/python3.10/site-packages/airflow/example_dags/example_task_group_decorator.py
[2024-06-09T12:10:42.159-0300] {processor.py:830} INFO - Processing file /home/pedro/.local/lib/python3.10/site-packages/airflow/example_dags/example_task_group_decorator.py for tasks to queue
[2024-06-09T12:10:42.161-0300] {logging_mixin.py:188} INFO - [2024-06-09T12:10:42.160-0300] {dagbag.py:545} INFO - Filling up the DagBag from /home/pedro/.local/lib/python3.10/site-packages/airflow/example_dags/example_task_group_decorator.py
[2024-06-09T12:10:42.172-0300] {processor.py:840} INFO - DAG(s) 'example_task_group_decorator' retrieved from /home/pedro/.local/lib/python3.10/site-packages/airflow/example_dags/example_task_group_decorator.py
[2024-06-09T12:10:42.182-0300] {logging_mixin.py:188} INFO - [2024-06-09T12:10:42.182-0300] {dag.py:3096} INFO - Sync 1 DAGs
[2024-06-09T12:10:42.193-0300] {logging_mixin.py:188} INFO - [2024-06-09T12:10:42.193-0300] {dag.py:3954} INFO - Setting next_dagrun for example_task_group_decorator to 2024-06-08 00:00:00+00:00, run_after=2024-06-09 00:00:00+00:00
[2024-06-09T12:10:42.211-0300] {processor.py:183} INFO - Processing /home/pedro/.local/lib/python3.10/site-packages/airflow/example_dags/example_task_group_decorator.py took 0.060 seconds
[2024-06-09T12:11:55.719-0300] {processor.py:161} INFO - Started process (PID=13003) to work on /home/pedro/.local/lib/python3.10/site-packages/airflow/example_dags/example_task_group_decorator.py
[2024-06-09T12:11:55.722-0300] {processor.py:830} INFO - Processing file /home/pedro/.local/lib/python3.10/site-packages/airflow/example_dags/example_task_group_decorator.py for tasks to queue
[2024-06-09T12:11:55.724-0300] {logging_mixin.py:188} INFO - [2024-06-09T12:11:55.723-0300] {dagbag.py:545} INFO - Filling up the DagBag from /home/pedro/.local/lib/python3.10/site-packages/airflow/example_dags/example_task_group_decorator.py
[2024-06-09T12:11:55.734-0300] {processor.py:840} INFO - DAG(s) 'example_task_group_decorator' retrieved from /home/pedro/.local/lib/python3.10/site-packages/airflow/example_dags/example_task_group_decorator.py
[2024-06-09T12:11:55.750-0300] {logging_mixin.py:188} INFO - [2024-06-09T12:11:55.750-0300] {dag.py:3096} INFO - Sync 1 DAGs
[2024-06-09T12:11:55.763-0300] {logging_mixin.py:188} INFO - [2024-06-09T12:11:55.763-0300] {dag.py:3954} INFO - Setting next_dagrun for example_task_group_decorator to 2024-06-08 00:00:00+00:00, run_after=2024-06-09 00:00:00+00:00
[2024-06-09T12:11:55.780-0300] {processor.py:183} INFO - Processing /home/pedro/.local/lib/python3.10/site-packages/airflow/example_dags/example_task_group_decorator.py took 0.064 seconds
[2024-06-09T12:12:49.039-0300] {processor.py:161} INFO - Started process (PID=13098) to work on /home/pedro/.local/lib/python3.10/site-packages/airflow/example_dags/example_task_group_decorator.py
[2024-06-09T12:12:49.042-0300] {processor.py:830} INFO - Processing file /home/pedro/.local/lib/python3.10/site-packages/airflow/example_dags/example_task_group_decorator.py for tasks to queue
[2024-06-09T12:12:49.044-0300] {logging_mixin.py:188} INFO - [2024-06-09T12:12:49.043-0300] {dagbag.py:545} INFO - Filling up the DagBag from /home/pedro/.local/lib/python3.10/site-packages/airflow/example_dags/example_task_group_decorator.py
[2024-06-09T12:12:49.055-0300] {processor.py:840} INFO - DAG(s) 'example_task_group_decorator' retrieved from /home/pedro/.local/lib/python3.10/site-packages/airflow/example_dags/example_task_group_decorator.py
[2024-06-09T12:12:49.136-0300] {logging_mixin.py:188} INFO - [2024-06-09T12:12:49.136-0300] {dag.py:3096} INFO - Sync 1 DAGs
[2024-06-09T12:12:49.147-0300] {logging_mixin.py:188} INFO - [2024-06-09T12:12:49.147-0300] {dag.py:3954} INFO - Setting next_dagrun for example_task_group_decorator to 2024-06-08 00:00:00+00:00, run_after=2024-06-09 00:00:00+00:00
[2024-06-09T12:12:49.161-0300] {processor.py:183} INFO - Processing /home/pedro/.local/lib/python3.10/site-packages/airflow/example_dags/example_task_group_decorator.py took 0.127 seconds
[2024-06-09T12:13:36.692-0300] {processor.py:161} INFO - Started process (PID=13165) to work on /home/pedro/.local/lib/python3.10/site-packages/airflow/example_dags/example_task_group_decorator.py
[2024-06-09T12:13:36.695-0300] {processor.py:830} INFO - Processing file /home/pedro/.local/lib/python3.10/site-packages/airflow/example_dags/example_task_group_decorator.py for tasks to queue
[2024-06-09T12:13:36.697-0300] {logging_mixin.py:188} INFO - [2024-06-09T12:13:36.697-0300] {dagbag.py:545} INFO - Filling up the DagBag from /home/pedro/.local/lib/python3.10/site-packages/airflow/example_dags/example_task_group_decorator.py
[2024-06-09T12:13:36.707-0300] {processor.py:840} INFO - DAG(s) 'example_task_group_decorator' retrieved from /home/pedro/.local/lib/python3.10/site-packages/airflow/example_dags/example_task_group_decorator.py
[2024-06-09T12:13:36.719-0300] {logging_mixin.py:188} INFO - [2024-06-09T12:13:36.719-0300] {dag.py:3096} INFO - Sync 1 DAGs
[2024-06-09T12:13:36.731-0300] {logging_mixin.py:188} INFO - [2024-06-09T12:13:36.730-0300] {dag.py:3954} INFO - Setting next_dagrun for example_task_group_decorator to 2024-06-08 00:00:00+00:00, run_after=2024-06-09 00:00:00+00:00
[2024-06-09T12:13:36.749-0300] {processor.py:183} INFO - Processing /home/pedro/.local/lib/python3.10/site-packages/airflow/example_dags/example_task_group_decorator.py took 0.065 seconds
[2024-06-09T12:14:26.229-0300] {processor.py:161} INFO - Started process (PID=13232) to work on /home/pedro/.local/lib/python3.10/site-packages/airflow/example_dags/example_task_group_decorator.py
[2024-06-09T12:14:26.233-0300] {processor.py:830} INFO - Processing file /home/pedro/.local/lib/python3.10/site-packages/airflow/example_dags/example_task_group_decorator.py for tasks to queue
[2024-06-09T12:14:26.234-0300] {logging_mixin.py:188} INFO - [2024-06-09T12:14:26.234-0300] {dagbag.py:545} INFO - Filling up the DagBag from /home/pedro/.local/lib/python3.10/site-packages/airflow/example_dags/example_task_group_decorator.py
[2024-06-09T12:14:26.245-0300] {processor.py:840} INFO - DAG(s) 'example_task_group_decorator' retrieved from /home/pedro/.local/lib/python3.10/site-packages/airflow/example_dags/example_task_group_decorator.py
[2024-06-09T12:14:26.256-0300] {logging_mixin.py:188} INFO - [2024-06-09T12:14:26.256-0300] {dag.py:3096} INFO - Sync 1 DAGs
[2024-06-09T12:14:26.267-0300] {logging_mixin.py:188} INFO - [2024-06-09T12:14:26.266-0300] {dag.py:3954} INFO - Setting next_dagrun for example_task_group_decorator to 2024-06-08 00:00:00+00:00, run_after=2024-06-09 00:00:00+00:00
[2024-06-09T12:14:26.284-0300] {processor.py:183} INFO - Processing /home/pedro/.local/lib/python3.10/site-packages/airflow/example_dags/example_task_group_decorator.py took 0.063 seconds
[2024-06-09T12:15:08.884-0300] {processor.py:161} INFO - Started process (PID=13309) to work on /home/pedro/.local/lib/python3.10/site-packages/airflow/example_dags/example_task_group_decorator.py
[2024-06-09T12:15:08.885-0300] {processor.py:830} INFO - Processing file /home/pedro/.local/lib/python3.10/site-packages/airflow/example_dags/example_task_group_decorator.py for tasks to queue
[2024-06-09T12:15:08.887-0300] {logging_mixin.py:188} INFO - [2024-06-09T12:15:08.886-0300] {dagbag.py:545} INFO - Filling up the DagBag from /home/pedro/.local/lib/python3.10/site-packages/airflow/example_dags/example_task_group_decorator.py
[2024-06-09T12:15:08.898-0300] {processor.py:840} INFO - DAG(s) 'example_task_group_decorator' retrieved from /home/pedro/.local/lib/python3.10/site-packages/airflow/example_dags/example_task_group_decorator.py
[2024-06-09T12:15:08.915-0300] {logging_mixin.py:188} INFO - [2024-06-09T12:15:08.914-0300] {dag.py:3096} INFO - Sync 1 DAGs
[2024-06-09T12:15:08.926-0300] {logging_mixin.py:188} INFO - [2024-06-09T12:15:08.926-0300] {dag.py:3954} INFO - Setting next_dagrun for example_task_group_decorator to 2024-06-08 00:00:00+00:00, run_after=2024-06-09 00:00:00+00:00
[2024-06-09T12:15:08.943-0300] {processor.py:183} INFO - Processing /home/pedro/.local/lib/python3.10/site-packages/airflow/example_dags/example_task_group_decorator.py took 0.068 seconds
[2024-06-09T12:19:56.678-0300] {processor.py:161} INFO - Started process (PID=13590) to work on /home/pedro/.local/lib/python3.10/site-packages/airflow/example_dags/example_task_group_decorator.py
[2024-06-09T12:19:56.679-0300] {processor.py:830} INFO - Processing file /home/pedro/.local/lib/python3.10/site-packages/airflow/example_dags/example_task_group_decorator.py for tasks to queue
[2024-06-09T12:19:56.680-0300] {logging_mixin.py:188} INFO - [2024-06-09T12:19:56.679-0300] {dagbag.py:545} INFO - Filling up the DagBag from /home/pedro/.local/lib/python3.10/site-packages/airflow/example_dags/example_task_group_decorator.py
[2024-06-09T12:19:56.692-0300] {processor.py:840} INFO - DAG(s) 'example_task_group_decorator' retrieved from /home/pedro/.local/lib/python3.10/site-packages/airflow/example_dags/example_task_group_decorator.py
[2024-06-09T12:19:56.713-0300] {logging_mixin.py:188} INFO - [2024-06-09T12:19:56.712-0300] {dag.py:3096} INFO - Sync 1 DAGs
[2024-06-09T12:19:56.728-0300] {logging_mixin.py:188} INFO - [2024-06-09T12:19:56.728-0300] {dag.py:3954} INFO - Setting next_dagrun for example_task_group_decorator to 2024-06-08 00:00:00+00:00, run_after=2024-06-09 00:00:00+00:00
[2024-06-09T12:19:56.745-0300] {processor.py:183} INFO - Processing /home/pedro/.local/lib/python3.10/site-packages/airflow/example_dags/example_task_group_decorator.py took 0.072 seconds
[2024-06-09T12:20:49.074-0300] {processor.py:161} INFO - Started process (PID=13694) to work on /home/pedro/.local/lib/python3.10/site-packages/airflow/example_dags/example_task_group_decorator.py
[2024-06-09T12:20:49.075-0300] {processor.py:830} INFO - Processing file /home/pedro/.local/lib/python3.10/site-packages/airflow/example_dags/example_task_group_decorator.py for tasks to queue
[2024-06-09T12:20:49.077-0300] {logging_mixin.py:188} INFO - [2024-06-09T12:20:49.077-0300] {dagbag.py:545} INFO - Filling up the DagBag from /home/pedro/.local/lib/python3.10/site-packages/airflow/example_dags/example_task_group_decorator.py
[2024-06-09T12:20:49.088-0300] {processor.py:840} INFO - DAG(s) 'example_task_group_decorator' retrieved from /home/pedro/.local/lib/python3.10/site-packages/airflow/example_dags/example_task_group_decorator.py
[2024-06-09T12:20:49.154-0300] {logging_mixin.py:188} INFO - [2024-06-09T12:20:49.154-0300] {dag.py:3096} INFO - Sync 1 DAGs
[2024-06-09T12:20:49.163-0300] {logging_mixin.py:188} INFO - [2024-06-09T12:20:49.163-0300] {dag.py:3954} INFO - Setting next_dagrun for example_task_group_decorator to 2024-06-08 00:00:00+00:00, run_after=2024-06-09 00:00:00+00:00
[2024-06-09T12:20:49.177-0300] {processor.py:183} INFO - Processing /home/pedro/.local/lib/python3.10/site-packages/airflow/example_dags/example_task_group_decorator.py took 0.113 seconds
[2024-06-09T12:21:39.446-0300] {processor.py:161} INFO - Started process (PID=13816) to work on /home/pedro/.local/lib/python3.10/site-packages/airflow/example_dags/example_task_group_decorator.py
[2024-06-09T12:21:39.447-0300] {processor.py:830} INFO - Processing file /home/pedro/.local/lib/python3.10/site-packages/airflow/example_dags/example_task_group_decorator.py for tasks to queue
[2024-06-09T12:21:39.449-0300] {logging_mixin.py:188} INFO - [2024-06-09T12:21:39.448-0300] {dagbag.py:545} INFO - Filling up the DagBag from /home/pedro/.local/lib/python3.10/site-packages/airflow/example_dags/example_task_group_decorator.py
[2024-06-09T12:21:39.458-0300] {processor.py:840} INFO - DAG(s) 'example_task_group_decorator' retrieved from /home/pedro/.local/lib/python3.10/site-packages/airflow/example_dags/example_task_group_decorator.py
[2024-06-09T12:21:39.469-0300] {logging_mixin.py:188} INFO - [2024-06-09T12:21:39.468-0300] {dag.py:3096} INFO - Sync 1 DAGs
[2024-06-09T12:21:39.478-0300] {logging_mixin.py:188} INFO - [2024-06-09T12:21:39.478-0300] {dag.py:3954} INFO - Setting next_dagrun for example_task_group_decorator to 2024-06-08 00:00:00+00:00, run_after=2024-06-09 00:00:00+00:00
[2024-06-09T12:21:39.492-0300] {processor.py:183} INFO - Processing /home/pedro/.local/lib/python3.10/site-packages/airflow/example_dags/example_task_group_decorator.py took 0.054 seconds
[2024-06-09T12:22:22.513-0300] {processor.py:161} INFO - Started process (PID=13891) to work on /home/pedro/.local/lib/python3.10/site-packages/airflow/example_dags/example_task_group_decorator.py
[2024-06-09T12:22:22.514-0300] {processor.py:830} INFO - Processing file /home/pedro/.local/lib/python3.10/site-packages/airflow/example_dags/example_task_group_decorator.py for tasks to queue
[2024-06-09T12:22:22.515-0300] {logging_mixin.py:188} INFO - [2024-06-09T12:22:22.515-0300] {dagbag.py:545} INFO - Filling up the DagBag from /home/pedro/.local/lib/python3.10/site-packages/airflow/example_dags/example_task_group_decorator.py
[2024-06-09T12:22:22.526-0300] {processor.py:840} INFO - DAG(s) 'example_task_group_decorator' retrieved from /home/pedro/.local/lib/python3.10/site-packages/airflow/example_dags/example_task_group_decorator.py
[2024-06-09T12:22:22.536-0300] {logging_mixin.py:188} INFO - [2024-06-09T12:22:22.536-0300] {dag.py:3096} INFO - Sync 1 DAGs
[2024-06-09T12:22:22.546-0300] {logging_mixin.py:188} INFO - [2024-06-09T12:22:22.546-0300] {dag.py:3954} INFO - Setting next_dagrun for example_task_group_decorator to 2024-06-08 00:00:00+00:00, run_after=2024-06-09 00:00:00+00:00
[2024-06-09T12:22:22.561-0300] {processor.py:183} INFO - Processing /home/pedro/.local/lib/python3.10/site-packages/airflow/example_dags/example_task_group_decorator.py took 0.053 seconds
[2024-06-09T12:23:04.607-0300] {processor.py:161} INFO - Started process (PID=13992) to work on /home/pedro/.local/lib/python3.10/site-packages/airflow/example_dags/example_task_group_decorator.py
[2024-06-09T12:23:04.610-0300] {processor.py:830} INFO - Processing file /home/pedro/.local/lib/python3.10/site-packages/airflow/example_dags/example_task_group_decorator.py for tasks to queue
[2024-06-09T12:23:04.612-0300] {logging_mixin.py:188} INFO - [2024-06-09T12:23:04.612-0300] {dagbag.py:545} INFO - Filling up the DagBag from /home/pedro/.local/lib/python3.10/site-packages/airflow/example_dags/example_task_group_decorator.py
[2024-06-09T12:23:04.626-0300] {processor.py:840} INFO - DAG(s) 'example_task_group_decorator' retrieved from /home/pedro/.local/lib/python3.10/site-packages/airflow/example_dags/example_task_group_decorator.py
[2024-06-09T12:23:04.636-0300] {logging_mixin.py:188} INFO - [2024-06-09T12:23:04.636-0300] {dag.py:3096} INFO - Sync 1 DAGs
[2024-06-09T12:23:04.645-0300] {logging_mixin.py:188} INFO - [2024-06-09T12:23:04.645-0300] {dag.py:3954} INFO - Setting next_dagrun for example_task_group_decorator to 2024-06-08 00:00:00+00:00, run_after=2024-06-09 00:00:00+00:00
[2024-06-09T12:23:04.661-0300] {processor.py:183} INFO - Processing /home/pedro/.local/lib/python3.10/site-packages/airflow/example_dags/example_task_group_decorator.py took 0.058 seconds
[2024-06-09T16:26:13.397-0300] {processor.py:161} INFO - Started process (PID=4811) to work on /home/pedro/.local/lib/python3.10/site-packages/airflow/example_dags/example_task_group_decorator.py
[2024-06-09T16:26:13.399-0300] {processor.py:830} INFO - Processing file /home/pedro/.local/lib/python3.10/site-packages/airflow/example_dags/example_task_group_decorator.py for tasks to queue
[2024-06-09T16:26:13.401-0300] {logging_mixin.py:188} INFO - [2024-06-09T16:26:13.401-0300] {dagbag.py:545} INFO - Filling up the DagBag from /home/pedro/.local/lib/python3.10/site-packages/airflow/example_dags/example_task_group_decorator.py
[2024-06-09T16:26:13.412-0300] {processor.py:840} INFO - DAG(s) 'example_task_group_decorator' retrieved from /home/pedro/.local/lib/python3.10/site-packages/airflow/example_dags/example_task_group_decorator.py
[2024-06-09T16:26:13.425-0300] {logging_mixin.py:188} INFO - [2024-06-09T16:26:13.425-0300] {dag.py:3096} INFO - Sync 1 DAGs
[2024-06-09T16:26:13.435-0300] {logging_mixin.py:188} INFO - [2024-06-09T16:26:13.435-0300] {dag.py:3954} INFO - Setting next_dagrun for example_task_group_decorator to 2024-06-08 00:00:00+00:00, run_after=2024-06-09 00:00:00+00:00
[2024-06-09T16:26:13.449-0300] {processor.py:183} INFO - Processing /home/pedro/.local/lib/python3.10/site-packages/airflow/example_dags/example_task_group_decorator.py took 0.060 seconds
[2024-06-09T16:28:25.109-0300] {processor.py:161} INFO - Started process (PID=5519) to work on /home/pedro/.local/lib/python3.10/site-packages/airflow/example_dags/example_task_group_decorator.py
[2024-06-09T16:28:25.110-0300] {processor.py:830} INFO - Processing file /home/pedro/.local/lib/python3.10/site-packages/airflow/example_dags/example_task_group_decorator.py for tasks to queue
[2024-06-09T16:28:25.112-0300] {logging_mixin.py:188} INFO - [2024-06-09T16:28:25.111-0300] {dagbag.py:545} INFO - Filling up the DagBag from /home/pedro/.local/lib/python3.10/site-packages/airflow/example_dags/example_task_group_decorator.py
[2024-06-09T16:28:25.121-0300] {processor.py:840} INFO - DAG(s) 'example_task_group_decorator' retrieved from /home/pedro/.local/lib/python3.10/site-packages/airflow/example_dags/example_task_group_decorator.py
[2024-06-09T16:28:25.186-0300] {logging_mixin.py:188} INFO - [2024-06-09T16:28:25.186-0300] {dag.py:3096} INFO - Sync 1 DAGs
[2024-06-09T16:28:25.195-0300] {logging_mixin.py:188} INFO - [2024-06-09T16:28:25.195-0300] {dag.py:3954} INFO - Setting next_dagrun for example_task_group_decorator to 2024-06-08 00:00:00+00:00, run_after=2024-06-09 00:00:00+00:00
[2024-06-09T16:28:25.245-0300] {processor.py:183} INFO - Processing /home/pedro/.local/lib/python3.10/site-packages/airflow/example_dags/example_task_group_decorator.py took 0.141 seconds
[2024-06-09T16:30:38.308-0300] {processor.py:161} INFO - Started process (PID=7404) to work on /home/pedro/.local/lib/python3.10/site-packages/airflow/example_dags/example_task_group_decorator.py
[2024-06-09T16:30:38.309-0300] {processor.py:830} INFO - Processing file /home/pedro/.local/lib/python3.10/site-packages/airflow/example_dags/example_task_group_decorator.py for tasks to queue
[2024-06-09T16:30:38.310-0300] {logging_mixin.py:188} INFO - [2024-06-09T16:30:38.310-0300] {dagbag.py:545} INFO - Filling up the DagBag from /home/pedro/.local/lib/python3.10/site-packages/airflow/example_dags/example_task_group_decorator.py
[2024-06-09T16:30:38.319-0300] {processor.py:840} INFO - DAG(s) 'example_task_group_decorator' retrieved from /home/pedro/.local/lib/python3.10/site-packages/airflow/example_dags/example_task_group_decorator.py
[2024-06-09T16:30:38.332-0300] {logging_mixin.py:188} INFO - [2024-06-09T16:30:38.331-0300] {dag.py:3096} INFO - Sync 1 DAGs
[2024-06-09T16:30:38.343-0300] {logging_mixin.py:188} INFO - [2024-06-09T16:30:38.343-0300] {dag.py:3954} INFO - Setting next_dagrun for example_task_group_decorator to 2024-06-08 00:00:00+00:00, run_after=2024-06-09 00:00:00+00:00
[2024-06-09T16:30:38.357-0300] {processor.py:183} INFO - Processing /home/pedro/.local/lib/python3.10/site-packages/airflow/example_dags/example_task_group_decorator.py took 0.055 seconds
[2024-06-09T16:32:50.153-0300] {processor.py:161} INFO - Started process (PID=8173) to work on /home/pedro/.local/lib/python3.10/site-packages/airflow/example_dags/example_task_group_decorator.py
[2024-06-09T16:32:50.156-0300] {processor.py:830} INFO - Processing file /home/pedro/.local/lib/python3.10/site-packages/airflow/example_dags/example_task_group_decorator.py for tasks to queue
[2024-06-09T16:32:50.157-0300] {logging_mixin.py:188} INFO - [2024-06-09T16:32:50.157-0300] {dagbag.py:545} INFO - Filling up the DagBag from /home/pedro/.local/lib/python3.10/site-packages/airflow/example_dags/example_task_group_decorator.py
[2024-06-09T16:32:50.166-0300] {processor.py:840} INFO - DAG(s) 'example_task_group_decorator' retrieved from /home/pedro/.local/lib/python3.10/site-packages/airflow/example_dags/example_task_group_decorator.py
[2024-06-09T16:32:50.178-0300] {logging_mixin.py:188} INFO - [2024-06-09T16:32:50.177-0300] {dag.py:3096} INFO - Sync 1 DAGs
[2024-06-09T16:32:50.188-0300] {logging_mixin.py:188} INFO - [2024-06-09T16:32:50.188-0300] {dag.py:3954} INFO - Setting next_dagrun for example_task_group_decorator to 2024-06-08 00:00:00+00:00, run_after=2024-06-09 00:00:00+00:00
[2024-06-09T16:32:50.203-0300] {processor.py:183} INFO - Processing /home/pedro/.local/lib/python3.10/site-packages/airflow/example_dags/example_task_group_decorator.py took 0.053 seconds
[2024-06-09T16:34:50.895-0300] {processor.py:161} INFO - Started process (PID=8846) to work on /home/pedro/.local/lib/python3.10/site-packages/airflow/example_dags/example_task_group_decorator.py
[2024-06-09T16:34:50.896-0300] {processor.py:830} INFO - Processing file /home/pedro/.local/lib/python3.10/site-packages/airflow/example_dags/example_task_group_decorator.py for tasks to queue
[2024-06-09T16:34:50.897-0300] {logging_mixin.py:188} INFO - [2024-06-09T16:34:50.897-0300] {dagbag.py:545} INFO - Filling up the DagBag from /home/pedro/.local/lib/python3.10/site-packages/airflow/example_dags/example_task_group_decorator.py
[2024-06-09T16:34:50.907-0300] {processor.py:840} INFO - DAG(s) 'example_task_group_decorator' retrieved from /home/pedro/.local/lib/python3.10/site-packages/airflow/example_dags/example_task_group_decorator.py
[2024-06-09T16:34:50.918-0300] {logging_mixin.py:188} INFO - [2024-06-09T16:34:50.917-0300] {dag.py:3096} INFO - Sync 1 DAGs
[2024-06-09T16:34:50.927-0300] {logging_mixin.py:188} INFO - [2024-06-09T16:34:50.927-0300] {dag.py:3954} INFO - Setting next_dagrun for example_task_group_decorator to 2024-06-08 00:00:00+00:00, run_after=2024-06-09 00:00:00+00:00
[2024-06-09T16:34:50.941-0300] {processor.py:183} INFO - Processing /home/pedro/.local/lib/python3.10/site-packages/airflow/example_dags/example_task_group_decorator.py took 0.050 seconds
[2024-06-09T16:36:49.064-0300] {processor.py:161} INFO - Started process (PID=9530) to work on /home/pedro/.local/lib/python3.10/site-packages/airflow/example_dags/example_task_group_decorator.py
[2024-06-09T16:36:49.067-0300] {processor.py:830} INFO - Processing file /home/pedro/.local/lib/python3.10/site-packages/airflow/example_dags/example_task_group_decorator.py for tasks to queue
[2024-06-09T16:36:49.069-0300] {logging_mixin.py:188} INFO - [2024-06-09T16:36:49.069-0300] {dagbag.py:545} INFO - Filling up the DagBag from /home/pedro/.local/lib/python3.10/site-packages/airflow/example_dags/example_task_group_decorator.py
[2024-06-09T16:36:49.080-0300] {processor.py:840} INFO - DAG(s) 'example_task_group_decorator' retrieved from /home/pedro/.local/lib/python3.10/site-packages/airflow/example_dags/example_task_group_decorator.py
[2024-06-09T16:36:49.092-0300] {logging_mixin.py:188} INFO - [2024-06-09T16:36:49.092-0300] {dag.py:3096} INFO - Sync 1 DAGs
[2024-06-09T16:36:49.103-0300] {logging_mixin.py:188} INFO - [2024-06-09T16:36:49.103-0300] {dag.py:3954} INFO - Setting next_dagrun for example_task_group_decorator to 2024-06-08 00:00:00+00:00, run_after=2024-06-09 00:00:00+00:00
[2024-06-09T16:36:49.120-0300] {processor.py:183} INFO - Processing /home/pedro/.local/lib/python3.10/site-packages/airflow/example_dags/example_task_group_decorator.py took 0.060 seconds
[2024-06-09T16:38:44.816-0300] {processor.py:161} INFO - Started process (PID=10243) to work on /home/pedro/.local/lib/python3.10/site-packages/airflow/example_dags/example_task_group_decorator.py
[2024-06-09T16:38:44.817-0300] {processor.py:830} INFO - Processing file /home/pedro/.local/lib/python3.10/site-packages/airflow/example_dags/example_task_group_decorator.py for tasks to queue
[2024-06-09T16:38:44.819-0300] {logging_mixin.py:188} INFO - [2024-06-09T16:38:44.819-0300] {dagbag.py:545} INFO - Filling up the DagBag from /home/pedro/.local/lib/python3.10/site-packages/airflow/example_dags/example_task_group_decorator.py
[2024-06-09T16:38:44.830-0300] {processor.py:840} INFO - DAG(s) 'example_task_group_decorator' retrieved from /home/pedro/.local/lib/python3.10/site-packages/airflow/example_dags/example_task_group_decorator.py
[2024-06-09T16:38:44.843-0300] {logging_mixin.py:188} INFO - [2024-06-09T16:38:44.842-0300] {dag.py:3096} INFO - Sync 1 DAGs
[2024-06-09T16:38:44.853-0300] {logging_mixin.py:188} INFO - [2024-06-09T16:38:44.853-0300] {dag.py:3954} INFO - Setting next_dagrun for example_task_group_decorator to 2024-06-08 00:00:00+00:00, run_after=2024-06-09 00:00:00+00:00
[2024-06-09T16:38:44.868-0300] {processor.py:183} INFO - Processing /home/pedro/.local/lib/python3.10/site-packages/airflow/example_dags/example_task_group_decorator.py took 0.056 seconds
[2024-06-09T16:40:42.512-0300] {processor.py:161} INFO - Started process (PID=10935) to work on /home/pedro/.local/lib/python3.10/site-packages/airflow/example_dags/example_task_group_decorator.py
[2024-06-09T16:40:42.513-0300] {processor.py:830} INFO - Processing file /home/pedro/.local/lib/python3.10/site-packages/airflow/example_dags/example_task_group_decorator.py for tasks to queue
[2024-06-09T16:40:42.515-0300] {logging_mixin.py:188} INFO - [2024-06-09T16:40:42.514-0300] {dagbag.py:545} INFO - Filling up the DagBag from /home/pedro/.local/lib/python3.10/site-packages/airflow/example_dags/example_task_group_decorator.py
[2024-06-09T16:40:42.526-0300] {processor.py:840} INFO - DAG(s) 'example_task_group_decorator' retrieved from /home/pedro/.local/lib/python3.10/site-packages/airflow/example_dags/example_task_group_decorator.py
[2024-06-09T16:40:42.537-0300] {logging_mixin.py:188} INFO - [2024-06-09T16:40:42.537-0300] {dag.py:3096} INFO - Sync 1 DAGs
[2024-06-09T16:40:42.547-0300] {logging_mixin.py:188} INFO - [2024-06-09T16:40:42.546-0300] {dag.py:3954} INFO - Setting next_dagrun for example_task_group_decorator to 2024-06-08 00:00:00+00:00, run_after=2024-06-09 00:00:00+00:00
[2024-06-09T16:40:42.563-0300] {processor.py:183} INFO - Processing /home/pedro/.local/lib/python3.10/site-packages/airflow/example_dags/example_task_group_decorator.py took 0.056 seconds
[2024-06-09T16:42:40.599-0300] {processor.py:161} INFO - Started process (PID=11658) to work on /home/pedro/.local/lib/python3.10/site-packages/airflow/example_dags/example_task_group_decorator.py
[2024-06-09T16:42:40.602-0300] {processor.py:830} INFO - Processing file /home/pedro/.local/lib/python3.10/site-packages/airflow/example_dags/example_task_group_decorator.py for tasks to queue
[2024-06-09T16:42:40.603-0300] {logging_mixin.py:188} INFO - [2024-06-09T16:42:40.603-0300] {dagbag.py:545} INFO - Filling up the DagBag from /home/pedro/.local/lib/python3.10/site-packages/airflow/example_dags/example_task_group_decorator.py
[2024-06-09T16:42:40.611-0300] {processor.py:840} INFO - DAG(s) 'example_task_group_decorator' retrieved from /home/pedro/.local/lib/python3.10/site-packages/airflow/example_dags/example_task_group_decorator.py
[2024-06-09T16:42:40.625-0300] {logging_mixin.py:188} INFO - [2024-06-09T16:42:40.625-0300] {dag.py:3096} INFO - Sync 1 DAGs
[2024-06-09T16:42:40.637-0300] {logging_mixin.py:188} INFO - [2024-06-09T16:42:40.636-0300] {dag.py:3954} INFO - Setting next_dagrun for example_task_group_decorator to 2024-06-08 00:00:00+00:00, run_after=2024-06-09 00:00:00+00:00
[2024-06-09T16:42:40.653-0300] {processor.py:183} INFO - Processing /home/pedro/.local/lib/python3.10/site-packages/airflow/example_dags/example_task_group_decorator.py took 0.058 seconds
[2024-06-09T16:44:44.788-0300] {processor.py:161} INFO - Started process (PID=12344) to work on /home/pedro/.local/lib/python3.10/site-packages/airflow/example_dags/example_task_group_decorator.py
[2024-06-09T16:44:44.789-0300] {processor.py:830} INFO - Processing file /home/pedro/.local/lib/python3.10/site-packages/airflow/example_dags/example_task_group_decorator.py for tasks to queue
[2024-06-09T16:44:44.790-0300] {logging_mixin.py:188} INFO - [2024-06-09T16:44:44.790-0300] {dagbag.py:545} INFO - Filling up the DagBag from /home/pedro/.local/lib/python3.10/site-packages/airflow/example_dags/example_task_group_decorator.py
[2024-06-09T16:44:44.802-0300] {processor.py:840} INFO - DAG(s) 'example_task_group_decorator' retrieved from /home/pedro/.local/lib/python3.10/site-packages/airflow/example_dags/example_task_group_decorator.py
[2024-06-09T16:44:44.824-0300] {logging_mixin.py:188} INFO - [2024-06-09T16:44:44.824-0300] {dag.py:3096} INFO - Sync 1 DAGs
[2024-06-09T16:44:44.840-0300] {logging_mixin.py:188} INFO - [2024-06-09T16:44:44.840-0300] {dag.py:3954} INFO - Setting next_dagrun for example_task_group_decorator to 2024-06-08 00:00:00+00:00, run_after=2024-06-09 00:00:00+00:00
[2024-06-09T16:44:44.864-0300] {processor.py:183} INFO - Processing /home/pedro/.local/lib/python3.10/site-packages/airflow/example_dags/example_task_group_decorator.py took 0.083 seconds
[2024-06-09T16:46:53.906-0300] {processor.py:161} INFO - Started process (PID=13096) to work on /home/pedro/.local/lib/python3.10/site-packages/airflow/example_dags/example_task_group_decorator.py
[2024-06-09T16:46:53.909-0300] {processor.py:830} INFO - Processing file /home/pedro/.local/lib/python3.10/site-packages/airflow/example_dags/example_task_group_decorator.py for tasks to queue
[2024-06-09T16:46:53.910-0300] {logging_mixin.py:188} INFO - [2024-06-09T16:46:53.910-0300] {dagbag.py:545} INFO - Filling up the DagBag from /home/pedro/.local/lib/python3.10/site-packages/airflow/example_dags/example_task_group_decorator.py
[2024-06-09T16:46:53.923-0300] {processor.py:840} INFO - DAG(s) 'example_task_group_decorator' retrieved from /home/pedro/.local/lib/python3.10/site-packages/airflow/example_dags/example_task_group_decorator.py
[2024-06-09T16:46:53.934-0300] {logging_mixin.py:188} INFO - [2024-06-09T16:46:53.934-0300] {dag.py:3096} INFO - Sync 1 DAGs
[2024-06-09T16:46:53.944-0300] {logging_mixin.py:188} INFO - [2024-06-09T16:46:53.944-0300] {dag.py:3954} INFO - Setting next_dagrun for example_task_group_decorator to 2024-06-08 00:00:00+00:00, run_after=2024-06-09 00:00:00+00:00
[2024-06-09T16:46:53.959-0300] {processor.py:183} INFO - Processing /home/pedro/.local/lib/python3.10/site-packages/airflow/example_dags/example_task_group_decorator.py took 0.057 seconds
[2024-06-09T16:48:57.702-0300] {processor.py:161} INFO - Started process (PID=13805) to work on /home/pedro/.local/lib/python3.10/site-packages/airflow/example_dags/example_task_group_decorator.py
[2024-06-09T16:48:57.704-0300] {processor.py:830} INFO - Processing file /home/pedro/.local/lib/python3.10/site-packages/airflow/example_dags/example_task_group_decorator.py for tasks to queue
[2024-06-09T16:48:57.706-0300] {logging_mixin.py:188} INFO - [2024-06-09T16:48:57.705-0300] {dagbag.py:545} INFO - Filling up the DagBag from /home/pedro/.local/lib/python3.10/site-packages/airflow/example_dags/example_task_group_decorator.py
[2024-06-09T16:48:57.715-0300] {processor.py:840} INFO - DAG(s) 'example_task_group_decorator' retrieved from /home/pedro/.local/lib/python3.10/site-packages/airflow/example_dags/example_task_group_decorator.py
[2024-06-09T16:48:57.727-0300] {logging_mixin.py:188} INFO - [2024-06-09T16:48:57.727-0300] {dag.py:3096} INFO - Sync 1 DAGs
[2024-06-09T16:48:57.739-0300] {logging_mixin.py:188} INFO - [2024-06-09T16:48:57.738-0300] {dag.py:3954} INFO - Setting next_dagrun for example_task_group_decorator to 2024-06-08 00:00:00+00:00, run_after=2024-06-09 00:00:00+00:00
[2024-06-09T16:48:57.754-0300] {processor.py:183} INFO - Processing /home/pedro/.local/lib/python3.10/site-packages/airflow/example_dags/example_task_group_decorator.py took 0.057 seconds
[2024-06-09T16:50:57.046-0300] {processor.py:161} INFO - Started process (PID=14579) to work on /home/pedro/.local/lib/python3.10/site-packages/airflow/example_dags/example_task_group_decorator.py
[2024-06-09T16:50:57.049-0300] {processor.py:830} INFO - Processing file /home/pedro/.local/lib/python3.10/site-packages/airflow/example_dags/example_task_group_decorator.py for tasks to queue
[2024-06-09T16:50:57.050-0300] {logging_mixin.py:188} INFO - [2024-06-09T16:50:57.050-0300] {dagbag.py:545} INFO - Filling up the DagBag from /home/pedro/.local/lib/python3.10/site-packages/airflow/example_dags/example_task_group_decorator.py
[2024-06-09T16:50:57.059-0300] {processor.py:840} INFO - DAG(s) 'example_task_group_decorator' retrieved from /home/pedro/.local/lib/python3.10/site-packages/airflow/example_dags/example_task_group_decorator.py
[2024-06-09T16:50:57.071-0300] {logging_mixin.py:188} INFO - [2024-06-09T16:50:57.071-0300] {dag.py:3096} INFO - Sync 1 DAGs
[2024-06-09T16:50:57.081-0300] {logging_mixin.py:188} INFO - [2024-06-09T16:50:57.081-0300] {dag.py:3954} INFO - Setting next_dagrun for example_task_group_decorator to 2024-06-08 00:00:00+00:00, run_after=2024-06-09 00:00:00+00:00
[2024-06-09T16:50:57.098-0300] {processor.py:183} INFO - Processing /home/pedro/.local/lib/python3.10/site-packages/airflow/example_dags/example_task_group_decorator.py took 0.056 seconds
[2024-06-09T16:52:59.376-0300] {processor.py:161} INFO - Started process (PID=15283) to work on /home/pedro/.local/lib/python3.10/site-packages/airflow/example_dags/example_task_group_decorator.py
[2024-06-09T16:52:59.376-0300] {processor.py:830} INFO - Processing file /home/pedro/.local/lib/python3.10/site-packages/airflow/example_dags/example_task_group_decorator.py for tasks to queue
[2024-06-09T16:52:59.377-0300] {logging_mixin.py:188} INFO - [2024-06-09T16:52:59.377-0300] {dagbag.py:545} INFO - Filling up the DagBag from /home/pedro/.local/lib/python3.10/site-packages/airflow/example_dags/example_task_group_decorator.py
[2024-06-09T16:52:59.386-0300] {processor.py:840} INFO - DAG(s) 'example_task_group_decorator' retrieved from /home/pedro/.local/lib/python3.10/site-packages/airflow/example_dags/example_task_group_decorator.py
[2024-06-09T16:52:59.397-0300] {logging_mixin.py:188} INFO - [2024-06-09T16:52:59.397-0300] {dag.py:3096} INFO - Sync 1 DAGs
[2024-06-09T16:52:59.408-0300] {logging_mixin.py:188} INFO - [2024-06-09T16:52:59.407-0300] {dag.py:3954} INFO - Setting next_dagrun for example_task_group_decorator to 2024-06-08 00:00:00+00:00, run_after=2024-06-09 00:00:00+00:00
[2024-06-09T16:52:59.421-0300] {processor.py:183} INFO - Processing /home/pedro/.local/lib/python3.10/site-packages/airflow/example_dags/example_task_group_decorator.py took 0.049 seconds
[2024-06-09T16:55:09.613-0300] {processor.py:161} INFO - Started process (PID=16006) to work on /home/pedro/.local/lib/python3.10/site-packages/airflow/example_dags/example_task_group_decorator.py
[2024-06-09T16:55:09.616-0300] {processor.py:830} INFO - Processing file /home/pedro/.local/lib/python3.10/site-packages/airflow/example_dags/example_task_group_decorator.py for tasks to queue
[2024-06-09T16:55:09.617-0300] {logging_mixin.py:188} INFO - [2024-06-09T16:55:09.617-0300] {dagbag.py:545} INFO - Filling up the DagBag from /home/pedro/.local/lib/python3.10/site-packages/airflow/example_dags/example_task_group_decorator.py
[2024-06-09T16:55:09.627-0300] {processor.py:840} INFO - DAG(s) 'example_task_group_decorator' retrieved from /home/pedro/.local/lib/python3.10/site-packages/airflow/example_dags/example_task_group_decorator.py
[2024-06-09T16:55:09.638-0300] {logging_mixin.py:188} INFO - [2024-06-09T16:55:09.638-0300] {dag.py:3096} INFO - Sync 1 DAGs
[2024-06-09T16:55:09.651-0300] {logging_mixin.py:188} INFO - [2024-06-09T16:55:09.650-0300] {dag.py:3954} INFO - Setting next_dagrun for example_task_group_decorator to 2024-06-08 00:00:00+00:00, run_after=2024-06-09 00:00:00+00:00
[2024-06-09T16:55:09.667-0300] {processor.py:183} INFO - Processing /home/pedro/.local/lib/python3.10/site-packages/airflow/example_dags/example_task_group_decorator.py took 0.058 seconds
[2024-06-09T16:57:14.302-0300] {processor.py:161} INFO - Started process (PID=16720) to work on /home/pedro/.local/lib/python3.10/site-packages/airflow/example_dags/example_task_group_decorator.py
[2024-06-09T16:57:14.305-0300] {processor.py:830} INFO - Processing file /home/pedro/.local/lib/python3.10/site-packages/airflow/example_dags/example_task_group_decorator.py for tasks to queue
[2024-06-09T16:57:14.307-0300] {logging_mixin.py:188} INFO - [2024-06-09T16:57:14.307-0300] {dagbag.py:545} INFO - Filling up the DagBag from /home/pedro/.local/lib/python3.10/site-packages/airflow/example_dags/example_task_group_decorator.py
[2024-06-09T16:57:14.318-0300] {processor.py:840} INFO - DAG(s) 'example_task_group_decorator' retrieved from /home/pedro/.local/lib/python3.10/site-packages/airflow/example_dags/example_task_group_decorator.py
[2024-06-09T16:57:14.329-0300] {logging_mixin.py:188} INFO - [2024-06-09T16:57:14.329-0300] {dag.py:3096} INFO - Sync 1 DAGs
[2024-06-09T16:57:14.339-0300] {logging_mixin.py:188} INFO - [2024-06-09T16:57:14.339-0300] {dag.py:3954} INFO - Setting next_dagrun for example_task_group_decorator to 2024-06-08 00:00:00+00:00, run_after=2024-06-09 00:00:00+00:00
[2024-06-09T16:57:14.355-0300] {processor.py:183} INFO - Processing /home/pedro/.local/lib/python3.10/site-packages/airflow/example_dags/example_task_group_decorator.py took 0.057 seconds
