[2024-06-09T11:45:51.998-0300] {processor.py:161} INFO - Started process (PID=6090) to work on /home/pedro/.local/lib/python3.10/site-packages/airflow/example_dags/example_branch_operator_decorator.py
[2024-06-09T11:45:51.999-0300] {processor.py:830} INFO - Processing file /home/pedro/.local/lib/python3.10/site-packages/airflow/example_dags/example_branch_operator_decorator.py for tasks to queue
[2024-06-09T11:45:51.999-0300] {logging_mixin.py:188} INFO - [2024-06-09T11:45:51.999-0300] {dagbag.py:545} INFO - Filling up the DagBag from /home/pedro/.local/lib/python3.10/site-packages/airflow/example_dags/example_branch_operator_decorator.py
[2024-06-09T11:45:52.010-0300] {processor.py:840} INFO - DAG(s) 'example_branch_python_operator_decorator' retrieved from /home/pedro/.local/lib/python3.10/site-packages/airflow/example_dags/example_branch_operator_decorator.py
[2024-06-09T11:45:52.108-0300] {logging_mixin.py:188} INFO - [2024-06-09T11:45:52.108-0300] {dag.py:3096} INFO - Sync 1 DAGs
[2024-06-09T11:45:52.117-0300] {logging_mixin.py:188} INFO - [2024-06-09T11:45:52.117-0300] {dag.py:3954} INFO - Setting next_dagrun for example_branch_python_operator_decorator to 2024-06-08 00:00:00+00:00, run_after=2024-06-09 00:00:00+00:00
[2024-06-09T11:45:52.134-0300] {processor.py:183} INFO - Processing /home/pedro/.local/lib/python3.10/site-packages/airflow/example_dags/example_branch_operator_decorator.py took 0.140 seconds
[2024-06-09T11:46:44.436-0300] {processor.py:161} INFO - Started process (PID=7302) to work on /home/pedro/.local/lib/python3.10/site-packages/airflow/example_dags/example_branch_operator_decorator.py
[2024-06-09T11:46:44.437-0300] {processor.py:830} INFO - Processing file /home/pedro/.local/lib/python3.10/site-packages/airflow/example_dags/example_branch_operator_decorator.py for tasks to queue
[2024-06-09T11:46:44.438-0300] {logging_mixin.py:188} INFO - [2024-06-09T11:46:44.438-0300] {dagbag.py:545} INFO - Filling up the DagBag from /home/pedro/.local/lib/python3.10/site-packages/airflow/example_dags/example_branch_operator_decorator.py
[2024-06-09T11:46:44.452-0300] {processor.py:840} INFO - DAG(s) 'example_branch_python_operator_decorator' retrieved from /home/pedro/.local/lib/python3.10/site-packages/airflow/example_dags/example_branch_operator_decorator.py
[2024-06-09T11:46:44.464-0300] {logging_mixin.py:188} INFO - [2024-06-09T11:46:44.464-0300] {dag.py:3096} INFO - Sync 1 DAGs
[2024-06-09T11:46:44.474-0300] {logging_mixin.py:188} INFO - [2024-06-09T11:46:44.474-0300] {dag.py:3954} INFO - Setting next_dagrun for example_branch_python_operator_decorator to 2024-06-08 00:00:00+00:00, run_after=2024-06-09 00:00:00+00:00
[2024-06-09T11:46:44.488-0300] {processor.py:183} INFO - Processing /home/pedro/.local/lib/python3.10/site-packages/airflow/example_dags/example_branch_operator_decorator.py took 0.057 seconds
[2024-06-09T11:47:47.576-0300] {processor.py:161} INFO - Started process (PID=7417) to work on /home/pedro/.local/lib/python3.10/site-packages/airflow/example_dags/example_branch_operator_decorator.py
[2024-06-09T11:47:47.580-0300] {processor.py:830} INFO - Processing file /home/pedro/.local/lib/python3.10/site-packages/airflow/example_dags/example_branch_operator_decorator.py for tasks to queue
[2024-06-09T11:47:47.582-0300] {logging_mixin.py:188} INFO - [2024-06-09T11:47:47.581-0300] {dagbag.py:545} INFO - Filling up the DagBag from /home/pedro/.local/lib/python3.10/site-packages/airflow/example_dags/example_branch_operator_decorator.py
[2024-06-09T11:47:47.598-0300] {processor.py:840} INFO - DAG(s) 'example_branch_python_operator_decorator' retrieved from /home/pedro/.local/lib/python3.10/site-packages/airflow/example_dags/example_branch_operator_decorator.py
[2024-06-09T11:47:47.610-0300] {logging_mixin.py:188} INFO - [2024-06-09T11:47:47.610-0300] {dag.py:3096} INFO - Sync 1 DAGs
[2024-06-09T11:47:47.620-0300] {logging_mixin.py:188} INFO - [2024-06-09T11:47:47.620-0300] {dag.py:3954} INFO - Setting next_dagrun for example_branch_python_operator_decorator to 2024-06-08 00:00:00+00:00, run_after=2024-06-09 00:00:00+00:00
[2024-06-09T11:47:47.636-0300] {processor.py:183} INFO - Processing /home/pedro/.local/lib/python3.10/site-packages/airflow/example_dags/example_branch_operator_decorator.py took 0.064 seconds
[2024-06-09T11:48:51.848-0300] {processor.py:161} INFO - Started process (PID=7601) to work on /home/pedro/.local/lib/python3.10/site-packages/airflow/example_dags/example_branch_operator_decorator.py
[2024-06-09T11:48:51.852-0300] {processor.py:830} INFO - Processing file /home/pedro/.local/lib/python3.10/site-packages/airflow/example_dags/example_branch_operator_decorator.py for tasks to queue
[2024-06-09T11:48:51.854-0300] {logging_mixin.py:188} INFO - [2024-06-09T11:48:51.853-0300] {dagbag.py:545} INFO - Filling up the DagBag from /home/pedro/.local/lib/python3.10/site-packages/airflow/example_dags/example_branch_operator_decorator.py
[2024-06-09T11:48:51.868-0300] {processor.py:840} INFO - DAG(s) 'example_branch_python_operator_decorator' retrieved from /home/pedro/.local/lib/python3.10/site-packages/airflow/example_dags/example_branch_operator_decorator.py
[2024-06-09T11:48:51.881-0300] {logging_mixin.py:188} INFO - [2024-06-09T11:48:51.881-0300] {dag.py:3096} INFO - Sync 1 DAGs
[2024-06-09T11:48:51.892-0300] {logging_mixin.py:188} INFO - [2024-06-09T11:48:51.892-0300] {dag.py:3954} INFO - Setting next_dagrun for example_branch_python_operator_decorator to 2024-06-08 00:00:00+00:00, run_after=2024-06-09 00:00:00+00:00
[2024-06-09T11:48:51.906-0300] {processor.py:183} INFO - Processing /home/pedro/.local/lib/python3.10/site-packages/airflow/example_dags/example_branch_operator_decorator.py took 0.067 seconds
[2024-06-09T11:49:54.710-0300] {processor.py:161} INFO - Started process (PID=7941) to work on /home/pedro/.local/lib/python3.10/site-packages/airflow/example_dags/example_branch_operator_decorator.py
[2024-06-09T11:49:54.714-0300] {processor.py:830} INFO - Processing file /home/pedro/.local/lib/python3.10/site-packages/airflow/example_dags/example_branch_operator_decorator.py for tasks to queue
[2024-06-09T11:49:54.716-0300] {logging_mixin.py:188} INFO - [2024-06-09T11:49:54.715-0300] {dagbag.py:545} INFO - Filling up the DagBag from /home/pedro/.local/lib/python3.10/site-packages/airflow/example_dags/example_branch_operator_decorator.py
[2024-06-09T11:49:54.732-0300] {processor.py:840} INFO - DAG(s) 'example_branch_python_operator_decorator' retrieved from /home/pedro/.local/lib/python3.10/site-packages/airflow/example_dags/example_branch_operator_decorator.py
[2024-06-09T11:49:54.744-0300] {logging_mixin.py:188} INFO - [2024-06-09T11:49:54.744-0300] {dag.py:3096} INFO - Sync 1 DAGs
[2024-06-09T11:49:54.754-0300] {logging_mixin.py:188} INFO - [2024-06-09T11:49:54.754-0300] {dag.py:3954} INFO - Setting next_dagrun for example_branch_python_operator_decorator to 2024-06-08 00:00:00+00:00, run_after=2024-06-09 00:00:00+00:00
[2024-06-09T11:49:54.768-0300] {processor.py:183} INFO - Processing /home/pedro/.local/lib/python3.10/site-packages/airflow/example_dags/example_branch_operator_decorator.py took 0.063 seconds
[2024-06-09T11:51:04.610-0300] {processor.py:161} INFO - Started process (PID=8182) to work on /home/pedro/.local/lib/python3.10/site-packages/airflow/example_dags/example_branch_operator_decorator.py
[2024-06-09T11:51:04.613-0300] {processor.py:830} INFO - Processing file /home/pedro/.local/lib/python3.10/site-packages/airflow/example_dags/example_branch_operator_decorator.py for tasks to queue
[2024-06-09T11:51:04.615-0300] {logging_mixin.py:188} INFO - [2024-06-09T11:51:04.615-0300] {dagbag.py:545} INFO - Filling up the DagBag from /home/pedro/.local/lib/python3.10/site-packages/airflow/example_dags/example_branch_operator_decorator.py
[2024-06-09T11:51:04.629-0300] {processor.py:840} INFO - DAG(s) 'example_branch_python_operator_decorator' retrieved from /home/pedro/.local/lib/python3.10/site-packages/airflow/example_dags/example_branch_operator_decorator.py
[2024-06-09T11:51:04.642-0300] {logging_mixin.py:188} INFO - [2024-06-09T11:51:04.642-0300] {dag.py:3096} INFO - Sync 1 DAGs
[2024-06-09T11:51:04.652-0300] {logging_mixin.py:188} INFO - [2024-06-09T11:51:04.652-0300] {dag.py:3954} INFO - Setting next_dagrun for example_branch_python_operator_decorator to 2024-06-08 00:00:00+00:00, run_after=2024-06-09 00:00:00+00:00
[2024-06-09T11:51:04.666-0300] {processor.py:183} INFO - Processing /home/pedro/.local/lib/python3.10/site-packages/airflow/example_dags/example_branch_operator_decorator.py took 0.066 seconds
[2024-06-09T11:52:11.358-0300] {processor.py:161} INFO - Started process (PID=8329) to work on /home/pedro/.local/lib/python3.10/site-packages/airflow/example_dags/example_branch_operator_decorator.py
[2024-06-09T11:52:11.359-0300] {processor.py:830} INFO - Processing file /home/pedro/.local/lib/python3.10/site-packages/airflow/example_dags/example_branch_operator_decorator.py for tasks to queue
[2024-06-09T11:52:11.360-0300] {logging_mixin.py:188} INFO - [2024-06-09T11:52:11.360-0300] {dagbag.py:545} INFO - Filling up the DagBag from /home/pedro/.local/lib/python3.10/site-packages/airflow/example_dags/example_branch_operator_decorator.py
[2024-06-09T11:52:11.373-0300] {processor.py:840} INFO - DAG(s) 'example_branch_python_operator_decorator' retrieved from /home/pedro/.local/lib/python3.10/site-packages/airflow/example_dags/example_branch_operator_decorator.py
[2024-06-09T11:52:11.385-0300] {logging_mixin.py:188} INFO - [2024-06-09T11:52:11.385-0300] {dag.py:3096} INFO - Sync 1 DAGs
[2024-06-09T11:52:11.395-0300] {logging_mixin.py:188} INFO - [2024-06-09T11:52:11.395-0300] {dag.py:3954} INFO - Setting next_dagrun for example_branch_python_operator_decorator to 2024-06-08 00:00:00+00:00, run_after=2024-06-09 00:00:00+00:00
[2024-06-09T11:52:11.408-0300] {processor.py:183} INFO - Processing /home/pedro/.local/lib/python3.10/site-packages/airflow/example_dags/example_branch_operator_decorator.py took 0.055 seconds
[2024-06-09T11:53:11.212-0300] {processor.py:161} INFO - Started process (PID=8479) to work on /home/pedro/.local/lib/python3.10/site-packages/airflow/example_dags/example_branch_operator_decorator.py
[2024-06-09T11:53:11.216-0300] {processor.py:830} INFO - Processing file /home/pedro/.local/lib/python3.10/site-packages/airflow/example_dags/example_branch_operator_decorator.py for tasks to queue
[2024-06-09T11:53:11.218-0300] {logging_mixin.py:188} INFO - [2024-06-09T11:53:11.217-0300] {dagbag.py:545} INFO - Filling up the DagBag from /home/pedro/.local/lib/python3.10/site-packages/airflow/example_dags/example_branch_operator_decorator.py
[2024-06-09T11:53:11.232-0300] {processor.py:840} INFO - DAG(s) 'example_branch_python_operator_decorator' retrieved from /home/pedro/.local/lib/python3.10/site-packages/airflow/example_dags/example_branch_operator_decorator.py
[2024-06-09T11:53:11.246-0300] {logging_mixin.py:188} INFO - [2024-06-09T11:53:11.245-0300] {dag.py:3096} INFO - Sync 1 DAGs
[2024-06-09T11:53:11.256-0300] {logging_mixin.py:188} INFO - [2024-06-09T11:53:11.256-0300] {dag.py:3954} INFO - Setting next_dagrun for example_branch_python_operator_decorator to 2024-06-08 00:00:00+00:00, run_after=2024-06-09 00:00:00+00:00
[2024-06-09T11:53:11.270-0300] {processor.py:183} INFO - Processing /home/pedro/.local/lib/python3.10/site-packages/airflow/example_dags/example_branch_operator_decorator.py took 0.067 seconds
[2024-06-09T11:54:11.744-0300] {processor.py:161} INFO - Started process (PID=8592) to work on /home/pedro/.local/lib/python3.10/site-packages/airflow/example_dags/example_branch_operator_decorator.py
[2024-06-09T11:54:11.747-0300] {processor.py:830} INFO - Processing file /home/pedro/.local/lib/python3.10/site-packages/airflow/example_dags/example_branch_operator_decorator.py for tasks to queue
[2024-06-09T11:54:11.748-0300] {logging_mixin.py:188} INFO - [2024-06-09T11:54:11.748-0300] {dagbag.py:545} INFO - Filling up the DagBag from /home/pedro/.local/lib/python3.10/site-packages/airflow/example_dags/example_branch_operator_decorator.py
[2024-06-09T11:54:11.764-0300] {processor.py:840} INFO - DAG(s) 'example_branch_python_operator_decorator' retrieved from /home/pedro/.local/lib/python3.10/site-packages/airflow/example_dags/example_branch_operator_decorator.py
[2024-06-09T11:54:11.777-0300] {logging_mixin.py:188} INFO - [2024-06-09T11:54:11.776-0300] {dag.py:3096} INFO - Sync 1 DAGs
[2024-06-09T11:54:11.786-0300] {logging_mixin.py:188} INFO - [2024-06-09T11:54:11.786-0300] {dag.py:3954} INFO - Setting next_dagrun for example_branch_python_operator_decorator to 2024-06-08 00:00:00+00:00, run_after=2024-06-09 00:00:00+00:00
[2024-06-09T11:54:11.800-0300] {processor.py:183} INFO - Processing /home/pedro/.local/lib/python3.10/site-packages/airflow/example_dags/example_branch_operator_decorator.py took 0.061 seconds
[2024-06-09T11:55:10.881-0300] {processor.py:161} INFO - Started process (PID=8692) to work on /home/pedro/.local/lib/python3.10/site-packages/airflow/example_dags/example_branch_operator_decorator.py
[2024-06-09T11:55:10.884-0300] {processor.py:830} INFO - Processing file /home/pedro/.local/lib/python3.10/site-packages/airflow/example_dags/example_branch_operator_decorator.py for tasks to queue
[2024-06-09T11:55:10.885-0300] {logging_mixin.py:188} INFO - [2024-06-09T11:55:10.885-0300] {dagbag.py:545} INFO - Filling up the DagBag from /home/pedro/.local/lib/python3.10/site-packages/airflow/example_dags/example_branch_operator_decorator.py
[2024-06-09T11:55:10.900-0300] {processor.py:840} INFO - DAG(s) 'example_branch_python_operator_decorator' retrieved from /home/pedro/.local/lib/python3.10/site-packages/airflow/example_dags/example_branch_operator_decorator.py
[2024-06-09T11:55:10.915-0300] {logging_mixin.py:188} INFO - [2024-06-09T11:55:10.915-0300] {dag.py:3096} INFO - Sync 1 DAGs
[2024-06-09T11:55:10.927-0300] {logging_mixin.py:188} INFO - [2024-06-09T11:55:10.927-0300] {dag.py:3954} INFO - Setting next_dagrun for example_branch_python_operator_decorator to 2024-06-08 00:00:00+00:00, run_after=2024-06-09 00:00:00+00:00
[2024-06-09T11:55:10.945-0300] {processor.py:183} INFO - Processing /home/pedro/.local/lib/python3.10/site-packages/airflow/example_dags/example_branch_operator_decorator.py took 0.067 seconds
[2024-06-09T11:58:14.133-0300] {processor.py:161} INFO - Started process (PID=9852) to work on /home/pedro/.local/lib/python3.10/site-packages/airflow/example_dags/example_branch_operator_decorator.py
[2024-06-09T11:58:14.134-0300] {processor.py:830} INFO - Processing file /home/pedro/.local/lib/python3.10/site-packages/airflow/example_dags/example_branch_operator_decorator.py for tasks to queue
[2024-06-09T11:58:14.135-0300] {logging_mixin.py:188} INFO - [2024-06-09T11:58:14.135-0300] {dagbag.py:545} INFO - Filling up the DagBag from /home/pedro/.local/lib/python3.10/site-packages/airflow/example_dags/example_branch_operator_decorator.py
[2024-06-09T11:58:14.151-0300] {processor.py:840} INFO - DAG(s) 'example_branch_python_operator_decorator' retrieved from /home/pedro/.local/lib/python3.10/site-packages/airflow/example_dags/example_branch_operator_decorator.py
[2024-06-09T11:58:14.285-0300] {logging_mixin.py:188} INFO - [2024-06-09T11:58:14.284-0300] {dag.py:3096} INFO - Sync 1 DAGs
[2024-06-09T11:58:14.296-0300] {logging_mixin.py:188} INFO - [2024-06-09T11:58:14.295-0300] {dag.py:3954} INFO - Setting next_dagrun for example_branch_python_operator_decorator to 2024-06-08 00:00:00+00:00, run_after=2024-06-09 00:00:00+00:00
[2024-06-09T11:58:14.312-0300] {processor.py:183} INFO - Processing /home/pedro/.local/lib/python3.10/site-packages/airflow/example_dags/example_branch_operator_decorator.py took 0.186 seconds
[2024-06-09T11:59:42.176-0300] {processor.py:161} INFO - Started process (PID=10744) to work on /home/pedro/.local/lib/python3.10/site-packages/airflow/example_dags/example_branch_operator_decorator.py
[2024-06-09T11:59:42.180-0300] {processor.py:830} INFO - Processing file /home/pedro/.local/lib/python3.10/site-packages/airflow/example_dags/example_branch_operator_decorator.py for tasks to queue
[2024-06-09T11:59:42.181-0300] {logging_mixin.py:188} INFO - [2024-06-09T11:59:42.181-0300] {dagbag.py:545} INFO - Filling up the DagBag from /home/pedro/.local/lib/python3.10/site-packages/airflow/example_dags/example_branch_operator_decorator.py
[2024-06-09T11:59:42.195-0300] {processor.py:840} INFO - DAG(s) 'example_branch_python_operator_decorator' retrieved from /home/pedro/.local/lib/python3.10/site-packages/airflow/example_dags/example_branch_operator_decorator.py
[2024-06-09T11:59:42.326-0300] {logging_mixin.py:188} INFO - [2024-06-09T11:59:42.326-0300] {dag.py:3096} INFO - Sync 1 DAGs
[2024-06-09T11:59:42.338-0300] {logging_mixin.py:188} INFO - [2024-06-09T11:59:42.338-0300] {dag.py:3954} INFO - Setting next_dagrun for example_branch_python_operator_decorator to 2024-06-08 00:00:00+00:00, run_after=2024-06-09 00:00:00+00:00
[2024-06-09T11:59:42.354-0300] {processor.py:183} INFO - Processing /home/pedro/.local/lib/python3.10/site-packages/airflow/example_dags/example_branch_operator_decorator.py took 0.184 seconds
[2024-06-09T12:00:34.294-0300] {processor.py:161} INFO - Started process (PID=10841) to work on /home/pedro/.local/lib/python3.10/site-packages/airflow/example_dags/example_branch_operator_decorator.py
[2024-06-09T12:00:34.298-0300] {processor.py:830} INFO - Processing file /home/pedro/.local/lib/python3.10/site-packages/airflow/example_dags/example_branch_operator_decorator.py for tasks to queue
[2024-06-09T12:00:34.299-0300] {logging_mixin.py:188} INFO - [2024-06-09T12:00:34.299-0300] {dagbag.py:545} INFO - Filling up the DagBag from /home/pedro/.local/lib/python3.10/site-packages/airflow/example_dags/example_branch_operator_decorator.py
[2024-06-09T12:00:34.314-0300] {processor.py:840} INFO - DAG(s) 'example_branch_python_operator_decorator' retrieved from /home/pedro/.local/lib/python3.10/site-packages/airflow/example_dags/example_branch_operator_decorator.py
[2024-06-09T12:00:34.327-0300] {logging_mixin.py:188} INFO - [2024-06-09T12:00:34.327-0300] {dag.py:3096} INFO - Sync 1 DAGs
[2024-06-09T12:00:34.337-0300] {logging_mixin.py:188} INFO - [2024-06-09T12:00:34.337-0300] {dag.py:3954} INFO - Setting next_dagrun for example_branch_python_operator_decorator to 2024-06-08 00:00:00+00:00, run_after=2024-06-09 00:00:00+00:00
[2024-06-09T12:00:34.355-0300] {processor.py:183} INFO - Processing /home/pedro/.local/lib/python3.10/site-packages/airflow/example_dags/example_branch_operator_decorator.py took 0.070 seconds
[2024-06-09T12:01:37.410-0300] {processor.py:161} INFO - Started process (PID=11164) to work on /home/pedro/.local/lib/python3.10/site-packages/airflow/example_dags/example_branch_operator_decorator.py
[2024-06-09T12:01:37.413-0300] {processor.py:830} INFO - Processing file /home/pedro/.local/lib/python3.10/site-packages/airflow/example_dags/example_branch_operator_decorator.py for tasks to queue
[2024-06-09T12:01:37.415-0300] {logging_mixin.py:188} INFO - [2024-06-09T12:01:37.415-0300] {dagbag.py:545} INFO - Filling up the DagBag from /home/pedro/.local/lib/python3.10/site-packages/airflow/example_dags/example_branch_operator_decorator.py
[2024-06-09T12:01:37.430-0300] {processor.py:840} INFO - DAG(s) 'example_branch_python_operator_decorator' retrieved from /home/pedro/.local/lib/python3.10/site-packages/airflow/example_dags/example_branch_operator_decorator.py
[2024-06-09T12:01:37.444-0300] {logging_mixin.py:188} INFO - [2024-06-09T12:01:37.444-0300] {dag.py:3096} INFO - Sync 1 DAGs
[2024-06-09T12:01:37.456-0300] {logging_mixin.py:188} INFO - [2024-06-09T12:01:37.456-0300] {dag.py:3954} INFO - Setting next_dagrun for example_branch_python_operator_decorator to 2024-06-08 00:00:00+00:00, run_after=2024-06-09 00:00:00+00:00
[2024-06-09T12:01:37.474-0300] {processor.py:183} INFO - Processing /home/pedro/.local/lib/python3.10/site-packages/airflow/example_dags/example_branch_operator_decorator.py took 0.067 seconds
[2024-06-09T12:02:45.044-0300] {processor.py:161} INFO - Started process (PID=11293) to work on /home/pedro/.local/lib/python3.10/site-packages/airflow/example_dags/example_branch_operator_decorator.py
[2024-06-09T12:02:45.048-0300] {processor.py:830} INFO - Processing file /home/pedro/.local/lib/python3.10/site-packages/airflow/example_dags/example_branch_operator_decorator.py for tasks to queue
[2024-06-09T12:02:45.050-0300] {logging_mixin.py:188} INFO - [2024-06-09T12:02:45.050-0300] {dagbag.py:545} INFO - Filling up the DagBag from /home/pedro/.local/lib/python3.10/site-packages/airflow/example_dags/example_branch_operator_decorator.py
[2024-06-09T12:02:45.063-0300] {processor.py:840} INFO - DAG(s) 'example_branch_python_operator_decorator' retrieved from /home/pedro/.local/lib/python3.10/site-packages/airflow/example_dags/example_branch_operator_decorator.py
[2024-06-09T12:02:45.077-0300] {logging_mixin.py:188} INFO - [2024-06-09T12:02:45.077-0300] {dag.py:3096} INFO - Sync 1 DAGs
[2024-06-09T12:02:45.087-0300] {logging_mixin.py:188} INFO - [2024-06-09T12:02:45.087-0300] {dag.py:3954} INFO - Setting next_dagrun for example_branch_python_operator_decorator to 2024-06-08 00:00:00+00:00, run_after=2024-06-09 00:00:00+00:00
[2024-06-09T12:02:45.103-0300] {processor.py:183} INFO - Processing /home/pedro/.local/lib/python3.10/site-packages/airflow/example_dags/example_branch_operator_decorator.py took 0.067 seconds
[2024-06-09T12:03:47.113-0300] {processor.py:161} INFO - Started process (PID=11411) to work on /home/pedro/.local/lib/python3.10/site-packages/airflow/example_dags/example_branch_operator_decorator.py
[2024-06-09T12:03:47.117-0300] {processor.py:830} INFO - Processing file /home/pedro/.local/lib/python3.10/site-packages/airflow/example_dags/example_branch_operator_decorator.py for tasks to queue
[2024-06-09T12:03:47.119-0300] {logging_mixin.py:188} INFO - [2024-06-09T12:03:47.118-0300] {dagbag.py:545} INFO - Filling up the DagBag from /home/pedro/.local/lib/python3.10/site-packages/airflow/example_dags/example_branch_operator_decorator.py
[2024-06-09T12:03:47.133-0300] {processor.py:840} INFO - DAG(s) 'example_branch_python_operator_decorator' retrieved from /home/pedro/.local/lib/python3.10/site-packages/airflow/example_dags/example_branch_operator_decorator.py
[2024-06-09T12:03:47.147-0300] {logging_mixin.py:188} INFO - [2024-06-09T12:03:47.147-0300] {dag.py:3096} INFO - Sync 1 DAGs
[2024-06-09T12:03:47.159-0300] {logging_mixin.py:188} INFO - [2024-06-09T12:03:47.159-0300] {dag.py:3954} INFO - Setting next_dagrun for example_branch_python_operator_decorator to 2024-06-08 00:00:00+00:00, run_after=2024-06-09 00:00:00+00:00
[2024-06-09T12:03:47.177-0300] {processor.py:183} INFO - Processing /home/pedro/.local/lib/python3.10/site-packages/airflow/example_dags/example_branch_operator_decorator.py took 0.074 seconds
[2024-06-09T12:04:47.339-0300] {processor.py:161} INFO - Started process (PID=11546) to work on /home/pedro/.local/lib/python3.10/site-packages/airflow/example_dags/example_branch_operator_decorator.py
[2024-06-09T12:04:47.342-0300] {processor.py:830} INFO - Processing file /home/pedro/.local/lib/python3.10/site-packages/airflow/example_dags/example_branch_operator_decorator.py for tasks to queue
[2024-06-09T12:04:47.344-0300] {logging_mixin.py:188} INFO - [2024-06-09T12:04:47.344-0300] {dagbag.py:545} INFO - Filling up the DagBag from /home/pedro/.local/lib/python3.10/site-packages/airflow/example_dags/example_branch_operator_decorator.py
[2024-06-09T12:04:47.359-0300] {processor.py:840} INFO - DAG(s) 'example_branch_python_operator_decorator' retrieved from /home/pedro/.local/lib/python3.10/site-packages/airflow/example_dags/example_branch_operator_decorator.py
[2024-06-09T12:04:47.373-0300] {logging_mixin.py:188} INFO - [2024-06-09T12:04:47.373-0300] {dag.py:3096} INFO - Sync 1 DAGs
[2024-06-09T12:04:47.385-0300] {logging_mixin.py:188} INFO - [2024-06-09T12:04:47.384-0300] {dag.py:3954} INFO - Setting next_dagrun for example_branch_python_operator_decorator to 2024-06-08 00:00:00+00:00, run_after=2024-06-09 00:00:00+00:00
[2024-06-09T12:04:47.400-0300] {processor.py:183} INFO - Processing /home/pedro/.local/lib/python3.10/site-packages/airflow/example_dags/example_branch_operator_decorator.py took 0.065 seconds
[2024-06-09T12:05:50.791-0300] {processor.py:161} INFO - Started process (PID=11672) to work on /home/pedro/.local/lib/python3.10/site-packages/airflow/example_dags/example_branch_operator_decorator.py
[2024-06-09T12:05:50.795-0300] {processor.py:830} INFO - Processing file /home/pedro/.local/lib/python3.10/site-packages/airflow/example_dags/example_branch_operator_decorator.py for tasks to queue
[2024-06-09T12:05:50.797-0300] {logging_mixin.py:188} INFO - [2024-06-09T12:05:50.796-0300] {dagbag.py:545} INFO - Filling up the DagBag from /home/pedro/.local/lib/python3.10/site-packages/airflow/example_dags/example_branch_operator_decorator.py
[2024-06-09T12:05:50.812-0300] {processor.py:840} INFO - DAG(s) 'example_branch_python_operator_decorator' retrieved from /home/pedro/.local/lib/python3.10/site-packages/airflow/example_dags/example_branch_operator_decorator.py
[2024-06-09T12:05:50.825-0300] {logging_mixin.py:188} INFO - [2024-06-09T12:05:50.825-0300] {dag.py:3096} INFO - Sync 1 DAGs
[2024-06-09T12:05:50.836-0300] {logging_mixin.py:188} INFO - [2024-06-09T12:05:50.835-0300] {dag.py:3954} INFO - Setting next_dagrun for example_branch_python_operator_decorator to 2024-06-08 00:00:00+00:00, run_after=2024-06-09 00:00:00+00:00
[2024-06-09T12:05:50.851-0300] {processor.py:183} INFO - Processing /home/pedro/.local/lib/python3.10/site-packages/airflow/example_dags/example_branch_operator_decorator.py took 0.068 seconds
[2024-06-09T12:07:05.408-0300] {processor.py:161} INFO - Started process (PID=12483) to work on /home/pedro/.local/lib/python3.10/site-packages/airflow/example_dags/example_branch_operator_decorator.py
[2024-06-09T12:07:05.411-0300] {processor.py:830} INFO - Processing file /home/pedro/.local/lib/python3.10/site-packages/airflow/example_dags/example_branch_operator_decorator.py for tasks to queue
[2024-06-09T12:07:05.412-0300] {logging_mixin.py:188} INFO - [2024-06-09T12:07:05.412-0300] {dagbag.py:545} INFO - Filling up the DagBag from /home/pedro/.local/lib/python3.10/site-packages/airflow/example_dags/example_branch_operator_decorator.py
[2024-06-09T12:07:05.428-0300] {processor.py:840} INFO - DAG(s) 'example_branch_python_operator_decorator' retrieved from /home/pedro/.local/lib/python3.10/site-packages/airflow/example_dags/example_branch_operator_decorator.py
[2024-06-09T12:07:05.541-0300] {logging_mixin.py:188} INFO - [2024-06-09T12:07:05.541-0300] {dag.py:3096} INFO - Sync 1 DAGs
[2024-06-09T12:07:05.551-0300] {logging_mixin.py:188} INFO - [2024-06-09T12:07:05.551-0300] {dag.py:3954} INFO - Setting next_dagrun for example_branch_python_operator_decorator to 2024-06-08 00:00:00+00:00, run_after=2024-06-09 00:00:00+00:00
[2024-06-09T12:07:05.566-0300] {processor.py:183} INFO - Processing /home/pedro/.local/lib/python3.10/site-packages/airflow/example_dags/example_branch_operator_decorator.py took 0.162 seconds
[2024-06-09T12:08:02.378-0300] {processor.py:161} INFO - Started process (PID=12585) to work on /home/pedro/.local/lib/python3.10/site-packages/airflow/example_dags/example_branch_operator_decorator.py
[2024-06-09T12:08:02.380-0300] {processor.py:830} INFO - Processing file /home/pedro/.local/lib/python3.10/site-packages/airflow/example_dags/example_branch_operator_decorator.py for tasks to queue
[2024-06-09T12:08:02.382-0300] {logging_mixin.py:188} INFO - [2024-06-09T12:08:02.381-0300] {dagbag.py:545} INFO - Filling up the DagBag from /home/pedro/.local/lib/python3.10/site-packages/airflow/example_dags/example_branch_operator_decorator.py
[2024-06-09T12:08:02.396-0300] {processor.py:840} INFO - DAG(s) 'example_branch_python_operator_decorator' retrieved from /home/pedro/.local/lib/python3.10/site-packages/airflow/example_dags/example_branch_operator_decorator.py
[2024-06-09T12:08:02.409-0300] {logging_mixin.py:188} INFO - [2024-06-09T12:08:02.409-0300] {dag.py:3096} INFO - Sync 1 DAGs
[2024-06-09T12:08:02.420-0300] {logging_mixin.py:188} INFO - [2024-06-09T12:08:02.419-0300] {dag.py:3954} INFO - Setting next_dagrun for example_branch_python_operator_decorator to 2024-06-08 00:00:00+00:00, run_after=2024-06-09 00:00:00+00:00
[2024-06-09T12:08:02.436-0300] {processor.py:183} INFO - Processing /home/pedro/.local/lib/python3.10/site-packages/airflow/example_dags/example_branch_operator_decorator.py took 0.067 seconds
[2024-06-09T12:08:53.273-0300] {processor.py:161} INFO - Started process (PID=12674) to work on /home/pedro/.local/lib/python3.10/site-packages/airflow/example_dags/example_branch_operator_decorator.py
[2024-06-09T12:08:53.276-0300] {processor.py:830} INFO - Processing file /home/pedro/.local/lib/python3.10/site-packages/airflow/example_dags/example_branch_operator_decorator.py for tasks to queue
[2024-06-09T12:08:53.277-0300] {logging_mixin.py:188} INFO - [2024-06-09T12:08:53.276-0300] {dagbag.py:545} INFO - Filling up the DagBag from /home/pedro/.local/lib/python3.10/site-packages/airflow/example_dags/example_branch_operator_decorator.py
[2024-06-09T12:08:53.292-0300] {processor.py:840} INFO - DAG(s) 'example_branch_python_operator_decorator' retrieved from /home/pedro/.local/lib/python3.10/site-packages/airflow/example_dags/example_branch_operator_decorator.py
[2024-06-09T12:08:53.305-0300] {logging_mixin.py:188} INFO - [2024-06-09T12:08:53.305-0300] {dag.py:3096} INFO - Sync 1 DAGs
[2024-06-09T12:08:53.315-0300] {logging_mixin.py:188} INFO - [2024-06-09T12:08:53.315-0300] {dag.py:3954} INFO - Setting next_dagrun for example_branch_python_operator_decorator to 2024-06-08 00:00:00+00:00, run_after=2024-06-09 00:00:00+00:00
[2024-06-09T12:08:53.330-0300] {processor.py:183} INFO - Processing /home/pedro/.local/lib/python3.10/site-packages/airflow/example_dags/example_branch_operator_decorator.py took 0.062 seconds
[2024-06-09T12:09:55.778-0300] {processor.py:161} INFO - Started process (PID=12794) to work on /home/pedro/.local/lib/python3.10/site-packages/airflow/example_dags/example_branch_operator_decorator.py
[2024-06-09T12:09:55.781-0300] {processor.py:830} INFO - Processing file /home/pedro/.local/lib/python3.10/site-packages/airflow/example_dags/example_branch_operator_decorator.py for tasks to queue
[2024-06-09T12:09:55.783-0300] {logging_mixin.py:188} INFO - [2024-06-09T12:09:55.782-0300] {dagbag.py:545} INFO - Filling up the DagBag from /home/pedro/.local/lib/python3.10/site-packages/airflow/example_dags/example_branch_operator_decorator.py
[2024-06-09T12:09:55.797-0300] {processor.py:840} INFO - DAG(s) 'example_branch_python_operator_decorator' retrieved from /home/pedro/.local/lib/python3.10/site-packages/airflow/example_dags/example_branch_operator_decorator.py
[2024-06-09T12:09:55.811-0300] {logging_mixin.py:188} INFO - [2024-06-09T12:09:55.811-0300] {dag.py:3096} INFO - Sync 1 DAGs
[2024-06-09T12:09:55.821-0300] {logging_mixin.py:188} INFO - [2024-06-09T12:09:55.821-0300] {dag.py:3954} INFO - Setting next_dagrun for example_branch_python_operator_decorator to 2024-06-08 00:00:00+00:00, run_after=2024-06-09 00:00:00+00:00
[2024-06-09T12:09:55.838-0300] {processor.py:183} INFO - Processing /home/pedro/.local/lib/python3.10/site-packages/airflow/example_dags/example_branch_operator_decorator.py took 0.066 seconds
[2024-06-09T12:10:59.165-0300] {processor.py:161} INFO - Started process (PID=12907) to work on /home/pedro/.local/lib/python3.10/site-packages/airflow/example_dags/example_branch_operator_decorator.py
[2024-06-09T12:10:59.169-0300] {processor.py:830} INFO - Processing file /home/pedro/.local/lib/python3.10/site-packages/airflow/example_dags/example_branch_operator_decorator.py for tasks to queue
[2024-06-09T12:10:59.171-0300] {logging_mixin.py:188} INFO - [2024-06-09T12:10:59.170-0300] {dagbag.py:545} INFO - Filling up the DagBag from /home/pedro/.local/lib/python3.10/site-packages/airflow/example_dags/example_branch_operator_decorator.py
[2024-06-09T12:10:59.186-0300] {processor.py:840} INFO - DAG(s) 'example_branch_python_operator_decorator' retrieved from /home/pedro/.local/lib/python3.10/site-packages/airflow/example_dags/example_branch_operator_decorator.py
[2024-06-09T12:10:59.199-0300] {logging_mixin.py:188} INFO - [2024-06-09T12:10:59.199-0300] {dag.py:3096} INFO - Sync 1 DAGs
[2024-06-09T12:10:59.210-0300] {logging_mixin.py:188} INFO - [2024-06-09T12:10:59.210-0300] {dag.py:3954} INFO - Setting next_dagrun for example_branch_python_operator_decorator to 2024-06-08 00:00:00+00:00, run_after=2024-06-09 00:00:00+00:00
[2024-06-09T12:10:59.227-0300] {processor.py:183} INFO - Processing /home/pedro/.local/lib/python3.10/site-packages/airflow/example_dags/example_branch_operator_decorator.py took 0.070 seconds
[2024-06-09T12:12:20.248-0300] {processor.py:161} INFO - Started process (PID=13046) to work on /home/pedro/.local/lib/python3.10/site-packages/airflow/example_dags/example_branch_operator_decorator.py
[2024-06-09T12:12:20.251-0300] {processor.py:830} INFO - Processing file /home/pedro/.local/lib/python3.10/site-packages/airflow/example_dags/example_branch_operator_decorator.py for tasks to queue
[2024-06-09T12:12:20.252-0300] {logging_mixin.py:188} INFO - [2024-06-09T12:12:20.252-0300] {dagbag.py:545} INFO - Filling up the DagBag from /home/pedro/.local/lib/python3.10/site-packages/airflow/example_dags/example_branch_operator_decorator.py
[2024-06-09T12:12:20.266-0300] {processor.py:840} INFO - DAG(s) 'example_branch_python_operator_decorator' retrieved from /home/pedro/.local/lib/python3.10/site-packages/airflow/example_dags/example_branch_operator_decorator.py
[2024-06-09T12:12:20.385-0300] {logging_mixin.py:188} INFO - [2024-06-09T12:12:20.384-0300] {dag.py:3096} INFO - Sync 1 DAGs
[2024-06-09T12:12:20.395-0300] {logging_mixin.py:188} INFO - [2024-06-09T12:12:20.395-0300] {dag.py:3954} INFO - Setting next_dagrun for example_branch_python_operator_decorator to 2024-06-08 00:00:00+00:00, run_after=2024-06-09 00:00:00+00:00
[2024-06-09T12:12:20.412-0300] {processor.py:183} INFO - Processing /home/pedro/.local/lib/python3.10/site-packages/airflow/example_dags/example_branch_operator_decorator.py took 0.168 seconds
[2024-06-09T12:13:14.922-0300] {processor.py:161} INFO - Started process (PID=13133) to work on /home/pedro/.local/lib/python3.10/site-packages/airflow/example_dags/example_branch_operator_decorator.py
[2024-06-09T12:13:14.925-0300] {processor.py:830} INFO - Processing file /home/pedro/.local/lib/python3.10/site-packages/airflow/example_dags/example_branch_operator_decorator.py for tasks to queue
[2024-06-09T12:13:14.927-0300] {logging_mixin.py:188} INFO - [2024-06-09T12:13:14.927-0300] {dagbag.py:545} INFO - Filling up the DagBag from /home/pedro/.local/lib/python3.10/site-packages/airflow/example_dags/example_branch_operator_decorator.py
[2024-06-09T12:13:14.943-0300] {processor.py:840} INFO - DAG(s) 'example_branch_python_operator_decorator' retrieved from /home/pedro/.local/lib/python3.10/site-packages/airflow/example_dags/example_branch_operator_decorator.py
[2024-06-09T12:13:14.956-0300] {logging_mixin.py:188} INFO - [2024-06-09T12:13:14.956-0300] {dag.py:3096} INFO - Sync 1 DAGs
[2024-06-09T12:13:14.968-0300] {logging_mixin.py:188} INFO - [2024-06-09T12:13:14.968-0300] {dag.py:3954} INFO - Setting next_dagrun for example_branch_python_operator_decorator to 2024-06-08 00:00:00+00:00, run_after=2024-06-09 00:00:00+00:00
[2024-06-09T12:13:14.984-0300] {processor.py:183} INFO - Processing /home/pedro/.local/lib/python3.10/site-packages/airflow/example_dags/example_branch_operator_decorator.py took 0.067 seconds
[2024-06-09T12:14:20.777-0300] {processor.py:161} INFO - Started process (PID=13225) to work on /home/pedro/.local/lib/python3.10/site-packages/airflow/example_dags/example_branch_operator_decorator.py
[2024-06-09T12:14:20.779-0300] {processor.py:830} INFO - Processing file /home/pedro/.local/lib/python3.10/site-packages/airflow/example_dags/example_branch_operator_decorator.py for tasks to queue
[2024-06-09T12:14:20.780-0300] {logging_mixin.py:188} INFO - [2024-06-09T12:14:20.780-0300] {dagbag.py:545} INFO - Filling up the DagBag from /home/pedro/.local/lib/python3.10/site-packages/airflow/example_dags/example_branch_operator_decorator.py
[2024-06-09T12:14:20.794-0300] {processor.py:840} INFO - DAG(s) 'example_branch_python_operator_decorator' retrieved from /home/pedro/.local/lib/python3.10/site-packages/airflow/example_dags/example_branch_operator_decorator.py
[2024-06-09T12:14:20.807-0300] {logging_mixin.py:188} INFO - [2024-06-09T12:14:20.807-0300] {dag.py:3096} INFO - Sync 1 DAGs
[2024-06-09T12:14:20.819-0300] {logging_mixin.py:188} INFO - [2024-06-09T12:14:20.819-0300] {dag.py:3954} INFO - Setting next_dagrun for example_branch_python_operator_decorator to 2024-06-08 00:00:00+00:00, run_after=2024-06-09 00:00:00+00:00
[2024-06-09T12:14:20.834-0300] {processor.py:183} INFO - Processing /home/pedro/.local/lib/python3.10/site-packages/airflow/example_dags/example_branch_operator_decorator.py took 0.065 seconds
[2024-06-09T12:15:33.385-0300] {processor.py:161} INFO - Started process (PID=13368) to work on /home/pedro/.local/lib/python3.10/site-packages/airflow/example_dags/example_branch_operator_decorator.py
[2024-06-09T12:15:33.388-0300] {processor.py:830} INFO - Processing file /home/pedro/.local/lib/python3.10/site-packages/airflow/example_dags/example_branch_operator_decorator.py for tasks to queue
[2024-06-09T12:15:33.390-0300] {logging_mixin.py:188} INFO - [2024-06-09T12:15:33.389-0300] {dagbag.py:545} INFO - Filling up the DagBag from /home/pedro/.local/lib/python3.10/site-packages/airflow/example_dags/example_branch_operator_decorator.py
[2024-06-09T12:15:33.406-0300] {processor.py:840} INFO - DAG(s) 'example_branch_python_operator_decorator' retrieved from /home/pedro/.local/lib/python3.10/site-packages/airflow/example_dags/example_branch_operator_decorator.py
[2024-06-09T12:15:33.559-0300] {logging_mixin.py:188} INFO - [2024-06-09T12:15:33.559-0300] {dag.py:3096} INFO - Sync 1 DAGs
[2024-06-09T12:15:33.575-0300] {logging_mixin.py:188} INFO - [2024-06-09T12:15:33.575-0300] {dag.py:3954} INFO - Setting next_dagrun for example_branch_python_operator_decorator to 2024-06-08 00:00:00+00:00, run_after=2024-06-09 00:00:00+00:00
[2024-06-09T12:15:33.595-0300] {processor.py:183} INFO - Processing /home/pedro/.local/lib/python3.10/site-packages/airflow/example_dags/example_branch_operator_decorator.py took 0.215 seconds
[2024-06-09T12:20:21.973-0300] {processor.py:161} INFO - Started process (PID=13630) to work on /home/pedro/.local/lib/python3.10/site-packages/airflow/example_dags/example_branch_operator_decorator.py
[2024-06-09T12:20:21.977-0300] {processor.py:830} INFO - Processing file /home/pedro/.local/lib/python3.10/site-packages/airflow/example_dags/example_branch_operator_decorator.py for tasks to queue
[2024-06-09T12:20:21.979-0300] {logging_mixin.py:188} INFO - [2024-06-09T12:20:21.979-0300] {dagbag.py:545} INFO - Filling up the DagBag from /home/pedro/.local/lib/python3.10/site-packages/airflow/example_dags/example_branch_operator_decorator.py
[2024-06-09T12:20:21.992-0300] {processor.py:840} INFO - DAG(s) 'example_branch_python_operator_decorator' retrieved from /home/pedro/.local/lib/python3.10/site-packages/airflow/example_dags/example_branch_operator_decorator.py
[2024-06-09T12:20:22.091-0300] {logging_mixin.py:188} INFO - [2024-06-09T12:20:22.091-0300] {dag.py:3096} INFO - Sync 1 DAGs
[2024-06-09T12:20:22.104-0300] {logging_mixin.py:188} INFO - [2024-06-09T12:20:22.104-0300] {dag.py:3954} INFO - Setting next_dagrun for example_branch_python_operator_decorator to 2024-06-08 00:00:00+00:00, run_after=2024-06-09 00:00:00+00:00
[2024-06-09T12:20:22.128-0300] {processor.py:183} INFO - Processing /home/pedro/.local/lib/python3.10/site-packages/airflow/example_dags/example_branch_operator_decorator.py took 0.164 seconds
[2024-06-09T12:21:13.086-0300] {processor.py:161} INFO - Started process (PID=13760) to work on /home/pedro/.local/lib/python3.10/site-packages/airflow/example_dags/example_branch_operator_decorator.py
[2024-06-09T12:21:13.087-0300] {processor.py:830} INFO - Processing file /home/pedro/.local/lib/python3.10/site-packages/airflow/example_dags/example_branch_operator_decorator.py for tasks to queue
[2024-06-09T12:21:13.088-0300] {logging_mixin.py:188} INFO - [2024-06-09T12:21:13.087-0300] {dagbag.py:545} INFO - Filling up the DagBag from /home/pedro/.local/lib/python3.10/site-packages/airflow/example_dags/example_branch_operator_decorator.py
[2024-06-09T12:21:13.101-0300] {processor.py:840} INFO - DAG(s) 'example_branch_python_operator_decorator' retrieved from /home/pedro/.local/lib/python3.10/site-packages/airflow/example_dags/example_branch_operator_decorator.py
[2024-06-09T12:21:13.113-0300] {logging_mixin.py:188} INFO - [2024-06-09T12:21:13.113-0300] {dag.py:3096} INFO - Sync 1 DAGs
[2024-06-09T12:21:13.123-0300] {logging_mixin.py:188} INFO - [2024-06-09T12:21:13.123-0300] {dag.py:3954} INFO - Setting next_dagrun for example_branch_python_operator_decorator to 2024-06-08 00:00:00+00:00, run_after=2024-06-09 00:00:00+00:00
[2024-06-09T12:21:13.138-0300] {processor.py:183} INFO - Processing /home/pedro/.local/lib/python3.10/site-packages/airflow/example_dags/example_branch_operator_decorator.py took 0.056 seconds
[2024-06-09T12:22:12.262-0300] {processor.py:161} INFO - Started process (PID=13881) to work on /home/pedro/.local/lib/python3.10/site-packages/airflow/example_dags/example_branch_operator_decorator.py
[2024-06-09T12:22:12.264-0300] {processor.py:830} INFO - Processing file /home/pedro/.local/lib/python3.10/site-packages/airflow/example_dags/example_branch_operator_decorator.py for tasks to queue
[2024-06-09T12:22:12.266-0300] {logging_mixin.py:188} INFO - [2024-06-09T12:22:12.265-0300] {dagbag.py:545} INFO - Filling up the DagBag from /home/pedro/.local/lib/python3.10/site-packages/airflow/example_dags/example_branch_operator_decorator.py
[2024-06-09T12:22:12.281-0300] {processor.py:840} INFO - DAG(s) 'example_branch_python_operator_decorator' retrieved from /home/pedro/.local/lib/python3.10/site-packages/airflow/example_dags/example_branch_operator_decorator.py
[2024-06-09T12:22:12.293-0300] {logging_mixin.py:188} INFO - [2024-06-09T12:22:12.293-0300] {dag.py:3096} INFO - Sync 1 DAGs
[2024-06-09T12:22:12.303-0300] {logging_mixin.py:188} INFO - [2024-06-09T12:22:12.303-0300] {dag.py:3954} INFO - Setting next_dagrun for example_branch_python_operator_decorator to 2024-06-08 00:00:00+00:00, run_after=2024-06-09 00:00:00+00:00
[2024-06-09T12:22:12.318-0300] {processor.py:183} INFO - Processing /home/pedro/.local/lib/python3.10/site-packages/airflow/example_dags/example_branch_operator_decorator.py took 0.060 seconds
[2024-06-09T12:23:17.045-0300] {processor.py:161} INFO - Started process (PID=14004) to work on /home/pedro/.local/lib/python3.10/site-packages/airflow/example_dags/example_branch_operator_decorator.py
[2024-06-09T12:23:17.045-0300] {processor.py:830} INFO - Processing file /home/pedro/.local/lib/python3.10/site-packages/airflow/example_dags/example_branch_operator_decorator.py for tasks to queue
[2024-06-09T12:23:17.046-0300] {logging_mixin.py:188} INFO - [2024-06-09T12:23:17.046-0300] {dagbag.py:545} INFO - Filling up the DagBag from /home/pedro/.local/lib/python3.10/site-packages/airflow/example_dags/example_branch_operator_decorator.py
[2024-06-09T12:23:17.057-0300] {processor.py:840} INFO - DAG(s) 'example_branch_python_operator_decorator' retrieved from /home/pedro/.local/lib/python3.10/site-packages/airflow/example_dags/example_branch_operator_decorator.py
[2024-06-09T12:23:17.069-0300] {logging_mixin.py:188} INFO - [2024-06-09T12:23:17.068-0300] {dag.py:3096} INFO - Sync 1 DAGs
[2024-06-09T12:23:17.079-0300] {logging_mixin.py:188} INFO - [2024-06-09T12:23:17.078-0300] {dag.py:3954} INFO - Setting next_dagrun for example_branch_python_operator_decorator to 2024-06-08 00:00:00+00:00, run_after=2024-06-09 00:00:00+00:00
[2024-06-09T12:23:17.092-0300] {processor.py:183} INFO - Processing /home/pedro/.local/lib/python3.10/site-packages/airflow/example_dags/example_branch_operator_decorator.py took 0.052 seconds
[2024-06-09T16:26:50.370-0300] {processor.py:161} INFO - Started process (PID=4913) to work on /home/pedro/.local/lib/python3.10/site-packages/airflow/example_dags/example_branch_operator_decorator.py
[2024-06-09T16:26:50.373-0300] {processor.py:830} INFO - Processing file /home/pedro/.local/lib/python3.10/site-packages/airflow/example_dags/example_branch_operator_decorator.py for tasks to queue
[2024-06-09T16:26:50.375-0300] {logging_mixin.py:188} INFO - [2024-06-09T16:26:50.375-0300] {dagbag.py:545} INFO - Filling up the DagBag from /home/pedro/.local/lib/python3.10/site-packages/airflow/example_dags/example_branch_operator_decorator.py
[2024-06-09T16:26:50.390-0300] {processor.py:840} INFO - DAG(s) 'example_branch_python_operator_decorator' retrieved from /home/pedro/.local/lib/python3.10/site-packages/airflow/example_dags/example_branch_operator_decorator.py
[2024-06-09T16:26:50.509-0300] {logging_mixin.py:188} INFO - [2024-06-09T16:26:50.509-0300] {dag.py:3096} INFO - Sync 1 DAGs
[2024-06-09T16:26:50.521-0300] {logging_mixin.py:188} INFO - [2024-06-09T16:26:50.521-0300] {dag.py:3954} INFO - Setting next_dagrun for example_branch_python_operator_decorator to 2024-06-08 00:00:00+00:00, run_after=2024-06-09 00:00:00+00:00
[2024-06-09T16:26:50.538-0300] {processor.py:183} INFO - Processing /home/pedro/.local/lib/python3.10/site-packages/airflow/example_dags/example_branch_operator_decorator.py took 0.177 seconds
[2024-06-09T16:29:39.713-0300] {processor.py:161} INFO - Started process (PID=5960) to work on /home/pedro/.local/lib/python3.10/site-packages/airflow/example_dags/example_branch_operator_decorator.py
[2024-06-09T16:29:39.716-0300] {processor.py:830} INFO - Processing file /home/pedro/.local/lib/python3.10/site-packages/airflow/example_dags/example_branch_operator_decorator.py for tasks to queue
[2024-06-09T16:29:39.717-0300] {logging_mixin.py:188} INFO - [2024-06-09T16:29:39.717-0300] {dagbag.py:545} INFO - Filling up the DagBag from /home/pedro/.local/lib/python3.10/site-packages/airflow/example_dags/example_branch_operator_decorator.py
[2024-06-09T16:29:39.731-0300] {processor.py:840} INFO - DAG(s) 'example_branch_python_operator_decorator' retrieved from /home/pedro/.local/lib/python3.10/site-packages/airflow/example_dags/example_branch_operator_decorator.py
[2024-06-09T16:29:39.748-0300] {logging_mixin.py:188} INFO - [2024-06-09T16:29:39.747-0300] {dag.py:3096} INFO - Sync 1 DAGs
[2024-06-09T16:29:39.761-0300] {logging_mixin.py:188} INFO - [2024-06-09T16:29:39.760-0300] {dag.py:3954} INFO - Setting next_dagrun for example_branch_python_operator_decorator to 2024-06-08 00:00:00+00:00, run_after=2024-06-09 00:00:00+00:00
[2024-06-09T16:29:39.783-0300] {processor.py:183} INFO - Processing /home/pedro/.local/lib/python3.10/site-packages/airflow/example_dags/example_branch_operator_decorator.py took 0.073 seconds
[2024-06-09T16:33:49.976-0300] {processor.py:161} INFO - Started process (PID=8496) to work on /home/pedro/.local/lib/python3.10/site-packages/airflow/example_dags/example_branch_operator_decorator.py
[2024-06-09T16:33:49.979-0300] {processor.py:830} INFO - Processing file /home/pedro/.local/lib/python3.10/site-packages/airflow/example_dags/example_branch_operator_decorator.py for tasks to queue
[2024-06-09T16:33:49.980-0300] {logging_mixin.py:188} INFO - [2024-06-09T16:33:49.980-0300] {dagbag.py:545} INFO - Filling up the DagBag from /home/pedro/.local/lib/python3.10/site-packages/airflow/example_dags/example_branch_operator_decorator.py
[2024-06-09T16:33:49.996-0300] {processor.py:840} INFO - DAG(s) 'example_branch_python_operator_decorator' retrieved from /home/pedro/.local/lib/python3.10/site-packages/airflow/example_dags/example_branch_operator_decorator.py
[2024-06-09T16:33:50.008-0300] {logging_mixin.py:188} INFO - [2024-06-09T16:33:50.008-0300] {dag.py:3096} INFO - Sync 1 DAGs
[2024-06-09T16:33:50.018-0300] {logging_mixin.py:188} INFO - [2024-06-09T16:33:50.018-0300] {dag.py:3954} INFO - Setting next_dagrun for example_branch_python_operator_decorator to 2024-06-08 00:00:00+00:00, run_after=2024-06-09 00:00:00+00:00
[2024-06-09T16:33:50.035-0300] {processor.py:183} INFO - Processing /home/pedro/.local/lib/python3.10/site-packages/airflow/example_dags/example_branch_operator_decorator.py took 0.063 seconds
[2024-06-09T16:37:45.487-0300] {processor.py:161} INFO - Started process (PID=9906) to work on /home/pedro/.local/lib/python3.10/site-packages/airflow/example_dags/example_branch_operator_decorator.py
[2024-06-09T16:37:45.488-0300] {processor.py:830} INFO - Processing file /home/pedro/.local/lib/python3.10/site-packages/airflow/example_dags/example_branch_operator_decorator.py for tasks to queue
[2024-06-09T16:37:45.490-0300] {logging_mixin.py:188} INFO - [2024-06-09T16:37:45.489-0300] {dagbag.py:545} INFO - Filling up the DagBag from /home/pedro/.local/lib/python3.10/site-packages/airflow/example_dags/example_branch_operator_decorator.py
[2024-06-09T16:37:45.502-0300] {processor.py:840} INFO - DAG(s) 'example_branch_python_operator_decorator' retrieved from /home/pedro/.local/lib/python3.10/site-packages/airflow/example_dags/example_branch_operator_decorator.py
[2024-06-09T16:37:45.514-0300] {logging_mixin.py:188} INFO - [2024-06-09T16:37:45.514-0300] {dag.py:3096} INFO - Sync 1 DAGs
[2024-06-09T16:37:45.525-0300] {logging_mixin.py:188} INFO - [2024-06-09T16:37:45.525-0300] {dag.py:3954} INFO - Setting next_dagrun for example_branch_python_operator_decorator to 2024-06-08 00:00:00+00:00, run_after=2024-06-09 00:00:00+00:00
[2024-06-09T16:37:45.538-0300] {processor.py:183} INFO - Processing /home/pedro/.local/lib/python3.10/site-packages/airflow/example_dags/example_branch_operator_decorator.py took 0.057 seconds
[2024-06-09T16:41:42.093-0300] {processor.py:161} INFO - Started process (PID=11333) to work on /home/pedro/.local/lib/python3.10/site-packages/airflow/example_dags/example_branch_operator_decorator.py
[2024-06-09T16:41:42.094-0300] {processor.py:830} INFO - Processing file /home/pedro/.local/lib/python3.10/site-packages/airflow/example_dags/example_branch_operator_decorator.py for tasks to queue
[2024-06-09T16:41:42.095-0300] {logging_mixin.py:188} INFO - [2024-06-09T16:41:42.095-0300] {dagbag.py:545} INFO - Filling up the DagBag from /home/pedro/.local/lib/python3.10/site-packages/airflow/example_dags/example_branch_operator_decorator.py
[2024-06-09T16:41:42.106-0300] {processor.py:840} INFO - DAG(s) 'example_branch_python_operator_decorator' retrieved from /home/pedro/.local/lib/python3.10/site-packages/airflow/example_dags/example_branch_operator_decorator.py
[2024-06-09T16:41:42.119-0300] {logging_mixin.py:188} INFO - [2024-06-09T16:41:42.119-0300] {dag.py:3096} INFO - Sync 1 DAGs
[2024-06-09T16:41:42.130-0300] {logging_mixin.py:188} INFO - [2024-06-09T16:41:42.130-0300] {dag.py:3954} INFO - Setting next_dagrun for example_branch_python_operator_decorator to 2024-06-08 00:00:00+00:00, run_after=2024-06-09 00:00:00+00:00
[2024-06-09T16:41:42.144-0300] {processor.py:183} INFO - Processing /home/pedro/.local/lib/python3.10/site-packages/airflow/example_dags/example_branch_operator_decorator.py took 0.054 seconds
[2024-06-09T16:45:51.774-0300] {processor.py:161} INFO - Started process (PID=12715) to work on /home/pedro/.local/lib/python3.10/site-packages/airflow/example_dags/example_branch_operator_decorator.py
[2024-06-09T16:45:51.777-0300] {processor.py:830} INFO - Processing file /home/pedro/.local/lib/python3.10/site-packages/airflow/example_dags/example_branch_operator_decorator.py for tasks to queue
[2024-06-09T16:45:51.779-0300] {logging_mixin.py:188} INFO - [2024-06-09T16:45:51.778-0300] {dagbag.py:545} INFO - Filling up the DagBag from /home/pedro/.local/lib/python3.10/site-packages/airflow/example_dags/example_branch_operator_decorator.py
[2024-06-09T16:45:51.792-0300] {processor.py:840} INFO - DAG(s) 'example_branch_python_operator_decorator' retrieved from /home/pedro/.local/lib/python3.10/site-packages/airflow/example_dags/example_branch_operator_decorator.py
[2024-06-09T16:45:51.806-0300] {logging_mixin.py:188} INFO - [2024-06-09T16:45:51.806-0300] {dag.py:3096} INFO - Sync 1 DAGs
[2024-06-09T16:45:51.820-0300] {logging_mixin.py:188} INFO - [2024-06-09T16:45:51.820-0300] {dag.py:3954} INFO - Setting next_dagrun for example_branch_python_operator_decorator to 2024-06-08 00:00:00+00:00, run_after=2024-06-09 00:00:00+00:00
[2024-06-09T16:45:51.839-0300] {processor.py:183} INFO - Processing /home/pedro/.local/lib/python3.10/site-packages/airflow/example_dags/example_branch_operator_decorator.py took 0.068 seconds
[2024-06-09T16:49:57.405-0300] {processor.py:161} INFO - Started process (PID=14241) to work on /home/pedro/.local/lib/python3.10/site-packages/airflow/example_dags/example_branch_operator_decorator.py
[2024-06-09T16:49:57.408-0300] {processor.py:830} INFO - Processing file /home/pedro/.local/lib/python3.10/site-packages/airflow/example_dags/example_branch_operator_decorator.py for tasks to queue
[2024-06-09T16:49:57.409-0300] {logging_mixin.py:188} INFO - [2024-06-09T16:49:57.409-0300] {dagbag.py:545} INFO - Filling up the DagBag from /home/pedro/.local/lib/python3.10/site-packages/airflow/example_dags/example_branch_operator_decorator.py
[2024-06-09T16:49:57.424-0300] {processor.py:840} INFO - DAG(s) 'example_branch_python_operator_decorator' retrieved from /home/pedro/.local/lib/python3.10/site-packages/airflow/example_dags/example_branch_operator_decorator.py
[2024-06-09T16:49:57.440-0300] {logging_mixin.py:188} INFO - [2024-06-09T16:49:57.440-0300] {dag.py:3096} INFO - Sync 1 DAGs
[2024-06-09T16:49:57.451-0300] {logging_mixin.py:188} INFO - [2024-06-09T16:49:57.451-0300] {dag.py:3954} INFO - Setting next_dagrun for example_branch_python_operator_decorator to 2024-06-08 00:00:00+00:00, run_after=2024-06-09 00:00:00+00:00
[2024-06-09T16:49:57.466-0300] {processor.py:183} INFO - Processing /home/pedro/.local/lib/python3.10/site-packages/airflow/example_dags/example_branch_operator_decorator.py took 0.065 seconds
[2024-06-09T16:54:04.751-0300] {processor.py:161} INFO - Started process (PID=15652) to work on /home/pedro/.local/lib/python3.10/site-packages/airflow/example_dags/example_branch_operator_decorator.py
[2024-06-09T16:54:04.752-0300] {processor.py:830} INFO - Processing file /home/pedro/.local/lib/python3.10/site-packages/airflow/example_dags/example_branch_operator_decorator.py for tasks to queue
[2024-06-09T16:54:04.753-0300] {logging_mixin.py:188} INFO - [2024-06-09T16:54:04.753-0300] {dagbag.py:545} INFO - Filling up the DagBag from /home/pedro/.local/lib/python3.10/site-packages/airflow/example_dags/example_branch_operator_decorator.py
[2024-06-09T16:54:04.767-0300] {processor.py:840} INFO - DAG(s) 'example_branch_python_operator_decorator' retrieved from /home/pedro/.local/lib/python3.10/site-packages/airflow/example_dags/example_branch_operator_decorator.py
[2024-06-09T16:54:04.779-0300] {logging_mixin.py:188} INFO - [2024-06-09T16:54:04.779-0300] {dag.py:3096} INFO - Sync 1 DAGs
[2024-06-09T16:54:04.790-0300] {logging_mixin.py:188} INFO - [2024-06-09T16:54:04.789-0300] {dag.py:3954} INFO - Setting next_dagrun for example_branch_python_operator_decorator to 2024-06-08 00:00:00+00:00, run_after=2024-06-09 00:00:00+00:00
[2024-06-09T16:54:04.804-0300] {processor.py:183} INFO - Processing /home/pedro/.local/lib/python3.10/site-packages/airflow/example_dags/example_branch_operator_decorator.py took 0.057 seconds
[2024-06-09T16:58:15.629-0300] {processor.py:161} INFO - Started process (PID=17040) to work on /home/pedro/.local/lib/python3.10/site-packages/airflow/example_dags/example_branch_operator_decorator.py
[2024-06-09T16:58:15.632-0300] {processor.py:830} INFO - Processing file /home/pedro/.local/lib/python3.10/site-packages/airflow/example_dags/example_branch_operator_decorator.py for tasks to queue
[2024-06-09T16:58:15.633-0300] {logging_mixin.py:188} INFO - [2024-06-09T16:58:15.633-0300] {dagbag.py:545} INFO - Filling up the DagBag from /home/pedro/.local/lib/python3.10/site-packages/airflow/example_dags/example_branch_operator_decorator.py
[2024-06-09T16:58:15.646-0300] {processor.py:840} INFO - DAG(s) 'example_branch_python_operator_decorator' retrieved from /home/pedro/.local/lib/python3.10/site-packages/airflow/example_dags/example_branch_operator_decorator.py
[2024-06-09T16:58:15.658-0300] {logging_mixin.py:188} INFO - [2024-06-09T16:58:15.658-0300] {dag.py:3096} INFO - Sync 1 DAGs
[2024-06-09T16:58:15.668-0300] {logging_mixin.py:188} INFO - [2024-06-09T16:58:15.668-0300] {dag.py:3954} INFO - Setting next_dagrun for example_branch_python_operator_decorator to 2024-06-08 00:00:00+00:00, run_after=2024-06-09 00:00:00+00:00
[2024-06-09T16:58:15.700-0300] {processor.py:183} INFO - Processing /home/pedro/.local/lib/python3.10/site-packages/airflow/example_dags/example_branch_operator_decorator.py took 0.074 seconds
