[2024-06-09T11:45:19.333-0300] {processor.py:161} INFO - Started process (PID=5847) to work on /home/pedro/.local/lib/python3.10/site-packages/airflow/example_dags/example_short_circuit_decorator.py
[2024-06-09T11:45:19.334-0300] {processor.py:830} INFO - Processing file /home/pedro/.local/lib/python3.10/site-packages/airflow/example_dags/example_short_circuit_decorator.py for tasks to queue
[2024-06-09T11:45:19.335-0300] {logging_mixin.py:188} INFO - [2024-06-09T11:45:19.335-0300] {dagbag.py:545} INFO - Filling up the DagBag from /home/pedro/.local/lib/python3.10/site-packages/airflow/example_dags/example_short_circuit_decorator.py
[2024-06-09T11:45:19.340-0300] {processor.py:840} INFO - DAG(s) 'example_short_circuit_decorator' retrieved from /home/pedro/.local/lib/python3.10/site-packages/airflow/example_dags/example_short_circuit_decorator.py
[2024-06-09T11:45:19.356-0300] {logging_mixin.py:188} INFO - [2024-06-09T11:45:19.356-0300] {dag.py:3096} INFO - Sync 1 DAGs
[2024-06-09T11:45:19.366-0300] {logging_mixin.py:188} INFO - [2024-06-09T11:45:19.366-0300] {dag.py:3954} INFO - Setting next_dagrun for example_short_circuit_decorator to 2024-06-08 00:00:00+00:00, run_after=2024-06-09 00:00:00+00:00
[2024-06-09T11:45:19.385-0300] {processor.py:183} INFO - Processing /home/pedro/.local/lib/python3.10/site-packages/airflow/example_dags/example_short_circuit_decorator.py took 0.055 seconds
[2024-06-09T11:46:10.781-0300] {processor.py:161} INFO - Started process (PID=7191) to work on /home/pedro/.local/lib/python3.10/site-packages/airflow/example_dags/example_short_circuit_decorator.py
[2024-06-09T11:46:10.785-0300] {processor.py:830} INFO - Processing file /home/pedro/.local/lib/python3.10/site-packages/airflow/example_dags/example_short_circuit_decorator.py for tasks to queue
[2024-06-09T11:46:10.785-0300] {logging_mixin.py:188} INFO - [2024-06-09T11:46:10.785-0300] {dagbag.py:545} INFO - Filling up the DagBag from /home/pedro/.local/lib/python3.10/site-packages/airflow/example_dags/example_short_circuit_decorator.py
[2024-06-09T11:46:10.793-0300] {processor.py:840} INFO - DAG(s) 'example_short_circuit_decorator' retrieved from /home/pedro/.local/lib/python3.10/site-packages/airflow/example_dags/example_short_circuit_decorator.py
[2024-06-09T11:46:10.803-0300] {logging_mixin.py:188} INFO - [2024-06-09T11:46:10.803-0300] {dag.py:3096} INFO - Sync 1 DAGs
[2024-06-09T11:46:10.865-0300] {logging_mixin.py:188} INFO - [2024-06-09T11:46:10.865-0300] {dag.py:3954} INFO - Setting next_dagrun for example_short_circuit_decorator to 2024-06-08 00:00:00+00:00, run_after=2024-06-09 00:00:00+00:00
[2024-06-09T11:46:10.878-0300] {processor.py:183} INFO - Processing /home/pedro/.local/lib/python3.10/site-packages/airflow/example_dags/example_short_circuit_decorator.py took 0.103 seconds
[2024-06-09T11:46:56.107-0300] {processor.py:161} INFO - Started process (PID=7322) to work on /home/pedro/.local/lib/python3.10/site-packages/airflow/example_dags/example_short_circuit_decorator.py
[2024-06-09T11:46:56.111-0300] {processor.py:830} INFO - Processing file /home/pedro/.local/lib/python3.10/site-packages/airflow/example_dags/example_short_circuit_decorator.py for tasks to queue
[2024-06-09T11:46:56.113-0300] {logging_mixin.py:188} INFO - [2024-06-09T11:46:56.113-0300] {dagbag.py:545} INFO - Filling up the DagBag from /home/pedro/.local/lib/python3.10/site-packages/airflow/example_dags/example_short_circuit_decorator.py
[2024-06-09T11:46:56.123-0300] {processor.py:840} INFO - DAG(s) 'example_short_circuit_decorator' retrieved from /home/pedro/.local/lib/python3.10/site-packages/airflow/example_dags/example_short_circuit_decorator.py
[2024-06-09T11:46:56.133-0300] {logging_mixin.py:188} INFO - [2024-06-09T11:46:56.133-0300] {dag.py:3096} INFO - Sync 1 DAGs
[2024-06-09T11:46:56.143-0300] {logging_mixin.py:188} INFO - [2024-06-09T11:46:56.143-0300] {dag.py:3954} INFO - Setting next_dagrun for example_short_circuit_decorator to 2024-06-08 00:00:00+00:00, run_after=2024-06-09 00:00:00+00:00
[2024-06-09T11:46:56.157-0300] {processor.py:183} INFO - Processing /home/pedro/.local/lib/python3.10/site-packages/airflow/example_dags/example_short_circuit_decorator.py took 0.056 seconds
[2024-06-09T11:47:38.444-0300] {processor.py:161} INFO - Started process (PID=7408) to work on /home/pedro/.local/lib/python3.10/site-packages/airflow/example_dags/example_short_circuit_decorator.py
[2024-06-09T11:47:38.447-0300] {processor.py:830} INFO - Processing file /home/pedro/.local/lib/python3.10/site-packages/airflow/example_dags/example_short_circuit_decorator.py for tasks to queue
[2024-06-09T11:47:38.449-0300] {logging_mixin.py:188} INFO - [2024-06-09T11:47:38.449-0300] {dagbag.py:545} INFO - Filling up the DagBag from /home/pedro/.local/lib/python3.10/site-packages/airflow/example_dags/example_short_circuit_decorator.py
[2024-06-09T11:47:38.459-0300] {processor.py:840} INFO - DAG(s) 'example_short_circuit_decorator' retrieved from /home/pedro/.local/lib/python3.10/site-packages/airflow/example_dags/example_short_circuit_decorator.py
[2024-06-09T11:47:38.468-0300] {logging_mixin.py:188} INFO - [2024-06-09T11:47:38.468-0300] {dag.py:3096} INFO - Sync 1 DAGs
[2024-06-09T11:47:38.478-0300] {logging_mixin.py:188} INFO - [2024-06-09T11:47:38.477-0300] {dag.py:3954} INFO - Setting next_dagrun for example_short_circuit_decorator to 2024-06-08 00:00:00+00:00, run_after=2024-06-09 00:00:00+00:00
[2024-06-09T11:47:38.492-0300] {processor.py:183} INFO - Processing /home/pedro/.local/lib/python3.10/site-packages/airflow/example_dags/example_short_circuit_decorator.py took 0.052 seconds
[2024-06-09T11:48:20.919-0300] {processor.py:161} INFO - Started process (PID=7482) to work on /home/pedro/.local/lib/python3.10/site-packages/airflow/example_dags/example_short_circuit_decorator.py
[2024-06-09T11:48:20.922-0300] {processor.py:830} INFO - Processing file /home/pedro/.local/lib/python3.10/site-packages/airflow/example_dags/example_short_circuit_decorator.py for tasks to queue
[2024-06-09T11:48:20.925-0300] {logging_mixin.py:188} INFO - [2024-06-09T11:48:20.924-0300] {dagbag.py:545} INFO - Filling up the DagBag from /home/pedro/.local/lib/python3.10/site-packages/airflow/example_dags/example_short_circuit_decorator.py
[2024-06-09T11:48:20.934-0300] {processor.py:840} INFO - DAG(s) 'example_short_circuit_decorator' retrieved from /home/pedro/.local/lib/python3.10/site-packages/airflow/example_dags/example_short_circuit_decorator.py
[2024-06-09T11:48:20.943-0300] {logging_mixin.py:188} INFO - [2024-06-09T11:48:20.943-0300] {dag.py:3096} INFO - Sync 1 DAGs
[2024-06-09T11:48:20.953-0300] {logging_mixin.py:188} INFO - [2024-06-09T11:48:20.953-0300] {dag.py:3954} INFO - Setting next_dagrun for example_short_circuit_decorator to 2024-06-08 00:00:00+00:00, run_after=2024-06-09 00:00:00+00:00
[2024-06-09T11:48:20.967-0300] {processor.py:183} INFO - Processing /home/pedro/.local/lib/python3.10/site-packages/airflow/example_dags/example_short_circuit_decorator.py took 0.053 seconds
[2024-06-09T11:49:03.360-0300] {processor.py:161} INFO - Started process (PID=7655) to work on /home/pedro/.local/lib/python3.10/site-packages/airflow/example_dags/example_short_circuit_decorator.py
[2024-06-09T11:49:03.363-0300] {processor.py:830} INFO - Processing file /home/pedro/.local/lib/python3.10/site-packages/airflow/example_dags/example_short_circuit_decorator.py for tasks to queue
[2024-06-09T11:49:03.366-0300] {logging_mixin.py:188} INFO - [2024-06-09T11:49:03.365-0300] {dagbag.py:545} INFO - Filling up the DagBag from /home/pedro/.local/lib/python3.10/site-packages/airflow/example_dags/example_short_circuit_decorator.py
[2024-06-09T11:49:03.374-0300] {processor.py:840} INFO - DAG(s) 'example_short_circuit_decorator' retrieved from /home/pedro/.local/lib/python3.10/site-packages/airflow/example_dags/example_short_circuit_decorator.py
[2024-06-09T11:49:03.385-0300] {logging_mixin.py:188} INFO - [2024-06-09T11:49:03.385-0300] {dag.py:3096} INFO - Sync 1 DAGs
[2024-06-09T11:49:03.397-0300] {logging_mixin.py:188} INFO - [2024-06-09T11:49:03.397-0300] {dag.py:3954} INFO - Setting next_dagrun for example_short_circuit_decorator to 2024-06-08 00:00:00+00:00, run_after=2024-06-09 00:00:00+00:00
[2024-06-09T11:49:03.414-0300] {processor.py:183} INFO - Processing /home/pedro/.local/lib/python3.10/site-packages/airflow/example_dags/example_short_circuit_decorator.py took 0.058 seconds
[2024-06-09T11:49:44.701-0300] {processor.py:161} INFO - Started process (PID=7929) to work on /home/pedro/.local/lib/python3.10/site-packages/airflow/example_dags/example_short_circuit_decorator.py
[2024-06-09T11:49:44.702-0300] {processor.py:830} INFO - Processing file /home/pedro/.local/lib/python3.10/site-packages/airflow/example_dags/example_short_circuit_decorator.py for tasks to queue
[2024-06-09T11:49:44.704-0300] {logging_mixin.py:188} INFO - [2024-06-09T11:49:44.704-0300] {dagbag.py:545} INFO - Filling up the DagBag from /home/pedro/.local/lib/python3.10/site-packages/airflow/example_dags/example_short_circuit_decorator.py
[2024-06-09T11:49:44.712-0300] {processor.py:840} INFO - DAG(s) 'example_short_circuit_decorator' retrieved from /home/pedro/.local/lib/python3.10/site-packages/airflow/example_dags/example_short_circuit_decorator.py
[2024-06-09T11:49:44.721-0300] {logging_mixin.py:188} INFO - [2024-06-09T11:49:44.721-0300] {dag.py:3096} INFO - Sync 1 DAGs
[2024-06-09T11:49:44.730-0300] {logging_mixin.py:188} INFO - [2024-06-09T11:49:44.730-0300] {dag.py:3954} INFO - Setting next_dagrun for example_short_circuit_decorator to 2024-06-08 00:00:00+00:00, run_after=2024-06-09 00:00:00+00:00
[2024-06-09T11:49:44.743-0300] {processor.py:183} INFO - Processing /home/pedro/.local/lib/python3.10/site-packages/airflow/example_dags/example_short_circuit_decorator.py took 0.049 seconds
[2024-06-09T11:50:30.251-0300] {processor.py:161} INFO - Started process (PID=7992) to work on /home/pedro/.local/lib/python3.10/site-packages/airflow/example_dags/example_short_circuit_decorator.py
[2024-06-09T11:50:30.255-0300] {processor.py:830} INFO - Processing file /home/pedro/.local/lib/python3.10/site-packages/airflow/example_dags/example_short_circuit_decorator.py for tasks to queue
[2024-06-09T11:50:30.257-0300] {logging_mixin.py:188} INFO - [2024-06-09T11:50:30.257-0300] {dagbag.py:545} INFO - Filling up the DagBag from /home/pedro/.local/lib/python3.10/site-packages/airflow/example_dags/example_short_circuit_decorator.py
[2024-06-09T11:50:30.268-0300] {processor.py:840} INFO - DAG(s) 'example_short_circuit_decorator' retrieved from /home/pedro/.local/lib/python3.10/site-packages/airflow/example_dags/example_short_circuit_decorator.py
[2024-06-09T11:50:30.285-0300] {logging_mixin.py:188} INFO - [2024-06-09T11:50:30.285-0300] {dag.py:3096} INFO - Sync 1 DAGs
[2024-06-09T11:50:30.297-0300] {logging_mixin.py:188} INFO - [2024-06-09T11:50:30.297-0300] {dag.py:3954} INFO - Setting next_dagrun for example_short_circuit_decorator to 2024-06-08 00:00:00+00:00, run_after=2024-06-09 00:00:00+00:00
[2024-06-09T11:50:30.312-0300] {processor.py:183} INFO - Processing /home/pedro/.local/lib/python3.10/site-packages/airflow/example_dags/example_short_circuit_decorator.py took 0.070 seconds
[2024-06-09T11:51:16.828-0300] {processor.py:161} INFO - Started process (PID=8201) to work on /home/pedro/.local/lib/python3.10/site-packages/airflow/example_dags/example_short_circuit_decorator.py
[2024-06-09T11:51:16.828-0300] {processor.py:830} INFO - Processing file /home/pedro/.local/lib/python3.10/site-packages/airflow/example_dags/example_short_circuit_decorator.py for tasks to queue
[2024-06-09T11:51:16.829-0300] {logging_mixin.py:188} INFO - [2024-06-09T11:51:16.829-0300] {dagbag.py:545} INFO - Filling up the DagBag from /home/pedro/.local/lib/python3.10/site-packages/airflow/example_dags/example_short_circuit_decorator.py
[2024-06-09T11:51:16.838-0300] {processor.py:840} INFO - DAG(s) 'example_short_circuit_decorator' retrieved from /home/pedro/.local/lib/python3.10/site-packages/airflow/example_dags/example_short_circuit_decorator.py
[2024-06-09T11:51:16.847-0300] {logging_mixin.py:188} INFO - [2024-06-09T11:51:16.847-0300] {dag.py:3096} INFO - Sync 1 DAGs
[2024-06-09T11:51:16.857-0300] {logging_mixin.py:188} INFO - [2024-06-09T11:51:16.857-0300] {dag.py:3954} INFO - Setting next_dagrun for example_short_circuit_decorator to 2024-06-08 00:00:00+00:00, run_after=2024-06-09 00:00:00+00:00
[2024-06-09T11:51:16.870-0300] {processor.py:183} INFO - Processing /home/pedro/.local/lib/python3.10/site-packages/airflow/example_dags/example_short_circuit_decorator.py took 0.047 seconds
[2024-06-09T11:52:01.090-0300] {processor.py:161} INFO - Started process (PID=8293) to work on /home/pedro/.local/lib/python3.10/site-packages/airflow/example_dags/example_short_circuit_decorator.py
[2024-06-09T11:52:01.093-0300] {processor.py:830} INFO - Processing file /home/pedro/.local/lib/python3.10/site-packages/airflow/example_dags/example_short_circuit_decorator.py for tasks to queue
[2024-06-09T11:52:01.095-0300] {logging_mixin.py:188} INFO - [2024-06-09T11:52:01.095-0300] {dagbag.py:545} INFO - Filling up the DagBag from /home/pedro/.local/lib/python3.10/site-packages/airflow/example_dags/example_short_circuit_decorator.py
[2024-06-09T11:52:01.104-0300] {processor.py:840} INFO - DAG(s) 'example_short_circuit_decorator' retrieved from /home/pedro/.local/lib/python3.10/site-packages/airflow/example_dags/example_short_circuit_decorator.py
[2024-06-09T11:52:01.114-0300] {logging_mixin.py:188} INFO - [2024-06-09T11:52:01.114-0300] {dag.py:3096} INFO - Sync 1 DAGs
[2024-06-09T11:52:01.128-0300] {logging_mixin.py:188} INFO - [2024-06-09T11:52:01.128-0300] {dag.py:3954} INFO - Setting next_dagrun for example_short_circuit_decorator to 2024-06-08 00:00:00+00:00, run_after=2024-06-09 00:00:00+00:00
[2024-06-09T11:52:01.145-0300] {processor.py:183} INFO - Processing /home/pedro/.local/lib/python3.10/site-packages/airflow/example_dags/example_short_circuit_decorator.py took 0.058 seconds
[2024-06-09T11:52:43.389-0300] {processor.py:161} INFO - Started process (PID=8408) to work on /home/pedro/.local/lib/python3.10/site-packages/airflow/example_dags/example_short_circuit_decorator.py
[2024-06-09T11:52:43.392-0300] {processor.py:830} INFO - Processing file /home/pedro/.local/lib/python3.10/site-packages/airflow/example_dags/example_short_circuit_decorator.py for tasks to queue
[2024-06-09T11:52:43.394-0300] {logging_mixin.py:188} INFO - [2024-06-09T11:52:43.394-0300] {dagbag.py:545} INFO - Filling up the DagBag from /home/pedro/.local/lib/python3.10/site-packages/airflow/example_dags/example_short_circuit_decorator.py
[2024-06-09T11:52:43.403-0300] {processor.py:840} INFO - DAG(s) 'example_short_circuit_decorator' retrieved from /home/pedro/.local/lib/python3.10/site-packages/airflow/example_dags/example_short_circuit_decorator.py
[2024-06-09T11:52:43.412-0300] {logging_mixin.py:188} INFO - [2024-06-09T11:52:43.412-0300] {dag.py:3096} INFO - Sync 1 DAGs
[2024-06-09T11:52:43.422-0300] {logging_mixin.py:188} INFO - [2024-06-09T11:52:43.422-0300] {dag.py:3954} INFO - Setting next_dagrun for example_short_circuit_decorator to 2024-06-08 00:00:00+00:00, run_after=2024-06-09 00:00:00+00:00
[2024-06-09T11:52:43.437-0300] {processor.py:183} INFO - Processing /home/pedro/.local/lib/python3.10/site-packages/airflow/example_dags/example_short_circuit_decorator.py took 0.052 seconds
[2024-06-09T11:53:21.275-0300] {processor.py:161} INFO - Started process (PID=8504) to work on /home/pedro/.local/lib/python3.10/site-packages/airflow/example_dags/example_short_circuit_decorator.py
[2024-06-09T11:53:21.278-0300] {processor.py:830} INFO - Processing file /home/pedro/.local/lib/python3.10/site-packages/airflow/example_dags/example_short_circuit_decorator.py for tasks to queue
[2024-06-09T11:53:21.280-0300] {logging_mixin.py:188} INFO - [2024-06-09T11:53:21.280-0300] {dagbag.py:545} INFO - Filling up the DagBag from /home/pedro/.local/lib/python3.10/site-packages/airflow/example_dags/example_short_circuit_decorator.py
[2024-06-09T11:53:21.293-0300] {processor.py:840} INFO - DAG(s) 'example_short_circuit_decorator' retrieved from /home/pedro/.local/lib/python3.10/site-packages/airflow/example_dags/example_short_circuit_decorator.py
[2024-06-09T11:53:21.305-0300] {logging_mixin.py:188} INFO - [2024-06-09T11:53:21.305-0300] {dag.py:3096} INFO - Sync 1 DAGs
[2024-06-09T11:53:21.315-0300] {logging_mixin.py:188} INFO - [2024-06-09T11:53:21.315-0300] {dag.py:3954} INFO - Setting next_dagrun for example_short_circuit_decorator to 2024-06-08 00:00:00+00:00, run_after=2024-06-09 00:00:00+00:00
[2024-06-09T11:53:21.329-0300] {processor.py:183} INFO - Processing /home/pedro/.local/lib/python3.10/site-packages/airflow/example_dags/example_short_circuit_decorator.py took 0.058 seconds
[2024-06-09T11:54:01.504-0300] {processor.py:161} INFO - Started process (PID=8582) to work on /home/pedro/.local/lib/python3.10/site-packages/airflow/example_dags/example_short_circuit_decorator.py
[2024-06-09T11:54:01.508-0300] {processor.py:830} INFO - Processing file /home/pedro/.local/lib/python3.10/site-packages/airflow/example_dags/example_short_circuit_decorator.py for tasks to queue
[2024-06-09T11:54:01.510-0300] {logging_mixin.py:188} INFO - [2024-06-09T11:54:01.510-0300] {dagbag.py:545} INFO - Filling up the DagBag from /home/pedro/.local/lib/python3.10/site-packages/airflow/example_dags/example_short_circuit_decorator.py
[2024-06-09T11:54:01.519-0300] {processor.py:840} INFO - DAG(s) 'example_short_circuit_decorator' retrieved from /home/pedro/.local/lib/python3.10/site-packages/airflow/example_dags/example_short_circuit_decorator.py
[2024-06-09T11:54:01.529-0300] {logging_mixin.py:188} INFO - [2024-06-09T11:54:01.529-0300] {dag.py:3096} INFO - Sync 1 DAGs
[2024-06-09T11:54:01.538-0300] {logging_mixin.py:188} INFO - [2024-06-09T11:54:01.538-0300] {dag.py:3954} INFO - Setting next_dagrun for example_short_circuit_decorator to 2024-06-08 00:00:00+00:00, run_after=2024-06-09 00:00:00+00:00
[2024-06-09T11:54:01.552-0300] {processor.py:183} INFO - Processing /home/pedro/.local/lib/python3.10/site-packages/airflow/example_dags/example_short_circuit_decorator.py took 0.057 seconds
[2024-06-09T11:54:43.320-0300] {processor.py:161} INFO - Started process (PID=8652) to work on /home/pedro/.local/lib/python3.10/site-packages/airflow/example_dags/example_short_circuit_decorator.py
[2024-06-09T11:54:43.323-0300] {processor.py:830} INFO - Processing file /home/pedro/.local/lib/python3.10/site-packages/airflow/example_dags/example_short_circuit_decorator.py for tasks to queue
[2024-06-09T11:54:43.326-0300] {logging_mixin.py:188} INFO - [2024-06-09T11:54:43.325-0300] {dagbag.py:545} INFO - Filling up the DagBag from /home/pedro/.local/lib/python3.10/site-packages/airflow/example_dags/example_short_circuit_decorator.py
[2024-06-09T11:54:43.335-0300] {processor.py:840} INFO - DAG(s) 'example_short_circuit_decorator' retrieved from /home/pedro/.local/lib/python3.10/site-packages/airflow/example_dags/example_short_circuit_decorator.py
[2024-06-09T11:54:43.344-0300] {logging_mixin.py:188} INFO - [2024-06-09T11:54:43.344-0300] {dag.py:3096} INFO - Sync 1 DAGs
[2024-06-09T11:54:43.354-0300] {logging_mixin.py:188} INFO - [2024-06-09T11:54:43.353-0300] {dag.py:3954} INFO - Setting next_dagrun for example_short_circuit_decorator to 2024-06-08 00:00:00+00:00, run_after=2024-06-09 00:00:00+00:00
[2024-06-09T11:54:43.368-0300] {processor.py:183} INFO - Processing /home/pedro/.local/lib/python3.10/site-packages/airflow/example_dags/example_short_circuit_decorator.py took 0.052 seconds
[2024-06-09T11:55:21.831-0300] {processor.py:161} INFO - Started process (PID=8721) to work on /home/pedro/.local/lib/python3.10/site-packages/airflow/example_dags/example_short_circuit_decorator.py
[2024-06-09T11:55:21.835-0300] {processor.py:830} INFO - Processing file /home/pedro/.local/lib/python3.10/site-packages/airflow/example_dags/example_short_circuit_decorator.py for tasks to queue
[2024-06-09T11:55:21.837-0300] {logging_mixin.py:188} INFO - [2024-06-09T11:55:21.836-0300] {dagbag.py:545} INFO - Filling up the DagBag from /home/pedro/.local/lib/python3.10/site-packages/airflow/example_dags/example_short_circuit_decorator.py
[2024-06-09T11:55:21.845-0300] {processor.py:840} INFO - DAG(s) 'example_short_circuit_decorator' retrieved from /home/pedro/.local/lib/python3.10/site-packages/airflow/example_dags/example_short_circuit_decorator.py
[2024-06-09T11:55:21.855-0300] {logging_mixin.py:188} INFO - [2024-06-09T11:55:21.855-0300] {dag.py:3096} INFO - Sync 1 DAGs
[2024-06-09T11:55:21.865-0300] {logging_mixin.py:188} INFO - [2024-06-09T11:55:21.865-0300] {dag.py:3954} INFO - Setting next_dagrun for example_short_circuit_decorator to 2024-06-08 00:00:00+00:00, run_after=2024-06-09 00:00:00+00:00
[2024-06-09T11:55:21.879-0300] {processor.py:183} INFO - Processing /home/pedro/.local/lib/python3.10/site-packages/airflow/example_dags/example_short_circuit_decorator.py took 0.056 seconds
[2024-06-09T11:56:01.879-0300] {processor.py:161} INFO - Started process (PID=8943) to work on /home/pedro/.local/lib/python3.10/site-packages/airflow/example_dags/example_short_circuit_decorator.py
[2024-06-09T11:56:01.882-0300] {processor.py:830} INFO - Processing file /home/pedro/.local/lib/python3.10/site-packages/airflow/example_dags/example_short_circuit_decorator.py for tasks to queue
[2024-06-09T11:56:01.883-0300] {logging_mixin.py:188} INFO - [2024-06-09T11:56:01.883-0300] {dagbag.py:545} INFO - Filling up the DagBag from /home/pedro/.local/lib/python3.10/site-packages/airflow/example_dags/example_short_circuit_decorator.py
[2024-06-09T11:56:01.890-0300] {processor.py:840} INFO - DAG(s) 'example_short_circuit_decorator' retrieved from /home/pedro/.local/lib/python3.10/site-packages/airflow/example_dags/example_short_circuit_decorator.py
[2024-06-09T11:56:01.904-0300] {logging_mixin.py:188} INFO - [2024-06-09T11:56:01.904-0300] {dag.py:3096} INFO - Sync 1 DAGs
[2024-06-09T11:56:01.919-0300] {logging_mixin.py:188} INFO - [2024-06-09T11:56:01.919-0300] {dag.py:3954} INFO - Setting next_dagrun for example_short_circuit_decorator to 2024-06-08 00:00:00+00:00, run_after=2024-06-09 00:00:00+00:00
[2024-06-09T11:56:01.933-0300] {processor.py:183} INFO - Processing /home/pedro/.local/lib/python3.10/site-packages/airflow/example_dags/example_short_circuit_decorator.py took 0.058 seconds
[2024-06-09T11:57:42.081-0300] {processor.py:161} INFO - Started process (PID=9629) to work on /home/pedro/.local/lib/python3.10/site-packages/airflow/example_dags/example_short_circuit_decorator.py
[2024-06-09T11:57:42.085-0300] {processor.py:830} INFO - Processing file /home/pedro/.local/lib/python3.10/site-packages/airflow/example_dags/example_short_circuit_decorator.py for tasks to queue
[2024-06-09T11:57:42.086-0300] {logging_mixin.py:188} INFO - [2024-06-09T11:57:42.086-0300] {dagbag.py:545} INFO - Filling up the DagBag from /home/pedro/.local/lib/python3.10/site-packages/airflow/example_dags/example_short_circuit_decorator.py
[2024-06-09T11:57:42.093-0300] {processor.py:840} INFO - DAG(s) 'example_short_circuit_decorator' retrieved from /home/pedro/.local/lib/python3.10/site-packages/airflow/example_dags/example_short_circuit_decorator.py
[2024-06-09T11:57:42.110-0300] {logging_mixin.py:188} INFO - [2024-06-09T11:57:42.110-0300] {dag.py:3096} INFO - Sync 1 DAGs
[2024-06-09T11:57:42.123-0300] {logging_mixin.py:188} INFO - [2024-06-09T11:57:42.123-0300] {dag.py:3954} INFO - Setting next_dagrun for example_short_circuit_decorator to 2024-06-08 00:00:00+00:00, run_after=2024-06-09 00:00:00+00:00
[2024-06-09T11:57:42.144-0300] {processor.py:183} INFO - Processing /home/pedro/.local/lib/python3.10/site-packages/airflow/example_dags/example_short_circuit_decorator.py took 0.067 seconds
[2024-06-09T11:59:10.055-0300] {processor.py:161} INFO - Started process (PID=10637) to work on /home/pedro/.local/lib/python3.10/site-packages/airflow/example_dags/example_short_circuit_decorator.py
[2024-06-09T11:59:10.059-0300] {processor.py:830} INFO - Processing file /home/pedro/.local/lib/python3.10/site-packages/airflow/example_dags/example_short_circuit_decorator.py for tasks to queue
[2024-06-09T11:59:10.060-0300] {logging_mixin.py:188} INFO - [2024-06-09T11:59:10.060-0300] {dagbag.py:545} INFO - Filling up the DagBag from /home/pedro/.local/lib/python3.10/site-packages/airflow/example_dags/example_short_circuit_decorator.py
[2024-06-09T11:59:10.073-0300] {processor.py:840} INFO - DAG(s) 'example_short_circuit_decorator' retrieved from /home/pedro/.local/lib/python3.10/site-packages/airflow/example_dags/example_short_circuit_decorator.py
[2024-06-09T11:59:10.092-0300] {logging_mixin.py:188} INFO - [2024-06-09T11:59:10.092-0300] {dag.py:3096} INFO - Sync 1 DAGs
[2024-06-09T11:59:10.104-0300] {logging_mixin.py:188} INFO - [2024-06-09T11:59:10.104-0300] {dag.py:3954} INFO - Setting next_dagrun for example_short_circuit_decorator to 2024-06-08 00:00:00+00:00, run_after=2024-06-09 00:00:00+00:00
[2024-06-09T11:59:10.127-0300] {processor.py:183} INFO - Processing /home/pedro/.local/lib/python3.10/site-packages/airflow/example_dags/example_short_circuit_decorator.py took 0.077 seconds
[2024-06-09T12:00:00.725-0300] {processor.py:161} INFO - Started process (PID=10789) to work on /home/pedro/.local/lib/python3.10/site-packages/airflow/example_dags/example_short_circuit_decorator.py
[2024-06-09T12:00:00.729-0300] {processor.py:830} INFO - Processing file /home/pedro/.local/lib/python3.10/site-packages/airflow/example_dags/example_short_circuit_decorator.py for tasks to queue
[2024-06-09T12:00:00.731-0300] {logging_mixin.py:188} INFO - [2024-06-09T12:00:00.731-0300] {dagbag.py:545} INFO - Filling up the DagBag from /home/pedro/.local/lib/python3.10/site-packages/airflow/example_dags/example_short_circuit_decorator.py
[2024-06-09T12:00:00.740-0300] {processor.py:840} INFO - DAG(s) 'example_short_circuit_decorator' retrieved from /home/pedro/.local/lib/python3.10/site-packages/airflow/example_dags/example_short_circuit_decorator.py
[2024-06-09T12:00:00.754-0300] {logging_mixin.py:188} INFO - [2024-06-09T12:00:00.753-0300] {dag.py:3096} INFO - Sync 1 DAGs
[2024-06-09T12:00:00.831-0300] {logging_mixin.py:188} INFO - [2024-06-09T12:00:00.831-0300] {dag.py:3954} INFO - Setting next_dagrun for example_short_circuit_decorator to 2024-06-08 00:00:00+00:00, run_after=2024-06-09 00:00:00+00:00
[2024-06-09T12:00:00.846-0300] {processor.py:183} INFO - Processing /home/pedro/.local/lib/python3.10/site-packages/airflow/example_dags/example_short_circuit_decorator.py took 0.128 seconds
[2024-06-09T12:00:46.401-0300] {processor.py:161} INFO - Started process (PID=10861) to work on /home/pedro/.local/lib/python3.10/site-packages/airflow/example_dags/example_short_circuit_decorator.py
[2024-06-09T12:00:46.405-0300] {processor.py:830} INFO - Processing file /home/pedro/.local/lib/python3.10/site-packages/airflow/example_dags/example_short_circuit_decorator.py for tasks to queue
[2024-06-09T12:00:46.407-0300] {logging_mixin.py:188} INFO - [2024-06-09T12:00:46.406-0300] {dagbag.py:545} INFO - Filling up the DagBag from /home/pedro/.local/lib/python3.10/site-packages/airflow/example_dags/example_short_circuit_decorator.py
[2024-06-09T12:00:46.415-0300] {processor.py:840} INFO - DAG(s) 'example_short_circuit_decorator' retrieved from /home/pedro/.local/lib/python3.10/site-packages/airflow/example_dags/example_short_circuit_decorator.py
[2024-06-09T12:00:46.425-0300] {logging_mixin.py:188} INFO - [2024-06-09T12:00:46.425-0300] {dag.py:3096} INFO - Sync 1 DAGs
[2024-06-09T12:00:46.437-0300] {logging_mixin.py:188} INFO - [2024-06-09T12:00:46.437-0300] {dag.py:3954} INFO - Setting next_dagrun for example_short_circuit_decorator to 2024-06-08 00:00:00+00:00, run_after=2024-06-09 00:00:00+00:00
[2024-06-09T12:00:46.455-0300] {processor.py:183} INFO - Processing /home/pedro/.local/lib/python3.10/site-packages/airflow/example_dags/example_short_circuit_decorator.py took 0.063 seconds
[2024-06-09T12:01:28.983-0300] {processor.py:161} INFO - Started process (PID=11145) to work on /home/pedro/.local/lib/python3.10/site-packages/airflow/example_dags/example_short_circuit_decorator.py
[2024-06-09T12:01:28.984-0300] {processor.py:830} INFO - Processing file /home/pedro/.local/lib/python3.10/site-packages/airflow/example_dags/example_short_circuit_decorator.py for tasks to queue
[2024-06-09T12:01:28.985-0300] {logging_mixin.py:188} INFO - [2024-06-09T12:01:28.985-0300] {dagbag.py:545} INFO - Filling up the DagBag from /home/pedro/.local/lib/python3.10/site-packages/airflow/example_dags/example_short_circuit_decorator.py
[2024-06-09T12:01:28.991-0300] {processor.py:840} INFO - DAG(s) 'example_short_circuit_decorator' retrieved from /home/pedro/.local/lib/python3.10/site-packages/airflow/example_dags/example_short_circuit_decorator.py
[2024-06-09T12:01:29.002-0300] {logging_mixin.py:188} INFO - [2024-06-09T12:01:29.002-0300] {dag.py:3096} INFO - Sync 1 DAGs
[2024-06-09T12:01:29.013-0300] {logging_mixin.py:188} INFO - [2024-06-09T12:01:29.013-0300] {dag.py:3954} INFO - Setting next_dagrun for example_short_circuit_decorator to 2024-06-08 00:00:00+00:00, run_after=2024-06-09 00:00:00+00:00
[2024-06-09T12:01:29.029-0300] {processor.py:183} INFO - Processing /home/pedro/.local/lib/python3.10/site-packages/airflow/example_dags/example_short_circuit_decorator.py took 0.049 seconds
[2024-06-09T12:02:12.442-0300] {processor.py:161} INFO - Started process (PID=11229) to work on /home/pedro/.local/lib/python3.10/site-packages/airflow/example_dags/example_short_circuit_decorator.py
[2024-06-09T12:02:12.445-0300] {processor.py:830} INFO - Processing file /home/pedro/.local/lib/python3.10/site-packages/airflow/example_dags/example_short_circuit_decorator.py for tasks to queue
[2024-06-09T12:02:12.447-0300] {logging_mixin.py:188} INFO - [2024-06-09T12:02:12.446-0300] {dagbag.py:545} INFO - Filling up the DagBag from /home/pedro/.local/lib/python3.10/site-packages/airflow/example_dags/example_short_circuit_decorator.py
[2024-06-09T12:02:12.455-0300] {processor.py:840} INFO - DAG(s) 'example_short_circuit_decorator' retrieved from /home/pedro/.local/lib/python3.10/site-packages/airflow/example_dags/example_short_circuit_decorator.py
[2024-06-09T12:02:12.465-0300] {logging_mixin.py:188} INFO - [2024-06-09T12:02:12.465-0300] {dag.py:3096} INFO - Sync 1 DAGs
[2024-06-09T12:02:12.477-0300] {logging_mixin.py:188} INFO - [2024-06-09T12:02:12.477-0300] {dag.py:3954} INFO - Setting next_dagrun for example_short_circuit_decorator to 2024-06-08 00:00:00+00:00, run_after=2024-06-09 00:00:00+00:00
[2024-06-09T12:02:12.494-0300] {processor.py:183} INFO - Processing /home/pedro/.local/lib/python3.10/site-packages/airflow/example_dags/example_short_circuit_decorator.py took 0.061 seconds
[2024-06-09T12:02:57.447-0300] {processor.py:161} INFO - Started process (PID=11328) to work on /home/pedro/.local/lib/python3.10/site-packages/airflow/example_dags/example_short_circuit_decorator.py
[2024-06-09T12:02:57.451-0300] {processor.py:830} INFO - Processing file /home/pedro/.local/lib/python3.10/site-packages/airflow/example_dags/example_short_circuit_decorator.py for tasks to queue
[2024-06-09T12:02:57.453-0300] {logging_mixin.py:188} INFO - [2024-06-09T12:02:57.452-0300] {dagbag.py:545} INFO - Filling up the DagBag from /home/pedro/.local/lib/python3.10/site-packages/airflow/example_dags/example_short_circuit_decorator.py
[2024-06-09T12:02:57.461-0300] {processor.py:840} INFO - DAG(s) 'example_short_circuit_decorator' retrieved from /home/pedro/.local/lib/python3.10/site-packages/airflow/example_dags/example_short_circuit_decorator.py
[2024-06-09T12:02:57.471-0300] {logging_mixin.py:188} INFO - [2024-06-09T12:02:57.470-0300] {dag.py:3096} INFO - Sync 1 DAGs
[2024-06-09T12:02:57.482-0300] {logging_mixin.py:188} INFO - [2024-06-09T12:02:57.482-0300] {dag.py:3954} INFO - Setting next_dagrun for example_short_circuit_decorator to 2024-06-08 00:00:00+00:00, run_after=2024-06-09 00:00:00+00:00
[2024-06-09T12:02:57.499-0300] {processor.py:183} INFO - Processing /home/pedro/.local/lib/python3.10/site-packages/airflow/example_dags/example_short_circuit_decorator.py took 0.061 seconds
[2024-06-09T12:03:40.237-0300] {processor.py:161} INFO - Started process (PID=11396) to work on /home/pedro/.local/lib/python3.10/site-packages/airflow/example_dags/example_short_circuit_decorator.py
[2024-06-09T12:03:40.241-0300] {processor.py:830} INFO - Processing file /home/pedro/.local/lib/python3.10/site-packages/airflow/example_dags/example_short_circuit_decorator.py for tasks to queue
[2024-06-09T12:03:40.242-0300] {logging_mixin.py:188} INFO - [2024-06-09T12:03:40.241-0300] {dagbag.py:545} INFO - Filling up the DagBag from /home/pedro/.local/lib/python3.10/site-packages/airflow/example_dags/example_short_circuit_decorator.py
[2024-06-09T12:03:40.250-0300] {processor.py:840} INFO - DAG(s) 'example_short_circuit_decorator' retrieved from /home/pedro/.local/lib/python3.10/site-packages/airflow/example_dags/example_short_circuit_decorator.py
[2024-06-09T12:03:40.260-0300] {logging_mixin.py:188} INFO - [2024-06-09T12:03:40.260-0300] {dag.py:3096} INFO - Sync 1 DAGs
[2024-06-09T12:03:40.270-0300] {logging_mixin.py:188} INFO - [2024-06-09T12:03:40.269-0300] {dag.py:3954} INFO - Setting next_dagrun for example_short_circuit_decorator to 2024-06-08 00:00:00+00:00, run_after=2024-06-09 00:00:00+00:00
[2024-06-09T12:03:40.285-0300] {processor.py:183} INFO - Processing /home/pedro/.local/lib/python3.10/site-packages/airflow/example_dags/example_short_circuit_decorator.py took 0.051 seconds
[2024-06-09T12:04:17.908-0300] {processor.py:161} INFO - Started process (PID=11494) to work on /home/pedro/.local/lib/python3.10/site-packages/airflow/example_dags/example_short_circuit_decorator.py
[2024-06-09T12:04:17.909-0300] {processor.py:830} INFO - Processing file /home/pedro/.local/lib/python3.10/site-packages/airflow/example_dags/example_short_circuit_decorator.py for tasks to queue
[2024-06-09T12:04:17.911-0300] {logging_mixin.py:188} INFO - [2024-06-09T12:04:17.911-0300] {dagbag.py:545} INFO - Filling up the DagBag from /home/pedro/.local/lib/python3.10/site-packages/airflow/example_dags/example_short_circuit_decorator.py
[2024-06-09T12:04:17.918-0300] {processor.py:840} INFO - DAG(s) 'example_short_circuit_decorator' retrieved from /home/pedro/.local/lib/python3.10/site-packages/airflow/example_dags/example_short_circuit_decorator.py
[2024-06-09T12:04:17.928-0300] {logging_mixin.py:188} INFO - [2024-06-09T12:04:17.927-0300] {dag.py:3096} INFO - Sync 1 DAGs
[2024-06-09T12:04:17.940-0300] {logging_mixin.py:188} INFO - [2024-06-09T12:04:17.940-0300] {dag.py:3954} INFO - Setting next_dagrun for example_short_circuit_decorator to 2024-06-08 00:00:00+00:00, run_after=2024-06-09 00:00:00+00:00
[2024-06-09T12:04:17.954-0300] {processor.py:183} INFO - Processing /home/pedro/.local/lib/python3.10/site-packages/airflow/example_dags/example_short_circuit_decorator.py took 0.056 seconds
[2024-06-09T12:04:59.059-0300] {processor.py:161} INFO - Started process (PID=11582) to work on /home/pedro/.local/lib/python3.10/site-packages/airflow/example_dags/example_short_circuit_decorator.py
[2024-06-09T12:04:59.061-0300] {processor.py:830} INFO - Processing file /home/pedro/.local/lib/python3.10/site-packages/airflow/example_dags/example_short_circuit_decorator.py for tasks to queue
[2024-06-09T12:04:59.062-0300] {logging_mixin.py:188} INFO - [2024-06-09T12:04:59.062-0300] {dagbag.py:545} INFO - Filling up the DagBag from /home/pedro/.local/lib/python3.10/site-packages/airflow/example_dags/example_short_circuit_decorator.py
[2024-06-09T12:04:59.069-0300] {processor.py:840} INFO - DAG(s) 'example_short_circuit_decorator' retrieved from /home/pedro/.local/lib/python3.10/site-packages/airflow/example_dags/example_short_circuit_decorator.py
[2024-06-09T12:04:59.079-0300] {logging_mixin.py:188} INFO - [2024-06-09T12:04:59.078-0300] {dag.py:3096} INFO - Sync 1 DAGs
[2024-06-09T12:04:59.088-0300] {logging_mixin.py:188} INFO - [2024-06-09T12:04:59.088-0300] {dag.py:3954} INFO - Setting next_dagrun for example_short_circuit_decorator to 2024-06-08 00:00:00+00:00, run_after=2024-06-09 00:00:00+00:00
[2024-06-09T12:04:59.104-0300] {processor.py:183} INFO - Processing /home/pedro/.local/lib/python3.10/site-packages/airflow/example_dags/example_short_circuit_decorator.py took 0.053 seconds
[2024-06-09T12:05:40.482-0300] {processor.py:161} INFO - Started process (PID=11655) to work on /home/pedro/.local/lib/python3.10/site-packages/airflow/example_dags/example_short_circuit_decorator.py
[2024-06-09T12:05:40.486-0300] {processor.py:830} INFO - Processing file /home/pedro/.local/lib/python3.10/site-packages/airflow/example_dags/example_short_circuit_decorator.py for tasks to queue
[2024-06-09T12:05:40.488-0300] {logging_mixin.py:188} INFO - [2024-06-09T12:05:40.487-0300] {dagbag.py:545} INFO - Filling up the DagBag from /home/pedro/.local/lib/python3.10/site-packages/airflow/example_dags/example_short_circuit_decorator.py
[2024-06-09T12:05:40.496-0300] {processor.py:840} INFO - DAG(s) 'example_short_circuit_decorator' retrieved from /home/pedro/.local/lib/python3.10/site-packages/airflow/example_dags/example_short_circuit_decorator.py
[2024-06-09T12:05:40.506-0300] {logging_mixin.py:188} INFO - [2024-06-09T12:05:40.506-0300] {dag.py:3096} INFO - Sync 1 DAGs
[2024-06-09T12:05:40.517-0300] {logging_mixin.py:188} INFO - [2024-06-09T12:05:40.517-0300] {dag.py:3954} INFO - Setting next_dagrun for example_short_circuit_decorator to 2024-06-08 00:00:00+00:00, run_after=2024-06-09 00:00:00+00:00
[2024-06-09T12:05:40.535-0300] {processor.py:183} INFO - Processing /home/pedro/.local/lib/python3.10/site-packages/airflow/example_dags/example_short_circuit_decorator.py took 0.057 seconds
[2024-06-09T12:06:32.162-0300] {processor.py:161} INFO - Started process (PID=12424) to work on /home/pedro/.local/lib/python3.10/site-packages/airflow/example_dags/example_short_circuit_decorator.py
[2024-06-09T12:06:32.165-0300] {processor.py:830} INFO - Processing file /home/pedro/.local/lib/python3.10/site-packages/airflow/example_dags/example_short_circuit_decorator.py for tasks to queue
[2024-06-09T12:06:32.167-0300] {logging_mixin.py:188} INFO - [2024-06-09T12:06:32.167-0300] {dagbag.py:545} INFO - Filling up the DagBag from /home/pedro/.local/lib/python3.10/site-packages/airflow/example_dags/example_short_circuit_decorator.py
[2024-06-09T12:06:32.176-0300] {processor.py:840} INFO - DAG(s) 'example_short_circuit_decorator' retrieved from /home/pedro/.local/lib/python3.10/site-packages/airflow/example_dags/example_short_circuit_decorator.py
[2024-06-09T12:06:32.190-0300] {logging_mixin.py:188} INFO - [2024-06-09T12:06:32.190-0300] {dag.py:3096} INFO - Sync 1 DAGs
[2024-06-09T12:06:32.201-0300] {logging_mixin.py:188} INFO - [2024-06-09T12:06:32.201-0300] {dag.py:3954} INFO - Setting next_dagrun for example_short_circuit_decorator to 2024-06-08 00:00:00+00:00, run_after=2024-06-09 00:00:00+00:00
[2024-06-09T12:06:32.217-0300] {processor.py:183} INFO - Processing /home/pedro/.local/lib/python3.10/site-packages/airflow/example_dags/example_short_circuit_decorator.py took 0.063 seconds
[2024-06-09T12:07:25.256-0300] {processor.py:161} INFO - Started process (PID=12524) to work on /home/pedro/.local/lib/python3.10/site-packages/airflow/example_dags/example_short_circuit_decorator.py
[2024-06-09T12:07:25.259-0300] {processor.py:830} INFO - Processing file /home/pedro/.local/lib/python3.10/site-packages/airflow/example_dags/example_short_circuit_decorator.py for tasks to queue
[2024-06-09T12:07:25.260-0300] {logging_mixin.py:188} INFO - [2024-06-09T12:07:25.260-0300] {dagbag.py:545} INFO - Filling up the DagBag from /home/pedro/.local/lib/python3.10/site-packages/airflow/example_dags/example_short_circuit_decorator.py
[2024-06-09T12:07:25.266-0300] {processor.py:840} INFO - DAG(s) 'example_short_circuit_decorator' retrieved from /home/pedro/.local/lib/python3.10/site-packages/airflow/example_dags/example_short_circuit_decorator.py
[2024-06-09T12:07:25.276-0300] {logging_mixin.py:188} INFO - [2024-06-09T12:07:25.276-0300] {dag.py:3096} INFO - Sync 1 DAGs
[2024-06-09T12:07:25.349-0300] {logging_mixin.py:188} INFO - [2024-06-09T12:07:25.348-0300] {dag.py:3954} INFO - Setting next_dagrun for example_short_circuit_decorator to 2024-06-08 00:00:00+00:00, run_after=2024-06-09 00:00:00+00:00
[2024-06-09T12:07:25.365-0300] {processor.py:183} INFO - Processing /home/pedro/.local/lib/python3.10/site-packages/airflow/example_dags/example_short_circuit_decorator.py took 0.112 seconds
[2024-06-09T12:08:17.536-0300] {processor.py:161} INFO - Started process (PID=12607) to work on /home/pedro/.local/lib/python3.10/site-packages/airflow/example_dags/example_short_circuit_decorator.py
[2024-06-09T12:08:17.539-0300] {processor.py:830} INFO - Processing file /home/pedro/.local/lib/python3.10/site-packages/airflow/example_dags/example_short_circuit_decorator.py for tasks to queue
[2024-06-09T12:08:17.541-0300] {logging_mixin.py:188} INFO - [2024-06-09T12:08:17.541-0300] {dagbag.py:545} INFO - Filling up the DagBag from /home/pedro/.local/lib/python3.10/site-packages/airflow/example_dags/example_short_circuit_decorator.py
[2024-06-09T12:08:17.551-0300] {processor.py:840} INFO - DAG(s) 'example_short_circuit_decorator' retrieved from /home/pedro/.local/lib/python3.10/site-packages/airflow/example_dags/example_short_circuit_decorator.py
[2024-06-09T12:08:17.561-0300] {logging_mixin.py:188} INFO - [2024-06-09T12:08:17.561-0300] {dag.py:3096} INFO - Sync 1 DAGs
[2024-06-09T12:08:17.573-0300] {logging_mixin.py:188} INFO - [2024-06-09T12:08:17.573-0300] {dag.py:3954} INFO - Setting next_dagrun for example_short_circuit_decorator to 2024-06-08 00:00:00+00:00, run_after=2024-06-09 00:00:00+00:00
[2024-06-09T12:08:17.591-0300] {processor.py:183} INFO - Processing /home/pedro/.local/lib/python3.10/site-packages/airflow/example_dags/example_short_circuit_decorator.py took 0.059 seconds
[2024-06-09T12:09:01.507-0300] {processor.py:161} INFO - Started process (PID=12705) to work on /home/pedro/.local/lib/python3.10/site-packages/airflow/example_dags/example_short_circuit_decorator.py
[2024-06-09T12:09:01.511-0300] {processor.py:830} INFO - Processing file /home/pedro/.local/lib/python3.10/site-packages/airflow/example_dags/example_short_circuit_decorator.py for tasks to queue
[2024-06-09T12:09:01.513-0300] {logging_mixin.py:188} INFO - [2024-06-09T12:09:01.512-0300] {dagbag.py:545} INFO - Filling up the DagBag from /home/pedro/.local/lib/python3.10/site-packages/airflow/example_dags/example_short_circuit_decorator.py
[2024-06-09T12:09:01.522-0300] {processor.py:840} INFO - DAG(s) 'example_short_circuit_decorator' retrieved from /home/pedro/.local/lib/python3.10/site-packages/airflow/example_dags/example_short_circuit_decorator.py
[2024-06-09T12:09:01.531-0300] {logging_mixin.py:188} INFO - [2024-06-09T12:09:01.531-0300] {dag.py:3096} INFO - Sync 1 DAGs
[2024-06-09T12:09:01.541-0300] {logging_mixin.py:188} INFO - [2024-06-09T12:09:01.541-0300] {dag.py:3954} INFO - Setting next_dagrun for example_short_circuit_decorator to 2024-06-08 00:00:00+00:00, run_after=2024-06-09 00:00:00+00:00
[2024-06-09T12:09:01.556-0300] {processor.py:183} INFO - Processing /home/pedro/.local/lib/python3.10/site-packages/airflow/example_dags/example_short_circuit_decorator.py took 0.056 seconds
[2024-06-09T12:09:42.969-0300] {processor.py:161} INFO - Started process (PID=12780) to work on /home/pedro/.local/lib/python3.10/site-packages/airflow/example_dags/example_short_circuit_decorator.py
[2024-06-09T12:09:42.973-0300] {processor.py:830} INFO - Processing file /home/pedro/.local/lib/python3.10/site-packages/airflow/example_dags/example_short_circuit_decorator.py for tasks to queue
[2024-06-09T12:09:42.975-0300] {logging_mixin.py:188} INFO - [2024-06-09T12:09:42.974-0300] {dagbag.py:545} INFO - Filling up the DagBag from /home/pedro/.local/lib/python3.10/site-packages/airflow/example_dags/example_short_circuit_decorator.py
[2024-06-09T12:09:42.984-0300] {processor.py:840} INFO - DAG(s) 'example_short_circuit_decorator' retrieved from /home/pedro/.local/lib/python3.10/site-packages/airflow/example_dags/example_short_circuit_decorator.py
[2024-06-09T12:09:42.995-0300] {logging_mixin.py:188} INFO - [2024-06-09T12:09:42.995-0300] {dag.py:3096} INFO - Sync 1 DAGs
[2024-06-09T12:09:43.006-0300] {logging_mixin.py:188} INFO - [2024-06-09T12:09:43.006-0300] {dag.py:3954} INFO - Setting next_dagrun for example_short_circuit_decorator to 2024-06-08 00:00:00+00:00, run_after=2024-06-09 00:00:00+00:00
[2024-06-09T12:09:43.023-0300] {processor.py:183} INFO - Processing /home/pedro/.local/lib/python3.10/site-packages/airflow/example_dags/example_short_circuit_decorator.py took 0.061 seconds
[2024-06-09T12:10:25.296-0300] {processor.py:161} INFO - Started process (PID=12846) to work on /home/pedro/.local/lib/python3.10/site-packages/airflow/example_dags/example_short_circuit_decorator.py
[2024-06-09T12:10:25.297-0300] {processor.py:830} INFO - Processing file /home/pedro/.local/lib/python3.10/site-packages/airflow/example_dags/example_short_circuit_decorator.py for tasks to queue
[2024-06-09T12:10:25.299-0300] {logging_mixin.py:188} INFO - [2024-06-09T12:10:25.299-0300] {dagbag.py:545} INFO - Filling up the DagBag from /home/pedro/.local/lib/python3.10/site-packages/airflow/example_dags/example_short_circuit_decorator.py
[2024-06-09T12:10:25.306-0300] {processor.py:840} INFO - DAG(s) 'example_short_circuit_decorator' retrieved from /home/pedro/.local/lib/python3.10/site-packages/airflow/example_dags/example_short_circuit_decorator.py
[2024-06-09T12:10:25.316-0300] {logging_mixin.py:188} INFO - [2024-06-09T12:10:25.316-0300] {dag.py:3096} INFO - Sync 1 DAGs
[2024-06-09T12:10:25.327-0300] {logging_mixin.py:188} INFO - [2024-06-09T12:10:25.327-0300] {dag.py:3954} INFO - Setting next_dagrun for example_short_circuit_decorator to 2024-06-08 00:00:00+00:00, run_after=2024-06-09 00:00:00+00:00
[2024-06-09T12:10:25.342-0300] {processor.py:183} INFO - Processing /home/pedro/.local/lib/python3.10/site-packages/airflow/example_dags/example_short_circuit_decorator.py took 0.055 seconds
[2024-06-09T12:11:07.876-0300] {processor.py:161} INFO - Started process (PID=12958) to work on /home/pedro/.local/lib/python3.10/site-packages/airflow/example_dags/example_short_circuit_decorator.py
[2024-06-09T12:11:07.880-0300] {processor.py:830} INFO - Processing file /home/pedro/.local/lib/python3.10/site-packages/airflow/example_dags/example_short_circuit_decorator.py for tasks to queue
[2024-06-09T12:11:07.881-0300] {logging_mixin.py:188} INFO - [2024-06-09T12:11:07.881-0300] {dagbag.py:545} INFO - Filling up the DagBag from /home/pedro/.local/lib/python3.10/site-packages/airflow/example_dags/example_short_circuit_decorator.py
[2024-06-09T12:11:07.889-0300] {processor.py:840} INFO - DAG(s) 'example_short_circuit_decorator' retrieved from /home/pedro/.local/lib/python3.10/site-packages/airflow/example_dags/example_short_circuit_decorator.py
[2024-06-09T12:11:07.900-0300] {logging_mixin.py:188} INFO - [2024-06-09T12:11:07.900-0300] {dag.py:3096} INFO - Sync 1 DAGs
[2024-06-09T12:11:07.911-0300] {logging_mixin.py:188} INFO - [2024-06-09T12:11:07.911-0300] {dag.py:3954} INFO - Setting next_dagrun for example_short_circuit_decorator to 2024-06-08 00:00:00+00:00, run_after=2024-06-09 00:00:00+00:00
[2024-06-09T12:11:07.928-0300] {processor.py:183} INFO - Processing /home/pedro/.local/lib/python3.10/site-packages/airflow/example_dags/example_short_circuit_decorator.py took 0.060 seconds
[2024-06-09T12:11:47.895-0300] {processor.py:161} INFO - Started process (PID=12994) to work on /home/pedro/.local/lib/python3.10/site-packages/airflow/example_dags/example_short_circuit_decorator.py
[2024-06-09T12:11:47.899-0300] {processor.py:830} INFO - Processing file /home/pedro/.local/lib/python3.10/site-packages/airflow/example_dags/example_short_circuit_decorator.py for tasks to queue
[2024-06-09T12:11:47.901-0300] {logging_mixin.py:188} INFO - [2024-06-09T12:11:47.900-0300] {dagbag.py:545} INFO - Filling up the DagBag from /home/pedro/.local/lib/python3.10/site-packages/airflow/example_dags/example_short_circuit_decorator.py
[2024-06-09T12:11:47.910-0300] {processor.py:840} INFO - DAG(s) 'example_short_circuit_decorator' retrieved from /home/pedro/.local/lib/python3.10/site-packages/airflow/example_dags/example_short_circuit_decorator.py
[2024-06-09T12:11:47.926-0300] {logging_mixin.py:188} INFO - [2024-06-09T12:11:47.926-0300] {dag.py:3096} INFO - Sync 1 DAGs
[2024-06-09T12:11:47.936-0300] {logging_mixin.py:188} INFO - [2024-06-09T12:11:47.936-0300] {dag.py:3954} INFO - Setting next_dagrun for example_short_circuit_decorator to 2024-06-08 00:00:00+00:00, run_after=2024-06-09 00:00:00+00:00
[2024-06-09T12:11:47.952-0300] {processor.py:183} INFO - Processing /home/pedro/.local/lib/python3.10/site-packages/airflow/example_dags/example_short_circuit_decorator.py took 0.066 seconds
[2024-06-09T12:12:39.953-0300] {processor.py:161} INFO - Started process (PID=13088) to work on /home/pedro/.local/lib/python3.10/site-packages/airflow/example_dags/example_short_circuit_decorator.py
[2024-06-09T12:12:39.957-0300] {processor.py:830} INFO - Processing file /home/pedro/.local/lib/python3.10/site-packages/airflow/example_dags/example_short_circuit_decorator.py for tasks to queue
[2024-06-09T12:12:39.959-0300] {logging_mixin.py:188} INFO - [2024-06-09T12:12:39.958-0300] {dagbag.py:545} INFO - Filling up the DagBag from /home/pedro/.local/lib/python3.10/site-packages/airflow/example_dags/example_short_circuit_decorator.py
[2024-06-09T12:12:39.967-0300] {processor.py:840} INFO - DAG(s) 'example_short_circuit_decorator' retrieved from /home/pedro/.local/lib/python3.10/site-packages/airflow/example_dags/example_short_circuit_decorator.py
[2024-06-09T12:12:39.979-0300] {logging_mixin.py:188} INFO - [2024-06-09T12:12:39.978-0300] {dag.py:3096} INFO - Sync 1 DAGs
[2024-06-09T12:12:40.051-0300] {logging_mixin.py:188} INFO - [2024-06-09T12:12:40.051-0300] {dag.py:3954} INFO - Setting next_dagrun for example_short_circuit_decorator to 2024-06-08 00:00:00+00:00, run_after=2024-06-09 00:00:00+00:00
[2024-06-09T12:12:40.067-0300] {processor.py:183} INFO - Processing /home/pedro/.local/lib/python3.10/site-packages/airflow/example_dags/example_short_circuit_decorator.py took 0.118 seconds
[2024-06-09T12:13:27.897-0300] {processor.py:161} INFO - Started process (PID=13153) to work on /home/pedro/.local/lib/python3.10/site-packages/airflow/example_dags/example_short_circuit_decorator.py
[2024-06-09T12:13:27.901-0300] {processor.py:830} INFO - Processing file /home/pedro/.local/lib/python3.10/site-packages/airflow/example_dags/example_short_circuit_decorator.py for tasks to queue
[2024-06-09T12:13:27.904-0300] {logging_mixin.py:188} INFO - [2024-06-09T12:13:27.903-0300] {dagbag.py:545} INFO - Filling up the DagBag from /home/pedro/.local/lib/python3.10/site-packages/airflow/example_dags/example_short_circuit_decorator.py
[2024-06-09T12:13:27.912-0300] {processor.py:840} INFO - DAG(s) 'example_short_circuit_decorator' retrieved from /home/pedro/.local/lib/python3.10/site-packages/airflow/example_dags/example_short_circuit_decorator.py
[2024-06-09T12:13:27.923-0300] {logging_mixin.py:188} INFO - [2024-06-09T12:13:27.923-0300] {dag.py:3096} INFO - Sync 1 DAGs
[2024-06-09T12:13:27.935-0300] {logging_mixin.py:188} INFO - [2024-06-09T12:13:27.934-0300] {dag.py:3954} INFO - Setting next_dagrun for example_short_circuit_decorator to 2024-06-08 00:00:00+00:00, run_after=2024-06-09 00:00:00+00:00
[2024-06-09T12:13:27.951-0300] {processor.py:183} INFO - Processing /home/pedro/.local/lib/python3.10/site-packages/airflow/example_dags/example_short_circuit_decorator.py took 0.061 seconds
[2024-06-09T12:14:12.002-0300] {processor.py:161} INFO - Started process (PID=13215) to work on /home/pedro/.local/lib/python3.10/site-packages/airflow/example_dags/example_short_circuit_decorator.py
[2024-06-09T12:14:12.005-0300] {processor.py:830} INFO - Processing file /home/pedro/.local/lib/python3.10/site-packages/airflow/example_dags/example_short_circuit_decorator.py for tasks to queue
[2024-06-09T12:14:12.007-0300] {logging_mixin.py:188} INFO - [2024-06-09T12:14:12.007-0300] {dagbag.py:545} INFO - Filling up the DagBag from /home/pedro/.local/lib/python3.10/site-packages/airflow/example_dags/example_short_circuit_decorator.py
[2024-06-09T12:14:12.016-0300] {processor.py:840} INFO - DAG(s) 'example_short_circuit_decorator' retrieved from /home/pedro/.local/lib/python3.10/site-packages/airflow/example_dags/example_short_circuit_decorator.py
[2024-06-09T12:14:12.026-0300] {logging_mixin.py:188} INFO - [2024-06-09T12:14:12.026-0300] {dag.py:3096} INFO - Sync 1 DAGs
[2024-06-09T12:14:12.038-0300] {logging_mixin.py:188} INFO - [2024-06-09T12:14:12.038-0300] {dag.py:3954} INFO - Setting next_dagrun for example_short_circuit_decorator to 2024-06-08 00:00:00+00:00, run_after=2024-06-09 00:00:00+00:00
[2024-06-09T12:14:12.054-0300] {processor.py:183} INFO - Processing /home/pedro/.local/lib/python3.10/site-packages/airflow/example_dags/example_short_circuit_decorator.py took 0.055 seconds
[2024-06-09T12:15:01.065-0300] {processor.py:161} INFO - Started process (PID=13297) to work on /home/pedro/.local/lib/python3.10/site-packages/airflow/example_dags/example_short_circuit_decorator.py
[2024-06-09T12:15:01.069-0300] {processor.py:830} INFO - Processing file /home/pedro/.local/lib/python3.10/site-packages/airflow/example_dags/example_short_circuit_decorator.py for tasks to queue
[2024-06-09T12:15:01.070-0300] {logging_mixin.py:188} INFO - [2024-06-09T12:15:01.070-0300] {dagbag.py:545} INFO - Filling up the DagBag from /home/pedro/.local/lib/python3.10/site-packages/airflow/example_dags/example_short_circuit_decorator.py
[2024-06-09T12:15:01.079-0300] {processor.py:840} INFO - DAG(s) 'example_short_circuit_decorator' retrieved from /home/pedro/.local/lib/python3.10/site-packages/airflow/example_dags/example_short_circuit_decorator.py
[2024-06-09T12:15:01.092-0300] {logging_mixin.py:188} INFO - [2024-06-09T12:15:01.092-0300] {dag.py:3096} INFO - Sync 1 DAGs
[2024-06-09T12:15:01.102-0300] {logging_mixin.py:188} INFO - [2024-06-09T12:15:01.102-0300] {dag.py:3954} INFO - Setting next_dagrun for example_short_circuit_decorator to 2024-06-08 00:00:00+00:00, run_after=2024-06-09 00:00:00+00:00
[2024-06-09T12:15:01.118-0300] {processor.py:183} INFO - Processing /home/pedro/.local/lib/python3.10/site-packages/airflow/example_dags/example_short_circuit_decorator.py took 0.062 seconds
[2024-06-09T12:19:49.095-0300] {processor.py:161} INFO - Started process (PID=13578) to work on /home/pedro/.local/lib/python3.10/site-packages/airflow/example_dags/example_short_circuit_decorator.py
[2024-06-09T12:19:49.098-0300] {processor.py:830} INFO - Processing file /home/pedro/.local/lib/python3.10/site-packages/airflow/example_dags/example_short_circuit_decorator.py for tasks to queue
[2024-06-09T12:19:49.100-0300] {logging_mixin.py:188} INFO - [2024-06-09T12:19:49.100-0300] {dagbag.py:545} INFO - Filling up the DagBag from /home/pedro/.local/lib/python3.10/site-packages/airflow/example_dags/example_short_circuit_decorator.py
[2024-06-09T12:19:49.110-0300] {processor.py:840} INFO - DAG(s) 'example_short_circuit_decorator' retrieved from /home/pedro/.local/lib/python3.10/site-packages/airflow/example_dags/example_short_circuit_decorator.py
[2024-06-09T12:19:49.125-0300] {logging_mixin.py:188} INFO - [2024-06-09T12:19:49.124-0300] {dag.py:3096} INFO - Sync 1 DAGs
[2024-06-09T12:19:49.134-0300] {logging_mixin.py:188} INFO - [2024-06-09T12:19:49.134-0300] {dag.py:3954} INFO - Setting next_dagrun for example_short_circuit_decorator to 2024-06-08 00:00:00+00:00, run_after=2024-06-09 00:00:00+00:00
[2024-06-09T12:19:49.153-0300] {processor.py:183} INFO - Processing /home/pedro/.local/lib/python3.10/site-packages/airflow/example_dags/example_short_circuit_decorator.py took 0.066 seconds
[2024-06-09T12:20:41.309-0300] {processor.py:161} INFO - Started process (PID=13679) to work on /home/pedro/.local/lib/python3.10/site-packages/airflow/example_dags/example_short_circuit_decorator.py
[2024-06-09T12:20:41.313-0300] {processor.py:830} INFO - Processing file /home/pedro/.local/lib/python3.10/site-packages/airflow/example_dags/example_short_circuit_decorator.py for tasks to queue
[2024-06-09T12:20:41.315-0300] {logging_mixin.py:188} INFO - [2024-06-09T12:20:41.314-0300] {dagbag.py:545} INFO - Filling up the DagBag from /home/pedro/.local/lib/python3.10/site-packages/airflow/example_dags/example_short_circuit_decorator.py
[2024-06-09T12:20:41.322-0300] {processor.py:840} INFO - DAG(s) 'example_short_circuit_decorator' retrieved from /home/pedro/.local/lib/python3.10/site-packages/airflow/example_dags/example_short_circuit_decorator.py
[2024-06-09T12:20:41.333-0300] {logging_mixin.py:188} INFO - [2024-06-09T12:20:41.333-0300] {dag.py:3096} INFO - Sync 1 DAGs
[2024-06-09T12:20:41.404-0300] {logging_mixin.py:188} INFO - [2024-06-09T12:20:41.404-0300] {dag.py:3954} INFO - Setting next_dagrun for example_short_circuit_decorator to 2024-06-08 00:00:00+00:00, run_after=2024-06-09 00:00:00+00:00
[2024-06-09T12:20:41.420-0300] {processor.py:183} INFO - Processing /home/pedro/.local/lib/python3.10/site-packages/airflow/example_dags/example_short_circuit_decorator.py took 0.119 seconds
[2024-06-09T12:21:24.378-0300] {processor.py:161} INFO - Started process (PID=13779) to work on /home/pedro/.local/lib/python3.10/site-packages/airflow/example_dags/example_short_circuit_decorator.py
[2024-06-09T12:21:24.381-0300] {processor.py:830} INFO - Processing file /home/pedro/.local/lib/python3.10/site-packages/airflow/example_dags/example_short_circuit_decorator.py for tasks to queue
[2024-06-09T12:21:24.383-0300] {logging_mixin.py:188} INFO - [2024-06-09T12:21:24.383-0300] {dagbag.py:545} INFO - Filling up the DagBag from /home/pedro/.local/lib/python3.10/site-packages/airflow/example_dags/example_short_circuit_decorator.py
[2024-06-09T12:21:24.393-0300] {processor.py:840} INFO - DAG(s) 'example_short_circuit_decorator' retrieved from /home/pedro/.local/lib/python3.10/site-packages/airflow/example_dags/example_short_circuit_decorator.py
[2024-06-09T12:21:24.403-0300] {logging_mixin.py:188} INFO - [2024-06-09T12:21:24.403-0300] {dag.py:3096} INFO - Sync 1 DAGs
[2024-06-09T12:21:24.413-0300] {logging_mixin.py:188} INFO - [2024-06-09T12:21:24.412-0300] {dag.py:3954} INFO - Setting next_dagrun for example_short_circuit_decorator to 2024-06-08 00:00:00+00:00, run_after=2024-06-09 00:00:00+00:00
[2024-06-09T12:21:24.428-0300] {processor.py:183} INFO - Processing /home/pedro/.local/lib/python3.10/site-packages/airflow/example_dags/example_short_circuit_decorator.py took 0.055 seconds
[2024-06-09T12:22:03.125-0300] {processor.py:161} INFO - Started process (PID=13856) to work on /home/pedro/.local/lib/python3.10/site-packages/airflow/example_dags/example_short_circuit_decorator.py
[2024-06-09T12:22:03.128-0300] {processor.py:830} INFO - Processing file /home/pedro/.local/lib/python3.10/site-packages/airflow/example_dags/example_short_circuit_decorator.py for tasks to queue
[2024-06-09T12:22:03.130-0300] {logging_mixin.py:188} INFO - [2024-06-09T12:22:03.130-0300] {dagbag.py:545} INFO - Filling up the DagBag from /home/pedro/.local/lib/python3.10/site-packages/airflow/example_dags/example_short_circuit_decorator.py
[2024-06-09T12:22:03.139-0300] {processor.py:840} INFO - DAG(s) 'example_short_circuit_decorator' retrieved from /home/pedro/.local/lib/python3.10/site-packages/airflow/example_dags/example_short_circuit_decorator.py
[2024-06-09T12:22:03.148-0300] {logging_mixin.py:188} INFO - [2024-06-09T12:22:03.148-0300] {dag.py:3096} INFO - Sync 1 DAGs
[2024-06-09T12:22:03.157-0300] {logging_mixin.py:188} INFO - [2024-06-09T12:22:03.157-0300] {dag.py:3954} INFO - Setting next_dagrun for example_short_circuit_decorator to 2024-06-08 00:00:00+00:00, run_after=2024-06-09 00:00:00+00:00
[2024-06-09T12:22:03.174-0300] {processor.py:183} INFO - Processing /home/pedro/.local/lib/python3.10/site-packages/airflow/example_dags/example_short_circuit_decorator.py took 0.059 seconds
[2024-06-09T12:22:44.379-0300] {processor.py:161} INFO - Started process (PID=13950) to work on /home/pedro/.local/lib/python3.10/site-packages/airflow/example_dags/example_short_circuit_decorator.py
[2024-06-09T12:22:44.380-0300] {processor.py:830} INFO - Processing file /home/pedro/.local/lib/python3.10/site-packages/airflow/example_dags/example_short_circuit_decorator.py for tasks to queue
[2024-06-09T12:22:44.381-0300] {logging_mixin.py:188} INFO - [2024-06-09T12:22:44.381-0300] {dagbag.py:545} INFO - Filling up the DagBag from /home/pedro/.local/lib/python3.10/site-packages/airflow/example_dags/example_short_circuit_decorator.py
[2024-06-09T12:22:44.388-0300] {processor.py:840} INFO - DAG(s) 'example_short_circuit_decorator' retrieved from /home/pedro/.local/lib/python3.10/site-packages/airflow/example_dags/example_short_circuit_decorator.py
[2024-06-09T12:22:44.398-0300] {logging_mixin.py:188} INFO - [2024-06-09T12:22:44.398-0300] {dag.py:3096} INFO - Sync 1 DAGs
[2024-06-09T12:22:44.407-0300] {logging_mixin.py:188} INFO - [2024-06-09T12:22:44.407-0300] {dag.py:3954} INFO - Setting next_dagrun for example_short_circuit_decorator to 2024-06-08 00:00:00+00:00, run_after=2024-06-09 00:00:00+00:00
[2024-06-09T12:22:44.422-0300] {processor.py:183} INFO - Processing /home/pedro/.local/lib/python3.10/site-packages/airflow/example_dags/example_short_circuit_decorator.py took 0.048 seconds
[2024-06-09T12:23:28.308-0300] {processor.py:161} INFO - Started process (PID=14022) to work on /home/pedro/.local/lib/python3.10/site-packages/airflow/example_dags/example_short_circuit_decorator.py
[2024-06-09T12:23:28.311-0300] {processor.py:830} INFO - Processing file /home/pedro/.local/lib/python3.10/site-packages/airflow/example_dags/example_short_circuit_decorator.py for tasks to queue
[2024-06-09T12:23:28.313-0300] {logging_mixin.py:188} INFO - [2024-06-09T12:23:28.312-0300] {dagbag.py:545} INFO - Filling up the DagBag from /home/pedro/.local/lib/python3.10/site-packages/airflow/example_dags/example_short_circuit_decorator.py
[2024-06-09T12:23:28.319-0300] {processor.py:840} INFO - DAG(s) 'example_short_circuit_decorator' retrieved from /home/pedro/.local/lib/python3.10/site-packages/airflow/example_dags/example_short_circuit_decorator.py
[2024-06-09T12:23:28.329-0300] {logging_mixin.py:188} INFO - [2024-06-09T12:23:28.329-0300] {dag.py:3096} INFO - Sync 1 DAGs
[2024-06-09T12:23:28.339-0300] {logging_mixin.py:188} INFO - [2024-06-09T12:23:28.339-0300] {dag.py:3954} INFO - Setting next_dagrun for example_short_circuit_decorator to 2024-06-08 00:00:00+00:00, run_after=2024-06-09 00:00:00+00:00
[2024-06-09T12:23:28.355-0300] {processor.py:183} INFO - Processing /home/pedro/.local/lib/python3.10/site-packages/airflow/example_dags/example_short_circuit_decorator.py took 0.052 seconds
[2024-06-09T16:26:06.614-0300] {processor.py:161} INFO - Started process (PID=4785) to work on /home/pedro/.local/lib/python3.10/site-packages/airflow/example_dags/example_short_circuit_decorator.py
[2024-06-09T16:26:06.615-0300] {processor.py:830} INFO - Processing file /home/pedro/.local/lib/python3.10/site-packages/airflow/example_dags/example_short_circuit_decorator.py for tasks to queue
[2024-06-09T16:26:06.615-0300] {logging_mixin.py:188} INFO - [2024-06-09T16:26:06.615-0300] {dagbag.py:545} INFO - Filling up the DagBag from /home/pedro/.local/lib/python3.10/site-packages/airflow/example_dags/example_short_circuit_decorator.py
[2024-06-09T16:26:06.623-0300] {processor.py:840} INFO - DAG(s) 'example_short_circuit_decorator' retrieved from /home/pedro/.local/lib/python3.10/site-packages/airflow/example_dags/example_short_circuit_decorator.py
[2024-06-09T16:26:06.638-0300] {logging_mixin.py:188} INFO - [2024-06-09T16:26:06.638-0300] {dag.py:3096} INFO - Sync 1 DAGs
[2024-06-09T16:26:06.648-0300] {logging_mixin.py:188} INFO - [2024-06-09T16:26:06.648-0300] {dag.py:3954} INFO - Setting next_dagrun for example_short_circuit_decorator to 2024-06-08 00:00:00+00:00, run_after=2024-06-09 00:00:00+00:00
[2024-06-09T16:26:06.665-0300] {processor.py:183} INFO - Processing /home/pedro/.local/lib/python3.10/site-packages/airflow/example_dags/example_short_circuit_decorator.py took 0.055 seconds
[2024-06-09T16:28:00.540-0300] {processor.py:161} INFO - Started process (PID=5380) to work on /home/pedro/.local/lib/python3.10/site-packages/airflow/example_dags/example_short_circuit_decorator.py
[2024-06-09T16:28:00.543-0300] {processor.py:830} INFO - Processing file /home/pedro/.local/lib/python3.10/site-packages/airflow/example_dags/example_short_circuit_decorator.py for tasks to queue
[2024-06-09T16:28:00.544-0300] {logging_mixin.py:188} INFO - [2024-06-09T16:28:00.544-0300] {dagbag.py:545} INFO - Filling up the DagBag from /home/pedro/.local/lib/python3.10/site-packages/airflow/example_dags/example_short_circuit_decorator.py
[2024-06-09T16:28:00.551-0300] {processor.py:840} INFO - DAG(s) 'example_short_circuit_decorator' retrieved from /home/pedro/.local/lib/python3.10/site-packages/airflow/example_dags/example_short_circuit_decorator.py
[2024-06-09T16:28:00.561-0300] {logging_mixin.py:188} INFO - [2024-06-09T16:28:00.561-0300] {dag.py:3096} INFO - Sync 1 DAGs
[2024-06-09T16:28:00.624-0300] {logging_mixin.py:188} INFO - [2024-06-09T16:28:00.624-0300] {dag.py:3954} INFO - Setting next_dagrun for example_short_circuit_decorator to 2024-06-08 00:00:00+00:00, run_after=2024-06-09 00:00:00+00:00
[2024-06-09T16:28:00.639-0300] {processor.py:183} INFO - Processing /home/pedro/.local/lib/python3.10/site-packages/airflow/example_dags/example_short_circuit_decorator.py took 0.102 seconds
[2024-06-09T16:30:14.004-0300] {processor.py:161} INFO - Started process (PID=7082) to work on /home/pedro/.local/lib/python3.10/site-packages/airflow/example_dags/example_short_circuit_decorator.py
[2024-06-09T16:30:14.007-0300] {processor.py:830} INFO - Processing file /home/pedro/.local/lib/python3.10/site-packages/airflow/example_dags/example_short_circuit_decorator.py for tasks to queue
[2024-06-09T16:30:14.008-0300] {logging_mixin.py:188} INFO - [2024-06-09T16:30:14.008-0300] {dagbag.py:545} INFO - Filling up the DagBag from /home/pedro/.local/lib/python3.10/site-packages/airflow/example_dags/example_short_circuit_decorator.py
[2024-06-09T16:30:14.016-0300] {processor.py:840} INFO - DAG(s) 'example_short_circuit_decorator' retrieved from /home/pedro/.local/lib/python3.10/site-packages/airflow/example_dags/example_short_circuit_decorator.py
[2024-06-09T16:30:14.027-0300] {logging_mixin.py:188} INFO - [2024-06-09T16:30:14.027-0300] {dag.py:3096} INFO - Sync 1 DAGs
[2024-06-09T16:30:14.038-0300] {logging_mixin.py:188} INFO - [2024-06-09T16:30:14.038-0300] {dag.py:3954} INFO - Setting next_dagrun for example_short_circuit_decorator to 2024-06-08 00:00:00+00:00, run_after=2024-06-09 00:00:00+00:00
[2024-06-09T16:30:14.057-0300] {processor.py:183} INFO - Processing /home/pedro/.local/lib/python3.10/site-packages/airflow/example_dags/example_short_circuit_decorator.py took 0.059 seconds
[2024-06-09T16:32:22.329-0300] {processor.py:161} INFO - Started process (PID=8047) to work on /home/pedro/.local/lib/python3.10/site-packages/airflow/example_dags/example_short_circuit_decorator.py
[2024-06-09T16:32:22.330-0300] {processor.py:830} INFO - Processing file /home/pedro/.local/lib/python3.10/site-packages/airflow/example_dags/example_short_circuit_decorator.py for tasks to queue
[2024-06-09T16:32:22.331-0300] {logging_mixin.py:188} INFO - [2024-06-09T16:32:22.331-0300] {dagbag.py:545} INFO - Filling up the DagBag from /home/pedro/.local/lib/python3.10/site-packages/airflow/example_dags/example_short_circuit_decorator.py
[2024-06-09T16:32:22.337-0300] {processor.py:840} INFO - DAG(s) 'example_short_circuit_decorator' retrieved from /home/pedro/.local/lib/python3.10/site-packages/airflow/example_dags/example_short_circuit_decorator.py
[2024-06-09T16:32:22.347-0300] {logging_mixin.py:188} INFO - [2024-06-09T16:32:22.346-0300] {dag.py:3096} INFO - Sync 1 DAGs
[2024-06-09T16:32:22.356-0300] {logging_mixin.py:188} INFO - [2024-06-09T16:32:22.356-0300] {dag.py:3954} INFO - Setting next_dagrun for example_short_circuit_decorator to 2024-06-08 00:00:00+00:00, run_after=2024-06-09 00:00:00+00:00
[2024-06-09T16:32:22.369-0300] {processor.py:183} INFO - Processing /home/pedro/.local/lib/python3.10/site-packages/airflow/example_dags/example_short_circuit_decorator.py took 0.043 seconds
[2024-06-09T16:34:25.784-0300] {processor.py:161} INFO - Started process (PID=8706) to work on /home/pedro/.local/lib/python3.10/site-packages/airflow/example_dags/example_short_circuit_decorator.py
[2024-06-09T16:34:25.784-0300] {processor.py:830} INFO - Processing file /home/pedro/.local/lib/python3.10/site-packages/airflow/example_dags/example_short_circuit_decorator.py for tasks to queue
[2024-06-09T16:34:25.785-0300] {logging_mixin.py:188} INFO - [2024-06-09T16:34:25.785-0300] {dagbag.py:545} INFO - Filling up the DagBag from /home/pedro/.local/lib/python3.10/site-packages/airflow/example_dags/example_short_circuit_decorator.py
[2024-06-09T16:34:25.792-0300] {processor.py:840} INFO - DAG(s) 'example_short_circuit_decorator' retrieved from /home/pedro/.local/lib/python3.10/site-packages/airflow/example_dags/example_short_circuit_decorator.py
[2024-06-09T16:34:25.802-0300] {logging_mixin.py:188} INFO - [2024-06-09T16:34:25.802-0300] {dag.py:3096} INFO - Sync 1 DAGs
[2024-06-09T16:34:25.812-0300] {logging_mixin.py:188} INFO - [2024-06-09T16:34:25.812-0300] {dag.py:3954} INFO - Setting next_dagrun for example_short_circuit_decorator to 2024-06-08 00:00:00+00:00, run_after=2024-06-09 00:00:00+00:00
[2024-06-09T16:34:25.827-0300] {processor.py:183} INFO - Processing /home/pedro/.local/lib/python3.10/site-packages/airflow/example_dags/example_short_circuit_decorator.py took 0.047 seconds
[2024-06-09T16:36:23.326-0300] {processor.py:161} INFO - Started process (PID=9371) to work on /home/pedro/.local/lib/python3.10/site-packages/airflow/example_dags/example_short_circuit_decorator.py
[2024-06-09T16:36:23.330-0300] {processor.py:830} INFO - Processing file /home/pedro/.local/lib/python3.10/site-packages/airflow/example_dags/example_short_circuit_decorator.py for tasks to queue
[2024-06-09T16:36:23.331-0300] {logging_mixin.py:188} INFO - [2024-06-09T16:36:23.330-0300] {dagbag.py:545} INFO - Filling up the DagBag from /home/pedro/.local/lib/python3.10/site-packages/airflow/example_dags/example_short_circuit_decorator.py
[2024-06-09T16:36:23.337-0300] {processor.py:840} INFO - DAG(s) 'example_short_circuit_decorator' retrieved from /home/pedro/.local/lib/python3.10/site-packages/airflow/example_dags/example_short_circuit_decorator.py
[2024-06-09T16:36:23.347-0300] {logging_mixin.py:188} INFO - [2024-06-09T16:36:23.347-0300] {dag.py:3096} INFO - Sync 1 DAGs
[2024-06-09T16:36:23.358-0300] {logging_mixin.py:188} INFO - [2024-06-09T16:36:23.358-0300] {dag.py:3954} INFO - Setting next_dagrun for example_short_circuit_decorator to 2024-06-08 00:00:00+00:00, run_after=2024-06-09 00:00:00+00:00
[2024-06-09T16:36:23.375-0300] {processor.py:183} INFO - Processing /home/pedro/.local/lib/python3.10/site-packages/airflow/example_dags/example_short_circuit_decorator.py took 0.051 seconds
[2024-06-09T16:38:18.821-0300] {processor.py:161} INFO - Started process (PID=10100) to work on /home/pedro/.local/lib/python3.10/site-packages/airflow/example_dags/example_short_circuit_decorator.py
[2024-06-09T16:38:18.822-0300] {processor.py:830} INFO - Processing file /home/pedro/.local/lib/python3.10/site-packages/airflow/example_dags/example_short_circuit_decorator.py for tasks to queue
[2024-06-09T16:38:18.823-0300] {logging_mixin.py:188} INFO - [2024-06-09T16:38:18.823-0300] {dagbag.py:545} INFO - Filling up the DagBag from /home/pedro/.local/lib/python3.10/site-packages/airflow/example_dags/example_short_circuit_decorator.py
[2024-06-09T16:38:18.829-0300] {processor.py:840} INFO - DAG(s) 'example_short_circuit_decorator' retrieved from /home/pedro/.local/lib/python3.10/site-packages/airflow/example_dags/example_short_circuit_decorator.py
[2024-06-09T16:38:18.839-0300] {logging_mixin.py:188} INFO - [2024-06-09T16:38:18.839-0300] {dag.py:3096} INFO - Sync 1 DAGs
[2024-06-09T16:38:18.850-0300] {logging_mixin.py:188} INFO - [2024-06-09T16:38:18.850-0300] {dag.py:3954} INFO - Setting next_dagrun for example_short_circuit_decorator to 2024-06-08 00:00:00+00:00, run_after=2024-06-09 00:00:00+00:00
[2024-06-09T16:38:18.865-0300] {processor.py:183} INFO - Processing /home/pedro/.local/lib/python3.10/site-packages/airflow/example_dags/example_short_circuit_decorator.py took 0.050 seconds
[2024-06-09T16:40:17.011-0300] {processor.py:161} INFO - Started process (PID=10794) to work on /home/pedro/.local/lib/python3.10/site-packages/airflow/example_dags/example_short_circuit_decorator.py
[2024-06-09T16:40:17.012-0300] {processor.py:830} INFO - Processing file /home/pedro/.local/lib/python3.10/site-packages/airflow/example_dags/example_short_circuit_decorator.py for tasks to queue
[2024-06-09T16:40:17.014-0300] {logging_mixin.py:188} INFO - [2024-06-09T16:40:17.014-0300] {dagbag.py:545} INFO - Filling up the DagBag from /home/pedro/.local/lib/python3.10/site-packages/airflow/example_dags/example_short_circuit_decorator.py
[2024-06-09T16:40:17.021-0300] {processor.py:840} INFO - DAG(s) 'example_short_circuit_decorator' retrieved from /home/pedro/.local/lib/python3.10/site-packages/airflow/example_dags/example_short_circuit_decorator.py
[2024-06-09T16:40:17.031-0300] {logging_mixin.py:188} INFO - [2024-06-09T16:40:17.031-0300] {dag.py:3096} INFO - Sync 1 DAGs
[2024-06-09T16:40:17.041-0300] {logging_mixin.py:188} INFO - [2024-06-09T16:40:17.040-0300] {dag.py:3954} INFO - Setting next_dagrun for example_short_circuit_decorator to 2024-06-08 00:00:00+00:00, run_after=2024-06-09 00:00:00+00:00
[2024-06-09T16:40:17.054-0300] {processor.py:183} INFO - Processing /home/pedro/.local/lib/python3.10/site-packages/airflow/example_dags/example_short_circuit_decorator.py took 0.051 seconds
[2024-06-09T16:42:16.019-0300] {processor.py:161} INFO - Started process (PID=11529) to work on /home/pedro/.local/lib/python3.10/site-packages/airflow/example_dags/example_short_circuit_decorator.py
[2024-06-09T16:42:16.022-0300] {processor.py:830} INFO - Processing file /home/pedro/.local/lib/python3.10/site-packages/airflow/example_dags/example_short_circuit_decorator.py for tasks to queue
[2024-06-09T16:42:16.023-0300] {logging_mixin.py:188} INFO - [2024-06-09T16:42:16.023-0300] {dagbag.py:545} INFO - Filling up the DagBag from /home/pedro/.local/lib/python3.10/site-packages/airflow/example_dags/example_short_circuit_decorator.py
[2024-06-09T16:42:16.030-0300] {processor.py:840} INFO - DAG(s) 'example_short_circuit_decorator' retrieved from /home/pedro/.local/lib/python3.10/site-packages/airflow/example_dags/example_short_circuit_decorator.py
[2024-06-09T16:42:16.040-0300] {logging_mixin.py:188} INFO - [2024-06-09T16:42:16.040-0300] {dag.py:3096} INFO - Sync 1 DAGs
[2024-06-09T16:42:16.050-0300] {logging_mixin.py:188} INFO - [2024-06-09T16:42:16.050-0300] {dag.py:3954} INFO - Setting next_dagrun for example_short_circuit_decorator to 2024-06-08 00:00:00+00:00, run_after=2024-06-09 00:00:00+00:00
[2024-06-09T16:42:16.067-0300] {processor.py:183} INFO - Processing /home/pedro/.local/lib/python3.10/site-packages/airflow/example_dags/example_short_circuit_decorator.py took 0.051 seconds
[2024-06-09T16:44:17.286-0300] {processor.py:161} INFO - Started process (PID=12197) to work on /home/pedro/.local/lib/python3.10/site-packages/airflow/example_dags/example_short_circuit_decorator.py
[2024-06-09T16:44:17.287-0300] {processor.py:830} INFO - Processing file /home/pedro/.local/lib/python3.10/site-packages/airflow/example_dags/example_short_circuit_decorator.py for tasks to queue
[2024-06-09T16:44:17.289-0300] {logging_mixin.py:188} INFO - [2024-06-09T16:44:17.289-0300] {dagbag.py:545} INFO - Filling up the DagBag from /home/pedro/.local/lib/python3.10/site-packages/airflow/example_dags/example_short_circuit_decorator.py
[2024-06-09T16:44:17.295-0300] {processor.py:840} INFO - DAG(s) 'example_short_circuit_decorator' retrieved from /home/pedro/.local/lib/python3.10/site-packages/airflow/example_dags/example_short_circuit_decorator.py
[2024-06-09T16:44:17.305-0300] {logging_mixin.py:188} INFO - [2024-06-09T16:44:17.305-0300] {dag.py:3096} INFO - Sync 1 DAGs
[2024-06-09T16:44:17.316-0300] {logging_mixin.py:188} INFO - [2024-06-09T16:44:17.316-0300] {dag.py:3954} INFO - Setting next_dagrun for example_short_circuit_decorator to 2024-06-08 00:00:00+00:00, run_after=2024-06-09 00:00:00+00:00
[2024-06-09T16:44:17.331-0300] {processor.py:183} INFO - Processing /home/pedro/.local/lib/python3.10/site-packages/airflow/example_dags/example_short_circuit_decorator.py took 0.048 seconds
[2024-06-09T16:46:28.784-0300] {processor.py:161} INFO - Started process (PID=12948) to work on /home/pedro/.local/lib/python3.10/site-packages/airflow/example_dags/example_short_circuit_decorator.py
[2024-06-09T16:46:28.784-0300] {processor.py:830} INFO - Processing file /home/pedro/.local/lib/python3.10/site-packages/airflow/example_dags/example_short_circuit_decorator.py for tasks to queue
[2024-06-09T16:46:28.785-0300] {logging_mixin.py:188} INFO - [2024-06-09T16:46:28.785-0300] {dagbag.py:545} INFO - Filling up the DagBag from /home/pedro/.local/lib/python3.10/site-packages/airflow/example_dags/example_short_circuit_decorator.py
[2024-06-09T16:46:28.791-0300] {processor.py:840} INFO - DAG(s) 'example_short_circuit_decorator' retrieved from /home/pedro/.local/lib/python3.10/site-packages/airflow/example_dags/example_short_circuit_decorator.py
[2024-06-09T16:46:28.801-0300] {logging_mixin.py:188} INFO - [2024-06-09T16:46:28.800-0300] {dag.py:3096} INFO - Sync 1 DAGs
[2024-06-09T16:46:28.810-0300] {logging_mixin.py:188} INFO - [2024-06-09T16:46:28.810-0300] {dag.py:3954} INFO - Setting next_dagrun for example_short_circuit_decorator to 2024-06-08 00:00:00+00:00, run_after=2024-06-09 00:00:00+00:00
[2024-06-09T16:46:28.825-0300] {processor.py:183} INFO - Processing /home/pedro/.local/lib/python3.10/site-packages/airflow/example_dags/example_short_circuit_decorator.py took 0.044 seconds
[2024-06-09T16:48:32.223-0300] {processor.py:161} INFO - Started process (PID=13649) to work on /home/pedro/.local/lib/python3.10/site-packages/airflow/example_dags/example_short_circuit_decorator.py
[2024-06-09T16:48:32.224-0300] {processor.py:830} INFO - Processing file /home/pedro/.local/lib/python3.10/site-packages/airflow/example_dags/example_short_circuit_decorator.py for tasks to queue
[2024-06-09T16:48:32.225-0300] {logging_mixin.py:188} INFO - [2024-06-09T16:48:32.225-0300] {dagbag.py:545} INFO - Filling up the DagBag from /home/pedro/.local/lib/python3.10/site-packages/airflow/example_dags/example_short_circuit_decorator.py
[2024-06-09T16:48:32.231-0300] {processor.py:840} INFO - DAG(s) 'example_short_circuit_decorator' retrieved from /home/pedro/.local/lib/python3.10/site-packages/airflow/example_dags/example_short_circuit_decorator.py
[2024-06-09T16:48:32.241-0300] {logging_mixin.py:188} INFO - [2024-06-09T16:48:32.241-0300] {dag.py:3096} INFO - Sync 1 DAGs
[2024-06-09T16:48:32.251-0300] {logging_mixin.py:188} INFO - [2024-06-09T16:48:32.251-0300] {dag.py:3954} INFO - Setting next_dagrun for example_short_circuit_decorator to 2024-06-08 00:00:00+00:00, run_after=2024-06-09 00:00:00+00:00
[2024-06-09T16:48:32.266-0300] {processor.py:183} INFO - Processing /home/pedro/.local/lib/python3.10/site-packages/airflow/example_dags/example_short_circuit_decorator.py took 0.047 seconds
[2024-06-09T16:50:31.197-0300] {processor.py:161} INFO - Started process (PID=14443) to work on /home/pedro/.local/lib/python3.10/site-packages/airflow/example_dags/example_short_circuit_decorator.py
[2024-06-09T16:50:31.200-0300] {processor.py:830} INFO - Processing file /home/pedro/.local/lib/python3.10/site-packages/airflow/example_dags/example_short_circuit_decorator.py for tasks to queue
[2024-06-09T16:50:31.202-0300] {logging_mixin.py:188} INFO - [2024-06-09T16:50:31.201-0300] {dagbag.py:545} INFO - Filling up the DagBag from /home/pedro/.local/lib/python3.10/site-packages/airflow/example_dags/example_short_circuit_decorator.py
[2024-06-09T16:50:31.209-0300] {processor.py:840} INFO - DAG(s) 'example_short_circuit_decorator' retrieved from /home/pedro/.local/lib/python3.10/site-packages/airflow/example_dags/example_short_circuit_decorator.py
[2024-06-09T16:50:31.220-0300] {logging_mixin.py:188} INFO - [2024-06-09T16:50:31.220-0300] {dag.py:3096} INFO - Sync 1 DAGs
[2024-06-09T16:50:31.230-0300] {logging_mixin.py:188} INFO - [2024-06-09T16:50:31.230-0300] {dag.py:3954} INFO - Setting next_dagrun for example_short_circuit_decorator to 2024-06-08 00:00:00+00:00, run_after=2024-06-09 00:00:00+00:00
[2024-06-09T16:50:31.245-0300] {processor.py:183} INFO - Processing /home/pedro/.local/lib/python3.10/site-packages/airflow/example_dags/example_short_circuit_decorator.py took 0.051 seconds
[2024-06-09T16:52:33.156-0300] {processor.py:161} INFO - Started process (PID=15133) to work on /home/pedro/.local/lib/python3.10/site-packages/airflow/example_dags/example_short_circuit_decorator.py
[2024-06-09T16:52:33.159-0300] {processor.py:830} INFO - Processing file /home/pedro/.local/lib/python3.10/site-packages/airflow/example_dags/example_short_circuit_decorator.py for tasks to queue
[2024-06-09T16:52:33.161-0300] {logging_mixin.py:188} INFO - [2024-06-09T16:52:33.160-0300] {dagbag.py:545} INFO - Filling up the DagBag from /home/pedro/.local/lib/python3.10/site-packages/airflow/example_dags/example_short_circuit_decorator.py
[2024-06-09T16:52:33.166-0300] {processor.py:840} INFO - DAG(s) 'example_short_circuit_decorator' retrieved from /home/pedro/.local/lib/python3.10/site-packages/airflow/example_dags/example_short_circuit_decorator.py
[2024-06-09T16:52:33.176-0300] {logging_mixin.py:188} INFO - [2024-06-09T16:52:33.175-0300] {dag.py:3096} INFO - Sync 1 DAGs
[2024-06-09T16:52:33.186-0300] {logging_mixin.py:188} INFO - [2024-06-09T16:52:33.186-0300] {dag.py:3954} INFO - Setting next_dagrun for example_short_circuit_decorator to 2024-06-08 00:00:00+00:00, run_after=2024-06-09 00:00:00+00:00
[2024-06-09T16:52:33.200-0300] {processor.py:183} INFO - Processing /home/pedro/.local/lib/python3.10/site-packages/airflow/example_dags/example_short_circuit_decorator.py took 0.048 seconds
[2024-06-09T16:54:42.840-0300] {processor.py:161} INFO - Started process (PID=15864) to work on /home/pedro/.local/lib/python3.10/site-packages/airflow/example_dags/example_short_circuit_decorator.py
[2024-06-09T16:54:42.842-0300] {processor.py:830} INFO - Processing file /home/pedro/.local/lib/python3.10/site-packages/airflow/example_dags/example_short_circuit_decorator.py for tasks to queue
[2024-06-09T16:54:42.844-0300] {logging_mixin.py:188} INFO - [2024-06-09T16:54:42.843-0300] {dagbag.py:545} INFO - Filling up the DagBag from /home/pedro/.local/lib/python3.10/site-packages/airflow/example_dags/example_short_circuit_decorator.py
[2024-06-09T16:54:42.851-0300] {processor.py:840} INFO - DAG(s) 'example_short_circuit_decorator' retrieved from /home/pedro/.local/lib/python3.10/site-packages/airflow/example_dags/example_short_circuit_decorator.py
[2024-06-09T16:54:42.861-0300] {logging_mixin.py:188} INFO - [2024-06-09T16:54:42.861-0300] {dag.py:3096} INFO - Sync 1 DAGs
[2024-06-09T16:54:42.871-0300] {logging_mixin.py:188} INFO - [2024-06-09T16:54:42.871-0300] {dag.py:3954} INFO - Setting next_dagrun for example_short_circuit_decorator to 2024-06-08 00:00:00+00:00, run_after=2024-06-09 00:00:00+00:00
[2024-06-09T16:54:42.885-0300] {processor.py:183} INFO - Processing /home/pedro/.local/lib/python3.10/site-packages/airflow/example_dags/example_short_circuit_decorator.py took 0.048 seconds
[2024-06-09T16:56:48.258-0300] {processor.py:161} INFO - Started process (PID=16579) to work on /home/pedro/.local/lib/python3.10/site-packages/airflow/example_dags/example_short_circuit_decorator.py
[2024-06-09T16:56:48.261-0300] {processor.py:830} INFO - Processing file /home/pedro/.local/lib/python3.10/site-packages/airflow/example_dags/example_short_circuit_decorator.py for tasks to queue
[2024-06-09T16:56:48.263-0300] {logging_mixin.py:188} INFO - [2024-06-09T16:56:48.262-0300] {dagbag.py:545} INFO - Filling up the DagBag from /home/pedro/.local/lib/python3.10/site-packages/airflow/example_dags/example_short_circuit_decorator.py
[2024-06-09T16:56:48.270-0300] {processor.py:840} INFO - DAG(s) 'example_short_circuit_decorator' retrieved from /home/pedro/.local/lib/python3.10/site-packages/airflow/example_dags/example_short_circuit_decorator.py
[2024-06-09T16:56:48.281-0300] {logging_mixin.py:188} INFO - [2024-06-09T16:56:48.280-0300] {dag.py:3096} INFO - Sync 1 DAGs
[2024-06-09T16:56:48.291-0300] {logging_mixin.py:188} INFO - [2024-06-09T16:56:48.291-0300] {dag.py:3954} INFO - Setting next_dagrun for example_short_circuit_decorator to 2024-06-08 00:00:00+00:00, run_after=2024-06-09 00:00:00+00:00
[2024-06-09T16:56:48.307-0300] {processor.py:183} INFO - Processing /home/pedro/.local/lib/python3.10/site-packages/airflow/example_dags/example_short_circuit_decorator.py took 0.053 seconds
