[2024-06-09T11:45:46.850-0300] {processor.py:161} INFO - Started process (PID=6070) to work on /home/pedro/.local/lib/python3.10/site-packages/airflow/example_dags/example_complex.py
[2024-06-09T11:45:46.851-0300] {processor.py:830} INFO - Processing file /home/pedro/.local/lib/python3.10/site-packages/airflow/example_dags/example_complex.py for tasks to queue
[2024-06-09T11:45:46.853-0300] {logging_mixin.py:188} INFO - [2024-06-09T11:45:46.853-0300] {dagbag.py:545} INFO - Filling up the DagBag from /home/pedro/.local/lib/python3.10/site-packages/airflow/example_dags/example_complex.py
[2024-06-09T11:45:46.861-0300] {processor.py:840} INFO - DAG(s) 'example_complex' retrieved from /home/pedro/.local/lib/python3.10/site-packages/airflow/example_dags/example_complex.py
[2024-06-09T11:45:46.877-0300] {logging_mixin.py:188} INFO - [2024-06-09T11:45:46.877-0300] {dag.py:3096} INFO - Sync 1 DAGs
[2024-06-09T11:45:46.883-0300] {logging_mixin.py:188} INFO - [2024-06-09T11:45:46.883-0300] {dag.py:3954} INFO - Setting next_dagrun for example_complex to None, run_after=None
[2024-06-09T11:45:46.897-0300] {processor.py:183} INFO - Processing /home/pedro/.local/lib/python3.10/site-packages/airflow/example_dags/example_complex.py took 0.055 seconds
[2024-06-09T11:46:40.436-0300] {processor.py:161} INFO - Started process (PID=7297) to work on /home/pedro/.local/lib/python3.10/site-packages/airflow/example_dags/example_complex.py
[2024-06-09T11:46:40.437-0300] {processor.py:830} INFO - Processing file /home/pedro/.local/lib/python3.10/site-packages/airflow/example_dags/example_complex.py for tasks to queue
[2024-06-09T11:46:40.438-0300] {logging_mixin.py:188} INFO - [2024-06-09T11:46:40.438-0300] {dagbag.py:545} INFO - Filling up the DagBag from /home/pedro/.local/lib/python3.10/site-packages/airflow/example_dags/example_complex.py
[2024-06-09T11:46:40.446-0300] {processor.py:840} INFO - DAG(s) 'example_complex' retrieved from /home/pedro/.local/lib/python3.10/site-packages/airflow/example_dags/example_complex.py
[2024-06-09T11:46:40.460-0300] {logging_mixin.py:188} INFO - [2024-06-09T11:46:40.460-0300] {dag.py:3096} INFO - Sync 1 DAGs
[2024-06-09T11:46:40.466-0300] {logging_mixin.py:188} INFO - [2024-06-09T11:46:40.466-0300] {dag.py:3954} INFO - Setting next_dagrun for example_complex to None, run_after=None
[2024-06-09T11:46:40.478-0300] {processor.py:183} INFO - Processing /home/pedro/.local/lib/python3.10/site-packages/airflow/example_dags/example_complex.py took 0.047 seconds
[2024-06-09T11:47:29.647-0300] {processor.py:161} INFO - Started process (PID=7392) to work on /home/pedro/.local/lib/python3.10/site-packages/airflow/example_dags/example_complex.py
[2024-06-09T11:47:29.651-0300] {processor.py:830} INFO - Processing file /home/pedro/.local/lib/python3.10/site-packages/airflow/example_dags/example_complex.py for tasks to queue
[2024-06-09T11:47:29.653-0300] {logging_mixin.py:188} INFO - [2024-06-09T11:47:29.652-0300] {dagbag.py:545} INFO - Filling up the DagBag from /home/pedro/.local/lib/python3.10/site-packages/airflow/example_dags/example_complex.py
[2024-06-09T11:47:29.664-0300] {processor.py:840} INFO - DAG(s) 'example_complex' retrieved from /home/pedro/.local/lib/python3.10/site-packages/airflow/example_dags/example_complex.py
[2024-06-09T11:47:29.678-0300] {logging_mixin.py:188} INFO - [2024-06-09T11:47:29.677-0300] {dag.py:3096} INFO - Sync 1 DAGs
[2024-06-09T11:47:29.683-0300] {logging_mixin.py:188} INFO - [2024-06-09T11:47:29.683-0300] {dag.py:3954} INFO - Setting next_dagrun for example_complex to None, run_after=None
[2024-06-09T11:47:29.697-0300] {processor.py:183} INFO - Processing /home/pedro/.local/lib/python3.10/site-packages/airflow/example_dags/example_complex.py took 0.054 seconds
[2024-06-09T11:48:32.948-0300] {processor.py:161} INFO - Started process (PID=7510) to work on /home/pedro/.local/lib/python3.10/site-packages/airflow/example_dags/example_complex.py
[2024-06-09T11:48:32.951-0300] {processor.py:830} INFO - Processing file /home/pedro/.local/lib/python3.10/site-packages/airflow/example_dags/example_complex.py for tasks to queue
[2024-06-09T11:48:32.953-0300] {logging_mixin.py:188} INFO - [2024-06-09T11:48:32.953-0300] {dagbag.py:545} INFO - Filling up the DagBag from /home/pedro/.local/lib/python3.10/site-packages/airflow/example_dags/example_complex.py
[2024-06-09T11:48:32.964-0300] {processor.py:840} INFO - DAG(s) 'example_complex' retrieved from /home/pedro/.local/lib/python3.10/site-packages/airflow/example_dags/example_complex.py
[2024-06-09T11:48:32.978-0300] {logging_mixin.py:188} INFO - [2024-06-09T11:48:32.978-0300] {dag.py:3096} INFO - Sync 1 DAGs
[2024-06-09T11:48:32.984-0300] {logging_mixin.py:188} INFO - [2024-06-09T11:48:32.984-0300] {dag.py:3954} INFO - Setting next_dagrun for example_complex to None, run_after=None
[2024-06-09T11:48:32.998-0300] {processor.py:183} INFO - Processing /home/pedro/.local/lib/python3.10/site-packages/airflow/example_dags/example_complex.py took 0.054 seconds
[2024-06-09T11:49:35.836-0300] {processor.py:161} INFO - Started process (PID=7910) to work on /home/pedro/.local/lib/python3.10/site-packages/airflow/example_dags/example_complex.py
[2024-06-09T11:49:35.837-0300] {processor.py:830} INFO - Processing file /home/pedro/.local/lib/python3.10/site-packages/airflow/example_dags/example_complex.py for tasks to queue
[2024-06-09T11:49:35.838-0300] {logging_mixin.py:188} INFO - [2024-06-09T11:49:35.838-0300] {dagbag.py:545} INFO - Filling up the DagBag from /home/pedro/.local/lib/python3.10/site-packages/airflow/example_dags/example_complex.py
[2024-06-09T11:49:35.846-0300] {processor.py:840} INFO - DAG(s) 'example_complex' retrieved from /home/pedro/.local/lib/python3.10/site-packages/airflow/example_dags/example_complex.py
[2024-06-09T11:49:35.861-0300] {logging_mixin.py:188} INFO - [2024-06-09T11:49:35.860-0300] {dag.py:3096} INFO - Sync 1 DAGs
[2024-06-09T11:49:35.866-0300] {logging_mixin.py:188} INFO - [2024-06-09T11:49:35.866-0300] {dag.py:3954} INFO - Setting next_dagrun for example_complex to None, run_after=None
[2024-06-09T11:49:35.880-0300] {processor.py:183} INFO - Processing /home/pedro/.local/lib/python3.10/site-packages/airflow/example_dags/example_complex.py took 0.050 seconds
[2024-06-09T11:50:42.841-0300] {processor.py:161} INFO - Started process (PID=8039) to work on /home/pedro/.local/lib/python3.10/site-packages/airflow/example_dags/example_complex.py
[2024-06-09T11:50:42.842-0300] {processor.py:830} INFO - Processing file /home/pedro/.local/lib/python3.10/site-packages/airflow/example_dags/example_complex.py for tasks to queue
[2024-06-09T11:50:42.842-0300] {logging_mixin.py:188} INFO - [2024-06-09T11:50:42.842-0300] {dagbag.py:545} INFO - Filling up the DagBag from /home/pedro/.local/lib/python3.10/site-packages/airflow/example_dags/example_complex.py
[2024-06-09T11:50:42.850-0300] {processor.py:840} INFO - DAG(s) 'example_complex' retrieved from /home/pedro/.local/lib/python3.10/site-packages/airflow/example_dags/example_complex.py
[2024-06-09T11:50:42.863-0300] {logging_mixin.py:188} INFO - [2024-06-09T11:50:42.863-0300] {dag.py:3096} INFO - Sync 1 DAGs
[2024-06-09T11:50:42.869-0300] {logging_mixin.py:188} INFO - [2024-06-09T11:50:42.869-0300] {dag.py:3954} INFO - Setting next_dagrun for example_complex to None, run_after=None
[2024-06-09T11:50:42.882-0300] {processor.py:183} INFO - Processing /home/pedro/.local/lib/python3.10/site-packages/airflow/example_dags/example_complex.py took 0.046 seconds
[2024-06-09T11:51:50.876-0300] {processor.py:161} INFO - Started process (PID=8269) to work on /home/pedro/.local/lib/python3.10/site-packages/airflow/example_dags/example_complex.py
[2024-06-09T11:51:50.880-0300] {processor.py:830} INFO - Processing file /home/pedro/.local/lib/python3.10/site-packages/airflow/example_dags/example_complex.py for tasks to queue
[2024-06-09T11:51:50.882-0300] {logging_mixin.py:188} INFO - [2024-06-09T11:51:50.882-0300] {dagbag.py:545} INFO - Filling up the DagBag from /home/pedro/.local/lib/python3.10/site-packages/airflow/example_dags/example_complex.py
[2024-06-09T11:51:50.892-0300] {processor.py:840} INFO - DAG(s) 'example_complex' retrieved from /home/pedro/.local/lib/python3.10/site-packages/airflow/example_dags/example_complex.py
[2024-06-09T11:51:50.906-0300] {logging_mixin.py:188} INFO - [2024-06-09T11:51:50.906-0300] {dag.py:3096} INFO - Sync 1 DAGs
[2024-06-09T11:51:50.912-0300] {logging_mixin.py:188} INFO - [2024-06-09T11:51:50.911-0300] {dag.py:3954} INFO - Setting next_dagrun for example_complex to None, run_after=None
[2024-06-09T11:51:50.926-0300] {processor.py:183} INFO - Processing /home/pedro/.local/lib/python3.10/site-packages/airflow/example_dags/example_complex.py took 0.059 seconds
[2024-06-09T11:52:51.529-0300] {processor.py:161} INFO - Started process (PID=8430) to work on /home/pedro/.local/lib/python3.10/site-packages/airflow/example_dags/example_complex.py
[2024-06-09T11:52:51.531-0300] {processor.py:830} INFO - Processing file /home/pedro/.local/lib/python3.10/site-packages/airflow/example_dags/example_complex.py for tasks to queue
[2024-06-09T11:52:51.533-0300] {logging_mixin.py:188} INFO - [2024-06-09T11:52:51.532-0300] {dagbag.py:545} INFO - Filling up the DagBag from /home/pedro/.local/lib/python3.10/site-packages/airflow/example_dags/example_complex.py
[2024-06-09T11:52:51.541-0300] {processor.py:840} INFO - DAG(s) 'example_complex' retrieved from /home/pedro/.local/lib/python3.10/site-packages/airflow/example_dags/example_complex.py
[2024-06-09T11:52:51.557-0300] {logging_mixin.py:188} INFO - [2024-06-09T11:52:51.557-0300] {dag.py:3096} INFO - Sync 1 DAGs
[2024-06-09T11:52:51.565-0300] {logging_mixin.py:188} INFO - [2024-06-09T11:52:51.565-0300] {dag.py:3954} INFO - Setting next_dagrun for example_complex to None, run_after=None
[2024-06-09T11:52:51.577-0300] {processor.py:183} INFO - Processing /home/pedro/.local/lib/python3.10/site-packages/airflow/example_dags/example_complex.py took 0.056 seconds
[2024-06-09T11:53:50.411-0300] {processor.py:161} INFO - Started process (PID=8564) to work on /home/pedro/.local/lib/python3.10/site-packages/airflow/example_dags/example_complex.py
[2024-06-09T11:53:50.414-0300] {processor.py:830} INFO - Processing file /home/pedro/.local/lib/python3.10/site-packages/airflow/example_dags/example_complex.py for tasks to queue
[2024-06-09T11:53:50.416-0300] {logging_mixin.py:188} INFO - [2024-06-09T11:53:50.415-0300] {dagbag.py:545} INFO - Filling up the DagBag from /home/pedro/.local/lib/python3.10/site-packages/airflow/example_dags/example_complex.py
[2024-06-09T11:53:50.427-0300] {processor.py:840} INFO - DAG(s) 'example_complex' retrieved from /home/pedro/.local/lib/python3.10/site-packages/airflow/example_dags/example_complex.py
[2024-06-09T11:53:50.441-0300] {logging_mixin.py:188} INFO - [2024-06-09T11:53:50.440-0300] {dag.py:3096} INFO - Sync 1 DAGs
[2024-06-09T11:53:50.446-0300] {logging_mixin.py:188} INFO - [2024-06-09T11:53:50.446-0300] {dag.py:3954} INFO - Setting next_dagrun for example_complex to None, run_after=None
[2024-06-09T11:53:50.460-0300] {processor.py:183} INFO - Processing /home/pedro/.local/lib/python3.10/site-packages/airflow/example_dags/example_complex.py took 0.055 seconds
[2024-06-09T11:54:52.214-0300] {processor.py:161} INFO - Started process (PID=8668) to work on /home/pedro/.local/lib/python3.10/site-packages/airflow/example_dags/example_complex.py
[2024-06-09T11:54:52.216-0300] {processor.py:830} INFO - Processing file /home/pedro/.local/lib/python3.10/site-packages/airflow/example_dags/example_complex.py for tasks to queue
[2024-06-09T11:54:52.219-0300] {logging_mixin.py:188} INFO - [2024-06-09T11:54:52.218-0300] {dagbag.py:545} INFO - Filling up the DagBag from /home/pedro/.local/lib/python3.10/site-packages/airflow/example_dags/example_complex.py
[2024-06-09T11:54:52.229-0300] {processor.py:840} INFO - DAG(s) 'example_complex' retrieved from /home/pedro/.local/lib/python3.10/site-packages/airflow/example_dags/example_complex.py
[2024-06-09T11:54:52.247-0300] {logging_mixin.py:188} INFO - [2024-06-09T11:54:52.246-0300] {dag.py:3096} INFO - Sync 1 DAGs
[2024-06-09T11:54:52.254-0300] {logging_mixin.py:188} INFO - [2024-06-09T11:54:52.254-0300] {dag.py:3954} INFO - Setting next_dagrun for example_complex to None, run_after=None
[2024-06-09T11:54:52.269-0300] {processor.py:183} INFO - Processing /home/pedro/.local/lib/python3.10/site-packages/airflow/example_dags/example_complex.py took 0.063 seconds
[2024-06-09T11:55:50.450-0300] {processor.py:161} INFO - Started process (PID=8916) to work on /home/pedro/.local/lib/python3.10/site-packages/airflow/example_dags/example_complex.py
[2024-06-09T11:55:50.454-0300] {processor.py:830} INFO - Processing file /home/pedro/.local/lib/python3.10/site-packages/airflow/example_dags/example_complex.py for tasks to queue
[2024-06-09T11:55:50.456-0300] {logging_mixin.py:188} INFO - [2024-06-09T11:55:50.455-0300] {dagbag.py:545} INFO - Filling up the DagBag from /home/pedro/.local/lib/python3.10/site-packages/airflow/example_dags/example_complex.py
[2024-06-09T11:55:50.467-0300] {processor.py:840} INFO - DAG(s) 'example_complex' retrieved from /home/pedro/.local/lib/python3.10/site-packages/airflow/example_dags/example_complex.py
[2024-06-09T11:55:50.481-0300] {logging_mixin.py:188} INFO - [2024-06-09T11:55:50.480-0300] {dag.py:3096} INFO - Sync 1 DAGs
[2024-06-09T11:55:50.486-0300] {logging_mixin.py:188} INFO - [2024-06-09T11:55:50.486-0300] {dag.py:3954} INFO - Setting next_dagrun for example_complex to None, run_after=None
[2024-06-09T11:55:50.501-0300] {processor.py:183} INFO - Processing /home/pedro/.local/lib/python3.10/site-packages/airflow/example_dags/example_complex.py took 0.055 seconds
[2024-06-09T11:58:08.951-0300] {processor.py:161} INFO - Started process (PID=9817) to work on /home/pedro/.local/lib/python3.10/site-packages/airflow/example_dags/example_complex.py
[2024-06-09T11:58:08.952-0300] {processor.py:830} INFO - Processing file /home/pedro/.local/lib/python3.10/site-packages/airflow/example_dags/example_complex.py for tasks to queue
[2024-06-09T11:58:08.953-0300] {logging_mixin.py:188} INFO - [2024-06-09T11:58:08.953-0300] {dagbag.py:545} INFO - Filling up the DagBag from /home/pedro/.local/lib/python3.10/site-packages/airflow/example_dags/example_complex.py
[2024-06-09T11:58:08.963-0300] {processor.py:840} INFO - DAG(s) 'example_complex' retrieved from /home/pedro/.local/lib/python3.10/site-packages/airflow/example_dags/example_complex.py
[2024-06-09T11:58:08.979-0300] {logging_mixin.py:188} INFO - [2024-06-09T11:58:08.978-0300] {dag.py:3096} INFO - Sync 1 DAGs
[2024-06-09T11:58:08.984-0300] {logging_mixin.py:188} INFO - [2024-06-09T11:58:08.984-0300] {dag.py:3954} INFO - Setting next_dagrun for example_complex to None, run_after=None
[2024-06-09T11:58:08.998-0300] {processor.py:183} INFO - Processing /home/pedro/.local/lib/python3.10/site-packages/airflow/example_dags/example_complex.py took 0.050 seconds
[2024-06-09T11:59:37.027-0300] {processor.py:161} INFO - Started process (PID=10733) to work on /home/pedro/.local/lib/python3.10/site-packages/airflow/example_dags/example_complex.py
[2024-06-09T11:59:37.029-0300] {processor.py:830} INFO - Processing file /home/pedro/.local/lib/python3.10/site-packages/airflow/example_dags/example_complex.py for tasks to queue
[2024-06-09T11:59:37.031-0300] {logging_mixin.py:188} INFO - [2024-06-09T11:59:37.030-0300] {dagbag.py:545} INFO - Filling up the DagBag from /home/pedro/.local/lib/python3.10/site-packages/airflow/example_dags/example_complex.py
[2024-06-09T11:59:37.041-0300] {processor.py:840} INFO - DAG(s) 'example_complex' retrieved from /home/pedro/.local/lib/python3.10/site-packages/airflow/example_dags/example_complex.py
[2024-06-09T11:59:37.060-0300] {logging_mixin.py:188} INFO - [2024-06-09T11:59:37.059-0300] {dag.py:3096} INFO - Sync 1 DAGs
[2024-06-09T11:59:37.069-0300] {logging_mixin.py:188} INFO - [2024-06-09T11:59:37.069-0300] {dag.py:3954} INFO - Setting next_dagrun for example_complex to None, run_after=None
[2024-06-09T11:59:37.087-0300] {processor.py:183} INFO - Processing /home/pedro/.local/lib/python3.10/site-packages/airflow/example_dags/example_complex.py took 0.066 seconds
[2024-06-09T12:00:30.617-0300] {processor.py:161} INFO - Started process (PID=10835) to work on /home/pedro/.local/lib/python3.10/site-packages/airflow/example_dags/example_complex.py
[2024-06-09T12:00:30.620-0300] {processor.py:830} INFO - Processing file /home/pedro/.local/lib/python3.10/site-packages/airflow/example_dags/example_complex.py for tasks to queue
[2024-06-09T12:00:30.622-0300] {logging_mixin.py:188} INFO - [2024-06-09T12:00:30.622-0300] {dagbag.py:545} INFO - Filling up the DagBag from /home/pedro/.local/lib/python3.10/site-packages/airflow/example_dags/example_complex.py
[2024-06-09T12:00:30.631-0300] {processor.py:840} INFO - DAG(s) 'example_complex' retrieved from /home/pedro/.local/lib/python3.10/site-packages/airflow/example_dags/example_complex.py
[2024-06-09T12:00:30.646-0300] {logging_mixin.py:188} INFO - [2024-06-09T12:00:30.646-0300] {dag.py:3096} INFO - Sync 1 DAGs
[2024-06-09T12:00:30.652-0300] {logging_mixin.py:188} INFO - [2024-06-09T12:00:30.652-0300] {dag.py:3954} INFO - Setting next_dagrun for example_complex to None, run_after=None
[2024-06-09T12:00:30.672-0300] {processor.py:183} INFO - Processing /home/pedro/.local/lib/python3.10/site-packages/airflow/example_dags/example_complex.py took 0.063 seconds
[2024-06-09T12:01:19.197-0300] {processor.py:161} INFO - Started process (PID=11129) to work on /home/pedro/.local/lib/python3.10/site-packages/airflow/example_dags/example_complex.py
[2024-06-09T12:01:19.200-0300] {processor.py:830} INFO - Processing file /home/pedro/.local/lib/python3.10/site-packages/airflow/example_dags/example_complex.py for tasks to queue
[2024-06-09T12:01:19.202-0300] {logging_mixin.py:188} INFO - [2024-06-09T12:01:19.202-0300] {dagbag.py:545} INFO - Filling up the DagBag from /home/pedro/.local/lib/python3.10/site-packages/airflow/example_dags/example_complex.py
[2024-06-09T12:01:19.212-0300] {processor.py:840} INFO - DAG(s) 'example_complex' retrieved from /home/pedro/.local/lib/python3.10/site-packages/airflow/example_dags/example_complex.py
[2024-06-09T12:01:19.226-0300] {logging_mixin.py:188} INFO - [2024-06-09T12:01:19.226-0300] {dag.py:3096} INFO - Sync 1 DAGs
[2024-06-09T12:01:19.232-0300] {logging_mixin.py:188} INFO - [2024-06-09T12:01:19.232-0300] {dag.py:3954} INFO - Setting next_dagrun for example_complex to None, run_after=None
[2024-06-09T12:01:19.248-0300] {processor.py:183} INFO - Processing /home/pedro/.local/lib/python3.10/site-packages/airflow/example_dags/example_complex.py took 0.061 seconds
[2024-06-09T12:02:25.566-0300] {processor.py:161} INFO - Started process (PID=11258) to work on /home/pedro/.local/lib/python3.10/site-packages/airflow/example_dags/example_complex.py
[2024-06-09T12:02:25.569-0300] {processor.py:830} INFO - Processing file /home/pedro/.local/lib/python3.10/site-packages/airflow/example_dags/example_complex.py for tasks to queue
[2024-06-09T12:02:25.570-0300] {logging_mixin.py:188} INFO - [2024-06-09T12:02:25.570-0300] {dagbag.py:545} INFO - Filling up the DagBag from /home/pedro/.local/lib/python3.10/site-packages/airflow/example_dags/example_complex.py
[2024-06-09T12:02:25.580-0300] {processor.py:840} INFO - DAG(s) 'example_complex' retrieved from /home/pedro/.local/lib/python3.10/site-packages/airflow/example_dags/example_complex.py
[2024-06-09T12:02:25.595-0300] {logging_mixin.py:188} INFO - [2024-06-09T12:02:25.595-0300] {dag.py:3096} INFO - Sync 1 DAGs
[2024-06-09T12:02:25.601-0300] {logging_mixin.py:188} INFO - [2024-06-09T12:02:25.601-0300] {dag.py:3954} INFO - Setting next_dagrun for example_complex to None, run_after=None
[2024-06-09T12:02:25.617-0300] {processor.py:183} INFO - Processing /home/pedro/.local/lib/python3.10/site-packages/airflow/example_dags/example_complex.py took 0.055 seconds
[2024-06-09T12:03:30.285-0300] {processor.py:161} INFO - Started process (PID=11378) to work on /home/pedro/.local/lib/python3.10/site-packages/airflow/example_dags/example_complex.py
[2024-06-09T12:03:30.285-0300] {processor.py:830} INFO - Processing file /home/pedro/.local/lib/python3.10/site-packages/airflow/example_dags/example_complex.py for tasks to queue
[2024-06-09T12:03:30.286-0300] {logging_mixin.py:188} INFO - [2024-06-09T12:03:30.286-0300] {dagbag.py:545} INFO - Filling up the DagBag from /home/pedro/.local/lib/python3.10/site-packages/airflow/example_dags/example_complex.py
[2024-06-09T12:03:30.295-0300] {processor.py:840} INFO - DAG(s) 'example_complex' retrieved from /home/pedro/.local/lib/python3.10/site-packages/airflow/example_dags/example_complex.py
[2024-06-09T12:03:30.311-0300] {logging_mixin.py:188} INFO - [2024-06-09T12:03:30.311-0300] {dag.py:3096} INFO - Sync 1 DAGs
[2024-06-09T12:03:30.318-0300] {logging_mixin.py:188} INFO - [2024-06-09T12:03:30.318-0300] {dag.py:3954} INFO - Setting next_dagrun for example_complex to None, run_after=None
[2024-06-09T12:03:30.339-0300] {processor.py:183} INFO - Processing /home/pedro/.local/lib/python3.10/site-packages/airflow/example_dags/example_complex.py took 0.058 seconds
[2024-06-09T12:04:27.487-0300] {processor.py:161} INFO - Started process (PID=11519) to work on /home/pedro/.local/lib/python3.10/site-packages/airflow/example_dags/example_complex.py
[2024-06-09T12:04:27.490-0300] {processor.py:830} INFO - Processing file /home/pedro/.local/lib/python3.10/site-packages/airflow/example_dags/example_complex.py for tasks to queue
[2024-06-09T12:04:27.492-0300] {logging_mixin.py:188} INFO - [2024-06-09T12:04:27.492-0300] {dagbag.py:545} INFO - Filling up the DagBag from /home/pedro/.local/lib/python3.10/site-packages/airflow/example_dags/example_complex.py
[2024-06-09T12:04:27.502-0300] {processor.py:840} INFO - DAG(s) 'example_complex' retrieved from /home/pedro/.local/lib/python3.10/site-packages/airflow/example_dags/example_complex.py
[2024-06-09T12:04:27.517-0300] {logging_mixin.py:188} INFO - [2024-06-09T12:04:27.517-0300] {dag.py:3096} INFO - Sync 1 DAGs
[2024-06-09T12:04:27.523-0300] {logging_mixin.py:188} INFO - [2024-06-09T12:04:27.522-0300] {dag.py:3954} INFO - Setting next_dagrun for example_complex to None, run_after=None
[2024-06-09T12:04:27.539-0300] {processor.py:183} INFO - Processing /home/pedro/.local/lib/python3.10/site-packages/airflow/example_dags/example_complex.py took 0.055 seconds
[2024-06-09T12:05:30.173-0300] {processor.py:161} INFO - Started process (PID=11636) to work on /home/pedro/.local/lib/python3.10/site-packages/airflow/example_dags/example_complex.py
[2024-06-09T12:05:30.177-0300] {processor.py:830} INFO - Processing file /home/pedro/.local/lib/python3.10/site-packages/airflow/example_dags/example_complex.py for tasks to queue
[2024-06-09T12:05:30.179-0300] {logging_mixin.py:188} INFO - [2024-06-09T12:05:30.179-0300] {dagbag.py:545} INFO - Filling up the DagBag from /home/pedro/.local/lib/python3.10/site-packages/airflow/example_dags/example_complex.py
[2024-06-09T12:05:30.189-0300] {processor.py:840} INFO - DAG(s) 'example_complex' retrieved from /home/pedro/.local/lib/python3.10/site-packages/airflow/example_dags/example_complex.py
[2024-06-09T12:05:30.204-0300] {logging_mixin.py:188} INFO - [2024-06-09T12:05:30.204-0300] {dag.py:3096} INFO - Sync 1 DAGs
[2024-06-09T12:05:30.210-0300] {logging_mixin.py:188} INFO - [2024-06-09T12:05:30.210-0300] {dag.py:3954} INFO - Setting next_dagrun for example_complex to None, run_after=None
[2024-06-09T12:05:30.225-0300] {processor.py:183} INFO - Processing /home/pedro/.local/lib/python3.10/site-packages/airflow/example_dags/example_complex.py took 0.061 seconds
[2024-06-09T12:07:00.258-0300] {processor.py:161} INFO - Started process (PID=12478) to work on /home/pedro/.local/lib/python3.10/site-packages/airflow/example_dags/example_complex.py
[2024-06-09T12:07:00.262-0300] {processor.py:830} INFO - Processing file /home/pedro/.local/lib/python3.10/site-packages/airflow/example_dags/example_complex.py for tasks to queue
[2024-06-09T12:07:00.264-0300] {logging_mixin.py:188} INFO - [2024-06-09T12:07:00.263-0300] {dagbag.py:545} INFO - Filling up the DagBag from /home/pedro/.local/lib/python3.10/site-packages/airflow/example_dags/example_complex.py
[2024-06-09T12:07:00.272-0300] {processor.py:840} INFO - DAG(s) 'example_complex' retrieved from /home/pedro/.local/lib/python3.10/site-packages/airflow/example_dags/example_complex.py
[2024-06-09T12:07:00.288-0300] {logging_mixin.py:188} INFO - [2024-06-09T12:07:00.288-0300] {dag.py:3096} INFO - Sync 1 DAGs
[2024-06-09T12:07:00.295-0300] {logging_mixin.py:188} INFO - [2024-06-09T12:07:00.294-0300] {dag.py:3954} INFO - Setting next_dagrun for example_complex to None, run_after=None
[2024-06-09T12:07:00.312-0300] {processor.py:183} INFO - Processing /home/pedro/.local/lib/python3.10/site-packages/airflow/example_dags/example_complex.py took 0.062 seconds
[2024-06-09T12:07:57.223-0300] {processor.py:161} INFO - Started process (PID=12580) to work on /home/pedro/.local/lib/python3.10/site-packages/airflow/example_dags/example_complex.py
[2024-06-09T12:07:57.225-0300] {processor.py:830} INFO - Processing file /home/pedro/.local/lib/python3.10/site-packages/airflow/example_dags/example_complex.py for tasks to queue
[2024-06-09T12:07:57.227-0300] {logging_mixin.py:188} INFO - [2024-06-09T12:07:57.227-0300] {dagbag.py:545} INFO - Filling up the DagBag from /home/pedro/.local/lib/python3.10/site-packages/airflow/example_dags/example_complex.py
[2024-06-09T12:07:57.235-0300] {processor.py:840} INFO - DAG(s) 'example_complex' retrieved from /home/pedro/.local/lib/python3.10/site-packages/airflow/example_dags/example_complex.py
[2024-06-09T12:07:57.249-0300] {logging_mixin.py:188} INFO - [2024-06-09T12:07:57.249-0300] {dag.py:3096} INFO - Sync 1 DAGs
[2024-06-09T12:07:57.255-0300] {logging_mixin.py:188} INFO - [2024-06-09T12:07:57.255-0300] {dag.py:3954} INFO - Setting next_dagrun for example_complex to None, run_after=None
[2024-06-09T12:07:57.271-0300] {processor.py:183} INFO - Processing /home/pedro/.local/lib/python3.10/site-packages/airflow/example_dags/example_complex.py took 0.056 seconds
[2024-06-09T12:08:48.063-0300] {processor.py:161} INFO - Started process (PID=12669) to work on /home/pedro/.local/lib/python3.10/site-packages/airflow/example_dags/example_complex.py
[2024-06-09T12:08:48.064-0300] {processor.py:830} INFO - Processing file /home/pedro/.local/lib/python3.10/site-packages/airflow/example_dags/example_complex.py for tasks to queue
[2024-06-09T12:08:48.065-0300] {logging_mixin.py:188} INFO - [2024-06-09T12:08:48.065-0300] {dagbag.py:545} INFO - Filling up the DagBag from /home/pedro/.local/lib/python3.10/site-packages/airflow/example_dags/example_complex.py
[2024-06-09T12:08:48.073-0300] {processor.py:840} INFO - DAG(s) 'example_complex' retrieved from /home/pedro/.local/lib/python3.10/site-packages/airflow/example_dags/example_complex.py
[2024-06-09T12:08:48.089-0300] {logging_mixin.py:188} INFO - [2024-06-09T12:08:48.089-0300] {dag.py:3096} INFO - Sync 1 DAGs
[2024-06-09T12:08:48.095-0300] {logging_mixin.py:188} INFO - [2024-06-09T12:08:48.094-0300] {dag.py:3954} INFO - Setting next_dagrun for example_complex to None, run_after=None
[2024-06-09T12:08:48.108-0300] {processor.py:183} INFO - Processing /home/pedro/.local/lib/python3.10/site-packages/airflow/example_dags/example_complex.py took 0.049 seconds
[2024-06-09T12:09:50.622-0300] {processor.py:161} INFO - Started process (PID=12789) to work on /home/pedro/.local/lib/python3.10/site-packages/airflow/example_dags/example_complex.py
[2024-06-09T12:09:50.626-0300] {processor.py:830} INFO - Processing file /home/pedro/.local/lib/python3.10/site-packages/airflow/example_dags/example_complex.py for tasks to queue
[2024-06-09T12:09:50.629-0300] {logging_mixin.py:188} INFO - [2024-06-09T12:09:50.628-0300] {dagbag.py:545} INFO - Filling up the DagBag from /home/pedro/.local/lib/python3.10/site-packages/airflow/example_dags/example_complex.py
[2024-06-09T12:09:50.638-0300] {processor.py:840} INFO - DAG(s) 'example_complex' retrieved from /home/pedro/.local/lib/python3.10/site-packages/airflow/example_dags/example_complex.py
[2024-06-09T12:09:50.653-0300] {logging_mixin.py:188} INFO - [2024-06-09T12:09:50.653-0300] {dag.py:3096} INFO - Sync 1 DAGs
[2024-06-09T12:09:50.660-0300] {logging_mixin.py:188} INFO - [2024-06-09T12:09:50.659-0300] {dag.py:3954} INFO - Setting next_dagrun for example_complex to None, run_after=None
[2024-06-09T12:09:50.677-0300] {processor.py:183} INFO - Processing /home/pedro/.local/lib/python3.10/site-packages/airflow/example_dags/example_complex.py took 0.063 seconds
[2024-06-09T12:10:54.866-0300] {processor.py:161} INFO - Started process (PID=12902) to work on /home/pedro/.local/lib/python3.10/site-packages/airflow/example_dags/example_complex.py
[2024-06-09T12:10:54.869-0300] {processor.py:830} INFO - Processing file /home/pedro/.local/lib/python3.10/site-packages/airflow/example_dags/example_complex.py for tasks to queue
[2024-06-09T12:10:54.871-0300] {logging_mixin.py:188} INFO - [2024-06-09T12:10:54.870-0300] {dagbag.py:545} INFO - Filling up the DagBag from /home/pedro/.local/lib/python3.10/site-packages/airflow/example_dags/example_complex.py
[2024-06-09T12:10:54.880-0300] {processor.py:840} INFO - DAG(s) 'example_complex' retrieved from /home/pedro/.local/lib/python3.10/site-packages/airflow/example_dags/example_complex.py
[2024-06-09T12:10:54.896-0300] {logging_mixin.py:188} INFO - [2024-06-09T12:10:54.896-0300] {dag.py:3096} INFO - Sync 1 DAGs
[2024-06-09T12:10:54.903-0300] {logging_mixin.py:188} INFO - [2024-06-09T12:10:54.903-0300] {dag.py:3954} INFO - Setting next_dagrun for example_complex to None, run_after=None
[2024-06-09T12:10:54.921-0300] {processor.py:183} INFO - Processing /home/pedro/.local/lib/python3.10/site-packages/airflow/example_dags/example_complex.py took 0.058 seconds
[2024-06-09T12:12:15.088-0300] {processor.py:161} INFO - Started process (PID=13041) to work on /home/pedro/.local/lib/python3.10/site-packages/airflow/example_dags/example_complex.py
[2024-06-09T12:12:15.091-0300] {processor.py:830} INFO - Processing file /home/pedro/.local/lib/python3.10/site-packages/airflow/example_dags/example_complex.py for tasks to queue
[2024-06-09T12:12:15.093-0300] {logging_mixin.py:188} INFO - [2024-06-09T12:12:15.093-0300] {dagbag.py:545} INFO - Filling up the DagBag from /home/pedro/.local/lib/python3.10/site-packages/airflow/example_dags/example_complex.py
[2024-06-09T12:12:15.103-0300] {processor.py:840} INFO - DAG(s) 'example_complex' retrieved from /home/pedro/.local/lib/python3.10/site-packages/airflow/example_dags/example_complex.py
[2024-06-09T12:12:15.119-0300] {logging_mixin.py:188} INFO - [2024-06-09T12:12:15.119-0300] {dag.py:3096} INFO - Sync 1 DAGs
[2024-06-09T12:12:15.127-0300] {logging_mixin.py:188} INFO - [2024-06-09T12:12:15.127-0300] {dag.py:3954} INFO - Setting next_dagrun for example_complex to None, run_after=None
[2024-06-09T12:12:15.145-0300] {processor.py:183} INFO - Processing /home/pedro/.local/lib/python3.10/site-packages/airflow/example_dags/example_complex.py took 0.062 seconds
[2024-06-09T12:13:10.459-0300] {processor.py:161} INFO - Started process (PID=13128) to work on /home/pedro/.local/lib/python3.10/site-packages/airflow/example_dags/example_complex.py
[2024-06-09T12:13:10.462-0300] {processor.py:830} INFO - Processing file /home/pedro/.local/lib/python3.10/site-packages/airflow/example_dags/example_complex.py for tasks to queue
[2024-06-09T12:13:10.464-0300] {logging_mixin.py:188} INFO - [2024-06-09T12:13:10.464-0300] {dagbag.py:545} INFO - Filling up the DagBag from /home/pedro/.local/lib/python3.10/site-packages/airflow/example_dags/example_complex.py
[2024-06-09T12:13:10.474-0300] {processor.py:840} INFO - DAG(s) 'example_complex' retrieved from /home/pedro/.local/lib/python3.10/site-packages/airflow/example_dags/example_complex.py
[2024-06-09T12:13:10.489-0300] {logging_mixin.py:188} INFO - [2024-06-09T12:13:10.489-0300] {dag.py:3096} INFO - Sync 1 DAGs
[2024-06-09T12:13:10.495-0300] {logging_mixin.py:188} INFO - [2024-06-09T12:13:10.495-0300] {dag.py:3954} INFO - Setting next_dagrun for example_complex to None, run_after=None
[2024-06-09T12:13:10.512-0300] {processor.py:183} INFO - Processing /home/pedro/.local/lib/python3.10/site-packages/airflow/example_dags/example_complex.py took 0.063 seconds
[2024-06-09T12:14:01.414-0300] {processor.py:161} INFO - Started process (PID=13197) to work on /home/pedro/.local/lib/python3.10/site-packages/airflow/example_dags/example_complex.py
[2024-06-09T12:14:01.417-0300] {processor.py:830} INFO - Processing file /home/pedro/.local/lib/python3.10/site-packages/airflow/example_dags/example_complex.py for tasks to queue
[2024-06-09T12:14:01.419-0300] {logging_mixin.py:188} INFO - [2024-06-09T12:14:01.419-0300] {dagbag.py:545} INFO - Filling up the DagBag from /home/pedro/.local/lib/python3.10/site-packages/airflow/example_dags/example_complex.py
[2024-06-09T12:14:01.429-0300] {processor.py:840} INFO - DAG(s) 'example_complex' retrieved from /home/pedro/.local/lib/python3.10/site-packages/airflow/example_dags/example_complex.py
[2024-06-09T12:14:01.445-0300] {logging_mixin.py:188} INFO - [2024-06-09T12:14:01.445-0300] {dag.py:3096} INFO - Sync 1 DAGs
[2024-06-09T12:14:01.451-0300] {logging_mixin.py:188} INFO - [2024-06-09T12:14:01.451-0300] {dag.py:3954} INFO - Setting next_dagrun for example_complex to None, run_after=None
[2024-06-09T12:14:01.467-0300] {processor.py:183} INFO - Processing /home/pedro/.local/lib/python3.10/site-packages/airflow/example_dags/example_complex.py took 0.062 seconds
[2024-06-09T12:15:28.239-0300] {processor.py:161} INFO - Started process (PID=13362) to work on /home/pedro/.local/lib/python3.10/site-packages/airflow/example_dags/example_complex.py
[2024-06-09T12:15:28.242-0300] {processor.py:830} INFO - Processing file /home/pedro/.local/lib/python3.10/site-packages/airflow/example_dags/example_complex.py for tasks to queue
[2024-06-09T12:15:28.244-0300] {logging_mixin.py:188} INFO - [2024-06-09T12:15:28.244-0300] {dagbag.py:545} INFO - Filling up the DagBag from /home/pedro/.local/lib/python3.10/site-packages/airflow/example_dags/example_complex.py
[2024-06-09T12:15:28.253-0300] {processor.py:840} INFO - DAG(s) 'example_complex' retrieved from /home/pedro/.local/lib/python3.10/site-packages/airflow/example_dags/example_complex.py
[2024-06-09T12:15:28.270-0300] {logging_mixin.py:188} INFO - [2024-06-09T12:15:28.270-0300] {dag.py:3096} INFO - Sync 1 DAGs
[2024-06-09T12:15:28.276-0300] {logging_mixin.py:188} INFO - [2024-06-09T12:15:28.275-0300] {dag.py:3954} INFO - Setting next_dagrun for example_complex to None, run_after=None
[2024-06-09T12:15:28.292-0300] {processor.py:183} INFO - Processing /home/pedro/.local/lib/python3.10/site-packages/airflow/example_dags/example_complex.py took 0.061 seconds
[2024-06-09T12:20:17.454-0300] {processor.py:161} INFO - Started process (PID=13625) to work on /home/pedro/.local/lib/python3.10/site-packages/airflow/example_dags/example_complex.py
[2024-06-09T12:20:17.457-0300] {processor.py:830} INFO - Processing file /home/pedro/.local/lib/python3.10/site-packages/airflow/example_dags/example_complex.py for tasks to queue
[2024-06-09T12:20:17.459-0300] {logging_mixin.py:188} INFO - [2024-06-09T12:20:17.459-0300] {dagbag.py:545} INFO - Filling up the DagBag from /home/pedro/.local/lib/python3.10/site-packages/airflow/example_dags/example_complex.py
[2024-06-09T12:20:17.471-0300] {processor.py:840} INFO - DAG(s) 'example_complex' retrieved from /home/pedro/.local/lib/python3.10/site-packages/airflow/example_dags/example_complex.py
[2024-06-09T12:20:17.486-0300] {logging_mixin.py:188} INFO - [2024-06-09T12:20:17.486-0300] {dag.py:3096} INFO - Sync 1 DAGs
[2024-06-09T12:20:17.491-0300] {logging_mixin.py:188} INFO - [2024-06-09T12:20:17.491-0300] {dag.py:3954} INFO - Setting next_dagrun for example_complex to None, run_after=None
[2024-06-09T12:20:17.507-0300] {processor.py:183} INFO - Processing /home/pedro/.local/lib/python3.10/site-packages/airflow/example_dags/example_complex.py took 0.058 seconds
[2024-06-09T12:21:09.926-0300] {processor.py:161} INFO - Started process (PID=13755) to work on /home/pedro/.local/lib/python3.10/site-packages/airflow/example_dags/example_complex.py
[2024-06-09T12:21:09.930-0300] {processor.py:830} INFO - Processing file /home/pedro/.local/lib/python3.10/site-packages/airflow/example_dags/example_complex.py for tasks to queue
[2024-06-09T12:21:09.932-0300] {logging_mixin.py:188} INFO - [2024-06-09T12:21:09.932-0300] {dagbag.py:545} INFO - Filling up the DagBag from /home/pedro/.local/lib/python3.10/site-packages/airflow/example_dags/example_complex.py
[2024-06-09T12:21:09.943-0300] {processor.py:840} INFO - DAG(s) 'example_complex' retrieved from /home/pedro/.local/lib/python3.10/site-packages/airflow/example_dags/example_complex.py
[2024-06-09T12:21:09.957-0300] {logging_mixin.py:188} INFO - [2024-06-09T12:21:09.957-0300] {dag.py:3096} INFO - Sync 1 DAGs
[2024-06-09T12:21:09.963-0300] {logging_mixin.py:188} INFO - [2024-06-09T12:21:09.963-0300] {dag.py:3954} INFO - Setting next_dagrun for example_complex to None, run_after=None
[2024-06-09T12:21:09.979-0300] {processor.py:183} INFO - Processing /home/pedro/.local/lib/python3.10/site-packages/airflow/example_dags/example_complex.py took 0.058 seconds
[2024-06-09T12:22:07.124-0300] {processor.py:161} INFO - Started process (PID=13860) to work on /home/pedro/.local/lib/python3.10/site-packages/airflow/example_dags/example_complex.py
[2024-06-09T12:22:07.128-0300] {processor.py:830} INFO - Processing file /home/pedro/.local/lib/python3.10/site-packages/airflow/example_dags/example_complex.py for tasks to queue
[2024-06-09T12:22:07.130-0300] {logging_mixin.py:188} INFO - [2024-06-09T12:22:07.130-0300] {dagbag.py:545} INFO - Filling up the DagBag from /home/pedro/.local/lib/python3.10/site-packages/airflow/example_dags/example_complex.py
[2024-06-09T12:22:07.142-0300] {processor.py:840} INFO - DAG(s) 'example_complex' retrieved from /home/pedro/.local/lib/python3.10/site-packages/airflow/example_dags/example_complex.py
[2024-06-09T12:22:07.165-0300] {logging_mixin.py:188} INFO - [2024-06-09T12:22:07.165-0300] {dag.py:3096} INFO - Sync 1 DAGs
[2024-06-09T12:22:07.171-0300] {logging_mixin.py:188} INFO - [2024-06-09T12:22:07.171-0300] {dag.py:3954} INFO - Setting next_dagrun for example_complex to None, run_after=None
[2024-06-09T12:22:07.185-0300] {processor.py:183} INFO - Processing /home/pedro/.local/lib/python3.10/site-packages/airflow/example_dags/example_complex.py took 0.070 seconds
[2024-06-09T12:22:58.470-0300] {processor.py:161} INFO - Started process (PID=13974) to work on /home/pedro/.local/lib/python3.10/site-packages/airflow/example_dags/example_complex.py
[2024-06-09T12:22:58.473-0300] {processor.py:830} INFO - Processing file /home/pedro/.local/lib/python3.10/site-packages/airflow/example_dags/example_complex.py for tasks to queue
[2024-06-09T12:22:58.475-0300] {logging_mixin.py:188} INFO - [2024-06-09T12:22:58.475-0300] {dagbag.py:545} INFO - Filling up the DagBag from /home/pedro/.local/lib/python3.10/site-packages/airflow/example_dags/example_complex.py
[2024-06-09T12:22:58.485-0300] {processor.py:840} INFO - DAG(s) 'example_complex' retrieved from /home/pedro/.local/lib/python3.10/site-packages/airflow/example_dags/example_complex.py
[2024-06-09T12:22:58.500-0300] {logging_mixin.py:188} INFO - [2024-06-09T12:22:58.500-0300] {dag.py:3096} INFO - Sync 1 DAGs
[2024-06-09T12:22:58.507-0300] {logging_mixin.py:188} INFO - [2024-06-09T12:22:58.506-0300] {dag.py:3954} INFO - Setting next_dagrun for example_complex to None, run_after=None
[2024-06-09T12:22:58.523-0300] {processor.py:183} INFO - Processing /home/pedro/.local/lib/python3.10/site-packages/airflow/example_dags/example_complex.py took 0.058 seconds
[2024-06-09T16:26:34.017-0300] {processor.py:161} INFO - Started process (PID=4851) to work on /home/pedro/.local/lib/python3.10/site-packages/airflow/example_dags/example_complex.py
[2024-06-09T16:26:34.021-0300] {processor.py:830} INFO - Processing file /home/pedro/.local/lib/python3.10/site-packages/airflow/example_dags/example_complex.py for tasks to queue
[2024-06-09T16:26:34.023-0300] {logging_mixin.py:188} INFO - [2024-06-09T16:26:34.022-0300] {dagbag.py:545} INFO - Filling up the DagBag from /home/pedro/.local/lib/python3.10/site-packages/airflow/example_dags/example_complex.py
[2024-06-09T16:26:34.032-0300] {processor.py:840} INFO - DAG(s) 'example_complex' retrieved from /home/pedro/.local/lib/python3.10/site-packages/airflow/example_dags/example_complex.py
[2024-06-09T16:26:34.047-0300] {logging_mixin.py:188} INFO - [2024-06-09T16:26:34.047-0300] {dag.py:3096} INFO - Sync 1 DAGs
[2024-06-09T16:26:34.053-0300] {logging_mixin.py:188} INFO - [2024-06-09T16:26:34.053-0300] {dag.py:3954} INFO - Setting next_dagrun for example_complex to None, run_after=None
[2024-06-09T16:26:34.088-0300] {processor.py:183} INFO - Processing /home/pedro/.local/lib/python3.10/site-packages/airflow/example_dags/example_complex.py took 0.079 seconds
[2024-06-09T16:29:24.470-0300] {processor.py:161} INFO - Started process (PID=5880) to work on /home/pedro/.local/lib/python3.10/site-packages/airflow/example_dags/example_complex.py
[2024-06-09T16:29:24.471-0300] {processor.py:830} INFO - Processing file /home/pedro/.local/lib/python3.10/site-packages/airflow/example_dags/example_complex.py for tasks to queue
[2024-06-09T16:29:24.472-0300] {logging_mixin.py:188} INFO - [2024-06-09T16:29:24.471-0300] {dagbag.py:545} INFO - Filling up the DagBag from /home/pedro/.local/lib/python3.10/site-packages/airflow/example_dags/example_complex.py
[2024-06-09T16:29:24.478-0300] {processor.py:840} INFO - DAG(s) 'example_complex' retrieved from /home/pedro/.local/lib/python3.10/site-packages/airflow/example_dags/example_complex.py
[2024-06-09T16:29:24.494-0300] {logging_mixin.py:188} INFO - [2024-06-09T16:29:24.494-0300] {dag.py:3096} INFO - Sync 1 DAGs
[2024-06-09T16:29:24.501-0300] {logging_mixin.py:188} INFO - [2024-06-09T16:29:24.501-0300] {dag.py:3954} INFO - Setting next_dagrun for example_complex to None, run_after=None
[2024-06-09T16:29:24.516-0300] {processor.py:183} INFO - Processing /home/pedro/.local/lib/python3.10/site-packages/airflow/example_dags/example_complex.py took 0.050 seconds
[2024-06-09T16:33:36.855-0300] {processor.py:161} INFO - Started process (PID=8417) to work on /home/pedro/.local/lib/python3.10/site-packages/airflow/example_dags/example_complex.py
[2024-06-09T16:33:36.856-0300] {processor.py:830} INFO - Processing file /home/pedro/.local/lib/python3.10/site-packages/airflow/example_dags/example_complex.py for tasks to queue
[2024-06-09T16:33:36.858-0300] {logging_mixin.py:188} INFO - [2024-06-09T16:33:36.857-0300] {dagbag.py:545} INFO - Filling up the DagBag from /home/pedro/.local/lib/python3.10/site-packages/airflow/example_dags/example_complex.py
[2024-06-09T16:33:36.864-0300] {processor.py:840} INFO - DAG(s) 'example_complex' retrieved from /home/pedro/.local/lib/python3.10/site-packages/airflow/example_dags/example_complex.py
[2024-06-09T16:33:36.879-0300] {logging_mixin.py:188} INFO - [2024-06-09T16:33:36.879-0300] {dag.py:3096} INFO - Sync 1 DAGs
[2024-06-09T16:33:36.885-0300] {logging_mixin.py:188} INFO - [2024-06-09T16:33:36.885-0300] {dag.py:3954} INFO - Setting next_dagrun for example_complex to None, run_after=None
[2024-06-09T16:33:36.899-0300] {processor.py:183} INFO - Processing /home/pedro/.local/lib/python3.10/site-packages/airflow/example_dags/example_complex.py took 0.048 seconds
[2024-06-09T16:37:32.553-0300] {processor.py:161} INFO - Started process (PID=9834) to work on /home/pedro/.local/lib/python3.10/site-packages/airflow/example_dags/example_complex.py
[2024-06-09T16:37:32.557-0300] {processor.py:830} INFO - Processing file /home/pedro/.local/lib/python3.10/site-packages/airflow/example_dags/example_complex.py for tasks to queue
[2024-06-09T16:37:32.558-0300] {logging_mixin.py:188} INFO - [2024-06-09T16:37:32.558-0300] {dagbag.py:545} INFO - Filling up the DagBag from /home/pedro/.local/lib/python3.10/site-packages/airflow/example_dags/example_complex.py
[2024-06-09T16:37:32.565-0300] {processor.py:840} INFO - DAG(s) 'example_complex' retrieved from /home/pedro/.local/lib/python3.10/site-packages/airflow/example_dags/example_complex.py
[2024-06-09T16:37:32.580-0300] {logging_mixin.py:188} INFO - [2024-06-09T16:37:32.580-0300] {dag.py:3096} INFO - Sync 1 DAGs
[2024-06-09T16:37:32.587-0300] {logging_mixin.py:188} INFO - [2024-06-09T16:37:32.587-0300] {dag.py:3954} INFO - Setting next_dagrun for example_complex to None, run_after=None
[2024-06-09T16:37:32.605-0300] {processor.py:183} INFO - Processing /home/pedro/.local/lib/python3.10/site-packages/airflow/example_dags/example_complex.py took 0.054 seconds
[2024-06-09T16:41:26.328-0300] {processor.py:161} INFO - Started process (PID=11223) to work on /home/pedro/.local/lib/python3.10/site-packages/airflow/example_dags/example_complex.py
[2024-06-09T16:41:26.331-0300] {processor.py:830} INFO - Processing file /home/pedro/.local/lib/python3.10/site-packages/airflow/example_dags/example_complex.py for tasks to queue
[2024-06-09T16:41:26.333-0300] {logging_mixin.py:188} INFO - [2024-06-09T16:41:26.333-0300] {dagbag.py:545} INFO - Filling up the DagBag from /home/pedro/.local/lib/python3.10/site-packages/airflow/example_dags/example_complex.py
[2024-06-09T16:41:26.344-0300] {processor.py:840} INFO - DAG(s) 'example_complex' retrieved from /home/pedro/.local/lib/python3.10/site-packages/airflow/example_dags/example_complex.py
[2024-06-09T16:41:26.358-0300] {logging_mixin.py:188} INFO - [2024-06-09T16:41:26.358-0300] {dag.py:3096} INFO - Sync 1 DAGs
[2024-06-09T16:41:26.363-0300] {logging_mixin.py:188} INFO - [2024-06-09T16:41:26.363-0300] {dag.py:3954} INFO - Setting next_dagrun for example_complex to None, run_after=None
[2024-06-09T16:41:26.380-0300] {processor.py:183} INFO - Processing /home/pedro/.local/lib/python3.10/site-packages/airflow/example_dags/example_complex.py took 0.057 seconds
[2024-06-09T16:45:37.722-0300] {processor.py:161} INFO - Started process (PID=12651) to work on /home/pedro/.local/lib/python3.10/site-packages/airflow/example_dags/example_complex.py
[2024-06-09T16:45:37.723-0300] {processor.py:830} INFO - Processing file /home/pedro/.local/lib/python3.10/site-packages/airflow/example_dags/example_complex.py for tasks to queue
[2024-06-09T16:45:37.725-0300] {logging_mixin.py:188} INFO - [2024-06-09T16:45:37.724-0300] {dagbag.py:545} INFO - Filling up the DagBag from /home/pedro/.local/lib/python3.10/site-packages/airflow/example_dags/example_complex.py
[2024-06-09T16:45:37.733-0300] {processor.py:840} INFO - DAG(s) 'example_complex' retrieved from /home/pedro/.local/lib/python3.10/site-packages/airflow/example_dags/example_complex.py
[2024-06-09T16:45:37.748-0300] {logging_mixin.py:188} INFO - [2024-06-09T16:45:37.748-0300] {dag.py:3096} INFO - Sync 1 DAGs
[2024-06-09T16:45:37.754-0300] {logging_mixin.py:188} INFO - [2024-06-09T16:45:37.754-0300] {dag.py:3954} INFO - Setting next_dagrun for example_complex to None, run_after=None
[2024-06-09T16:45:37.768-0300] {processor.py:183} INFO - Processing /home/pedro/.local/lib/python3.10/site-packages/airflow/example_dags/example_complex.py took 0.052 seconds
[2024-06-09T16:47:50.642-0300] {processor.py:161} INFO - Started process (PID=13415) to work on /home/pedro/.local/lib/python3.10/site-packages/airflow/example_dags/example_complex.py
[2024-06-09T16:47:50.643-0300] {processor.py:830} INFO - Processing file /home/pedro/.local/lib/python3.10/site-packages/airflow/example_dags/example_complex.py for tasks to queue
[2024-06-09T16:47:50.644-0300] {logging_mixin.py:188} INFO - [2024-06-09T16:47:50.644-0300] {dagbag.py:545} INFO - Filling up the DagBag from /home/pedro/.local/lib/python3.10/site-packages/airflow/example_dags/example_complex.py
[2024-06-09T16:47:50.651-0300] {processor.py:840} INFO - DAG(s) 'example_complex' retrieved from /home/pedro/.local/lib/python3.10/site-packages/airflow/example_dags/example_complex.py
[2024-06-09T16:47:50.668-0300] {logging_mixin.py:188} INFO - [2024-06-09T16:47:50.668-0300] {dag.py:3096} INFO - Sync 1 DAGs
[2024-06-09T16:47:50.676-0300] {logging_mixin.py:188} INFO - [2024-06-09T16:47:50.676-0300] {dag.py:3954} INFO - Setting next_dagrun for example_complex to None, run_after=None
[2024-06-09T16:47:50.693-0300] {processor.py:183} INFO - Processing /home/pedro/.local/lib/python3.10/site-packages/airflow/example_dags/example_complex.py took 0.059 seconds
[2024-06-09T16:51:50.649-0300] {processor.py:161} INFO - Started process (PID=14877) to work on /home/pedro/.local/lib/python3.10/site-packages/airflow/example_dags/example_complex.py
[2024-06-09T16:51:50.652-0300] {processor.py:830} INFO - Processing file /home/pedro/.local/lib/python3.10/site-packages/airflow/example_dags/example_complex.py for tasks to queue
[2024-06-09T16:51:50.654-0300] {logging_mixin.py:188} INFO - [2024-06-09T16:51:50.653-0300] {dagbag.py:545} INFO - Filling up the DagBag from /home/pedro/.local/lib/python3.10/site-packages/airflow/example_dags/example_complex.py
[2024-06-09T16:51:50.663-0300] {processor.py:840} INFO - DAG(s) 'example_complex' retrieved from /home/pedro/.local/lib/python3.10/site-packages/airflow/example_dags/example_complex.py
[2024-06-09T16:51:50.678-0300] {logging_mixin.py:188} INFO - [2024-06-09T16:51:50.678-0300] {dag.py:3096} INFO - Sync 1 DAGs
[2024-06-09T16:51:50.685-0300] {logging_mixin.py:188} INFO - [2024-06-09T16:51:50.685-0300] {dag.py:3954} INFO - Setting next_dagrun for example_complex to None, run_after=None
[2024-06-09T16:51:50.700-0300] {processor.py:183} INFO - Processing /home/pedro/.local/lib/python3.10/site-packages/airflow/example_dags/example_complex.py took 0.055 seconds
[2024-06-09T16:56:05.256-0300] {processor.py:161} INFO - Started process (PID=16355) to work on /home/pedro/.local/lib/python3.10/site-packages/airflow/example_dags/example_complex.py
[2024-06-09T16:56:05.257-0300] {processor.py:830} INFO - Processing file /home/pedro/.local/lib/python3.10/site-packages/airflow/example_dags/example_complex.py for tasks to queue
[2024-06-09T16:56:05.258-0300] {logging_mixin.py:188} INFO - [2024-06-09T16:56:05.258-0300] {dagbag.py:545} INFO - Filling up the DagBag from /home/pedro/.local/lib/python3.10/site-packages/airflow/example_dags/example_complex.py
[2024-06-09T16:56:05.264-0300] {processor.py:840} INFO - DAG(s) 'example_complex' retrieved from /home/pedro/.local/lib/python3.10/site-packages/airflow/example_dags/example_complex.py
[2024-06-09T16:56:05.279-0300] {logging_mixin.py:188} INFO - [2024-06-09T16:56:05.279-0300] {dag.py:3096} INFO - Sync 1 DAGs
[2024-06-09T16:56:05.286-0300] {logging_mixin.py:188} INFO - [2024-06-09T16:56:05.286-0300] {dag.py:3954} INFO - Setting next_dagrun for example_complex to None, run_after=None
[2024-06-09T16:56:05.301-0300] {processor.py:183} INFO - Processing /home/pedro/.local/lib/python3.10/site-packages/airflow/example_dags/example_complex.py took 0.048 seconds
