[2024-06-09T11:45:25.787-0300] {processor.py:161} INFO - Started process (PID=5897) to work on /home/pedro/.local/lib/python3.10/site-packages/airflow/example_dags/example_sensor_decorator.py
[2024-06-09T11:45:25.788-0300] {processor.py:830} INFO - Processing file /home/pedro/.local/lib/python3.10/site-packages/airflow/example_dags/example_sensor_decorator.py for tasks to queue
[2024-06-09T11:45:25.790-0300] {logging_mixin.py:188} INFO - [2024-06-09T11:45:25.789-0300] {dagbag.py:545} INFO - Filling up the DagBag from /home/pedro/.local/lib/python3.10/site-packages/airflow/example_dags/example_sensor_decorator.py
[2024-06-09T11:45:25.796-0300] {processor.py:840} INFO - DAG(s) 'example_sensor_decorator' retrieved from /home/pedro/.local/lib/python3.10/site-packages/airflow/example_dags/example_sensor_decorator.py
[2024-06-09T11:45:25.806-0300] {logging_mixin.py:188} INFO - [2024-06-09T11:45:25.806-0300] {dag.py:3096} INFO - Sync 1 DAGs
[2024-06-09T11:45:25.812-0300] {logging_mixin.py:188} INFO - [2024-06-09T11:45:25.811-0300] {dag.py:3954} INFO - Setting next_dagrun for example_sensor_decorator to None, run_after=None
[2024-06-09T11:45:25.828-0300] {processor.py:183} INFO - Processing /home/pedro/.local/lib/python3.10/site-packages/airflow/example_dags/example_sensor_decorator.py took 0.050 seconds
[2024-06-09T11:46:18.260-0300] {processor.py:161} INFO - Started process (PID=7199) to work on /home/pedro/.local/lib/python3.10/site-packages/airflow/example_dags/example_sensor_decorator.py
[2024-06-09T11:46:18.264-0300] {processor.py:830} INFO - Processing file /home/pedro/.local/lib/python3.10/site-packages/airflow/example_dags/example_sensor_decorator.py for tasks to queue
[2024-06-09T11:46:18.266-0300] {logging_mixin.py:188} INFO - [2024-06-09T11:46:18.265-0300] {dagbag.py:545} INFO - Filling up the DagBag from /home/pedro/.local/lib/python3.10/site-packages/airflow/example_dags/example_sensor_decorator.py
[2024-06-09T11:46:18.272-0300] {processor.py:840} INFO - DAG(s) 'example_sensor_decorator' retrieved from /home/pedro/.local/lib/python3.10/site-packages/airflow/example_dags/example_sensor_decorator.py
[2024-06-09T11:46:18.335-0300] {logging_mixin.py:188} INFO - [2024-06-09T11:46:18.335-0300] {dag.py:3096} INFO - Sync 1 DAGs
[2024-06-09T11:46:18.341-0300] {logging_mixin.py:188} INFO - [2024-06-09T11:46:18.340-0300] {dag.py:3954} INFO - Setting next_dagrun for example_sensor_decorator to None, run_after=None
[2024-06-09T11:46:18.355-0300] {processor.py:183} INFO - Processing /home/pedro/.local/lib/python3.10/site-packages/airflow/example_dags/example_sensor_decorator.py took 0.103 seconds
[2024-06-09T11:47:04.672-0300] {processor.py:161} INFO - Started process (PID=7346) to work on /home/pedro/.local/lib/python3.10/site-packages/airflow/example_dags/example_sensor_decorator.py
[2024-06-09T11:47:04.675-0300] {processor.py:830} INFO - Processing file /home/pedro/.local/lib/python3.10/site-packages/airflow/example_dags/example_sensor_decorator.py for tasks to queue
[2024-06-09T11:47:04.678-0300] {logging_mixin.py:188} INFO - [2024-06-09T11:47:04.677-0300] {dagbag.py:545} INFO - Filling up the DagBag from /home/pedro/.local/lib/python3.10/site-packages/airflow/example_dags/example_sensor_decorator.py
[2024-06-09T11:47:04.685-0300] {processor.py:840} INFO - DAG(s) 'example_sensor_decorator' retrieved from /home/pedro/.local/lib/python3.10/site-packages/airflow/example_dags/example_sensor_decorator.py
[2024-06-09T11:47:04.695-0300] {logging_mixin.py:188} INFO - [2024-06-09T11:47:04.695-0300] {dag.py:3096} INFO - Sync 1 DAGs
[2024-06-09T11:47:04.701-0300] {logging_mixin.py:188} INFO - [2024-06-09T11:47:04.701-0300] {dag.py:3954} INFO - Setting next_dagrun for example_sensor_decorator to None, run_after=None
[2024-06-09T11:47:04.716-0300] {processor.py:183} INFO - Processing /home/pedro/.local/lib/python3.10/site-packages/airflow/example_dags/example_sensor_decorator.py took 0.050 seconds
[2024-06-09T11:47:55.414-0300] {processor.py:161} INFO - Started process (PID=7441) to work on /home/pedro/.local/lib/python3.10/site-packages/airflow/example_dags/example_sensor_decorator.py
[2024-06-09T11:47:55.417-0300] {processor.py:830} INFO - Processing file /home/pedro/.local/lib/python3.10/site-packages/airflow/example_dags/example_sensor_decorator.py for tasks to queue
[2024-06-09T11:47:55.419-0300] {logging_mixin.py:188} INFO - [2024-06-09T11:47:55.419-0300] {dagbag.py:545} INFO - Filling up the DagBag from /home/pedro/.local/lib/python3.10/site-packages/airflow/example_dags/example_sensor_decorator.py
[2024-06-09T11:47:55.427-0300] {processor.py:840} INFO - DAG(s) 'example_sensor_decorator' retrieved from /home/pedro/.local/lib/python3.10/site-packages/airflow/example_dags/example_sensor_decorator.py
[2024-06-09T11:47:55.436-0300] {logging_mixin.py:188} INFO - [2024-06-09T11:47:55.435-0300] {dag.py:3096} INFO - Sync 1 DAGs
[2024-06-09T11:47:55.441-0300] {logging_mixin.py:188} INFO - [2024-06-09T11:47:55.441-0300] {dag.py:3954} INFO - Setting next_dagrun for example_sensor_decorator to None, run_after=None
[2024-06-09T11:47:55.456-0300] {processor.py:183} INFO - Processing /home/pedro/.local/lib/python3.10/site-packages/airflow/example_dags/example_sensor_decorator.py took 0.047 seconds
[2024-06-09T11:48:38.094-0300] {processor.py:161} INFO - Started process (PID=7516) to work on /home/pedro/.local/lib/python3.10/site-packages/airflow/example_dags/example_sensor_decorator.py
[2024-06-09T11:48:38.097-0300] {processor.py:830} INFO - Processing file /home/pedro/.local/lib/python3.10/site-packages/airflow/example_dags/example_sensor_decorator.py for tasks to queue
[2024-06-09T11:48:38.100-0300] {logging_mixin.py:188} INFO - [2024-06-09T11:48:38.099-0300] {dagbag.py:545} INFO - Filling up the DagBag from /home/pedro/.local/lib/python3.10/site-packages/airflow/example_dags/example_sensor_decorator.py
[2024-06-09T11:48:38.106-0300] {processor.py:840} INFO - DAG(s) 'example_sensor_decorator' retrieved from /home/pedro/.local/lib/python3.10/site-packages/airflow/example_dags/example_sensor_decorator.py
[2024-06-09T11:48:38.115-0300] {logging_mixin.py:188} INFO - [2024-06-09T11:48:38.115-0300] {dag.py:3096} INFO - Sync 1 DAGs
[2024-06-09T11:48:38.121-0300] {logging_mixin.py:188} INFO - [2024-06-09T11:48:38.121-0300] {dag.py:3954} INFO - Setting next_dagrun for example_sensor_decorator to None, run_after=None
[2024-06-09T11:48:38.135-0300] {processor.py:183} INFO - Processing /home/pedro/.local/lib/python3.10/site-packages/airflow/example_dags/example_sensor_decorator.py took 0.047 seconds
[2024-06-09T11:49:20.266-0300] {processor.py:161} INFO - Started process (PID=7772) to work on /home/pedro/.local/lib/python3.10/site-packages/airflow/example_dags/example_sensor_decorator.py
[2024-06-09T11:49:20.267-0300] {processor.py:830} INFO - Processing file /home/pedro/.local/lib/python3.10/site-packages/airflow/example_dags/example_sensor_decorator.py for tasks to queue
[2024-06-09T11:49:20.268-0300] {logging_mixin.py:188} INFO - [2024-06-09T11:49:20.268-0300] {dagbag.py:545} INFO - Filling up the DagBag from /home/pedro/.local/lib/python3.10/site-packages/airflow/example_dags/example_sensor_decorator.py
[2024-06-09T11:49:20.274-0300] {processor.py:840} INFO - DAG(s) 'example_sensor_decorator' retrieved from /home/pedro/.local/lib/python3.10/site-packages/airflow/example_dags/example_sensor_decorator.py
[2024-06-09T11:49:20.282-0300] {logging_mixin.py:188} INFO - [2024-06-09T11:49:20.282-0300] {dag.py:3096} INFO - Sync 1 DAGs
[2024-06-09T11:49:20.288-0300] {logging_mixin.py:188} INFO - [2024-06-09T11:49:20.288-0300] {dag.py:3954} INFO - Setting next_dagrun for example_sensor_decorator to None, run_after=None
[2024-06-09T11:49:20.303-0300] {processor.py:183} INFO - Processing /home/pedro/.local/lib/python3.10/site-packages/airflow/example_dags/example_sensor_decorator.py took 0.041 seconds
[2024-06-09T11:50:02.740-0300] {processor.py:161} INFO - Started process (PID=7949) to work on /home/pedro/.local/lib/python3.10/site-packages/airflow/example_dags/example_sensor_decorator.py
[2024-06-09T11:50:02.744-0300] {processor.py:830} INFO - Processing file /home/pedro/.local/lib/python3.10/site-packages/airflow/example_dags/example_sensor_decorator.py for tasks to queue
[2024-06-09T11:50:02.746-0300] {logging_mixin.py:188} INFO - [2024-06-09T11:50:02.746-0300] {dagbag.py:545} INFO - Filling up the DagBag from /home/pedro/.local/lib/python3.10/site-packages/airflow/example_dags/example_sensor_decorator.py
[2024-06-09T11:50:02.753-0300] {processor.py:840} INFO - DAG(s) 'example_sensor_decorator' retrieved from /home/pedro/.local/lib/python3.10/site-packages/airflow/example_dags/example_sensor_decorator.py
[2024-06-09T11:50:02.762-0300] {logging_mixin.py:188} INFO - [2024-06-09T11:50:02.762-0300] {dag.py:3096} INFO - Sync 1 DAGs
[2024-06-09T11:50:02.767-0300] {logging_mixin.py:188} INFO - [2024-06-09T11:50:02.767-0300] {dag.py:3954} INFO - Setting next_dagrun for example_sensor_decorator to None, run_after=None
[2024-06-09T11:50:02.784-0300] {processor.py:183} INFO - Processing /home/pedro/.local/lib/python3.10/site-packages/airflow/example_dags/example_sensor_decorator.py took 0.048 seconds
[2024-06-09T11:50:49.137-0300] {processor.py:161} INFO - Started process (PID=8076) to work on /home/pedro/.local/lib/python3.10/site-packages/airflow/example_dags/example_sensor_decorator.py
[2024-06-09T11:50:49.140-0300] {processor.py:830} INFO - Processing file /home/pedro/.local/lib/python3.10/site-packages/airflow/example_dags/example_sensor_decorator.py for tasks to queue
[2024-06-09T11:50:49.143-0300] {logging_mixin.py:188} INFO - [2024-06-09T11:50:49.142-0300] {dagbag.py:545} INFO - Filling up the DagBag from /home/pedro/.local/lib/python3.10/site-packages/airflow/example_dags/example_sensor_decorator.py
[2024-06-09T11:50:49.148-0300] {processor.py:840} INFO - DAG(s) 'example_sensor_decorator' retrieved from /home/pedro/.local/lib/python3.10/site-packages/airflow/example_dags/example_sensor_decorator.py
[2024-06-09T11:50:49.158-0300] {logging_mixin.py:188} INFO - [2024-06-09T11:50:49.158-0300] {dag.py:3096} INFO - Sync 1 DAGs
[2024-06-09T11:50:49.164-0300] {logging_mixin.py:188} INFO - [2024-06-09T11:50:49.164-0300] {dag.py:3954} INFO - Setting next_dagrun for example_sensor_decorator to None, run_after=None
[2024-06-09T11:50:49.178-0300] {processor.py:183} INFO - Processing /home/pedro/.local/lib/python3.10/site-packages/airflow/example_dags/example_sensor_decorator.py took 0.046 seconds
[2024-06-09T11:51:35.404-0300] {processor.py:161} INFO - Started process (PID=8239) to work on /home/pedro/.local/lib/python3.10/site-packages/airflow/example_dags/example_sensor_decorator.py
[2024-06-09T11:51:35.407-0300] {processor.py:830} INFO - Processing file /home/pedro/.local/lib/python3.10/site-packages/airflow/example_dags/example_sensor_decorator.py for tasks to queue
[2024-06-09T11:51:35.409-0300] {logging_mixin.py:188} INFO - [2024-06-09T11:51:35.409-0300] {dagbag.py:545} INFO - Filling up the DagBag from /home/pedro/.local/lib/python3.10/site-packages/airflow/example_dags/example_sensor_decorator.py
[2024-06-09T11:51:35.416-0300] {processor.py:840} INFO - DAG(s) 'example_sensor_decorator' retrieved from /home/pedro/.local/lib/python3.10/site-packages/airflow/example_dags/example_sensor_decorator.py
[2024-06-09T11:51:35.425-0300] {logging_mixin.py:188} INFO - [2024-06-09T11:51:35.425-0300] {dag.py:3096} INFO - Sync 1 DAGs
[2024-06-09T11:51:35.431-0300] {logging_mixin.py:188} INFO - [2024-06-09T11:51:35.431-0300] {dag.py:3954} INFO - Setting next_dagrun for example_sensor_decorator to None, run_after=None
[2024-06-09T11:51:35.447-0300] {processor.py:183} INFO - Processing /home/pedro/.local/lib/python3.10/site-packages/airflow/example_dags/example_sensor_decorator.py took 0.048 seconds
[2024-06-09T11:52:17.755-0300] {processor.py:161} INFO - Started process (PID=8340) to work on /home/pedro/.local/lib/python3.10/site-packages/airflow/example_dags/example_sensor_decorator.py
[2024-06-09T11:52:17.758-0300] {processor.py:830} INFO - Processing file /home/pedro/.local/lib/python3.10/site-packages/airflow/example_dags/example_sensor_decorator.py for tasks to queue
[2024-06-09T11:52:17.759-0300] {logging_mixin.py:188} INFO - [2024-06-09T11:52:17.759-0300] {dagbag.py:545} INFO - Filling up the DagBag from /home/pedro/.local/lib/python3.10/site-packages/airflow/example_dags/example_sensor_decorator.py
[2024-06-09T11:52:17.765-0300] {processor.py:840} INFO - DAG(s) 'example_sensor_decorator' retrieved from /home/pedro/.local/lib/python3.10/site-packages/airflow/example_dags/example_sensor_decorator.py
[2024-06-09T11:52:17.773-0300] {logging_mixin.py:188} INFO - [2024-06-09T11:52:17.772-0300] {dag.py:3096} INFO - Sync 1 DAGs
[2024-06-09T11:52:17.778-0300] {logging_mixin.py:188} INFO - [2024-06-09T11:52:17.778-0300] {dag.py:3954} INFO - Setting next_dagrun for example_sensor_decorator to None, run_after=None
[2024-06-09T11:52:17.795-0300] {processor.py:183} INFO - Processing /home/pedro/.local/lib/python3.10/site-packages/airflow/example_dags/example_sensor_decorator.py took 0.045 seconds
[2024-06-09T11:52:58.533-0300] {processor.py:161} INFO - Started process (PID=8440) to work on /home/pedro/.local/lib/python3.10/site-packages/airflow/example_dags/example_sensor_decorator.py
[2024-06-09T11:52:58.536-0300] {processor.py:830} INFO - Processing file /home/pedro/.local/lib/python3.10/site-packages/airflow/example_dags/example_sensor_decorator.py for tasks to queue
[2024-06-09T11:52:58.539-0300] {logging_mixin.py:188} INFO - [2024-06-09T11:52:58.538-0300] {dagbag.py:545} INFO - Filling up the DagBag from /home/pedro/.local/lib/python3.10/site-packages/airflow/example_dags/example_sensor_decorator.py
[2024-06-09T11:52:58.545-0300] {processor.py:840} INFO - DAG(s) 'example_sensor_decorator' retrieved from /home/pedro/.local/lib/python3.10/site-packages/airflow/example_dags/example_sensor_decorator.py
[2024-06-09T11:52:58.554-0300] {logging_mixin.py:188} INFO - [2024-06-09T11:52:58.554-0300] {dag.py:3096} INFO - Sync 1 DAGs
[2024-06-09T11:52:58.562-0300] {logging_mixin.py:188} INFO - [2024-06-09T11:52:58.562-0300] {dag.py:3954} INFO - Setting next_dagrun for example_sensor_decorator to None, run_after=None
[2024-06-09T11:52:58.578-0300] {processor.py:183} INFO - Processing /home/pedro/.local/lib/python3.10/site-packages/airflow/example_dags/example_sensor_decorator.py took 0.049 seconds
[2024-06-09T11:53:39.042-0300] {processor.py:161} INFO - Started process (PID=8529) to work on /home/pedro/.local/lib/python3.10/site-packages/airflow/example_dags/example_sensor_decorator.py
[2024-06-09T11:53:39.046-0300] {processor.py:830} INFO - Processing file /home/pedro/.local/lib/python3.10/site-packages/airflow/example_dags/example_sensor_decorator.py for tasks to queue
[2024-06-09T11:53:39.047-0300] {logging_mixin.py:188} INFO - [2024-06-09T11:53:39.047-0300] {dagbag.py:545} INFO - Filling up the DagBag from /home/pedro/.local/lib/python3.10/site-packages/airflow/example_dags/example_sensor_decorator.py
[2024-06-09T11:53:39.054-0300] {processor.py:840} INFO - DAG(s) 'example_sensor_decorator' retrieved from /home/pedro/.local/lib/python3.10/site-packages/airflow/example_dags/example_sensor_decorator.py
[2024-06-09T11:53:39.062-0300] {logging_mixin.py:188} INFO - [2024-06-09T11:53:39.062-0300] {dag.py:3096} INFO - Sync 1 DAGs
[2024-06-09T11:53:39.068-0300] {logging_mixin.py:188} INFO - [2024-06-09T11:53:39.068-0300] {dag.py:3954} INFO - Setting next_dagrun for example_sensor_decorator to None, run_after=None
[2024-06-09T11:53:39.082-0300] {processor.py:183} INFO - Processing /home/pedro/.local/lib/python3.10/site-packages/airflow/example_dags/example_sensor_decorator.py took 0.048 seconds
[2024-06-09T11:54:19.598-0300] {processor.py:161} INFO - Started process (PID=8618) to work on /home/pedro/.local/lib/python3.10/site-packages/airflow/example_dags/example_sensor_decorator.py
[2024-06-09T11:54:19.601-0300] {processor.py:830} INFO - Processing file /home/pedro/.local/lib/python3.10/site-packages/airflow/example_dags/example_sensor_decorator.py for tasks to queue
[2024-06-09T11:54:19.603-0300] {logging_mixin.py:188} INFO - [2024-06-09T11:54:19.603-0300] {dagbag.py:545} INFO - Filling up the DagBag from /home/pedro/.local/lib/python3.10/site-packages/airflow/example_dags/example_sensor_decorator.py
[2024-06-09T11:54:19.610-0300] {processor.py:840} INFO - DAG(s) 'example_sensor_decorator' retrieved from /home/pedro/.local/lib/python3.10/site-packages/airflow/example_dags/example_sensor_decorator.py
[2024-06-09T11:54:19.619-0300] {logging_mixin.py:188} INFO - [2024-06-09T11:54:19.619-0300] {dag.py:3096} INFO - Sync 1 DAGs
[2024-06-09T11:54:19.625-0300] {logging_mixin.py:188} INFO - [2024-06-09T11:54:19.625-0300] {dag.py:3954} INFO - Setting next_dagrun for example_sensor_decorator to None, run_after=None
[2024-06-09T11:54:19.640-0300] {processor.py:183} INFO - Processing /home/pedro/.local/lib/python3.10/site-packages/airflow/example_dags/example_sensor_decorator.py took 0.047 seconds
[2024-06-09T11:55:01.232-0300] {processor.py:161} INFO - Started process (PID=8677) to work on /home/pedro/.local/lib/python3.10/site-packages/airflow/example_dags/example_sensor_decorator.py
[2024-06-09T11:55:01.236-0300] {processor.py:830} INFO - Processing file /home/pedro/.local/lib/python3.10/site-packages/airflow/example_dags/example_sensor_decorator.py for tasks to queue
[2024-06-09T11:55:01.238-0300] {logging_mixin.py:188} INFO - [2024-06-09T11:55:01.238-0300] {dagbag.py:545} INFO - Filling up the DagBag from /home/pedro/.local/lib/python3.10/site-packages/airflow/example_dags/example_sensor_decorator.py
[2024-06-09T11:55:01.244-0300] {processor.py:840} INFO - DAG(s) 'example_sensor_decorator' retrieved from /home/pedro/.local/lib/python3.10/site-packages/airflow/example_dags/example_sensor_decorator.py
[2024-06-09T11:55:01.252-0300] {logging_mixin.py:188} INFO - [2024-06-09T11:55:01.252-0300] {dag.py:3096} INFO - Sync 1 DAGs
[2024-06-09T11:55:01.258-0300] {logging_mixin.py:188} INFO - [2024-06-09T11:55:01.257-0300] {dag.py:3954} INFO - Setting next_dagrun for example_sensor_decorator to None, run_after=None
[2024-06-09T11:55:01.273-0300] {processor.py:183} INFO - Processing /home/pedro/.local/lib/python3.10/site-packages/airflow/example_dags/example_sensor_decorator.py took 0.050 seconds
[2024-06-09T11:55:40.144-0300] {processor.py:161} INFO - Started process (PID=8838) to work on /home/pedro/.local/lib/python3.10/site-packages/airflow/example_dags/example_sensor_decorator.py
[2024-06-09T11:55:40.148-0300] {processor.py:830} INFO - Processing file /home/pedro/.local/lib/python3.10/site-packages/airflow/example_dags/example_sensor_decorator.py for tasks to queue
[2024-06-09T11:55:40.150-0300] {logging_mixin.py:188} INFO - [2024-06-09T11:55:40.149-0300] {dagbag.py:545} INFO - Filling up the DagBag from /home/pedro/.local/lib/python3.10/site-packages/airflow/example_dags/example_sensor_decorator.py
[2024-06-09T11:55:40.157-0300] {processor.py:840} INFO - DAG(s) 'example_sensor_decorator' retrieved from /home/pedro/.local/lib/python3.10/site-packages/airflow/example_dags/example_sensor_decorator.py
[2024-06-09T11:55:40.166-0300] {logging_mixin.py:188} INFO - [2024-06-09T11:55:40.166-0300] {dag.py:3096} INFO - Sync 1 DAGs
[2024-06-09T11:55:40.172-0300] {logging_mixin.py:188} INFO - [2024-06-09T11:55:40.172-0300] {dag.py:3954} INFO - Setting next_dagrun for example_sensor_decorator to None, run_after=None
[2024-06-09T11:55:40.187-0300] {processor.py:183} INFO - Processing /home/pedro/.local/lib/python3.10/site-packages/airflow/example_dags/example_sensor_decorator.py took 0.048 seconds
[2024-06-09T11:57:49.688-0300] {processor.py:161} INFO - Started process (PID=9698) to work on /home/pedro/.local/lib/python3.10/site-packages/airflow/example_dags/example_sensor_decorator.py
[2024-06-09T11:57:49.691-0300] {processor.py:830} INFO - Processing file /home/pedro/.local/lib/python3.10/site-packages/airflow/example_dags/example_sensor_decorator.py for tasks to queue
[2024-06-09T11:57:49.692-0300] {logging_mixin.py:188} INFO - [2024-06-09T11:57:49.692-0300] {dagbag.py:545} INFO - Filling up the DagBag from /home/pedro/.local/lib/python3.10/site-packages/airflow/example_dags/example_sensor_decorator.py
[2024-06-09T11:57:49.697-0300] {processor.py:840} INFO - DAG(s) 'example_sensor_decorator' retrieved from /home/pedro/.local/lib/python3.10/site-packages/airflow/example_dags/example_sensor_decorator.py
[2024-06-09T11:57:49.708-0300] {logging_mixin.py:188} INFO - [2024-06-09T11:57:49.708-0300] {dag.py:3096} INFO - Sync 1 DAGs
[2024-06-09T11:57:49.714-0300] {logging_mixin.py:188} INFO - [2024-06-09T11:57:49.713-0300] {dag.py:3954} INFO - Setting next_dagrun for example_sensor_decorator to None, run_after=None
[2024-06-09T11:57:49.728-0300] {processor.py:183} INFO - Processing /home/pedro/.local/lib/python3.10/site-packages/airflow/example_dags/example_sensor_decorator.py took 0.045 seconds
[2024-06-09T11:59:17.674-0300] {processor.py:161} INFO - Started process (PID=10656) to work on /home/pedro/.local/lib/python3.10/site-packages/airflow/example_dags/example_sensor_decorator.py
[2024-06-09T11:59:17.678-0300] {processor.py:830} INFO - Processing file /home/pedro/.local/lib/python3.10/site-packages/airflow/example_dags/example_sensor_decorator.py for tasks to queue
[2024-06-09T11:59:17.680-0300] {logging_mixin.py:188} INFO - [2024-06-09T11:59:17.679-0300] {dagbag.py:545} INFO - Filling up the DagBag from /home/pedro/.local/lib/python3.10/site-packages/airflow/example_dags/example_sensor_decorator.py
[2024-06-09T11:59:17.686-0300] {processor.py:840} INFO - DAG(s) 'example_sensor_decorator' retrieved from /home/pedro/.local/lib/python3.10/site-packages/airflow/example_dags/example_sensor_decorator.py
[2024-06-09T11:59:17.697-0300] {logging_mixin.py:188} INFO - [2024-06-09T11:59:17.697-0300] {dag.py:3096} INFO - Sync 1 DAGs
[2024-06-09T11:59:17.703-0300] {logging_mixin.py:188} INFO - [2024-06-09T11:59:17.703-0300] {dag.py:3954} INFO - Setting next_dagrun for example_sensor_decorator to None, run_after=None
[2024-06-09T11:59:17.719-0300] {processor.py:183} INFO - Processing /home/pedro/.local/lib/python3.10/site-packages/airflow/example_dags/example_sensor_decorator.py took 0.054 seconds
[2024-06-09T12:00:08.365-0300] {processor.py:161} INFO - Started process (PID=10797) to work on /home/pedro/.local/lib/python3.10/site-packages/airflow/example_dags/example_sensor_decorator.py
[2024-06-09T12:00:08.368-0300] {processor.py:830} INFO - Processing file /home/pedro/.local/lib/python3.10/site-packages/airflow/example_dags/example_sensor_decorator.py for tasks to queue
[2024-06-09T12:00:08.371-0300] {logging_mixin.py:188} INFO - [2024-06-09T12:00:08.370-0300] {dagbag.py:545} INFO - Filling up the DagBag from /home/pedro/.local/lib/python3.10/site-packages/airflow/example_dags/example_sensor_decorator.py
[2024-06-09T12:00:08.377-0300] {processor.py:840} INFO - DAG(s) 'example_sensor_decorator' retrieved from /home/pedro/.local/lib/python3.10/site-packages/airflow/example_dags/example_sensor_decorator.py
[2024-06-09T12:00:08.463-0300] {logging_mixin.py:188} INFO - [2024-06-09T12:00:08.462-0300] {dag.py:3096} INFO - Sync 1 DAGs
[2024-06-09T12:00:08.468-0300] {logging_mixin.py:188} INFO - [2024-06-09T12:00:08.468-0300] {dag.py:3954} INFO - Setting next_dagrun for example_sensor_decorator to None, run_after=None
[2024-06-09T12:00:08.486-0300] {processor.py:183} INFO - Processing /home/pedro/.local/lib/python3.10/site-packages/airflow/example_dags/example_sensor_decorator.py took 0.129 seconds
[2024-06-09T12:00:53.858-0300] {processor.py:161} INFO - Started process (PID=10869) to work on /home/pedro/.local/lib/python3.10/site-packages/airflow/example_dags/example_sensor_decorator.py
[2024-06-09T12:00:53.861-0300] {processor.py:830} INFO - Processing file /home/pedro/.local/lib/python3.10/site-packages/airflow/example_dags/example_sensor_decorator.py for tasks to queue
[2024-06-09T12:00:53.863-0300] {logging_mixin.py:188} INFO - [2024-06-09T12:00:53.862-0300] {dagbag.py:545} INFO - Filling up the DagBag from /home/pedro/.local/lib/python3.10/site-packages/airflow/example_dags/example_sensor_decorator.py
[2024-06-09T12:00:53.868-0300] {processor.py:840} INFO - DAG(s) 'example_sensor_decorator' retrieved from /home/pedro/.local/lib/python3.10/site-packages/airflow/example_dags/example_sensor_decorator.py
[2024-06-09T12:00:53.877-0300] {logging_mixin.py:188} INFO - [2024-06-09T12:00:53.877-0300] {dag.py:3096} INFO - Sync 1 DAGs
[2024-06-09T12:00:53.884-0300] {logging_mixin.py:188} INFO - [2024-06-09T12:00:53.884-0300] {dag.py:3954} INFO - Setting next_dagrun for example_sensor_decorator to None, run_after=None
[2024-06-09T12:00:53.899-0300] {processor.py:183} INFO - Processing /home/pedro/.local/lib/python3.10/site-packages/airflow/example_dags/example_sensor_decorator.py took 0.051 seconds
[2024-06-09T12:01:44.451-0300] {processor.py:161} INFO - Started process (PID=11187) to work on /home/pedro/.local/lib/python3.10/site-packages/airflow/example_dags/example_sensor_decorator.py
[2024-06-09T12:01:44.454-0300] {processor.py:830} INFO - Processing file /home/pedro/.local/lib/python3.10/site-packages/airflow/example_dags/example_sensor_decorator.py for tasks to queue
[2024-06-09T12:01:44.457-0300] {logging_mixin.py:188} INFO - [2024-06-09T12:01:44.456-0300] {dagbag.py:545} INFO - Filling up the DagBag from /home/pedro/.local/lib/python3.10/site-packages/airflow/example_dags/example_sensor_decorator.py
[2024-06-09T12:01:44.463-0300] {processor.py:840} INFO - DAG(s) 'example_sensor_decorator' retrieved from /home/pedro/.local/lib/python3.10/site-packages/airflow/example_dags/example_sensor_decorator.py
[2024-06-09T12:01:44.471-0300] {logging_mixin.py:188} INFO - [2024-06-09T12:01:44.471-0300] {dag.py:3096} INFO - Sync 1 DAGs
[2024-06-09T12:01:44.478-0300] {logging_mixin.py:188} INFO - [2024-06-09T12:01:44.478-0300] {dag.py:3954} INFO - Setting next_dagrun for example_sensor_decorator to None, run_after=None
[2024-06-09T12:01:44.495-0300] {processor.py:183} INFO - Processing /home/pedro/.local/lib/python3.10/site-packages/airflow/example_dags/example_sensor_decorator.py took 0.052 seconds
[2024-06-09T12:02:29.575-0300] {processor.py:161} INFO - Started process (PID=11263) to work on /home/pedro/.local/lib/python3.10/site-packages/airflow/example_dags/example_sensor_decorator.py
[2024-06-09T12:02:29.576-0300] {processor.py:830} INFO - Processing file /home/pedro/.local/lib/python3.10/site-packages/airflow/example_dags/example_sensor_decorator.py for tasks to queue
[2024-06-09T12:02:29.578-0300] {logging_mixin.py:188} INFO - [2024-06-09T12:02:29.578-0300] {dagbag.py:545} INFO - Filling up the DagBag from /home/pedro/.local/lib/python3.10/site-packages/airflow/example_dags/example_sensor_decorator.py
[2024-06-09T12:02:29.583-0300] {processor.py:840} INFO - DAG(s) 'example_sensor_decorator' retrieved from /home/pedro/.local/lib/python3.10/site-packages/airflow/example_dags/example_sensor_decorator.py
[2024-06-09T12:02:29.592-0300] {logging_mixin.py:188} INFO - [2024-06-09T12:02:29.592-0300] {dag.py:3096} INFO - Sync 1 DAGs
[2024-06-09T12:02:29.598-0300] {logging_mixin.py:188} INFO - [2024-06-09T12:02:29.597-0300] {dag.py:3954} INFO - Setting next_dagrun for example_sensor_decorator to None, run_after=None
[2024-06-09T12:02:29.613-0300] {processor.py:183} INFO - Processing /home/pedro/.local/lib/python3.10/site-packages/airflow/example_dags/example_sensor_decorator.py took 0.048 seconds
[2024-06-09T12:03:14.475-0300] {processor.py:161} INFO - Started process (PID=11345) to work on /home/pedro/.local/lib/python3.10/site-packages/airflow/example_dags/example_sensor_decorator.py
[2024-06-09T12:03:14.479-0300] {processor.py:830} INFO - Processing file /home/pedro/.local/lib/python3.10/site-packages/airflow/example_dags/example_sensor_decorator.py for tasks to queue
[2024-06-09T12:03:14.481-0300] {logging_mixin.py:188} INFO - [2024-06-09T12:03:14.480-0300] {dagbag.py:545} INFO - Filling up the DagBag from /home/pedro/.local/lib/python3.10/site-packages/airflow/example_dags/example_sensor_decorator.py
[2024-06-09T12:03:14.488-0300] {processor.py:840} INFO - DAG(s) 'example_sensor_decorator' retrieved from /home/pedro/.local/lib/python3.10/site-packages/airflow/example_dags/example_sensor_decorator.py
[2024-06-09T12:03:14.496-0300] {logging_mixin.py:188} INFO - [2024-06-09T12:03:14.496-0300] {dag.py:3096} INFO - Sync 1 DAGs
[2024-06-09T12:03:14.502-0300] {logging_mixin.py:188} INFO - [2024-06-09T12:03:14.502-0300] {dag.py:3954} INFO - Setting next_dagrun for example_sensor_decorator to None, run_after=None
[2024-06-09T12:03:14.519-0300] {processor.py:183} INFO - Processing /home/pedro/.local/lib/python3.10/site-packages/airflow/example_dags/example_sensor_decorator.py took 0.052 seconds
[2024-06-09T12:03:55.574-0300] {processor.py:161} INFO - Started process (PID=11435) to work on /home/pedro/.local/lib/python3.10/site-packages/airflow/example_dags/example_sensor_decorator.py
[2024-06-09T12:03:55.578-0300] {processor.py:830} INFO - Processing file /home/pedro/.local/lib/python3.10/site-packages/airflow/example_dags/example_sensor_decorator.py for tasks to queue
[2024-06-09T12:03:55.580-0300] {logging_mixin.py:188} INFO - [2024-06-09T12:03:55.579-0300] {dagbag.py:545} INFO - Filling up the DagBag from /home/pedro/.local/lib/python3.10/site-packages/airflow/example_dags/example_sensor_decorator.py
[2024-06-09T12:03:55.586-0300] {processor.py:840} INFO - DAG(s) 'example_sensor_decorator' retrieved from /home/pedro/.local/lib/python3.10/site-packages/airflow/example_dags/example_sensor_decorator.py
[2024-06-09T12:03:55.595-0300] {logging_mixin.py:188} INFO - [2024-06-09T12:03:55.594-0300] {dag.py:3096} INFO - Sync 1 DAGs
[2024-06-09T12:03:55.600-0300] {logging_mixin.py:188} INFO - [2024-06-09T12:03:55.600-0300] {dag.py:3954} INFO - Setting next_dagrun for example_sensor_decorator to None, run_after=None
[2024-06-09T12:03:55.617-0300] {processor.py:183} INFO - Processing /home/pedro/.local/lib/python3.10/site-packages/airflow/example_dags/example_sensor_decorator.py took 0.051 seconds
[2024-06-09T12:04:37.608-0300] {processor.py:161} INFO - Started process (PID=11530) to work on /home/pedro/.local/lib/python3.10/site-packages/airflow/example_dags/example_sensor_decorator.py
[2024-06-09T12:04:37.611-0300] {processor.py:830} INFO - Processing file /home/pedro/.local/lib/python3.10/site-packages/airflow/example_dags/example_sensor_decorator.py for tasks to queue
[2024-06-09T12:04:37.613-0300] {logging_mixin.py:188} INFO - [2024-06-09T12:04:37.612-0300] {dagbag.py:545} INFO - Filling up the DagBag from /home/pedro/.local/lib/python3.10/site-packages/airflow/example_dags/example_sensor_decorator.py
[2024-06-09T12:04:37.619-0300] {processor.py:840} INFO - DAG(s) 'example_sensor_decorator' retrieved from /home/pedro/.local/lib/python3.10/site-packages/airflow/example_dags/example_sensor_decorator.py
[2024-06-09T12:04:37.628-0300] {logging_mixin.py:188} INFO - [2024-06-09T12:04:37.627-0300] {dag.py:3096} INFO - Sync 1 DAGs
[2024-06-09T12:04:37.635-0300] {logging_mixin.py:188} INFO - [2024-06-09T12:04:37.635-0300] {dag.py:3954} INFO - Setting next_dagrun for example_sensor_decorator to None, run_after=None
[2024-06-09T12:04:37.650-0300] {processor.py:183} INFO - Processing /home/pedro/.local/lib/python3.10/site-packages/airflow/example_dags/example_sensor_decorator.py took 0.048 seconds
[2024-06-09T12:05:19.855-0300] {processor.py:161} INFO - Started process (PID=11609) to work on /home/pedro/.local/lib/python3.10/site-packages/airflow/example_dags/example_sensor_decorator.py
[2024-06-09T12:05:19.859-0300] {processor.py:830} INFO - Processing file /home/pedro/.local/lib/python3.10/site-packages/airflow/example_dags/example_sensor_decorator.py for tasks to queue
[2024-06-09T12:05:19.861-0300] {logging_mixin.py:188} INFO - [2024-06-09T12:05:19.860-0300] {dagbag.py:545} INFO - Filling up the DagBag from /home/pedro/.local/lib/python3.10/site-packages/airflow/example_dags/example_sensor_decorator.py
[2024-06-09T12:05:19.867-0300] {processor.py:840} INFO - DAG(s) 'example_sensor_decorator' retrieved from /home/pedro/.local/lib/python3.10/site-packages/airflow/example_dags/example_sensor_decorator.py
[2024-06-09T12:05:19.876-0300] {logging_mixin.py:188} INFO - [2024-06-09T12:05:19.876-0300] {dag.py:3096} INFO - Sync 1 DAGs
[2024-06-09T12:05:19.882-0300] {logging_mixin.py:188} INFO - [2024-06-09T12:05:19.881-0300] {dag.py:3954} INFO - Setting next_dagrun for example_sensor_decorator to None, run_after=None
[2024-06-09T12:05:19.898-0300] {processor.py:183} INFO - Processing /home/pedro/.local/lib/python3.10/site-packages/airflow/example_dags/example_sensor_decorator.py took 0.050 seconds
[2024-06-09T12:06:03.292-0300] {processor.py:161} INFO - Started process (PID=11725) to work on /home/pedro/.local/lib/python3.10/site-packages/airflow/example_dags/example_sensor_decorator.py
[2024-06-09T12:06:03.293-0300] {processor.py:830} INFO - Processing file /home/pedro/.local/lib/python3.10/site-packages/airflow/example_dags/example_sensor_decorator.py for tasks to queue
[2024-06-09T12:06:03.294-0300] {logging_mixin.py:188} INFO - [2024-06-09T12:06:03.294-0300] {dagbag.py:545} INFO - Filling up the DagBag from /home/pedro/.local/lib/python3.10/site-packages/airflow/example_dags/example_sensor_decorator.py
[2024-06-09T12:06:03.299-0300] {processor.py:840} INFO - DAG(s) 'example_sensor_decorator' retrieved from /home/pedro/.local/lib/python3.10/site-packages/airflow/example_dags/example_sensor_decorator.py
[2024-06-09T12:06:03.307-0300] {logging_mixin.py:188} INFO - [2024-06-09T12:06:03.307-0300] {dag.py:3096} INFO - Sync 1 DAGs
[2024-06-09T12:06:03.313-0300] {logging_mixin.py:188} INFO - [2024-06-09T12:06:03.313-0300] {dag.py:3954} INFO - Setting next_dagrun for example_sensor_decorator to None, run_after=None
[2024-06-09T12:06:03.328-0300] {processor.py:183} INFO - Processing /home/pedro/.local/lib/python3.10/site-packages/airflow/example_dags/example_sensor_decorator.py took 0.039 seconds
[2024-06-09T12:06:39.766-0300] {processor.py:161} INFO - Started process (PID=12438) to work on /home/pedro/.local/lib/python3.10/site-packages/airflow/example_dags/example_sensor_decorator.py
[2024-06-09T12:06:39.769-0300] {processor.py:830} INFO - Processing file /home/pedro/.local/lib/python3.10/site-packages/airflow/example_dags/example_sensor_decorator.py for tasks to queue
[2024-06-09T12:06:39.770-0300] {logging_mixin.py:188} INFO - [2024-06-09T12:06:39.770-0300] {dagbag.py:545} INFO - Filling up the DagBag from /home/pedro/.local/lib/python3.10/site-packages/airflow/example_dags/example_sensor_decorator.py
[2024-06-09T12:06:39.776-0300] {processor.py:840} INFO - DAG(s) 'example_sensor_decorator' retrieved from /home/pedro/.local/lib/python3.10/site-packages/airflow/example_dags/example_sensor_decorator.py
[2024-06-09T12:06:39.791-0300] {logging_mixin.py:188} INFO - [2024-06-09T12:06:39.791-0300] {dag.py:3096} INFO - Sync 1 DAGs
[2024-06-09T12:06:39.797-0300] {logging_mixin.py:188} INFO - [2024-06-09T12:06:39.797-0300] {dag.py:3954} INFO - Setting next_dagrun for example_sensor_decorator to None, run_after=None
[2024-06-09T12:06:39.814-0300] {processor.py:183} INFO - Processing /home/pedro/.local/lib/python3.10/site-packages/airflow/example_dags/example_sensor_decorator.py took 0.053 seconds
[2024-06-09T12:07:35.035-0300] {processor.py:161} INFO - Started process (PID=12534) to work on /home/pedro/.local/lib/python3.10/site-packages/airflow/example_dags/example_sensor_decorator.py
[2024-06-09T12:07:35.038-0300] {processor.py:830} INFO - Processing file /home/pedro/.local/lib/python3.10/site-packages/airflow/example_dags/example_sensor_decorator.py for tasks to queue
[2024-06-09T12:07:35.040-0300] {logging_mixin.py:188} INFO - [2024-06-09T12:07:35.040-0300] {dagbag.py:545} INFO - Filling up the DagBag from /home/pedro/.local/lib/python3.10/site-packages/airflow/example_dags/example_sensor_decorator.py
[2024-06-09T12:07:35.047-0300] {processor.py:840} INFO - DAG(s) 'example_sensor_decorator' retrieved from /home/pedro/.local/lib/python3.10/site-packages/airflow/example_dags/example_sensor_decorator.py
[2024-06-09T12:07:35.113-0300] {logging_mixin.py:188} INFO - [2024-06-09T12:07:35.113-0300] {dag.py:3096} INFO - Sync 1 DAGs
[2024-06-09T12:07:35.118-0300] {logging_mixin.py:188} INFO - [2024-06-09T12:07:35.118-0300] {dag.py:3954} INFO - Setting next_dagrun for example_sensor_decorator to None, run_after=None
[2024-06-09T12:07:35.133-0300] {processor.py:183} INFO - Processing /home/pedro/.local/lib/python3.10/site-packages/airflow/example_dags/example_sensor_decorator.py took 0.107 seconds
[2024-06-09T12:08:24.757-0300] {processor.py:161} INFO - Started process (PID=12631) to work on /home/pedro/.local/lib/python3.10/site-packages/airflow/example_dags/example_sensor_decorator.py
[2024-06-09T12:08:24.761-0300] {processor.py:830} INFO - Processing file /home/pedro/.local/lib/python3.10/site-packages/airflow/example_dags/example_sensor_decorator.py for tasks to queue
[2024-06-09T12:08:24.762-0300] {logging_mixin.py:188} INFO - [2024-06-09T12:08:24.762-0300] {dagbag.py:545} INFO - Filling up the DagBag from /home/pedro/.local/lib/python3.10/site-packages/airflow/example_dags/example_sensor_decorator.py
[2024-06-09T12:08:24.767-0300] {processor.py:840} INFO - DAG(s) 'example_sensor_decorator' retrieved from /home/pedro/.local/lib/python3.10/site-packages/airflow/example_dags/example_sensor_decorator.py
[2024-06-09T12:08:24.781-0300] {logging_mixin.py:188} INFO - [2024-06-09T12:08:24.781-0300] {dag.py:3096} INFO - Sync 1 DAGs
[2024-06-09T12:08:24.792-0300] {logging_mixin.py:188} INFO - [2024-06-09T12:08:24.792-0300] {dag.py:3954} INFO - Setting next_dagrun for example_sensor_decorator to None, run_after=None
[2024-06-09T12:08:24.813-0300] {processor.py:183} INFO - Processing /home/pedro/.local/lib/python3.10/site-packages/airflow/example_dags/example_sensor_decorator.py took 0.061 seconds
[2024-06-09T12:09:16.954-0300] {processor.py:161} INFO - Started process (PID=12720) to work on /home/pedro/.local/lib/python3.10/site-packages/airflow/example_dags/example_sensor_decorator.py
[2024-06-09T12:09:16.957-0300] {processor.py:830} INFO - Processing file /home/pedro/.local/lib/python3.10/site-packages/airflow/example_dags/example_sensor_decorator.py for tasks to queue
[2024-06-09T12:09:16.959-0300] {logging_mixin.py:188} INFO - [2024-06-09T12:09:16.958-0300] {dagbag.py:545} INFO - Filling up the DagBag from /home/pedro/.local/lib/python3.10/site-packages/airflow/example_dags/example_sensor_decorator.py
[2024-06-09T12:09:16.965-0300] {processor.py:840} INFO - DAG(s) 'example_sensor_decorator' retrieved from /home/pedro/.local/lib/python3.10/site-packages/airflow/example_dags/example_sensor_decorator.py
[2024-06-09T12:09:16.974-0300] {logging_mixin.py:188} INFO - [2024-06-09T12:09:16.974-0300] {dag.py:3096} INFO - Sync 1 DAGs
[2024-06-09T12:09:16.980-0300] {logging_mixin.py:188} INFO - [2024-06-09T12:09:16.980-0300] {dag.py:3954} INFO - Setting next_dagrun for example_sensor_decorator to None, run_after=None
[2024-06-09T12:09:16.999-0300] {processor.py:183} INFO - Processing /home/pedro/.local/lib/python3.10/site-packages/airflow/example_dags/example_sensor_decorator.py took 0.048 seconds
[2024-06-09T12:09:58.089-0300] {processor.py:161} INFO - Started process (PID=12796) to work on /home/pedro/.local/lib/python3.10/site-packages/airflow/example_dags/example_sensor_decorator.py
[2024-06-09T12:09:58.093-0300] {processor.py:830} INFO - Processing file /home/pedro/.local/lib/python3.10/site-packages/airflow/example_dags/example_sensor_decorator.py for tasks to queue
[2024-06-09T12:09:58.095-0300] {logging_mixin.py:188} INFO - [2024-06-09T12:09:58.095-0300] {dagbag.py:545} INFO - Filling up the DagBag from /home/pedro/.local/lib/python3.10/site-packages/airflow/example_dags/example_sensor_decorator.py
[2024-06-09T12:09:58.100-0300] {processor.py:840} INFO - DAG(s) 'example_sensor_decorator' retrieved from /home/pedro/.local/lib/python3.10/site-packages/airflow/example_dags/example_sensor_decorator.py
[2024-06-09T12:09:58.109-0300] {logging_mixin.py:188} INFO - [2024-06-09T12:09:58.109-0300] {dag.py:3096} INFO - Sync 1 DAGs
[2024-06-09T12:09:58.115-0300] {logging_mixin.py:188} INFO - [2024-06-09T12:09:58.115-0300] {dag.py:3954} INFO - Setting next_dagrun for example_sensor_decorator to None, run_after=None
[2024-06-09T12:09:58.132-0300] {processor.py:183} INFO - Processing /home/pedro/.local/lib/python3.10/site-packages/airflow/example_dags/example_sensor_decorator.py took 0.051 seconds
[2024-06-09T12:10:41.152-0300] {processor.py:161} INFO - Started process (PID=12887) to work on /home/pedro/.local/lib/python3.10/site-packages/airflow/example_dags/example_sensor_decorator.py
[2024-06-09T12:10:41.155-0300] {processor.py:830} INFO - Processing file /home/pedro/.local/lib/python3.10/site-packages/airflow/example_dags/example_sensor_decorator.py for tasks to queue
[2024-06-09T12:10:41.157-0300] {logging_mixin.py:188} INFO - [2024-06-09T12:10:41.157-0300] {dagbag.py:545} INFO - Filling up the DagBag from /home/pedro/.local/lib/python3.10/site-packages/airflow/example_dags/example_sensor_decorator.py
[2024-06-09T12:10:41.163-0300] {processor.py:840} INFO - DAG(s) 'example_sensor_decorator' retrieved from /home/pedro/.local/lib/python3.10/site-packages/airflow/example_dags/example_sensor_decorator.py
[2024-06-09T12:10:41.173-0300] {logging_mixin.py:188} INFO - [2024-06-09T12:10:41.172-0300] {dag.py:3096} INFO - Sync 1 DAGs
[2024-06-09T12:10:41.178-0300] {logging_mixin.py:188} INFO - [2024-06-09T12:10:41.178-0300] {dag.py:3954} INFO - Setting next_dagrun for example_sensor_decorator to None, run_after=None
[2024-06-09T12:10:41.195-0300] {processor.py:183} INFO - Processing /home/pedro/.local/lib/python3.10/site-packages/airflow/example_dags/example_sensor_decorator.py took 0.049 seconds
[2024-06-09T12:11:54.576-0300] {processor.py:161} INFO - Started process (PID=13002) to work on /home/pedro/.local/lib/python3.10/site-packages/airflow/example_dags/example_sensor_decorator.py
[2024-06-09T12:11:54.577-0300] {processor.py:830} INFO - Processing file /home/pedro/.local/lib/python3.10/site-packages/airflow/example_dags/example_sensor_decorator.py for tasks to queue
[2024-06-09T12:11:54.579-0300] {logging_mixin.py:188} INFO - [2024-06-09T12:11:54.579-0300] {dagbag.py:545} INFO - Filling up the DagBag from /home/pedro/.local/lib/python3.10/site-packages/airflow/example_dags/example_sensor_decorator.py
[2024-06-09T12:11:54.585-0300] {processor.py:840} INFO - DAG(s) 'example_sensor_decorator' retrieved from /home/pedro/.local/lib/python3.10/site-packages/airflow/example_dags/example_sensor_decorator.py
[2024-06-09T12:11:54.598-0300] {logging_mixin.py:188} INFO - [2024-06-09T12:11:54.598-0300] {dag.py:3096} INFO - Sync 1 DAGs
[2024-06-09T12:11:54.604-0300] {logging_mixin.py:188} INFO - [2024-06-09T12:11:54.603-0300] {dag.py:3954} INFO - Setting next_dagrun for example_sensor_decorator to None, run_after=None
[2024-06-09T12:11:54.618-0300] {processor.py:183} INFO - Processing /home/pedro/.local/lib/python3.10/site-packages/airflow/example_dags/example_sensor_decorator.py took 0.052 seconds
[2024-06-09T12:12:47.792-0300] {processor.py:161} INFO - Started process (PID=13097) to work on /home/pedro/.local/lib/python3.10/site-packages/airflow/example_dags/example_sensor_decorator.py
[2024-06-09T12:12:47.795-0300] {processor.py:830} INFO - Processing file /home/pedro/.local/lib/python3.10/site-packages/airflow/example_dags/example_sensor_decorator.py for tasks to queue
[2024-06-09T12:12:47.796-0300] {logging_mixin.py:188} INFO - [2024-06-09T12:12:47.796-0300] {dagbag.py:545} INFO - Filling up the DagBag from /home/pedro/.local/lib/python3.10/site-packages/airflow/example_dags/example_sensor_decorator.py
[2024-06-09T12:12:47.800-0300] {processor.py:840} INFO - DAG(s) 'example_sensor_decorator' retrieved from /home/pedro/.local/lib/python3.10/site-packages/airflow/example_dags/example_sensor_decorator.py
[2024-06-09T12:12:47.877-0300] {logging_mixin.py:188} INFO - [2024-06-09T12:12:47.877-0300] {dag.py:3096} INFO - Sync 1 DAGs
[2024-06-09T12:12:47.884-0300] {logging_mixin.py:188} INFO - [2024-06-09T12:12:47.884-0300] {dag.py:3954} INFO - Setting next_dagrun for example_sensor_decorator to None, run_after=None
[2024-06-09T12:12:47.904-0300] {processor.py:183} INFO - Processing /home/pedro/.local/lib/python3.10/site-packages/airflow/example_dags/example_sensor_decorator.py took 0.120 seconds
[2024-06-09T12:13:35.551-0300] {processor.py:161} INFO - Started process (PID=13164) to work on /home/pedro/.local/lib/python3.10/site-packages/airflow/example_dags/example_sensor_decorator.py
[2024-06-09T12:13:35.555-0300] {processor.py:830} INFO - Processing file /home/pedro/.local/lib/python3.10/site-packages/airflow/example_dags/example_sensor_decorator.py for tasks to queue
[2024-06-09T12:13:35.556-0300] {logging_mixin.py:188} INFO - [2024-06-09T12:13:35.556-0300] {dagbag.py:545} INFO - Filling up the DagBag from /home/pedro/.local/lib/python3.10/site-packages/airflow/example_dags/example_sensor_decorator.py
[2024-06-09T12:13:35.561-0300] {processor.py:840} INFO - DAG(s) 'example_sensor_decorator' retrieved from /home/pedro/.local/lib/python3.10/site-packages/airflow/example_dags/example_sensor_decorator.py
[2024-06-09T12:13:35.571-0300] {logging_mixin.py:188} INFO - [2024-06-09T12:13:35.571-0300] {dag.py:3096} INFO - Sync 1 DAGs
[2024-06-09T12:13:35.578-0300] {logging_mixin.py:188} INFO - [2024-06-09T12:13:35.578-0300] {dag.py:3954} INFO - Setting next_dagrun for example_sensor_decorator to None, run_after=None
[2024-06-09T12:13:35.596-0300] {processor.py:183} INFO - Processing /home/pedro/.local/lib/python3.10/site-packages/airflow/example_dags/example_sensor_decorator.py took 0.054 seconds
[2024-06-09T12:14:25.935-0300] {processor.py:161} INFO - Started process (PID=13231) to work on /home/pedro/.local/lib/python3.10/site-packages/airflow/example_dags/example_sensor_decorator.py
[2024-06-09T12:14:25.937-0300] {processor.py:830} INFO - Processing file /home/pedro/.local/lib/python3.10/site-packages/airflow/example_dags/example_sensor_decorator.py for tasks to queue
[2024-06-09T12:14:25.939-0300] {logging_mixin.py:188} INFO - [2024-06-09T12:14:25.938-0300] {dagbag.py:545} INFO - Filling up the DagBag from /home/pedro/.local/lib/python3.10/site-packages/airflow/example_dags/example_sensor_decorator.py
[2024-06-09T12:14:25.944-0300] {processor.py:840} INFO - DAG(s) 'example_sensor_decorator' retrieved from /home/pedro/.local/lib/python3.10/site-packages/airflow/example_dags/example_sensor_decorator.py
[2024-06-09T12:14:25.954-0300] {logging_mixin.py:188} INFO - [2024-06-09T12:14:25.954-0300] {dag.py:3096} INFO - Sync 1 DAGs
[2024-06-09T12:14:25.960-0300] {logging_mixin.py:188} INFO - [2024-06-09T12:14:25.960-0300] {dag.py:3954} INFO - Setting next_dagrun for example_sensor_decorator to None, run_after=None
[2024-06-09T12:14:25.975-0300] {processor.py:183} INFO - Processing /home/pedro/.local/lib/python3.10/site-packages/airflow/example_dags/example_sensor_decorator.py took 0.050 seconds
[2024-06-09T12:15:07.730-0300] {processor.py:161} INFO - Started process (PID=13308) to work on /home/pedro/.local/lib/python3.10/site-packages/airflow/example_dags/example_sensor_decorator.py
[2024-06-09T12:15:07.731-0300] {processor.py:830} INFO - Processing file /home/pedro/.local/lib/python3.10/site-packages/airflow/example_dags/example_sensor_decorator.py for tasks to queue
[2024-06-09T12:15:07.733-0300] {logging_mixin.py:188} INFO - [2024-06-09T12:15:07.733-0300] {dagbag.py:545} INFO - Filling up the DagBag from /home/pedro/.local/lib/python3.10/site-packages/airflow/example_dags/example_sensor_decorator.py
[2024-06-09T12:15:07.739-0300] {processor.py:840} INFO - DAG(s) 'example_sensor_decorator' retrieved from /home/pedro/.local/lib/python3.10/site-packages/airflow/example_dags/example_sensor_decorator.py
[2024-06-09T12:15:07.751-0300] {logging_mixin.py:188} INFO - [2024-06-09T12:15:07.751-0300] {dag.py:3096} INFO - Sync 1 DAGs
[2024-06-09T12:15:07.757-0300] {logging_mixin.py:188} INFO - [2024-06-09T12:15:07.756-0300] {dag.py:3954} INFO - Setting next_dagrun for example_sensor_decorator to None, run_after=None
[2024-06-09T12:15:07.771-0300] {processor.py:183} INFO - Processing /home/pedro/.local/lib/python3.10/site-packages/airflow/example_dags/example_sensor_decorator.py took 0.050 seconds
[2024-06-09T12:19:56.431-0300] {processor.py:161} INFO - Started process (PID=13589) to work on /home/pedro/.local/lib/python3.10/site-packages/airflow/example_dags/example_sensor_decorator.py
[2024-06-09T12:19:56.434-0300] {processor.py:830} INFO - Processing file /home/pedro/.local/lib/python3.10/site-packages/airflow/example_dags/example_sensor_decorator.py for tasks to queue
[2024-06-09T12:19:56.436-0300] {logging_mixin.py:188} INFO - [2024-06-09T12:19:56.435-0300] {dagbag.py:545} INFO - Filling up the DagBag from /home/pedro/.local/lib/python3.10/site-packages/airflow/example_dags/example_sensor_decorator.py
[2024-06-09T12:19:56.442-0300] {processor.py:840} INFO - DAG(s) 'example_sensor_decorator' retrieved from /home/pedro/.local/lib/python3.10/site-packages/airflow/example_dags/example_sensor_decorator.py
[2024-06-09T12:19:56.457-0300] {logging_mixin.py:188} INFO - [2024-06-09T12:19:56.457-0300] {dag.py:3096} INFO - Sync 1 DAGs
[2024-06-09T12:19:56.465-0300] {logging_mixin.py:188} INFO - [2024-06-09T12:19:56.464-0300] {dag.py:3954} INFO - Setting next_dagrun for example_sensor_decorator to None, run_after=None
[2024-06-09T12:19:56.488-0300] {processor.py:183} INFO - Processing /home/pedro/.local/lib/python3.10/site-packages/airflow/example_dags/example_sensor_decorator.py took 0.061 seconds
[2024-06-09T12:20:47.824-0300] {processor.py:161} INFO - Started process (PID=13693) to work on /home/pedro/.local/lib/python3.10/site-packages/airflow/example_dags/example_sensor_decorator.py
[2024-06-09T12:20:47.828-0300] {processor.py:830} INFO - Processing file /home/pedro/.local/lib/python3.10/site-packages/airflow/example_dags/example_sensor_decorator.py for tasks to queue
[2024-06-09T12:20:47.830-0300] {logging_mixin.py:188} INFO - [2024-06-09T12:20:47.829-0300] {dagbag.py:545} INFO - Filling up the DagBag from /home/pedro/.local/lib/python3.10/site-packages/airflow/example_dags/example_sensor_decorator.py
[2024-06-09T12:20:47.835-0300] {processor.py:840} INFO - DAG(s) 'example_sensor_decorator' retrieved from /home/pedro/.local/lib/python3.10/site-packages/airflow/example_dags/example_sensor_decorator.py
[2024-06-09T12:20:47.904-0300] {logging_mixin.py:188} INFO - [2024-06-09T12:20:47.903-0300] {dag.py:3096} INFO - Sync 1 DAGs
[2024-06-09T12:20:47.909-0300] {logging_mixin.py:188} INFO - [2024-06-09T12:20:47.909-0300] {dag.py:3954} INFO - Setting next_dagrun for example_sensor_decorator to None, run_after=None
[2024-06-09T12:20:47.926-0300] {processor.py:183} INFO - Processing /home/pedro/.local/lib/python3.10/site-packages/airflow/example_dags/example_sensor_decorator.py took 0.109 seconds
[2024-06-09T12:21:38.297-0300] {processor.py:161} INFO - Started process (PID=13815) to work on /home/pedro/.local/lib/python3.10/site-packages/airflow/example_dags/example_sensor_decorator.py
[2024-06-09T12:21:38.301-0300] {processor.py:830} INFO - Processing file /home/pedro/.local/lib/python3.10/site-packages/airflow/example_dags/example_sensor_decorator.py for tasks to queue
[2024-06-09T12:21:38.303-0300] {logging_mixin.py:188} INFO - [2024-06-09T12:21:38.302-0300] {dagbag.py:545} INFO - Filling up the DagBag from /home/pedro/.local/lib/python3.10/site-packages/airflow/example_dags/example_sensor_decorator.py
[2024-06-09T12:21:38.309-0300] {processor.py:840} INFO - DAG(s) 'example_sensor_decorator' retrieved from /home/pedro/.local/lib/python3.10/site-packages/airflow/example_dags/example_sensor_decorator.py
[2024-06-09T12:21:38.317-0300] {logging_mixin.py:188} INFO - [2024-06-09T12:21:38.317-0300] {dag.py:3096} INFO - Sync 1 DAGs
[2024-06-09T12:21:38.323-0300] {logging_mixin.py:188} INFO - [2024-06-09T12:21:38.323-0300] {dag.py:3954} INFO - Setting next_dagrun for example_sensor_decorator to None, run_after=None
[2024-06-09T12:21:38.338-0300] {processor.py:183} INFO - Processing /home/pedro/.local/lib/python3.10/site-packages/airflow/example_dags/example_sensor_decorator.py took 0.051 seconds
[2024-06-09T12:22:21.944-0300] {processor.py:161} INFO - Started process (PID=13890) to work on /home/pedro/.local/lib/python3.10/site-packages/airflow/example_dags/example_sensor_decorator.py
[2024-06-09T12:22:21.948-0300] {processor.py:830} INFO - Processing file /home/pedro/.local/lib/python3.10/site-packages/airflow/example_dags/example_sensor_decorator.py for tasks to queue
[2024-06-09T12:22:21.950-0300] {logging_mixin.py:188} INFO - [2024-06-09T12:22:21.949-0300] {dagbag.py:545} INFO - Filling up the DagBag from /home/pedro/.local/lib/python3.10/site-packages/airflow/example_dags/example_sensor_decorator.py
[2024-06-09T12:22:21.957-0300] {processor.py:840} INFO - DAG(s) 'example_sensor_decorator' retrieved from /home/pedro/.local/lib/python3.10/site-packages/airflow/example_dags/example_sensor_decorator.py
[2024-06-09T12:22:21.966-0300] {logging_mixin.py:188} INFO - [2024-06-09T12:22:21.966-0300] {dag.py:3096} INFO - Sync 1 DAGs
[2024-06-09T12:22:21.972-0300] {logging_mixin.py:188} INFO - [2024-06-09T12:22:21.972-0300] {dag.py:3954} INFO - Setting next_dagrun for example_sensor_decorator to None, run_after=None
[2024-06-09T12:22:21.987-0300] {processor.py:183} INFO - Processing /home/pedro/.local/lib/python3.10/site-packages/airflow/example_dags/example_sensor_decorator.py took 0.048 seconds
[2024-06-09T12:23:03.634-0300] {processor.py:161} INFO - Started process (PID=13991) to work on /home/pedro/.local/lib/python3.10/site-packages/airflow/example_dags/example_sensor_decorator.py
[2024-06-09T12:23:03.637-0300] {processor.py:830} INFO - Processing file /home/pedro/.local/lib/python3.10/site-packages/airflow/example_dags/example_sensor_decorator.py for tasks to queue
[2024-06-09T12:23:03.639-0300] {logging_mixin.py:188} INFO - [2024-06-09T12:23:03.639-0300] {dagbag.py:545} INFO - Filling up the DagBag from /home/pedro/.local/lib/python3.10/site-packages/airflow/example_dags/example_sensor_decorator.py
[2024-06-09T12:23:03.645-0300] {processor.py:840} INFO - DAG(s) 'example_sensor_decorator' retrieved from /home/pedro/.local/lib/python3.10/site-packages/airflow/example_dags/example_sensor_decorator.py
[2024-06-09T12:23:03.653-0300] {logging_mixin.py:188} INFO - [2024-06-09T12:23:03.653-0300] {dag.py:3096} INFO - Sync 1 DAGs
[2024-06-09T12:23:03.660-0300] {logging_mixin.py:188} INFO - [2024-06-09T12:23:03.660-0300] {dag.py:3954} INFO - Setting next_dagrun for example_sensor_decorator to None, run_after=None
[2024-06-09T12:23:03.677-0300] {processor.py:183} INFO - Processing /home/pedro/.local/lib/python3.10/site-packages/airflow/example_dags/example_sensor_decorator.py took 0.053 seconds
[2024-06-09T12:23:45.188-0300] {processor.py:161} INFO - Started process (PID=14069) to work on /home/pedro/.local/lib/python3.10/site-packages/airflow/example_dags/example_sensor_decorator.py
[2024-06-09T12:23:45.189-0300] {processor.py:830} INFO - Processing file /home/pedro/.local/lib/python3.10/site-packages/airflow/example_dags/example_sensor_decorator.py for tasks to queue
[2024-06-09T12:23:45.191-0300] {logging_mixin.py:188} INFO - [2024-06-09T12:23:45.191-0300] {dagbag.py:545} INFO - Filling up the DagBag from /home/pedro/.local/lib/python3.10/site-packages/airflow/example_dags/example_sensor_decorator.py
[2024-06-09T12:23:45.196-0300] {processor.py:840} INFO - DAG(s) 'example_sensor_decorator' retrieved from /home/pedro/.local/lib/python3.10/site-packages/airflow/example_dags/example_sensor_decorator.py
[2024-06-09T12:23:45.203-0300] {logging_mixin.py:188} INFO - [2024-06-09T12:23:45.203-0300] {dag.py:3096} INFO - Sync 1 DAGs
[2024-06-09T12:23:45.209-0300] {logging_mixin.py:188} INFO - [2024-06-09T12:23:45.209-0300] {dag.py:3954} INFO - Setting next_dagrun for example_sensor_decorator to None, run_after=None
[2024-06-09T12:23:45.222-0300] {processor.py:183} INFO - Processing /home/pedro/.local/lib/python3.10/site-packages/airflow/example_dags/example_sensor_decorator.py took 0.044 seconds
[2024-06-09T16:26:13.071-0300] {processor.py:161} INFO - Started process (PID=4810) to work on /home/pedro/.local/lib/python3.10/site-packages/airflow/example_dags/example_sensor_decorator.py
[2024-06-09T16:26:13.075-0300] {processor.py:830} INFO - Processing file /home/pedro/.local/lib/python3.10/site-packages/airflow/example_dags/example_sensor_decorator.py for tasks to queue
[2024-06-09T16:26:13.076-0300] {logging_mixin.py:188} INFO - [2024-06-09T16:26:13.076-0300] {dagbag.py:545} INFO - Filling up the DagBag from /home/pedro/.local/lib/python3.10/site-packages/airflow/example_dags/example_sensor_decorator.py
[2024-06-09T16:26:13.081-0300] {processor.py:840} INFO - DAG(s) 'example_sensor_decorator' retrieved from /home/pedro/.local/lib/python3.10/site-packages/airflow/example_dags/example_sensor_decorator.py
[2024-06-09T16:26:13.096-0300] {logging_mixin.py:188} INFO - [2024-06-09T16:26:13.096-0300] {dag.py:3096} INFO - Sync 1 DAGs
[2024-06-09T16:26:13.105-0300] {logging_mixin.py:188} INFO - [2024-06-09T16:26:13.105-0300] {dag.py:3954} INFO - Setting next_dagrun for example_sensor_decorator to None, run_after=None
[2024-06-09T16:26:13.142-0300] {processor.py:183} INFO - Processing /home/pedro/.local/lib/python3.10/site-packages/airflow/example_dags/example_sensor_decorator.py took 0.076 seconds
[2024-06-09T16:28:23.088-0300] {processor.py:161} INFO - Started process (PID=5509) to work on /home/pedro/.local/lib/python3.10/site-packages/airflow/example_dags/example_sensor_decorator.py
[2024-06-09T16:28:23.092-0300] {processor.py:830} INFO - Processing file /home/pedro/.local/lib/python3.10/site-packages/airflow/example_dags/example_sensor_decorator.py for tasks to queue
[2024-06-09T16:28:23.093-0300] {logging_mixin.py:188} INFO - [2024-06-09T16:28:23.092-0300] {dagbag.py:545} INFO - Filling up the DagBag from /home/pedro/.local/lib/python3.10/site-packages/airflow/example_dags/example_sensor_decorator.py
[2024-06-09T16:28:23.097-0300] {processor.py:840} INFO - DAG(s) 'example_sensor_decorator' retrieved from /home/pedro/.local/lib/python3.10/site-packages/airflow/example_dags/example_sensor_decorator.py
[2024-06-09T16:28:23.105-0300] {logging_mixin.py:188} INFO - [2024-06-09T16:28:23.105-0300] {dag.py:3096} INFO - Sync 1 DAGs
[2024-06-09T16:28:23.175-0300] {logging_mixin.py:188} INFO - [2024-06-09T16:28:23.175-0300] {dag.py:3954} INFO - Setting next_dagrun for example_sensor_decorator to None, run_after=None
[2024-06-09T16:28:23.219-0300] {processor.py:183} INFO - Processing /home/pedro/.local/lib/python3.10/site-packages/airflow/example_dags/example_sensor_decorator.py took 0.134 seconds
[2024-06-09T16:30:36.141-0300] {processor.py:161} INFO - Started process (PID=7394) to work on /home/pedro/.local/lib/python3.10/site-packages/airflow/example_dags/example_sensor_decorator.py
[2024-06-09T16:30:36.144-0300] {processor.py:830} INFO - Processing file /home/pedro/.local/lib/python3.10/site-packages/airflow/example_dags/example_sensor_decorator.py for tasks to queue
[2024-06-09T16:30:36.146-0300] {logging_mixin.py:188} INFO - [2024-06-09T16:30:36.146-0300] {dagbag.py:545} INFO - Filling up the DagBag from /home/pedro/.local/lib/python3.10/site-packages/airflow/example_dags/example_sensor_decorator.py
[2024-06-09T16:30:36.150-0300] {processor.py:840} INFO - DAG(s) 'example_sensor_decorator' retrieved from /home/pedro/.local/lib/python3.10/site-packages/airflow/example_dags/example_sensor_decorator.py
[2024-06-09T16:30:36.159-0300] {logging_mixin.py:188} INFO - [2024-06-09T16:30:36.159-0300] {dag.py:3096} INFO - Sync 1 DAGs
[2024-06-09T16:30:36.167-0300] {logging_mixin.py:188} INFO - [2024-06-09T16:30:36.167-0300] {dag.py:3954} INFO - Setting next_dagrun for example_sensor_decorator to None, run_after=None
[2024-06-09T16:30:36.185-0300] {processor.py:183} INFO - Processing /home/pedro/.local/lib/python3.10/site-packages/airflow/example_dags/example_sensor_decorator.py took 0.048 seconds
[2024-06-09T16:32:46.055-0300] {processor.py:161} INFO - Started process (PID=8150) to work on /home/pedro/.local/lib/python3.10/site-packages/airflow/example_dags/example_sensor_decorator.py
[2024-06-09T16:32:46.055-0300] {processor.py:830} INFO - Processing file /home/pedro/.local/lib/python3.10/site-packages/airflow/example_dags/example_sensor_decorator.py for tasks to queue
[2024-06-09T16:32:46.056-0300] {logging_mixin.py:188} INFO - [2024-06-09T16:32:46.056-0300] {dagbag.py:545} INFO - Filling up the DagBag from /home/pedro/.local/lib/python3.10/site-packages/airflow/example_dags/example_sensor_decorator.py
[2024-06-09T16:32:46.060-0300] {processor.py:840} INFO - DAG(s) 'example_sensor_decorator' retrieved from /home/pedro/.local/lib/python3.10/site-packages/airflow/example_dags/example_sensor_decorator.py
[2024-06-09T16:32:46.069-0300] {logging_mixin.py:188} INFO - [2024-06-09T16:32:46.069-0300] {dag.py:3096} INFO - Sync 1 DAGs
[2024-06-09T16:32:46.076-0300] {logging_mixin.py:188} INFO - [2024-06-09T16:32:46.076-0300] {dag.py:3954} INFO - Setting next_dagrun for example_sensor_decorator to None, run_after=None
[2024-06-09T16:32:46.091-0300] {processor.py:183} INFO - Processing /home/pedro/.local/lib/python3.10/site-packages/airflow/example_dags/example_sensor_decorator.py took 0.041 seconds
[2024-06-09T16:34:47.288-0300] {processor.py:161} INFO - Started process (PID=8825) to work on /home/pedro/.local/lib/python3.10/site-packages/airflow/example_dags/example_sensor_decorator.py
[2024-06-09T16:34:47.291-0300] {processor.py:830} INFO - Processing file /home/pedro/.local/lib/python3.10/site-packages/airflow/example_dags/example_sensor_decorator.py for tasks to queue
[2024-06-09T16:34:47.292-0300] {logging_mixin.py:188} INFO - [2024-06-09T16:34:47.292-0300] {dagbag.py:545} INFO - Filling up the DagBag from /home/pedro/.local/lib/python3.10/site-packages/airflow/example_dags/example_sensor_decorator.py
[2024-06-09T16:34:47.295-0300] {processor.py:840} INFO - DAG(s) 'example_sensor_decorator' retrieved from /home/pedro/.local/lib/python3.10/site-packages/airflow/example_dags/example_sensor_decorator.py
[2024-06-09T16:34:47.303-0300] {logging_mixin.py:188} INFO - [2024-06-09T16:34:47.303-0300] {dag.py:3096} INFO - Sync 1 DAGs
[2024-06-09T16:34:47.309-0300] {logging_mixin.py:188} INFO - [2024-06-09T16:34:47.309-0300] {dag.py:3954} INFO - Setting next_dagrun for example_sensor_decorator to None, run_after=None
[2024-06-09T16:34:47.325-0300] {processor.py:183} INFO - Processing /home/pedro/.local/lib/python3.10/site-packages/airflow/example_dags/example_sensor_decorator.py took 0.041 seconds
[2024-06-09T16:36:45.207-0300] {processor.py:161} INFO - Started process (PID=9497) to work on /home/pedro/.local/lib/python3.10/site-packages/airflow/example_dags/example_sensor_decorator.py
[2024-06-09T16:36:45.208-0300] {processor.py:830} INFO - Processing file /home/pedro/.local/lib/python3.10/site-packages/airflow/example_dags/example_sensor_decorator.py for tasks to queue
[2024-06-09T16:36:45.209-0300] {logging_mixin.py:188} INFO - [2024-06-09T16:36:45.209-0300] {dagbag.py:545} INFO - Filling up the DagBag from /home/pedro/.local/lib/python3.10/site-packages/airflow/example_dags/example_sensor_decorator.py
[2024-06-09T16:36:45.213-0300] {processor.py:840} INFO - DAG(s) 'example_sensor_decorator' retrieved from /home/pedro/.local/lib/python3.10/site-packages/airflow/example_dags/example_sensor_decorator.py
[2024-06-09T16:36:45.225-0300] {logging_mixin.py:188} INFO - [2024-06-09T16:36:45.225-0300] {dag.py:3096} INFO - Sync 1 DAGs
[2024-06-09T16:36:45.236-0300] {logging_mixin.py:188} INFO - [2024-06-09T16:36:45.236-0300] {dag.py:3954} INFO - Setting next_dagrun for example_sensor_decorator to None, run_after=None
[2024-06-09T16:36:45.256-0300] {processor.py:183} INFO - Processing /home/pedro/.local/lib/python3.10/site-packages/airflow/example_dags/example_sensor_decorator.py took 0.053 seconds
[2024-06-09T16:38:41.100-0300] {processor.py:161} INFO - Started process (PID=10217) to work on /home/pedro/.local/lib/python3.10/site-packages/airflow/example_dags/example_sensor_decorator.py
[2024-06-09T16:38:41.102-0300] {processor.py:830} INFO - Processing file /home/pedro/.local/lib/python3.10/site-packages/airflow/example_dags/example_sensor_decorator.py for tasks to queue
[2024-06-09T16:38:41.104-0300] {logging_mixin.py:188} INFO - [2024-06-09T16:38:41.103-0300] {dagbag.py:545} INFO - Filling up the DagBag from /home/pedro/.local/lib/python3.10/site-packages/airflow/example_dags/example_sensor_decorator.py
[2024-06-09T16:38:41.108-0300] {processor.py:840} INFO - DAG(s) 'example_sensor_decorator' retrieved from /home/pedro/.local/lib/python3.10/site-packages/airflow/example_dags/example_sensor_decorator.py
[2024-06-09T16:38:41.119-0300] {logging_mixin.py:188} INFO - [2024-06-09T16:38:41.118-0300] {dag.py:3096} INFO - Sync 1 DAGs
[2024-06-09T16:38:41.126-0300] {logging_mixin.py:188} INFO - [2024-06-09T16:38:41.126-0300] {dag.py:3954} INFO - Setting next_dagrun for example_sensor_decorator to None, run_after=None
[2024-06-09T16:38:41.143-0300] {processor.py:183} INFO - Processing /home/pedro/.local/lib/python3.10/site-packages/airflow/example_dags/example_sensor_decorator.py took 0.049 seconds
[2024-06-09T16:40:38.969-0300] {processor.py:161} INFO - Started process (PID=10913) to work on /home/pedro/.local/lib/python3.10/site-packages/airflow/example_dags/example_sensor_decorator.py
[2024-06-09T16:40:38.970-0300] {processor.py:830} INFO - Processing file /home/pedro/.local/lib/python3.10/site-packages/airflow/example_dags/example_sensor_decorator.py for tasks to queue
[2024-06-09T16:40:38.971-0300] {logging_mixin.py:188} INFO - [2024-06-09T16:40:38.971-0300] {dagbag.py:545} INFO - Filling up the DagBag from /home/pedro/.local/lib/python3.10/site-packages/airflow/example_dags/example_sensor_decorator.py
[2024-06-09T16:40:38.975-0300] {processor.py:840} INFO - DAG(s) 'example_sensor_decorator' retrieved from /home/pedro/.local/lib/python3.10/site-packages/airflow/example_dags/example_sensor_decorator.py
[2024-06-09T16:40:38.983-0300] {logging_mixin.py:188} INFO - [2024-06-09T16:40:38.983-0300] {dag.py:3096} INFO - Sync 1 DAGs
[2024-06-09T16:40:38.989-0300] {logging_mixin.py:188} INFO - [2024-06-09T16:40:38.989-0300] {dag.py:3954} INFO - Setting next_dagrun for example_sensor_decorator to None, run_after=None
[2024-06-09T16:40:39.003-0300] {processor.py:183} INFO - Processing /home/pedro/.local/lib/python3.10/site-packages/airflow/example_dags/example_sensor_decorator.py took 0.040 seconds
[2024-06-09T16:42:37.002-0300] {processor.py:161} INFO - Started process (PID=11637) to work on /home/pedro/.local/lib/python3.10/site-packages/airflow/example_dags/example_sensor_decorator.py
[2024-06-09T16:42:37.003-0300] {processor.py:830} INFO - Processing file /home/pedro/.local/lib/python3.10/site-packages/airflow/example_dags/example_sensor_decorator.py for tasks to queue
[2024-06-09T16:42:37.004-0300] {logging_mixin.py:188} INFO - [2024-06-09T16:42:37.004-0300] {dagbag.py:545} INFO - Filling up the DagBag from /home/pedro/.local/lib/python3.10/site-packages/airflow/example_dags/example_sensor_decorator.py
[2024-06-09T16:42:37.009-0300] {processor.py:840} INFO - DAG(s) 'example_sensor_decorator' retrieved from /home/pedro/.local/lib/python3.10/site-packages/airflow/example_dags/example_sensor_decorator.py
[2024-06-09T16:42:37.018-0300] {logging_mixin.py:188} INFO - [2024-06-09T16:42:37.018-0300] {dag.py:3096} INFO - Sync 1 DAGs
[2024-06-09T16:42:37.024-0300] {logging_mixin.py:188} INFO - [2024-06-09T16:42:37.024-0300] {dag.py:3954} INFO - Setting next_dagrun for example_sensor_decorator to None, run_after=None
[2024-06-09T16:42:37.039-0300] {processor.py:183} INFO - Processing /home/pedro/.local/lib/python3.10/site-packages/airflow/example_dags/example_sensor_decorator.py took 0.040 seconds
[2024-06-09T16:44:40.564-0300] {processor.py:161} INFO - Started process (PID=12321) to work on /home/pedro/.local/lib/python3.10/site-packages/airflow/example_dags/example_sensor_decorator.py
[2024-06-09T16:44:40.567-0300] {processor.py:830} INFO - Processing file /home/pedro/.local/lib/python3.10/site-packages/airflow/example_dags/example_sensor_decorator.py for tasks to queue
[2024-06-09T16:44:40.568-0300] {logging_mixin.py:188} INFO - [2024-06-09T16:44:40.568-0300] {dagbag.py:545} INFO - Filling up the DagBag from /home/pedro/.local/lib/python3.10/site-packages/airflow/example_dags/example_sensor_decorator.py
[2024-06-09T16:44:40.572-0300] {processor.py:840} INFO - DAG(s) 'example_sensor_decorator' retrieved from /home/pedro/.local/lib/python3.10/site-packages/airflow/example_dags/example_sensor_decorator.py
[2024-06-09T16:44:40.580-0300] {logging_mixin.py:188} INFO - [2024-06-09T16:44:40.580-0300] {dag.py:3096} INFO - Sync 1 DAGs
[2024-06-09T16:44:40.587-0300] {logging_mixin.py:188} INFO - [2024-06-09T16:44:40.587-0300] {dag.py:3954} INFO - Setting next_dagrun for example_sensor_decorator to None, run_after=None
[2024-06-09T16:44:40.609-0300] {processor.py:183} INFO - Processing /home/pedro/.local/lib/python3.10/site-packages/airflow/example_dags/example_sensor_decorator.py took 0.049 seconds
[2024-06-09T16:46:50.097-0300] {processor.py:161} INFO - Started process (PID=13076) to work on /home/pedro/.local/lib/python3.10/site-packages/airflow/example_dags/example_sensor_decorator.py
[2024-06-09T16:46:50.098-0300] {processor.py:830} INFO - Processing file /home/pedro/.local/lib/python3.10/site-packages/airflow/example_dags/example_sensor_decorator.py for tasks to queue
[2024-06-09T16:46:50.099-0300] {logging_mixin.py:188} INFO - [2024-06-09T16:46:50.099-0300] {dagbag.py:545} INFO - Filling up the DagBag from /home/pedro/.local/lib/python3.10/site-packages/airflow/example_dags/example_sensor_decorator.py
[2024-06-09T16:46:50.103-0300] {processor.py:840} INFO - DAG(s) 'example_sensor_decorator' retrieved from /home/pedro/.local/lib/python3.10/site-packages/airflow/example_dags/example_sensor_decorator.py
[2024-06-09T16:46:50.111-0300] {logging_mixin.py:188} INFO - [2024-06-09T16:46:50.111-0300] {dag.py:3096} INFO - Sync 1 DAGs
[2024-06-09T16:46:50.117-0300] {logging_mixin.py:188} INFO - [2024-06-09T16:46:50.117-0300] {dag.py:3954} INFO - Setting next_dagrun for example_sensor_decorator to None, run_after=None
[2024-06-09T16:46:50.131-0300] {processor.py:183} INFO - Processing /home/pedro/.local/lib/python3.10/site-packages/airflow/example_dags/example_sensor_decorator.py took 0.038 seconds
[2024-06-09T16:48:54.130-0300] {processor.py:161} INFO - Started process (PID=13785) to work on /home/pedro/.local/lib/python3.10/site-packages/airflow/example_dags/example_sensor_decorator.py
[2024-06-09T16:48:54.133-0300] {processor.py:830} INFO - Processing file /home/pedro/.local/lib/python3.10/site-packages/airflow/example_dags/example_sensor_decorator.py for tasks to queue
[2024-06-09T16:48:54.134-0300] {logging_mixin.py:188} INFO - [2024-06-09T16:48:54.134-0300] {dagbag.py:545} INFO - Filling up the DagBag from /home/pedro/.local/lib/python3.10/site-packages/airflow/example_dags/example_sensor_decorator.py
[2024-06-09T16:48:54.138-0300] {processor.py:840} INFO - DAG(s) 'example_sensor_decorator' retrieved from /home/pedro/.local/lib/python3.10/site-packages/airflow/example_dags/example_sensor_decorator.py
[2024-06-09T16:48:54.147-0300] {logging_mixin.py:188} INFO - [2024-06-09T16:48:54.147-0300] {dag.py:3096} INFO - Sync 1 DAGs
[2024-06-09T16:48:54.153-0300] {logging_mixin.py:188} INFO - [2024-06-09T16:48:54.153-0300] {dag.py:3954} INFO - Setting next_dagrun for example_sensor_decorator to None, run_after=None
[2024-06-09T16:48:54.169-0300] {processor.py:183} INFO - Processing /home/pedro/.local/lib/python3.10/site-packages/airflow/example_dags/example_sensor_decorator.py took 0.042 seconds
[2024-06-09T16:50:53.178-0300] {processor.py:161} INFO - Started process (PID=14558) to work on /home/pedro/.local/lib/python3.10/site-packages/airflow/example_dags/example_sensor_decorator.py
[2024-06-09T16:50:53.180-0300] {processor.py:830} INFO - Processing file /home/pedro/.local/lib/python3.10/site-packages/airflow/example_dags/example_sensor_decorator.py for tasks to queue
[2024-06-09T16:50:53.181-0300] {logging_mixin.py:188} INFO - [2024-06-09T16:50:53.181-0300] {dagbag.py:545} INFO - Filling up the DagBag from /home/pedro/.local/lib/python3.10/site-packages/airflow/example_dags/example_sensor_decorator.py
[2024-06-09T16:50:53.186-0300] {processor.py:840} INFO - DAG(s) 'example_sensor_decorator' retrieved from /home/pedro/.local/lib/python3.10/site-packages/airflow/example_dags/example_sensor_decorator.py
[2024-06-09T16:50:53.194-0300] {logging_mixin.py:188} INFO - [2024-06-09T16:50:53.194-0300] {dag.py:3096} INFO - Sync 1 DAGs
[2024-06-09T16:50:53.200-0300] {logging_mixin.py:188} INFO - [2024-06-09T16:50:53.200-0300] {dag.py:3954} INFO - Setting next_dagrun for example_sensor_decorator to None, run_after=None
[2024-06-09T16:50:53.214-0300] {processor.py:183} INFO - Processing /home/pedro/.local/lib/python3.10/site-packages/airflow/example_dags/example_sensor_decorator.py took 0.041 seconds
[2024-06-09T16:52:55.226-0300] {processor.py:161} INFO - Started process (PID=15246) to work on /home/pedro/.local/lib/python3.10/site-packages/airflow/example_dags/example_sensor_decorator.py
[2024-06-09T16:52:55.227-0300] {processor.py:830} INFO - Processing file /home/pedro/.local/lib/python3.10/site-packages/airflow/example_dags/example_sensor_decorator.py for tasks to queue
[2024-06-09T16:52:55.228-0300] {logging_mixin.py:188} INFO - [2024-06-09T16:52:55.228-0300] {dagbag.py:545} INFO - Filling up the DagBag from /home/pedro/.local/lib/python3.10/site-packages/airflow/example_dags/example_sensor_decorator.py
[2024-06-09T16:52:55.232-0300] {processor.py:840} INFO - DAG(s) 'example_sensor_decorator' retrieved from /home/pedro/.local/lib/python3.10/site-packages/airflow/example_dags/example_sensor_decorator.py
[2024-06-09T16:52:55.240-0300] {logging_mixin.py:188} INFO - [2024-06-09T16:52:55.240-0300] {dag.py:3096} INFO - Sync 1 DAGs
[2024-06-09T16:52:55.247-0300] {logging_mixin.py:188} INFO - [2024-06-09T16:52:55.247-0300] {dag.py:3954} INFO - Setting next_dagrun for example_sensor_decorator to None, run_after=None
[2024-06-09T16:52:55.261-0300] {processor.py:183} INFO - Processing /home/pedro/.local/lib/python3.10/site-packages/airflow/example_dags/example_sensor_decorator.py took 0.038 seconds
[2024-06-09T16:55:05.898-0300] {processor.py:161} INFO - Started process (PID=15984) to work on /home/pedro/.local/lib/python3.10/site-packages/airflow/example_dags/example_sensor_decorator.py
[2024-06-09T16:55:05.899-0300] {processor.py:830} INFO - Processing file /home/pedro/.local/lib/python3.10/site-packages/airflow/example_dags/example_sensor_decorator.py for tasks to queue
[2024-06-09T16:55:05.900-0300] {logging_mixin.py:188} INFO - [2024-06-09T16:55:05.900-0300] {dagbag.py:545} INFO - Filling up the DagBag from /home/pedro/.local/lib/python3.10/site-packages/airflow/example_dags/example_sensor_decorator.py
[2024-06-09T16:55:05.904-0300] {processor.py:840} INFO - DAG(s) 'example_sensor_decorator' retrieved from /home/pedro/.local/lib/python3.10/site-packages/airflow/example_dags/example_sensor_decorator.py
[2024-06-09T16:55:05.913-0300] {logging_mixin.py:188} INFO - [2024-06-09T16:55:05.913-0300] {dag.py:3096} INFO - Sync 1 DAGs
[2024-06-09T16:55:05.919-0300] {logging_mixin.py:188} INFO - [2024-06-09T16:55:05.919-0300] {dag.py:3954} INFO - Setting next_dagrun for example_sensor_decorator to None, run_after=None
[2024-06-09T16:55:05.936-0300] {processor.py:183} INFO - Processing /home/pedro/.local/lib/python3.10/site-packages/airflow/example_dags/example_sensor_decorator.py took 0.044 seconds
[2024-06-09T16:57:10.244-0300] {processor.py:161} INFO - Started process (PID=16694) to work on /home/pedro/.local/lib/python3.10/site-packages/airflow/example_dags/example_sensor_decorator.py
[2024-06-09T16:57:10.245-0300] {processor.py:830} INFO - Processing file /home/pedro/.local/lib/python3.10/site-packages/airflow/example_dags/example_sensor_decorator.py for tasks to queue
[2024-06-09T16:57:10.246-0300] {logging_mixin.py:188} INFO - [2024-06-09T16:57:10.246-0300] {dagbag.py:545} INFO - Filling up the DagBag from /home/pedro/.local/lib/python3.10/site-packages/airflow/example_dags/example_sensor_decorator.py
[2024-06-09T16:57:10.249-0300] {processor.py:840} INFO - DAG(s) 'example_sensor_decorator' retrieved from /home/pedro/.local/lib/python3.10/site-packages/airflow/example_dags/example_sensor_decorator.py
[2024-06-09T16:57:10.259-0300] {logging_mixin.py:188} INFO - [2024-06-09T16:57:10.258-0300] {dag.py:3096} INFO - Sync 1 DAGs
[2024-06-09T16:57:10.266-0300] {logging_mixin.py:188} INFO - [2024-06-09T16:57:10.265-0300] {dag.py:3954} INFO - Setting next_dagrun for example_sensor_decorator to None, run_after=None
[2024-06-09T16:57:10.299-0300] {processor.py:183} INFO - Processing /home/pedro/.local/lib/python3.10/site-packages/airflow/example_dags/example_sensor_decorator.py took 0.058 seconds
