[2024-06-09T11:45:50.501-0300] {processor.py:161} INFO - Started process (PID=6088) to work on /home/pedro/.local/lib/python3.10/site-packages/airflow/example_dags/example_external_task_marker_dag.py
[2024-06-09T11:45:50.502-0300] {processor.py:830} INFO - Processing file /home/pedro/.local/lib/python3.10/site-packages/airflow/example_dags/example_external_task_marker_dag.py for tasks to queue
[2024-06-09T11:45:50.505-0300] {logging_mixin.py:188} INFO - [2024-06-09T11:45:50.504-0300] {dagbag.py:545} INFO - Filling up the DagBag from /home/pedro/.local/lib/python3.10/site-packages/airflow/example_dags/example_external_task_marker_dag.py
[2024-06-09T11:45:50.510-0300] {processor.py:840} INFO - DAG(s) 'example_external_task_marker_parent', 'example_external_task_marker_child' retrieved from /home/pedro/.local/lib/python3.10/site-packages/airflow/example_dags/example_external_task_marker_dag.py
[2024-06-09T11:45:50.520-0300] {logging_mixin.py:188} INFO - [2024-06-09T11:45:50.520-0300] {dag.py:3096} INFO - Sync 2 DAGs
[2024-06-09T11:45:50.525-0300] {logging_mixin.py:188} INFO - [2024-06-09T11:45:50.525-0300] {dag.py:3954} INFO - Setting next_dagrun for example_external_task_marker_child to None, run_after=None
[2024-06-09T11:45:50.527-0300] {logging_mixin.py:188} INFO - [2024-06-09T11:45:50.527-0300] {dag.py:3954} INFO - Setting next_dagrun for example_external_task_marker_parent to None, run_after=None
[2024-06-09T11:45:50.542-0300] {processor.py:183} INFO - Processing /home/pedro/.local/lib/python3.10/site-packages/airflow/example_dags/example_external_task_marker_dag.py took 0.049 seconds
[2024-06-09T11:46:42.182-0300] {processor.py:161} INFO - Started process (PID=7300) to work on /home/pedro/.local/lib/python3.10/site-packages/airflow/example_dags/example_external_task_marker_dag.py
[2024-06-09T11:46:42.185-0300] {processor.py:830} INFO - Processing file /home/pedro/.local/lib/python3.10/site-packages/airflow/example_dags/example_external_task_marker_dag.py for tasks to queue
[2024-06-09T11:46:42.187-0300] {logging_mixin.py:188} INFO - [2024-06-09T11:46:42.186-0300] {dagbag.py:545} INFO - Filling up the DagBag from /home/pedro/.local/lib/python3.10/site-packages/airflow/example_dags/example_external_task_marker_dag.py
[2024-06-09T11:46:42.194-0300] {processor.py:840} INFO - DAG(s) 'example_external_task_marker_child', 'example_external_task_marker_parent' retrieved from /home/pedro/.local/lib/python3.10/site-packages/airflow/example_dags/example_external_task_marker_dag.py
[2024-06-09T11:46:42.204-0300] {logging_mixin.py:188} INFO - [2024-06-09T11:46:42.204-0300] {dag.py:3096} INFO - Sync 2 DAGs
[2024-06-09T11:46:42.210-0300] {logging_mixin.py:188} INFO - [2024-06-09T11:46:42.210-0300] {dag.py:3954} INFO - Setting next_dagrun for example_external_task_marker_child to None, run_after=None
[2024-06-09T11:46:42.211-0300] {logging_mixin.py:188} INFO - [2024-06-09T11:46:42.211-0300] {dag.py:3954} INFO - Setting next_dagrun for example_external_task_marker_parent to None, run_after=None
[2024-06-09T11:46:42.225-0300] {processor.py:183} INFO - Processing /home/pedro/.local/lib/python3.10/site-packages/airflow/example_dags/example_external_task_marker_dag.py took 0.045 seconds
[2024-06-09T11:47:45.279-0300] {processor.py:161} INFO - Started process (PID=7415) to work on /home/pedro/.local/lib/python3.10/site-packages/airflow/example_dags/example_external_task_marker_dag.py
[2024-06-09T11:47:45.283-0300] {processor.py:830} INFO - Processing file /home/pedro/.local/lib/python3.10/site-packages/airflow/example_dags/example_external_task_marker_dag.py for tasks to queue
[2024-06-09T11:47:45.285-0300] {logging_mixin.py:188} INFO - [2024-06-09T11:47:45.285-0300] {dagbag.py:545} INFO - Filling up the DagBag from /home/pedro/.local/lib/python3.10/site-packages/airflow/example_dags/example_external_task_marker_dag.py
[2024-06-09T11:47:45.291-0300] {processor.py:840} INFO - DAG(s) 'example_external_task_marker_child', 'example_external_task_marker_parent' retrieved from /home/pedro/.local/lib/python3.10/site-packages/airflow/example_dags/example_external_task_marker_dag.py
[2024-06-09T11:47:45.301-0300] {logging_mixin.py:188} INFO - [2024-06-09T11:47:45.301-0300] {dag.py:3096} INFO - Sync 2 DAGs
[2024-06-09T11:47:45.307-0300] {logging_mixin.py:188} INFO - [2024-06-09T11:47:45.306-0300] {dag.py:3954} INFO - Setting next_dagrun for example_external_task_marker_child to None, run_after=None
[2024-06-09T11:47:45.308-0300] {logging_mixin.py:188} INFO - [2024-06-09T11:47:45.308-0300] {dag.py:3954} INFO - Setting next_dagrun for example_external_task_marker_parent to None, run_after=None
[2024-06-09T11:47:45.321-0300] {processor.py:183} INFO - Processing /home/pedro/.local/lib/python3.10/site-packages/airflow/example_dags/example_external_task_marker_dag.py took 0.046 seconds
[2024-06-09T11:48:49.560-0300] {processor.py:161} INFO - Started process (PID=7599) to work on /home/pedro/.local/lib/python3.10/site-packages/airflow/example_dags/example_external_task_marker_dag.py
[2024-06-09T11:48:49.562-0300] {processor.py:830} INFO - Processing file /home/pedro/.local/lib/python3.10/site-packages/airflow/example_dags/example_external_task_marker_dag.py for tasks to queue
[2024-06-09T11:48:49.563-0300] {logging_mixin.py:188} INFO - [2024-06-09T11:48:49.563-0300] {dagbag.py:545} INFO - Filling up the DagBag from /home/pedro/.local/lib/python3.10/site-packages/airflow/example_dags/example_external_task_marker_dag.py
[2024-06-09T11:48:49.568-0300] {processor.py:840} INFO - DAG(s) 'example_external_task_marker_child', 'example_external_task_marker_parent' retrieved from /home/pedro/.local/lib/python3.10/site-packages/airflow/example_dags/example_external_task_marker_dag.py
[2024-06-09T11:48:49.578-0300] {logging_mixin.py:188} INFO - [2024-06-09T11:48:49.578-0300] {dag.py:3096} INFO - Sync 2 DAGs
[2024-06-09T11:48:49.586-0300] {logging_mixin.py:188} INFO - [2024-06-09T11:48:49.585-0300] {dag.py:3954} INFO - Setting next_dagrun for example_external_task_marker_child to None, run_after=None
[2024-06-09T11:48:49.587-0300] {logging_mixin.py:188} INFO - [2024-06-09T11:48:49.587-0300] {dag.py:3954} INFO - Setting next_dagrun for example_external_task_marker_parent to None, run_after=None
[2024-06-09T11:48:49.601-0300] {processor.py:183} INFO - Processing /home/pedro/.local/lib/python3.10/site-packages/airflow/example_dags/example_external_task_marker_dag.py took 0.048 seconds
[2024-06-09T11:49:52.429-0300] {processor.py:161} INFO - Started process (PID=7939) to work on /home/pedro/.local/lib/python3.10/site-packages/airflow/example_dags/example_external_task_marker_dag.py
[2024-06-09T11:49:52.432-0300] {processor.py:830} INFO - Processing file /home/pedro/.local/lib/python3.10/site-packages/airflow/example_dags/example_external_task_marker_dag.py for tasks to queue
[2024-06-09T11:49:52.435-0300] {logging_mixin.py:188} INFO - [2024-06-09T11:49:52.435-0300] {dagbag.py:545} INFO - Filling up the DagBag from /home/pedro/.local/lib/python3.10/site-packages/airflow/example_dags/example_external_task_marker_dag.py
[2024-06-09T11:49:52.441-0300] {processor.py:840} INFO - DAG(s) 'example_external_task_marker_parent', 'example_external_task_marker_child' retrieved from /home/pedro/.local/lib/python3.10/site-packages/airflow/example_dags/example_external_task_marker_dag.py
[2024-06-09T11:49:52.452-0300] {logging_mixin.py:188} INFO - [2024-06-09T11:49:52.452-0300] {dag.py:3096} INFO - Sync 2 DAGs
[2024-06-09T11:49:52.458-0300] {logging_mixin.py:188} INFO - [2024-06-09T11:49:52.457-0300] {dag.py:3954} INFO - Setting next_dagrun for example_external_task_marker_child to None, run_after=None
[2024-06-09T11:49:52.459-0300] {logging_mixin.py:188} INFO - [2024-06-09T11:49:52.459-0300] {dag.py:3954} INFO - Setting next_dagrun for example_external_task_marker_parent to None, run_after=None
[2024-06-09T11:49:52.475-0300] {processor.py:183} INFO - Processing /home/pedro/.local/lib/python3.10/site-packages/airflow/example_dags/example_external_task_marker_dag.py took 0.051 seconds
[2024-06-09T11:50:45.388-0300] {processor.py:161} INFO - Started process (PID=8042) to work on /home/pedro/.local/lib/python3.10/site-packages/airflow/example_dags/example_external_task_marker_dag.py
[2024-06-09T11:50:45.391-0300] {processor.py:830} INFO - Processing file /home/pedro/.local/lib/python3.10/site-packages/airflow/example_dags/example_external_task_marker_dag.py for tasks to queue
[2024-06-09T11:50:45.393-0300] {logging_mixin.py:188} INFO - [2024-06-09T11:50:45.393-0300] {dagbag.py:545} INFO - Filling up the DagBag from /home/pedro/.local/lib/python3.10/site-packages/airflow/example_dags/example_external_task_marker_dag.py
[2024-06-09T11:50:45.400-0300] {processor.py:840} INFO - DAG(s) 'example_external_task_marker_parent', 'example_external_task_marker_child' retrieved from /home/pedro/.local/lib/python3.10/site-packages/airflow/example_dags/example_external_task_marker_dag.py
[2024-06-09T11:50:45.411-0300] {logging_mixin.py:188} INFO - [2024-06-09T11:50:45.411-0300] {dag.py:3096} INFO - Sync 2 DAGs
[2024-06-09T11:50:45.417-0300] {logging_mixin.py:188} INFO - [2024-06-09T11:50:45.417-0300] {dag.py:3954} INFO - Setting next_dagrun for example_external_task_marker_child to None, run_after=None
[2024-06-09T11:50:45.419-0300] {logging_mixin.py:188} INFO - [2024-06-09T11:50:45.419-0300] {dag.py:3954} INFO - Setting next_dagrun for example_external_task_marker_parent to None, run_after=None
[2024-06-09T11:50:45.432-0300] {processor.py:183} INFO - Processing /home/pedro/.local/lib/python3.10/site-packages/airflow/example_dags/example_external_task_marker_dag.py took 0.049 seconds
[2024-06-09T11:51:53.617-0300] {processor.py:161} INFO - Started process (PID=8275) to work on /home/pedro/.local/lib/python3.10/site-packages/airflow/example_dags/example_external_task_marker_dag.py
[2024-06-09T11:51:53.621-0300] {processor.py:830} INFO - Processing file /home/pedro/.local/lib/python3.10/site-packages/airflow/example_dags/example_external_task_marker_dag.py for tasks to queue
[2024-06-09T11:51:53.622-0300] {logging_mixin.py:188} INFO - [2024-06-09T11:51:53.622-0300] {dagbag.py:545} INFO - Filling up the DagBag from /home/pedro/.local/lib/python3.10/site-packages/airflow/example_dags/example_external_task_marker_dag.py
[2024-06-09T11:51:53.629-0300] {processor.py:840} INFO - DAG(s) 'example_external_task_marker_child', 'example_external_task_marker_parent' retrieved from /home/pedro/.local/lib/python3.10/site-packages/airflow/example_dags/example_external_task_marker_dag.py
[2024-06-09T11:51:53.640-0300] {logging_mixin.py:188} INFO - [2024-06-09T11:51:53.640-0300] {dag.py:3096} INFO - Sync 2 DAGs
[2024-06-09T11:51:53.647-0300] {logging_mixin.py:188} INFO - [2024-06-09T11:51:53.647-0300] {dag.py:3954} INFO - Setting next_dagrun for example_external_task_marker_child to None, run_after=None
[2024-06-09T11:51:53.649-0300] {logging_mixin.py:188} INFO - [2024-06-09T11:51:53.649-0300] {dag.py:3954} INFO - Setting next_dagrun for example_external_task_marker_parent to None, run_after=None
[2024-06-09T11:51:53.662-0300] {processor.py:183} INFO - Processing /home/pedro/.local/lib/python3.10/site-packages/airflow/example_dags/example_external_task_marker_dag.py took 0.049 seconds
[2024-06-09T11:52:54.981-0300] {processor.py:161} INFO - Started process (PID=8436) to work on /home/pedro/.local/lib/python3.10/site-packages/airflow/example_dags/example_external_task_marker_dag.py
[2024-06-09T11:52:54.984-0300] {processor.py:830} INFO - Processing file /home/pedro/.local/lib/python3.10/site-packages/airflow/example_dags/example_external_task_marker_dag.py for tasks to queue
[2024-06-09T11:52:54.986-0300] {logging_mixin.py:188} INFO - [2024-06-09T11:52:54.985-0300] {dagbag.py:545} INFO - Filling up the DagBag from /home/pedro/.local/lib/python3.10/site-packages/airflow/example_dags/example_external_task_marker_dag.py
[2024-06-09T11:52:54.991-0300] {processor.py:840} INFO - DAG(s) 'example_external_task_marker_parent', 'example_external_task_marker_child' retrieved from /home/pedro/.local/lib/python3.10/site-packages/airflow/example_dags/example_external_task_marker_dag.py
[2024-06-09T11:52:55.003-0300] {logging_mixin.py:188} INFO - [2024-06-09T11:52:55.003-0300] {dag.py:3096} INFO - Sync 2 DAGs
[2024-06-09T11:52:55.009-0300] {logging_mixin.py:188} INFO - [2024-06-09T11:52:55.009-0300] {dag.py:3954} INFO - Setting next_dagrun for example_external_task_marker_child to None, run_after=None
[2024-06-09T11:52:55.011-0300] {logging_mixin.py:188} INFO - [2024-06-09T11:52:55.011-0300] {dag.py:3954} INFO - Setting next_dagrun for example_external_task_marker_parent to None, run_after=None
[2024-06-09T11:52:55.024-0300] {processor.py:183} INFO - Processing /home/pedro/.local/lib/python3.10/site-packages/airflow/example_dags/example_external_task_marker_dag.py took 0.051 seconds
[2024-06-09T11:53:53.350-0300] {processor.py:161} INFO - Started process (PID=8567) to work on /home/pedro/.local/lib/python3.10/site-packages/airflow/example_dags/example_external_task_marker_dag.py
[2024-06-09T11:53:53.354-0300] {processor.py:830} INFO - Processing file /home/pedro/.local/lib/python3.10/site-packages/airflow/example_dags/example_external_task_marker_dag.py for tasks to queue
[2024-06-09T11:53:53.356-0300] {logging_mixin.py:188} INFO - [2024-06-09T11:53:53.355-0300] {dagbag.py:545} INFO - Filling up the DagBag from /home/pedro/.local/lib/python3.10/site-packages/airflow/example_dags/example_external_task_marker_dag.py
[2024-06-09T11:53:53.362-0300] {processor.py:840} INFO - DAG(s) 'example_external_task_marker_child', 'example_external_task_marker_parent' retrieved from /home/pedro/.local/lib/python3.10/site-packages/airflow/example_dags/example_external_task_marker_dag.py
[2024-06-09T11:53:53.372-0300] {logging_mixin.py:188} INFO - [2024-06-09T11:53:53.372-0300] {dag.py:3096} INFO - Sync 2 DAGs
[2024-06-09T11:53:53.378-0300] {logging_mixin.py:188} INFO - [2024-06-09T11:53:53.377-0300] {dag.py:3954} INFO - Setting next_dagrun for example_external_task_marker_child to None, run_after=None
[2024-06-09T11:53:53.379-0300] {logging_mixin.py:188} INFO - [2024-06-09T11:53:53.379-0300] {dag.py:3954} INFO - Setting next_dagrun for example_external_task_marker_parent to None, run_after=None
[2024-06-09T11:53:53.393-0300] {processor.py:183} INFO - Processing /home/pedro/.local/lib/python3.10/site-packages/airflow/example_dags/example_external_task_marker_dag.py took 0.049 seconds
[2024-06-09T11:54:55.087-0300] {processor.py:161} INFO - Started process (PID=8671) to work on /home/pedro/.local/lib/python3.10/site-packages/airflow/example_dags/example_external_task_marker_dag.py
[2024-06-09T11:54:55.091-0300] {processor.py:830} INFO - Processing file /home/pedro/.local/lib/python3.10/site-packages/airflow/example_dags/example_external_task_marker_dag.py for tasks to queue
[2024-06-09T11:54:55.093-0300] {logging_mixin.py:188} INFO - [2024-06-09T11:54:55.092-0300] {dagbag.py:545} INFO - Filling up the DagBag from /home/pedro/.local/lib/python3.10/site-packages/airflow/example_dags/example_external_task_marker_dag.py
[2024-06-09T11:54:55.099-0300] {processor.py:840} INFO - DAG(s) 'example_external_task_marker_parent', 'example_external_task_marker_child' retrieved from /home/pedro/.local/lib/python3.10/site-packages/airflow/example_dags/example_external_task_marker_dag.py
[2024-06-09T11:54:55.109-0300] {logging_mixin.py:188} INFO - [2024-06-09T11:54:55.109-0300] {dag.py:3096} INFO - Sync 2 DAGs
[2024-06-09T11:54:55.117-0300] {logging_mixin.py:188} INFO - [2024-06-09T11:54:55.117-0300] {dag.py:3954} INFO - Setting next_dagrun for example_external_task_marker_child to None, run_after=None
[2024-06-09T11:54:55.119-0300] {logging_mixin.py:188} INFO - [2024-06-09T11:54:55.119-0300] {dag.py:3954} INFO - Setting next_dagrun for example_external_task_marker_parent to None, run_after=None
[2024-06-09T11:54:55.135-0300] {processor.py:183} INFO - Processing /home/pedro/.local/lib/python3.10/site-packages/airflow/example_dags/example_external_task_marker_dag.py took 0.056 seconds
[2024-06-09T11:55:53.862-0300] {processor.py:161} INFO - Started process (PID=8919) to work on /home/pedro/.local/lib/python3.10/site-packages/airflow/example_dags/example_external_task_marker_dag.py
[2024-06-09T11:55:53.865-0300] {processor.py:830} INFO - Processing file /home/pedro/.local/lib/python3.10/site-packages/airflow/example_dags/example_external_task_marker_dag.py for tasks to queue
[2024-06-09T11:55:53.867-0300] {logging_mixin.py:188} INFO - [2024-06-09T11:55:53.867-0300] {dagbag.py:545} INFO - Filling up the DagBag from /home/pedro/.local/lib/python3.10/site-packages/airflow/example_dags/example_external_task_marker_dag.py
[2024-06-09T11:55:53.875-0300] {processor.py:840} INFO - DAG(s) 'example_external_task_marker_child', 'example_external_task_marker_parent' retrieved from /home/pedro/.local/lib/python3.10/site-packages/airflow/example_dags/example_external_task_marker_dag.py
[2024-06-09T11:55:53.885-0300] {logging_mixin.py:188} INFO - [2024-06-09T11:55:53.885-0300] {dag.py:3096} INFO - Sync 2 DAGs
[2024-06-09T11:55:53.891-0300] {logging_mixin.py:188} INFO - [2024-06-09T11:55:53.891-0300] {dag.py:3954} INFO - Setting next_dagrun for example_external_task_marker_child to None, run_after=None
[2024-06-09T11:55:53.893-0300] {logging_mixin.py:188} INFO - [2024-06-09T11:55:53.893-0300] {dag.py:3954} INFO - Setting next_dagrun for example_external_task_marker_parent to None, run_after=None
[2024-06-09T11:55:53.905-0300] {processor.py:183} INFO - Processing /home/pedro/.local/lib/python3.10/site-packages/airflow/example_dags/example_external_task_marker_dag.py took 0.048 seconds
[2024-06-09T11:58:11.734-0300] {processor.py:161} INFO - Started process (PID=9820) to work on /home/pedro/.local/lib/python3.10/site-packages/airflow/example_dags/example_external_task_marker_dag.py
[2024-06-09T11:58:11.737-0300] {processor.py:830} INFO - Processing file /home/pedro/.local/lib/python3.10/site-packages/airflow/example_dags/example_external_task_marker_dag.py for tasks to queue
[2024-06-09T11:58:11.738-0300] {logging_mixin.py:188} INFO - [2024-06-09T11:58:11.738-0300] {dagbag.py:545} INFO - Filling up the DagBag from /home/pedro/.local/lib/python3.10/site-packages/airflow/example_dags/example_external_task_marker_dag.py
[2024-06-09T11:58:11.742-0300] {processor.py:840} INFO - DAG(s) 'example_external_task_marker_parent', 'example_external_task_marker_child' retrieved from /home/pedro/.local/lib/python3.10/site-packages/airflow/example_dags/example_external_task_marker_dag.py
[2024-06-09T11:58:11.755-0300] {logging_mixin.py:188} INFO - [2024-06-09T11:58:11.755-0300] {dag.py:3096} INFO - Sync 2 DAGs
[2024-06-09T11:58:11.763-0300] {logging_mixin.py:188} INFO - [2024-06-09T11:58:11.763-0300] {dag.py:3954} INFO - Setting next_dagrun for example_external_task_marker_child to None, run_after=None
[2024-06-09T11:58:11.766-0300] {logging_mixin.py:188} INFO - [2024-06-09T11:58:11.766-0300] {dag.py:3954} INFO - Setting next_dagrun for example_external_task_marker_parent to None, run_after=None
[2024-06-09T11:58:11.783-0300] {processor.py:183} INFO - Processing /home/pedro/.local/lib/python3.10/site-packages/airflow/example_dags/example_external_task_marker_dag.py took 0.055 seconds
[2024-06-09T11:59:39.798-0300] {processor.py:161} INFO - Started process (PID=10739) to work on /home/pedro/.local/lib/python3.10/site-packages/airflow/example_dags/example_external_task_marker_dag.py
[2024-06-09T11:59:39.801-0300] {processor.py:830} INFO - Processing file /home/pedro/.local/lib/python3.10/site-packages/airflow/example_dags/example_external_task_marker_dag.py for tasks to queue
[2024-06-09T11:59:39.804-0300] {logging_mixin.py:188} INFO - [2024-06-09T11:59:39.803-0300] {dagbag.py:545} INFO - Filling up the DagBag from /home/pedro/.local/lib/python3.10/site-packages/airflow/example_dags/example_external_task_marker_dag.py
[2024-06-09T11:59:39.810-0300] {processor.py:840} INFO - DAG(s) 'example_external_task_marker_parent', 'example_external_task_marker_child' retrieved from /home/pedro/.local/lib/python3.10/site-packages/airflow/example_dags/example_external_task_marker_dag.py
[2024-06-09T11:59:39.821-0300] {logging_mixin.py:188} INFO - [2024-06-09T11:59:39.821-0300] {dag.py:3096} INFO - Sync 2 DAGs
[2024-06-09T11:59:39.826-0300] {logging_mixin.py:188} INFO - [2024-06-09T11:59:39.826-0300] {dag.py:3954} INFO - Setting next_dagrun for example_external_task_marker_child to None, run_after=None
[2024-06-09T11:59:39.828-0300] {logging_mixin.py:188} INFO - [2024-06-09T11:59:39.828-0300] {dag.py:3954} INFO - Setting next_dagrun for example_external_task_marker_parent to None, run_after=None
[2024-06-09T11:59:39.842-0300] {processor.py:183} INFO - Processing /home/pedro/.local/lib/python3.10/site-packages/airflow/example_dags/example_external_task_marker_dag.py took 0.047 seconds
[2024-06-09T12:00:33.229-0300] {processor.py:161} INFO - Started process (PID=10839) to work on /home/pedro/.local/lib/python3.10/site-packages/airflow/example_dags/example_external_task_marker_dag.py
[2024-06-09T12:00:33.233-0300] {processor.py:830} INFO - Processing file /home/pedro/.local/lib/python3.10/site-packages/airflow/example_dags/example_external_task_marker_dag.py for tasks to queue
[2024-06-09T12:00:33.235-0300] {logging_mixin.py:188} INFO - [2024-06-09T12:00:33.235-0300] {dagbag.py:545} INFO - Filling up the DagBag from /home/pedro/.local/lib/python3.10/site-packages/airflow/example_dags/example_external_task_marker_dag.py
[2024-06-09T12:00:33.242-0300] {processor.py:840} INFO - DAG(s) 'example_external_task_marker_parent', 'example_external_task_marker_child' retrieved from /home/pedro/.local/lib/python3.10/site-packages/airflow/example_dags/example_external_task_marker_dag.py
[2024-06-09T12:00:33.254-0300] {logging_mixin.py:188} INFO - [2024-06-09T12:00:33.254-0300] {dag.py:3096} INFO - Sync 2 DAGs
[2024-06-09T12:00:33.262-0300] {logging_mixin.py:188} INFO - [2024-06-09T12:00:33.262-0300] {dag.py:3954} INFO - Setting next_dagrun for example_external_task_marker_child to None, run_after=None
[2024-06-09T12:00:33.263-0300] {logging_mixin.py:188} INFO - [2024-06-09T12:00:33.263-0300] {dag.py:3954} INFO - Setting next_dagrun for example_external_task_marker_parent to None, run_after=None
[2024-06-09T12:00:33.279-0300] {processor.py:183} INFO - Processing /home/pedro/.local/lib/python3.10/site-packages/airflow/example_dags/example_external_task_marker_dag.py took 0.059 seconds
[2024-06-09T12:01:35.118-0300] {processor.py:161} INFO - Started process (PID=11162) to work on /home/pedro/.local/lib/python3.10/site-packages/airflow/example_dags/example_external_task_marker_dag.py
[2024-06-09T12:01:35.122-0300] {processor.py:830} INFO - Processing file /home/pedro/.local/lib/python3.10/site-packages/airflow/example_dags/example_external_task_marker_dag.py for tasks to queue
[2024-06-09T12:01:35.125-0300] {logging_mixin.py:188} INFO - [2024-06-09T12:01:35.124-0300] {dagbag.py:545} INFO - Filling up the DagBag from /home/pedro/.local/lib/python3.10/site-packages/airflow/example_dags/example_external_task_marker_dag.py
[2024-06-09T12:01:35.129-0300] {processor.py:840} INFO - DAG(s) 'example_external_task_marker_parent', 'example_external_task_marker_child' retrieved from /home/pedro/.local/lib/python3.10/site-packages/airflow/example_dags/example_external_task_marker_dag.py
[2024-06-09T12:01:35.141-0300] {logging_mixin.py:188} INFO - [2024-06-09T12:01:35.141-0300] {dag.py:3096} INFO - Sync 2 DAGs
[2024-06-09T12:01:35.147-0300] {logging_mixin.py:188} INFO - [2024-06-09T12:01:35.147-0300] {dag.py:3954} INFO - Setting next_dagrun for example_external_task_marker_child to None, run_after=None
[2024-06-09T12:01:35.149-0300] {logging_mixin.py:188} INFO - [2024-06-09T12:01:35.149-0300] {dag.py:3954} INFO - Setting next_dagrun for example_external_task_marker_parent to None, run_after=None
[2024-06-09T12:01:35.165-0300] {processor.py:183} INFO - Processing /home/pedro/.local/lib/python3.10/site-packages/airflow/example_dags/example_external_task_marker_dag.py took 0.055 seconds
[2024-06-09T12:02:43.527-0300] {processor.py:161} INFO - Started process (PID=11291) to work on /home/pedro/.local/lib/python3.10/site-packages/airflow/example_dags/example_external_task_marker_dag.py
[2024-06-09T12:02:43.531-0300] {processor.py:830} INFO - Processing file /home/pedro/.local/lib/python3.10/site-packages/airflow/example_dags/example_external_task_marker_dag.py for tasks to queue
[2024-06-09T12:02:43.533-0300] {logging_mixin.py:188} INFO - [2024-06-09T12:02:43.532-0300] {dagbag.py:545} INFO - Filling up the DagBag from /home/pedro/.local/lib/python3.10/site-packages/airflow/example_dags/example_external_task_marker_dag.py
[2024-06-09T12:02:43.539-0300] {processor.py:840} INFO - DAG(s) 'example_external_task_marker_parent', 'example_external_task_marker_child' retrieved from /home/pedro/.local/lib/python3.10/site-packages/airflow/example_dags/example_external_task_marker_dag.py
[2024-06-09T12:02:43.550-0300] {logging_mixin.py:188} INFO - [2024-06-09T12:02:43.550-0300] {dag.py:3096} INFO - Sync 2 DAGs
[2024-06-09T12:02:43.557-0300] {logging_mixin.py:188} INFO - [2024-06-09T12:02:43.557-0300] {dag.py:3954} INFO - Setting next_dagrun for example_external_task_marker_child to None, run_after=None
[2024-06-09T12:02:43.558-0300] {logging_mixin.py:188} INFO - [2024-06-09T12:02:43.558-0300] {dag.py:3954} INFO - Setting next_dagrun for example_external_task_marker_parent to None, run_after=None
[2024-06-09T12:02:43.572-0300] {processor.py:183} INFO - Processing /home/pedro/.local/lib/python3.10/site-packages/airflow/example_dags/example_external_task_marker_dag.py took 0.051 seconds
[2024-06-09T12:03:46.737-0300] {processor.py:161} INFO - Started process (PID=11409) to work on /home/pedro/.local/lib/python3.10/site-packages/airflow/example_dags/example_external_task_marker_dag.py
[2024-06-09T12:03:46.738-0300] {processor.py:830} INFO - Processing file /home/pedro/.local/lib/python3.10/site-packages/airflow/example_dags/example_external_task_marker_dag.py for tasks to queue
[2024-06-09T12:03:46.739-0300] {logging_mixin.py:188} INFO - [2024-06-09T12:03:46.739-0300] {dagbag.py:545} INFO - Filling up the DagBag from /home/pedro/.local/lib/python3.10/site-packages/airflow/example_dags/example_external_task_marker_dag.py
[2024-06-09T12:03:46.744-0300] {processor.py:840} INFO - DAG(s) 'example_external_task_marker_child', 'example_external_task_marker_parent' retrieved from /home/pedro/.local/lib/python3.10/site-packages/airflow/example_dags/example_external_task_marker_dag.py
[2024-06-09T12:03:46.754-0300] {logging_mixin.py:188} INFO - [2024-06-09T12:03:46.754-0300] {dag.py:3096} INFO - Sync 2 DAGs
[2024-06-09T12:03:46.761-0300] {logging_mixin.py:188} INFO - [2024-06-09T12:03:46.761-0300] {dag.py:3954} INFO - Setting next_dagrun for example_external_task_marker_child to None, run_after=None
[2024-06-09T12:03:46.763-0300] {logging_mixin.py:188} INFO - [2024-06-09T12:03:46.763-0300] {dag.py:3954} INFO - Setting next_dagrun for example_external_task_marker_parent to None, run_after=None
[2024-06-09T12:03:46.777-0300] {processor.py:183} INFO - Processing /home/pedro/.local/lib/python3.10/site-packages/airflow/example_dags/example_external_task_marker_dag.py took 0.046 seconds
[2024-06-09T12:04:45.054-0300] {processor.py:161} INFO - Started process (PID=11544) to work on /home/pedro/.local/lib/python3.10/site-packages/airflow/example_dags/example_external_task_marker_dag.py
[2024-06-09T12:04:45.055-0300] {processor.py:830} INFO - Processing file /home/pedro/.local/lib/python3.10/site-packages/airflow/example_dags/example_external_task_marker_dag.py for tasks to queue
[2024-06-09T12:04:45.056-0300] {logging_mixin.py:188} INFO - [2024-06-09T12:04:45.056-0300] {dagbag.py:545} INFO - Filling up the DagBag from /home/pedro/.local/lib/python3.10/site-packages/airflow/example_dags/example_external_task_marker_dag.py
[2024-06-09T12:04:45.063-0300] {processor.py:840} INFO - DAG(s) 'example_external_task_marker_parent', 'example_external_task_marker_child' retrieved from /home/pedro/.local/lib/python3.10/site-packages/airflow/example_dags/example_external_task_marker_dag.py
[2024-06-09T12:04:45.073-0300] {logging_mixin.py:188} INFO - [2024-06-09T12:04:45.073-0300] {dag.py:3096} INFO - Sync 2 DAGs
[2024-06-09T12:04:45.080-0300] {logging_mixin.py:188} INFO - [2024-06-09T12:04:45.080-0300] {dag.py:3954} INFO - Setting next_dagrun for example_external_task_marker_child to None, run_after=None
[2024-06-09T12:04:45.082-0300] {logging_mixin.py:188} INFO - [2024-06-09T12:04:45.082-0300] {dag.py:3954} INFO - Setting next_dagrun for example_external_task_marker_parent to None, run_after=None
[2024-06-09T12:04:45.097-0300] {processor.py:183} INFO - Processing /home/pedro/.local/lib/python3.10/site-packages/airflow/example_dags/example_external_task_marker_dag.py took 0.046 seconds
[2024-06-09T12:05:48.574-0300] {processor.py:161} INFO - Started process (PID=11670) to work on /home/pedro/.local/lib/python3.10/site-packages/airflow/example_dags/example_external_task_marker_dag.py
[2024-06-09T12:05:48.578-0300] {processor.py:830} INFO - Processing file /home/pedro/.local/lib/python3.10/site-packages/airflow/example_dags/example_external_task_marker_dag.py for tasks to queue
[2024-06-09T12:05:48.580-0300] {logging_mixin.py:188} INFO - [2024-06-09T12:05:48.580-0300] {dagbag.py:545} INFO - Filling up the DagBag from /home/pedro/.local/lib/python3.10/site-packages/airflow/example_dags/example_external_task_marker_dag.py
[2024-06-09T12:05:48.587-0300] {processor.py:840} INFO - DAG(s) 'example_external_task_marker_child', 'example_external_task_marker_parent' retrieved from /home/pedro/.local/lib/python3.10/site-packages/airflow/example_dags/example_external_task_marker_dag.py
[2024-06-09T12:05:48.597-0300] {logging_mixin.py:188} INFO - [2024-06-09T12:05:48.597-0300] {dag.py:3096} INFO - Sync 2 DAGs
[2024-06-09T12:05:48.604-0300] {logging_mixin.py:188} INFO - [2024-06-09T12:05:48.604-0300] {dag.py:3954} INFO - Setting next_dagrun for example_external_task_marker_child to None, run_after=None
[2024-06-09T12:05:48.606-0300] {logging_mixin.py:188} INFO - [2024-06-09T12:05:48.605-0300] {dag.py:3954} INFO - Setting next_dagrun for example_external_task_marker_parent to None, run_after=None
[2024-06-09T12:05:48.621-0300] {processor.py:183} INFO - Processing /home/pedro/.local/lib/python3.10/site-packages/airflow/example_dags/example_external_task_marker_dag.py took 0.055 seconds
[2024-06-09T12:07:03.903-0300] {processor.py:161} INFO - Started process (PID=12481) to work on /home/pedro/.local/lib/python3.10/site-packages/airflow/example_dags/example_external_task_marker_dag.py
[2024-06-09T12:07:03.906-0300] {processor.py:830} INFO - Processing file /home/pedro/.local/lib/python3.10/site-packages/airflow/example_dags/example_external_task_marker_dag.py for tasks to queue
[2024-06-09T12:07:03.908-0300] {logging_mixin.py:188} INFO - [2024-06-09T12:07:03.908-0300] {dagbag.py:545} INFO - Filling up the DagBag from /home/pedro/.local/lib/python3.10/site-packages/airflow/example_dags/example_external_task_marker_dag.py
[2024-06-09T12:07:03.914-0300] {processor.py:840} INFO - DAG(s) 'example_external_task_marker_parent', 'example_external_task_marker_child' retrieved from /home/pedro/.local/lib/python3.10/site-packages/airflow/example_dags/example_external_task_marker_dag.py
[2024-06-09T12:07:03.925-0300] {logging_mixin.py:188} INFO - [2024-06-09T12:07:03.924-0300] {dag.py:3096} INFO - Sync 2 DAGs
[2024-06-09T12:07:03.932-0300] {logging_mixin.py:188} INFO - [2024-06-09T12:07:03.932-0300] {dag.py:3954} INFO - Setting next_dagrun for example_external_task_marker_child to None, run_after=None
[2024-06-09T12:07:03.934-0300] {logging_mixin.py:188} INFO - [2024-06-09T12:07:03.934-0300] {dag.py:3954} INFO - Setting next_dagrun for example_external_task_marker_parent to None, run_after=None
[2024-06-09T12:07:03.950-0300] {processor.py:183} INFO - Processing /home/pedro/.local/lib/python3.10/site-packages/airflow/example_dags/example_external_task_marker_dag.py took 0.050 seconds
[2024-06-09T12:08:00.665-0300] {processor.py:161} INFO - Started process (PID=12583) to work on /home/pedro/.local/lib/python3.10/site-packages/airflow/example_dags/example_external_task_marker_dag.py
[2024-06-09T12:08:00.668-0300] {processor.py:830} INFO - Processing file /home/pedro/.local/lib/python3.10/site-packages/airflow/example_dags/example_external_task_marker_dag.py for tasks to queue
[2024-06-09T12:08:00.670-0300] {logging_mixin.py:188} INFO - [2024-06-09T12:08:00.670-0300] {dagbag.py:545} INFO - Filling up the DagBag from /home/pedro/.local/lib/python3.10/site-packages/airflow/example_dags/example_external_task_marker_dag.py
[2024-06-09T12:08:00.676-0300] {processor.py:840} INFO - DAG(s) 'example_external_task_marker_parent', 'example_external_task_marker_child' retrieved from /home/pedro/.local/lib/python3.10/site-packages/airflow/example_dags/example_external_task_marker_dag.py
[2024-06-09T12:08:00.686-0300] {logging_mixin.py:188} INFO - [2024-06-09T12:08:00.686-0300] {dag.py:3096} INFO - Sync 2 DAGs
[2024-06-09T12:08:00.694-0300] {logging_mixin.py:188} INFO - [2024-06-09T12:08:00.693-0300] {dag.py:3954} INFO - Setting next_dagrun for example_external_task_marker_child to None, run_after=None
[2024-06-09T12:08:00.695-0300] {logging_mixin.py:188} INFO - [2024-06-09T12:08:00.695-0300] {dag.py:3954} INFO - Setting next_dagrun for example_external_task_marker_parent to None, run_after=None
[2024-06-09T12:08:00.711-0300] {processor.py:183} INFO - Processing /home/pedro/.local/lib/python3.10/site-packages/airflow/example_dags/example_external_task_marker_dag.py took 0.056 seconds
[2024-06-09T12:08:50.993-0300] {processor.py:161} INFO - Started process (PID=12672) to work on /home/pedro/.local/lib/python3.10/site-packages/airflow/example_dags/example_external_task_marker_dag.py
[2024-06-09T12:08:50.996-0300] {processor.py:830} INFO - Processing file /home/pedro/.local/lib/python3.10/site-packages/airflow/example_dags/example_external_task_marker_dag.py for tasks to queue
[2024-06-09T12:08:50.998-0300] {logging_mixin.py:188} INFO - [2024-06-09T12:08:50.998-0300] {dagbag.py:545} INFO - Filling up the DagBag from /home/pedro/.local/lib/python3.10/site-packages/airflow/example_dags/example_external_task_marker_dag.py
[2024-06-09T12:08:51.005-0300] {processor.py:840} INFO - DAG(s) 'example_external_task_marker_child', 'example_external_task_marker_parent' retrieved from /home/pedro/.local/lib/python3.10/site-packages/airflow/example_dags/example_external_task_marker_dag.py
[2024-06-09T12:08:51.016-0300] {logging_mixin.py:188} INFO - [2024-06-09T12:08:51.016-0300] {dag.py:3096} INFO - Sync 2 DAGs
[2024-06-09T12:08:51.023-0300] {logging_mixin.py:188} INFO - [2024-06-09T12:08:51.022-0300] {dag.py:3954} INFO - Setting next_dagrun for example_external_task_marker_child to None, run_after=None
[2024-06-09T12:08:51.024-0300] {logging_mixin.py:188} INFO - [2024-06-09T12:08:51.024-0300] {dag.py:3954} INFO - Setting next_dagrun for example_external_task_marker_parent to None, run_after=None
[2024-06-09T12:08:51.038-0300] {processor.py:183} INFO - Processing /home/pedro/.local/lib/python3.10/site-packages/airflow/example_dags/example_external_task_marker_dag.py took 0.048 seconds
[2024-06-09T12:09:54.067-0300] {processor.py:161} INFO - Started process (PID=12792) to work on /home/pedro/.local/lib/python3.10/site-packages/airflow/example_dags/example_external_task_marker_dag.py
[2024-06-09T12:09:54.070-0300] {processor.py:830} INFO - Processing file /home/pedro/.local/lib/python3.10/site-packages/airflow/example_dags/example_external_task_marker_dag.py for tasks to queue
[2024-06-09T12:09:54.072-0300] {logging_mixin.py:188} INFO - [2024-06-09T12:09:54.072-0300] {dagbag.py:545} INFO - Filling up the DagBag from /home/pedro/.local/lib/python3.10/site-packages/airflow/example_dags/example_external_task_marker_dag.py
[2024-06-09T12:09:54.079-0300] {processor.py:840} INFO - DAG(s) 'example_external_task_marker_child', 'example_external_task_marker_parent' retrieved from /home/pedro/.local/lib/python3.10/site-packages/airflow/example_dags/example_external_task_marker_dag.py
[2024-06-09T12:09:54.089-0300] {logging_mixin.py:188} INFO - [2024-06-09T12:09:54.089-0300] {dag.py:3096} INFO - Sync 2 DAGs
[2024-06-09T12:09:54.096-0300] {logging_mixin.py:188} INFO - [2024-06-09T12:09:54.096-0300] {dag.py:3954} INFO - Setting next_dagrun for example_external_task_marker_child to None, run_after=None
[2024-06-09T12:09:54.098-0300] {logging_mixin.py:188} INFO - [2024-06-09T12:09:54.098-0300] {dag.py:3954} INFO - Setting next_dagrun for example_external_task_marker_parent to None, run_after=None
[2024-06-09T12:09:54.113-0300] {processor.py:183} INFO - Processing /home/pedro/.local/lib/python3.10/site-packages/airflow/example_dags/example_external_task_marker_dag.py took 0.056 seconds
[2024-06-09T12:10:57.542-0300] {processor.py:161} INFO - Started process (PID=12905) to work on /home/pedro/.local/lib/python3.10/site-packages/airflow/example_dags/example_external_task_marker_dag.py
[2024-06-09T12:10:57.546-0300] {processor.py:830} INFO - Processing file /home/pedro/.local/lib/python3.10/site-packages/airflow/example_dags/example_external_task_marker_dag.py for tasks to queue
[2024-06-09T12:10:57.548-0300] {logging_mixin.py:188} INFO - [2024-06-09T12:10:57.547-0300] {dagbag.py:545} INFO - Filling up the DagBag from /home/pedro/.local/lib/python3.10/site-packages/airflow/example_dags/example_external_task_marker_dag.py
[2024-06-09T12:10:57.555-0300] {processor.py:840} INFO - DAG(s) 'example_external_task_marker_parent', 'example_external_task_marker_child' retrieved from /home/pedro/.local/lib/python3.10/site-packages/airflow/example_dags/example_external_task_marker_dag.py
[2024-06-09T12:10:57.565-0300] {logging_mixin.py:188} INFO - [2024-06-09T12:10:57.564-0300] {dag.py:3096} INFO - Sync 2 DAGs
[2024-06-09T12:10:57.571-0300] {logging_mixin.py:188} INFO - [2024-06-09T12:10:57.571-0300] {dag.py:3954} INFO - Setting next_dagrun for example_external_task_marker_child to None, run_after=None
[2024-06-09T12:10:57.572-0300] {logging_mixin.py:188} INFO - [2024-06-09T12:10:57.572-0300] {dag.py:3954} INFO - Setting next_dagrun for example_external_task_marker_parent to None, run_after=None
[2024-06-09T12:10:57.588-0300] {processor.py:183} INFO - Processing /home/pedro/.local/lib/python3.10/site-packages/airflow/example_dags/example_external_task_marker_dag.py took 0.055 seconds
[2024-06-09T12:12:18.745-0300] {processor.py:161} INFO - Started process (PID=13044) to work on /home/pedro/.local/lib/python3.10/site-packages/airflow/example_dags/example_external_task_marker_dag.py
[2024-06-09T12:12:18.748-0300] {processor.py:830} INFO - Processing file /home/pedro/.local/lib/python3.10/site-packages/airflow/example_dags/example_external_task_marker_dag.py for tasks to queue
[2024-06-09T12:12:18.750-0300] {logging_mixin.py:188} INFO - [2024-06-09T12:12:18.750-0300] {dagbag.py:545} INFO - Filling up the DagBag from /home/pedro/.local/lib/python3.10/site-packages/airflow/example_dags/example_external_task_marker_dag.py
[2024-06-09T12:12:18.754-0300] {processor.py:840} INFO - DAG(s) 'example_external_task_marker_parent', 'example_external_task_marker_child' retrieved from /home/pedro/.local/lib/python3.10/site-packages/airflow/example_dags/example_external_task_marker_dag.py
[2024-06-09T12:12:18.764-0300] {logging_mixin.py:188} INFO - [2024-06-09T12:12:18.764-0300] {dag.py:3096} INFO - Sync 2 DAGs
[2024-06-09T12:12:18.769-0300] {logging_mixin.py:188} INFO - [2024-06-09T12:12:18.769-0300] {dag.py:3954} INFO - Setting next_dagrun for example_external_task_marker_child to None, run_after=None
[2024-06-09T12:12:18.771-0300] {logging_mixin.py:188} INFO - [2024-06-09T12:12:18.771-0300] {dag.py:3954} INFO - Setting next_dagrun for example_external_task_marker_parent to None, run_after=None
[2024-06-09T12:12:18.787-0300] {processor.py:183} INFO - Processing /home/pedro/.local/lib/python3.10/site-packages/airflow/example_dags/example_external_task_marker_dag.py took 0.049 seconds
[2024-06-09T12:13:12.627-0300] {processor.py:161} INFO - Started process (PID=13131) to work on /home/pedro/.local/lib/python3.10/site-packages/airflow/example_dags/example_external_task_marker_dag.py
[2024-06-09T12:13:12.631-0300] {processor.py:830} INFO - Processing file /home/pedro/.local/lib/python3.10/site-packages/airflow/example_dags/example_external_task_marker_dag.py for tasks to queue
[2024-06-09T12:13:12.633-0300] {logging_mixin.py:188} INFO - [2024-06-09T12:13:12.633-0300] {dagbag.py:545} INFO - Filling up the DagBag from /home/pedro/.local/lib/python3.10/site-packages/airflow/example_dags/example_external_task_marker_dag.py
[2024-06-09T12:13:12.639-0300] {processor.py:840} INFO - DAG(s) 'example_external_task_marker_parent', 'example_external_task_marker_child' retrieved from /home/pedro/.local/lib/python3.10/site-packages/airflow/example_dags/example_external_task_marker_dag.py
[2024-06-09T12:13:12.649-0300] {logging_mixin.py:188} INFO - [2024-06-09T12:13:12.649-0300] {dag.py:3096} INFO - Sync 2 DAGs
[2024-06-09T12:13:12.655-0300] {logging_mixin.py:188} INFO - [2024-06-09T12:13:12.655-0300] {dag.py:3954} INFO - Setting next_dagrun for example_external_task_marker_child to None, run_after=None
[2024-06-09T12:13:12.657-0300] {logging_mixin.py:188} INFO - [2024-06-09T12:13:12.657-0300] {dag.py:3954} INFO - Setting next_dagrun for example_external_task_marker_parent to None, run_after=None
[2024-06-09T12:13:12.671-0300] {processor.py:183} INFO - Processing /home/pedro/.local/lib/python3.10/site-packages/airflow/example_dags/example_external_task_marker_dag.py took 0.053 seconds
[2024-06-09T12:14:04.150-0300] {processor.py:161} INFO - Started process (PID=13200) to work on /home/pedro/.local/lib/python3.10/site-packages/airflow/example_dags/example_external_task_marker_dag.py
[2024-06-09T12:14:04.153-0300] {processor.py:830} INFO - Processing file /home/pedro/.local/lib/python3.10/site-packages/airflow/example_dags/example_external_task_marker_dag.py for tasks to queue
[2024-06-09T12:14:04.155-0300] {logging_mixin.py:188} INFO - [2024-06-09T12:14:04.154-0300] {dagbag.py:545} INFO - Filling up the DagBag from /home/pedro/.local/lib/python3.10/site-packages/airflow/example_dags/example_external_task_marker_dag.py
[2024-06-09T12:14:04.161-0300] {processor.py:840} INFO - DAG(s) 'example_external_task_marker_child', 'example_external_task_marker_parent' retrieved from /home/pedro/.local/lib/python3.10/site-packages/airflow/example_dags/example_external_task_marker_dag.py
[2024-06-09T12:14:04.172-0300] {logging_mixin.py:188} INFO - [2024-06-09T12:14:04.172-0300] {dag.py:3096} INFO - Sync 2 DAGs
[2024-06-09T12:14:04.179-0300] {logging_mixin.py:188} INFO - [2024-06-09T12:14:04.179-0300] {dag.py:3954} INFO - Setting next_dagrun for example_external_task_marker_child to None, run_after=None
[2024-06-09T12:14:04.181-0300] {logging_mixin.py:188} INFO - [2024-06-09T12:14:04.180-0300] {dag.py:3954} INFO - Setting next_dagrun for example_external_task_marker_parent to None, run_after=None
[2024-06-09T12:14:04.196-0300] {processor.py:183} INFO - Processing /home/pedro/.local/lib/python3.10/site-packages/airflow/example_dags/example_external_task_marker_dag.py took 0.050 seconds
[2024-06-09T12:15:31.890-0300] {processor.py:161} INFO - Started process (PID=13365) to work on /home/pedro/.local/lib/python3.10/site-packages/airflow/example_dags/example_external_task_marker_dag.py
[2024-06-09T12:15:31.894-0300] {processor.py:830} INFO - Processing file /home/pedro/.local/lib/python3.10/site-packages/airflow/example_dags/example_external_task_marker_dag.py for tasks to queue
[2024-06-09T12:15:31.896-0300] {logging_mixin.py:188} INFO - [2024-06-09T12:15:31.896-0300] {dagbag.py:545} INFO - Filling up the DagBag from /home/pedro/.local/lib/python3.10/site-packages/airflow/example_dags/example_external_task_marker_dag.py
[2024-06-09T12:15:31.901-0300] {processor.py:840} INFO - DAG(s) 'example_external_task_marker_parent', 'example_external_task_marker_child' retrieved from /home/pedro/.local/lib/python3.10/site-packages/airflow/example_dags/example_external_task_marker_dag.py
[2024-06-09T12:15:31.913-0300] {logging_mixin.py:188} INFO - [2024-06-09T12:15:31.913-0300] {dag.py:3096} INFO - Sync 2 DAGs
[2024-06-09T12:15:31.920-0300] {logging_mixin.py:188} INFO - [2024-06-09T12:15:31.920-0300] {dag.py:3954} INFO - Setting next_dagrun for example_external_task_marker_child to None, run_after=None
[2024-06-09T12:15:31.922-0300] {logging_mixin.py:188} INFO - [2024-06-09T12:15:31.922-0300] {dag.py:3954} INFO - Setting next_dagrun for example_external_task_marker_parent to None, run_after=None
[2024-06-09T12:15:31.940-0300] {processor.py:183} INFO - Processing /home/pedro/.local/lib/python3.10/site-packages/airflow/example_dags/example_external_task_marker_dag.py took 0.055 seconds
[2024-06-09T12:20:20.341-0300] {processor.py:161} INFO - Started process (PID=13628) to work on /home/pedro/.local/lib/python3.10/site-packages/airflow/example_dags/example_external_task_marker_dag.py
[2024-06-09T12:20:20.344-0300] {processor.py:830} INFO - Processing file /home/pedro/.local/lib/python3.10/site-packages/airflow/example_dags/example_external_task_marker_dag.py for tasks to queue
[2024-06-09T12:20:20.345-0300] {logging_mixin.py:188} INFO - [2024-06-09T12:20:20.345-0300] {dagbag.py:545} INFO - Filling up the DagBag from /home/pedro/.local/lib/python3.10/site-packages/airflow/example_dags/example_external_task_marker_dag.py
[2024-06-09T12:20:20.352-0300] {processor.py:840} INFO - DAG(s) 'example_external_task_marker_child', 'example_external_task_marker_parent' retrieved from /home/pedro/.local/lib/python3.10/site-packages/airflow/example_dags/example_external_task_marker_dag.py
[2024-06-09T12:20:20.363-0300] {logging_mixin.py:188} INFO - [2024-06-09T12:20:20.363-0300] {dag.py:3096} INFO - Sync 2 DAGs
[2024-06-09T12:20:20.369-0300] {logging_mixin.py:188} INFO - [2024-06-09T12:20:20.369-0300] {dag.py:3954} INFO - Setting next_dagrun for example_external_task_marker_child to None, run_after=None
[2024-06-09T12:20:20.371-0300] {logging_mixin.py:188} INFO - [2024-06-09T12:20:20.370-0300] {dag.py:3954} INFO - Setting next_dagrun for example_external_task_marker_parent to None, run_after=None
[2024-06-09T12:20:20.386-0300] {processor.py:183} INFO - Processing /home/pedro/.local/lib/python3.10/site-packages/airflow/example_dags/example_external_task_marker_dag.py took 0.049 seconds
[2024-06-09T12:21:12.540-0300] {processor.py:161} INFO - Started process (PID=13758) to work on /home/pedro/.local/lib/python3.10/site-packages/airflow/example_dags/example_external_task_marker_dag.py
[2024-06-09T12:21:12.543-0300] {processor.py:830} INFO - Processing file /home/pedro/.local/lib/python3.10/site-packages/airflow/example_dags/example_external_task_marker_dag.py for tasks to queue
[2024-06-09T12:21:12.545-0300] {logging_mixin.py:188} INFO - [2024-06-09T12:21:12.544-0300] {dagbag.py:545} INFO - Filling up the DagBag from /home/pedro/.local/lib/python3.10/site-packages/airflow/example_dags/example_external_task_marker_dag.py
[2024-06-09T12:21:12.552-0300] {processor.py:840} INFO - DAG(s) 'example_external_task_marker_child', 'example_external_task_marker_parent' retrieved from /home/pedro/.local/lib/python3.10/site-packages/airflow/example_dags/example_external_task_marker_dag.py
[2024-06-09T12:21:12.562-0300] {logging_mixin.py:188} INFO - [2024-06-09T12:21:12.562-0300] {dag.py:3096} INFO - Sync 2 DAGs
[2024-06-09T12:21:12.568-0300] {logging_mixin.py:188} INFO - [2024-06-09T12:21:12.568-0300] {dag.py:3954} INFO - Setting next_dagrun for example_external_task_marker_child to None, run_after=None
[2024-06-09T12:21:12.570-0300] {logging_mixin.py:188} INFO - [2024-06-09T12:21:12.570-0300] {dag.py:3954} INFO - Setting next_dagrun for example_external_task_marker_parent to None, run_after=None
[2024-06-09T12:21:12.584-0300] {processor.py:183} INFO - Processing /home/pedro/.local/lib/python3.10/site-packages/airflow/example_dags/example_external_task_marker_dag.py took 0.050 seconds
[2024-06-09T12:22:10.541-0300] {processor.py:161} INFO - Started process (PID=13879) to work on /home/pedro/.local/lib/python3.10/site-packages/airflow/example_dags/example_external_task_marker_dag.py
[2024-06-09T12:22:10.544-0300] {processor.py:830} INFO - Processing file /home/pedro/.local/lib/python3.10/site-packages/airflow/example_dags/example_external_task_marker_dag.py for tasks to queue
[2024-06-09T12:22:10.546-0300] {logging_mixin.py:188} INFO - [2024-06-09T12:22:10.546-0300] {dagbag.py:545} INFO - Filling up the DagBag from /home/pedro/.local/lib/python3.10/site-packages/airflow/example_dags/example_external_task_marker_dag.py
[2024-06-09T12:22:10.553-0300] {processor.py:840} INFO - DAG(s) 'example_external_task_marker_parent', 'example_external_task_marker_child' retrieved from /home/pedro/.local/lib/python3.10/site-packages/airflow/example_dags/example_external_task_marker_dag.py
[2024-06-09T12:22:10.563-0300] {logging_mixin.py:188} INFO - [2024-06-09T12:22:10.563-0300] {dag.py:3096} INFO - Sync 2 DAGs
[2024-06-09T12:22:10.568-0300] {logging_mixin.py:188} INFO - [2024-06-09T12:22:10.568-0300] {dag.py:3954} INFO - Setting next_dagrun for example_external_task_marker_child to None, run_after=None
[2024-06-09T12:22:10.570-0300] {logging_mixin.py:188} INFO - [2024-06-09T12:22:10.570-0300] {dag.py:3954} INFO - Setting next_dagrun for example_external_task_marker_parent to None, run_after=None
[2024-06-09T12:22:10.584-0300] {processor.py:183} INFO - Processing /home/pedro/.local/lib/python3.10/site-packages/airflow/example_dags/example_external_task_marker_dag.py took 0.053 seconds
[2024-06-09T12:23:14.749-0300] {processor.py:161} INFO - Started process (PID=14002) to work on /home/pedro/.local/lib/python3.10/site-packages/airflow/example_dags/example_external_task_marker_dag.py
[2024-06-09T12:23:14.753-0300] {processor.py:830} INFO - Processing file /home/pedro/.local/lib/python3.10/site-packages/airflow/example_dags/example_external_task_marker_dag.py for tasks to queue
[2024-06-09T12:23:14.754-0300] {logging_mixin.py:188} INFO - [2024-06-09T12:23:14.754-0300] {dagbag.py:545} INFO - Filling up the DagBag from /home/pedro/.local/lib/python3.10/site-packages/airflow/example_dags/example_external_task_marker_dag.py
[2024-06-09T12:23:14.759-0300] {processor.py:840} INFO - DAG(s) 'example_external_task_marker_parent', 'example_external_task_marker_child' retrieved from /home/pedro/.local/lib/python3.10/site-packages/airflow/example_dags/example_external_task_marker_dag.py
[2024-06-09T12:23:14.769-0300] {logging_mixin.py:188} INFO - [2024-06-09T12:23:14.769-0300] {dag.py:3096} INFO - Sync 2 DAGs
[2024-06-09T12:23:14.775-0300] {logging_mixin.py:188} INFO - [2024-06-09T12:23:14.775-0300] {dag.py:3954} INFO - Setting next_dagrun for example_external_task_marker_child to None, run_after=None
[2024-06-09T12:23:14.777-0300] {logging_mixin.py:188} INFO - [2024-06-09T12:23:14.776-0300] {dag.py:3954} INFO - Setting next_dagrun for example_external_task_marker_parent to None, run_after=None
[2024-06-09T12:23:14.789-0300] {processor.py:183} INFO - Processing /home/pedro/.local/lib/python3.10/site-packages/airflow/example_dags/example_external_task_marker_dag.py took 0.046 seconds
[2024-06-09T16:26:42.932-0300] {processor.py:161} INFO - Started process (PID=4882) to work on /home/pedro/.local/lib/python3.10/site-packages/airflow/example_dags/example_external_task_marker_dag.py
[2024-06-09T16:26:42.933-0300] {processor.py:830} INFO - Processing file /home/pedro/.local/lib/python3.10/site-packages/airflow/example_dags/example_external_task_marker_dag.py for tasks to queue
[2024-06-09T16:26:42.935-0300] {logging_mixin.py:188} INFO - [2024-06-09T16:26:42.935-0300] {dagbag.py:545} INFO - Filling up the DagBag from /home/pedro/.local/lib/python3.10/site-packages/airflow/example_dags/example_external_task_marker_dag.py
[2024-06-09T16:26:42.940-0300] {processor.py:840} INFO - DAG(s) 'example_external_task_marker_child', 'example_external_task_marker_parent' retrieved from /home/pedro/.local/lib/python3.10/site-packages/airflow/example_dags/example_external_task_marker_dag.py
[2024-06-09T16:26:42.952-0300] {logging_mixin.py:188} INFO - [2024-06-09T16:26:42.951-0300] {dag.py:3096} INFO - Sync 2 DAGs
[2024-06-09T16:26:42.958-0300] {logging_mixin.py:188} INFO - [2024-06-09T16:26:42.958-0300] {dag.py:3954} INFO - Setting next_dagrun for example_external_task_marker_child to None, run_after=None
[2024-06-09T16:26:42.960-0300] {logging_mixin.py:188} INFO - [2024-06-09T16:26:42.960-0300] {dag.py:3954} INFO - Setting next_dagrun for example_external_task_marker_parent to None, run_after=None
[2024-06-09T16:26:42.975-0300] {processor.py:183} INFO - Processing /home/pedro/.local/lib/python3.10/site-packages/airflow/example_dags/example_external_task_marker_dag.py took 0.047 seconds
[2024-06-09T16:29:33.891-0300] {processor.py:161} INFO - Started process (PID=5930) to work on /home/pedro/.local/lib/python3.10/site-packages/airflow/example_dags/example_external_task_marker_dag.py
[2024-06-09T16:29:33.894-0300] {processor.py:830} INFO - Processing file /home/pedro/.local/lib/python3.10/site-packages/airflow/example_dags/example_external_task_marker_dag.py for tasks to queue
[2024-06-09T16:29:33.896-0300] {logging_mixin.py:188} INFO - [2024-06-09T16:29:33.896-0300] {dagbag.py:545} INFO - Filling up the DagBag from /home/pedro/.local/lib/python3.10/site-packages/airflow/example_dags/example_external_task_marker_dag.py
[2024-06-09T16:29:33.899-0300] {processor.py:840} INFO - DAG(s) 'example_external_task_marker_child', 'example_external_task_marker_parent' retrieved from /home/pedro/.local/lib/python3.10/site-packages/airflow/example_dags/example_external_task_marker_dag.py
[2024-06-09T16:29:33.909-0300] {logging_mixin.py:188} INFO - [2024-06-09T16:29:33.909-0300] {dag.py:3096} INFO - Sync 2 DAGs
[2024-06-09T16:29:33.915-0300] {logging_mixin.py:188} INFO - [2024-06-09T16:29:33.915-0300] {dag.py:3954} INFO - Setting next_dagrun for example_external_task_marker_child to None, run_after=None
[2024-06-09T16:29:33.917-0300] {logging_mixin.py:188} INFO - [2024-06-09T16:29:33.917-0300] {dag.py:3954} INFO - Setting next_dagrun for example_external_task_marker_parent to None, run_after=None
[2024-06-09T16:29:33.931-0300] {processor.py:183} INFO - Processing /home/pedro/.local/lib/python3.10/site-packages/airflow/example_dags/example_external_task_marker_dag.py took 0.043 seconds
[2024-06-09T16:33:45.297-0300] {processor.py:161} INFO - Started process (PID=8474) to work on /home/pedro/.local/lib/python3.10/site-packages/airflow/example_dags/example_external_task_marker_dag.py
[2024-06-09T16:33:45.298-0300] {processor.py:830} INFO - Processing file /home/pedro/.local/lib/python3.10/site-packages/airflow/example_dags/example_external_task_marker_dag.py for tasks to queue
[2024-06-09T16:33:45.299-0300] {logging_mixin.py:188} INFO - [2024-06-09T16:33:45.299-0300] {dagbag.py:545} INFO - Filling up the DagBag from /home/pedro/.local/lib/python3.10/site-packages/airflow/example_dags/example_external_task_marker_dag.py
[2024-06-09T16:33:45.304-0300] {processor.py:840} INFO - DAG(s) 'example_external_task_marker_parent', 'example_external_task_marker_child' retrieved from /home/pedro/.local/lib/python3.10/site-packages/airflow/example_dags/example_external_task_marker_dag.py
[2024-06-09T16:33:45.313-0300] {logging_mixin.py:188} INFO - [2024-06-09T16:33:45.313-0300] {dag.py:3096} INFO - Sync 2 DAGs
[2024-06-09T16:33:45.319-0300] {logging_mixin.py:188} INFO - [2024-06-09T16:33:45.319-0300] {dag.py:3954} INFO - Setting next_dagrun for example_external_task_marker_child to None, run_after=None
[2024-06-09T16:33:45.321-0300] {logging_mixin.py:188} INFO - [2024-06-09T16:33:45.321-0300] {dag.py:3954} INFO - Setting next_dagrun for example_external_task_marker_parent to None, run_after=None
[2024-06-09T16:33:45.334-0300] {processor.py:183} INFO - Processing /home/pedro/.local/lib/python3.10/site-packages/airflow/example_dags/example_external_task_marker_dag.py took 0.044 seconds
[2024-06-09T16:37:40.803-0300] {processor.py:161} INFO - Started process (PID=9885) to work on /home/pedro/.local/lib/python3.10/site-packages/airflow/example_dags/example_external_task_marker_dag.py
[2024-06-09T16:37:40.806-0300] {processor.py:830} INFO - Processing file /home/pedro/.local/lib/python3.10/site-packages/airflow/example_dags/example_external_task_marker_dag.py for tasks to queue
[2024-06-09T16:37:40.807-0300] {logging_mixin.py:188} INFO - [2024-06-09T16:37:40.807-0300] {dagbag.py:545} INFO - Filling up the DagBag from /home/pedro/.local/lib/python3.10/site-packages/airflow/example_dags/example_external_task_marker_dag.py
[2024-06-09T16:37:40.814-0300] {processor.py:840} INFO - DAG(s) 'example_external_task_marker_child', 'example_external_task_marker_parent' retrieved from /home/pedro/.local/lib/python3.10/site-packages/airflow/example_dags/example_external_task_marker_dag.py
[2024-06-09T16:37:40.825-0300] {logging_mixin.py:188} INFO - [2024-06-09T16:37:40.824-0300] {dag.py:3096} INFO - Sync 2 DAGs
[2024-06-09T16:37:40.831-0300] {logging_mixin.py:188} INFO - [2024-06-09T16:37:40.831-0300] {dag.py:3954} INFO - Setting next_dagrun for example_external_task_marker_child to None, run_after=None
[2024-06-09T16:37:40.833-0300] {logging_mixin.py:188} INFO - [2024-06-09T16:37:40.833-0300] {dag.py:3954} INFO - Setting next_dagrun for example_external_task_marker_parent to None, run_after=None
[2024-06-09T16:37:40.847-0300] {processor.py:183} INFO - Processing /home/pedro/.local/lib/python3.10/site-packages/airflow/example_dags/example_external_task_marker_dag.py took 0.049 seconds
[2024-06-09T16:41:34.553-0300] {processor.py:161} INFO - Started process (PID=11286) to work on /home/pedro/.local/lib/python3.10/site-packages/airflow/example_dags/example_external_task_marker_dag.py
[2024-06-09T16:41:34.554-0300] {processor.py:830} INFO - Processing file /home/pedro/.local/lib/python3.10/site-packages/airflow/example_dags/example_external_task_marker_dag.py for tasks to queue
[2024-06-09T16:41:34.555-0300] {logging_mixin.py:188} INFO - [2024-06-09T16:41:34.555-0300] {dagbag.py:545} INFO - Filling up the DagBag from /home/pedro/.local/lib/python3.10/site-packages/airflow/example_dags/example_external_task_marker_dag.py
[2024-06-09T16:41:34.559-0300] {processor.py:840} INFO - DAG(s) 'example_external_task_marker_child', 'example_external_task_marker_parent' retrieved from /home/pedro/.local/lib/python3.10/site-packages/airflow/example_dags/example_external_task_marker_dag.py
[2024-06-09T16:41:34.573-0300] {logging_mixin.py:188} INFO - [2024-06-09T16:41:34.572-0300] {dag.py:3096} INFO - Sync 2 DAGs
[2024-06-09T16:41:34.581-0300] {logging_mixin.py:188} INFO - [2024-06-09T16:41:34.581-0300] {dag.py:3954} INFO - Setting next_dagrun for example_external_task_marker_child to None, run_after=None
[2024-06-09T16:41:34.583-0300] {logging_mixin.py:188} INFO - [2024-06-09T16:41:34.583-0300] {dag.py:3954} INFO - Setting next_dagrun for example_external_task_marker_parent to None, run_after=None
[2024-06-09T16:41:34.603-0300] {processor.py:183} INFO - Processing /home/pedro/.local/lib/python3.10/site-packages/airflow/example_dags/example_external_task_marker_dag.py took 0.054 seconds
[2024-06-09T16:45:46.777-0300] {processor.py:161} INFO - Started process (PID=12692) to work on /home/pedro/.local/lib/python3.10/site-packages/airflow/example_dags/example_external_task_marker_dag.py
[2024-06-09T16:45:46.778-0300] {processor.py:830} INFO - Processing file /home/pedro/.local/lib/python3.10/site-packages/airflow/example_dags/example_external_task_marker_dag.py for tasks to queue
[2024-06-09T16:45:46.779-0300] {logging_mixin.py:188} INFO - [2024-06-09T16:45:46.778-0300] {dagbag.py:545} INFO - Filling up the DagBag from /home/pedro/.local/lib/python3.10/site-packages/airflow/example_dags/example_external_task_marker_dag.py
[2024-06-09T16:45:46.783-0300] {processor.py:840} INFO - DAG(s) 'example_external_task_marker_child', 'example_external_task_marker_parent' retrieved from /home/pedro/.local/lib/python3.10/site-packages/airflow/example_dags/example_external_task_marker_dag.py
[2024-06-09T16:45:46.793-0300] {logging_mixin.py:188} INFO - [2024-06-09T16:45:46.793-0300] {dag.py:3096} INFO - Sync 2 DAGs
[2024-06-09T16:45:46.802-0300] {logging_mixin.py:188} INFO - [2024-06-09T16:45:46.802-0300] {dag.py:3954} INFO - Setting next_dagrun for example_external_task_marker_child to None, run_after=None
[2024-06-09T16:45:46.804-0300] {logging_mixin.py:188} INFO - [2024-06-09T16:45:46.804-0300] {dag.py:3954} INFO - Setting next_dagrun for example_external_task_marker_parent to None, run_after=None
[2024-06-09T16:45:46.819-0300] {processor.py:183} INFO - Processing /home/pedro/.local/lib/python3.10/site-packages/airflow/example_dags/example_external_task_marker_dag.py took 0.045 seconds
[2024-06-09T16:49:50.248-0300] {processor.py:161} INFO - Started process (PID=14185) to work on /home/pedro/.local/lib/python3.10/site-packages/airflow/example_dags/example_external_task_marker_dag.py
[2024-06-09T16:49:50.249-0300] {processor.py:830} INFO - Processing file /home/pedro/.local/lib/python3.10/site-packages/airflow/example_dags/example_external_task_marker_dag.py for tasks to queue
[2024-06-09T16:49:50.251-0300] {logging_mixin.py:188} INFO - [2024-06-09T16:49:50.251-0300] {dagbag.py:545} INFO - Filling up the DagBag from /home/pedro/.local/lib/python3.10/site-packages/airflow/example_dags/example_external_task_marker_dag.py
[2024-06-09T16:49:50.256-0300] {processor.py:840} INFO - DAG(s) 'example_external_task_marker_child', 'example_external_task_marker_parent' retrieved from /home/pedro/.local/lib/python3.10/site-packages/airflow/example_dags/example_external_task_marker_dag.py
[2024-06-09T16:49:50.266-0300] {logging_mixin.py:188} INFO - [2024-06-09T16:49:50.266-0300] {dag.py:3096} INFO - Sync 2 DAGs
[2024-06-09T16:49:50.272-0300] {logging_mixin.py:188} INFO - [2024-06-09T16:49:50.272-0300] {dag.py:3954} INFO - Setting next_dagrun for example_external_task_marker_child to None, run_after=None
[2024-06-09T16:49:50.274-0300] {logging_mixin.py:188} INFO - [2024-06-09T16:49:50.274-0300] {dag.py:3954} INFO - Setting next_dagrun for example_external_task_marker_parent to None, run_after=None
[2024-06-09T16:49:50.285-0300] {processor.py:183} INFO - Processing /home/pedro/.local/lib/python3.10/site-packages/airflow/example_dags/example_external_task_marker_dag.py took 0.046 seconds
[2024-06-09T16:53:57.249-0300] {processor.py:161} INFO - Started process (PID=15612) to work on /home/pedro/.local/lib/python3.10/site-packages/airflow/example_dags/example_external_task_marker_dag.py
[2024-06-09T16:53:57.253-0300] {processor.py:830} INFO - Processing file /home/pedro/.local/lib/python3.10/site-packages/airflow/example_dags/example_external_task_marker_dag.py for tasks to queue
[2024-06-09T16:53:57.255-0300] {logging_mixin.py:188} INFO - [2024-06-09T16:53:57.254-0300] {dagbag.py:545} INFO - Filling up the DagBag from /home/pedro/.local/lib/python3.10/site-packages/airflow/example_dags/example_external_task_marker_dag.py
[2024-06-09T16:53:57.261-0300] {processor.py:840} INFO - DAG(s) 'example_external_task_marker_child', 'example_external_task_marker_parent' retrieved from /home/pedro/.local/lib/python3.10/site-packages/airflow/example_dags/example_external_task_marker_dag.py
[2024-06-09T16:53:57.271-0300] {logging_mixin.py:188} INFO - [2024-06-09T16:53:57.271-0300] {dag.py:3096} INFO - Sync 2 DAGs
[2024-06-09T16:53:57.277-0300] {logging_mixin.py:188} INFO - [2024-06-09T16:53:57.277-0300] {dag.py:3954} INFO - Setting next_dagrun for example_external_task_marker_child to None, run_after=None
[2024-06-09T16:53:57.279-0300] {logging_mixin.py:188} INFO - [2024-06-09T16:53:57.278-0300] {dag.py:3954} INFO - Setting next_dagrun for example_external_task_marker_parent to None, run_after=None
[2024-06-09T16:53:57.293-0300] {processor.py:183} INFO - Processing /home/pedro/.local/lib/python3.10/site-packages/airflow/example_dags/example_external_task_marker_dag.py took 0.048 seconds
[2024-06-09T16:58:08.151-0300] {processor.py:161} INFO - Started process (PID=16995) to work on /home/pedro/.local/lib/python3.10/site-packages/airflow/example_dags/example_external_task_marker_dag.py
[2024-06-09T16:58:08.155-0300] {processor.py:830} INFO - Processing file /home/pedro/.local/lib/python3.10/site-packages/airflow/example_dags/example_external_task_marker_dag.py for tasks to queue
[2024-06-09T16:58:08.156-0300] {logging_mixin.py:188} INFO - [2024-06-09T16:58:08.156-0300] {dagbag.py:545} INFO - Filling up the DagBag from /home/pedro/.local/lib/python3.10/site-packages/airflow/example_dags/example_external_task_marker_dag.py
[2024-06-09T16:58:08.160-0300] {processor.py:840} INFO - DAG(s) 'example_external_task_marker_child', 'example_external_task_marker_parent' retrieved from /home/pedro/.local/lib/python3.10/site-packages/airflow/example_dags/example_external_task_marker_dag.py
[2024-06-09T16:58:08.173-0300] {logging_mixin.py:188} INFO - [2024-06-09T16:58:08.173-0300] {dag.py:3096} INFO - Sync 2 DAGs
[2024-06-09T16:58:08.180-0300] {logging_mixin.py:188} INFO - [2024-06-09T16:58:08.180-0300] {dag.py:3954} INFO - Setting next_dagrun for example_external_task_marker_child to None, run_after=None
[2024-06-09T16:58:08.182-0300] {logging_mixin.py:188} INFO - [2024-06-09T16:58:08.182-0300] {dag.py:3954} INFO - Setting next_dagrun for example_external_task_marker_parent to None, run_after=None
[2024-06-09T16:58:08.197-0300] {processor.py:183} INFO - Processing /home/pedro/.local/lib/python3.10/site-packages/airflow/example_dags/example_external_task_marker_dag.py took 0.050 seconds
