[2024-06-09T11:45:49.255-0300] {processor.py:161} INFO - Started process (PID=6087) to work on /home/pedro/.local/lib/python3.10/site-packages/airflow/example_dags/example_branch_day_of_week_operator.py
[2024-06-09T11:45:49.255-0300] {processor.py:830} INFO - Processing file /home/pedro/.local/lib/python3.10/site-packages/airflow/example_dags/example_branch_day_of_week_operator.py for tasks to queue
[2024-06-09T11:45:49.256-0300] {logging_mixin.py:188} INFO - [2024-06-09T11:45:49.256-0300] {dagbag.py:545} INFO - Filling up the DagBag from /home/pedro/.local/lib/python3.10/site-packages/airflow/example_dags/example_branch_day_of_week_operator.py
[2024-06-09T11:45:49.261-0300] {processor.py:840} INFO - DAG(s) 'example_weekday_branch_operator' retrieved from /home/pedro/.local/lib/python3.10/site-packages/airflow/example_dags/example_branch_day_of_week_operator.py
[2024-06-09T11:45:49.272-0300] {logging_mixin.py:188} INFO - [2024-06-09T11:45:49.271-0300] {dag.py:3096} INFO - Sync 1 DAGs
[2024-06-09T11:45:49.282-0300] {logging_mixin.py:188} INFO - [2024-06-09T11:45:49.281-0300] {dag.py:3954} INFO - Setting next_dagrun for example_weekday_branch_operator to 2024-06-08 00:00:00+00:00, run_after=2024-06-09 00:00:00+00:00
[2024-06-09T11:45:49.348-0300] {processor.py:183} INFO - Processing /home/pedro/.local/lib/python3.10/site-packages/airflow/example_dags/example_branch_day_of_week_operator.py took 0.097 seconds
[2024-06-09T11:46:41.832-0300] {processor.py:161} INFO - Started process (PID=7299) to work on /home/pedro/.local/lib/python3.10/site-packages/airflow/example_dags/example_branch_day_of_week_operator.py
[2024-06-09T11:46:41.836-0300] {processor.py:830} INFO - Processing file /home/pedro/.local/lib/python3.10/site-packages/airflow/example_dags/example_branch_day_of_week_operator.py for tasks to queue
[2024-06-09T11:46:41.838-0300] {logging_mixin.py:188} INFO - [2024-06-09T11:46:41.838-0300] {dagbag.py:545} INFO - Filling up the DagBag from /home/pedro/.local/lib/python3.10/site-packages/airflow/example_dags/example_branch_day_of_week_operator.py
[2024-06-09T11:46:41.847-0300] {processor.py:840} INFO - DAG(s) 'example_weekday_branch_operator' retrieved from /home/pedro/.local/lib/python3.10/site-packages/airflow/example_dags/example_branch_day_of_week_operator.py
[2024-06-09T11:46:41.855-0300] {logging_mixin.py:188} INFO - [2024-06-09T11:46:41.855-0300] {dag.py:3096} INFO - Sync 1 DAGs
[2024-06-09T11:46:41.865-0300] {logging_mixin.py:188} INFO - [2024-06-09T11:46:41.865-0300] {dag.py:3954} INFO - Setting next_dagrun for example_weekday_branch_operator to 2024-06-08 00:00:00+00:00, run_after=2024-06-09 00:00:00+00:00
[2024-06-09T11:46:41.880-0300] {processor.py:183} INFO - Processing /home/pedro/.local/lib/python3.10/site-packages/airflow/example_dags/example_branch_day_of_week_operator.py took 0.057 seconds
[2024-06-09T11:47:44.133-0300] {processor.py:161} INFO - Started process (PID=7414) to work on /home/pedro/.local/lib/python3.10/site-packages/airflow/example_dags/example_branch_day_of_week_operator.py
[2024-06-09T11:47:44.137-0300] {processor.py:830} INFO - Processing file /home/pedro/.local/lib/python3.10/site-packages/airflow/example_dags/example_branch_day_of_week_operator.py for tasks to queue
[2024-06-09T11:47:44.140-0300] {logging_mixin.py:188} INFO - [2024-06-09T11:47:44.140-0300] {dagbag.py:545} INFO - Filling up the DagBag from /home/pedro/.local/lib/python3.10/site-packages/airflow/example_dags/example_branch_day_of_week_operator.py
[2024-06-09T11:47:44.148-0300] {processor.py:840} INFO - DAG(s) 'example_weekday_branch_operator' retrieved from /home/pedro/.local/lib/python3.10/site-packages/airflow/example_dags/example_branch_day_of_week_operator.py
[2024-06-09T11:47:44.156-0300] {logging_mixin.py:188} INFO - [2024-06-09T11:47:44.156-0300] {dag.py:3096} INFO - Sync 1 DAGs
[2024-06-09T11:47:44.166-0300] {logging_mixin.py:188} INFO - [2024-06-09T11:47:44.166-0300] {dag.py:3954} INFO - Setting next_dagrun for example_weekday_branch_operator to 2024-06-08 00:00:00+00:00, run_after=2024-06-09 00:00:00+00:00
[2024-06-09T11:47:44.180-0300] {processor.py:183} INFO - Processing /home/pedro/.local/lib/python3.10/site-packages/airflow/example_dags/example_branch_day_of_week_operator.py took 0.056 seconds
[2024-06-09T11:48:48.402-0300] {processor.py:161} INFO - Started process (PID=7598) to work on /home/pedro/.local/lib/python3.10/site-packages/airflow/example_dags/example_branch_day_of_week_operator.py
[2024-06-09T11:48:48.406-0300] {processor.py:830} INFO - Processing file /home/pedro/.local/lib/python3.10/site-packages/airflow/example_dags/example_branch_day_of_week_operator.py for tasks to queue
[2024-06-09T11:48:48.408-0300] {logging_mixin.py:188} INFO - [2024-06-09T11:48:48.407-0300] {dagbag.py:545} INFO - Filling up the DagBag from /home/pedro/.local/lib/python3.10/site-packages/airflow/example_dags/example_branch_day_of_week_operator.py
[2024-06-09T11:48:48.416-0300] {processor.py:840} INFO - DAG(s) 'example_weekday_branch_operator' retrieved from /home/pedro/.local/lib/python3.10/site-packages/airflow/example_dags/example_branch_day_of_week_operator.py
[2024-06-09T11:48:48.424-0300] {logging_mixin.py:188} INFO - [2024-06-09T11:48:48.424-0300] {dag.py:3096} INFO - Sync 1 DAGs
[2024-06-09T11:48:48.434-0300] {logging_mixin.py:188} INFO - [2024-06-09T11:48:48.434-0300] {dag.py:3954} INFO - Setting next_dagrun for example_weekday_branch_operator to 2024-06-08 00:00:00+00:00, run_after=2024-06-09 00:00:00+00:00
[2024-06-09T11:48:48.449-0300] {processor.py:183} INFO - Processing /home/pedro/.local/lib/python3.10/site-packages/airflow/example_dags/example_branch_day_of_week_operator.py took 0.050 seconds
[2024-06-09T11:49:51.283-0300] {processor.py:161} INFO - Started process (PID=7938) to work on /home/pedro/.local/lib/python3.10/site-packages/airflow/example_dags/example_branch_day_of_week_operator.py
[2024-06-09T11:49:51.286-0300] {processor.py:830} INFO - Processing file /home/pedro/.local/lib/python3.10/site-packages/airflow/example_dags/example_branch_day_of_week_operator.py for tasks to queue
[2024-06-09T11:49:51.289-0300] {logging_mixin.py:188} INFO - [2024-06-09T11:49:51.288-0300] {dagbag.py:545} INFO - Filling up the DagBag from /home/pedro/.local/lib/python3.10/site-packages/airflow/example_dags/example_branch_day_of_week_operator.py
[2024-06-09T11:49:51.296-0300] {processor.py:840} INFO - DAG(s) 'example_weekday_branch_operator' retrieved from /home/pedro/.local/lib/python3.10/site-packages/airflow/example_dags/example_branch_day_of_week_operator.py
[2024-06-09T11:49:51.305-0300] {logging_mixin.py:188} INFO - [2024-06-09T11:49:51.305-0300] {dag.py:3096} INFO - Sync 1 DAGs
[2024-06-09T11:49:51.315-0300] {logging_mixin.py:188} INFO - [2024-06-09T11:49:51.315-0300] {dag.py:3954} INFO - Setting next_dagrun for example_weekday_branch_operator to 2024-06-08 00:00:00+00:00, run_after=2024-06-09 00:00:00+00:00
[2024-06-09T11:49:51.328-0300] {processor.py:183} INFO - Processing /home/pedro/.local/lib/python3.10/site-packages/airflow/example_dags/example_branch_day_of_week_operator.py took 0.051 seconds
[2024-06-09T11:50:44.240-0300] {processor.py:161} INFO - Started process (PID=8041) to work on /home/pedro/.local/lib/python3.10/site-packages/airflow/example_dags/example_branch_day_of_week_operator.py
[2024-06-09T11:50:44.243-0300] {processor.py:830} INFO - Processing file /home/pedro/.local/lib/python3.10/site-packages/airflow/example_dags/example_branch_day_of_week_operator.py for tasks to queue
[2024-06-09T11:50:44.246-0300] {logging_mixin.py:188} INFO - [2024-06-09T11:50:44.245-0300] {dagbag.py:545} INFO - Filling up the DagBag from /home/pedro/.local/lib/python3.10/site-packages/airflow/example_dags/example_branch_day_of_week_operator.py
[2024-06-09T11:50:44.255-0300] {processor.py:840} INFO - DAG(s) 'example_weekday_branch_operator' retrieved from /home/pedro/.local/lib/python3.10/site-packages/airflow/example_dags/example_branch_day_of_week_operator.py
[2024-06-09T11:50:44.263-0300] {logging_mixin.py:188} INFO - [2024-06-09T11:50:44.263-0300] {dag.py:3096} INFO - Sync 1 DAGs
[2024-06-09T11:50:44.274-0300] {logging_mixin.py:188} INFO - [2024-06-09T11:50:44.273-0300] {dag.py:3954} INFO - Setting next_dagrun for example_weekday_branch_operator to 2024-06-08 00:00:00+00:00, run_after=2024-06-09 00:00:00+00:00
[2024-06-09T11:50:44.288-0300] {processor.py:183} INFO - Processing /home/pedro/.local/lib/python3.10/site-packages/airflow/example_dags/example_branch_day_of_week_operator.py took 0.053 seconds
[2024-06-09T11:51:53.135-0300] {processor.py:161} INFO - Started process (PID=8271) to work on /home/pedro/.local/lib/python3.10/site-packages/airflow/example_dags/example_branch_day_of_week_operator.py
[2024-06-09T11:51:53.138-0300] {processor.py:830} INFO - Processing file /home/pedro/.local/lib/python3.10/site-packages/airflow/example_dags/example_branch_day_of_week_operator.py for tasks to queue
[2024-06-09T11:51:53.140-0300] {logging_mixin.py:188} INFO - [2024-06-09T11:51:53.140-0300] {dagbag.py:545} INFO - Filling up the DagBag from /home/pedro/.local/lib/python3.10/site-packages/airflow/example_dags/example_branch_day_of_week_operator.py
[2024-06-09T11:51:53.149-0300] {processor.py:840} INFO - DAG(s) 'example_weekday_branch_operator' retrieved from /home/pedro/.local/lib/python3.10/site-packages/airflow/example_dags/example_branch_day_of_week_operator.py
[2024-06-09T11:51:53.158-0300] {logging_mixin.py:188} INFO - [2024-06-09T11:51:53.158-0300] {dag.py:3096} INFO - Sync 1 DAGs
[2024-06-09T11:51:53.168-0300] {logging_mixin.py:188} INFO - [2024-06-09T11:51:53.168-0300] {dag.py:3954} INFO - Setting next_dagrun for example_weekday_branch_operator to 2024-06-08 00:00:00+00:00, run_after=2024-06-09 00:00:00+00:00
[2024-06-09T11:51:53.182-0300] {processor.py:183} INFO - Processing /home/pedro/.local/lib/python3.10/site-packages/airflow/example_dags/example_branch_day_of_week_operator.py took 0.052 seconds
[2024-06-09T11:52:53.832-0300] {processor.py:161} INFO - Started process (PID=8432) to work on /home/pedro/.local/lib/python3.10/site-packages/airflow/example_dags/example_branch_day_of_week_operator.py
[2024-06-09T11:52:53.835-0300] {processor.py:830} INFO - Processing file /home/pedro/.local/lib/python3.10/site-packages/airflow/example_dags/example_branch_day_of_week_operator.py for tasks to queue
[2024-06-09T11:52:53.837-0300] {logging_mixin.py:188} INFO - [2024-06-09T11:52:53.836-0300] {dagbag.py:545} INFO - Filling up the DagBag from /home/pedro/.local/lib/python3.10/site-packages/airflow/example_dags/example_branch_day_of_week_operator.py
[2024-06-09T11:52:53.843-0300] {processor.py:840} INFO - DAG(s) 'example_weekday_branch_operator' retrieved from /home/pedro/.local/lib/python3.10/site-packages/airflow/example_dags/example_branch_day_of_week_operator.py
[2024-06-09T11:52:53.852-0300] {logging_mixin.py:188} INFO - [2024-06-09T11:52:53.851-0300] {dag.py:3096} INFO - Sync 1 DAGs
[2024-06-09T11:52:53.862-0300] {logging_mixin.py:188} INFO - [2024-06-09T11:52:53.862-0300] {dag.py:3954} INFO - Setting next_dagrun for example_weekday_branch_operator to 2024-06-08 00:00:00+00:00, run_after=2024-06-09 00:00:00+00:00
[2024-06-09T11:52:53.876-0300] {processor.py:183} INFO - Processing /home/pedro/.local/lib/python3.10/site-packages/airflow/example_dags/example_branch_day_of_week_operator.py took 0.048 seconds
[2024-06-09T11:53:52.190-0300] {processor.py:161} INFO - Started process (PID=8566) to work on /home/pedro/.local/lib/python3.10/site-packages/airflow/example_dags/example_branch_day_of_week_operator.py
[2024-06-09T11:53:52.194-0300] {processor.py:830} INFO - Processing file /home/pedro/.local/lib/python3.10/site-packages/airflow/example_dags/example_branch_day_of_week_operator.py for tasks to queue
[2024-06-09T11:53:52.194-0300] {logging_mixin.py:188} INFO - [2024-06-09T11:53:52.194-0300] {dagbag.py:545} INFO - Filling up the DagBag from /home/pedro/.local/lib/python3.10/site-packages/airflow/example_dags/example_branch_day_of_week_operator.py
[2024-06-09T11:53:52.202-0300] {processor.py:840} INFO - DAG(s) 'example_weekday_branch_operator' retrieved from /home/pedro/.local/lib/python3.10/site-packages/airflow/example_dags/example_branch_day_of_week_operator.py
[2024-06-09T11:53:52.215-0300] {logging_mixin.py:188} INFO - [2024-06-09T11:53:52.215-0300] {dag.py:3096} INFO - Sync 1 DAGs
[2024-06-09T11:53:52.226-0300] {logging_mixin.py:188} INFO - [2024-06-09T11:53:52.226-0300] {dag.py:3954} INFO - Setting next_dagrun for example_weekday_branch_operator to 2024-06-08 00:00:00+00:00, run_after=2024-06-09 00:00:00+00:00
[2024-06-09T11:53:52.242-0300] {processor.py:183} INFO - Processing /home/pedro/.local/lib/python3.10/site-packages/airflow/example_dags/example_branch_day_of_week_operator.py took 0.055 seconds
[2024-06-09T11:54:53.932-0300] {processor.py:161} INFO - Started process (PID=8670) to work on /home/pedro/.local/lib/python3.10/site-packages/airflow/example_dags/example_branch_day_of_week_operator.py
[2024-06-09T11:54:53.934-0300] {processor.py:830} INFO - Processing file /home/pedro/.local/lib/python3.10/site-packages/airflow/example_dags/example_branch_day_of_week_operator.py for tasks to queue
[2024-06-09T11:54:53.935-0300] {logging_mixin.py:188} INFO - [2024-06-09T11:54:53.935-0300] {dagbag.py:545} INFO - Filling up the DagBag from /home/pedro/.local/lib/python3.10/site-packages/airflow/example_dags/example_branch_day_of_week_operator.py
[2024-06-09T11:54:53.941-0300] {processor.py:840} INFO - DAG(s) 'example_weekday_branch_operator' retrieved from /home/pedro/.local/lib/python3.10/site-packages/airflow/example_dags/example_branch_day_of_week_operator.py
[2024-06-09T11:54:53.950-0300] {logging_mixin.py:188} INFO - [2024-06-09T11:54:53.950-0300] {dag.py:3096} INFO - Sync 1 DAGs
[2024-06-09T11:54:53.961-0300] {logging_mixin.py:188} INFO - [2024-06-09T11:54:53.961-0300] {dag.py:3954} INFO - Setting next_dagrun for example_weekday_branch_operator to 2024-06-08 00:00:00+00:00, run_after=2024-06-09 00:00:00+00:00
[2024-06-09T11:54:53.976-0300] {processor.py:183} INFO - Processing /home/pedro/.local/lib/python3.10/site-packages/airflow/example_dags/example_branch_day_of_week_operator.py took 0.053 seconds
[2024-06-09T11:55:52.729-0300] {processor.py:161} INFO - Started process (PID=8918) to work on /home/pedro/.local/lib/python3.10/site-packages/airflow/example_dags/example_branch_day_of_week_operator.py
[2024-06-09T11:55:52.733-0300] {processor.py:830} INFO - Processing file /home/pedro/.local/lib/python3.10/site-packages/airflow/example_dags/example_branch_day_of_week_operator.py for tasks to queue
[2024-06-09T11:55:52.735-0300] {logging_mixin.py:188} INFO - [2024-06-09T11:55:52.734-0300] {dagbag.py:545} INFO - Filling up the DagBag from /home/pedro/.local/lib/python3.10/site-packages/airflow/example_dags/example_branch_day_of_week_operator.py
[2024-06-09T11:55:52.744-0300] {processor.py:840} INFO - DAG(s) 'example_weekday_branch_operator' retrieved from /home/pedro/.local/lib/python3.10/site-packages/airflow/example_dags/example_branch_day_of_week_operator.py
[2024-06-09T11:55:52.752-0300] {logging_mixin.py:188} INFO - [2024-06-09T11:55:52.752-0300] {dag.py:3096} INFO - Sync 1 DAGs
[2024-06-09T11:55:52.763-0300] {logging_mixin.py:188} INFO - [2024-06-09T11:55:52.762-0300] {dag.py:3954} INFO - Setting next_dagrun for example_weekday_branch_operator to 2024-06-08 00:00:00+00:00, run_after=2024-06-09 00:00:00+00:00
[2024-06-09T11:55:52.775-0300] {processor.py:183} INFO - Processing /home/pedro/.local/lib/python3.10/site-packages/airflow/example_dags/example_branch_day_of_week_operator.py took 0.051 seconds
[2024-06-09T11:58:10.472-0300] {processor.py:161} INFO - Started process (PID=9819) to work on /home/pedro/.local/lib/python3.10/site-packages/airflow/example_dags/example_branch_day_of_week_operator.py
[2024-06-09T11:58:10.473-0300] {processor.py:830} INFO - Processing file /home/pedro/.local/lib/python3.10/site-packages/airflow/example_dags/example_branch_day_of_week_operator.py for tasks to queue
[2024-06-09T11:58:10.474-0300] {logging_mixin.py:188} INFO - [2024-06-09T11:58:10.474-0300] {dagbag.py:545} INFO - Filling up the DagBag from /home/pedro/.local/lib/python3.10/site-packages/airflow/example_dags/example_branch_day_of_week_operator.py
[2024-06-09T11:58:10.482-0300] {processor.py:840} INFO - DAG(s) 'example_weekday_branch_operator' retrieved from /home/pedro/.local/lib/python3.10/site-packages/airflow/example_dags/example_branch_day_of_week_operator.py
[2024-06-09T11:58:10.491-0300] {logging_mixin.py:188} INFO - [2024-06-09T11:58:10.491-0300] {dag.py:3096} INFO - Sync 1 DAGs
[2024-06-09T11:58:10.503-0300] {logging_mixin.py:188} INFO - [2024-06-09T11:58:10.503-0300] {dag.py:3954} INFO - Setting next_dagrun for example_weekday_branch_operator to 2024-06-08 00:00:00+00:00, run_after=2024-06-09 00:00:00+00:00
[2024-06-09T11:58:10.569-0300] {processor.py:183} INFO - Processing /home/pedro/.local/lib/python3.10/site-packages/airflow/example_dags/example_branch_day_of_week_operator.py took 0.101 seconds
[2024-06-09T11:59:38.537-0300] {processor.py:161} INFO - Started process (PID=10738) to work on /home/pedro/.local/lib/python3.10/site-packages/airflow/example_dags/example_branch_day_of_week_operator.py
[2024-06-09T11:59:38.538-0300] {processor.py:830} INFO - Processing file /home/pedro/.local/lib/python3.10/site-packages/airflow/example_dags/example_branch_day_of_week_operator.py for tasks to queue
[2024-06-09T11:59:38.539-0300] {logging_mixin.py:188} INFO - [2024-06-09T11:59:38.539-0300] {dagbag.py:545} INFO - Filling up the DagBag from /home/pedro/.local/lib/python3.10/site-packages/airflow/example_dags/example_branch_day_of_week_operator.py
[2024-06-09T11:59:38.543-0300] {processor.py:840} INFO - DAG(s) 'example_weekday_branch_operator' retrieved from /home/pedro/.local/lib/python3.10/site-packages/airflow/example_dags/example_branch_day_of_week_operator.py
[2024-06-09T11:59:38.558-0300] {logging_mixin.py:188} INFO - [2024-06-09T11:59:38.558-0300] {dag.py:3096} INFO - Sync 1 DAGs
[2024-06-09T11:59:38.573-0300] {logging_mixin.py:188} INFO - [2024-06-09T11:59:38.573-0300] {dag.py:3954} INFO - Setting next_dagrun for example_weekday_branch_operator to 2024-06-08 00:00:00+00:00, run_after=2024-06-09 00:00:00+00:00
[2024-06-09T11:59:38.671-0300] {processor.py:183} INFO - Processing /home/pedro/.local/lib/python3.10/site-packages/airflow/example_dags/example_branch_day_of_week_operator.py took 0.140 seconds
[2024-06-09T12:00:32.082-0300] {processor.py:161} INFO - Started process (PID=10837) to work on /home/pedro/.local/lib/python3.10/site-packages/airflow/example_dags/example_branch_day_of_week_operator.py
[2024-06-09T12:00:32.086-0300] {processor.py:830} INFO - Processing file /home/pedro/.local/lib/python3.10/site-packages/airflow/example_dags/example_branch_day_of_week_operator.py for tasks to queue
[2024-06-09T12:00:32.088-0300] {logging_mixin.py:188} INFO - [2024-06-09T12:00:32.087-0300] {dagbag.py:545} INFO - Filling up the DagBag from /home/pedro/.local/lib/python3.10/site-packages/airflow/example_dags/example_branch_day_of_week_operator.py
[2024-06-09T12:00:32.096-0300] {processor.py:840} INFO - DAG(s) 'example_weekday_branch_operator' retrieved from /home/pedro/.local/lib/python3.10/site-packages/airflow/example_dags/example_branch_day_of_week_operator.py
[2024-06-09T12:00:32.104-0300] {logging_mixin.py:188} INFO - [2024-06-09T12:00:32.104-0300] {dag.py:3096} INFO - Sync 1 DAGs
[2024-06-09T12:00:32.116-0300] {logging_mixin.py:188} INFO - [2024-06-09T12:00:32.116-0300] {dag.py:3954} INFO - Setting next_dagrun for example_weekday_branch_operator to 2024-06-08 00:00:00+00:00, run_after=2024-06-09 00:00:00+00:00
[2024-06-09T12:00:32.132-0300] {processor.py:183} INFO - Processing /home/pedro/.local/lib/python3.10/site-packages/airflow/example_dags/example_branch_day_of_week_operator.py took 0.059 seconds
[2024-06-09T12:01:34.345-0300] {processor.py:161} INFO - Started process (PID=11154) to work on /home/pedro/.local/lib/python3.10/site-packages/airflow/example_dags/example_branch_day_of_week_operator.py
[2024-06-09T12:01:34.346-0300] {processor.py:830} INFO - Processing file /home/pedro/.local/lib/python3.10/site-packages/airflow/example_dags/example_branch_day_of_week_operator.py for tasks to queue
[2024-06-09T12:01:34.349-0300] {logging_mixin.py:188} INFO - [2024-06-09T12:01:34.348-0300] {dagbag.py:545} INFO - Filling up the DagBag from /home/pedro/.local/lib/python3.10/site-packages/airflow/example_dags/example_branch_day_of_week_operator.py
[2024-06-09T12:01:34.355-0300] {processor.py:840} INFO - DAG(s) 'example_weekday_branch_operator' retrieved from /home/pedro/.local/lib/python3.10/site-packages/airflow/example_dags/example_branch_day_of_week_operator.py
[2024-06-09T12:01:34.364-0300] {logging_mixin.py:188} INFO - [2024-06-09T12:01:34.363-0300] {dag.py:3096} INFO - Sync 1 DAGs
[2024-06-09T12:01:34.377-0300] {logging_mixin.py:188} INFO - [2024-06-09T12:01:34.376-0300] {dag.py:3954} INFO - Setting next_dagrun for example_weekday_branch_operator to 2024-06-08 00:00:00+00:00, run_after=2024-06-09 00:00:00+00:00
[2024-06-09T12:01:34.393-0300] {processor.py:183} INFO - Processing /home/pedro/.local/lib/python3.10/site-packages/airflow/example_dags/example_branch_day_of_week_operator.py took 0.058 seconds
[2024-06-09T12:02:27.005-0300] {processor.py:161} INFO - Started process (PID=11260) to work on /home/pedro/.local/lib/python3.10/site-packages/airflow/example_dags/example_branch_day_of_week_operator.py
[2024-06-09T12:02:27.009-0300] {processor.py:830} INFO - Processing file /home/pedro/.local/lib/python3.10/site-packages/airflow/example_dags/example_branch_day_of_week_operator.py for tasks to queue
[2024-06-09T12:02:27.011-0300] {logging_mixin.py:188} INFO - [2024-06-09T12:02:27.010-0300] {dagbag.py:545} INFO - Filling up the DagBag from /home/pedro/.local/lib/python3.10/site-packages/airflow/example_dags/example_branch_day_of_week_operator.py
[2024-06-09T12:02:27.018-0300] {processor.py:840} INFO - DAG(s) 'example_weekday_branch_operator' retrieved from /home/pedro/.local/lib/python3.10/site-packages/airflow/example_dags/example_branch_day_of_week_operator.py
[2024-06-09T12:02:27.028-0300] {logging_mixin.py:188} INFO - [2024-06-09T12:02:27.028-0300] {dag.py:3096} INFO - Sync 1 DAGs
[2024-06-09T12:02:27.038-0300] {logging_mixin.py:188} INFO - [2024-06-09T12:02:27.038-0300] {dag.py:3954} INFO - Setting next_dagrun for example_weekday_branch_operator to 2024-06-08 00:00:00+00:00, run_after=2024-06-09 00:00:00+00:00
[2024-06-09T12:02:27.055-0300] {processor.py:183} INFO - Processing /home/pedro/.local/lib/python3.10/site-packages/airflow/example_dags/example_branch_day_of_week_operator.py took 0.055 seconds
[2024-06-09T12:03:31.634-0300] {processor.py:161} INFO - Started process (PID=11380) to work on /home/pedro/.local/lib/python3.10/site-packages/airflow/example_dags/example_branch_day_of_week_operator.py
[2024-06-09T12:03:31.638-0300] {processor.py:830} INFO - Processing file /home/pedro/.local/lib/python3.10/site-packages/airflow/example_dags/example_branch_day_of_week_operator.py for tasks to queue
[2024-06-09T12:03:31.639-0300] {logging_mixin.py:188} INFO - [2024-06-09T12:03:31.639-0300] {dagbag.py:545} INFO - Filling up the DagBag from /home/pedro/.local/lib/python3.10/site-packages/airflow/example_dags/example_branch_day_of_week_operator.py
[2024-06-09T12:03:31.647-0300] {processor.py:840} INFO - DAG(s) 'example_weekday_branch_operator' retrieved from /home/pedro/.local/lib/python3.10/site-packages/airflow/example_dags/example_branch_day_of_week_operator.py
[2024-06-09T12:03:31.656-0300] {logging_mixin.py:188} INFO - [2024-06-09T12:03:31.656-0300] {dag.py:3096} INFO - Sync 1 DAGs
[2024-06-09T12:03:31.668-0300] {logging_mixin.py:188} INFO - [2024-06-09T12:03:31.668-0300] {dag.py:3954} INFO - Setting next_dagrun for example_weekday_branch_operator to 2024-06-08 00:00:00+00:00, run_after=2024-06-09 00:00:00+00:00
[2024-06-09T12:03:31.684-0300] {processor.py:183} INFO - Processing /home/pedro/.local/lib/python3.10/site-packages/airflow/example_dags/example_branch_day_of_week_operator.py took 0.060 seconds
[2024-06-09T12:04:29.377-0300] {processor.py:161} INFO - Started process (PID=11521) to work on /home/pedro/.local/lib/python3.10/site-packages/airflow/example_dags/example_branch_day_of_week_operator.py
[2024-06-09T12:04:29.378-0300] {processor.py:830} INFO - Processing file /home/pedro/.local/lib/python3.10/site-packages/airflow/example_dags/example_branch_day_of_week_operator.py for tasks to queue
[2024-06-09T12:04:29.379-0300] {logging_mixin.py:188} INFO - [2024-06-09T12:04:29.379-0300] {dagbag.py:545} INFO - Filling up the DagBag from /home/pedro/.local/lib/python3.10/site-packages/airflow/example_dags/example_branch_day_of_week_operator.py
[2024-06-09T12:04:29.386-0300] {processor.py:840} INFO - DAG(s) 'example_weekday_branch_operator' retrieved from /home/pedro/.local/lib/python3.10/site-packages/airflow/example_dags/example_branch_day_of_week_operator.py
[2024-06-09T12:04:29.394-0300] {logging_mixin.py:188} INFO - [2024-06-09T12:04:29.394-0300] {dag.py:3096} INFO - Sync 1 DAGs
[2024-06-09T12:04:29.406-0300] {logging_mixin.py:188} INFO - [2024-06-09T12:04:29.406-0300] {dag.py:3954} INFO - Setting next_dagrun for example_weekday_branch_operator to 2024-06-08 00:00:00+00:00, run_after=2024-06-09 00:00:00+00:00
[2024-06-09T12:04:29.420-0300] {processor.py:183} INFO - Processing /home/pedro/.local/lib/python3.10/site-packages/airflow/example_dags/example_branch_day_of_week_operator.py took 0.047 seconds
[2024-06-09T12:05:32.471-0300] {processor.py:161} INFO - Started process (PID=11638) to work on /home/pedro/.local/lib/python3.10/site-packages/airflow/example_dags/example_branch_day_of_week_operator.py
[2024-06-09T12:05:32.474-0300] {processor.py:830} INFO - Processing file /home/pedro/.local/lib/python3.10/site-packages/airflow/example_dags/example_branch_day_of_week_operator.py for tasks to queue
[2024-06-09T12:05:32.476-0300] {logging_mixin.py:188} INFO - [2024-06-09T12:05:32.476-0300] {dagbag.py:545} INFO - Filling up the DagBag from /home/pedro/.local/lib/python3.10/site-packages/airflow/example_dags/example_branch_day_of_week_operator.py
[2024-06-09T12:05:32.485-0300] {processor.py:840} INFO - DAG(s) 'example_weekday_branch_operator' retrieved from /home/pedro/.local/lib/python3.10/site-packages/airflow/example_dags/example_branch_day_of_week_operator.py
[2024-06-09T12:05:32.494-0300] {logging_mixin.py:188} INFO - [2024-06-09T12:05:32.493-0300] {dag.py:3096} INFO - Sync 1 DAGs
[2024-06-09T12:05:32.507-0300] {logging_mixin.py:188} INFO - [2024-06-09T12:05:32.506-0300] {dag.py:3954} INFO - Setting next_dagrun for example_weekday_branch_operator to 2024-06-08 00:00:00+00:00, run_after=2024-06-09 00:00:00+00:00
[2024-06-09T12:05:32.522-0300] {processor.py:183} INFO - Processing /home/pedro/.local/lib/python3.10/site-packages/airflow/example_dags/example_branch_day_of_week_operator.py took 0.055 seconds
[2024-06-09T12:07:02.661-0300] {processor.py:161} INFO - Started process (PID=12480) to work on /home/pedro/.local/lib/python3.10/site-packages/airflow/example_dags/example_branch_day_of_week_operator.py
[2024-06-09T12:07:02.665-0300] {processor.py:830} INFO - Processing file /home/pedro/.local/lib/python3.10/site-packages/airflow/example_dags/example_branch_day_of_week_operator.py for tasks to queue
[2024-06-09T12:07:02.667-0300] {logging_mixin.py:188} INFO - [2024-06-09T12:07:02.666-0300] {dagbag.py:545} INFO - Filling up the DagBag from /home/pedro/.local/lib/python3.10/site-packages/airflow/example_dags/example_branch_day_of_week_operator.py
[2024-06-09T12:07:02.674-0300] {processor.py:840} INFO - DAG(s) 'example_weekday_branch_operator' retrieved from /home/pedro/.local/lib/python3.10/site-packages/airflow/example_dags/example_branch_day_of_week_operator.py
[2024-06-09T12:07:02.685-0300] {logging_mixin.py:188} INFO - [2024-06-09T12:07:02.685-0300] {dag.py:3096} INFO - Sync 1 DAGs
[2024-06-09T12:07:02.697-0300] {logging_mixin.py:188} INFO - [2024-06-09T12:07:02.696-0300] {dag.py:3954} INFO - Setting next_dagrun for example_weekday_branch_operator to 2024-06-08 00:00:00+00:00, run_after=2024-06-09 00:00:00+00:00
[2024-06-09T12:07:02.774-0300] {processor.py:183} INFO - Processing /home/pedro/.local/lib/python3.10/site-packages/airflow/example_dags/example_branch_day_of_week_operator.py took 0.121 seconds
[2024-06-09T12:07:59.519-0300] {processor.py:161} INFO - Started process (PID=12582) to work on /home/pedro/.local/lib/python3.10/site-packages/airflow/example_dags/example_branch_day_of_week_operator.py
[2024-06-09T12:07:59.523-0300] {processor.py:830} INFO - Processing file /home/pedro/.local/lib/python3.10/site-packages/airflow/example_dags/example_branch_day_of_week_operator.py for tasks to queue
[2024-06-09T12:07:59.525-0300] {logging_mixin.py:188} INFO - [2024-06-09T12:07:59.524-0300] {dagbag.py:545} INFO - Filling up the DagBag from /home/pedro/.local/lib/python3.10/site-packages/airflow/example_dags/example_branch_day_of_week_operator.py
[2024-06-09T12:07:59.532-0300] {processor.py:840} INFO - DAG(s) 'example_weekday_branch_operator' retrieved from /home/pedro/.local/lib/python3.10/site-packages/airflow/example_dags/example_branch_day_of_week_operator.py
[2024-06-09T12:07:59.543-0300] {logging_mixin.py:188} INFO - [2024-06-09T12:07:59.543-0300] {dag.py:3096} INFO - Sync 1 DAGs
[2024-06-09T12:07:59.554-0300] {logging_mixin.py:188} INFO - [2024-06-09T12:07:59.553-0300] {dag.py:3954} INFO - Setting next_dagrun for example_weekday_branch_operator to 2024-06-08 00:00:00+00:00, run_after=2024-06-09 00:00:00+00:00
[2024-06-09T12:07:59.574-0300] {processor.py:183} INFO - Processing /home/pedro/.local/lib/python3.10/site-packages/airflow/example_dags/example_branch_day_of_week_operator.py took 0.058 seconds
[2024-06-09T12:08:49.848-0300] {processor.py:161} INFO - Started process (PID=12671) to work on /home/pedro/.local/lib/python3.10/site-packages/airflow/example_dags/example_branch_day_of_week_operator.py
[2024-06-09T12:08:49.851-0300] {processor.py:830} INFO - Processing file /home/pedro/.local/lib/python3.10/site-packages/airflow/example_dags/example_branch_day_of_week_operator.py for tasks to queue
[2024-06-09T12:08:49.854-0300] {logging_mixin.py:188} INFO - [2024-06-09T12:08:49.853-0300] {dagbag.py:545} INFO - Filling up the DagBag from /home/pedro/.local/lib/python3.10/site-packages/airflow/example_dags/example_branch_day_of_week_operator.py
[2024-06-09T12:08:49.861-0300] {processor.py:840} INFO - DAG(s) 'example_weekday_branch_operator' retrieved from /home/pedro/.local/lib/python3.10/site-packages/airflow/example_dags/example_branch_day_of_week_operator.py
[2024-06-09T12:08:49.870-0300] {logging_mixin.py:188} INFO - [2024-06-09T12:08:49.870-0300] {dag.py:3096} INFO - Sync 1 DAGs
[2024-06-09T12:08:49.881-0300] {logging_mixin.py:188} INFO - [2024-06-09T12:08:49.880-0300] {dag.py:3954} INFO - Setting next_dagrun for example_weekday_branch_operator to 2024-06-08 00:00:00+00:00, run_after=2024-06-09 00:00:00+00:00
[2024-06-09T12:08:49.898-0300] {processor.py:183} INFO - Processing /home/pedro/.local/lib/python3.10/site-packages/airflow/example_dags/example_branch_day_of_week_operator.py took 0.054 seconds
[2024-06-09T12:09:52.919-0300] {processor.py:161} INFO - Started process (PID=12791) to work on /home/pedro/.local/lib/python3.10/site-packages/airflow/example_dags/example_branch_day_of_week_operator.py
[2024-06-09T12:09:52.923-0300] {processor.py:830} INFO - Processing file /home/pedro/.local/lib/python3.10/site-packages/airflow/example_dags/example_branch_day_of_week_operator.py for tasks to queue
[2024-06-09T12:09:52.925-0300] {logging_mixin.py:188} INFO - [2024-06-09T12:09:52.925-0300] {dagbag.py:545} INFO - Filling up the DagBag from /home/pedro/.local/lib/python3.10/site-packages/airflow/example_dags/example_branch_day_of_week_operator.py
[2024-06-09T12:09:52.933-0300] {processor.py:840} INFO - DAG(s) 'example_weekday_branch_operator' retrieved from /home/pedro/.local/lib/python3.10/site-packages/airflow/example_dags/example_branch_day_of_week_operator.py
[2024-06-09T12:09:52.941-0300] {logging_mixin.py:188} INFO - [2024-06-09T12:09:52.941-0300] {dag.py:3096} INFO - Sync 1 DAGs
[2024-06-09T12:09:52.952-0300] {logging_mixin.py:188} INFO - [2024-06-09T12:09:52.952-0300] {dag.py:3954} INFO - Setting next_dagrun for example_weekday_branch_operator to 2024-06-08 00:00:00+00:00, run_after=2024-06-09 00:00:00+00:00
[2024-06-09T12:09:52.969-0300] {processor.py:183} INFO - Processing /home/pedro/.local/lib/python3.10/site-packages/airflow/example_dags/example_branch_day_of_week_operator.py took 0.058 seconds
[2024-06-09T12:10:57.153-0300] {processor.py:161} INFO - Started process (PID=12904) to work on /home/pedro/.local/lib/python3.10/site-packages/airflow/example_dags/example_branch_day_of_week_operator.py
[2024-06-09T12:10:57.156-0300] {processor.py:830} INFO - Processing file /home/pedro/.local/lib/python3.10/site-packages/airflow/example_dags/example_branch_day_of_week_operator.py for tasks to queue
[2024-06-09T12:10:57.158-0300] {logging_mixin.py:188} INFO - [2024-06-09T12:10:57.158-0300] {dagbag.py:545} INFO - Filling up the DagBag from /home/pedro/.local/lib/python3.10/site-packages/airflow/example_dags/example_branch_day_of_week_operator.py
[2024-06-09T12:10:57.166-0300] {processor.py:840} INFO - DAG(s) 'example_weekday_branch_operator' retrieved from /home/pedro/.local/lib/python3.10/site-packages/airflow/example_dags/example_branch_day_of_week_operator.py
[2024-06-09T12:10:57.174-0300] {logging_mixin.py:188} INFO - [2024-06-09T12:10:57.174-0300] {dag.py:3096} INFO - Sync 1 DAGs
[2024-06-09T12:10:57.185-0300] {logging_mixin.py:188} INFO - [2024-06-09T12:10:57.185-0300] {dag.py:3954} INFO - Setting next_dagrun for example_weekday_branch_operator to 2024-06-08 00:00:00+00:00, run_after=2024-06-09 00:00:00+00:00
[2024-06-09T12:10:57.203-0300] {processor.py:183} INFO - Processing /home/pedro/.local/lib/python3.10/site-packages/airflow/example_dags/example_branch_day_of_week_operator.py took 0.055 seconds
[2024-06-09T12:12:17.495-0300] {processor.py:161} INFO - Started process (PID=13043) to work on /home/pedro/.local/lib/python3.10/site-packages/airflow/example_dags/example_branch_day_of_week_operator.py
[2024-06-09T12:12:17.498-0300] {processor.py:830} INFO - Processing file /home/pedro/.local/lib/python3.10/site-packages/airflow/example_dags/example_branch_day_of_week_operator.py for tasks to queue
[2024-06-09T12:12:17.500-0300] {logging_mixin.py:188} INFO - [2024-06-09T12:12:17.500-0300] {dagbag.py:545} INFO - Filling up the DagBag from /home/pedro/.local/lib/python3.10/site-packages/airflow/example_dags/example_branch_day_of_week_operator.py
[2024-06-09T12:12:17.509-0300] {processor.py:840} INFO - DAG(s) 'example_weekday_branch_operator' retrieved from /home/pedro/.local/lib/python3.10/site-packages/airflow/example_dags/example_branch_day_of_week_operator.py
[2024-06-09T12:12:17.519-0300] {logging_mixin.py:188} INFO - [2024-06-09T12:12:17.519-0300] {dag.py:3096} INFO - Sync 1 DAGs
[2024-06-09T12:12:17.531-0300] {logging_mixin.py:188} INFO - [2024-06-09T12:12:17.531-0300] {dag.py:3954} INFO - Setting next_dagrun for example_weekday_branch_operator to 2024-06-08 00:00:00+00:00, run_after=2024-06-09 00:00:00+00:00
[2024-06-09T12:12:17.607-0300] {processor.py:183} INFO - Processing /home/pedro/.local/lib/python3.10/site-packages/airflow/example_dags/example_branch_day_of_week_operator.py took 0.115 seconds
[2024-06-09T12:13:12.060-0300] {processor.py:161} INFO - Started process (PID=13130) to work on /home/pedro/.local/lib/python3.10/site-packages/airflow/example_dags/example_branch_day_of_week_operator.py
[2024-06-09T12:13:12.063-0300] {processor.py:830} INFO - Processing file /home/pedro/.local/lib/python3.10/site-packages/airflow/example_dags/example_branch_day_of_week_operator.py for tasks to queue
[2024-06-09T12:13:12.064-0300] {logging_mixin.py:188} INFO - [2024-06-09T12:13:12.064-0300] {dagbag.py:545} INFO - Filling up the DagBag from /home/pedro/.local/lib/python3.10/site-packages/airflow/example_dags/example_branch_day_of_week_operator.py
[2024-06-09T12:13:12.072-0300] {processor.py:840} INFO - DAG(s) 'example_weekday_branch_operator' retrieved from /home/pedro/.local/lib/python3.10/site-packages/airflow/example_dags/example_branch_day_of_week_operator.py
[2024-06-09T12:13:12.080-0300] {logging_mixin.py:188} INFO - [2024-06-09T12:13:12.080-0300] {dag.py:3096} INFO - Sync 1 DAGs
[2024-06-09T12:13:12.092-0300] {logging_mixin.py:188} INFO - [2024-06-09T12:13:12.091-0300] {dag.py:3954} INFO - Setting next_dagrun for example_weekday_branch_operator to 2024-06-08 00:00:00+00:00, run_after=2024-06-09 00:00:00+00:00
[2024-06-09T12:13:12.106-0300] {processor.py:183} INFO - Processing /home/pedro/.local/lib/python3.10/site-packages/airflow/example_dags/example_branch_day_of_week_operator.py took 0.050 seconds
[2024-06-09T12:14:03.004-0300] {processor.py:161} INFO - Started process (PID=13199) to work on /home/pedro/.local/lib/python3.10/site-packages/airflow/example_dags/example_branch_day_of_week_operator.py
[2024-06-09T12:14:03.007-0300] {processor.py:830} INFO - Processing file /home/pedro/.local/lib/python3.10/site-packages/airflow/example_dags/example_branch_day_of_week_operator.py for tasks to queue
[2024-06-09T12:14:03.009-0300] {logging_mixin.py:188} INFO - [2024-06-09T12:14:03.008-0300] {dagbag.py:545} INFO - Filling up the DagBag from /home/pedro/.local/lib/python3.10/site-packages/airflow/example_dags/example_branch_day_of_week_operator.py
[2024-06-09T12:14:03.015-0300] {processor.py:840} INFO - DAG(s) 'example_weekday_branch_operator' retrieved from /home/pedro/.local/lib/python3.10/site-packages/airflow/example_dags/example_branch_day_of_week_operator.py
[2024-06-09T12:14:03.023-0300] {logging_mixin.py:188} INFO - [2024-06-09T12:14:03.023-0300] {dag.py:3096} INFO - Sync 1 DAGs
[2024-06-09T12:14:03.035-0300] {logging_mixin.py:188} INFO - [2024-06-09T12:14:03.035-0300] {dag.py:3954} INFO - Setting next_dagrun for example_weekday_branch_operator to 2024-06-08 00:00:00+00:00, run_after=2024-06-09 00:00:00+00:00
[2024-06-09T12:14:03.050-0300] {processor.py:183} INFO - Processing /home/pedro/.local/lib/python3.10/site-packages/airflow/example_dags/example_branch_day_of_week_operator.py took 0.051 seconds
[2024-06-09T12:15:30.643-0300] {processor.py:161} INFO - Started process (PID=13364) to work on /home/pedro/.local/lib/python3.10/site-packages/airflow/example_dags/example_branch_day_of_week_operator.py
[2024-06-09T12:15:30.647-0300] {processor.py:830} INFO - Processing file /home/pedro/.local/lib/python3.10/site-packages/airflow/example_dags/example_branch_day_of_week_operator.py for tasks to queue
[2024-06-09T12:15:30.649-0300] {logging_mixin.py:188} INFO - [2024-06-09T12:15:30.649-0300] {dagbag.py:545} INFO - Filling up the DagBag from /home/pedro/.local/lib/python3.10/site-packages/airflow/example_dags/example_branch_day_of_week_operator.py
[2024-06-09T12:15:30.655-0300] {processor.py:840} INFO - DAG(s) 'example_weekday_branch_operator' retrieved from /home/pedro/.local/lib/python3.10/site-packages/airflow/example_dags/example_branch_day_of_week_operator.py
[2024-06-09T12:15:30.667-0300] {logging_mixin.py:188} INFO - [2024-06-09T12:15:30.666-0300] {dag.py:3096} INFO - Sync 1 DAGs
[2024-06-09T12:15:30.677-0300] {logging_mixin.py:188} INFO - [2024-06-09T12:15:30.677-0300] {dag.py:3954} INFO - Setting next_dagrun for example_weekday_branch_operator to 2024-06-08 00:00:00+00:00, run_after=2024-06-09 00:00:00+00:00
[2024-06-09T12:15:30.763-0300] {processor.py:183} INFO - Processing /home/pedro/.local/lib/python3.10/site-packages/airflow/example_dags/example_branch_day_of_week_operator.py took 0.127 seconds
[2024-06-09T12:20:19.104-0300] {processor.py:161} INFO - Started process (PID=13627) to work on /home/pedro/.local/lib/python3.10/site-packages/airflow/example_dags/example_branch_day_of_week_operator.py
[2024-06-09T12:20:19.108-0300] {processor.py:830} INFO - Processing file /home/pedro/.local/lib/python3.10/site-packages/airflow/example_dags/example_branch_day_of_week_operator.py for tasks to queue
[2024-06-09T12:20:19.110-0300] {logging_mixin.py:188} INFO - [2024-06-09T12:20:19.109-0300] {dagbag.py:545} INFO - Filling up the DagBag from /home/pedro/.local/lib/python3.10/site-packages/airflow/example_dags/example_branch_day_of_week_operator.py
[2024-06-09T12:20:19.117-0300] {processor.py:840} INFO - DAG(s) 'example_weekday_branch_operator' retrieved from /home/pedro/.local/lib/python3.10/site-packages/airflow/example_dags/example_branch_day_of_week_operator.py
[2024-06-09T12:20:19.127-0300] {logging_mixin.py:188} INFO - [2024-06-09T12:20:19.127-0300] {dag.py:3096} INFO - Sync 1 DAGs
[2024-06-09T12:20:19.139-0300] {logging_mixin.py:188} INFO - [2024-06-09T12:20:19.139-0300] {dag.py:3954} INFO - Setting next_dagrun for example_weekday_branch_operator to 2024-06-08 00:00:00+00:00, run_after=2024-06-09 00:00:00+00:00
[2024-06-09T12:20:19.213-0300] {processor.py:183} INFO - Processing /home/pedro/.local/lib/python3.10/site-packages/airflow/example_dags/example_branch_day_of_week_operator.py took 0.117 seconds
[2024-06-09T12:21:11.405-0300] {processor.py:161} INFO - Started process (PID=13757) to work on /home/pedro/.local/lib/python3.10/site-packages/airflow/example_dags/example_branch_day_of_week_operator.py
[2024-06-09T12:21:11.409-0300] {processor.py:830} INFO - Processing file /home/pedro/.local/lib/python3.10/site-packages/airflow/example_dags/example_branch_day_of_week_operator.py for tasks to queue
[2024-06-09T12:21:11.411-0300] {logging_mixin.py:188} INFO - [2024-06-09T12:21:11.410-0300] {dagbag.py:545} INFO - Filling up the DagBag from /home/pedro/.local/lib/python3.10/site-packages/airflow/example_dags/example_branch_day_of_week_operator.py
[2024-06-09T12:21:11.420-0300] {processor.py:840} INFO - DAG(s) 'example_weekday_branch_operator' retrieved from /home/pedro/.local/lib/python3.10/site-packages/airflow/example_dags/example_branch_day_of_week_operator.py
[2024-06-09T12:21:11.429-0300] {logging_mixin.py:188} INFO - [2024-06-09T12:21:11.429-0300] {dag.py:3096} INFO - Sync 1 DAGs
[2024-06-09T12:21:11.439-0300] {logging_mixin.py:188} INFO - [2024-06-09T12:21:11.439-0300] {dag.py:3954} INFO - Setting next_dagrun for example_weekday_branch_operator to 2024-06-08 00:00:00+00:00, run_after=2024-06-09 00:00:00+00:00
[2024-06-09T12:21:11.455-0300] {processor.py:183} INFO - Processing /home/pedro/.local/lib/python3.10/site-packages/airflow/example_dags/example_branch_day_of_week_operator.py took 0.054 seconds
[2024-06-09T12:22:09.392-0300] {processor.py:161} INFO - Started process (PID=13872) to work on /home/pedro/.local/lib/python3.10/site-packages/airflow/example_dags/example_branch_day_of_week_operator.py
[2024-06-09T12:22:09.395-0300] {processor.py:830} INFO - Processing file /home/pedro/.local/lib/python3.10/site-packages/airflow/example_dags/example_branch_day_of_week_operator.py for tasks to queue
[2024-06-09T12:22:09.396-0300] {logging_mixin.py:188} INFO - [2024-06-09T12:22:09.395-0300] {dagbag.py:545} INFO - Filling up the DagBag from /home/pedro/.local/lib/python3.10/site-packages/airflow/example_dags/example_branch_day_of_week_operator.py
[2024-06-09T12:22:09.400-0300] {processor.py:840} INFO - DAG(s) 'example_weekday_branch_operator' retrieved from /home/pedro/.local/lib/python3.10/site-packages/airflow/example_dags/example_branch_day_of_week_operator.py
[2024-06-09T12:22:09.408-0300] {logging_mixin.py:188} INFO - [2024-06-09T12:22:09.408-0300] {dag.py:3096} INFO - Sync 1 DAGs
[2024-06-09T12:22:09.421-0300] {logging_mixin.py:188} INFO - [2024-06-09T12:22:09.421-0300] {dag.py:3954} INFO - Setting next_dagrun for example_weekday_branch_operator to 2024-06-08 00:00:00+00:00, run_after=2024-06-09 00:00:00+00:00
[2024-06-09T12:22:09.443-0300] {processor.py:183} INFO - Processing /home/pedro/.local/lib/python3.10/site-packages/airflow/example_dags/example_branch_day_of_week_operator.py took 0.054 seconds
[2024-06-09T12:23:13.847-0300] {processor.py:161} INFO - Started process (PID=14001) to work on /home/pedro/.local/lib/python3.10/site-packages/airflow/example_dags/example_branch_day_of_week_operator.py
[2024-06-09T12:23:13.850-0300] {processor.py:830} INFO - Processing file /home/pedro/.local/lib/python3.10/site-packages/airflow/example_dags/example_branch_day_of_week_operator.py for tasks to queue
[2024-06-09T12:23:13.852-0300] {logging_mixin.py:188} INFO - [2024-06-09T12:23:13.851-0300] {dagbag.py:545} INFO - Filling up the DagBag from /home/pedro/.local/lib/python3.10/site-packages/airflow/example_dags/example_branch_day_of_week_operator.py
[2024-06-09T12:23:13.860-0300] {processor.py:840} INFO - DAG(s) 'example_weekday_branch_operator' retrieved from /home/pedro/.local/lib/python3.10/site-packages/airflow/example_dags/example_branch_day_of_week_operator.py
[2024-06-09T12:23:13.868-0300] {logging_mixin.py:188} INFO - [2024-06-09T12:23:13.868-0300] {dag.py:3096} INFO - Sync 1 DAGs
[2024-06-09T12:23:13.878-0300] {logging_mixin.py:188} INFO - [2024-06-09T12:23:13.878-0300] {dag.py:3954} INFO - Setting next_dagrun for example_weekday_branch_operator to 2024-06-08 00:00:00+00:00, run_after=2024-06-09 00:00:00+00:00
[2024-06-09T12:23:13.893-0300] {processor.py:183} INFO - Processing /home/pedro/.local/lib/python3.10/site-packages/airflow/example_dags/example_branch_day_of_week_operator.py took 0.052 seconds
[2024-06-09T16:26:36.424-0300] {processor.py:161} INFO - Started process (PID=4853) to work on /home/pedro/.local/lib/python3.10/site-packages/airflow/example_dags/example_branch_day_of_week_operator.py
[2024-06-09T16:26:36.425-0300] {processor.py:830} INFO - Processing file /home/pedro/.local/lib/python3.10/site-packages/airflow/example_dags/example_branch_day_of_week_operator.py for tasks to queue
[2024-06-09T16:26:36.427-0300] {logging_mixin.py:188} INFO - [2024-06-09T16:26:36.427-0300] {dagbag.py:545} INFO - Filling up the DagBag from /home/pedro/.local/lib/python3.10/site-packages/airflow/example_dags/example_branch_day_of_week_operator.py
[2024-06-09T16:26:36.434-0300] {processor.py:840} INFO - DAG(s) 'example_weekday_branch_operator' retrieved from /home/pedro/.local/lib/python3.10/site-packages/airflow/example_dags/example_branch_day_of_week_operator.py
[2024-06-09T16:26:36.448-0300] {logging_mixin.py:188} INFO - [2024-06-09T16:26:36.448-0300] {dag.py:3096} INFO - Sync 1 DAGs
[2024-06-09T16:26:36.466-0300] {logging_mixin.py:188} INFO - [2024-06-09T16:26:36.465-0300] {dag.py:3954} INFO - Setting next_dagrun for example_weekday_branch_operator to 2024-06-08 00:00:00+00:00, run_after=2024-06-09 00:00:00+00:00
[2024-06-09T16:26:36.612-0300] {processor.py:183} INFO - Processing /home/pedro/.local/lib/python3.10/site-packages/airflow/example_dags/example_branch_day_of_week_operator.py took 0.197 seconds
[2024-06-09T16:29:30.087-0300] {processor.py:161} INFO - Started process (PID=5910) to work on /home/pedro/.local/lib/python3.10/site-packages/airflow/example_dags/example_branch_day_of_week_operator.py
[2024-06-09T16:29:30.088-0300] {processor.py:830} INFO - Processing file /home/pedro/.local/lib/python3.10/site-packages/airflow/example_dags/example_branch_day_of_week_operator.py for tasks to queue
[2024-06-09T16:29:30.089-0300] {logging_mixin.py:188} INFO - [2024-06-09T16:29:30.088-0300] {dagbag.py:545} INFO - Filling up the DagBag from /home/pedro/.local/lib/python3.10/site-packages/airflow/example_dags/example_branch_day_of_week_operator.py
[2024-06-09T16:29:30.094-0300] {processor.py:840} INFO - DAG(s) 'example_weekday_branch_operator' retrieved from /home/pedro/.local/lib/python3.10/site-packages/airflow/example_dags/example_branch_day_of_week_operator.py
[2024-06-09T16:29:30.102-0300] {logging_mixin.py:188} INFO - [2024-06-09T16:29:30.102-0300] {dag.py:3096} INFO - Sync 1 DAGs
[2024-06-09T16:29:30.112-0300] {logging_mixin.py:188} INFO - [2024-06-09T16:29:30.112-0300] {dag.py:3954} INFO - Setting next_dagrun for example_weekday_branch_operator to 2024-06-08 00:00:00+00:00, run_after=2024-06-09 00:00:00+00:00
[2024-06-09T16:29:30.125-0300] {processor.py:183} INFO - Processing /home/pedro/.local/lib/python3.10/site-packages/airflow/example_dags/example_branch_day_of_week_operator.py took 0.043 seconds
[2024-06-09T16:33:41.810-0300] {processor.py:161} INFO - Started process (PID=8454) to work on /home/pedro/.local/lib/python3.10/site-packages/airflow/example_dags/example_branch_day_of_week_operator.py
[2024-06-09T16:33:41.814-0300] {processor.py:830} INFO - Processing file /home/pedro/.local/lib/python3.10/site-packages/airflow/example_dags/example_branch_day_of_week_operator.py for tasks to queue
[2024-06-09T16:33:41.816-0300] {logging_mixin.py:188} INFO - [2024-06-09T16:33:41.815-0300] {dagbag.py:545} INFO - Filling up the DagBag from /home/pedro/.local/lib/python3.10/site-packages/airflow/example_dags/example_branch_day_of_week_operator.py
[2024-06-09T16:33:41.825-0300] {processor.py:840} INFO - DAG(s) 'example_weekday_branch_operator' retrieved from /home/pedro/.local/lib/python3.10/site-packages/airflow/example_dags/example_branch_day_of_week_operator.py
[2024-06-09T16:33:41.833-0300] {logging_mixin.py:188} INFO - [2024-06-09T16:33:41.833-0300] {dag.py:3096} INFO - Sync 1 DAGs
[2024-06-09T16:33:41.845-0300] {logging_mixin.py:188} INFO - [2024-06-09T16:33:41.845-0300] {dag.py:3954} INFO - Setting next_dagrun for example_weekday_branch_operator to 2024-06-08 00:00:00+00:00, run_after=2024-06-09 00:00:00+00:00
[2024-06-09T16:33:41.862-0300] {processor.py:183} INFO - Processing /home/pedro/.local/lib/python3.10/site-packages/airflow/example_dags/example_branch_day_of_week_operator.py took 0.057 seconds
[2024-06-09T16:37:37.261-0300] {processor.py:161} INFO - Started process (PID=9865) to work on /home/pedro/.local/lib/python3.10/site-packages/airflow/example_dags/example_branch_day_of_week_operator.py
[2024-06-09T16:37:37.262-0300] {processor.py:830} INFO - Processing file /home/pedro/.local/lib/python3.10/site-packages/airflow/example_dags/example_branch_day_of_week_operator.py for tasks to queue
[2024-06-09T16:37:37.262-0300] {logging_mixin.py:188} INFO - [2024-06-09T16:37:37.262-0300] {dagbag.py:545} INFO - Filling up the DagBag from /home/pedro/.local/lib/python3.10/site-packages/airflow/example_dags/example_branch_day_of_week_operator.py
[2024-06-09T16:37:37.268-0300] {processor.py:840} INFO - DAG(s) 'example_weekday_branch_operator' retrieved from /home/pedro/.local/lib/python3.10/site-packages/airflow/example_dags/example_branch_day_of_week_operator.py
[2024-06-09T16:37:37.276-0300] {logging_mixin.py:188} INFO - [2024-06-09T16:37:37.276-0300] {dag.py:3096} INFO - Sync 1 DAGs
[2024-06-09T16:37:37.286-0300] {logging_mixin.py:188} INFO - [2024-06-09T16:37:37.286-0300] {dag.py:3954} INFO - Setting next_dagrun for example_weekday_branch_operator to 2024-06-08 00:00:00+00:00, run_after=2024-06-09 00:00:00+00:00
[2024-06-09T16:37:37.301-0300] {processor.py:183} INFO - Processing /home/pedro/.local/lib/python3.10/site-packages/airflow/example_dags/example_branch_day_of_week_operator.py took 0.044 seconds
[2024-06-09T16:41:33.397-0300] {processor.py:161} INFO - Started process (PID=11271) to work on /home/pedro/.local/lib/python3.10/site-packages/airflow/example_dags/example_branch_day_of_week_operator.py
[2024-06-09T16:41:33.400-0300] {processor.py:830} INFO - Processing file /home/pedro/.local/lib/python3.10/site-packages/airflow/example_dags/example_branch_day_of_week_operator.py for tasks to queue
[2024-06-09T16:41:33.402-0300] {logging_mixin.py:188} INFO - [2024-06-09T16:41:33.402-0300] {dagbag.py:545} INFO - Filling up the DagBag from /home/pedro/.local/lib/python3.10/site-packages/airflow/example_dags/example_branch_day_of_week_operator.py
[2024-06-09T16:41:33.410-0300] {processor.py:840} INFO - DAG(s) 'example_weekday_branch_operator' retrieved from /home/pedro/.local/lib/python3.10/site-packages/airflow/example_dags/example_branch_day_of_week_operator.py
[2024-06-09T16:41:33.419-0300] {logging_mixin.py:188} INFO - [2024-06-09T16:41:33.419-0300] {dag.py:3096} INFO - Sync 1 DAGs
[2024-06-09T16:41:33.429-0300] {logging_mixin.py:188} INFO - [2024-06-09T16:41:33.429-0300] {dag.py:3954} INFO - Setting next_dagrun for example_weekday_branch_operator to 2024-06-08 00:00:00+00:00, run_after=2024-06-09 00:00:00+00:00
[2024-06-09T16:41:33.445-0300] {processor.py:183} INFO - Processing /home/pedro/.local/lib/python3.10/site-packages/airflow/example_dags/example_branch_day_of_week_operator.py took 0.052 seconds
[2024-06-09T16:45:42.710-0300] {processor.py:161} INFO - Started process (PID=12672) to work on /home/pedro/.local/lib/python3.10/site-packages/airflow/example_dags/example_branch_day_of_week_operator.py
[2024-06-09T16:45:42.714-0300] {processor.py:830} INFO - Processing file /home/pedro/.local/lib/python3.10/site-packages/airflow/example_dags/example_branch_day_of_week_operator.py for tasks to queue
[2024-06-09T16:45:42.716-0300] {logging_mixin.py:188} INFO - [2024-06-09T16:45:42.715-0300] {dagbag.py:545} INFO - Filling up the DagBag from /home/pedro/.local/lib/python3.10/site-packages/airflow/example_dags/example_branch_day_of_week_operator.py
[2024-06-09T16:45:42.723-0300] {processor.py:840} INFO - DAG(s) 'example_weekday_branch_operator' retrieved from /home/pedro/.local/lib/python3.10/site-packages/airflow/example_dags/example_branch_day_of_week_operator.py
[2024-06-09T16:45:42.733-0300] {logging_mixin.py:188} INFO - [2024-06-09T16:45:42.733-0300] {dag.py:3096} INFO - Sync 1 DAGs
[2024-06-09T16:45:42.744-0300] {logging_mixin.py:188} INFO - [2024-06-09T16:45:42.744-0300] {dag.py:3954} INFO - Setting next_dagrun for example_weekday_branch_operator to 2024-06-08 00:00:00+00:00, run_after=2024-06-09 00:00:00+00:00
[2024-06-09T16:45:42.765-0300] {processor.py:183} INFO - Processing /home/pedro/.local/lib/python3.10/site-packages/airflow/example_dags/example_branch_day_of_week_operator.py took 0.061 seconds
[2024-06-09T16:49:49.160-0300] {processor.py:161} INFO - Started process (PID=14184) to work on /home/pedro/.local/lib/python3.10/site-packages/airflow/example_dags/example_branch_day_of_week_operator.py
[2024-06-09T16:49:49.161-0300] {processor.py:830} INFO - Processing file /home/pedro/.local/lib/python3.10/site-packages/airflow/example_dags/example_branch_day_of_week_operator.py for tasks to queue
[2024-06-09T16:49:49.162-0300] {logging_mixin.py:188} INFO - [2024-06-09T16:49:49.162-0300] {dagbag.py:545} INFO - Filling up the DagBag from /home/pedro/.local/lib/python3.10/site-packages/airflow/example_dags/example_branch_day_of_week_operator.py
[2024-06-09T16:49:49.167-0300] {processor.py:840} INFO - DAG(s) 'example_weekday_branch_operator' retrieved from /home/pedro/.local/lib/python3.10/site-packages/airflow/example_dags/example_branch_day_of_week_operator.py
[2024-06-09T16:49:49.175-0300] {logging_mixin.py:188} INFO - [2024-06-09T16:49:49.175-0300] {dag.py:3096} INFO - Sync 1 DAGs
[2024-06-09T16:49:49.187-0300] {logging_mixin.py:188} INFO - [2024-06-09T16:49:49.187-0300] {dag.py:3954} INFO - Setting next_dagrun for example_weekday_branch_operator to 2024-06-08 00:00:00+00:00, run_after=2024-06-09 00:00:00+00:00
[2024-06-09T16:49:49.202-0300] {processor.py:183} INFO - Processing /home/pedro/.local/lib/python3.10/site-packages/airflow/example_dags/example_branch_day_of_week_operator.py took 0.046 seconds
[2024-06-09T16:53:56.088-0300] {processor.py:161} INFO - Started process (PID=15611) to work on /home/pedro/.local/lib/python3.10/site-packages/airflow/example_dags/example_branch_day_of_week_operator.py
[2024-06-09T16:53:56.089-0300] {processor.py:830} INFO - Processing file /home/pedro/.local/lib/python3.10/site-packages/airflow/example_dags/example_branch_day_of_week_operator.py for tasks to queue
[2024-06-09T16:53:56.090-0300] {logging_mixin.py:188} INFO - [2024-06-09T16:53:56.090-0300] {dagbag.py:545} INFO - Filling up the DagBag from /home/pedro/.local/lib/python3.10/site-packages/airflow/example_dags/example_branch_day_of_week_operator.py
[2024-06-09T16:53:56.096-0300] {processor.py:840} INFO - DAG(s) 'example_weekday_branch_operator' retrieved from /home/pedro/.local/lib/python3.10/site-packages/airflow/example_dags/example_branch_day_of_week_operator.py
[2024-06-09T16:53:56.106-0300] {logging_mixin.py:188} INFO - [2024-06-09T16:53:56.106-0300] {dag.py:3096} INFO - Sync 1 DAGs
[2024-06-09T16:53:56.118-0300] {logging_mixin.py:188} INFO - [2024-06-09T16:53:56.118-0300] {dag.py:3954} INFO - Setting next_dagrun for example_weekday_branch_operator to 2024-06-08 00:00:00+00:00, run_after=2024-06-09 00:00:00+00:00
[2024-06-09T16:53:56.135-0300] {processor.py:183} INFO - Processing /home/pedro/.local/lib/python3.10/site-packages/airflow/example_dags/example_branch_day_of_week_operator.py took 0.053 seconds
[2024-06-09T16:58:07.168-0300] {processor.py:161} INFO - Started process (PID=16994) to work on /home/pedro/.local/lib/python3.10/site-packages/airflow/example_dags/example_branch_day_of_week_operator.py
[2024-06-09T16:58:07.172-0300] {processor.py:830} INFO - Processing file /home/pedro/.local/lib/python3.10/site-packages/airflow/example_dags/example_branch_day_of_week_operator.py for tasks to queue
[2024-06-09T16:58:07.173-0300] {logging_mixin.py:188} INFO - [2024-06-09T16:58:07.173-0300] {dagbag.py:545} INFO - Filling up the DagBag from /home/pedro/.local/lib/python3.10/site-packages/airflow/example_dags/example_branch_day_of_week_operator.py
[2024-06-09T16:58:07.178-0300] {processor.py:840} INFO - DAG(s) 'example_weekday_branch_operator' retrieved from /home/pedro/.local/lib/python3.10/site-packages/airflow/example_dags/example_branch_day_of_week_operator.py
[2024-06-09T16:58:07.187-0300] {logging_mixin.py:188} INFO - [2024-06-09T16:58:07.187-0300] {dag.py:3096} INFO - Sync 1 DAGs
[2024-06-09T16:58:07.200-0300] {logging_mixin.py:188} INFO - [2024-06-09T16:58:07.200-0300] {dag.py:3954} INFO - Setting next_dagrun for example_weekday_branch_operator to 2024-06-08 00:00:00+00:00, run_after=2024-06-09 00:00:00+00:00
[2024-06-09T16:58:07.218-0300] {processor.py:183} INFO - Processing /home/pedro/.local/lib/python3.10/site-packages/airflow/example_dags/example_branch_day_of_week_operator.py took 0.053 seconds
