[2024-06-09T11:45:20.468-0300] {processor.py:161} INFO - Started process (PID=5859) to work on /home/pedro/.local/lib/python3.10/site-packages/airflow/example_dags/example_xcom.py
[2024-06-09T11:45:20.468-0300] {processor.py:830} INFO - Processing file /home/pedro/.local/lib/python3.10/site-packages/airflow/example_dags/example_xcom.py for tasks to queue
[2024-06-09T11:45:20.469-0300] {logging_mixin.py:188} INFO - [2024-06-09T11:45:20.469-0300] {dagbag.py:545} INFO - Filling up the DagBag from /home/pedro/.local/lib/python3.10/site-packages/airflow/example_dags/example_xcom.py
[2024-06-09T11:45:20.475-0300] {processor.py:840} INFO - DAG(s) 'example_xcom' retrieved from /home/pedro/.local/lib/python3.10/site-packages/airflow/example_dags/example_xcom.py
[2024-06-09T11:45:20.494-0300] {logging_mixin.py:188} INFO - [2024-06-09T11:45:20.494-0300] {dag.py:3096} INFO - Sync 1 DAGs
[2024-06-09T11:45:20.508-0300] {logging_mixin.py:188} INFO - [2024-06-09T11:45:20.507-0300] {dag.py:3954} INFO - Setting next_dagrun for example_xcom to 2021-01-01 00:00:00+00:00, run_after=2021-01-01 00:00:00+00:00
[2024-06-09T11:45:20.526-0300] {processor.py:183} INFO - Processing /home/pedro/.local/lib/python3.10/site-packages/airflow/example_dags/example_xcom.py took 0.062 seconds
[2024-06-09T11:46:11.353-0300] {processor.py:161} INFO - Started process (PID=7192) to work on /home/pedro/.local/lib/python3.10/site-packages/airflow/example_dags/example_xcom.py
[2024-06-09T11:46:11.357-0300] {processor.py:830} INFO - Processing file /home/pedro/.local/lib/python3.10/site-packages/airflow/example_dags/example_xcom.py for tasks to queue
[2024-06-09T11:46:11.360-0300] {logging_mixin.py:188} INFO - [2024-06-09T11:46:11.359-0300] {dagbag.py:545} INFO - Filling up the DagBag from /home/pedro/.local/lib/python3.10/site-packages/airflow/example_dags/example_xcom.py
[2024-06-09T11:46:11.367-0300] {processor.py:840} INFO - DAG(s) 'example_xcom' retrieved from /home/pedro/.local/lib/python3.10/site-packages/airflow/example_dags/example_xcom.py
[2024-06-09T11:46:11.376-0300] {logging_mixin.py:188} INFO - [2024-06-09T11:46:11.375-0300] {dag.py:3096} INFO - Sync 1 DAGs
[2024-06-09T11:46:11.440-0300] {logging_mixin.py:188} INFO - [2024-06-09T11:46:11.440-0300] {dag.py:3954} INFO - Setting next_dagrun for example_xcom to 2021-01-01 00:00:00+00:00, run_after=2021-01-01 00:00:00+00:00
[2024-06-09T11:46:11.455-0300] {processor.py:183} INFO - Processing /home/pedro/.local/lib/python3.10/site-packages/airflow/example_dags/example_xcom.py took 0.109 seconds
[2024-06-09T11:46:56.976-0300] {processor.py:161} INFO - Started process (PID=7323) to work on /home/pedro/.local/lib/python3.10/site-packages/airflow/example_dags/example_xcom.py
[2024-06-09T11:46:56.980-0300] {processor.py:830} INFO - Processing file /home/pedro/.local/lib/python3.10/site-packages/airflow/example_dags/example_xcom.py for tasks to queue
[2024-06-09T11:46:56.981-0300] {logging_mixin.py:188} INFO - [2024-06-09T11:46:56.981-0300] {dagbag.py:545} INFO - Filling up the DagBag from /home/pedro/.local/lib/python3.10/site-packages/airflow/example_dags/example_xcom.py
[2024-06-09T11:46:56.989-0300] {processor.py:840} INFO - DAG(s) 'example_xcom' retrieved from /home/pedro/.local/lib/python3.10/site-packages/airflow/example_dags/example_xcom.py
[2024-06-09T11:46:57.000-0300] {logging_mixin.py:188} INFO - [2024-06-09T11:46:56.999-0300] {dag.py:3096} INFO - Sync 1 DAGs
[2024-06-09T11:46:57.009-0300] {logging_mixin.py:188} INFO - [2024-06-09T11:46:57.009-0300] {dag.py:3954} INFO - Setting next_dagrun for example_xcom to 2021-01-01 00:00:00+00:00, run_after=2021-01-01 00:00:00+00:00
[2024-06-09T11:46:57.024-0300] {processor.py:183} INFO - Processing /home/pedro/.local/lib/python3.10/site-packages/airflow/example_dags/example_xcom.py took 0.053 seconds
[2024-06-09T11:47:39.586-0300] {processor.py:161} INFO - Started process (PID=7409) to work on /home/pedro/.local/lib/python3.10/site-packages/airflow/example_dags/example_xcom.py
[2024-06-09T11:47:39.590-0300] {processor.py:830} INFO - Processing file /home/pedro/.local/lib/python3.10/site-packages/airflow/example_dags/example_xcom.py for tasks to queue
[2024-06-09T11:47:39.592-0300] {logging_mixin.py:188} INFO - [2024-06-09T11:47:39.591-0300] {dagbag.py:545} INFO - Filling up the DagBag from /home/pedro/.local/lib/python3.10/site-packages/airflow/example_dags/example_xcom.py
[2024-06-09T11:47:39.600-0300] {processor.py:840} INFO - DAG(s) 'example_xcom' retrieved from /home/pedro/.local/lib/python3.10/site-packages/airflow/example_dags/example_xcom.py
[2024-06-09T11:47:39.610-0300] {logging_mixin.py:188} INFO - [2024-06-09T11:47:39.609-0300] {dag.py:3096} INFO - Sync 1 DAGs
[2024-06-09T11:47:39.619-0300] {logging_mixin.py:188} INFO - [2024-06-09T11:47:39.619-0300] {dag.py:3954} INFO - Setting next_dagrun for example_xcom to 2021-01-01 00:00:00+00:00, run_after=2021-01-01 00:00:00+00:00
[2024-06-09T11:47:39.632-0300] {processor.py:183} INFO - Processing /home/pedro/.local/lib/python3.10/site-packages/airflow/example_dags/example_xcom.py took 0.050 seconds
[2024-06-09T11:48:22.075-0300] {processor.py:161} INFO - Started process (PID=7483) to work on /home/pedro/.local/lib/python3.10/site-packages/airflow/example_dags/example_xcom.py
[2024-06-09T11:48:22.079-0300] {processor.py:830} INFO - Processing file /home/pedro/.local/lib/python3.10/site-packages/airflow/example_dags/example_xcom.py for tasks to queue
[2024-06-09T11:48:22.081-0300] {logging_mixin.py:188} INFO - [2024-06-09T11:48:22.080-0300] {dagbag.py:545} INFO - Filling up the DagBag from /home/pedro/.local/lib/python3.10/site-packages/airflow/example_dags/example_xcom.py
[2024-06-09T11:48:22.088-0300] {processor.py:840} INFO - DAG(s) 'example_xcom' retrieved from /home/pedro/.local/lib/python3.10/site-packages/airflow/example_dags/example_xcom.py
[2024-06-09T11:48:22.097-0300] {logging_mixin.py:188} INFO - [2024-06-09T11:48:22.097-0300] {dag.py:3096} INFO - Sync 1 DAGs
[2024-06-09T11:48:22.106-0300] {logging_mixin.py:188} INFO - [2024-06-09T11:48:22.106-0300] {dag.py:3954} INFO - Setting next_dagrun for example_xcom to 2021-01-01 00:00:00+00:00, run_after=2021-01-01 00:00:00+00:00
[2024-06-09T11:48:22.121-0300] {processor.py:183} INFO - Processing /home/pedro/.local/lib/python3.10/site-packages/airflow/example_dags/example_xcom.py took 0.055 seconds
[2024-06-09T11:49:03.877-0300] {processor.py:161} INFO - Started process (PID=7656) to work on /home/pedro/.local/lib/python3.10/site-packages/airflow/example_dags/example_xcom.py
[2024-06-09T11:49:03.881-0300] {processor.py:830} INFO - Processing file /home/pedro/.local/lib/python3.10/site-packages/airflow/example_dags/example_xcom.py for tasks to queue
[2024-06-09T11:49:03.882-0300] {logging_mixin.py:188} INFO - [2024-06-09T11:49:03.882-0300] {dagbag.py:545} INFO - Filling up the DagBag from /home/pedro/.local/lib/python3.10/site-packages/airflow/example_dags/example_xcom.py
[2024-06-09T11:49:03.888-0300] {processor.py:840} INFO - DAG(s) 'example_xcom' retrieved from /home/pedro/.local/lib/python3.10/site-packages/airflow/example_dags/example_xcom.py
[2024-06-09T11:49:03.898-0300] {logging_mixin.py:188} INFO - [2024-06-09T11:49:03.898-0300] {dag.py:3096} INFO - Sync 1 DAGs
[2024-06-09T11:49:03.909-0300] {logging_mixin.py:188} INFO - [2024-06-09T11:49:03.909-0300] {dag.py:3954} INFO - Setting next_dagrun for example_xcom to 2021-01-01 00:00:00+00:00, run_after=2021-01-01 00:00:00+00:00
[2024-06-09T11:49:03.924-0300] {processor.py:183} INFO - Processing /home/pedro/.local/lib/python3.10/site-packages/airflow/example_dags/example_xcom.py took 0.056 seconds
[2024-06-09T11:49:44.977-0300] {processor.py:161} INFO - Started process (PID=7930) to work on /home/pedro/.local/lib/python3.10/site-packages/airflow/example_dags/example_xcom.py
[2024-06-09T11:49:44.978-0300] {processor.py:830} INFO - Processing file /home/pedro/.local/lib/python3.10/site-packages/airflow/example_dags/example_xcom.py for tasks to queue
[2024-06-09T11:49:44.980-0300] {logging_mixin.py:188} INFO - [2024-06-09T11:49:44.980-0300] {dagbag.py:545} INFO - Filling up the DagBag from /home/pedro/.local/lib/python3.10/site-packages/airflow/example_dags/example_xcom.py
[2024-06-09T11:49:44.988-0300] {processor.py:840} INFO - DAG(s) 'example_xcom' retrieved from /home/pedro/.local/lib/python3.10/site-packages/airflow/example_dags/example_xcom.py
[2024-06-09T11:49:44.997-0300] {logging_mixin.py:188} INFO - [2024-06-09T11:49:44.997-0300] {dag.py:3096} INFO - Sync 1 DAGs
[2024-06-09T11:49:45.006-0300] {logging_mixin.py:188} INFO - [2024-06-09T11:49:45.006-0300] {dag.py:3954} INFO - Setting next_dagrun for example_xcom to 2021-01-01 00:00:00+00:00, run_after=2021-01-01 00:00:00+00:00
[2024-06-09T11:49:45.020-0300] {processor.py:183} INFO - Processing /home/pedro/.local/lib/python3.10/site-packages/airflow/example_dags/example_xcom.py took 0.048 seconds
[2024-06-09T11:50:31.354-0300] {processor.py:161} INFO - Started process (PID=7993) to work on /home/pedro/.local/lib/python3.10/site-packages/airflow/example_dags/example_xcom.py
[2024-06-09T11:50:31.357-0300] {processor.py:830} INFO - Processing file /home/pedro/.local/lib/python3.10/site-packages/airflow/example_dags/example_xcom.py for tasks to queue
[2024-06-09T11:50:31.358-0300] {logging_mixin.py:188} INFO - [2024-06-09T11:50:31.358-0300] {dagbag.py:545} INFO - Filling up the DagBag from /home/pedro/.local/lib/python3.10/site-packages/airflow/example_dags/example_xcom.py
[2024-06-09T11:50:31.364-0300] {processor.py:840} INFO - DAG(s) 'example_xcom' retrieved from /home/pedro/.local/lib/python3.10/site-packages/airflow/example_dags/example_xcom.py
[2024-06-09T11:50:31.373-0300] {logging_mixin.py:188} INFO - [2024-06-09T11:50:31.373-0300] {dag.py:3096} INFO - Sync 1 DAGs
[2024-06-09T11:50:31.382-0300] {logging_mixin.py:188} INFO - [2024-06-09T11:50:31.382-0300] {dag.py:3954} INFO - Setting next_dagrun for example_xcom to 2021-01-01 00:00:00+00:00, run_after=2021-01-01 00:00:00+00:00
[2024-06-09T11:50:31.397-0300] {processor.py:183} INFO - Processing /home/pedro/.local/lib/python3.10/site-packages/airflow/example_dags/example_xcom.py took 0.050 seconds
[2024-06-09T11:51:17.738-0300] {processor.py:161} INFO - Started process (PID=8202) to work on /home/pedro/.local/lib/python3.10/site-packages/airflow/example_dags/example_xcom.py
[2024-06-09T11:51:17.741-0300] {processor.py:830} INFO - Processing file /home/pedro/.local/lib/python3.10/site-packages/airflow/example_dags/example_xcom.py for tasks to queue
[2024-06-09T11:51:17.743-0300] {logging_mixin.py:188} INFO - [2024-06-09T11:51:17.742-0300] {dagbag.py:545} INFO - Filling up the DagBag from /home/pedro/.local/lib/python3.10/site-packages/airflow/example_dags/example_xcom.py
[2024-06-09T11:51:17.750-0300] {processor.py:840} INFO - DAG(s) 'example_xcom' retrieved from /home/pedro/.local/lib/python3.10/site-packages/airflow/example_dags/example_xcom.py
[2024-06-09T11:51:17.759-0300] {logging_mixin.py:188} INFO - [2024-06-09T11:51:17.759-0300] {dag.py:3096} INFO - Sync 1 DAGs
[2024-06-09T11:51:17.772-0300] {logging_mixin.py:188} INFO - [2024-06-09T11:51:17.772-0300] {dag.py:3954} INFO - Setting next_dagrun for example_xcom to 2021-01-01 00:00:00+00:00, run_after=2021-01-01 00:00:00+00:00
[2024-06-09T11:51:17.788-0300] {processor.py:183} INFO - Processing /home/pedro/.local/lib/python3.10/site-packages/airflow/example_dags/example_xcom.py took 0.055 seconds
[2024-06-09T11:52:02.230-0300] {processor.py:161} INFO - Started process (PID=8294) to work on /home/pedro/.local/lib/python3.10/site-packages/airflow/example_dags/example_xcom.py
[2024-06-09T11:52:02.231-0300] {processor.py:830} INFO - Processing file /home/pedro/.local/lib/python3.10/site-packages/airflow/example_dags/example_xcom.py for tasks to queue
[2024-06-09T11:52:02.232-0300] {logging_mixin.py:188} INFO - [2024-06-09T11:52:02.231-0300] {dagbag.py:545} INFO - Filling up the DagBag from /home/pedro/.local/lib/python3.10/site-packages/airflow/example_dags/example_xcom.py
[2024-06-09T11:52:02.238-0300] {processor.py:840} INFO - DAG(s) 'example_xcom' retrieved from /home/pedro/.local/lib/python3.10/site-packages/airflow/example_dags/example_xcom.py
[2024-06-09T11:52:02.247-0300] {logging_mixin.py:188} INFO - [2024-06-09T11:52:02.247-0300] {dag.py:3096} INFO - Sync 1 DAGs
[2024-06-09T11:52:02.257-0300] {logging_mixin.py:188} INFO - [2024-06-09T11:52:02.256-0300] {dag.py:3954} INFO - Setting next_dagrun for example_xcom to 2021-01-01 00:00:00+00:00, run_after=2021-01-01 00:00:00+00:00
[2024-06-09T11:52:02.270-0300] {processor.py:183} INFO - Processing /home/pedro/.local/lib/python3.10/site-packages/airflow/example_dags/example_xcom.py took 0.043 seconds
[2024-06-09T11:52:44.528-0300] {processor.py:161} INFO - Started process (PID=8409) to work on /home/pedro/.local/lib/python3.10/site-packages/airflow/example_dags/example_xcom.py
[2024-06-09T11:52:44.532-0300] {processor.py:830} INFO - Processing file /home/pedro/.local/lib/python3.10/site-packages/airflow/example_dags/example_xcom.py for tasks to queue
[2024-06-09T11:52:44.534-0300] {logging_mixin.py:188} INFO - [2024-06-09T11:52:44.533-0300] {dagbag.py:545} INFO - Filling up the DagBag from /home/pedro/.local/lib/python3.10/site-packages/airflow/example_dags/example_xcom.py
[2024-06-09T11:52:44.542-0300] {processor.py:840} INFO - DAG(s) 'example_xcom' retrieved from /home/pedro/.local/lib/python3.10/site-packages/airflow/example_dags/example_xcom.py
[2024-06-09T11:52:44.552-0300] {logging_mixin.py:188} INFO - [2024-06-09T11:52:44.552-0300] {dag.py:3096} INFO - Sync 1 DAGs
[2024-06-09T11:52:44.564-0300] {logging_mixin.py:188} INFO - [2024-06-09T11:52:44.564-0300] {dag.py:3954} INFO - Setting next_dagrun for example_xcom to 2021-01-01 00:00:00+00:00, run_after=2021-01-01 00:00:00+00:00
[2024-06-09T11:52:44.581-0300] {processor.py:183} INFO - Processing /home/pedro/.local/lib/python3.10/site-packages/airflow/example_dags/example_xcom.py took 0.057 seconds
[2024-06-09T11:53:22.433-0300] {processor.py:161} INFO - Started process (PID=8505) to work on /home/pedro/.local/lib/python3.10/site-packages/airflow/example_dags/example_xcom.py
[2024-06-09T11:53:22.436-0300] {processor.py:830} INFO - Processing file /home/pedro/.local/lib/python3.10/site-packages/airflow/example_dags/example_xcom.py for tasks to queue
[2024-06-09T11:53:22.438-0300] {logging_mixin.py:188} INFO - [2024-06-09T11:53:22.437-0300] {dagbag.py:545} INFO - Filling up the DagBag from /home/pedro/.local/lib/python3.10/site-packages/airflow/example_dags/example_xcom.py
[2024-06-09T11:53:22.446-0300] {processor.py:840} INFO - DAG(s) 'example_xcom' retrieved from /home/pedro/.local/lib/python3.10/site-packages/airflow/example_dags/example_xcom.py
[2024-06-09T11:53:22.454-0300] {logging_mixin.py:188} INFO - [2024-06-09T11:53:22.454-0300] {dag.py:3096} INFO - Sync 1 DAGs
[2024-06-09T11:53:22.464-0300] {logging_mixin.py:188} INFO - [2024-06-09T11:53:22.463-0300] {dag.py:3954} INFO - Setting next_dagrun for example_xcom to 2021-01-01 00:00:00+00:00, run_after=2021-01-01 00:00:00+00:00
[2024-06-09T11:53:22.477-0300] {processor.py:183} INFO - Processing /home/pedro/.local/lib/python3.10/site-packages/airflow/example_dags/example_xcom.py took 0.048 seconds
[2024-06-09T11:54:02.504-0300] {processor.py:161} INFO - Started process (PID=8583) to work on /home/pedro/.local/lib/python3.10/site-packages/airflow/example_dags/example_xcom.py
[2024-06-09T11:54:02.507-0300] {processor.py:830} INFO - Processing file /home/pedro/.local/lib/python3.10/site-packages/airflow/example_dags/example_xcom.py for tasks to queue
[2024-06-09T11:54:02.509-0300] {logging_mixin.py:188} INFO - [2024-06-09T11:54:02.509-0300] {dagbag.py:545} INFO - Filling up the DagBag from /home/pedro/.local/lib/python3.10/site-packages/airflow/example_dags/example_xcom.py
[2024-06-09T11:54:02.517-0300] {processor.py:840} INFO - DAG(s) 'example_xcom' retrieved from /home/pedro/.local/lib/python3.10/site-packages/airflow/example_dags/example_xcom.py
[2024-06-09T11:54:02.526-0300] {logging_mixin.py:188} INFO - [2024-06-09T11:54:02.526-0300] {dag.py:3096} INFO - Sync 1 DAGs
[2024-06-09T11:54:02.536-0300] {logging_mixin.py:188} INFO - [2024-06-09T11:54:02.536-0300] {dag.py:3954} INFO - Setting next_dagrun for example_xcom to 2021-01-01 00:00:00+00:00, run_after=2021-01-01 00:00:00+00:00
[2024-06-09T11:54:02.550-0300] {processor.py:183} INFO - Processing /home/pedro/.local/lib/python3.10/site-packages/airflow/example_dags/example_xcom.py took 0.051 seconds
[2024-06-09T11:54:43.612-0300] {processor.py:161} INFO - Started process (PID=8653) to work on /home/pedro/.local/lib/python3.10/site-packages/airflow/example_dags/example_xcom.py
[2024-06-09T11:54:43.615-0300] {processor.py:830} INFO - Processing file /home/pedro/.local/lib/python3.10/site-packages/airflow/example_dags/example_xcom.py for tasks to queue
[2024-06-09T11:54:43.617-0300] {logging_mixin.py:188} INFO - [2024-06-09T11:54:43.617-0300] {dagbag.py:545} INFO - Filling up the DagBag from /home/pedro/.local/lib/python3.10/site-packages/airflow/example_dags/example_xcom.py
[2024-06-09T11:54:43.623-0300] {processor.py:840} INFO - DAG(s) 'example_xcom' retrieved from /home/pedro/.local/lib/python3.10/site-packages/airflow/example_dags/example_xcom.py
[2024-06-09T11:54:43.632-0300] {logging_mixin.py:188} INFO - [2024-06-09T11:54:43.632-0300] {dag.py:3096} INFO - Sync 1 DAGs
[2024-06-09T11:54:43.641-0300] {logging_mixin.py:188} INFO - [2024-06-09T11:54:43.641-0300] {dag.py:3954} INFO - Setting next_dagrun for example_xcom to 2021-01-01 00:00:00+00:00, run_after=2021-01-01 00:00:00+00:00
[2024-06-09T11:54:43.656-0300] {processor.py:183} INFO - Processing /home/pedro/.local/lib/python3.10/site-packages/airflow/example_dags/example_xcom.py took 0.051 seconds
[2024-06-09T11:55:22.969-0300] {processor.py:161} INFO - Started process (PID=8722) to work on /home/pedro/.local/lib/python3.10/site-packages/airflow/example_dags/example_xcom.py
[2024-06-09T11:55:22.972-0300] {processor.py:830} INFO - Processing file /home/pedro/.local/lib/python3.10/site-packages/airflow/example_dags/example_xcom.py for tasks to queue
[2024-06-09T11:55:22.974-0300] {logging_mixin.py:188} INFO - [2024-06-09T11:55:22.974-0300] {dagbag.py:545} INFO - Filling up the DagBag from /home/pedro/.local/lib/python3.10/site-packages/airflow/example_dags/example_xcom.py
[2024-06-09T11:55:22.982-0300] {processor.py:840} INFO - DAG(s) 'example_xcom' retrieved from /home/pedro/.local/lib/python3.10/site-packages/airflow/example_dags/example_xcom.py
[2024-06-09T11:55:22.991-0300] {logging_mixin.py:188} INFO - [2024-06-09T11:55:22.990-0300] {dag.py:3096} INFO - Sync 1 DAGs
[2024-06-09T11:55:23.000-0300] {logging_mixin.py:188} INFO - [2024-06-09T11:55:23.000-0300] {dag.py:3954} INFO - Setting next_dagrun for example_xcom to 2021-01-01 00:00:00+00:00, run_after=2021-01-01 00:00:00+00:00
[2024-06-09T11:55:23.014-0300] {processor.py:183} INFO - Processing /home/pedro/.local/lib/python3.10/site-packages/airflow/example_dags/example_xcom.py took 0.048 seconds
[2024-06-09T11:56:02.669-0300] {processor.py:161} INFO - Started process (PID=8955) to work on /home/pedro/.local/lib/python3.10/site-packages/airflow/example_dags/example_xcom.py
[2024-06-09T11:56:02.672-0300] {processor.py:830} INFO - Processing file /home/pedro/.local/lib/python3.10/site-packages/airflow/example_dags/example_xcom.py for tasks to queue
[2024-06-09T11:56:02.673-0300] {logging_mixin.py:188} INFO - [2024-06-09T11:56:02.672-0300] {dagbag.py:545} INFO - Filling up the DagBag from /home/pedro/.local/lib/python3.10/site-packages/airflow/example_dags/example_xcom.py
[2024-06-09T11:56:02.681-0300] {processor.py:840} INFO - DAG(s) 'example_xcom' retrieved from /home/pedro/.local/lib/python3.10/site-packages/airflow/example_dags/example_xcom.py
[2024-06-09T11:56:02.689-0300] {logging_mixin.py:188} INFO - [2024-06-09T11:56:02.689-0300] {dag.py:3096} INFO - Sync 1 DAGs
[2024-06-09T11:56:02.699-0300] {logging_mixin.py:188} INFO - [2024-06-09T11:56:02.699-0300] {dag.py:3954} INFO - Setting next_dagrun for example_xcom to 2021-01-01 00:00:00+00:00, run_after=2021-01-01 00:00:00+00:00
[2024-06-09T11:56:02.714-0300] {processor.py:183} INFO - Processing /home/pedro/.local/lib/python3.10/site-packages/airflow/example_dags/example_xcom.py took 0.048 seconds
[2024-06-09T11:57:43.215-0300] {processor.py:161} INFO - Started process (PID=9646) to work on /home/pedro/.local/lib/python3.10/site-packages/airflow/example_dags/example_xcom.py
[2024-06-09T11:57:43.219-0300] {processor.py:830} INFO - Processing file /home/pedro/.local/lib/python3.10/site-packages/airflow/example_dags/example_xcom.py for tasks to queue
[2024-06-09T11:57:43.220-0300] {logging_mixin.py:188} INFO - [2024-06-09T11:57:43.220-0300] {dagbag.py:545} INFO - Filling up the DagBag from /home/pedro/.local/lib/python3.10/site-packages/airflow/example_dags/example_xcom.py
[2024-06-09T11:57:43.227-0300] {processor.py:840} INFO - DAG(s) 'example_xcom' retrieved from /home/pedro/.local/lib/python3.10/site-packages/airflow/example_dags/example_xcom.py
[2024-06-09T11:57:43.243-0300] {logging_mixin.py:188} INFO - [2024-06-09T11:57:43.243-0300] {dag.py:3096} INFO - Sync 1 DAGs
[2024-06-09T11:57:43.256-0300] {logging_mixin.py:188} INFO - [2024-06-09T11:57:43.255-0300] {dag.py:3954} INFO - Setting next_dagrun for example_xcom to 2021-01-01 00:00:00+00:00, run_after=2021-01-01 00:00:00+00:00
[2024-06-09T11:57:43.277-0300] {processor.py:183} INFO - Processing /home/pedro/.local/lib/python3.10/site-packages/airflow/example_dags/example_xcom.py took 0.066 seconds
[2024-06-09T11:59:11.194-0300] {processor.py:161} INFO - Started process (PID=10638) to work on /home/pedro/.local/lib/python3.10/site-packages/airflow/example_dags/example_xcom.py
[2024-06-09T11:59:11.197-0300] {processor.py:830} INFO - Processing file /home/pedro/.local/lib/python3.10/site-packages/airflow/example_dags/example_xcom.py for tasks to queue
[2024-06-09T11:59:11.198-0300] {logging_mixin.py:188} INFO - [2024-06-09T11:59:11.198-0300] {dagbag.py:545} INFO - Filling up the DagBag from /home/pedro/.local/lib/python3.10/site-packages/airflow/example_dags/example_xcom.py
[2024-06-09T11:59:11.206-0300] {processor.py:840} INFO - DAG(s) 'example_xcom' retrieved from /home/pedro/.local/lib/python3.10/site-packages/airflow/example_dags/example_xcom.py
[2024-06-09T11:59:11.220-0300] {logging_mixin.py:188} INFO - [2024-06-09T11:59:11.220-0300] {dag.py:3096} INFO - Sync 1 DAGs
[2024-06-09T11:59:11.232-0300] {logging_mixin.py:188} INFO - [2024-06-09T11:59:11.231-0300] {dag.py:3954} INFO - Setting next_dagrun for example_xcom to 2021-01-01 00:00:00+00:00, run_after=2021-01-01 00:00:00+00:00
[2024-06-09T11:59:11.248-0300] {processor.py:183} INFO - Processing /home/pedro/.local/lib/python3.10/site-packages/airflow/example_dags/example_xcom.py took 0.060 seconds
[2024-06-09T12:00:01.977-0300] {processor.py:161} INFO - Started process (PID=10790) to work on /home/pedro/.local/lib/python3.10/site-packages/airflow/example_dags/example_xcom.py
[2024-06-09T12:00:01.980-0300] {processor.py:830} INFO - Processing file /home/pedro/.local/lib/python3.10/site-packages/airflow/example_dags/example_xcom.py for tasks to queue
[2024-06-09T12:00:01.982-0300] {logging_mixin.py:188} INFO - [2024-06-09T12:00:01.982-0300] {dagbag.py:545} INFO - Filling up the DagBag from /home/pedro/.local/lib/python3.10/site-packages/airflow/example_dags/example_xcom.py
[2024-06-09T12:00:01.990-0300] {processor.py:840} INFO - DAG(s) 'example_xcom' retrieved from /home/pedro/.local/lib/python3.10/site-packages/airflow/example_dags/example_xcom.py
[2024-06-09T12:00:01.999-0300] {logging_mixin.py:188} INFO - [2024-06-09T12:00:01.999-0300] {dag.py:3096} INFO - Sync 1 DAGs
[2024-06-09T12:00:02.069-0300] {logging_mixin.py:188} INFO - [2024-06-09T12:00:02.069-0300] {dag.py:3954} INFO - Setting next_dagrun for example_xcom to 2021-01-01 00:00:00+00:00, run_after=2021-01-01 00:00:00+00:00
[2024-06-09T12:00:02.083-0300] {processor.py:183} INFO - Processing /home/pedro/.local/lib/python3.10/site-packages/airflow/example_dags/example_xcom.py took 0.114 seconds
[2024-06-09T12:00:47.556-0300] {processor.py:161} INFO - Started process (PID=10862) to work on /home/pedro/.local/lib/python3.10/site-packages/airflow/example_dags/example_xcom.py
[2024-06-09T12:00:47.560-0300] {processor.py:830} INFO - Processing file /home/pedro/.local/lib/python3.10/site-packages/airflow/example_dags/example_xcom.py for tasks to queue
[2024-06-09T12:00:47.561-0300] {logging_mixin.py:188} INFO - [2024-06-09T12:00:47.561-0300] {dagbag.py:545} INFO - Filling up the DagBag from /home/pedro/.local/lib/python3.10/site-packages/airflow/example_dags/example_xcom.py
[2024-06-09T12:00:47.568-0300] {processor.py:840} INFO - DAG(s) 'example_xcom' retrieved from /home/pedro/.local/lib/python3.10/site-packages/airflow/example_dags/example_xcom.py
[2024-06-09T12:00:47.578-0300] {logging_mixin.py:188} INFO - [2024-06-09T12:00:47.578-0300] {dag.py:3096} INFO - Sync 1 DAGs
[2024-06-09T12:00:47.589-0300] {logging_mixin.py:188} INFO - [2024-06-09T12:00:47.588-0300] {dag.py:3954} INFO - Setting next_dagrun for example_xcom to 2021-01-01 00:00:00+00:00, run_after=2021-01-01 00:00:00+00:00
[2024-06-09T12:00:47.606-0300] {processor.py:183} INFO - Processing /home/pedro/.local/lib/python3.10/site-packages/airflow/example_dags/example_xcom.py took 0.059 seconds
[2024-06-09T12:01:30.130-0300] {processor.py:161} INFO - Started process (PID=11146) to work on /home/pedro/.local/lib/python3.10/site-packages/airflow/example_dags/example_xcom.py
[2024-06-09T12:01:30.131-0300] {processor.py:830} INFO - Processing file /home/pedro/.local/lib/python3.10/site-packages/airflow/example_dags/example_xcom.py for tasks to queue
[2024-06-09T12:01:30.133-0300] {logging_mixin.py:188} INFO - [2024-06-09T12:01:30.132-0300] {dagbag.py:545} INFO - Filling up the DagBag from /home/pedro/.local/lib/python3.10/site-packages/airflow/example_dags/example_xcom.py
[2024-06-09T12:01:30.139-0300] {processor.py:840} INFO - DAG(s) 'example_xcom' retrieved from /home/pedro/.local/lib/python3.10/site-packages/airflow/example_dags/example_xcom.py
[2024-06-09T12:01:30.150-0300] {logging_mixin.py:188} INFO - [2024-06-09T12:01:30.150-0300] {dag.py:3096} INFO - Sync 1 DAGs
[2024-06-09T12:01:30.160-0300] {logging_mixin.py:188} INFO - [2024-06-09T12:01:30.160-0300] {dag.py:3954} INFO - Setting next_dagrun for example_xcom to 2021-01-01 00:00:00+00:00, run_after=2021-01-01 00:00:00+00:00
[2024-06-09T12:01:30.175-0300] {processor.py:183} INFO - Processing /home/pedro/.local/lib/python3.10/site-packages/airflow/example_dags/example_xcom.py took 0.049 seconds
[2024-06-09T12:02:13.591-0300] {processor.py:161} INFO - Started process (PID=11230) to work on /home/pedro/.local/lib/python3.10/site-packages/airflow/example_dags/example_xcom.py
[2024-06-09T12:02:13.594-0300] {processor.py:830} INFO - Processing file /home/pedro/.local/lib/python3.10/site-packages/airflow/example_dags/example_xcom.py for tasks to queue
[2024-06-09T12:02:13.596-0300] {logging_mixin.py:188} INFO - [2024-06-09T12:02:13.596-0300] {dagbag.py:545} INFO - Filling up the DagBag from /home/pedro/.local/lib/python3.10/site-packages/airflow/example_dags/example_xcom.py
[2024-06-09T12:02:13.604-0300] {processor.py:840} INFO - DAG(s) 'example_xcom' retrieved from /home/pedro/.local/lib/python3.10/site-packages/airflow/example_dags/example_xcom.py
[2024-06-09T12:02:13.612-0300] {logging_mixin.py:188} INFO - [2024-06-09T12:02:13.612-0300] {dag.py:3096} INFO - Sync 1 DAGs
[2024-06-09T12:02:13.623-0300] {logging_mixin.py:188} INFO - [2024-06-09T12:02:13.623-0300] {dag.py:3954} INFO - Setting next_dagrun for example_xcom to 2021-01-01 00:00:00+00:00, run_after=2021-01-01 00:00:00+00:00
[2024-06-09T12:02:13.640-0300] {processor.py:183} INFO - Processing /home/pedro/.local/lib/python3.10/site-packages/airflow/example_dags/example_xcom.py took 0.058 seconds
[2024-06-09T12:02:58.595-0300] {processor.py:161} INFO - Started process (PID=11329) to work on /home/pedro/.local/lib/python3.10/site-packages/airflow/example_dags/example_xcom.py
[2024-06-09T12:02:58.599-0300] {processor.py:830} INFO - Processing file /home/pedro/.local/lib/python3.10/site-packages/airflow/example_dags/example_xcom.py for tasks to queue
[2024-06-09T12:02:58.601-0300] {logging_mixin.py:188} INFO - [2024-06-09T12:02:58.600-0300] {dagbag.py:545} INFO - Filling up the DagBag from /home/pedro/.local/lib/python3.10/site-packages/airflow/example_dags/example_xcom.py
[2024-06-09T12:02:58.608-0300] {processor.py:840} INFO - DAG(s) 'example_xcom' retrieved from /home/pedro/.local/lib/python3.10/site-packages/airflow/example_dags/example_xcom.py
[2024-06-09T12:02:58.616-0300] {logging_mixin.py:188} INFO - [2024-06-09T12:02:58.616-0300] {dag.py:3096} INFO - Sync 1 DAGs
[2024-06-09T12:02:58.627-0300] {logging_mixin.py:188} INFO - [2024-06-09T12:02:58.626-0300] {dag.py:3954} INFO - Setting next_dagrun for example_xcom to 2021-01-01 00:00:00+00:00, run_after=2021-01-01 00:00:00+00:00
[2024-06-09T12:02:58.644-0300] {processor.py:183} INFO - Processing /home/pedro/.local/lib/python3.10/site-packages/airflow/example_dags/example_xcom.py took 0.058 seconds
[2024-06-09T12:03:41.385-0300] {processor.py:161} INFO - Started process (PID=11397) to work on /home/pedro/.local/lib/python3.10/site-packages/airflow/example_dags/example_xcom.py
[2024-06-09T12:03:41.388-0300] {processor.py:830} INFO - Processing file /home/pedro/.local/lib/python3.10/site-packages/airflow/example_dags/example_xcom.py for tasks to queue
[2024-06-09T12:03:41.390-0300] {logging_mixin.py:188} INFO - [2024-06-09T12:03:41.389-0300] {dagbag.py:545} INFO - Filling up the DagBag from /home/pedro/.local/lib/python3.10/site-packages/airflow/example_dags/example_xcom.py
[2024-06-09T12:03:41.397-0300] {processor.py:840} INFO - DAG(s) 'example_xcom' retrieved from /home/pedro/.local/lib/python3.10/site-packages/airflow/example_dags/example_xcom.py
[2024-06-09T12:03:41.407-0300] {logging_mixin.py:188} INFO - [2024-06-09T12:03:41.406-0300] {dag.py:3096} INFO - Sync 1 DAGs
[2024-06-09T12:03:41.417-0300] {logging_mixin.py:188} INFO - [2024-06-09T12:03:41.417-0300] {dag.py:3954} INFO - Setting next_dagrun for example_xcom to 2021-01-01 00:00:00+00:00, run_after=2021-01-01 00:00:00+00:00
[2024-06-09T12:03:41.433-0300] {processor.py:183} INFO - Processing /home/pedro/.local/lib/python3.10/site-packages/airflow/example_dags/example_xcom.py took 0.051 seconds
[2024-06-09T12:04:30.529-0300] {processor.py:161} INFO - Started process (PID=11522) to work on /home/pedro/.local/lib/python3.10/site-packages/airflow/example_dags/example_xcom.py
[2024-06-09T12:04:30.531-0300] {processor.py:830} INFO - Processing file /home/pedro/.local/lib/python3.10/site-packages/airflow/example_dags/example_xcom.py for tasks to queue
[2024-06-09T12:04:30.533-0300] {logging_mixin.py:188} INFO - [2024-06-09T12:04:30.532-0300] {dagbag.py:545} INFO - Filling up the DagBag from /home/pedro/.local/lib/python3.10/site-packages/airflow/example_dags/example_xcom.py
[2024-06-09T12:04:30.538-0300] {processor.py:840} INFO - DAG(s) 'example_xcom' retrieved from /home/pedro/.local/lib/python3.10/site-packages/airflow/example_dags/example_xcom.py
[2024-06-09T12:04:30.548-0300] {logging_mixin.py:188} INFO - [2024-06-09T12:04:30.548-0300] {dag.py:3096} INFO - Sync 1 DAGs
[2024-06-09T12:04:30.558-0300] {logging_mixin.py:188} INFO - [2024-06-09T12:04:30.557-0300] {dag.py:3954} INFO - Setting next_dagrun for example_xcom to 2021-01-01 00:00:00+00:00, run_after=2021-01-01 00:00:00+00:00
[2024-06-09T12:04:30.572-0300] {processor.py:183} INFO - Processing /home/pedro/.local/lib/python3.10/site-packages/airflow/example_dags/example_xcom.py took 0.052 seconds
[2024-06-09T12:05:13.001-0300] {processor.py:161} INFO - Started process (PID=11602) to work on /home/pedro/.local/lib/python3.10/site-packages/airflow/example_dags/example_xcom.py
[2024-06-09T12:05:13.004-0300] {processor.py:830} INFO - Processing file /home/pedro/.local/lib/python3.10/site-packages/airflow/example_dags/example_xcom.py for tasks to queue
[2024-06-09T12:05:13.006-0300] {logging_mixin.py:188} INFO - [2024-06-09T12:05:13.006-0300] {dagbag.py:545} INFO - Filling up the DagBag from /home/pedro/.local/lib/python3.10/site-packages/airflow/example_dags/example_xcom.py
[2024-06-09T12:05:13.013-0300] {processor.py:840} INFO - DAG(s) 'example_xcom' retrieved from /home/pedro/.local/lib/python3.10/site-packages/airflow/example_dags/example_xcom.py
[2024-06-09T12:05:13.023-0300] {logging_mixin.py:188} INFO - [2024-06-09T12:05:13.023-0300] {dag.py:3096} INFO - Sync 1 DAGs
[2024-06-09T12:05:13.033-0300] {logging_mixin.py:188} INFO - [2024-06-09T12:05:13.033-0300] {dag.py:3954} INFO - Setting next_dagrun for example_xcom to 2021-01-01 00:00:00+00:00, run_after=2021-01-01 00:00:00+00:00
[2024-06-09T12:05:13.050-0300] {processor.py:183} INFO - Processing /home/pedro/.local/lib/python3.10/site-packages/airflow/example_dags/example_xcom.py took 0.053 seconds
[2024-06-09T12:05:55.851-0300] {processor.py:161} INFO - Started process (PID=11677) to work on /home/pedro/.local/lib/python3.10/site-packages/airflow/example_dags/example_xcom.py
[2024-06-09T12:05:55.855-0300] {processor.py:830} INFO - Processing file /home/pedro/.local/lib/python3.10/site-packages/airflow/example_dags/example_xcom.py for tasks to queue
[2024-06-09T12:05:55.857-0300] {logging_mixin.py:188} INFO - [2024-06-09T12:05:55.856-0300] {dagbag.py:545} INFO - Filling up the DagBag from /home/pedro/.local/lib/python3.10/site-packages/airflow/example_dags/example_xcom.py
[2024-06-09T12:05:55.864-0300] {processor.py:840} INFO - DAG(s) 'example_xcom' retrieved from /home/pedro/.local/lib/python3.10/site-packages/airflow/example_dags/example_xcom.py
[2024-06-09T12:05:55.873-0300] {logging_mixin.py:188} INFO - [2024-06-09T12:05:55.873-0300] {dag.py:3096} INFO - Sync 1 DAGs
[2024-06-09T12:05:55.883-0300] {logging_mixin.py:188} INFO - [2024-06-09T12:05:55.883-0300] {dag.py:3954} INFO - Setting next_dagrun for example_xcom to 2021-01-01 00:00:00+00:00, run_after=2021-01-01 00:00:00+00:00
[2024-06-09T12:05:55.900-0300] {processor.py:183} INFO - Processing /home/pedro/.local/lib/python3.10/site-packages/airflow/example_dags/example_xcom.py took 0.058 seconds
[2024-06-09T12:06:33.308-0300] {processor.py:161} INFO - Started process (PID=12425) to work on /home/pedro/.local/lib/python3.10/site-packages/airflow/example_dags/example_xcom.py
[2024-06-09T12:06:33.312-0300] {processor.py:830} INFO - Processing file /home/pedro/.local/lib/python3.10/site-packages/airflow/example_dags/example_xcom.py for tasks to queue
[2024-06-09T12:06:33.313-0300] {logging_mixin.py:188} INFO - [2024-06-09T12:06:33.313-0300] {dagbag.py:545} INFO - Filling up the DagBag from /home/pedro/.local/lib/python3.10/site-packages/airflow/example_dags/example_xcom.py
[2024-06-09T12:06:33.321-0300] {processor.py:840} INFO - DAG(s) 'example_xcom' retrieved from /home/pedro/.local/lib/python3.10/site-packages/airflow/example_dags/example_xcom.py
[2024-06-09T12:06:33.335-0300] {logging_mixin.py:188} INFO - [2024-06-09T12:06:33.335-0300] {dag.py:3096} INFO - Sync 1 DAGs
[2024-06-09T12:06:33.345-0300] {logging_mixin.py:188} INFO - [2024-06-09T12:06:33.345-0300] {dag.py:3954} INFO - Setting next_dagrun for example_xcom to 2021-01-01 00:00:00+00:00, run_after=2021-01-01 00:00:00+00:00
[2024-06-09T12:06:33.363-0300] {processor.py:183} INFO - Processing /home/pedro/.local/lib/python3.10/site-packages/airflow/example_dags/example_xcom.py took 0.062 seconds
[2024-06-09T12:07:26.272-0300] {processor.py:161} INFO - Started process (PID=12525) to work on /home/pedro/.local/lib/python3.10/site-packages/airflow/example_dags/example_xcom.py
[2024-06-09T12:07:26.275-0300] {processor.py:830} INFO - Processing file /home/pedro/.local/lib/python3.10/site-packages/airflow/example_dags/example_xcom.py for tasks to queue
[2024-06-09T12:07:26.277-0300] {logging_mixin.py:188} INFO - [2024-06-09T12:07:26.277-0300] {dagbag.py:545} INFO - Filling up the DagBag from /home/pedro/.local/lib/python3.10/site-packages/airflow/example_dags/example_xcom.py
[2024-06-09T12:07:26.284-0300] {processor.py:840} INFO - DAG(s) 'example_xcom' retrieved from /home/pedro/.local/lib/python3.10/site-packages/airflow/example_dags/example_xcom.py
[2024-06-09T12:07:26.294-0300] {logging_mixin.py:188} INFO - [2024-06-09T12:07:26.293-0300] {dag.py:3096} INFO - Sync 1 DAGs
[2024-06-09T12:07:26.364-0300] {logging_mixin.py:188} INFO - [2024-06-09T12:07:26.364-0300] {dag.py:3954} INFO - Setting next_dagrun for example_xcom to 2021-01-01 00:00:00+00:00, run_after=2021-01-01 00:00:00+00:00
[2024-06-09T12:07:26.380-0300] {processor.py:183} INFO - Processing /home/pedro/.local/lib/python3.10/site-packages/airflow/example_dags/example_xcom.py took 0.117 seconds
[2024-06-09T12:08:17.761-0300] {processor.py:161} INFO - Started process (PID=12608) to work on /home/pedro/.local/lib/python3.10/site-packages/airflow/example_dags/example_xcom.py
[2024-06-09T12:08:17.762-0300] {processor.py:830} INFO - Processing file /home/pedro/.local/lib/python3.10/site-packages/airflow/example_dags/example_xcom.py for tasks to queue
[2024-06-09T12:08:17.764-0300] {logging_mixin.py:188} INFO - [2024-06-09T12:08:17.764-0300] {dagbag.py:545} INFO - Filling up the DagBag from /home/pedro/.local/lib/python3.10/site-packages/airflow/example_dags/example_xcom.py
[2024-06-09T12:08:17.772-0300] {processor.py:840} INFO - DAG(s) 'example_xcom' retrieved from /home/pedro/.local/lib/python3.10/site-packages/airflow/example_dags/example_xcom.py
[2024-06-09T12:08:17.781-0300] {logging_mixin.py:188} INFO - [2024-06-09T12:08:17.781-0300] {dag.py:3096} INFO - Sync 1 DAGs
[2024-06-09T12:08:17.793-0300] {logging_mixin.py:188} INFO - [2024-06-09T12:08:17.792-0300] {dag.py:3954} INFO - Setting next_dagrun for example_xcom to 2021-01-01 00:00:00+00:00, run_after=2021-01-01 00:00:00+00:00
[2024-06-09T12:08:17.809-0300] {processor.py:183} INFO - Processing /home/pedro/.local/lib/python3.10/site-packages/airflow/example_dags/example_xcom.py took 0.056 seconds
[2024-06-09T12:09:02.657-0300] {processor.py:161} INFO - Started process (PID=12706) to work on /home/pedro/.local/lib/python3.10/site-packages/airflow/example_dags/example_xcom.py
[2024-06-09T12:09:02.661-0300] {processor.py:830} INFO - Processing file /home/pedro/.local/lib/python3.10/site-packages/airflow/example_dags/example_xcom.py for tasks to queue
[2024-06-09T12:09:02.663-0300] {logging_mixin.py:188} INFO - [2024-06-09T12:09:02.663-0300] {dagbag.py:545} INFO - Filling up the DagBag from /home/pedro/.local/lib/python3.10/site-packages/airflow/example_dags/example_xcom.py
[2024-06-09T12:09:02.670-0300] {processor.py:840} INFO - DAG(s) 'example_xcom' retrieved from /home/pedro/.local/lib/python3.10/site-packages/airflow/example_dags/example_xcom.py
[2024-06-09T12:09:02.679-0300] {logging_mixin.py:188} INFO - [2024-06-09T12:09:02.679-0300] {dag.py:3096} INFO - Sync 1 DAGs
[2024-06-09T12:09:02.690-0300] {logging_mixin.py:188} INFO - [2024-06-09T12:09:02.689-0300] {dag.py:3954} INFO - Setting next_dagrun for example_xcom to 2021-01-01 00:00:00+00:00, run_after=2021-01-01 00:00:00+00:00
[2024-06-09T12:09:02.706-0300] {processor.py:183} INFO - Processing /home/pedro/.local/lib/python3.10/site-packages/airflow/example_dags/example_xcom.py took 0.058 seconds
[2024-06-09T12:09:44.112-0300] {processor.py:161} INFO - Started process (PID=12781) to work on /home/pedro/.local/lib/python3.10/site-packages/airflow/example_dags/example_xcom.py
[2024-06-09T12:09:44.116-0300] {processor.py:830} INFO - Processing file /home/pedro/.local/lib/python3.10/site-packages/airflow/example_dags/example_xcom.py for tasks to queue
[2024-06-09T12:09:44.118-0300] {logging_mixin.py:188} INFO - [2024-06-09T12:09:44.118-0300] {dagbag.py:545} INFO - Filling up the DagBag from /home/pedro/.local/lib/python3.10/site-packages/airflow/example_dags/example_xcom.py
[2024-06-09T12:09:44.127-0300] {processor.py:840} INFO - DAG(s) 'example_xcom' retrieved from /home/pedro/.local/lib/python3.10/site-packages/airflow/example_dags/example_xcom.py
[2024-06-09T12:09:44.137-0300] {logging_mixin.py:188} INFO - [2024-06-09T12:09:44.137-0300] {dag.py:3096} INFO - Sync 1 DAGs
[2024-06-09T12:09:44.148-0300] {logging_mixin.py:188} INFO - [2024-06-09T12:09:44.148-0300] {dag.py:3954} INFO - Setting next_dagrun for example_xcom to 2021-01-01 00:00:00+00:00, run_after=2021-01-01 00:00:00+00:00
[2024-06-09T12:09:44.165-0300] {processor.py:183} INFO - Processing /home/pedro/.local/lib/python3.10/site-packages/airflow/example_dags/example_xcom.py took 0.060 seconds
[2024-06-09T12:10:26.448-0300] {processor.py:161} INFO - Started process (PID=12847) to work on /home/pedro/.local/lib/python3.10/site-packages/airflow/example_dags/example_xcom.py
[2024-06-09T12:10:26.452-0300] {processor.py:830} INFO - Processing file /home/pedro/.local/lib/python3.10/site-packages/airflow/example_dags/example_xcom.py for tasks to queue
[2024-06-09T12:10:26.453-0300] {logging_mixin.py:188} INFO - [2024-06-09T12:10:26.453-0300] {dagbag.py:545} INFO - Filling up the DagBag from /home/pedro/.local/lib/python3.10/site-packages/airflow/example_dags/example_xcom.py
[2024-06-09T12:10:26.462-0300] {processor.py:840} INFO - DAG(s) 'example_xcom' retrieved from /home/pedro/.local/lib/python3.10/site-packages/airflow/example_dags/example_xcom.py
[2024-06-09T12:10:26.471-0300] {logging_mixin.py:188} INFO - [2024-06-09T12:10:26.471-0300] {dag.py:3096} INFO - Sync 1 DAGs
[2024-06-09T12:10:26.481-0300] {logging_mixin.py:188} INFO - [2024-06-09T12:10:26.481-0300] {dag.py:3954} INFO - Setting next_dagrun for example_xcom to 2021-01-01 00:00:00+00:00, run_after=2021-01-01 00:00:00+00:00
[2024-06-09T12:10:26.497-0300] {processor.py:183} INFO - Processing /home/pedro/.local/lib/python3.10/site-packages/airflow/example_dags/example_xcom.py took 0.053 seconds
[2024-06-09T12:11:09.036-0300] {processor.py:161} INFO - Started process (PID=12959) to work on /home/pedro/.local/lib/python3.10/site-packages/airflow/example_dags/example_xcom.py
[2024-06-09T12:11:09.039-0300] {processor.py:830} INFO - Processing file /home/pedro/.local/lib/python3.10/site-packages/airflow/example_dags/example_xcom.py for tasks to queue
[2024-06-09T12:11:09.041-0300] {logging_mixin.py:188} INFO - [2024-06-09T12:11:09.041-0300] {dagbag.py:545} INFO - Filling up the DagBag from /home/pedro/.local/lib/python3.10/site-packages/airflow/example_dags/example_xcom.py
[2024-06-09T12:11:09.048-0300] {processor.py:840} INFO - DAG(s) 'example_xcom' retrieved from /home/pedro/.local/lib/python3.10/site-packages/airflow/example_dags/example_xcom.py
[2024-06-09T12:11:09.058-0300] {logging_mixin.py:188} INFO - [2024-06-09T12:11:09.058-0300] {dag.py:3096} INFO - Sync 1 DAGs
[2024-06-09T12:11:09.068-0300] {logging_mixin.py:188} INFO - [2024-06-09T12:11:09.068-0300] {dag.py:3954} INFO - Setting next_dagrun for example_xcom to 2021-01-01 00:00:00+00:00, run_after=2021-01-01 00:00:00+00:00
[2024-06-09T12:11:09.086-0300] {processor.py:183} INFO - Processing /home/pedro/.local/lib/python3.10/site-packages/airflow/example_dags/example_xcom.py took 0.059 seconds
[2024-06-09T12:11:49.041-0300] {processor.py:161} INFO - Started process (PID=12995) to work on /home/pedro/.local/lib/python3.10/site-packages/airflow/example_dags/example_xcom.py
[2024-06-09T12:11:49.045-0300] {processor.py:830} INFO - Processing file /home/pedro/.local/lib/python3.10/site-packages/airflow/example_dags/example_xcom.py for tasks to queue
[2024-06-09T12:11:49.047-0300] {logging_mixin.py:188} INFO - [2024-06-09T12:11:49.046-0300] {dagbag.py:545} INFO - Filling up the DagBag from /home/pedro/.local/lib/python3.10/site-packages/airflow/example_dags/example_xcom.py
[2024-06-09T12:11:49.053-0300] {processor.py:840} INFO - DAG(s) 'example_xcom' retrieved from /home/pedro/.local/lib/python3.10/site-packages/airflow/example_dags/example_xcom.py
[2024-06-09T12:11:49.067-0300] {logging_mixin.py:188} INFO - [2024-06-09T12:11:49.067-0300] {dag.py:3096} INFO - Sync 1 DAGs
[2024-06-09T12:11:49.076-0300] {logging_mixin.py:188} INFO - [2024-06-09T12:11:49.076-0300] {dag.py:3954} INFO - Setting next_dagrun for example_xcom to 2021-01-01 00:00:00+00:00, run_after=2021-01-01 00:00:00+00:00
[2024-06-09T12:11:49.094-0300] {processor.py:183} INFO - Processing /home/pedro/.local/lib/python3.10/site-packages/airflow/example_dags/example_xcom.py took 0.062 seconds
[2024-06-09T12:12:40.291-0300] {processor.py:161} INFO - Started process (PID=13089) to work on /home/pedro/.local/lib/python3.10/site-packages/airflow/example_dags/example_xcom.py
[2024-06-09T12:12:40.294-0300] {processor.py:830} INFO - Processing file /home/pedro/.local/lib/python3.10/site-packages/airflow/example_dags/example_xcom.py for tasks to queue
[2024-06-09T12:12:40.296-0300] {logging_mixin.py:188} INFO - [2024-06-09T12:12:40.296-0300] {dagbag.py:545} INFO - Filling up the DagBag from /home/pedro/.local/lib/python3.10/site-packages/airflow/example_dags/example_xcom.py
[2024-06-09T12:12:40.304-0300] {processor.py:840} INFO - DAG(s) 'example_xcom' retrieved from /home/pedro/.local/lib/python3.10/site-packages/airflow/example_dags/example_xcom.py
[2024-06-09T12:12:40.313-0300] {logging_mixin.py:188} INFO - [2024-06-09T12:12:40.313-0300] {dag.py:3096} INFO - Sync 1 DAGs
[2024-06-09T12:12:40.395-0300] {logging_mixin.py:188} INFO - [2024-06-09T12:12:40.395-0300] {dag.py:3954} INFO - Setting next_dagrun for example_xcom to 2021-01-01 00:00:00+00:00, run_after=2021-01-01 00:00:00+00:00
[2024-06-09T12:12:40.411-0300] {processor.py:183} INFO - Processing /home/pedro/.local/lib/python3.10/site-packages/airflow/example_dags/example_xcom.py took 0.128 seconds
[2024-06-09T12:13:28.095-0300] {processor.py:161} INFO - Started process (PID=13154) to work on /home/pedro/.local/lib/python3.10/site-packages/airflow/example_dags/example_xcom.py
[2024-06-09T12:13:28.099-0300] {processor.py:830} INFO - Processing file /home/pedro/.local/lib/python3.10/site-packages/airflow/example_dags/example_xcom.py for tasks to queue
[2024-06-09T12:13:28.100-0300] {logging_mixin.py:188} INFO - [2024-06-09T12:13:28.100-0300] {dagbag.py:545} INFO - Filling up the DagBag from /home/pedro/.local/lib/python3.10/site-packages/airflow/example_dags/example_xcom.py
[2024-06-09T12:13:28.106-0300] {processor.py:840} INFO - DAG(s) 'example_xcom' retrieved from /home/pedro/.local/lib/python3.10/site-packages/airflow/example_dags/example_xcom.py
[2024-06-09T12:13:28.117-0300] {logging_mixin.py:188} INFO - [2024-06-09T12:13:28.117-0300] {dag.py:3096} INFO - Sync 1 DAGs
[2024-06-09T12:13:28.127-0300] {logging_mixin.py:188} INFO - [2024-06-09T12:13:28.127-0300] {dag.py:3954} INFO - Setting next_dagrun for example_xcom to 2021-01-01 00:00:00+00:00, run_after=2021-01-01 00:00:00+00:00
[2024-06-09T12:13:28.143-0300] {processor.py:183} INFO - Processing /home/pedro/.local/lib/python3.10/site-packages/airflow/example_dags/example_xcom.py took 0.057 seconds
[2024-06-09T12:14:13.155-0300] {processor.py:161} INFO - Started process (PID=13216) to work on /home/pedro/.local/lib/python3.10/site-packages/airflow/example_dags/example_xcom.py
[2024-06-09T12:14:13.159-0300] {processor.py:830} INFO - Processing file /home/pedro/.local/lib/python3.10/site-packages/airflow/example_dags/example_xcom.py for tasks to queue
[2024-06-09T12:14:13.161-0300] {logging_mixin.py:188} INFO - [2024-06-09T12:14:13.160-0300] {dagbag.py:545} INFO - Filling up the DagBag from /home/pedro/.local/lib/python3.10/site-packages/airflow/example_dags/example_xcom.py
[2024-06-09T12:14:13.168-0300] {processor.py:840} INFO - DAG(s) 'example_xcom' retrieved from /home/pedro/.local/lib/python3.10/site-packages/airflow/example_dags/example_xcom.py
[2024-06-09T12:14:13.176-0300] {logging_mixin.py:188} INFO - [2024-06-09T12:14:13.176-0300] {dag.py:3096} INFO - Sync 1 DAGs
[2024-06-09T12:14:13.186-0300] {logging_mixin.py:188} INFO - [2024-06-09T12:14:13.186-0300] {dag.py:3954} INFO - Setting next_dagrun for example_xcom to 2021-01-01 00:00:00+00:00, run_after=2021-01-01 00:00:00+00:00
[2024-06-09T12:14:13.201-0300] {processor.py:183} INFO - Processing /home/pedro/.local/lib/python3.10/site-packages/airflow/example_dags/example_xcom.py took 0.055 seconds
[2024-06-09T12:15:02.211-0300] {processor.py:161} INFO - Started process (PID=13301) to work on /home/pedro/.local/lib/python3.10/site-packages/airflow/example_dags/example_xcom.py
[2024-06-09T12:15:02.214-0300] {processor.py:830} INFO - Processing file /home/pedro/.local/lib/python3.10/site-packages/airflow/example_dags/example_xcom.py for tasks to queue
[2024-06-09T12:15:02.216-0300] {logging_mixin.py:188} INFO - [2024-06-09T12:15:02.216-0300] {dagbag.py:545} INFO - Filling up the DagBag from /home/pedro/.local/lib/python3.10/site-packages/airflow/example_dags/example_xcom.py
[2024-06-09T12:15:02.224-0300] {processor.py:840} INFO - DAG(s) 'example_xcom' retrieved from /home/pedro/.local/lib/python3.10/site-packages/airflow/example_dags/example_xcom.py
[2024-06-09T12:15:02.237-0300] {logging_mixin.py:188} INFO - [2024-06-09T12:15:02.237-0300] {dag.py:3096} INFO - Sync 1 DAGs
[2024-06-09T12:15:02.248-0300] {logging_mixin.py:188} INFO - [2024-06-09T12:15:02.247-0300] {dag.py:3954} INFO - Setting next_dagrun for example_xcom to 2021-01-01 00:00:00+00:00, run_after=2021-01-01 00:00:00+00:00
[2024-06-09T12:15:02.265-0300] {processor.py:183} INFO - Processing /home/pedro/.local/lib/python3.10/site-packages/airflow/example_dags/example_xcom.py took 0.062 seconds
[2024-06-09T12:19:50.242-0300] {processor.py:161} INFO - Started process (PID=13579) to work on /home/pedro/.local/lib/python3.10/site-packages/airflow/example_dags/example_xcom.py
[2024-06-09T12:19:50.246-0300] {processor.py:830} INFO - Processing file /home/pedro/.local/lib/python3.10/site-packages/airflow/example_dags/example_xcom.py for tasks to queue
[2024-06-09T12:19:50.247-0300] {logging_mixin.py:188} INFO - [2024-06-09T12:19:50.247-0300] {dagbag.py:545} INFO - Filling up the DagBag from /home/pedro/.local/lib/python3.10/site-packages/airflow/example_dags/example_xcom.py
[2024-06-09T12:19:50.255-0300] {processor.py:840} INFO - DAG(s) 'example_xcom' retrieved from /home/pedro/.local/lib/python3.10/site-packages/airflow/example_dags/example_xcom.py
[2024-06-09T12:19:50.267-0300] {logging_mixin.py:188} INFO - [2024-06-09T12:19:50.267-0300] {dag.py:3096} INFO - Sync 1 DAGs
[2024-06-09T12:19:50.277-0300] {logging_mixin.py:188} INFO - [2024-06-09T12:19:50.277-0300] {dag.py:3954} INFO - Setting next_dagrun for example_xcom to 2021-01-01 00:00:00+00:00, run_after=2021-01-01 00:00:00+00:00
[2024-06-09T12:19:50.293-0300] {processor.py:183} INFO - Processing /home/pedro/.local/lib/python3.10/site-packages/airflow/example_dags/example_xcom.py took 0.058 seconds
[2024-06-09T12:20:41.689-0300] {processor.py:161} INFO - Started process (PID=13680) to work on /home/pedro/.local/lib/python3.10/site-packages/airflow/example_dags/example_xcom.py
[2024-06-09T12:20:41.693-0300] {processor.py:830} INFO - Processing file /home/pedro/.local/lib/python3.10/site-packages/airflow/example_dags/example_xcom.py for tasks to queue
[2024-06-09T12:20:41.695-0300] {logging_mixin.py:188} INFO - [2024-06-09T12:20:41.694-0300] {dagbag.py:545} INFO - Filling up the DagBag from /home/pedro/.local/lib/python3.10/site-packages/airflow/example_dags/example_xcom.py
[2024-06-09T12:20:41.702-0300] {processor.py:840} INFO - DAG(s) 'example_xcom' retrieved from /home/pedro/.local/lib/python3.10/site-packages/airflow/example_dags/example_xcom.py
[2024-06-09T12:20:41.711-0300] {logging_mixin.py:188} INFO - [2024-06-09T12:20:41.711-0300] {dag.py:3096} INFO - Sync 1 DAGs
[2024-06-09T12:20:41.772-0300] {logging_mixin.py:188} INFO - [2024-06-09T12:20:41.772-0300] {dag.py:3954} INFO - Setting next_dagrun for example_xcom to 2021-01-01 00:00:00+00:00, run_after=2021-01-01 00:00:00+00:00
[2024-06-09T12:20:41.787-0300] {processor.py:183} INFO - Processing /home/pedro/.local/lib/python3.10/site-packages/airflow/example_dags/example_xcom.py took 0.106 seconds
[2024-06-09T12:21:25.510-0300] {processor.py:161} INFO - Started process (PID=13780) to work on /home/pedro/.local/lib/python3.10/site-packages/airflow/example_dags/example_xcom.py
[2024-06-09T12:21:25.513-0300] {processor.py:830} INFO - Processing file /home/pedro/.local/lib/python3.10/site-packages/airflow/example_dags/example_xcom.py for tasks to queue
[2024-06-09T12:21:25.515-0300] {logging_mixin.py:188} INFO - [2024-06-09T12:21:25.515-0300] {dagbag.py:545} INFO - Filling up the DagBag from /home/pedro/.local/lib/python3.10/site-packages/airflow/example_dags/example_xcom.py
[2024-06-09T12:21:25.524-0300] {processor.py:840} INFO - DAG(s) 'example_xcom' retrieved from /home/pedro/.local/lib/python3.10/site-packages/airflow/example_dags/example_xcom.py
[2024-06-09T12:21:25.533-0300] {logging_mixin.py:188} INFO - [2024-06-09T12:21:25.533-0300] {dag.py:3096} INFO - Sync 1 DAGs
[2024-06-09T12:21:25.542-0300] {logging_mixin.py:188} INFO - [2024-06-09T12:21:25.542-0300] {dag.py:3954} INFO - Setting next_dagrun for example_xcom to 2021-01-01 00:00:00+00:00, run_after=2021-01-01 00:00:00+00:00
[2024-06-09T12:21:25.558-0300] {processor.py:183} INFO - Processing /home/pedro/.local/lib/python3.10/site-packages/airflow/example_dags/example_xcom.py took 0.052 seconds
[2024-06-09T12:22:03.805-0300] {processor.py:161} INFO - Started process (PID=13857) to work on /home/pedro/.local/lib/python3.10/site-packages/airflow/example_dags/example_xcom.py
[2024-06-09T12:22:03.809-0300] {processor.py:830} INFO - Processing file /home/pedro/.local/lib/python3.10/site-packages/airflow/example_dags/example_xcom.py for tasks to queue
[2024-06-09T12:22:03.810-0300] {logging_mixin.py:188} INFO - [2024-06-09T12:22:03.809-0300] {dagbag.py:545} INFO - Filling up the DagBag from /home/pedro/.local/lib/python3.10/site-packages/airflow/example_dags/example_xcom.py
[2024-06-09T12:22:03.818-0300] {processor.py:840} INFO - DAG(s) 'example_xcom' retrieved from /home/pedro/.local/lib/python3.10/site-packages/airflow/example_dags/example_xcom.py
[2024-06-09T12:22:03.827-0300] {logging_mixin.py:188} INFO - [2024-06-09T12:22:03.827-0300] {dag.py:3096} INFO - Sync 1 DAGs
[2024-06-09T12:22:03.836-0300] {logging_mixin.py:188} INFO - [2024-06-09T12:22:03.836-0300] {dag.py:3954} INFO - Setting next_dagrun for example_xcom to 2021-01-01 00:00:00+00:00, run_after=2021-01-01 00:00:00+00:00
[2024-06-09T12:22:03.852-0300] {processor.py:183} INFO - Processing /home/pedro/.local/lib/python3.10/site-packages/airflow/example_dags/example_xcom.py took 0.050 seconds
[2024-06-09T12:22:45.525-0300] {processor.py:161} INFO - Started process (PID=13952) to work on /home/pedro/.local/lib/python3.10/site-packages/airflow/example_dags/example_xcom.py
[2024-06-09T12:22:45.529-0300] {processor.py:830} INFO - Processing file /home/pedro/.local/lib/python3.10/site-packages/airflow/example_dags/example_xcom.py for tasks to queue
[2024-06-09T12:22:45.531-0300] {logging_mixin.py:188} INFO - [2024-06-09T12:22:45.530-0300] {dagbag.py:545} INFO - Filling up the DagBag from /home/pedro/.local/lib/python3.10/site-packages/airflow/example_dags/example_xcom.py
[2024-06-09T12:22:45.537-0300] {processor.py:840} INFO - DAG(s) 'example_xcom' retrieved from /home/pedro/.local/lib/python3.10/site-packages/airflow/example_dags/example_xcom.py
[2024-06-09T12:22:45.549-0300] {logging_mixin.py:188} INFO - [2024-06-09T12:22:45.549-0300] {dag.py:3096} INFO - Sync 1 DAGs
[2024-06-09T12:22:45.562-0300] {logging_mixin.py:188} INFO - [2024-06-09T12:22:45.562-0300] {dag.py:3954} INFO - Setting next_dagrun for example_xcom to 2021-01-01 00:00:00+00:00, run_after=2021-01-01 00:00:00+00:00
[2024-06-09T12:22:45.580-0300] {processor.py:183} INFO - Processing /home/pedro/.local/lib/python3.10/site-packages/airflow/example_dags/example_xcom.py took 0.063 seconds
[2024-06-09T12:23:29.009-0300] {processor.py:161} INFO - Started process (PID=14023) to work on /home/pedro/.local/lib/python3.10/site-packages/airflow/example_dags/example_xcom.py
[2024-06-09T12:23:29.012-0300] {processor.py:830} INFO - Processing file /home/pedro/.local/lib/python3.10/site-packages/airflow/example_dags/example_xcom.py for tasks to queue
[2024-06-09T12:23:29.013-0300] {logging_mixin.py:188} INFO - [2024-06-09T12:23:29.013-0300] {dagbag.py:545} INFO - Filling up the DagBag from /home/pedro/.local/lib/python3.10/site-packages/airflow/example_dags/example_xcom.py
[2024-06-09T12:23:29.021-0300] {processor.py:840} INFO - DAG(s) 'example_xcom' retrieved from /home/pedro/.local/lib/python3.10/site-packages/airflow/example_dags/example_xcom.py
[2024-06-09T12:23:29.030-0300] {logging_mixin.py:188} INFO - [2024-06-09T12:23:29.030-0300] {dag.py:3096} INFO - Sync 1 DAGs
[2024-06-09T12:23:29.039-0300] {logging_mixin.py:188} INFO - [2024-06-09T12:23:29.039-0300] {dag.py:3954} INFO - Setting next_dagrun for example_xcom to 2021-01-01 00:00:00+00:00, run_after=2021-01-01 00:00:00+00:00
[2024-06-09T12:23:29.054-0300] {processor.py:183} INFO - Processing /home/pedro/.local/lib/python3.10/site-packages/airflow/example_dags/example_xcom.py took 0.049 seconds
[2024-06-09T16:26:07.760-0300] {processor.py:161} INFO - Started process (PID=4786) to work on /home/pedro/.local/lib/python3.10/site-packages/airflow/example_dags/example_xcom.py
[2024-06-09T16:26:07.764-0300] {processor.py:830} INFO - Processing file /home/pedro/.local/lib/python3.10/site-packages/airflow/example_dags/example_xcom.py for tasks to queue
[2024-06-09T16:26:07.766-0300] {logging_mixin.py:188} INFO - [2024-06-09T16:26:07.766-0300] {dagbag.py:545} INFO - Filling up the DagBag from /home/pedro/.local/lib/python3.10/site-packages/airflow/example_dags/example_xcom.py
[2024-06-09T16:26:07.776-0300] {processor.py:840} INFO - DAG(s) 'example_xcom' retrieved from /home/pedro/.local/lib/python3.10/site-packages/airflow/example_dags/example_xcom.py
[2024-06-09T16:26:07.787-0300] {logging_mixin.py:188} INFO - [2024-06-09T16:26:07.787-0300] {dag.py:3096} INFO - Sync 1 DAGs
[2024-06-09T16:26:07.797-0300] {logging_mixin.py:188} INFO - [2024-06-09T16:26:07.796-0300] {dag.py:3954} INFO - Setting next_dagrun for example_xcom to 2021-01-01 00:00:00+00:00, run_after=2021-01-01 00:00:00+00:00
[2024-06-09T16:26:07.812-0300] {processor.py:183} INFO - Processing /home/pedro/.local/lib/python3.10/site-packages/airflow/example_dags/example_xcom.py took 0.061 seconds
[2024-06-09T16:28:02.520-0300] {processor.py:161} INFO - Started process (PID=5396) to work on /home/pedro/.local/lib/python3.10/site-packages/airflow/example_dags/example_xcom.py
[2024-06-09T16:28:02.520-0300] {processor.py:830} INFO - Processing file /home/pedro/.local/lib/python3.10/site-packages/airflow/example_dags/example_xcom.py for tasks to queue
[2024-06-09T16:28:02.522-0300] {logging_mixin.py:188} INFO - [2024-06-09T16:28:02.522-0300] {dagbag.py:545} INFO - Filling up the DagBag from /home/pedro/.local/lib/python3.10/site-packages/airflow/example_dags/example_xcom.py
[2024-06-09T16:28:02.528-0300] {processor.py:840} INFO - DAG(s) 'example_xcom' retrieved from /home/pedro/.local/lib/python3.10/site-packages/airflow/example_dags/example_xcom.py
[2024-06-09T16:28:02.537-0300] {logging_mixin.py:188} INFO - [2024-06-09T16:28:02.537-0300] {dag.py:3096} INFO - Sync 1 DAGs
[2024-06-09T16:28:02.601-0300] {logging_mixin.py:188} INFO - [2024-06-09T16:28:02.601-0300] {dag.py:3954} INFO - Setting next_dagrun for example_xcom to 2021-01-01 00:00:00+00:00, run_after=2021-01-01 00:00:00+00:00
[2024-06-09T16:28:02.614-0300] {processor.py:183} INFO - Processing /home/pedro/.local/lib/python3.10/site-packages/airflow/example_dags/example_xcom.py took 0.098 seconds
[2024-06-09T16:30:15.877-0300] {processor.py:161} INFO - Started process (PID=7210) to work on /home/pedro/.local/lib/python3.10/site-packages/airflow/example_dags/example_xcom.py
[2024-06-09T16:30:15.878-0300] {processor.py:830} INFO - Processing file /home/pedro/.local/lib/python3.10/site-packages/airflow/example_dags/example_xcom.py for tasks to queue
[2024-06-09T16:30:15.880-0300] {logging_mixin.py:188} INFO - [2024-06-09T16:30:15.879-0300] {dagbag.py:545} INFO - Filling up the DagBag from /home/pedro/.local/lib/python3.10/site-packages/airflow/example_dags/example_xcom.py
[2024-06-09T16:30:15.886-0300] {processor.py:840} INFO - DAG(s) 'example_xcom' retrieved from /home/pedro/.local/lib/python3.10/site-packages/airflow/example_dags/example_xcom.py
[2024-06-09T16:30:15.895-0300] {logging_mixin.py:188} INFO - [2024-06-09T16:30:15.895-0300] {dag.py:3096} INFO - Sync 1 DAGs
[2024-06-09T16:30:15.904-0300] {logging_mixin.py:188} INFO - [2024-06-09T16:30:15.904-0300] {dag.py:3954} INFO - Setting next_dagrun for example_xcom to 2021-01-01 00:00:00+00:00, run_after=2021-01-01 00:00:00+00:00
[2024-06-09T16:30:15.920-0300] {processor.py:183} INFO - Processing /home/pedro/.local/lib/python3.10/site-packages/airflow/example_dags/example_xcom.py took 0.047 seconds
[2024-06-09T16:32:23.500-0300] {processor.py:161} INFO - Started process (PID=8048) to work on /home/pedro/.local/lib/python3.10/site-packages/airflow/example_dags/example_xcom.py
[2024-06-09T16:32:23.503-0300] {processor.py:830} INFO - Processing file /home/pedro/.local/lib/python3.10/site-packages/airflow/example_dags/example_xcom.py for tasks to queue
[2024-06-09T16:32:23.505-0300] {logging_mixin.py:188} INFO - [2024-06-09T16:32:23.505-0300] {dagbag.py:545} INFO - Filling up the DagBag from /home/pedro/.local/lib/python3.10/site-packages/airflow/example_dags/example_xcom.py
[2024-06-09T16:32:23.511-0300] {processor.py:840} INFO - DAG(s) 'example_xcom' retrieved from /home/pedro/.local/lib/python3.10/site-packages/airflow/example_dags/example_xcom.py
[2024-06-09T16:32:23.522-0300] {logging_mixin.py:188} INFO - [2024-06-09T16:32:23.521-0300] {dag.py:3096} INFO - Sync 1 DAGs
[2024-06-09T16:32:23.534-0300] {logging_mixin.py:188} INFO - [2024-06-09T16:32:23.534-0300] {dag.py:3954} INFO - Setting next_dagrun for example_xcom to 2021-01-01 00:00:00+00:00, run_after=2021-01-01 00:00:00+00:00
[2024-06-09T16:32:23.552-0300] {processor.py:183} INFO - Processing /home/pedro/.local/lib/python3.10/site-packages/airflow/example_dags/example_xcom.py took 0.060 seconds
[2024-06-09T16:34:26.949-0300] {processor.py:161} INFO - Started process (PID=8707) to work on /home/pedro/.local/lib/python3.10/site-packages/airflow/example_dags/example_xcom.py
[2024-06-09T16:34:26.952-0300] {processor.py:830} INFO - Processing file /home/pedro/.local/lib/python3.10/site-packages/airflow/example_dags/example_xcom.py for tasks to queue
[2024-06-09T16:34:26.954-0300] {logging_mixin.py:188} INFO - [2024-06-09T16:34:26.954-0300] {dagbag.py:545} INFO - Filling up the DagBag from /home/pedro/.local/lib/python3.10/site-packages/airflow/example_dags/example_xcom.py
[2024-06-09T16:34:26.962-0300] {processor.py:840} INFO - DAG(s) 'example_xcom' retrieved from /home/pedro/.local/lib/python3.10/site-packages/airflow/example_dags/example_xcom.py
[2024-06-09T16:34:26.970-0300] {logging_mixin.py:188} INFO - [2024-06-09T16:34:26.970-0300] {dag.py:3096} INFO - Sync 1 DAGs
[2024-06-09T16:34:26.980-0300] {logging_mixin.py:188} INFO - [2024-06-09T16:34:26.980-0300] {dag.py:3954} INFO - Setting next_dagrun for example_xcom to 2021-01-01 00:00:00+00:00, run_after=2021-01-01 00:00:00+00:00
[2024-06-09T16:34:26.996-0300] {processor.py:183} INFO - Processing /home/pedro/.local/lib/python3.10/site-packages/airflow/example_dags/example_xcom.py took 0.050 seconds
[2024-06-09T16:36:24.485-0300] {processor.py:161} INFO - Started process (PID=9372) to work on /home/pedro/.local/lib/python3.10/site-packages/airflow/example_dags/example_xcom.py
[2024-06-09T16:36:24.489-0300] {processor.py:830} INFO - Processing file /home/pedro/.local/lib/python3.10/site-packages/airflow/example_dags/example_xcom.py for tasks to queue
[2024-06-09T16:36:24.491-0300] {logging_mixin.py:188} INFO - [2024-06-09T16:36:24.490-0300] {dagbag.py:545} INFO - Filling up the DagBag from /home/pedro/.local/lib/python3.10/site-packages/airflow/example_dags/example_xcom.py
[2024-06-09T16:36:24.498-0300] {processor.py:840} INFO - DAG(s) 'example_xcom' retrieved from /home/pedro/.local/lib/python3.10/site-packages/airflow/example_dags/example_xcom.py
[2024-06-09T16:36:24.507-0300] {logging_mixin.py:188} INFO - [2024-06-09T16:36:24.507-0300] {dag.py:3096} INFO - Sync 1 DAGs
[2024-06-09T16:36:24.516-0300] {logging_mixin.py:188} INFO - [2024-06-09T16:36:24.516-0300] {dag.py:3954} INFO - Setting next_dagrun for example_xcom to 2021-01-01 00:00:00+00:00, run_after=2021-01-01 00:00:00+00:00
[2024-06-09T16:36:24.532-0300] {processor.py:183} INFO - Processing /home/pedro/.local/lib/python3.10/site-packages/airflow/example_dags/example_xcom.py took 0.049 seconds
[2024-06-09T16:38:22.813-0300] {processor.py:161} INFO - Started process (PID=10127) to work on /home/pedro/.local/lib/python3.10/site-packages/airflow/example_dags/example_xcom.py
[2024-06-09T16:38:22.814-0300] {processor.py:830} INFO - Processing file /home/pedro/.local/lib/python3.10/site-packages/airflow/example_dags/example_xcom.py for tasks to queue
[2024-06-09T16:38:22.815-0300] {logging_mixin.py:188} INFO - [2024-06-09T16:38:22.815-0300] {dagbag.py:545} INFO - Filling up the DagBag from /home/pedro/.local/lib/python3.10/site-packages/airflow/example_dags/example_xcom.py
[2024-06-09T16:38:22.821-0300] {processor.py:840} INFO - DAG(s) 'example_xcom' retrieved from /home/pedro/.local/lib/python3.10/site-packages/airflow/example_dags/example_xcom.py
[2024-06-09T16:38:22.831-0300] {logging_mixin.py:188} INFO - [2024-06-09T16:38:22.830-0300] {dag.py:3096} INFO - Sync 1 DAGs
[2024-06-09T16:38:22.844-0300] {logging_mixin.py:188} INFO - [2024-06-09T16:38:22.843-0300] {dag.py:3954} INFO - Setting next_dagrun for example_xcom to 2021-01-01 00:00:00+00:00, run_after=2021-01-01 00:00:00+00:00
[2024-06-09T16:38:22.860-0300] {processor.py:183} INFO - Processing /home/pedro/.local/lib/python3.10/site-packages/airflow/example_dags/example_xcom.py took 0.052 seconds
[2024-06-09T16:40:18.175-0300] {processor.py:161} INFO - Started process (PID=10799) to work on /home/pedro/.local/lib/python3.10/site-packages/airflow/example_dags/example_xcom.py
[2024-06-09T16:40:18.179-0300] {processor.py:830} INFO - Processing file /home/pedro/.local/lib/python3.10/site-packages/airflow/example_dags/example_xcom.py for tasks to queue
[2024-06-09T16:40:18.180-0300] {logging_mixin.py:188} INFO - [2024-06-09T16:40:18.180-0300] {dagbag.py:545} INFO - Filling up the DagBag from /home/pedro/.local/lib/python3.10/site-packages/airflow/example_dags/example_xcom.py
[2024-06-09T16:40:18.188-0300] {processor.py:840} INFO - DAG(s) 'example_xcom' retrieved from /home/pedro/.local/lib/python3.10/site-packages/airflow/example_dags/example_xcom.py
[2024-06-09T16:40:18.196-0300] {logging_mixin.py:188} INFO - [2024-06-09T16:40:18.196-0300] {dag.py:3096} INFO - Sync 1 DAGs
[2024-06-09T16:40:18.205-0300] {logging_mixin.py:188} INFO - [2024-06-09T16:40:18.205-0300] {dag.py:3954} INFO - Setting next_dagrun for example_xcom to 2021-01-01 00:00:00+00:00, run_after=2021-01-01 00:00:00+00:00
[2024-06-09T16:40:18.221-0300] {processor.py:183} INFO - Processing /home/pedro/.local/lib/python3.10/site-packages/airflow/example_dags/example_xcom.py took 0.055 seconds
[2024-06-09T16:42:17.016-0300] {processor.py:161} INFO - Started process (PID=11530) to work on /home/pedro/.local/lib/python3.10/site-packages/airflow/example_dags/example_xcom.py
[2024-06-09T16:42:17.019-0300] {processor.py:830} INFO - Processing file /home/pedro/.local/lib/python3.10/site-packages/airflow/example_dags/example_xcom.py for tasks to queue
[2024-06-09T16:42:17.021-0300] {logging_mixin.py:188} INFO - [2024-06-09T16:42:17.021-0300] {dagbag.py:545} INFO - Filling up the DagBag from /home/pedro/.local/lib/python3.10/site-packages/airflow/example_dags/example_xcom.py
[2024-06-09T16:42:17.026-0300] {processor.py:840} INFO - DAG(s) 'example_xcom' retrieved from /home/pedro/.local/lib/python3.10/site-packages/airflow/example_dags/example_xcom.py
[2024-06-09T16:42:17.035-0300] {logging_mixin.py:188} INFO - [2024-06-09T16:42:17.035-0300] {dag.py:3096} INFO - Sync 1 DAGs
[2024-06-09T16:42:17.045-0300] {logging_mixin.py:188} INFO - [2024-06-09T16:42:17.045-0300] {dag.py:3954} INFO - Setting next_dagrun for example_xcom to 2021-01-01 00:00:00+00:00, run_after=2021-01-01 00:00:00+00:00
[2024-06-09T16:42:17.062-0300] {processor.py:183} INFO - Processing /home/pedro/.local/lib/python3.10/site-packages/airflow/example_dags/example_xcom.py took 0.055 seconds
[2024-06-09T16:44:21.367-0300] {processor.py:161} INFO - Started process (PID=12221) to work on /home/pedro/.local/lib/python3.10/site-packages/airflow/example_dags/example_xcom.py
[2024-06-09T16:44:21.368-0300] {processor.py:830} INFO - Processing file /home/pedro/.local/lib/python3.10/site-packages/airflow/example_dags/example_xcom.py for tasks to queue
[2024-06-09T16:44:21.369-0300] {logging_mixin.py:188} INFO - [2024-06-09T16:44:21.369-0300] {dagbag.py:545} INFO - Filling up the DagBag from /home/pedro/.local/lib/python3.10/site-packages/airflow/example_dags/example_xcom.py
[2024-06-09T16:44:21.375-0300] {processor.py:840} INFO - DAG(s) 'example_xcom' retrieved from /home/pedro/.local/lib/python3.10/site-packages/airflow/example_dags/example_xcom.py
[2024-06-09T16:44:21.383-0300] {logging_mixin.py:188} INFO - [2024-06-09T16:44:21.383-0300] {dag.py:3096} INFO - Sync 1 DAGs
[2024-06-09T16:44:21.394-0300] {logging_mixin.py:188} INFO - [2024-06-09T16:44:21.394-0300] {dag.py:3954} INFO - Setting next_dagrun for example_xcom to 2021-01-01 00:00:00+00:00, run_after=2021-01-01 00:00:00+00:00
[2024-06-09T16:44:21.410-0300] {processor.py:183} INFO - Processing /home/pedro/.local/lib/python3.10/site-packages/airflow/example_dags/example_xcom.py took 0.047 seconds
[2024-06-09T16:46:29.945-0300] {processor.py:161} INFO - Started process (PID=12949) to work on /home/pedro/.local/lib/python3.10/site-packages/airflow/example_dags/example_xcom.py
[2024-06-09T16:46:29.949-0300] {processor.py:830} INFO - Processing file /home/pedro/.local/lib/python3.10/site-packages/airflow/example_dags/example_xcom.py for tasks to queue
[2024-06-09T16:46:29.951-0300] {logging_mixin.py:188} INFO - [2024-06-09T16:46:29.950-0300] {dagbag.py:545} INFO - Filling up the DagBag from /home/pedro/.local/lib/python3.10/site-packages/airflow/example_dags/example_xcom.py
[2024-06-09T16:46:29.959-0300] {processor.py:840} INFO - DAG(s) 'example_xcom' retrieved from /home/pedro/.local/lib/python3.10/site-packages/airflow/example_dags/example_xcom.py
[2024-06-09T16:46:29.968-0300] {logging_mixin.py:188} INFO - [2024-06-09T16:46:29.968-0300] {dag.py:3096} INFO - Sync 1 DAGs
[2024-06-09T16:46:29.978-0300] {logging_mixin.py:188} INFO - [2024-06-09T16:46:29.978-0300] {dag.py:3954} INFO - Setting next_dagrun for example_xcom to 2021-01-01 00:00:00+00:00, run_after=2021-01-01 00:00:00+00:00
[2024-06-09T16:46:29.993-0300] {processor.py:183} INFO - Processing /home/pedro/.local/lib/python3.10/site-packages/airflow/example_dags/example_xcom.py took 0.053 seconds
[2024-06-09T16:48:33.395-0300] {processor.py:161} INFO - Started process (PID=13653) to work on /home/pedro/.local/lib/python3.10/site-packages/airflow/example_dags/example_xcom.py
[2024-06-09T16:48:33.399-0300] {processor.py:830} INFO - Processing file /home/pedro/.local/lib/python3.10/site-packages/airflow/example_dags/example_xcom.py for tasks to queue
[2024-06-09T16:48:33.401-0300] {logging_mixin.py:188} INFO - [2024-06-09T16:48:33.400-0300] {dagbag.py:545} INFO - Filling up the DagBag from /home/pedro/.local/lib/python3.10/site-packages/airflow/example_dags/example_xcom.py
[2024-06-09T16:48:33.408-0300] {processor.py:840} INFO - DAG(s) 'example_xcom' retrieved from /home/pedro/.local/lib/python3.10/site-packages/airflow/example_dags/example_xcom.py
[2024-06-09T16:48:33.418-0300] {logging_mixin.py:188} INFO - [2024-06-09T16:48:33.417-0300] {dag.py:3096} INFO - Sync 1 DAGs
[2024-06-09T16:48:33.427-0300] {logging_mixin.py:188} INFO - [2024-06-09T16:48:33.427-0300] {dag.py:3954} INFO - Setting next_dagrun for example_xcom to 2021-01-01 00:00:00+00:00, run_after=2021-01-01 00:00:00+00:00
[2024-06-09T16:48:33.443-0300] {processor.py:183} INFO - Processing /home/pedro/.local/lib/python3.10/site-packages/airflow/example_dags/example_xcom.py took 0.057 seconds
[2024-06-09T16:50:32.347-0300] {processor.py:161} INFO - Started process (PID=14444) to work on /home/pedro/.local/lib/python3.10/site-packages/airflow/example_dags/example_xcom.py
[2024-06-09T16:50:32.350-0300] {processor.py:830} INFO - Processing file /home/pedro/.local/lib/python3.10/site-packages/airflow/example_dags/example_xcom.py for tasks to queue
[2024-06-09T16:50:32.352-0300] {logging_mixin.py:188} INFO - [2024-06-09T16:50:32.352-0300] {dagbag.py:545} INFO - Filling up the DagBag from /home/pedro/.local/lib/python3.10/site-packages/airflow/example_dags/example_xcom.py
[2024-06-09T16:50:32.360-0300] {processor.py:840} INFO - DAG(s) 'example_xcom' retrieved from /home/pedro/.local/lib/python3.10/site-packages/airflow/example_dags/example_xcom.py
[2024-06-09T16:50:32.369-0300] {logging_mixin.py:188} INFO - [2024-06-09T16:50:32.369-0300] {dag.py:3096} INFO - Sync 1 DAGs
[2024-06-09T16:50:32.379-0300] {logging_mixin.py:188} INFO - [2024-06-09T16:50:32.378-0300] {dag.py:3954} INFO - Setting next_dagrun for example_xcom to 2021-01-01 00:00:00+00:00, run_after=2021-01-01 00:00:00+00:00
[2024-06-09T16:50:32.393-0300] {processor.py:183} INFO - Processing /home/pedro/.local/lib/python3.10/site-packages/airflow/example_dags/example_xcom.py took 0.051 seconds
[2024-06-09T16:52:34.318-0300] {processor.py:161} INFO - Started process (PID=15134) to work on /home/pedro/.local/lib/python3.10/site-packages/airflow/example_dags/example_xcom.py
[2024-06-09T16:52:34.322-0300] {processor.py:830} INFO - Processing file /home/pedro/.local/lib/python3.10/site-packages/airflow/example_dags/example_xcom.py for tasks to queue
[2024-06-09T16:52:34.324-0300] {logging_mixin.py:188} INFO - [2024-06-09T16:52:34.323-0300] {dagbag.py:545} INFO - Filling up the DagBag from /home/pedro/.local/lib/python3.10/site-packages/airflow/example_dags/example_xcom.py
[2024-06-09T16:52:34.331-0300] {processor.py:840} INFO - DAG(s) 'example_xcom' retrieved from /home/pedro/.local/lib/python3.10/site-packages/airflow/example_dags/example_xcom.py
[2024-06-09T16:52:34.341-0300] {logging_mixin.py:188} INFO - [2024-06-09T16:52:34.341-0300] {dag.py:3096} INFO - Sync 1 DAGs
[2024-06-09T16:52:34.354-0300] {logging_mixin.py:188} INFO - [2024-06-09T16:52:34.354-0300] {dag.py:3954} INFO - Setting next_dagrun for example_xcom to 2021-01-01 00:00:00+00:00, run_after=2021-01-01 00:00:00+00:00
[2024-06-09T16:52:34.369-0300] {processor.py:183} INFO - Processing /home/pedro/.local/lib/python3.10/site-packages/airflow/example_dags/example_xcom.py took 0.054 seconds
[2024-06-09T16:54:44.004-0300] {processor.py:161} INFO - Started process (PID=15865) to work on /home/pedro/.local/lib/python3.10/site-packages/airflow/example_dags/example_xcom.py
[2024-06-09T16:54:44.005-0300] {processor.py:830} INFO - Processing file /home/pedro/.local/lib/python3.10/site-packages/airflow/example_dags/example_xcom.py for tasks to queue
[2024-06-09T16:54:44.007-0300] {logging_mixin.py:188} INFO - [2024-06-09T16:54:44.007-0300] {dagbag.py:545} INFO - Filling up the DagBag from /home/pedro/.local/lib/python3.10/site-packages/airflow/example_dags/example_xcom.py
[2024-06-09T16:54:44.012-0300] {processor.py:840} INFO - DAG(s) 'example_xcom' retrieved from /home/pedro/.local/lib/python3.10/site-packages/airflow/example_dags/example_xcom.py
[2024-06-09T16:54:44.021-0300] {logging_mixin.py:188} INFO - [2024-06-09T16:54:44.021-0300] {dag.py:3096} INFO - Sync 1 DAGs
[2024-06-09T16:54:44.030-0300] {logging_mixin.py:188} INFO - [2024-06-09T16:54:44.030-0300] {dag.py:3954} INFO - Setting next_dagrun for example_xcom to 2021-01-01 00:00:00+00:00, run_after=2021-01-01 00:00:00+00:00
[2024-06-09T16:54:44.045-0300] {processor.py:183} INFO - Processing /home/pedro/.local/lib/python3.10/site-packages/airflow/example_dags/example_xcom.py took 0.050 seconds
[2024-06-09T16:56:49.420-0300] {processor.py:161} INFO - Started process (PID=16581) to work on /home/pedro/.local/lib/python3.10/site-packages/airflow/example_dags/example_xcom.py
[2024-06-09T16:56:49.422-0300] {processor.py:830} INFO - Processing file /home/pedro/.local/lib/python3.10/site-packages/airflow/example_dags/example_xcom.py for tasks to queue
[2024-06-09T16:56:49.423-0300] {logging_mixin.py:188} INFO - [2024-06-09T16:56:49.423-0300] {dagbag.py:545} INFO - Filling up the DagBag from /home/pedro/.local/lib/python3.10/site-packages/airflow/example_dags/example_xcom.py
[2024-06-09T16:56:49.430-0300] {processor.py:840} INFO - DAG(s) 'example_xcom' retrieved from /home/pedro/.local/lib/python3.10/site-packages/airflow/example_dags/example_xcom.py
[2024-06-09T16:56:49.438-0300] {logging_mixin.py:188} INFO - [2024-06-09T16:56:49.438-0300] {dag.py:3096} INFO - Sync 1 DAGs
[2024-06-09T16:56:49.447-0300] {logging_mixin.py:188} INFO - [2024-06-09T16:56:49.447-0300] {dag.py:3954} INFO - Setting next_dagrun for example_xcom to 2021-01-01 00:00:00+00:00, run_after=2021-01-01 00:00:00+00:00
[2024-06-09T16:56:49.464-0300] {processor.py:183} INFO - Processing /home/pedro/.local/lib/python3.10/site-packages/airflow/example_dags/example_xcom.py took 0.053 seconds
