[2024-06-09T11:45:42.852-0300] {processor.py:161} INFO - Started process (PID=6051) to work on /home/pedro/.local/lib/python3.10/site-packages/airflow/example_dags/example_branch_datetime_operator.py
[2024-06-09T11:45:42.853-0300] {processor.py:830} INFO - Processing file /home/pedro/.local/lib/python3.10/site-packages/airflow/example_dags/example_branch_datetime_operator.py for tasks to queue
[2024-06-09T11:45:42.854-0300] {logging_mixin.py:188} INFO - [2024-06-09T11:45:42.854-0300] {dagbag.py:545} INFO - Filling up the DagBag from /home/pedro/.local/lib/python3.10/site-packages/airflow/example_dags/example_branch_datetime_operator.py
[2024-06-09T11:45:42.863-0300] {processor.py:840} INFO - DAG(s) 'example_branch_datetime_operator_2', 'example_branch_datetime_operator_3', 'example_branch_datetime_operator' retrieved from /home/pedro/.local/lib/python3.10/site-packages/airflow/example_dags/example_branch_datetime_operator.py
[2024-06-09T11:45:42.878-0300] {logging_mixin.py:188} INFO - [2024-06-09T11:45:42.878-0300] {dag.py:3096} INFO - Sync 3 DAGs
[2024-06-09T11:45:42.891-0300] {logging_mixin.py:188} INFO - [2024-06-09T11:45:42.891-0300] {dag.py:3954} INFO - Setting next_dagrun for example_branch_datetime_operator to 2024-06-08 00:00:00+00:00, run_after=2024-06-09 00:00:00+00:00
[2024-06-09T11:45:42.895-0300] {logging_mixin.py:188} INFO - [2024-06-09T11:45:42.895-0300] {dag.py:3954} INFO - Setting next_dagrun for example_branch_datetime_operator_2 to 2024-06-08 00:00:00+00:00, run_after=2024-06-09 00:00:00+00:00
[2024-06-09T11:45:42.897-0300] {logging_mixin.py:188} INFO - [2024-06-09T11:45:42.897-0300] {dag.py:3954} INFO - Setting next_dagrun for example_branch_datetime_operator_3 to 2024-06-08 00:00:00+00:00, run_after=2024-06-09 00:00:00+00:00
[2024-06-09T11:45:42.913-0300] {processor.py:183} INFO - Processing /home/pedro/.local/lib/python3.10/site-packages/airflow/example_dags/example_branch_datetime_operator.py took 0.066 seconds
[2024-06-09T11:46:36.317-0300] {processor.py:161} INFO - Started process (PID=7293) to work on /home/pedro/.local/lib/python3.10/site-packages/airflow/example_dags/example_branch_datetime_operator.py
[2024-06-09T11:46:36.320-0300] {processor.py:830} INFO - Processing file /home/pedro/.local/lib/python3.10/site-packages/airflow/example_dags/example_branch_datetime_operator.py for tasks to queue
[2024-06-09T11:46:36.323-0300] {logging_mixin.py:188} INFO - [2024-06-09T11:46:36.322-0300] {dagbag.py:545} INFO - Filling up the DagBag from /home/pedro/.local/lib/python3.10/site-packages/airflow/example_dags/example_branch_datetime_operator.py
[2024-06-09T11:46:36.387-0300] {processor.py:840} INFO - DAG(s) 'example_branch_datetime_operator_3', 'example_branch_datetime_operator_2', 'example_branch_datetime_operator' retrieved from /home/pedro/.local/lib/python3.10/site-packages/airflow/example_dags/example_branch_datetime_operator.py
[2024-06-09T11:46:36.396-0300] {logging_mixin.py:188} INFO - [2024-06-09T11:46:36.396-0300] {dag.py:3096} INFO - Sync 3 DAGs
[2024-06-09T11:46:36.405-0300] {logging_mixin.py:188} INFO - [2024-06-09T11:46:36.405-0300] {dag.py:3954} INFO - Setting next_dagrun for example_branch_datetime_operator to 2024-06-08 00:00:00+00:00, run_after=2024-06-09 00:00:00+00:00
[2024-06-09T11:46:36.407-0300] {logging_mixin.py:188} INFO - [2024-06-09T11:46:36.407-0300] {dag.py:3954} INFO - Setting next_dagrun for example_branch_datetime_operator_2 to 2024-06-08 00:00:00+00:00, run_after=2024-06-09 00:00:00+00:00
[2024-06-09T11:46:36.409-0300] {logging_mixin.py:188} INFO - [2024-06-09T11:46:36.408-0300] {dag.py:3954} INFO - Setting next_dagrun for example_branch_datetime_operator_3 to 2024-06-08 00:00:00+00:00, run_after=2024-06-09 00:00:00+00:00
[2024-06-09T11:46:36.422-0300] {processor.py:183} INFO - Processing /home/pedro/.local/lib/python3.10/site-packages/airflow/example_dags/example_branch_datetime_operator.py took 0.110 seconds
[2024-06-09T11:47:25.874-0300] {processor.py:161} INFO - Started process (PID=7388) to work on /home/pedro/.local/lib/python3.10/site-packages/airflow/example_dags/example_branch_datetime_operator.py
[2024-06-09T11:47:25.878-0300] {processor.py:830} INFO - Processing file /home/pedro/.local/lib/python3.10/site-packages/airflow/example_dags/example_branch_datetime_operator.py for tasks to queue
[2024-06-09T11:47:25.880-0300] {logging_mixin.py:188} INFO - [2024-06-09T11:47:25.879-0300] {dagbag.py:545} INFO - Filling up the DagBag from /home/pedro/.local/lib/python3.10/site-packages/airflow/example_dags/example_branch_datetime_operator.py
[2024-06-09T11:47:25.890-0300] {processor.py:840} INFO - DAG(s) 'example_branch_datetime_operator_2', 'example_branch_datetime_operator_3', 'example_branch_datetime_operator' retrieved from /home/pedro/.local/lib/python3.10/site-packages/airflow/example_dags/example_branch_datetime_operator.py
[2024-06-09T11:47:25.901-0300] {logging_mixin.py:188} INFO - [2024-06-09T11:47:25.901-0300] {dag.py:3096} INFO - Sync 3 DAGs
[2024-06-09T11:47:25.911-0300] {logging_mixin.py:188} INFO - [2024-06-09T11:47:25.911-0300] {dag.py:3954} INFO - Setting next_dagrun for example_branch_datetime_operator to 2024-06-08 00:00:00+00:00, run_after=2024-06-09 00:00:00+00:00
[2024-06-09T11:47:25.913-0300] {logging_mixin.py:188} INFO - [2024-06-09T11:47:25.913-0300] {dag.py:3954} INFO - Setting next_dagrun for example_branch_datetime_operator_2 to 2024-06-08 00:00:00+00:00, run_after=2024-06-09 00:00:00+00:00
[2024-06-09T11:47:25.915-0300] {logging_mixin.py:188} INFO - [2024-06-09T11:47:25.915-0300] {dag.py:3954} INFO - Setting next_dagrun for example_branch_datetime_operator_3 to 2024-06-08 00:00:00+00:00, run_after=2024-06-09 00:00:00+00:00
[2024-06-09T11:47:25.926-0300] {processor.py:183} INFO - Processing /home/pedro/.local/lib/python3.10/site-packages/airflow/example_dags/example_branch_datetime_operator.py took 0.055 seconds
[2024-06-09T11:48:28.957-0300] {processor.py:161} INFO - Started process (PID=7506) to work on /home/pedro/.local/lib/python3.10/site-packages/airflow/example_dags/example_branch_datetime_operator.py
[2024-06-09T11:48:28.960-0300] {processor.py:830} INFO - Processing file /home/pedro/.local/lib/python3.10/site-packages/airflow/example_dags/example_branch_datetime_operator.py for tasks to queue
[2024-06-09T11:48:28.961-0300] {logging_mixin.py:188} INFO - [2024-06-09T11:48:28.960-0300] {dagbag.py:545} INFO - Filling up the DagBag from /home/pedro/.local/lib/python3.10/site-packages/airflow/example_dags/example_branch_datetime_operator.py
[2024-06-09T11:48:28.971-0300] {processor.py:840} INFO - DAG(s) 'example_branch_datetime_operator_2', 'example_branch_datetime_operator', 'example_branch_datetime_operator_3' retrieved from /home/pedro/.local/lib/python3.10/site-packages/airflow/example_dags/example_branch_datetime_operator.py
[2024-06-09T11:48:28.982-0300] {logging_mixin.py:188} INFO - [2024-06-09T11:48:28.982-0300] {dag.py:3096} INFO - Sync 3 DAGs
[2024-06-09T11:48:28.992-0300] {logging_mixin.py:188} INFO - [2024-06-09T11:48:28.992-0300] {dag.py:3954} INFO - Setting next_dagrun for example_branch_datetime_operator to 2024-06-08 00:00:00+00:00, run_after=2024-06-09 00:00:00+00:00
[2024-06-09T11:48:28.995-0300] {logging_mixin.py:188} INFO - [2024-06-09T11:48:28.995-0300] {dag.py:3954} INFO - Setting next_dagrun for example_branch_datetime_operator_2 to 2024-06-08 00:00:00+00:00, run_after=2024-06-09 00:00:00+00:00
[2024-06-09T11:48:28.996-0300] {logging_mixin.py:188} INFO - [2024-06-09T11:48:28.996-0300] {dag.py:3954} INFO - Setting next_dagrun for example_branch_datetime_operator_3 to 2024-06-08 00:00:00+00:00, run_after=2024-06-09 00:00:00+00:00
[2024-06-09T11:48:29.009-0300] {processor.py:183} INFO - Processing /home/pedro/.local/lib/python3.10/site-packages/airflow/example_dags/example_branch_datetime_operator.py took 0.056 seconds
[2024-06-09T11:49:31.730-0300] {processor.py:161} INFO - Started process (PID=7891) to work on /home/pedro/.local/lib/python3.10/site-packages/airflow/example_dags/example_branch_datetime_operator.py
[2024-06-09T11:49:31.734-0300] {processor.py:830} INFO - Processing file /home/pedro/.local/lib/python3.10/site-packages/airflow/example_dags/example_branch_datetime_operator.py for tasks to queue
[2024-06-09T11:49:31.736-0300] {logging_mixin.py:188} INFO - [2024-06-09T11:49:31.736-0300] {dagbag.py:545} INFO - Filling up the DagBag from /home/pedro/.local/lib/python3.10/site-packages/airflow/example_dags/example_branch_datetime_operator.py
[2024-06-09T11:49:31.745-0300] {processor.py:840} INFO - DAG(s) 'example_branch_datetime_operator', 'example_branch_datetime_operator_2', 'example_branch_datetime_operator_3' retrieved from /home/pedro/.local/lib/python3.10/site-packages/airflow/example_dags/example_branch_datetime_operator.py
[2024-06-09T11:49:31.757-0300] {logging_mixin.py:188} INFO - [2024-06-09T11:49:31.757-0300] {dag.py:3096} INFO - Sync 3 DAGs
[2024-06-09T11:49:31.768-0300] {logging_mixin.py:188} INFO - [2024-06-09T11:49:31.768-0300] {dag.py:3954} INFO - Setting next_dagrun for example_branch_datetime_operator to 2024-06-08 00:00:00+00:00, run_after=2024-06-09 00:00:00+00:00
[2024-06-09T11:49:31.770-0300] {logging_mixin.py:188} INFO - [2024-06-09T11:49:31.770-0300] {dag.py:3954} INFO - Setting next_dagrun for example_branch_datetime_operator_2 to 2024-06-08 00:00:00+00:00, run_after=2024-06-09 00:00:00+00:00
[2024-06-09T11:49:31.772-0300] {logging_mixin.py:188} INFO - [2024-06-09T11:49:31.772-0300] {dag.py:3954} INFO - Setting next_dagrun for example_branch_datetime_operator_3 to 2024-06-08 00:00:00+00:00, run_after=2024-06-09 00:00:00+00:00
[2024-06-09T11:49:31.786-0300] {processor.py:183} INFO - Processing /home/pedro/.local/lib/python3.10/site-packages/airflow/example_dags/example_branch_datetime_operator.py took 0.064 seconds
[2024-06-09T11:50:38.712-0300] {processor.py:161} INFO - Started process (PID=8001) to work on /home/pedro/.local/lib/python3.10/site-packages/airflow/example_dags/example_branch_datetime_operator.py
[2024-06-09T11:50:38.715-0300] {processor.py:830} INFO - Processing file /home/pedro/.local/lib/python3.10/site-packages/airflow/example_dags/example_branch_datetime_operator.py for tasks to queue
[2024-06-09T11:50:38.716-0300] {logging_mixin.py:188} INFO - [2024-06-09T11:50:38.716-0300] {dagbag.py:545} INFO - Filling up the DagBag from /home/pedro/.local/lib/python3.10/site-packages/airflow/example_dags/example_branch_datetime_operator.py
[2024-06-09T11:50:38.726-0300] {processor.py:840} INFO - DAG(s) 'example_branch_datetime_operator_3', 'example_branch_datetime_operator_2', 'example_branch_datetime_operator' retrieved from /home/pedro/.local/lib/python3.10/site-packages/airflow/example_dags/example_branch_datetime_operator.py
[2024-06-09T11:50:38.737-0300] {logging_mixin.py:188} INFO - [2024-06-09T11:50:38.737-0300] {dag.py:3096} INFO - Sync 3 DAGs
[2024-06-09T11:50:38.750-0300] {logging_mixin.py:188} INFO - [2024-06-09T11:50:38.749-0300] {dag.py:3954} INFO - Setting next_dagrun for example_branch_datetime_operator to 2024-06-08 00:00:00+00:00, run_after=2024-06-09 00:00:00+00:00
[2024-06-09T11:50:38.752-0300] {logging_mixin.py:188} INFO - [2024-06-09T11:50:38.752-0300] {dag.py:3954} INFO - Setting next_dagrun for example_branch_datetime_operator_2 to 2024-06-08 00:00:00+00:00, run_after=2024-06-09 00:00:00+00:00
[2024-06-09T11:50:38.753-0300] {logging_mixin.py:188} INFO - [2024-06-09T11:50:38.753-0300] {dag.py:3954} INFO - Setting next_dagrun for example_branch_datetime_operator_3 to 2024-06-08 00:00:00+00:00, run_after=2024-06-09 00:00:00+00:00
[2024-06-09T11:50:38.766-0300] {processor.py:183} INFO - Processing /home/pedro/.local/lib/python3.10/site-packages/airflow/example_dags/example_branch_datetime_operator.py took 0.060 seconds
[2024-06-09T11:51:25.186-0300] {processor.py:161} INFO - Started process (PID=8209) to work on /home/pedro/.local/lib/python3.10/site-packages/airflow/example_dags/example_branch_datetime_operator.py
[2024-06-09T11:51:25.189-0300] {processor.py:830} INFO - Processing file /home/pedro/.local/lib/python3.10/site-packages/airflow/example_dags/example_branch_datetime_operator.py for tasks to queue
[2024-06-09T11:51:25.191-0300] {logging_mixin.py:188} INFO - [2024-06-09T11:51:25.191-0300] {dagbag.py:545} INFO - Filling up the DagBag from /home/pedro/.local/lib/python3.10/site-packages/airflow/example_dags/example_branch_datetime_operator.py
[2024-06-09T11:51:25.202-0300] {processor.py:840} INFO - DAG(s) 'example_branch_datetime_operator_3', 'example_branch_datetime_operator_2', 'example_branch_datetime_operator' retrieved from /home/pedro/.local/lib/python3.10/site-packages/airflow/example_dags/example_branch_datetime_operator.py
[2024-06-09T11:51:25.213-0300] {logging_mixin.py:188} INFO - [2024-06-09T11:51:25.213-0300] {dag.py:3096} INFO - Sync 3 DAGs
[2024-06-09T11:51:25.224-0300] {logging_mixin.py:188} INFO - [2024-06-09T11:51:25.223-0300] {dag.py:3954} INFO - Setting next_dagrun for example_branch_datetime_operator to 2024-06-08 00:00:00+00:00, run_after=2024-06-09 00:00:00+00:00
[2024-06-09T11:51:25.226-0300] {logging_mixin.py:188} INFO - [2024-06-09T11:51:25.226-0300] {dag.py:3954} INFO - Setting next_dagrun for example_branch_datetime_operator_2 to 2024-06-08 00:00:00+00:00, run_after=2024-06-09 00:00:00+00:00
[2024-06-09T11:51:25.227-0300] {logging_mixin.py:188} INFO - [2024-06-09T11:51:25.227-0300] {dag.py:3954} INFO - Setting next_dagrun for example_branch_datetime_operator_3 to 2024-06-08 00:00:00+00:00, run_after=2024-06-09 00:00:00+00:00
[2024-06-09T11:51:25.240-0300] {processor.py:183} INFO - Processing /home/pedro/.local/lib/python3.10/site-packages/airflow/example_dags/example_branch_datetime_operator.py took 0.059 seconds
[2024-06-09T11:52:29.036-0300] {processor.py:161} INFO - Started process (PID=8360) to work on /home/pedro/.local/lib/python3.10/site-packages/airflow/example_dags/example_branch_datetime_operator.py
[2024-06-09T11:52:29.040-0300] {processor.py:830} INFO - Processing file /home/pedro/.local/lib/python3.10/site-packages/airflow/example_dags/example_branch_datetime_operator.py for tasks to queue
[2024-06-09T11:52:29.042-0300] {logging_mixin.py:188} INFO - [2024-06-09T11:52:29.041-0300] {dagbag.py:545} INFO - Filling up the DagBag from /home/pedro/.local/lib/python3.10/site-packages/airflow/example_dags/example_branch_datetime_operator.py
[2024-06-09T11:52:29.052-0300] {processor.py:840} INFO - DAG(s) 'example_branch_datetime_operator_3', 'example_branch_datetime_operator', 'example_branch_datetime_operator_2' retrieved from /home/pedro/.local/lib/python3.10/site-packages/airflow/example_dags/example_branch_datetime_operator.py
[2024-06-09T11:52:29.063-0300] {logging_mixin.py:188} INFO - [2024-06-09T11:52:29.063-0300] {dag.py:3096} INFO - Sync 3 DAGs
[2024-06-09T11:52:29.073-0300] {logging_mixin.py:188} INFO - [2024-06-09T11:52:29.073-0300] {dag.py:3954} INFO - Setting next_dagrun for example_branch_datetime_operator to 2024-06-08 00:00:00+00:00, run_after=2024-06-09 00:00:00+00:00
[2024-06-09T11:52:29.075-0300] {logging_mixin.py:188} INFO - [2024-06-09T11:52:29.075-0300] {dag.py:3954} INFO - Setting next_dagrun for example_branch_datetime_operator_2 to 2024-06-08 00:00:00+00:00, run_after=2024-06-09 00:00:00+00:00
[2024-06-09T11:52:29.077-0300] {logging_mixin.py:188} INFO - [2024-06-09T11:52:29.076-0300] {dag.py:3954} INFO - Setting next_dagrun for example_branch_datetime_operator_3 to 2024-06-08 00:00:00+00:00, run_after=2024-06-09 00:00:00+00:00
[2024-06-09T11:52:29.090-0300] {processor.py:183} INFO - Processing /home/pedro/.local/lib/python3.10/site-packages/airflow/example_dags/example_branch_datetime_operator.py took 0.057 seconds
[2024-06-09T11:53:27.843-0300] {processor.py:161} INFO - Started process (PID=8514) to work on /home/pedro/.local/lib/python3.10/site-packages/airflow/example_dags/example_branch_datetime_operator.py
[2024-06-09T11:53:27.847-0300] {processor.py:830} INFO - Processing file /home/pedro/.local/lib/python3.10/site-packages/airflow/example_dags/example_branch_datetime_operator.py for tasks to queue
[2024-06-09T11:53:27.848-0300] {logging_mixin.py:188} INFO - [2024-06-09T11:53:27.848-0300] {dagbag.py:545} INFO - Filling up the DagBag from /home/pedro/.local/lib/python3.10/site-packages/airflow/example_dags/example_branch_datetime_operator.py
[2024-06-09T11:53:27.858-0300] {processor.py:840} INFO - DAG(s) 'example_branch_datetime_operator', 'example_branch_datetime_operator_2', 'example_branch_datetime_operator_3' retrieved from /home/pedro/.local/lib/python3.10/site-packages/airflow/example_dags/example_branch_datetime_operator.py
[2024-06-09T11:53:27.868-0300] {logging_mixin.py:188} INFO - [2024-06-09T11:53:27.868-0300] {dag.py:3096} INFO - Sync 3 DAGs
[2024-06-09T11:53:27.880-0300] {logging_mixin.py:188} INFO - [2024-06-09T11:53:27.880-0300] {dag.py:3954} INFO - Setting next_dagrun for example_branch_datetime_operator to 2024-06-08 00:00:00+00:00, run_after=2024-06-09 00:00:00+00:00
[2024-06-09T11:53:27.884-0300] {logging_mixin.py:188} INFO - [2024-06-09T11:53:27.884-0300] {dag.py:3954} INFO - Setting next_dagrun for example_branch_datetime_operator_2 to 2024-06-08 00:00:00+00:00, run_after=2024-06-09 00:00:00+00:00
[2024-06-09T11:53:27.885-0300] {logging_mixin.py:188} INFO - [2024-06-09T11:53:27.885-0300] {dag.py:3954} INFO - Setting next_dagrun for example_branch_datetime_operator_3 to 2024-06-08 00:00:00+00:00, run_after=2024-06-09 00:00:00+00:00
[2024-06-09T11:53:27.900-0300] {processor.py:183} INFO - Processing /home/pedro/.local/lib/python3.10/site-packages/airflow/example_dags/example_branch_datetime_operator.py took 0.066 seconds
[2024-06-09T11:54:29.749-0300] {processor.py:161} INFO - Started process (PID=8628) to work on /home/pedro/.local/lib/python3.10/site-packages/airflow/example_dags/example_branch_datetime_operator.py
[2024-06-09T11:54:29.752-0300] {processor.py:830} INFO - Processing file /home/pedro/.local/lib/python3.10/site-packages/airflow/example_dags/example_branch_datetime_operator.py for tasks to queue
[2024-06-09T11:54:29.754-0300] {logging_mixin.py:188} INFO - [2024-06-09T11:54:29.754-0300] {dagbag.py:545} INFO - Filling up the DagBag from /home/pedro/.local/lib/python3.10/site-packages/airflow/example_dags/example_branch_datetime_operator.py
[2024-06-09T11:54:29.763-0300] {processor.py:840} INFO - DAG(s) 'example_branch_datetime_operator', 'example_branch_datetime_operator_2', 'example_branch_datetime_operator_3' retrieved from /home/pedro/.local/lib/python3.10/site-packages/airflow/example_dags/example_branch_datetime_operator.py
[2024-06-09T11:54:29.776-0300] {logging_mixin.py:188} INFO - [2024-06-09T11:54:29.776-0300] {dag.py:3096} INFO - Sync 3 DAGs
[2024-06-09T11:54:29.789-0300] {logging_mixin.py:188} INFO - [2024-06-09T11:54:29.789-0300] {dag.py:3954} INFO - Setting next_dagrun for example_branch_datetime_operator to 2024-06-08 00:00:00+00:00, run_after=2024-06-09 00:00:00+00:00
[2024-06-09T11:54:29.792-0300] {logging_mixin.py:188} INFO - [2024-06-09T11:54:29.792-0300] {dag.py:3954} INFO - Setting next_dagrun for example_branch_datetime_operator_2 to 2024-06-08 00:00:00+00:00, run_after=2024-06-09 00:00:00+00:00
[2024-06-09T11:54:29.793-0300] {logging_mixin.py:188} INFO - [2024-06-09T11:54:29.793-0300] {dag.py:3954} INFO - Setting next_dagrun for example_branch_datetime_operator_3 to 2024-06-08 00:00:00+00:00, run_after=2024-06-09 00:00:00+00:00
[2024-06-09T11:54:29.806-0300] {processor.py:183} INFO - Processing /home/pedro/.local/lib/python3.10/site-packages/airflow/example_dags/example_branch_datetime_operator.py took 0.066 seconds
[2024-06-09T11:55:29.290-0300] {processor.py:161} INFO - Started process (PID=8761) to work on /home/pedro/.local/lib/python3.10/site-packages/airflow/example_dags/example_branch_datetime_operator.py
[2024-06-09T11:55:29.294-0300] {processor.py:830} INFO - Processing file /home/pedro/.local/lib/python3.10/site-packages/airflow/example_dags/example_branch_datetime_operator.py for tasks to queue
[2024-06-09T11:55:29.295-0300] {logging_mixin.py:188} INFO - [2024-06-09T11:55:29.294-0300] {dagbag.py:545} INFO - Filling up the DagBag from /home/pedro/.local/lib/python3.10/site-packages/airflow/example_dags/example_branch_datetime_operator.py
[2024-06-09T11:55:29.307-0300] {processor.py:840} INFO - DAG(s) 'example_branch_datetime_operator_2', 'example_branch_datetime_operator', 'example_branch_datetime_operator_3' retrieved from /home/pedro/.local/lib/python3.10/site-packages/airflow/example_dags/example_branch_datetime_operator.py
[2024-06-09T11:55:29.318-0300] {logging_mixin.py:188} INFO - [2024-06-09T11:55:29.318-0300] {dag.py:3096} INFO - Sync 3 DAGs
[2024-06-09T11:55:29.331-0300] {logging_mixin.py:188} INFO - [2024-06-09T11:55:29.330-0300] {dag.py:3954} INFO - Setting next_dagrun for example_branch_datetime_operator to 2024-06-08 00:00:00+00:00, run_after=2024-06-09 00:00:00+00:00
[2024-06-09T11:55:29.333-0300] {logging_mixin.py:188} INFO - [2024-06-09T11:55:29.333-0300] {dag.py:3954} INFO - Setting next_dagrun for example_branch_datetime_operator_2 to 2024-06-08 00:00:00+00:00, run_after=2024-06-09 00:00:00+00:00
[2024-06-09T11:55:29.334-0300] {logging_mixin.py:188} INFO - [2024-06-09T11:55:29.334-0300] {dag.py:3954} INFO - Setting next_dagrun for example_branch_datetime_operator_3 to 2024-06-08 00:00:00+00:00, run_after=2024-06-09 00:00:00+00:00
[2024-06-09T11:55:29.347-0300] {processor.py:183} INFO - Processing /home/pedro/.local/lib/python3.10/site-packages/airflow/example_dags/example_branch_datetime_operator.py took 0.063 seconds
[2024-06-09T11:58:05.001-0300] {processor.py:161} INFO - Started process (PID=9813) to work on /home/pedro/.local/lib/python3.10/site-packages/airflow/example_dags/example_branch_datetime_operator.py
[2024-06-09T11:58:05.002-0300] {processor.py:830} INFO - Processing file /home/pedro/.local/lib/python3.10/site-packages/airflow/example_dags/example_branch_datetime_operator.py for tasks to queue
[2024-06-09T11:58:05.003-0300] {logging_mixin.py:188} INFO - [2024-06-09T11:58:05.002-0300] {dagbag.py:545} INFO - Filling up the DagBag from /home/pedro/.local/lib/python3.10/site-packages/airflow/example_dags/example_branch_datetime_operator.py
[2024-06-09T11:58:05.011-0300] {processor.py:840} INFO - DAG(s) 'example_branch_datetime_operator_2', 'example_branch_datetime_operator_3', 'example_branch_datetime_operator' retrieved from /home/pedro/.local/lib/python3.10/site-packages/airflow/example_dags/example_branch_datetime_operator.py
[2024-06-09T11:58:05.023-0300] {logging_mixin.py:188} INFO - [2024-06-09T11:58:05.022-0300] {dag.py:3096} INFO - Sync 3 DAGs
[2024-06-09T11:58:05.033-0300] {logging_mixin.py:188} INFO - [2024-06-09T11:58:05.033-0300] {dag.py:3954} INFO - Setting next_dagrun for example_branch_datetime_operator to 2024-06-08 00:00:00+00:00, run_after=2024-06-09 00:00:00+00:00
[2024-06-09T11:58:05.035-0300] {logging_mixin.py:188} INFO - [2024-06-09T11:58:05.035-0300] {dag.py:3954} INFO - Setting next_dagrun for example_branch_datetime_operator_2 to 2024-06-08 00:00:00+00:00, run_after=2024-06-09 00:00:00+00:00
[2024-06-09T11:58:05.036-0300] {logging_mixin.py:188} INFO - [2024-06-09T11:58:05.036-0300] {dag.py:3954} INFO - Setting next_dagrun for example_branch_datetime_operator_3 to 2024-06-08 00:00:00+00:00, run_after=2024-06-09 00:00:00+00:00
[2024-06-09T11:58:05.050-0300] {processor.py:183} INFO - Processing /home/pedro/.local/lib/python3.10/site-packages/airflow/example_dags/example_branch_datetime_operator.py took 0.052 seconds
[2024-06-09T11:59:33.058-0300] {processor.py:161} INFO - Started process (PID=10719) to work on /home/pedro/.local/lib/python3.10/site-packages/airflow/example_dags/example_branch_datetime_operator.py
[2024-06-09T11:59:33.059-0300] {processor.py:830} INFO - Processing file /home/pedro/.local/lib/python3.10/site-packages/airflow/example_dags/example_branch_datetime_operator.py for tasks to queue
[2024-06-09T11:59:33.060-0300] {logging_mixin.py:188} INFO - [2024-06-09T11:59:33.060-0300] {dagbag.py:545} INFO - Filling up the DagBag from /home/pedro/.local/lib/python3.10/site-packages/airflow/example_dags/example_branch_datetime_operator.py
[2024-06-09T11:59:33.069-0300] {processor.py:840} INFO - DAG(s) 'example_branch_datetime_operator_3', 'example_branch_datetime_operator_2', 'example_branch_datetime_operator' retrieved from /home/pedro/.local/lib/python3.10/site-packages/airflow/example_dags/example_branch_datetime_operator.py
[2024-06-09T11:59:33.081-0300] {logging_mixin.py:188} INFO - [2024-06-09T11:59:33.081-0300] {dag.py:3096} INFO - Sync 3 DAGs
[2024-06-09T11:59:33.091-0300] {logging_mixin.py:188} INFO - [2024-06-09T11:59:33.091-0300] {dag.py:3954} INFO - Setting next_dagrun for example_branch_datetime_operator to 2024-06-08 00:00:00+00:00, run_after=2024-06-09 00:00:00+00:00
[2024-06-09T11:59:33.094-0300] {logging_mixin.py:188} INFO - [2024-06-09T11:59:33.094-0300] {dag.py:3954} INFO - Setting next_dagrun for example_branch_datetime_operator_2 to 2024-06-08 00:00:00+00:00, run_after=2024-06-09 00:00:00+00:00
[2024-06-09T11:59:33.095-0300] {logging_mixin.py:188} INFO - [2024-06-09T11:59:33.095-0300] {dag.py:3954} INFO - Setting next_dagrun for example_branch_datetime_operator_3 to 2024-06-08 00:00:00+00:00, run_after=2024-06-09 00:00:00+00:00
[2024-06-09T11:59:33.106-0300] {processor.py:183} INFO - Processing /home/pedro/.local/lib/python3.10/site-packages/airflow/example_dags/example_branch_datetime_operator.py took 0.053 seconds
[2024-06-09T12:00:25.663-0300] {processor.py:161} INFO - Started process (PID=10831) to work on /home/pedro/.local/lib/python3.10/site-packages/airflow/example_dags/example_branch_datetime_operator.py
[2024-06-09T12:00:25.667-0300] {processor.py:830} INFO - Processing file /home/pedro/.local/lib/python3.10/site-packages/airflow/example_dags/example_branch_datetime_operator.py for tasks to queue
[2024-06-09T12:00:25.668-0300] {logging_mixin.py:188} INFO - [2024-06-09T12:00:25.668-0300] {dagbag.py:545} INFO - Filling up the DagBag from /home/pedro/.local/lib/python3.10/site-packages/airflow/example_dags/example_branch_datetime_operator.py
[2024-06-09T12:00:25.742-0300] {processor.py:840} INFO - DAG(s) 'example_branch_datetime_operator_2', 'example_branch_datetime_operator', 'example_branch_datetime_operator_3' retrieved from /home/pedro/.local/lib/python3.10/site-packages/airflow/example_dags/example_branch_datetime_operator.py
[2024-06-09T12:00:25.751-0300] {logging_mixin.py:188} INFO - [2024-06-09T12:00:25.751-0300] {dag.py:3096} INFO - Sync 3 DAGs
[2024-06-09T12:00:25.760-0300] {logging_mixin.py:188} INFO - [2024-06-09T12:00:25.760-0300] {dag.py:3954} INFO - Setting next_dagrun for example_branch_datetime_operator to 2024-06-08 00:00:00+00:00, run_after=2024-06-09 00:00:00+00:00
[2024-06-09T12:00:25.763-0300] {logging_mixin.py:188} INFO - [2024-06-09T12:00:25.762-0300] {dag.py:3954} INFO - Setting next_dagrun for example_branch_datetime_operator_2 to 2024-06-08 00:00:00+00:00, run_after=2024-06-09 00:00:00+00:00
[2024-06-09T12:00:25.764-0300] {logging_mixin.py:188} INFO - [2024-06-09T12:00:25.764-0300] {dag.py:3954} INFO - Setting next_dagrun for example_branch_datetime_operator_3 to 2024-06-08 00:00:00+00:00, run_after=2024-06-09 00:00:00+00:00
[2024-06-09T12:00:25.777-0300] {processor.py:183} INFO - Processing /home/pedro/.local/lib/python3.10/site-packages/airflow/example_dags/example_branch_datetime_operator.py took 0.123 seconds
[2024-06-09T12:01:16.007-0300] {processor.py:161} INFO - Started process (PID=11124) to work on /home/pedro/.local/lib/python3.10/site-packages/airflow/example_dags/example_branch_datetime_operator.py
[2024-06-09T12:01:16.011-0300] {processor.py:830} INFO - Processing file /home/pedro/.local/lib/python3.10/site-packages/airflow/example_dags/example_branch_datetime_operator.py for tasks to queue
[2024-06-09T12:01:16.012-0300] {logging_mixin.py:188} INFO - [2024-06-09T12:01:16.012-0300] {dagbag.py:545} INFO - Filling up the DagBag from /home/pedro/.local/lib/python3.10/site-packages/airflow/example_dags/example_branch_datetime_operator.py
[2024-06-09T12:01:16.022-0300] {processor.py:840} INFO - DAG(s) 'example_branch_datetime_operator_2', 'example_branch_datetime_operator_3', 'example_branch_datetime_operator' retrieved from /home/pedro/.local/lib/python3.10/site-packages/airflow/example_dags/example_branch_datetime_operator.py
[2024-06-09T12:01:16.035-0300] {logging_mixin.py:188} INFO - [2024-06-09T12:01:16.034-0300] {dag.py:3096} INFO - Sync 3 DAGs
[2024-06-09T12:01:16.046-0300] {logging_mixin.py:188} INFO - [2024-06-09T12:01:16.046-0300] {dag.py:3954} INFO - Setting next_dagrun for example_branch_datetime_operator to 2024-06-08 00:00:00+00:00, run_after=2024-06-09 00:00:00+00:00
[2024-06-09T12:01:16.049-0300] {logging_mixin.py:188} INFO - [2024-06-09T12:01:16.049-0300] {dag.py:3954} INFO - Setting next_dagrun for example_branch_datetime_operator_2 to 2024-06-08 00:00:00+00:00, run_after=2024-06-09 00:00:00+00:00
[2024-06-09T12:01:16.050-0300] {logging_mixin.py:188} INFO - [2024-06-09T12:01:16.050-0300] {dag.py:3954} INFO - Setting next_dagrun for example_branch_datetime_operator_3 to 2024-06-08 00:00:00+00:00, run_after=2024-06-09 00:00:00+00:00
[2024-06-09T12:01:16.066-0300] {processor.py:183} INFO - Processing /home/pedro/.local/lib/python3.10/site-packages/airflow/example_dags/example_branch_datetime_operator.py took 0.063 seconds
[2024-06-09T12:02:21.150-0300] {processor.py:161} INFO - Started process (PID=11254) to work on /home/pedro/.local/lib/python3.10/site-packages/airflow/example_dags/example_branch_datetime_operator.py
[2024-06-09T12:02:21.153-0300] {processor.py:830} INFO - Processing file /home/pedro/.local/lib/python3.10/site-packages/airflow/example_dags/example_branch_datetime_operator.py for tasks to queue
[2024-06-09T12:02:21.155-0300] {logging_mixin.py:188} INFO - [2024-06-09T12:02:21.155-0300] {dagbag.py:545} INFO - Filling up the DagBag from /home/pedro/.local/lib/python3.10/site-packages/airflow/example_dags/example_branch_datetime_operator.py
[2024-06-09T12:02:21.164-0300] {processor.py:840} INFO - DAG(s) 'example_branch_datetime_operator', 'example_branch_datetime_operator_3', 'example_branch_datetime_operator_2' retrieved from /home/pedro/.local/lib/python3.10/site-packages/airflow/example_dags/example_branch_datetime_operator.py
[2024-06-09T12:02:21.175-0300] {logging_mixin.py:188} INFO - [2024-06-09T12:02:21.175-0300] {dag.py:3096} INFO - Sync 3 DAGs
[2024-06-09T12:02:21.187-0300] {logging_mixin.py:188} INFO - [2024-06-09T12:02:21.187-0300] {dag.py:3954} INFO - Setting next_dagrun for example_branch_datetime_operator to 2024-06-08 00:00:00+00:00, run_after=2024-06-09 00:00:00+00:00
[2024-06-09T12:02:21.190-0300] {logging_mixin.py:188} INFO - [2024-06-09T12:02:21.189-0300] {dag.py:3954} INFO - Setting next_dagrun for example_branch_datetime_operator_2 to 2024-06-08 00:00:00+00:00, run_after=2024-06-09 00:00:00+00:00
[2024-06-09T12:02:21.191-0300] {logging_mixin.py:188} INFO - [2024-06-09T12:02:21.191-0300] {dag.py:3954} INFO - Setting next_dagrun for example_branch_datetime_operator_3 to 2024-06-08 00:00:00+00:00, run_after=2024-06-09 00:00:00+00:00
[2024-06-09T12:02:21.206-0300] {processor.py:183} INFO - Processing /home/pedro/.local/lib/python3.10/site-packages/airflow/example_dags/example_branch_datetime_operator.py took 0.065 seconds
[2024-06-09T12:03:26.481-0300] {processor.py:161} INFO - Started process (PID=11374) to work on /home/pedro/.local/lib/python3.10/site-packages/airflow/example_dags/example_branch_datetime_operator.py
[2024-06-09T12:03:26.485-0300] {processor.py:830} INFO - Processing file /home/pedro/.local/lib/python3.10/site-packages/airflow/example_dags/example_branch_datetime_operator.py for tasks to queue
[2024-06-09T12:03:26.487-0300] {logging_mixin.py:188} INFO - [2024-06-09T12:03:26.486-0300] {dagbag.py:545} INFO - Filling up the DagBag from /home/pedro/.local/lib/python3.10/site-packages/airflow/example_dags/example_branch_datetime_operator.py
[2024-06-09T12:03:26.496-0300] {processor.py:840} INFO - DAG(s) 'example_branch_datetime_operator', 'example_branch_datetime_operator_3', 'example_branch_datetime_operator_2' retrieved from /home/pedro/.local/lib/python3.10/site-packages/airflow/example_dags/example_branch_datetime_operator.py
[2024-06-09T12:03:26.508-0300] {logging_mixin.py:188} INFO - [2024-06-09T12:03:26.508-0300] {dag.py:3096} INFO - Sync 3 DAGs
[2024-06-09T12:03:26.521-0300] {logging_mixin.py:188} INFO - [2024-06-09T12:03:26.521-0300] {dag.py:3954} INFO - Setting next_dagrun for example_branch_datetime_operator to 2024-06-08 00:00:00+00:00, run_after=2024-06-09 00:00:00+00:00
[2024-06-09T12:03:26.524-0300] {logging_mixin.py:188} INFO - [2024-06-09T12:03:26.523-0300] {dag.py:3954} INFO - Setting next_dagrun for example_branch_datetime_operator_2 to 2024-06-08 00:00:00+00:00, run_after=2024-06-09 00:00:00+00:00
[2024-06-09T12:03:26.525-0300] {logging_mixin.py:188} INFO - [2024-06-09T12:03:26.525-0300] {dag.py:3954} INFO - Setting next_dagrun for example_branch_datetime_operator_3 to 2024-06-08 00:00:00+00:00, run_after=2024-06-09 00:00:00+00:00
[2024-06-09T12:03:26.539-0300] {processor.py:183} INFO - Processing /home/pedro/.local/lib/python3.10/site-packages/airflow/example_dags/example_branch_datetime_operator.py took 0.067 seconds
[2024-06-09T12:04:23.065-0300] {processor.py:161} INFO - Started process (PID=11499) to work on /home/pedro/.local/lib/python3.10/site-packages/airflow/example_dags/example_branch_datetime_operator.py
[2024-06-09T12:04:23.069-0300] {processor.py:830} INFO - Processing file /home/pedro/.local/lib/python3.10/site-packages/airflow/example_dags/example_branch_datetime_operator.py for tasks to queue
[2024-06-09T12:04:23.071-0300] {logging_mixin.py:188} INFO - [2024-06-09T12:04:23.071-0300] {dagbag.py:545} INFO - Filling up the DagBag from /home/pedro/.local/lib/python3.10/site-packages/airflow/example_dags/example_branch_datetime_operator.py
[2024-06-09T12:04:23.080-0300] {processor.py:840} INFO - DAG(s) 'example_branch_datetime_operator', 'example_branch_datetime_operator_3', 'example_branch_datetime_operator_2' retrieved from /home/pedro/.local/lib/python3.10/site-packages/airflow/example_dags/example_branch_datetime_operator.py
[2024-06-09T12:04:23.092-0300] {logging_mixin.py:188} INFO - [2024-06-09T12:04:23.092-0300] {dag.py:3096} INFO - Sync 3 DAGs
[2024-06-09T12:04:23.105-0300] {logging_mixin.py:188} INFO - [2024-06-09T12:04:23.105-0300] {dag.py:3954} INFO - Setting next_dagrun for example_branch_datetime_operator to 2024-06-08 00:00:00+00:00, run_after=2024-06-09 00:00:00+00:00
[2024-06-09T12:04:23.108-0300] {logging_mixin.py:188} INFO - [2024-06-09T12:04:23.108-0300] {dag.py:3954} INFO - Setting next_dagrun for example_branch_datetime_operator_2 to 2024-06-08 00:00:00+00:00, run_after=2024-06-09 00:00:00+00:00
[2024-06-09T12:04:23.109-0300] {logging_mixin.py:188} INFO - [2024-06-09T12:04:23.109-0300] {dag.py:3954} INFO - Setting next_dagrun for example_branch_datetime_operator_3 to 2024-06-08 00:00:00+00:00, run_after=2024-06-09 00:00:00+00:00
[2024-06-09T12:04:23.123-0300] {processor.py:183} INFO - Processing /home/pedro/.local/lib/python3.10/site-packages/airflow/example_dags/example_branch_datetime_operator.py took 0.067 seconds
[2024-06-09T12:05:26.174-0300] {processor.py:161} INFO - Started process (PID=11616) to work on /home/pedro/.local/lib/python3.10/site-packages/airflow/example_dags/example_branch_datetime_operator.py
[2024-06-09T12:05:26.175-0300] {processor.py:830} INFO - Processing file /home/pedro/.local/lib/python3.10/site-packages/airflow/example_dags/example_branch_datetime_operator.py for tasks to queue
[2024-06-09T12:05:26.177-0300] {logging_mixin.py:188} INFO - [2024-06-09T12:05:26.176-0300] {dagbag.py:545} INFO - Filling up the DagBag from /home/pedro/.local/lib/python3.10/site-packages/airflow/example_dags/example_branch_datetime_operator.py
[2024-06-09T12:05:26.185-0300] {processor.py:840} INFO - DAG(s) 'example_branch_datetime_operator_2', 'example_branch_datetime_operator_3', 'example_branch_datetime_operator' retrieved from /home/pedro/.local/lib/python3.10/site-packages/airflow/example_dags/example_branch_datetime_operator.py
[2024-06-09T12:05:26.197-0300] {logging_mixin.py:188} INFO - [2024-06-09T12:05:26.197-0300] {dag.py:3096} INFO - Sync 3 DAGs
[2024-06-09T12:05:26.209-0300] {logging_mixin.py:188} INFO - [2024-06-09T12:05:26.209-0300] {dag.py:3954} INFO - Setting next_dagrun for example_branch_datetime_operator to 2024-06-08 00:00:00+00:00, run_after=2024-06-09 00:00:00+00:00
[2024-06-09T12:05:26.212-0300] {logging_mixin.py:188} INFO - [2024-06-09T12:05:26.212-0300] {dag.py:3954} INFO - Setting next_dagrun for example_branch_datetime_operator_2 to 2024-06-08 00:00:00+00:00, run_after=2024-06-09 00:00:00+00:00
[2024-06-09T12:05:26.213-0300] {logging_mixin.py:188} INFO - [2024-06-09T12:05:26.213-0300] {dag.py:3954} INFO - Setting next_dagrun for example_branch_datetime_operator_3 to 2024-06-08 00:00:00+00:00, run_after=2024-06-09 00:00:00+00:00
[2024-06-09T12:05:26.226-0300] {processor.py:183} INFO - Processing /home/pedro/.local/lib/python3.10/site-packages/airflow/example_dags/example_branch_datetime_operator.py took 0.062 seconds
[2024-06-09T12:06:56.259-0300] {processor.py:161} INFO - Started process (PID=12474) to work on /home/pedro/.local/lib/python3.10/site-packages/airflow/example_dags/example_branch_datetime_operator.py
[2024-06-09T12:06:56.263-0300] {processor.py:830} INFO - Processing file /home/pedro/.local/lib/python3.10/site-packages/airflow/example_dags/example_branch_datetime_operator.py for tasks to queue
[2024-06-09T12:06:56.265-0300] {logging_mixin.py:188} INFO - [2024-06-09T12:06:56.264-0300] {dagbag.py:545} INFO - Filling up the DagBag from /home/pedro/.local/lib/python3.10/site-packages/airflow/example_dags/example_branch_datetime_operator.py
[2024-06-09T12:06:56.272-0300] {processor.py:840} INFO - DAG(s) 'example_branch_datetime_operator_2', 'example_branch_datetime_operator', 'example_branch_datetime_operator_3' retrieved from /home/pedro/.local/lib/python3.10/site-packages/airflow/example_dags/example_branch_datetime_operator.py
[2024-06-09T12:06:56.286-0300] {logging_mixin.py:188} INFO - [2024-06-09T12:06:56.286-0300] {dag.py:3096} INFO - Sync 3 DAGs
[2024-06-09T12:06:56.298-0300] {logging_mixin.py:188} INFO - [2024-06-09T12:06:56.298-0300] {dag.py:3954} INFO - Setting next_dagrun for example_branch_datetime_operator to 2024-06-08 00:00:00+00:00, run_after=2024-06-09 00:00:00+00:00
[2024-06-09T12:06:56.300-0300] {logging_mixin.py:188} INFO - [2024-06-09T12:06:56.300-0300] {dag.py:3954} INFO - Setting next_dagrun for example_branch_datetime_operator_2 to 2024-06-08 00:00:00+00:00, run_after=2024-06-09 00:00:00+00:00
[2024-06-09T12:06:56.302-0300] {logging_mixin.py:188} INFO - [2024-06-09T12:06:56.301-0300] {dag.py:3954} INFO - Setting next_dagrun for example_branch_datetime_operator_3 to 2024-06-08 00:00:00+00:00, run_after=2024-06-09 00:00:00+00:00
[2024-06-09T12:06:56.317-0300] {processor.py:183} INFO - Processing /home/pedro/.local/lib/python3.10/site-packages/airflow/example_dags/example_branch_datetime_operator.py took 0.066 seconds
[2024-06-09T12:07:53.221-0300] {processor.py:161} INFO - Started process (PID=12576) to work on /home/pedro/.local/lib/python3.10/site-packages/airflow/example_dags/example_branch_datetime_operator.py
[2024-06-09T12:07:53.225-0300] {processor.py:830} INFO - Processing file /home/pedro/.local/lib/python3.10/site-packages/airflow/example_dags/example_branch_datetime_operator.py for tasks to queue
[2024-06-09T12:07:53.228-0300] {logging_mixin.py:188} INFO - [2024-06-09T12:07:53.227-0300] {dagbag.py:545} INFO - Filling up the DagBag from /home/pedro/.local/lib/python3.10/site-packages/airflow/example_dags/example_branch_datetime_operator.py
[2024-06-09T12:07:53.298-0300] {processor.py:840} INFO - DAG(s) 'example_branch_datetime_operator', 'example_branch_datetime_operator_2', 'example_branch_datetime_operator_3' retrieved from /home/pedro/.local/lib/python3.10/site-packages/airflow/example_dags/example_branch_datetime_operator.py
[2024-06-09T12:07:53.308-0300] {logging_mixin.py:188} INFO - [2024-06-09T12:07:53.308-0300] {dag.py:3096} INFO - Sync 3 DAGs
[2024-06-09T12:07:53.317-0300] {logging_mixin.py:188} INFO - [2024-06-09T12:07:53.317-0300] {dag.py:3954} INFO - Setting next_dagrun for example_branch_datetime_operator to 2024-06-08 00:00:00+00:00, run_after=2024-06-09 00:00:00+00:00
[2024-06-09T12:07:53.319-0300] {logging_mixin.py:188} INFO - [2024-06-09T12:07:53.319-0300] {dag.py:3954} INFO - Setting next_dagrun for example_branch_datetime_operator_2 to 2024-06-08 00:00:00+00:00, run_after=2024-06-09 00:00:00+00:00
[2024-06-09T12:07:53.321-0300] {logging_mixin.py:188} INFO - [2024-06-09T12:07:53.321-0300] {dag.py:3954} INFO - Setting next_dagrun for example_branch_datetime_operator_3 to 2024-06-08 00:00:00+00:00, run_after=2024-06-09 00:00:00+00:00
[2024-06-09T12:07:53.337-0300] {processor.py:183} INFO - Processing /home/pedro/.local/lib/python3.10/site-packages/airflow/example_dags/example_branch_datetime_operator.py took 0.124 seconds
[2024-06-09T12:08:43.533-0300] {processor.py:161} INFO - Started process (PID=12665) to work on /home/pedro/.local/lib/python3.10/site-packages/airflow/example_dags/example_branch_datetime_operator.py
[2024-06-09T12:08:43.538-0300] {processor.py:830} INFO - Processing file /home/pedro/.local/lib/python3.10/site-packages/airflow/example_dags/example_branch_datetime_operator.py for tasks to queue
[2024-06-09T12:08:43.539-0300] {logging_mixin.py:188} INFO - [2024-06-09T12:08:43.539-0300] {dagbag.py:545} INFO - Filling up the DagBag from /home/pedro/.local/lib/python3.10/site-packages/airflow/example_dags/example_branch_datetime_operator.py
[2024-06-09T12:08:43.549-0300] {processor.py:840} INFO - DAG(s) 'example_branch_datetime_operator_2', 'example_branch_datetime_operator_3', 'example_branch_datetime_operator' retrieved from /home/pedro/.local/lib/python3.10/site-packages/airflow/example_dags/example_branch_datetime_operator.py
[2024-06-09T12:08:43.562-0300] {logging_mixin.py:188} INFO - [2024-06-09T12:08:43.562-0300] {dag.py:3096} INFO - Sync 3 DAGs
[2024-06-09T12:08:43.573-0300] {logging_mixin.py:188} INFO - [2024-06-09T12:08:43.573-0300] {dag.py:3954} INFO - Setting next_dagrun for example_branch_datetime_operator to 2024-06-08 00:00:00+00:00, run_after=2024-06-09 00:00:00+00:00
[2024-06-09T12:08:43.576-0300] {logging_mixin.py:188} INFO - [2024-06-09T12:08:43.575-0300] {dag.py:3954} INFO - Setting next_dagrun for example_branch_datetime_operator_2 to 2024-06-08 00:00:00+00:00, run_after=2024-06-09 00:00:00+00:00
[2024-06-09T12:08:43.577-0300] {logging_mixin.py:188} INFO - [2024-06-09T12:08:43.577-0300] {dag.py:3954} INFO - Setting next_dagrun for example_branch_datetime_operator_3 to 2024-06-08 00:00:00+00:00, run_after=2024-06-09 00:00:00+00:00
[2024-06-09T12:08:43.590-0300] {processor.py:183} INFO - Processing /home/pedro/.local/lib/python3.10/site-packages/airflow/example_dags/example_branch_datetime_operator.py took 0.061 seconds
[2024-06-09T12:09:32.265-0300] {processor.py:161} INFO - Started process (PID=12760) to work on /home/pedro/.local/lib/python3.10/site-packages/airflow/example_dags/example_branch_datetime_operator.py
[2024-06-09T12:09:32.268-0300] {processor.py:830} INFO - Processing file /home/pedro/.local/lib/python3.10/site-packages/airflow/example_dags/example_branch_datetime_operator.py for tasks to queue
[2024-06-09T12:09:32.270-0300] {logging_mixin.py:188} INFO - [2024-06-09T12:09:32.269-0300] {dagbag.py:545} INFO - Filling up the DagBag from /home/pedro/.local/lib/python3.10/site-packages/airflow/example_dags/example_branch_datetime_operator.py
[2024-06-09T12:09:32.279-0300] {processor.py:840} INFO - DAG(s) 'example_branch_datetime_operator_2', 'example_branch_datetime_operator_3', 'example_branch_datetime_operator' retrieved from /home/pedro/.local/lib/python3.10/site-packages/airflow/example_dags/example_branch_datetime_operator.py
[2024-06-09T12:09:32.291-0300] {logging_mixin.py:188} INFO - [2024-06-09T12:09:32.291-0300] {dag.py:3096} INFO - Sync 3 DAGs
[2024-06-09T12:09:32.304-0300] {logging_mixin.py:188} INFO - [2024-06-09T12:09:32.304-0300] {dag.py:3954} INFO - Setting next_dagrun for example_branch_datetime_operator to 2024-06-08 00:00:00+00:00, run_after=2024-06-09 00:00:00+00:00
[2024-06-09T12:09:32.306-0300] {logging_mixin.py:188} INFO - [2024-06-09T12:09:32.306-0300] {dag.py:3954} INFO - Setting next_dagrun for example_branch_datetime_operator_2 to 2024-06-08 00:00:00+00:00, run_after=2024-06-09 00:00:00+00:00
[2024-06-09T12:09:32.307-0300] {logging_mixin.py:188} INFO - [2024-06-09T12:09:32.307-0300] {dag.py:3954} INFO - Setting next_dagrun for example_branch_datetime_operator_3 to 2024-06-08 00:00:00+00:00, run_after=2024-06-09 00:00:00+00:00
[2024-06-09T12:09:32.323-0300] {processor.py:183} INFO - Processing /home/pedro/.local/lib/python3.10/site-packages/airflow/example_dags/example_branch_datetime_operator.py took 0.063 seconds
[2024-06-09T12:10:35.295-0300] {processor.py:161} INFO - Started process (PID=12881) to work on /home/pedro/.local/lib/python3.10/site-packages/airflow/example_dags/example_branch_datetime_operator.py
[2024-06-09T12:10:35.299-0300] {processor.py:830} INFO - Processing file /home/pedro/.local/lib/python3.10/site-packages/airflow/example_dags/example_branch_datetime_operator.py for tasks to queue
[2024-06-09T12:10:35.301-0300] {logging_mixin.py:188} INFO - [2024-06-09T12:10:35.300-0300] {dagbag.py:545} INFO - Filling up the DagBag from /home/pedro/.local/lib/python3.10/site-packages/airflow/example_dags/example_branch_datetime_operator.py
[2024-06-09T12:10:35.309-0300] {processor.py:840} INFO - DAG(s) 'example_branch_datetime_operator_3', 'example_branch_datetime_operator', 'example_branch_datetime_operator_2' retrieved from /home/pedro/.local/lib/python3.10/site-packages/airflow/example_dags/example_branch_datetime_operator.py
[2024-06-09T12:10:35.321-0300] {logging_mixin.py:188} INFO - [2024-06-09T12:10:35.321-0300] {dag.py:3096} INFO - Sync 3 DAGs
[2024-06-09T12:10:35.333-0300] {logging_mixin.py:188} INFO - [2024-06-09T12:10:35.332-0300] {dag.py:3954} INFO - Setting next_dagrun for example_branch_datetime_operator to 2024-06-08 00:00:00+00:00, run_after=2024-06-09 00:00:00+00:00
[2024-06-09T12:10:35.335-0300] {logging_mixin.py:188} INFO - [2024-06-09T12:10:35.335-0300] {dag.py:3954} INFO - Setting next_dagrun for example_branch_datetime_operator_2 to 2024-06-08 00:00:00+00:00, run_after=2024-06-09 00:00:00+00:00
[2024-06-09T12:10:35.337-0300] {logging_mixin.py:188} INFO - [2024-06-09T12:10:35.337-0300] {dag.py:3954} INFO - Setting next_dagrun for example_branch_datetime_operator_3 to 2024-06-08 00:00:00+00:00, run_after=2024-06-09 00:00:00+00:00
[2024-06-09T12:10:35.353-0300] {processor.py:183} INFO - Processing /home/pedro/.local/lib/python3.10/site-packages/airflow/example_dags/example_branch_datetime_operator.py took 0.067 seconds
[2024-06-09T12:12:11.096-0300] {processor.py:161} INFO - Started process (PID=13037) to work on /home/pedro/.local/lib/python3.10/site-packages/airflow/example_dags/example_branch_datetime_operator.py
[2024-06-09T12:12:11.100-0300] {processor.py:830} INFO - Processing file /home/pedro/.local/lib/python3.10/site-packages/airflow/example_dags/example_branch_datetime_operator.py for tasks to queue
[2024-06-09T12:12:11.102-0300] {logging_mixin.py:188} INFO - [2024-06-09T12:12:11.101-0300] {dagbag.py:545} INFO - Filling up the DagBag from /home/pedro/.local/lib/python3.10/site-packages/airflow/example_dags/example_branch_datetime_operator.py
[2024-06-09T12:12:11.111-0300] {processor.py:840} INFO - DAG(s) 'example_branch_datetime_operator', 'example_branch_datetime_operator_3', 'example_branch_datetime_operator_2' retrieved from /home/pedro/.local/lib/python3.10/site-packages/airflow/example_dags/example_branch_datetime_operator.py
[2024-06-09T12:12:11.123-0300] {logging_mixin.py:188} INFO - [2024-06-09T12:12:11.123-0300] {dag.py:3096} INFO - Sync 3 DAGs
[2024-06-09T12:12:11.134-0300] {logging_mixin.py:188} INFO - [2024-06-09T12:12:11.134-0300] {dag.py:3954} INFO - Setting next_dagrun for example_branch_datetime_operator to 2024-06-08 00:00:00+00:00, run_after=2024-06-09 00:00:00+00:00
[2024-06-09T12:12:11.137-0300] {logging_mixin.py:188} INFO - [2024-06-09T12:12:11.137-0300] {dag.py:3954} INFO - Setting next_dagrun for example_branch_datetime_operator_2 to 2024-06-08 00:00:00+00:00, run_after=2024-06-09 00:00:00+00:00
[2024-06-09T12:12:11.138-0300] {logging_mixin.py:188} INFO - [2024-06-09T12:12:11.138-0300] {dag.py:3954} INFO - Setting next_dagrun for example_branch_datetime_operator_3 to 2024-06-08 00:00:00+00:00, run_after=2024-06-09 00:00:00+00:00
[2024-06-09T12:12:11.154-0300] {processor.py:183} INFO - Processing /home/pedro/.local/lib/python3.10/site-packages/airflow/example_dags/example_branch_datetime_operator.py took 0.066 seconds
[2024-06-09T12:13:06.765-0300] {processor.py:161} INFO - Started process (PID=13122) to work on /home/pedro/.local/lib/python3.10/site-packages/airflow/example_dags/example_branch_datetime_operator.py
[2024-06-09T12:13:06.769-0300] {processor.py:830} INFO - Processing file /home/pedro/.local/lib/python3.10/site-packages/airflow/example_dags/example_branch_datetime_operator.py for tasks to queue
[2024-06-09T12:13:06.772-0300] {logging_mixin.py:188} INFO - [2024-06-09T12:13:06.771-0300] {dagbag.py:545} INFO - Filling up the DagBag from /home/pedro/.local/lib/python3.10/site-packages/airflow/example_dags/example_branch_datetime_operator.py
[2024-06-09T12:13:06.862-0300] {processor.py:840} INFO - DAG(s) 'example_branch_datetime_operator_3', 'example_branch_datetime_operator_2', 'example_branch_datetime_operator' retrieved from /home/pedro/.local/lib/python3.10/site-packages/airflow/example_dags/example_branch_datetime_operator.py
[2024-06-09T12:13:06.882-0300] {logging_mixin.py:188} INFO - [2024-06-09T12:13:06.882-0300] {dag.py:3096} INFO - Sync 3 DAGs
[2024-06-09T12:13:06.903-0300] {logging_mixin.py:188} INFO - [2024-06-09T12:13:06.903-0300] {dag.py:3954} INFO - Setting next_dagrun for example_branch_datetime_operator to 2024-06-08 00:00:00+00:00, run_after=2024-06-09 00:00:00+00:00
[2024-06-09T12:13:06.907-0300] {logging_mixin.py:188} INFO - [2024-06-09T12:13:06.907-0300] {dag.py:3954} INFO - Setting next_dagrun for example_branch_datetime_operator_2 to 2024-06-08 00:00:00+00:00, run_after=2024-06-09 00:00:00+00:00
[2024-06-09T12:13:06.909-0300] {logging_mixin.py:188} INFO - [2024-06-09T12:13:06.909-0300] {dag.py:3954} INFO - Setting next_dagrun for example_branch_datetime_operator_3 to 2024-06-08 00:00:00+00:00, run_after=2024-06-09 00:00:00+00:00
[2024-06-09T12:13:06.932-0300] {processor.py:183} INFO - Processing /home/pedro/.local/lib/python3.10/site-packages/airflow/example_dags/example_branch_datetime_operator.py took 0.175 seconds
[2024-06-09T12:13:57.055-0300] {processor.py:161} INFO - Started process (PID=13193) to work on /home/pedro/.local/lib/python3.10/site-packages/airflow/example_dags/example_branch_datetime_operator.py
[2024-06-09T12:13:57.058-0300] {processor.py:830} INFO - Processing file /home/pedro/.local/lib/python3.10/site-packages/airflow/example_dags/example_branch_datetime_operator.py for tasks to queue
[2024-06-09T12:13:57.060-0300] {logging_mixin.py:188} INFO - [2024-06-09T12:13:57.060-0300] {dagbag.py:545} INFO - Filling up the DagBag from /home/pedro/.local/lib/python3.10/site-packages/airflow/example_dags/example_branch_datetime_operator.py
[2024-06-09T12:13:57.071-0300] {processor.py:840} INFO - DAG(s) 'example_branch_datetime_operator', 'example_branch_datetime_operator_2', 'example_branch_datetime_operator_3' retrieved from /home/pedro/.local/lib/python3.10/site-packages/airflow/example_dags/example_branch_datetime_operator.py
[2024-06-09T12:13:57.084-0300] {logging_mixin.py:188} INFO - [2024-06-09T12:13:57.084-0300] {dag.py:3096} INFO - Sync 3 DAGs
[2024-06-09T12:13:57.095-0300] {logging_mixin.py:188} INFO - [2024-06-09T12:13:57.095-0300] {dag.py:3954} INFO - Setting next_dagrun for example_branch_datetime_operator to 2024-06-08 00:00:00+00:00, run_after=2024-06-09 00:00:00+00:00
[2024-06-09T12:13:57.099-0300] {logging_mixin.py:188} INFO - [2024-06-09T12:13:57.098-0300] {dag.py:3954} INFO - Setting next_dagrun for example_branch_datetime_operator_2 to 2024-06-08 00:00:00+00:00, run_after=2024-06-09 00:00:00+00:00
[2024-06-09T12:13:57.100-0300] {logging_mixin.py:188} INFO - [2024-06-09T12:13:57.100-0300] {dag.py:3954} INFO - Setting next_dagrun for example_branch_datetime_operator_3 to 2024-06-08 00:00:00+00:00, run_after=2024-06-09 00:00:00+00:00
[2024-06-09T12:13:57.114-0300] {processor.py:183} INFO - Processing /home/pedro/.local/lib/python3.10/site-packages/airflow/example_dags/example_branch_datetime_operator.py took 0.063 seconds
[2024-06-09T12:15:24.242-0300] {processor.py:161} INFO - Started process (PID=13358) to work on /home/pedro/.local/lib/python3.10/site-packages/airflow/example_dags/example_branch_datetime_operator.py
[2024-06-09T12:15:24.246-0300] {processor.py:830} INFO - Processing file /home/pedro/.local/lib/python3.10/site-packages/airflow/example_dags/example_branch_datetime_operator.py for tasks to queue
[2024-06-09T12:15:24.248-0300] {logging_mixin.py:188} INFO - [2024-06-09T12:15:24.248-0300] {dagbag.py:545} INFO - Filling up the DagBag from /home/pedro/.local/lib/python3.10/site-packages/airflow/example_dags/example_branch_datetime_operator.py
[2024-06-09T12:15:24.257-0300] {processor.py:840} INFO - DAG(s) 'example_branch_datetime_operator', 'example_branch_datetime_operator_2', 'example_branch_datetime_operator_3' retrieved from /home/pedro/.local/lib/python3.10/site-packages/airflow/example_dags/example_branch_datetime_operator.py
[2024-06-09T12:15:24.272-0300] {logging_mixin.py:188} INFO - [2024-06-09T12:15:24.272-0300] {dag.py:3096} INFO - Sync 3 DAGs
[2024-06-09T12:15:24.285-0300] {logging_mixin.py:188} INFO - [2024-06-09T12:15:24.285-0300] {dag.py:3954} INFO - Setting next_dagrun for example_branch_datetime_operator to 2024-06-08 00:00:00+00:00, run_after=2024-06-09 00:00:00+00:00
[2024-06-09T12:15:24.288-0300] {logging_mixin.py:188} INFO - [2024-06-09T12:15:24.288-0300] {dag.py:3954} INFO - Setting next_dagrun for example_branch_datetime_operator_2 to 2024-06-08 00:00:00+00:00, run_after=2024-06-09 00:00:00+00:00
[2024-06-09T12:15:24.289-0300] {logging_mixin.py:188} INFO - [2024-06-09T12:15:24.289-0300] {dag.py:3954} INFO - Setting next_dagrun for example_branch_datetime_operator_3 to 2024-06-08 00:00:00+00:00, run_after=2024-06-09 00:00:00+00:00
[2024-06-09T12:15:24.304-0300] {processor.py:183} INFO - Processing /home/pedro/.local/lib/python3.10/site-packages/airflow/example_dags/example_branch_datetime_operator.py took 0.070 seconds
[2024-06-09T12:20:12.675-0300] {processor.py:161} INFO - Started process (PID=13621) to work on /home/pedro/.local/lib/python3.10/site-packages/airflow/example_dags/example_branch_datetime_operator.py
[2024-06-09T12:20:12.679-0300] {processor.py:830} INFO - Processing file /home/pedro/.local/lib/python3.10/site-packages/airflow/example_dags/example_branch_datetime_operator.py for tasks to queue
[2024-06-09T12:20:12.680-0300] {logging_mixin.py:188} INFO - [2024-06-09T12:20:12.680-0300] {dagbag.py:545} INFO - Filling up the DagBag from /home/pedro/.local/lib/python3.10/site-packages/airflow/example_dags/example_branch_datetime_operator.py
[2024-06-09T12:20:12.690-0300] {processor.py:840} INFO - DAG(s) 'example_branch_datetime_operator_3', 'example_branch_datetime_operator_2', 'example_branch_datetime_operator' retrieved from /home/pedro/.local/lib/python3.10/site-packages/airflow/example_dags/example_branch_datetime_operator.py
[2024-06-09T12:20:12.706-0300] {logging_mixin.py:188} INFO - [2024-06-09T12:20:12.706-0300] {dag.py:3096} INFO - Sync 3 DAGs
[2024-06-09T12:20:12.719-0300] {logging_mixin.py:188} INFO - [2024-06-09T12:20:12.719-0300] {dag.py:3954} INFO - Setting next_dagrun for example_branch_datetime_operator to 2024-06-08 00:00:00+00:00, run_after=2024-06-09 00:00:00+00:00
[2024-06-09T12:20:12.723-0300] {logging_mixin.py:188} INFO - [2024-06-09T12:20:12.723-0300] {dag.py:3954} INFO - Setting next_dagrun for example_branch_datetime_operator_2 to 2024-06-08 00:00:00+00:00, run_after=2024-06-09 00:00:00+00:00
[2024-06-09T12:20:12.725-0300] {logging_mixin.py:188} INFO - [2024-06-09T12:20:12.724-0300] {dag.py:3954} INFO - Setting next_dagrun for example_branch_datetime_operator_3 to 2024-06-08 00:00:00+00:00, run_after=2024-06-09 00:00:00+00:00
[2024-06-09T12:20:12.741-0300] {processor.py:183} INFO - Processing /home/pedro/.local/lib/python3.10/site-packages/airflow/example_dags/example_branch_datetime_operator.py took 0.075 seconds
[2024-06-09T12:21:04.998-0300] {processor.py:161} INFO - Started process (PID=13751) to work on /home/pedro/.local/lib/python3.10/site-packages/airflow/example_dags/example_branch_datetime_operator.py
[2024-06-09T12:21:04.999-0300] {processor.py:830} INFO - Processing file /home/pedro/.local/lib/python3.10/site-packages/airflow/example_dags/example_branch_datetime_operator.py for tasks to queue
[2024-06-09T12:21:05.001-0300] {logging_mixin.py:188} INFO - [2024-06-09T12:21:05.001-0300] {dagbag.py:545} INFO - Filling up the DagBag from /home/pedro/.local/lib/python3.10/site-packages/airflow/example_dags/example_branch_datetime_operator.py
[2024-06-09T12:21:05.077-0300] {processor.py:840} INFO - DAG(s) 'example_branch_datetime_operator', 'example_branch_datetime_operator_2', 'example_branch_datetime_operator_3' retrieved from /home/pedro/.local/lib/python3.10/site-packages/airflow/example_dags/example_branch_datetime_operator.py
[2024-06-09T12:21:05.089-0300] {logging_mixin.py:188} INFO - [2024-06-09T12:21:05.089-0300] {dag.py:3096} INFO - Sync 3 DAGs
[2024-06-09T12:21:05.101-0300] {logging_mixin.py:188} INFO - [2024-06-09T12:21:05.101-0300] {dag.py:3954} INFO - Setting next_dagrun for example_branch_datetime_operator to 2024-06-08 00:00:00+00:00, run_after=2024-06-09 00:00:00+00:00
[2024-06-09T12:21:05.104-0300] {logging_mixin.py:188} INFO - [2024-06-09T12:21:05.104-0300] {dag.py:3954} INFO - Setting next_dagrun for example_branch_datetime_operator_2 to 2024-06-08 00:00:00+00:00, run_after=2024-06-09 00:00:00+00:00
[2024-06-09T12:21:05.105-0300] {logging_mixin.py:188} INFO - [2024-06-09T12:21:05.105-0300] {dag.py:3954} INFO - Setting next_dagrun for example_branch_datetime_operator_3 to 2024-06-08 00:00:00+00:00, run_after=2024-06-09 00:00:00+00:00
[2024-06-09T12:21:05.120-0300] {processor.py:183} INFO - Processing /home/pedro/.local/lib/python3.10/site-packages/airflow/example_dags/example_branch_datetime_operator.py took 0.130 seconds
[2024-06-09T12:21:53.669-0300] {processor.py:161} INFO - Started process (PID=13839) to work on /home/pedro/.local/lib/python3.10/site-packages/airflow/example_dags/example_branch_datetime_operator.py
[2024-06-09T12:21:53.672-0300] {processor.py:830} INFO - Processing file /home/pedro/.local/lib/python3.10/site-packages/airflow/example_dags/example_branch_datetime_operator.py for tasks to queue
[2024-06-09T12:21:53.674-0300] {logging_mixin.py:188} INFO - [2024-06-09T12:21:53.674-0300] {dagbag.py:545} INFO - Filling up the DagBag from /home/pedro/.local/lib/python3.10/site-packages/airflow/example_dags/example_branch_datetime_operator.py
[2024-06-09T12:21:53.685-0300] {processor.py:840} INFO - DAG(s) 'example_branch_datetime_operator_3', 'example_branch_datetime_operator_2', 'example_branch_datetime_operator' retrieved from /home/pedro/.local/lib/python3.10/site-packages/airflow/example_dags/example_branch_datetime_operator.py
[2024-06-09T12:21:53.696-0300] {logging_mixin.py:188} INFO - [2024-06-09T12:21:53.696-0300] {dag.py:3096} INFO - Sync 3 DAGs
[2024-06-09T12:21:53.706-0300] {logging_mixin.py:188} INFO - [2024-06-09T12:21:53.706-0300] {dag.py:3954} INFO - Setting next_dagrun for example_branch_datetime_operator to 2024-06-08 00:00:00+00:00, run_after=2024-06-09 00:00:00+00:00
[2024-06-09T12:21:53.709-0300] {logging_mixin.py:188} INFO - [2024-06-09T12:21:53.708-0300] {dag.py:3954} INFO - Setting next_dagrun for example_branch_datetime_operator_2 to 2024-06-08 00:00:00+00:00, run_after=2024-06-09 00:00:00+00:00
[2024-06-09T12:21:53.710-0300] {logging_mixin.py:188} INFO - [2024-06-09T12:21:53.710-0300] {dag.py:3954} INFO - Setting next_dagrun for example_branch_datetime_operator_3 to 2024-06-08 00:00:00+00:00, run_after=2024-06-09 00:00:00+00:00
[2024-06-09T12:21:53.724-0300] {processor.py:183} INFO - Processing /home/pedro/.local/lib/python3.10/site-packages/airflow/example_dags/example_branch_datetime_operator.py took 0.060 seconds
[2024-06-09T12:22:54.465-0300] {processor.py:161} INFO - Started process (PID=13970) to work on /home/pedro/.local/lib/python3.10/site-packages/airflow/example_dags/example_branch_datetime_operator.py
[2024-06-09T12:22:54.468-0300] {processor.py:830} INFO - Processing file /home/pedro/.local/lib/python3.10/site-packages/airflow/example_dags/example_branch_datetime_operator.py for tasks to queue
[2024-06-09T12:22:54.470-0300] {logging_mixin.py:188} INFO - [2024-06-09T12:22:54.469-0300] {dagbag.py:545} INFO - Filling up the DagBag from /home/pedro/.local/lib/python3.10/site-packages/airflow/example_dags/example_branch_datetime_operator.py
[2024-06-09T12:22:54.480-0300] {processor.py:840} INFO - DAG(s) 'example_branch_datetime_operator_2', 'example_branch_datetime_operator', 'example_branch_datetime_operator_3' retrieved from /home/pedro/.local/lib/python3.10/site-packages/airflow/example_dags/example_branch_datetime_operator.py
[2024-06-09T12:22:54.493-0300] {logging_mixin.py:188} INFO - [2024-06-09T12:22:54.492-0300] {dag.py:3096} INFO - Sync 3 DAGs
[2024-06-09T12:22:54.503-0300] {logging_mixin.py:188} INFO - [2024-06-09T12:22:54.503-0300] {dag.py:3954} INFO - Setting next_dagrun for example_branch_datetime_operator to 2024-06-08 00:00:00+00:00, run_after=2024-06-09 00:00:00+00:00
[2024-06-09T12:22:54.506-0300] {logging_mixin.py:188} INFO - [2024-06-09T12:22:54.506-0300] {dag.py:3954} INFO - Setting next_dagrun for example_branch_datetime_operator_2 to 2024-06-08 00:00:00+00:00, run_after=2024-06-09 00:00:00+00:00
[2024-06-09T12:22:54.507-0300] {logging_mixin.py:188} INFO - [2024-06-09T12:22:54.507-0300] {dag.py:3954} INFO - Setting next_dagrun for example_branch_datetime_operator_3 to 2024-06-08 00:00:00+00:00, run_after=2024-06-09 00:00:00+00:00
[2024-06-09T12:22:54.521-0300] {processor.py:183} INFO - Processing /home/pedro/.local/lib/python3.10/site-packages/airflow/example_dags/example_branch_datetime_operator.py took 0.061 seconds
[2024-06-09T16:26:30.017-0300] {processor.py:161} INFO - Started process (PID=4847) to work on /home/pedro/.local/lib/python3.10/site-packages/airflow/example_dags/example_branch_datetime_operator.py
[2024-06-09T16:26:30.019-0300] {processor.py:830} INFO - Processing file /home/pedro/.local/lib/python3.10/site-packages/airflow/example_dags/example_branch_datetime_operator.py for tasks to queue
[2024-06-09T16:26:30.021-0300] {logging_mixin.py:188} INFO - [2024-06-09T16:26:30.021-0300] {dagbag.py:545} INFO - Filling up the DagBag from /home/pedro/.local/lib/python3.10/site-packages/airflow/example_dags/example_branch_datetime_operator.py
[2024-06-09T16:26:30.028-0300] {processor.py:840} INFO - DAG(s) 'example_branch_datetime_operator', 'example_branch_datetime_operator_3', 'example_branch_datetime_operator_2' retrieved from /home/pedro/.local/lib/python3.10/site-packages/airflow/example_dags/example_branch_datetime_operator.py
[2024-06-09T16:26:30.044-0300] {logging_mixin.py:188} INFO - [2024-06-09T16:26:30.044-0300] {dag.py:3096} INFO - Sync 3 DAGs
[2024-06-09T16:26:30.056-0300] {logging_mixin.py:188} INFO - [2024-06-09T16:26:30.056-0300] {dag.py:3954} INFO - Setting next_dagrun for example_branch_datetime_operator to 2024-06-08 00:00:00+00:00, run_after=2024-06-09 00:00:00+00:00
[2024-06-09T16:26:30.058-0300] {logging_mixin.py:188} INFO - [2024-06-09T16:26:30.058-0300] {dag.py:3954} INFO - Setting next_dagrun for example_branch_datetime_operator_2 to 2024-06-08 00:00:00+00:00, run_after=2024-06-09 00:00:00+00:00
[2024-06-09T16:26:30.060-0300] {logging_mixin.py:188} INFO - [2024-06-09T16:26:30.059-0300] {dag.py:3954} INFO - Setting next_dagrun for example_branch_datetime_operator_3 to 2024-06-08 00:00:00+00:00, run_after=2024-06-09 00:00:00+00:00
[2024-06-09T16:26:30.073-0300] {processor.py:183} INFO - Processing /home/pedro/.local/lib/python3.10/site-packages/airflow/example_dags/example_branch_datetime_operator.py took 0.066 seconds
[2024-06-09T16:29:12.031-0300] {processor.py:161} INFO - Started process (PID=5803) to work on /home/pedro/.local/lib/python3.10/site-packages/airflow/example_dags/example_branch_datetime_operator.py
[2024-06-09T16:29:12.033-0300] {processor.py:830} INFO - Processing file /home/pedro/.local/lib/python3.10/site-packages/airflow/example_dags/example_branch_datetime_operator.py for tasks to queue
[2024-06-09T16:29:12.034-0300] {logging_mixin.py:188} INFO - [2024-06-09T16:29:12.034-0300] {dagbag.py:545} INFO - Filling up the DagBag from /home/pedro/.local/lib/python3.10/site-packages/airflow/example_dags/example_branch_datetime_operator.py
[2024-06-09T16:29:12.043-0300] {processor.py:840} INFO - DAG(s) 'example_branch_datetime_operator_2', 'example_branch_datetime_operator_3', 'example_branch_datetime_operator' retrieved from /home/pedro/.local/lib/python3.10/site-packages/airflow/example_dags/example_branch_datetime_operator.py
[2024-06-09T16:29:12.112-0300] {logging_mixin.py:188} INFO - [2024-06-09T16:29:12.111-0300] {dag.py:3096} INFO - Sync 3 DAGs
[2024-06-09T16:29:12.122-0300] {logging_mixin.py:188} INFO - [2024-06-09T16:29:12.121-0300] {dag.py:3954} INFO - Setting next_dagrun for example_branch_datetime_operator to 2024-06-08 00:00:00+00:00, run_after=2024-06-09 00:00:00+00:00
[2024-06-09T16:29:12.124-0300] {logging_mixin.py:188} INFO - [2024-06-09T16:29:12.124-0300] {dag.py:3954} INFO - Setting next_dagrun for example_branch_datetime_operator_2 to 2024-06-08 00:00:00+00:00, run_after=2024-06-09 00:00:00+00:00
[2024-06-09T16:29:12.125-0300] {logging_mixin.py:188} INFO - [2024-06-09T16:29:12.125-0300] {dag.py:3954} INFO - Setting next_dagrun for example_branch_datetime_operator_3 to 2024-06-08 00:00:00+00:00, run_after=2024-06-09 00:00:00+00:00
[2024-06-09T16:29:12.167-0300] {processor.py:183} INFO - Processing /home/pedro/.local/lib/python3.10/site-packages/airflow/example_dags/example_branch_datetime_operator.py took 0.144 seconds
[2024-06-09T16:31:28.465-0300] {processor.py:161} INFO - Started process (PID=7713) to work on /home/pedro/.local/lib/python3.10/site-packages/airflow/example_dags/example_branch_datetime_operator.py
[2024-06-09T16:31:28.468-0300] {processor.py:830} INFO - Processing file /home/pedro/.local/lib/python3.10/site-packages/airflow/example_dags/example_branch_datetime_operator.py for tasks to queue
[2024-06-09T16:31:28.470-0300] {logging_mixin.py:188} INFO - [2024-06-09T16:31:28.469-0300] {dagbag.py:545} INFO - Filling up the DagBag from /home/pedro/.local/lib/python3.10/site-packages/airflow/example_dags/example_branch_datetime_operator.py
[2024-06-09T16:31:28.478-0300] {processor.py:840} INFO - DAG(s) 'example_branch_datetime_operator_3', 'example_branch_datetime_operator', 'example_branch_datetime_operator_2' retrieved from /home/pedro/.local/lib/python3.10/site-packages/airflow/example_dags/example_branch_datetime_operator.py
[2024-06-09T16:31:28.490-0300] {logging_mixin.py:188} INFO - [2024-06-09T16:31:28.489-0300] {dag.py:3096} INFO - Sync 3 DAGs
[2024-06-09T16:31:28.500-0300] {logging_mixin.py:188} INFO - [2024-06-09T16:31:28.500-0300] {dag.py:3954} INFO - Setting next_dagrun for example_branch_datetime_operator to 2024-06-08 00:00:00+00:00, run_after=2024-06-09 00:00:00+00:00
[2024-06-09T16:31:28.503-0300] {logging_mixin.py:188} INFO - [2024-06-09T16:31:28.503-0300] {dag.py:3954} INFO - Setting next_dagrun for example_branch_datetime_operator_2 to 2024-06-08 00:00:00+00:00, run_after=2024-06-09 00:00:00+00:00
[2024-06-09T16:31:28.504-0300] {logging_mixin.py:188} INFO - [2024-06-09T16:31:28.504-0300] {dag.py:3954} INFO - Setting next_dagrun for example_branch_datetime_operator_3 to 2024-06-08 00:00:00+00:00, run_after=2024-06-09 00:00:00+00:00
[2024-06-09T16:31:28.518-0300] {processor.py:183} INFO - Processing /home/pedro/.local/lib/python3.10/site-packages/airflow/example_dags/example_branch_datetime_operator.py took 0.056 seconds
[2024-06-09T16:33:33.303-0300] {processor.py:161} INFO - Started process (PID=8397) to work on /home/pedro/.local/lib/python3.10/site-packages/airflow/example_dags/example_branch_datetime_operator.py
[2024-06-09T16:33:33.306-0300] {processor.py:830} INFO - Processing file /home/pedro/.local/lib/python3.10/site-packages/airflow/example_dags/example_branch_datetime_operator.py for tasks to queue
[2024-06-09T16:33:33.307-0300] {logging_mixin.py:188} INFO - [2024-06-09T16:33:33.307-0300] {dagbag.py:545} INFO - Filling up the DagBag from /home/pedro/.local/lib/python3.10/site-packages/airflow/example_dags/example_branch_datetime_operator.py
[2024-06-09T16:33:33.317-0300] {processor.py:840} INFO - DAG(s) 'example_branch_datetime_operator_3', 'example_branch_datetime_operator_2', 'example_branch_datetime_operator' retrieved from /home/pedro/.local/lib/python3.10/site-packages/airflow/example_dags/example_branch_datetime_operator.py
[2024-06-09T16:33:33.332-0300] {logging_mixin.py:188} INFO - [2024-06-09T16:33:33.332-0300] {dag.py:3096} INFO - Sync 3 DAGs
[2024-06-09T16:33:33.344-0300] {logging_mixin.py:188} INFO - [2024-06-09T16:33:33.344-0300] {dag.py:3954} INFO - Setting next_dagrun for example_branch_datetime_operator to 2024-06-08 00:00:00+00:00, run_after=2024-06-09 00:00:00+00:00
[2024-06-09T16:33:33.346-0300] {logging_mixin.py:188} INFO - [2024-06-09T16:33:33.346-0300] {dag.py:3954} INFO - Setting next_dagrun for example_branch_datetime_operator_2 to 2024-06-08 00:00:00+00:00, run_after=2024-06-09 00:00:00+00:00
[2024-06-09T16:33:33.348-0300] {logging_mixin.py:188} INFO - [2024-06-09T16:33:33.348-0300] {dag.py:3954} INFO - Setting next_dagrun for example_branch_datetime_operator_3 to 2024-06-08 00:00:00+00:00, run_after=2024-06-09 00:00:00+00:00
[2024-06-09T16:33:33.362-0300] {processor.py:183} INFO - Processing /home/pedro/.local/lib/python3.10/site-packages/airflow/example_dags/example_branch_datetime_operator.py took 0.064 seconds
[2024-06-09T16:35:35.079-0300] {processor.py:161} INFO - Started process (PID=9097) to work on /home/pedro/.local/lib/python3.10/site-packages/airflow/example_dags/example_branch_datetime_operator.py
[2024-06-09T16:35:35.083-0300] {processor.py:830} INFO - Processing file /home/pedro/.local/lib/python3.10/site-packages/airflow/example_dags/example_branch_datetime_operator.py for tasks to queue
[2024-06-09T16:35:35.085-0300] {logging_mixin.py:188} INFO - [2024-06-09T16:35:35.084-0300] {dagbag.py:545} INFO - Filling up the DagBag from /home/pedro/.local/lib/python3.10/site-packages/airflow/example_dags/example_branch_datetime_operator.py
[2024-06-09T16:35:35.094-0300] {processor.py:840} INFO - DAG(s) 'example_branch_datetime_operator_3', 'example_branch_datetime_operator_2', 'example_branch_datetime_operator' retrieved from /home/pedro/.local/lib/python3.10/site-packages/airflow/example_dags/example_branch_datetime_operator.py
[2024-06-09T16:35:35.105-0300] {logging_mixin.py:188} INFO - [2024-06-09T16:35:35.105-0300] {dag.py:3096} INFO - Sync 3 DAGs
[2024-06-09T16:35:35.115-0300] {logging_mixin.py:188} INFO - [2024-06-09T16:35:35.115-0300] {dag.py:3954} INFO - Setting next_dagrun for example_branch_datetime_operator to 2024-06-08 00:00:00+00:00, run_after=2024-06-09 00:00:00+00:00
[2024-06-09T16:35:35.118-0300] {logging_mixin.py:188} INFO - [2024-06-09T16:35:35.118-0300] {dag.py:3954} INFO - Setting next_dagrun for example_branch_datetime_operator_2 to 2024-06-08 00:00:00+00:00, run_after=2024-06-09 00:00:00+00:00
[2024-06-09T16:35:35.119-0300] {logging_mixin.py:188} INFO - [2024-06-09T16:35:35.119-0300] {dag.py:3954} INFO - Setting next_dagrun for example_branch_datetime_operator_3 to 2024-06-08 00:00:00+00:00, run_after=2024-06-09 00:00:00+00:00
[2024-06-09T16:35:35.134-0300] {processor.py:183} INFO - Processing /home/pedro/.local/lib/python3.10/site-packages/airflow/example_dags/example_branch_datetime_operator.py took 0.064 seconds
[2024-06-09T16:39:27.511-0300] {processor.py:161} INFO - Started process (PID=10504) to work on /home/pedro/.local/lib/python3.10/site-packages/airflow/example_dags/example_branch_datetime_operator.py
[2024-06-09T16:39:27.512-0300] {processor.py:830} INFO - Processing file /home/pedro/.local/lib/python3.10/site-packages/airflow/example_dags/example_branch_datetime_operator.py for tasks to queue
[2024-06-09T16:39:27.513-0300] {logging_mixin.py:188} INFO - [2024-06-09T16:39:27.512-0300] {dagbag.py:545} INFO - Filling up the DagBag from /home/pedro/.local/lib/python3.10/site-packages/airflow/example_dags/example_branch_datetime_operator.py
[2024-06-09T16:39:27.518-0300] {processor.py:840} INFO - DAG(s) 'example_branch_datetime_operator_2', 'example_branch_datetime_operator', 'example_branch_datetime_operator_3' retrieved from /home/pedro/.local/lib/python3.10/site-packages/airflow/example_dags/example_branch_datetime_operator.py
[2024-06-09T16:39:27.530-0300] {logging_mixin.py:188} INFO - [2024-06-09T16:39:27.529-0300] {dag.py:3096} INFO - Sync 3 DAGs
[2024-06-09T16:39:27.540-0300] {logging_mixin.py:188} INFO - [2024-06-09T16:39:27.540-0300] {dag.py:3954} INFO - Setting next_dagrun for example_branch_datetime_operator to 2024-06-08 00:00:00+00:00, run_after=2024-06-09 00:00:00+00:00
[2024-06-09T16:39:27.542-0300] {logging_mixin.py:188} INFO - [2024-06-09T16:39:27.542-0300] {dag.py:3954} INFO - Setting next_dagrun for example_branch_datetime_operator_2 to 2024-06-08 00:00:00+00:00, run_after=2024-06-09 00:00:00+00:00
[2024-06-09T16:39:27.544-0300] {logging_mixin.py:188} INFO - [2024-06-09T16:39:27.544-0300] {dag.py:3954} INFO - Setting next_dagrun for example_branch_datetime_operator_3 to 2024-06-08 00:00:00+00:00, run_after=2024-06-09 00:00:00+00:00
[2024-06-09T16:39:27.556-0300] {processor.py:183} INFO - Processing /home/pedro/.local/lib/python3.10/site-packages/airflow/example_dags/example_branch_datetime_operator.py took 0.049 seconds
[2024-06-09T16:43:22.976-0300] {processor.py:161} INFO - Started process (PID=11906) to work on /home/pedro/.local/lib/python3.10/site-packages/airflow/example_dags/example_branch_datetime_operator.py
[2024-06-09T16:43:22.979-0300] {processor.py:830} INFO - Processing file /home/pedro/.local/lib/python3.10/site-packages/airflow/example_dags/example_branch_datetime_operator.py for tasks to queue
[2024-06-09T16:43:22.980-0300] {logging_mixin.py:188} INFO - [2024-06-09T16:43:22.979-0300] {dagbag.py:545} INFO - Filling up the DagBag from /home/pedro/.local/lib/python3.10/site-packages/airflow/example_dags/example_branch_datetime_operator.py
[2024-06-09T16:43:22.987-0300] {processor.py:840} INFO - DAG(s) 'example_branch_datetime_operator', 'example_branch_datetime_operator_2', 'example_branch_datetime_operator_3' retrieved from /home/pedro/.local/lib/python3.10/site-packages/airflow/example_dags/example_branch_datetime_operator.py
[2024-06-09T16:43:22.999-0300] {logging_mixin.py:188} INFO - [2024-06-09T16:43:22.998-0300] {dag.py:3096} INFO - Sync 3 DAGs
[2024-06-09T16:43:23.010-0300] {logging_mixin.py:188} INFO - [2024-06-09T16:43:23.010-0300] {dag.py:3954} INFO - Setting next_dagrun for example_branch_datetime_operator to 2024-06-08 00:00:00+00:00, run_after=2024-06-09 00:00:00+00:00
[2024-06-09T16:43:23.012-0300] {logging_mixin.py:188} INFO - [2024-06-09T16:43:23.012-0300] {dag.py:3954} INFO - Setting next_dagrun for example_branch_datetime_operator_2 to 2024-06-08 00:00:00+00:00, run_after=2024-06-09 00:00:00+00:00
[2024-06-09T16:43:23.014-0300] {logging_mixin.py:188} INFO - [2024-06-09T16:43:23.014-0300] {dag.py:3954} INFO - Setting next_dagrun for example_branch_datetime_operator_3 to 2024-06-08 00:00:00+00:00, run_after=2024-06-09 00:00:00+00:00
[2024-06-09T16:43:23.031-0300] {processor.py:183} INFO - Processing /home/pedro/.local/lib/python3.10/site-packages/airflow/example_dags/example_branch_datetime_operator.py took 0.059 seconds
[2024-06-09T16:45:32.777-0300] {processor.py:161} INFO - Started process (PID=12630) to work on /home/pedro/.local/lib/python3.10/site-packages/airflow/example_dags/example_branch_datetime_operator.py
[2024-06-09T16:45:32.781-0300] {processor.py:830} INFO - Processing file /home/pedro/.local/lib/python3.10/site-packages/airflow/example_dags/example_branch_datetime_operator.py for tasks to queue
[2024-06-09T16:45:32.782-0300] {logging_mixin.py:188} INFO - [2024-06-09T16:45:32.782-0300] {dagbag.py:545} INFO - Filling up the DagBag from /home/pedro/.local/lib/python3.10/site-packages/airflow/example_dags/example_branch_datetime_operator.py
[2024-06-09T16:45:32.789-0300] {processor.py:840} INFO - DAG(s) 'example_branch_datetime_operator', 'example_branch_datetime_operator_2', 'example_branch_datetime_operator_3' retrieved from /home/pedro/.local/lib/python3.10/site-packages/airflow/example_dags/example_branch_datetime_operator.py
[2024-06-09T16:45:32.802-0300] {logging_mixin.py:188} INFO - [2024-06-09T16:45:32.801-0300] {dag.py:3096} INFO - Sync 3 DAGs
[2024-06-09T16:45:32.812-0300] {logging_mixin.py:188} INFO - [2024-06-09T16:45:32.812-0300] {dag.py:3954} INFO - Setting next_dagrun for example_branch_datetime_operator to 2024-06-08 00:00:00+00:00, run_after=2024-06-09 00:00:00+00:00
[2024-06-09T16:45:32.816-0300] {logging_mixin.py:188} INFO - [2024-06-09T16:45:32.815-0300] {dag.py:3954} INFO - Setting next_dagrun for example_branch_datetime_operator_2 to 2024-06-08 00:00:00+00:00, run_after=2024-06-09 00:00:00+00:00
[2024-06-09T16:45:32.817-0300] {logging_mixin.py:188} INFO - [2024-06-09T16:45:32.817-0300] {dag.py:3954} INFO - Setting next_dagrun for example_branch_datetime_operator_3 to 2024-06-08 00:00:00+00:00, run_after=2024-06-09 00:00:00+00:00
[2024-06-09T16:45:32.833-0300] {processor.py:183} INFO - Processing /home/pedro/.local/lib/python3.10/site-packages/airflow/example_dags/example_branch_datetime_operator.py took 0.059 seconds
[2024-06-09T16:47:37.865-0300] {processor.py:161} INFO - Started process (PID=13346) to work on /home/pedro/.local/lib/python3.10/site-packages/airflow/example_dags/example_branch_datetime_operator.py
[2024-06-09T16:47:37.868-0300] {processor.py:830} INFO - Processing file /home/pedro/.local/lib/python3.10/site-packages/airflow/example_dags/example_branch_datetime_operator.py for tasks to queue
[2024-06-09T16:47:37.870-0300] {logging_mixin.py:188} INFO - [2024-06-09T16:47:37.870-0300] {dagbag.py:545} INFO - Filling up the DagBag from /home/pedro/.local/lib/python3.10/site-packages/airflow/example_dags/example_branch_datetime_operator.py
[2024-06-09T16:47:37.880-0300] {processor.py:840} INFO - DAG(s) 'example_branch_datetime_operator', 'example_branch_datetime_operator_3', 'example_branch_datetime_operator_2' retrieved from /home/pedro/.local/lib/python3.10/site-packages/airflow/example_dags/example_branch_datetime_operator.py
[2024-06-09T16:47:37.892-0300] {logging_mixin.py:188} INFO - [2024-06-09T16:47:37.892-0300] {dag.py:3096} INFO - Sync 3 DAGs
[2024-06-09T16:47:37.903-0300] {logging_mixin.py:188} INFO - [2024-06-09T16:47:37.902-0300] {dag.py:3954} INFO - Setting next_dagrun for example_branch_datetime_operator to 2024-06-08 00:00:00+00:00, run_after=2024-06-09 00:00:00+00:00
[2024-06-09T16:47:37.905-0300] {logging_mixin.py:188} INFO - [2024-06-09T16:47:37.905-0300] {dag.py:3954} INFO - Setting next_dagrun for example_branch_datetime_operator_2 to 2024-06-08 00:00:00+00:00, run_after=2024-06-09 00:00:00+00:00
[2024-06-09T16:47:37.906-0300] {logging_mixin.py:188} INFO - [2024-06-09T16:47:37.906-0300] {dag.py:3954} INFO - Setting next_dagrun for example_branch_datetime_operator_3 to 2024-06-08 00:00:00+00:00, run_after=2024-06-09 00:00:00+00:00
[2024-06-09T16:47:37.921-0300] {processor.py:183} INFO - Processing /home/pedro/.local/lib/python3.10/site-packages/airflow/example_dags/example_branch_datetime_operator.py took 0.062 seconds
[2024-06-09T16:49:41.554-0300] {processor.py:161} INFO - Started process (PID=14112) to work on /home/pedro/.local/lib/python3.10/site-packages/airflow/example_dags/example_branch_datetime_operator.py
[2024-06-09T16:49:41.557-0300] {processor.py:830} INFO - Processing file /home/pedro/.local/lib/python3.10/site-packages/airflow/example_dags/example_branch_datetime_operator.py for tasks to queue
[2024-06-09T16:49:41.559-0300] {logging_mixin.py:188} INFO - [2024-06-09T16:49:41.559-0300] {dagbag.py:545} INFO - Filling up the DagBag from /home/pedro/.local/lib/python3.10/site-packages/airflow/example_dags/example_branch_datetime_operator.py
[2024-06-09T16:49:41.569-0300] {processor.py:840} INFO - DAG(s) 'example_branch_datetime_operator_3', 'example_branch_datetime_operator', 'example_branch_datetime_operator_2' retrieved from /home/pedro/.local/lib/python3.10/site-packages/airflow/example_dags/example_branch_datetime_operator.py
[2024-06-09T16:49:41.580-0300] {logging_mixin.py:188} INFO - [2024-06-09T16:49:41.580-0300] {dag.py:3096} INFO - Sync 3 DAGs
[2024-06-09T16:49:41.591-0300] {logging_mixin.py:188} INFO - [2024-06-09T16:49:41.591-0300] {dag.py:3954} INFO - Setting next_dagrun for example_branch_datetime_operator to 2024-06-08 00:00:00+00:00, run_after=2024-06-09 00:00:00+00:00
[2024-06-09T16:49:41.593-0300] {logging_mixin.py:188} INFO - [2024-06-09T16:49:41.593-0300] {dag.py:3954} INFO - Setting next_dagrun for example_branch_datetime_operator_2 to 2024-06-08 00:00:00+00:00, run_after=2024-06-09 00:00:00+00:00
[2024-06-09T16:49:41.594-0300] {logging_mixin.py:188} INFO - [2024-06-09T16:49:41.594-0300] {dag.py:3954} INFO - Setting next_dagrun for example_branch_datetime_operator_3 to 2024-06-08 00:00:00+00:00, run_after=2024-06-09 00:00:00+00:00
[2024-06-09T16:49:41.609-0300] {processor.py:183} INFO - Processing /home/pedro/.local/lib/python3.10/site-packages/airflow/example_dags/example_branch_datetime_operator.py took 0.058 seconds
[2024-06-09T16:53:47.995-0300] {processor.py:161} INFO - Started process (PID=15570) to work on /home/pedro/.local/lib/python3.10/site-packages/airflow/example_dags/example_branch_datetime_operator.py
[2024-06-09T16:53:47.997-0300] {processor.py:830} INFO - Processing file /home/pedro/.local/lib/python3.10/site-packages/airflow/example_dags/example_branch_datetime_operator.py for tasks to queue
[2024-06-09T16:53:47.998-0300] {logging_mixin.py:188} INFO - [2024-06-09T16:53:47.998-0300] {dagbag.py:545} INFO - Filling up the DagBag from /home/pedro/.local/lib/python3.10/site-packages/airflow/example_dags/example_branch_datetime_operator.py
[2024-06-09T16:53:48.006-0300] {processor.py:840} INFO - DAG(s) 'example_branch_datetime_operator_2', 'example_branch_datetime_operator_3', 'example_branch_datetime_operator' retrieved from /home/pedro/.local/lib/python3.10/site-packages/airflow/example_dags/example_branch_datetime_operator.py
[2024-06-09T16:53:48.019-0300] {logging_mixin.py:188} INFO - [2024-06-09T16:53:48.019-0300] {dag.py:3096} INFO - Sync 3 DAGs
[2024-06-09T16:53:48.030-0300] {logging_mixin.py:188} INFO - [2024-06-09T16:53:48.030-0300] {dag.py:3954} INFO - Setting next_dagrun for example_branch_datetime_operator to 2024-06-08 00:00:00+00:00, run_after=2024-06-09 00:00:00+00:00
[2024-06-09T16:53:48.033-0300] {logging_mixin.py:188} INFO - [2024-06-09T16:53:48.033-0300] {dag.py:3954} INFO - Setting next_dagrun for example_branch_datetime_operator_2 to 2024-06-08 00:00:00+00:00, run_after=2024-06-09 00:00:00+00:00
[2024-06-09T16:53:48.035-0300] {logging_mixin.py:188} INFO - [2024-06-09T16:53:48.035-0300] {dag.py:3954} INFO - Setting next_dagrun for example_branch_datetime_operator_3 to 2024-06-08 00:00:00+00:00, run_after=2024-06-09 00:00:00+00:00
[2024-06-09T16:53:48.049-0300] {processor.py:183} INFO - Processing /home/pedro/.local/lib/python3.10/site-packages/airflow/example_dags/example_branch_datetime_operator.py took 0.062 seconds
[2024-06-09T16:55:52.906-0300] {processor.py:161} INFO - Started process (PID=16259) to work on /home/pedro/.local/lib/python3.10/site-packages/airflow/example_dags/example_branch_datetime_operator.py
[2024-06-09T16:55:52.909-0300] {processor.py:830} INFO - Processing file /home/pedro/.local/lib/python3.10/site-packages/airflow/example_dags/example_branch_datetime_operator.py for tasks to queue
[2024-06-09T16:55:52.912-0300] {logging_mixin.py:188} INFO - [2024-06-09T16:55:52.911-0300] {dagbag.py:545} INFO - Filling up the DagBag from /home/pedro/.local/lib/python3.10/site-packages/airflow/example_dags/example_branch_datetime_operator.py
[2024-06-09T16:55:52.922-0300] {processor.py:840} INFO - DAG(s) 'example_branch_datetime_operator', 'example_branch_datetime_operator_2', 'example_branch_datetime_operator_3' retrieved from /home/pedro/.local/lib/python3.10/site-packages/airflow/example_dags/example_branch_datetime_operator.py
[2024-06-09T16:55:52.933-0300] {logging_mixin.py:188} INFO - [2024-06-09T16:55:52.933-0300] {dag.py:3096} INFO - Sync 3 DAGs
[2024-06-09T16:55:52.944-0300] {logging_mixin.py:188} INFO - [2024-06-09T16:55:52.944-0300] {dag.py:3954} INFO - Setting next_dagrun for example_branch_datetime_operator to 2024-06-08 00:00:00+00:00, run_after=2024-06-09 00:00:00+00:00
[2024-06-09T16:55:52.946-0300] {logging_mixin.py:188} INFO - [2024-06-09T16:55:52.946-0300] {dag.py:3954} INFO - Setting next_dagrun for example_branch_datetime_operator_2 to 2024-06-08 00:00:00+00:00, run_after=2024-06-09 00:00:00+00:00
[2024-06-09T16:55:52.948-0300] {logging_mixin.py:188} INFO - [2024-06-09T16:55:52.948-0300] {dag.py:3954} INFO - Setting next_dagrun for example_branch_datetime_operator_3 to 2024-06-08 00:00:00+00:00, run_after=2024-06-09 00:00:00+00:00
[2024-06-09T16:55:52.973-0300] {processor.py:183} INFO - Processing /home/pedro/.local/lib/python3.10/site-packages/airflow/example_dags/example_branch_datetime_operator.py took 0.072 seconds
[2024-06-09T16:57:59.230-0300] {processor.py:161} INFO - Started process (PID=16954) to work on /home/pedro/.local/lib/python3.10/site-packages/airflow/example_dags/example_branch_datetime_operator.py
[2024-06-09T16:57:59.234-0300] {processor.py:830} INFO - Processing file /home/pedro/.local/lib/python3.10/site-packages/airflow/example_dags/example_branch_datetime_operator.py for tasks to queue
[2024-06-09T16:57:59.236-0300] {logging_mixin.py:188} INFO - [2024-06-09T16:57:59.235-0300] {dagbag.py:545} INFO - Filling up the DagBag from /home/pedro/.local/lib/python3.10/site-packages/airflow/example_dags/example_branch_datetime_operator.py
[2024-06-09T16:57:59.245-0300] {processor.py:840} INFO - DAG(s) 'example_branch_datetime_operator', 'example_branch_datetime_operator_2', 'example_branch_datetime_operator_3' retrieved from /home/pedro/.local/lib/python3.10/site-packages/airflow/example_dags/example_branch_datetime_operator.py
[2024-06-09T16:57:59.260-0300] {logging_mixin.py:188} INFO - [2024-06-09T16:57:59.259-0300] {dag.py:3096} INFO - Sync 3 DAGs
[2024-06-09T16:57:59.271-0300] {logging_mixin.py:188} INFO - [2024-06-09T16:57:59.271-0300] {dag.py:3954} INFO - Setting next_dagrun for example_branch_datetime_operator to 2024-06-08 00:00:00+00:00, run_after=2024-06-09 00:00:00+00:00
[2024-06-09T16:57:59.274-0300] {logging_mixin.py:188} INFO - [2024-06-09T16:57:59.274-0300] {dag.py:3954} INFO - Setting next_dagrun for example_branch_datetime_operator_2 to 2024-06-08 00:00:00+00:00, run_after=2024-06-09 00:00:00+00:00
[2024-06-09T16:57:59.275-0300] {logging_mixin.py:188} INFO - [2024-06-09T16:57:59.275-0300] {dag.py:3954} INFO - Setting next_dagrun for example_branch_datetime_operator_3 to 2024-06-08 00:00:00+00:00, run_after=2024-06-09 00:00:00+00:00
[2024-06-09T16:57:59.313-0300] {processor.py:183} INFO - Processing /home/pedro/.local/lib/python3.10/site-packages/airflow/example_dags/example_branch_datetime_operator.py took 0.089 seconds
