[2024-06-09T11:46:01.364-0300] {processor.py:161} INFO - Started process (PID=7093) to work on /home/pedro/.local/lib/python3.10/site-packages/airflow/example_dags/example_kubernetes_executor.py
[2024-06-09T11:46:01.365-0300] {processor.py:830} INFO - Processing file /home/pedro/.local/lib/python3.10/site-packages/airflow/example_dags/example_kubernetes_executor.py for tasks to queue
[2024-06-09T11:46:01.367-0300] {logging_mixin.py:188} INFO - [2024-06-09T11:46:01.367-0300] {dagbag.py:545} INFO - Filling up the DagBag from /home/pedro/.local/lib/python3.10/site-packages/airflow/example_dags/example_kubernetes_executor.py
[2024-06-09T11:46:01.370-0300] {logging_mixin.py:188} INFO - [2024-06-09T11:46:01.370-0300] {example_kubernetes_executor.py:39} WARNING - The example_kubernetes_executor example DAG requires the kubernetes provider. Please install it with: pip install apache-airflow[cncf.kubernetes]
[2024-06-09T11:46:01.370-0300] {processor.py:842} WARNING - No viable dags retrieved from /home/pedro/.local/lib/python3.10/site-packages/airflow/example_dags/example_kubernetes_executor.py
[2024-06-09T11:46:01.378-0300] {processor.py:183} INFO - Processing /home/pedro/.local/lib/python3.10/site-packages/airflow/example_dags/example_kubernetes_executor.py took 0.023 seconds
[2024-06-09T11:47:09.833-0300] {processor.py:161} INFO - Started process (PID=7351) to work on /home/pedro/.local/lib/python3.10/site-packages/airflow/example_dags/example_kubernetes_executor.py
[2024-06-09T11:47:09.837-0300] {processor.py:830} INFO - Processing file /home/pedro/.local/lib/python3.10/site-packages/airflow/example_dags/example_kubernetes_executor.py for tasks to queue
[2024-06-09T11:47:09.839-0300] {logging_mixin.py:188} INFO - [2024-06-09T11:47:09.839-0300] {dagbag.py:545} INFO - Filling up the DagBag from /home/pedro/.local/lib/python3.10/site-packages/airflow/example_dags/example_kubernetes_executor.py
[2024-06-09T11:47:09.843-0300] {logging_mixin.py:188} INFO - [2024-06-09T11:47:09.843-0300] {example_kubernetes_executor.py:39} WARNING - The example_kubernetes_executor example DAG requires the kubernetes provider. Please install it with: pip install apache-airflow[cncf.kubernetes]
[2024-06-09T11:47:09.843-0300] {processor.py:842} WARNING - No viable dags retrieved from /home/pedro/.local/lib/python3.10/site-packages/airflow/example_dags/example_kubernetes_executor.py
[2024-06-09T11:47:09.851-0300] {processor.py:183} INFO - Processing /home/pedro/.local/lib/python3.10/site-packages/airflow/example_dags/example_kubernetes_executor.py took 0.022 seconds
[2024-06-09T11:48:12.319-0300] {processor.py:161} INFO - Started process (PID=7466) to work on /home/pedro/.local/lib/python3.10/site-packages/airflow/example_dags/example_kubernetes_executor.py
[2024-06-09T11:48:12.322-0300] {processor.py:830} INFO - Processing file /home/pedro/.local/lib/python3.10/site-packages/airflow/example_dags/example_kubernetes_executor.py for tasks to queue
[2024-06-09T11:48:12.324-0300] {logging_mixin.py:188} INFO - [2024-06-09T11:48:12.324-0300] {dagbag.py:545} INFO - Filling up the DagBag from /home/pedro/.local/lib/python3.10/site-packages/airflow/example_dags/example_kubernetes_executor.py
[2024-06-09T11:48:12.328-0300] {logging_mixin.py:188} INFO - [2024-06-09T11:48:12.328-0300] {example_kubernetes_executor.py:39} WARNING - The example_kubernetes_executor example DAG requires the kubernetes provider. Please install it with: pip install apache-airflow[cncf.kubernetes]
[2024-06-09T11:48:12.328-0300] {processor.py:842} WARNING - No viable dags retrieved from /home/pedro/.local/lib/python3.10/site-packages/airflow/example_dags/example_kubernetes_executor.py
[2024-06-09T11:48:12.337-0300] {processor.py:183} INFO - Processing /home/pedro/.local/lib/python3.10/site-packages/airflow/example_dags/example_kubernetes_executor.py took 0.023 seconds
[2024-06-09T11:49:14.519-0300] {processor.py:161} INFO - Started process (PID=7736) to work on /home/pedro/.local/lib/python3.10/site-packages/airflow/example_dags/example_kubernetes_executor.py
[2024-06-09T11:49:14.520-0300] {processor.py:830} INFO - Processing file /home/pedro/.local/lib/python3.10/site-packages/airflow/example_dags/example_kubernetes_executor.py for tasks to queue
[2024-06-09T11:49:14.521-0300] {logging_mixin.py:188} INFO - [2024-06-09T11:49:14.521-0300] {dagbag.py:545} INFO - Filling up the DagBag from /home/pedro/.local/lib/python3.10/site-packages/airflow/example_dags/example_kubernetes_executor.py
[2024-06-09T11:49:14.524-0300] {logging_mixin.py:188} INFO - [2024-06-09T11:49:14.524-0300] {example_kubernetes_executor.py:39} WARNING - The example_kubernetes_executor example DAG requires the kubernetes provider. Please install it with: pip install apache-airflow[cncf.kubernetes]
[2024-06-09T11:49:14.524-0300] {processor.py:842} WARNING - No viable dags retrieved from /home/pedro/.local/lib/python3.10/site-packages/airflow/example_dags/example_kubernetes_executor.py
[2024-06-09T11:49:14.531-0300] {processor.py:183} INFO - Processing /home/pedro/.local/lib/python3.10/site-packages/airflow/example_dags/example_kubernetes_executor.py took 0.017 seconds
[2024-06-09T11:50:21.043-0300] {processor.py:161} INFO - Started process (PID=7976) to work on /home/pedro/.local/lib/python3.10/site-packages/airflow/example_dags/example_kubernetes_executor.py
[2024-06-09T11:50:21.047-0300] {processor.py:830} INFO - Processing file /home/pedro/.local/lib/python3.10/site-packages/airflow/example_dags/example_kubernetes_executor.py for tasks to queue
[2024-06-09T11:50:21.049-0300] {logging_mixin.py:188} INFO - [2024-06-09T11:50:21.048-0300] {dagbag.py:545} INFO - Filling up the DagBag from /home/pedro/.local/lib/python3.10/site-packages/airflow/example_dags/example_kubernetes_executor.py
[2024-06-09T11:50:21.052-0300] {logging_mixin.py:188} INFO - [2024-06-09T11:50:21.051-0300] {example_kubernetes_executor.py:39} WARNING - The example_kubernetes_executor example DAG requires the kubernetes provider. Please install it with: pip install apache-airflow[cncf.kubernetes]
[2024-06-09T11:50:21.052-0300] {processor.py:842} WARNING - No viable dags retrieved from /home/pedro/.local/lib/python3.10/site-packages/airflow/example_dags/example_kubernetes_executor.py
[2024-06-09T11:50:21.058-0300] {processor.py:183} INFO - Processing /home/pedro/.local/lib/python3.10/site-packages/airflow/example_dags/example_kubernetes_executor.py took 0.021 seconds
[2024-06-09T11:51:29.685-0300] {processor.py:161} INFO - Started process (PID=8221) to work on /home/pedro/.local/lib/python3.10/site-packages/airflow/example_dags/example_kubernetes_executor.py
[2024-06-09T11:51:29.689-0300] {processor.py:830} INFO - Processing file /home/pedro/.local/lib/python3.10/site-packages/airflow/example_dags/example_kubernetes_executor.py for tasks to queue
[2024-06-09T11:51:29.690-0300] {logging_mixin.py:188} INFO - [2024-06-09T11:51:29.689-0300] {dagbag.py:545} INFO - Filling up the DagBag from /home/pedro/.local/lib/python3.10/site-packages/airflow/example_dags/example_kubernetes_executor.py
[2024-06-09T11:51:29.692-0300] {logging_mixin.py:188} INFO - [2024-06-09T11:51:29.692-0300] {example_kubernetes_executor.py:39} WARNING - The example_kubernetes_executor example DAG requires the kubernetes provider. Please install it with: pip install apache-airflow[cncf.kubernetes]
[2024-06-09T11:51:29.692-0300] {processor.py:842} WARNING - No viable dags retrieved from /home/pedro/.local/lib/python3.10/site-packages/airflow/example_dags/example_kubernetes_executor.py
[2024-06-09T11:51:29.699-0300] {processor.py:183} INFO - Processing /home/pedro/.local/lib/python3.10/site-packages/airflow/example_dags/example_kubernetes_executor.py took 0.020 seconds
[2024-06-09T11:52:33.662-0300] {processor.py:161} INFO - Started process (PID=8365) to work on /home/pedro/.local/lib/python3.10/site-packages/airflow/example_dags/example_kubernetes_executor.py
[2024-06-09T11:52:33.665-0300] {processor.py:830} INFO - Processing file /home/pedro/.local/lib/python3.10/site-packages/airflow/example_dags/example_kubernetes_executor.py for tasks to queue
[2024-06-09T11:52:33.667-0300] {logging_mixin.py:188} INFO - [2024-06-09T11:52:33.666-0300] {dagbag.py:545} INFO - Filling up the DagBag from /home/pedro/.local/lib/python3.10/site-packages/airflow/example_dags/example_kubernetes_executor.py
[2024-06-09T11:52:33.671-0300] {logging_mixin.py:188} INFO - [2024-06-09T11:52:33.670-0300] {example_kubernetes_executor.py:39} WARNING - The example_kubernetes_executor example DAG requires the kubernetes provider. Please install it with: pip install apache-airflow[cncf.kubernetes]
[2024-06-09T11:52:33.671-0300] {processor.py:842} WARNING - No viable dags retrieved from /home/pedro/.local/lib/python3.10/site-packages/airflow/example_dags/example_kubernetes_executor.py
[2024-06-09T11:52:33.678-0300] {processor.py:183} INFO - Processing /home/pedro/.local/lib/python3.10/site-packages/airflow/example_dags/example_kubernetes_executor.py took 0.020 seconds
[2024-06-09T11:53:32.743-0300] {processor.py:161} INFO - Started process (PID=8522) to work on /home/pedro/.local/lib/python3.10/site-packages/airflow/example_dags/example_kubernetes_executor.py
[2024-06-09T11:53:32.746-0300] {processor.py:830} INFO - Processing file /home/pedro/.local/lib/python3.10/site-packages/airflow/example_dags/example_kubernetes_executor.py for tasks to queue
[2024-06-09T11:53:32.748-0300] {logging_mixin.py:188} INFO - [2024-06-09T11:53:32.747-0300] {dagbag.py:545} INFO - Filling up the DagBag from /home/pedro/.local/lib/python3.10/site-packages/airflow/example_dags/example_kubernetes_executor.py
[2024-06-09T11:53:32.751-0300] {logging_mixin.py:188} INFO - [2024-06-09T11:53:32.751-0300] {example_kubernetes_executor.py:39} WARNING - The example_kubernetes_executor example DAG requires the kubernetes provider. Please install it with: pip install apache-airflow[cncf.kubernetes]
[2024-06-09T11:53:32.751-0300] {processor.py:842} WARNING - No viable dags retrieved from /home/pedro/.local/lib/python3.10/site-packages/airflow/example_dags/example_kubernetes_executor.py
[2024-06-09T11:53:32.759-0300] {processor.py:183} INFO - Processing /home/pedro/.local/lib/python3.10/site-packages/airflow/example_dags/example_kubernetes_executor.py took 0.019 seconds
[2024-06-09T11:54:34.452-0300] {processor.py:161} INFO - Started process (PID=8636) to work on /home/pedro/.local/lib/python3.10/site-packages/airflow/example_dags/example_kubernetes_executor.py
[2024-06-09T11:54:34.456-0300] {processor.py:830} INFO - Processing file /home/pedro/.local/lib/python3.10/site-packages/airflow/example_dags/example_kubernetes_executor.py for tasks to queue
[2024-06-09T11:54:34.457-0300] {logging_mixin.py:188} INFO - [2024-06-09T11:54:34.457-0300] {dagbag.py:545} INFO - Filling up the DagBag from /home/pedro/.local/lib/python3.10/site-packages/airflow/example_dags/example_kubernetes_executor.py
[2024-06-09T11:54:34.459-0300] {logging_mixin.py:188} INFO - [2024-06-09T11:54:34.459-0300] {example_kubernetes_executor.py:39} WARNING - The example_kubernetes_executor example DAG requires the kubernetes provider. Please install it with: pip install apache-airflow[cncf.kubernetes]
[2024-06-09T11:54:34.459-0300] {processor.py:842} WARNING - No viable dags retrieved from /home/pedro/.local/lib/python3.10/site-packages/airflow/example_dags/example_kubernetes_executor.py
[2024-06-09T11:54:34.467-0300] {processor.py:183} INFO - Processing /home/pedro/.local/lib/python3.10/site-packages/airflow/example_dags/example_kubernetes_executor.py took 0.019 seconds
[2024-06-09T11:55:33.513-0300] {processor.py:161} INFO - Started process (PID=8783) to work on /home/pedro/.local/lib/python3.10/site-packages/airflow/example_dags/example_kubernetes_executor.py
[2024-06-09T11:55:33.514-0300] {processor.py:830} INFO - Processing file /home/pedro/.local/lib/python3.10/site-packages/airflow/example_dags/example_kubernetes_executor.py for tasks to queue
[2024-06-09T11:55:33.516-0300] {logging_mixin.py:188} INFO - [2024-06-09T11:55:33.515-0300] {dagbag.py:545} INFO - Filling up the DagBag from /home/pedro/.local/lib/python3.10/site-packages/airflow/example_dags/example_kubernetes_executor.py
[2024-06-09T11:55:33.517-0300] {logging_mixin.py:188} INFO - [2024-06-09T11:55:33.517-0300] {example_kubernetes_executor.py:39} WARNING - The example_kubernetes_executor example DAG requires the kubernetes provider. Please install it with: pip install apache-airflow[cncf.kubernetes]
[2024-06-09T11:55:33.518-0300] {processor.py:842} WARNING - No viable dags retrieved from /home/pedro/.local/lib/python3.10/site-packages/airflow/example_dags/example_kubernetes_executor.py
[2024-06-09T11:55:33.539-0300] {processor.py:183} INFO - Processing /home/pedro/.local/lib/python3.10/site-packages/airflow/example_dags/example_kubernetes_executor.py took 0.030 seconds
[2024-06-09T11:58:23.389-0300] {processor.py:161} INFO - Started process (PID=9902) to work on /home/pedro/.local/lib/python3.10/site-packages/airflow/example_dags/example_kubernetes_executor.py
[2024-06-09T11:58:23.393-0300] {processor.py:830} INFO - Processing file /home/pedro/.local/lib/python3.10/site-packages/airflow/example_dags/example_kubernetes_executor.py for tasks to queue
[2024-06-09T11:58:23.394-0300] {logging_mixin.py:188} INFO - [2024-06-09T11:58:23.394-0300] {dagbag.py:545} INFO - Filling up the DagBag from /home/pedro/.local/lib/python3.10/site-packages/airflow/example_dags/example_kubernetes_executor.py
[2024-06-09T11:58:23.396-0300] {logging_mixin.py:188} INFO - [2024-06-09T11:58:23.396-0300] {example_kubernetes_executor.py:39} WARNING - The example_kubernetes_executor example DAG requires the kubernetes provider. Please install it with: pip install apache-airflow[cncf.kubernetes]
[2024-06-09T11:58:23.397-0300] {processor.py:842} WARNING - No viable dags retrieved from /home/pedro/.local/lib/python3.10/site-packages/airflow/example_dags/example_kubernetes_executor.py
[2024-06-09T11:58:23.403-0300] {processor.py:183} INFO - Processing /home/pedro/.local/lib/python3.10/site-packages/airflow/example_dags/example_kubernetes_executor.py took 0.020 seconds
[2024-06-09T11:59:51.447-0300] {processor.py:161} INFO - Started process (PID=10772) to work on /home/pedro/.local/lib/python3.10/site-packages/airflow/example_dags/example_kubernetes_executor.py
[2024-06-09T11:59:51.450-0300] {processor.py:830} INFO - Processing file /home/pedro/.local/lib/python3.10/site-packages/airflow/example_dags/example_kubernetes_executor.py for tasks to queue
[2024-06-09T11:59:51.453-0300] {logging_mixin.py:188} INFO - [2024-06-09T11:59:51.452-0300] {dagbag.py:545} INFO - Filling up the DagBag from /home/pedro/.local/lib/python3.10/site-packages/airflow/example_dags/example_kubernetes_executor.py
[2024-06-09T11:59:51.456-0300] {logging_mixin.py:188} INFO - [2024-06-09T11:59:51.456-0300] {example_kubernetes_executor.py:39} WARNING - The example_kubernetes_executor example DAG requires the kubernetes provider. Please install it with: pip install apache-airflow[cncf.kubernetes]
[2024-06-09T11:59:51.457-0300] {processor.py:842} WARNING - No viable dags retrieved from /home/pedro/.local/lib/python3.10/site-packages/airflow/example_dags/example_kubernetes_executor.py
[2024-06-09T11:59:51.464-0300] {processor.py:183} INFO - Processing /home/pedro/.local/lib/python3.10/site-packages/airflow/example_dags/example_kubernetes_executor.py took 0.022 seconds
[2024-06-09T12:00:59.006-0300] {processor.py:161} INFO - Started process (PID=11003) to work on /home/pedro/.local/lib/python3.10/site-packages/airflow/example_dags/example_kubernetes_executor.py
[2024-06-09T12:00:59.010-0300] {processor.py:830} INFO - Processing file /home/pedro/.local/lib/python3.10/site-packages/airflow/example_dags/example_kubernetes_executor.py for tasks to queue
[2024-06-09T12:00:59.012-0300] {logging_mixin.py:188} INFO - [2024-06-09T12:00:59.011-0300] {dagbag.py:545} INFO - Filling up the DagBag from /home/pedro/.local/lib/python3.10/site-packages/airflow/example_dags/example_kubernetes_executor.py
[2024-06-09T12:00:59.014-0300] {logging_mixin.py:188} INFO - [2024-06-09T12:00:59.014-0300] {example_kubernetes_executor.py:39} WARNING - The example_kubernetes_executor example DAG requires the kubernetes provider. Please install it with: pip install apache-airflow[cncf.kubernetes]
[2024-06-09T12:00:59.015-0300] {processor.py:842} WARNING - No viable dags retrieved from /home/pedro/.local/lib/python3.10/site-packages/airflow/example_dags/example_kubernetes_executor.py
[2024-06-09T12:00:59.020-0300] {processor.py:183} INFO - Processing /home/pedro/.local/lib/python3.10/site-packages/airflow/example_dags/example_kubernetes_executor.py took 0.022 seconds
[2024-06-09T12:02:03.069-0300] {processor.py:161} INFO - Started process (PID=11212) to work on /home/pedro/.local/lib/python3.10/site-packages/airflow/example_dags/example_kubernetes_executor.py
[2024-06-09T12:02:03.070-0300] {processor.py:830} INFO - Processing file /home/pedro/.local/lib/python3.10/site-packages/airflow/example_dags/example_kubernetes_executor.py for tasks to queue
[2024-06-09T12:02:03.071-0300] {logging_mixin.py:188} INFO - [2024-06-09T12:02:03.071-0300] {dagbag.py:545} INFO - Filling up the DagBag from /home/pedro/.local/lib/python3.10/site-packages/airflow/example_dags/example_kubernetes_executor.py
[2024-06-09T12:02:03.074-0300] {logging_mixin.py:188} INFO - [2024-06-09T12:02:03.074-0300] {example_kubernetes_executor.py:39} WARNING - The example_kubernetes_executor example DAG requires the kubernetes provider. Please install it with: pip install apache-airflow[cncf.kubernetes]
[2024-06-09T12:02:03.074-0300] {processor.py:842} WARNING - No viable dags retrieved from /home/pedro/.local/lib/python3.10/site-packages/airflow/example_dags/example_kubernetes_executor.py
[2024-06-09T12:02:03.081-0300] {processor.py:183} INFO - Processing /home/pedro/.local/lib/python3.10/site-packages/airflow/example_dags/example_kubernetes_executor.py took 0.017 seconds
[2024-06-09T12:03:09.885-0300] {processor.py:161} INFO - Started process (PID=11341) to work on /home/pedro/.local/lib/python3.10/site-packages/airflow/example_dags/example_kubernetes_executor.py
[2024-06-09T12:03:09.889-0300] {processor.py:830} INFO - Processing file /home/pedro/.local/lib/python3.10/site-packages/airflow/example_dags/example_kubernetes_executor.py for tasks to queue
[2024-06-09T12:03:09.891-0300] {logging_mixin.py:188} INFO - [2024-06-09T12:03:09.891-0300] {dagbag.py:545} INFO - Filling up the DagBag from /home/pedro/.local/lib/python3.10/site-packages/airflow/example_dags/example_kubernetes_executor.py
[2024-06-09T12:03:09.894-0300] {logging_mixin.py:188} INFO - [2024-06-09T12:03:09.894-0300] {example_kubernetes_executor.py:39} WARNING - The example_kubernetes_executor example DAG requires the kubernetes provider. Please install it with: pip install apache-airflow[cncf.kubernetes]
[2024-06-09T12:03:09.894-0300] {processor.py:842} WARNING - No viable dags retrieved from /home/pedro/.local/lib/python3.10/site-packages/airflow/example_dags/example_kubernetes_executor.py
[2024-06-09T12:03:09.901-0300] {processor.py:183} INFO - Processing /home/pedro/.local/lib/python3.10/site-packages/airflow/example_dags/example_kubernetes_executor.py took 0.024 seconds
[2024-06-09T12:04:08.752-0300] {processor.py:161} INFO - Started process (PID=11478) to work on /home/pedro/.local/lib/python3.10/site-packages/airflow/example_dags/example_kubernetes_executor.py
[2024-06-09T12:04:08.756-0300] {processor.py:830} INFO - Processing file /home/pedro/.local/lib/python3.10/site-packages/airflow/example_dags/example_kubernetes_executor.py for tasks to queue
[2024-06-09T12:04:08.758-0300] {logging_mixin.py:188} INFO - [2024-06-09T12:04:08.757-0300] {dagbag.py:545} INFO - Filling up the DagBag from /home/pedro/.local/lib/python3.10/site-packages/airflow/example_dags/example_kubernetes_executor.py
[2024-06-09T12:04:08.761-0300] {logging_mixin.py:188} INFO - [2024-06-09T12:04:08.761-0300] {example_kubernetes_executor.py:39} WARNING - The example_kubernetes_executor example DAG requires the kubernetes provider. Please install it with: pip install apache-airflow[cncf.kubernetes]
[2024-06-09T12:04:08.761-0300] {processor.py:842} WARNING - No viable dags retrieved from /home/pedro/.local/lib/python3.10/site-packages/airflow/example_dags/example_kubernetes_executor.py
[2024-06-09T12:04:08.769-0300] {processor.py:183} INFO - Processing /home/pedro/.local/lib/python3.10/site-packages/airflow/example_dags/example_kubernetes_executor.py took 0.026 seconds
[2024-06-09T12:05:10.709-0300] {processor.py:161} INFO - Started process (PID=11600) to work on /home/pedro/.local/lib/python3.10/site-packages/airflow/example_dags/example_kubernetes_executor.py
[2024-06-09T12:05:10.713-0300] {processor.py:830} INFO - Processing file /home/pedro/.local/lib/python3.10/site-packages/airflow/example_dags/example_kubernetes_executor.py for tasks to queue
[2024-06-09T12:05:10.715-0300] {logging_mixin.py:188} INFO - [2024-06-09T12:05:10.714-0300] {dagbag.py:545} INFO - Filling up the DagBag from /home/pedro/.local/lib/python3.10/site-packages/airflow/example_dags/example_kubernetes_executor.py
[2024-06-09T12:05:10.718-0300] {logging_mixin.py:188} INFO - [2024-06-09T12:05:10.717-0300] {example_kubernetes_executor.py:39} WARNING - The example_kubernetes_executor example DAG requires the kubernetes provider. Please install it with: pip install apache-airflow[cncf.kubernetes]
[2024-06-09T12:05:10.718-0300] {processor.py:842} WARNING - No viable dags retrieved from /home/pedro/.local/lib/python3.10/site-packages/airflow/example_dags/example_kubernetes_executor.py
[2024-06-09T12:05:10.726-0300] {processor.py:183} INFO - Processing /home/pedro/.local/lib/python3.10/site-packages/airflow/example_dags/example_kubernetes_executor.py took 0.025 seconds
[2024-06-09T12:07:15.303-0300] {processor.py:161} INFO - Started process (PID=12492) to work on /home/pedro/.local/lib/python3.10/site-packages/airflow/example_dags/example_kubernetes_executor.py
[2024-06-09T12:07:15.304-0300] {processor.py:830} INFO - Processing file /home/pedro/.local/lib/python3.10/site-packages/airflow/example_dags/example_kubernetes_executor.py for tasks to queue
[2024-06-09T12:07:15.306-0300] {logging_mixin.py:188} INFO - [2024-06-09T12:07:15.306-0300] {dagbag.py:545} INFO - Filling up the DagBag from /home/pedro/.local/lib/python3.10/site-packages/airflow/example_dags/example_kubernetes_executor.py
[2024-06-09T12:07:15.309-0300] {logging_mixin.py:188} INFO - [2024-06-09T12:07:15.309-0300] {example_kubernetes_executor.py:39} WARNING - The example_kubernetes_executor example DAG requires the kubernetes provider. Please install it with: pip install apache-airflow[cncf.kubernetes]
[2024-06-09T12:07:15.309-0300] {processor.py:842} WARNING - No viable dags retrieved from /home/pedro/.local/lib/python3.10/site-packages/airflow/example_dags/example_kubernetes_executor.py
[2024-06-09T12:07:15.316-0300] {processor.py:183} INFO - Processing /home/pedro/.local/lib/python3.10/site-packages/airflow/example_dags/example_kubernetes_executor.py took 0.021 seconds
[2024-06-09T12:08:30.374-0300] {processor.py:161} INFO - Started process (PID=12638) to work on /home/pedro/.local/lib/python3.10/site-packages/airflow/example_dags/example_kubernetes_executor.py
[2024-06-09T12:08:30.377-0300] {processor.py:830} INFO - Processing file /home/pedro/.local/lib/python3.10/site-packages/airflow/example_dags/example_kubernetes_executor.py for tasks to queue
[2024-06-09T12:08:30.379-0300] {logging_mixin.py:188} INFO - [2024-06-09T12:08:30.378-0300] {dagbag.py:545} INFO - Filling up the DagBag from /home/pedro/.local/lib/python3.10/site-packages/airflow/example_dags/example_kubernetes_executor.py
[2024-06-09T12:08:30.382-0300] {logging_mixin.py:188} INFO - [2024-06-09T12:08:30.382-0300] {example_kubernetes_executor.py:39} WARNING - The example_kubernetes_executor example DAG requires the kubernetes provider. Please install it with: pip install apache-airflow[cncf.kubernetes]
[2024-06-09T12:08:30.382-0300] {processor.py:842} WARNING - No viable dags retrieved from /home/pedro/.local/lib/python3.10/site-packages/airflow/example_dags/example_kubernetes_executor.py
[2024-06-09T12:08:30.390-0300] {processor.py:183} INFO - Processing /home/pedro/.local/lib/python3.10/site-packages/airflow/example_dags/example_kubernetes_executor.py took 0.020 seconds
[2024-06-09T12:09:35.141-0300] {processor.py:161} INFO - Started process (PID=12764) to work on /home/pedro/.local/lib/python3.10/site-packages/airflow/example_dags/example_kubernetes_executor.py
[2024-06-09T12:09:35.145-0300] {processor.py:830} INFO - Processing file /home/pedro/.local/lib/python3.10/site-packages/airflow/example_dags/example_kubernetes_executor.py for tasks to queue
[2024-06-09T12:09:35.147-0300] {logging_mixin.py:188} INFO - [2024-06-09T12:09:35.146-0300] {dagbag.py:545} INFO - Filling up the DagBag from /home/pedro/.local/lib/python3.10/site-packages/airflow/example_dags/example_kubernetes_executor.py
[2024-06-09T12:09:35.150-0300] {logging_mixin.py:188} INFO - [2024-06-09T12:09:35.150-0300] {example_kubernetes_executor.py:39} WARNING - The example_kubernetes_executor example DAG requires the kubernetes provider. Please install it with: pip install apache-airflow[cncf.kubernetes]
[2024-06-09T12:09:35.151-0300] {processor.py:842} WARNING - No viable dags retrieved from /home/pedro/.local/lib/python3.10/site-packages/airflow/example_dags/example_kubernetes_executor.py
[2024-06-09T12:09:35.157-0300] {processor.py:183} INFO - Processing /home/pedro/.local/lib/python3.10/site-packages/airflow/example_dags/example_kubernetes_executor.py took 0.024 seconds
[2024-06-09T12:10:38.162-0300] {processor.py:161} INFO - Started process (PID=12884) to work on /home/pedro/.local/lib/python3.10/site-packages/airflow/example_dags/example_kubernetes_executor.py
[2024-06-09T12:10:38.165-0300] {processor.py:830} INFO - Processing file /home/pedro/.local/lib/python3.10/site-packages/airflow/example_dags/example_kubernetes_executor.py for tasks to queue
[2024-06-09T12:10:38.167-0300] {logging_mixin.py:188} INFO - [2024-06-09T12:10:38.167-0300] {dagbag.py:545} INFO - Filling up the DagBag from /home/pedro/.local/lib/python3.10/site-packages/airflow/example_dags/example_kubernetes_executor.py
[2024-06-09T12:10:38.170-0300] {logging_mixin.py:188} INFO - [2024-06-09T12:10:38.170-0300] {example_kubernetes_executor.py:39} WARNING - The example_kubernetes_executor example DAG requires the kubernetes provider. Please install it with: pip install apache-airflow[cncf.kubernetes]
[2024-06-09T12:10:38.171-0300] {processor.py:842} WARNING - No viable dags retrieved from /home/pedro/.local/lib/python3.10/site-packages/airflow/example_dags/example_kubernetes_executor.py
[2024-06-09T12:10:38.178-0300] {processor.py:183} INFO - Processing /home/pedro/.local/lib/python3.10/site-packages/airflow/example_dags/example_kubernetes_executor.py took 0.019 seconds
[2024-06-09T12:12:30.143-0300] {processor.py:161} INFO - Started process (PID=13055) to work on /home/pedro/.local/lib/python3.10/site-packages/airflow/example_dags/example_kubernetes_executor.py
[2024-06-09T12:12:30.147-0300] {processor.py:830} INFO - Processing file /home/pedro/.local/lib/python3.10/site-packages/airflow/example_dags/example_kubernetes_executor.py for tasks to queue
[2024-06-09T12:12:30.148-0300] {logging_mixin.py:188} INFO - [2024-06-09T12:12:30.148-0300] {dagbag.py:545} INFO - Filling up the DagBag from /home/pedro/.local/lib/python3.10/site-packages/airflow/example_dags/example_kubernetes_executor.py
[2024-06-09T12:12:30.151-0300] {logging_mixin.py:188} INFO - [2024-06-09T12:12:30.151-0300] {example_kubernetes_executor.py:39} WARNING - The example_kubernetes_executor example DAG requires the kubernetes provider. Please install it with: pip install apache-airflow[cncf.kubernetes]
[2024-06-09T12:12:30.151-0300] {processor.py:842} WARNING - No viable dags retrieved from /home/pedro/.local/lib/python3.10/site-packages/airflow/example_dags/example_kubernetes_executor.py
[2024-06-09T12:12:30.158-0300] {processor.py:183} INFO - Processing /home/pedro/.local/lib/python3.10/site-packages/airflow/example_dags/example_kubernetes_executor.py took 0.024 seconds
[2024-06-09T12:13:41.558-0300] {processor.py:161} INFO - Started process (PID=13171) to work on /home/pedro/.local/lib/python3.10/site-packages/airflow/example_dags/example_kubernetes_executor.py
[2024-06-09T12:13:41.562-0300] {processor.py:830} INFO - Processing file /home/pedro/.local/lib/python3.10/site-packages/airflow/example_dags/example_kubernetes_executor.py for tasks to queue
[2024-06-09T12:13:41.563-0300] {logging_mixin.py:188} INFO - [2024-06-09T12:13:41.563-0300] {dagbag.py:545} INFO - Filling up the DagBag from /home/pedro/.local/lib/python3.10/site-packages/airflow/example_dags/example_kubernetes_executor.py
[2024-06-09T12:13:41.565-0300] {logging_mixin.py:188} INFO - [2024-06-09T12:13:41.565-0300] {example_kubernetes_executor.py:39} WARNING - The example_kubernetes_executor example DAG requires the kubernetes provider. Please install it with: pip install apache-airflow[cncf.kubernetes]
[2024-06-09T12:13:41.566-0300] {processor.py:842} WARNING - No viable dags retrieved from /home/pedro/.local/lib/python3.10/site-packages/airflow/example_dags/example_kubernetes_executor.py
[2024-06-09T12:13:41.571-0300] {processor.py:183} INFO - Processing /home/pedro/.local/lib/python3.10/site-packages/airflow/example_dags/example_kubernetes_executor.py took 0.017 seconds
[2024-06-09T12:14:44.664-0300] {processor.py:161} INFO - Started process (PID=13277) to work on /home/pedro/.local/lib/python3.10/site-packages/airflow/example_dags/example_kubernetes_executor.py
[2024-06-09T12:14:44.668-0300] {processor.py:830} INFO - Processing file /home/pedro/.local/lib/python3.10/site-packages/airflow/example_dags/example_kubernetes_executor.py for tasks to queue
[2024-06-09T12:14:44.670-0300] {logging_mixin.py:188} INFO - [2024-06-09T12:14:44.669-0300] {dagbag.py:545} INFO - Filling up the DagBag from /home/pedro/.local/lib/python3.10/site-packages/airflow/example_dags/example_kubernetes_executor.py
[2024-06-09T12:14:44.672-0300] {logging_mixin.py:188} INFO - [2024-06-09T12:14:44.672-0300] {example_kubernetes_executor.py:39} WARNING - The example_kubernetes_executor example DAG requires the kubernetes provider. Please install it with: pip install apache-airflow[cncf.kubernetes]
[2024-06-09T12:14:44.673-0300] {processor.py:842} WARNING - No viable dags retrieved from /home/pedro/.local/lib/python3.10/site-packages/airflow/example_dags/example_kubernetes_executor.py
[2024-06-09T12:14:44.680-0300] {processor.py:183} INFO - Processing /home/pedro/.local/lib/python3.10/site-packages/airflow/example_dags/example_kubernetes_executor.py took 0.025 seconds
[2024-06-09T12:15:43.269-0300] {processor.py:161} INFO - Started process (PID=13379) to work on /home/pedro/.local/lib/python3.10/site-packages/airflow/example_dags/example_kubernetes_executor.py
[2024-06-09T12:15:43.270-0300] {processor.py:830} INFO - Processing file /home/pedro/.local/lib/python3.10/site-packages/airflow/example_dags/example_kubernetes_executor.py for tasks to queue
[2024-06-09T12:15:43.272-0300] {logging_mixin.py:188} INFO - [2024-06-09T12:15:43.272-0300] {dagbag.py:545} INFO - Filling up the DagBag from /home/pedro/.local/lib/python3.10/site-packages/airflow/example_dags/example_kubernetes_executor.py
[2024-06-09T12:15:43.275-0300] {logging_mixin.py:188} INFO - [2024-06-09T12:15:43.275-0300] {example_kubernetes_executor.py:39} WARNING - The example_kubernetes_executor example DAG requires the kubernetes provider. Please install it with: pip install apache-airflow[cncf.kubernetes]
[2024-06-09T12:15:43.275-0300] {processor.py:842} WARNING - No viable dags retrieved from /home/pedro/.local/lib/python3.10/site-packages/airflow/example_dags/example_kubernetes_executor.py
[2024-06-09T12:15:43.282-0300] {processor.py:183} INFO - Processing /home/pedro/.local/lib/python3.10/site-packages/airflow/example_dags/example_kubernetes_executor.py took 0.018 seconds
[2024-06-09T12:20:31.962-0300] {processor.py:161} INFO - Started process (PID=13656) to work on /home/pedro/.local/lib/python3.10/site-packages/airflow/example_dags/example_kubernetes_executor.py
[2024-06-09T12:20:31.966-0300] {processor.py:830} INFO - Processing file /home/pedro/.local/lib/python3.10/site-packages/airflow/example_dags/example_kubernetes_executor.py for tasks to queue
[2024-06-09T12:20:31.968-0300] {logging_mixin.py:188} INFO - [2024-06-09T12:20:31.967-0300] {dagbag.py:545} INFO - Filling up the DagBag from /home/pedro/.local/lib/python3.10/site-packages/airflow/example_dags/example_kubernetes_executor.py
[2024-06-09T12:20:31.971-0300] {logging_mixin.py:188} INFO - [2024-06-09T12:20:31.971-0300] {example_kubernetes_executor.py:39} WARNING - The example_kubernetes_executor example DAG requires the kubernetes provider. Please install it with: pip install apache-airflow[cncf.kubernetes]
[2024-06-09T12:20:31.972-0300] {processor.py:842} WARNING - No viable dags retrieved from /home/pedro/.local/lib/python3.10/site-packages/airflow/example_dags/example_kubernetes_executor.py
[2024-06-09T12:20:31.981-0300] {processor.py:183} INFO - Processing /home/pedro/.local/lib/python3.10/site-packages/airflow/example_dags/example_kubernetes_executor.py took 0.028 seconds
[2024-06-09T12:21:36.011-0300] {processor.py:161} INFO - Started process (PID=13797) to work on /home/pedro/.local/lib/python3.10/site-packages/airflow/example_dags/example_kubernetes_executor.py
[2024-06-09T12:21:36.012-0300] {processor.py:830} INFO - Processing file /home/pedro/.local/lib/python3.10/site-packages/airflow/example_dags/example_kubernetes_executor.py for tasks to queue
[2024-06-09T12:21:36.013-0300] {logging_mixin.py:188} INFO - [2024-06-09T12:21:36.013-0300] {dagbag.py:545} INFO - Filling up the DagBag from /home/pedro/.local/lib/python3.10/site-packages/airflow/example_dags/example_kubernetes_executor.py
[2024-06-09T12:21:36.014-0300] {logging_mixin.py:188} INFO - [2024-06-09T12:21:36.014-0300] {example_kubernetes_executor.py:39} WARNING - The example_kubernetes_executor example DAG requires the kubernetes provider. Please install it with: pip install apache-airflow[cncf.kubernetes]
[2024-06-09T12:21:36.014-0300] {processor.py:842} WARNING - No viable dags retrieved from /home/pedro/.local/lib/python3.10/site-packages/airflow/example_dags/example_kubernetes_executor.py
[2024-06-09T12:21:36.021-0300] {processor.py:183} INFO - Processing /home/pedro/.local/lib/python3.10/site-packages/airflow/example_dags/example_kubernetes_executor.py took 0.014 seconds
[2024-06-09T12:22:35.379-0300] {processor.py:161} INFO - Started process (PID=13911) to work on /home/pedro/.local/lib/python3.10/site-packages/airflow/example_dags/example_kubernetes_executor.py
[2024-06-09T12:22:35.382-0300] {processor.py:830} INFO - Processing file /home/pedro/.local/lib/python3.10/site-packages/airflow/example_dags/example_kubernetes_executor.py for tasks to queue
[2024-06-09T12:22:35.384-0300] {logging_mixin.py:188} INFO - [2024-06-09T12:22:35.383-0300] {dagbag.py:545} INFO - Filling up the DagBag from /home/pedro/.local/lib/python3.10/site-packages/airflow/example_dags/example_kubernetes_executor.py
[2024-06-09T12:22:35.387-0300] {logging_mixin.py:188} INFO - [2024-06-09T12:22:35.387-0300] {example_kubernetes_executor.py:39} WARNING - The example_kubernetes_executor example DAG requires the kubernetes provider. Please install it with: pip install apache-airflow[cncf.kubernetes]
[2024-06-09T12:22:35.388-0300] {processor.py:842} WARNING - No viable dags retrieved from /home/pedro/.local/lib/python3.10/site-packages/airflow/example_dags/example_kubernetes_executor.py
[2024-06-09T12:22:35.395-0300] {processor.py:183} INFO - Processing /home/pedro/.local/lib/python3.10/site-packages/airflow/example_dags/example_kubernetes_executor.py took 0.022 seconds
[2024-06-09T12:23:39.848-0300] {processor.py:161} INFO - Started process (PID=14044) to work on /home/pedro/.local/lib/python3.10/site-packages/airflow/example_dags/example_kubernetes_executor.py
[2024-06-09T12:23:39.852-0300] {processor.py:830} INFO - Processing file /home/pedro/.local/lib/python3.10/site-packages/airflow/example_dags/example_kubernetes_executor.py for tasks to queue
[2024-06-09T12:23:39.854-0300] {logging_mixin.py:188} INFO - [2024-06-09T12:23:39.853-0300] {dagbag.py:545} INFO - Filling up the DagBag from /home/pedro/.local/lib/python3.10/site-packages/airflow/example_dags/example_kubernetes_executor.py
[2024-06-09T12:23:39.857-0300] {logging_mixin.py:188} INFO - [2024-06-09T12:23:39.857-0300] {example_kubernetes_executor.py:39} WARNING - The example_kubernetes_executor example DAG requires the kubernetes provider. Please install it with: pip install apache-airflow[cncf.kubernetes]
[2024-06-09T12:23:39.857-0300] {processor.py:842} WARNING - No viable dags retrieved from /home/pedro/.local/lib/python3.10/site-packages/airflow/example_dags/example_kubernetes_executor.py
[2024-06-09T12:23:39.864-0300] {processor.py:183} INFO - Processing /home/pedro/.local/lib/python3.10/site-packages/airflow/example_dags/example_kubernetes_executor.py took 0.024 seconds
[2024-06-09T16:27:28.025-0300] {processor.py:161} INFO - Started process (PID=5143) to work on /home/pedro/.local/lib/python3.10/site-packages/airflow/example_dags/example_kubernetes_executor.py
[2024-06-09T16:27:28.026-0300] {processor.py:830} INFO - Processing file /home/pedro/.local/lib/python3.10/site-packages/airflow/example_dags/example_kubernetes_executor.py for tasks to queue
[2024-06-09T16:27:28.027-0300] {logging_mixin.py:188} INFO - [2024-06-09T16:27:28.027-0300] {dagbag.py:545} INFO - Filling up the DagBag from /home/pedro/.local/lib/python3.10/site-packages/airflow/example_dags/example_kubernetes_executor.py
[2024-06-09T16:27:28.030-0300] {logging_mixin.py:188} INFO - [2024-06-09T16:27:28.030-0300] {example_kubernetes_executor.py:39} WARNING - The example_kubernetes_executor example DAG requires the kubernetes provider. Please install it with: pip install apache-airflow[cncf.kubernetes]
[2024-06-09T16:27:28.031-0300] {processor.py:842} WARNING - No viable dags retrieved from /home/pedro/.local/lib/python3.10/site-packages/airflow/example_dags/example_kubernetes_executor.py
[2024-06-09T16:27:28.037-0300] {processor.py:183} INFO - Processing /home/pedro/.local/lib/python3.10/site-packages/airflow/example_dags/example_kubernetes_executor.py took 0.016 seconds
[2024-06-09T16:31:56.235-0300] {processor.py:161} INFO - Started process (PID=7872) to work on /home/pedro/.local/lib/python3.10/site-packages/airflow/example_dags/example_kubernetes_executor.py
[2024-06-09T16:31:56.239-0300] {processor.py:830} INFO - Processing file /home/pedro/.local/lib/python3.10/site-packages/airflow/example_dags/example_kubernetes_executor.py for tasks to queue
[2024-06-09T16:31:56.240-0300] {logging_mixin.py:188} INFO - [2024-06-09T16:31:56.239-0300] {dagbag.py:545} INFO - Filling up the DagBag from /home/pedro/.local/lib/python3.10/site-packages/airflow/example_dags/example_kubernetes_executor.py
[2024-06-09T16:31:56.241-0300] {logging_mixin.py:188} INFO - [2024-06-09T16:31:56.241-0300] {example_kubernetes_executor.py:39} WARNING - The example_kubernetes_executor example DAG requires the kubernetes provider. Please install it with: pip install apache-airflow[cncf.kubernetes]
[2024-06-09T16:31:56.241-0300] {processor.py:842} WARNING - No viable dags retrieved from /home/pedro/.local/lib/python3.10/site-packages/airflow/example_dags/example_kubernetes_executor.py
[2024-06-09T16:31:56.246-0300] {processor.py:183} INFO - Processing /home/pedro/.local/lib/python3.10/site-packages/airflow/example_dags/example_kubernetes_executor.py took 0.015 seconds
[2024-06-09T16:35:59.258-0300] {processor.py:161} INFO - Started process (PID=9220) to work on /home/pedro/.local/lib/python3.10/site-packages/airflow/example_dags/example_kubernetes_executor.py
[2024-06-09T16:35:59.262-0300] {processor.py:830} INFO - Processing file /home/pedro/.local/lib/python3.10/site-packages/airflow/example_dags/example_kubernetes_executor.py for tasks to queue
[2024-06-09T16:35:59.263-0300] {logging_mixin.py:188} INFO - [2024-06-09T16:35:59.262-0300] {dagbag.py:545} INFO - Filling up the DagBag from /home/pedro/.local/lib/python3.10/site-packages/airflow/example_dags/example_kubernetes_executor.py
[2024-06-09T16:35:59.266-0300] {logging_mixin.py:188} INFO - [2024-06-09T16:35:59.266-0300] {example_kubernetes_executor.py:39} WARNING - The example_kubernetes_executor example DAG requires the kubernetes provider. Please install it with: pip install apache-airflow[cncf.kubernetes]
[2024-06-09T16:35:59.266-0300] {processor.py:842} WARNING - No viable dags retrieved from /home/pedro/.local/lib/python3.10/site-packages/airflow/example_dags/example_kubernetes_executor.py
[2024-06-09T16:35:59.274-0300] {processor.py:183} INFO - Processing /home/pedro/.local/lib/python3.10/site-packages/airflow/example_dags/example_kubernetes_executor.py took 0.019 seconds
[2024-06-09T16:39:49.297-0300] {processor.py:161} INFO - Started process (PID=10625) to work on /home/pedro/.local/lib/python3.10/site-packages/airflow/example_dags/example_kubernetes_executor.py
[2024-06-09T16:39:49.300-0300] {processor.py:830} INFO - Processing file /home/pedro/.local/lib/python3.10/site-packages/airflow/example_dags/example_kubernetes_executor.py for tasks to queue
[2024-06-09T16:39:49.302-0300] {logging_mixin.py:188} INFO - [2024-06-09T16:39:49.302-0300] {dagbag.py:545} INFO - Filling up the DagBag from /home/pedro/.local/lib/python3.10/site-packages/airflow/example_dags/example_kubernetes_executor.py
[2024-06-09T16:39:49.306-0300] {logging_mixin.py:188} INFO - [2024-06-09T16:39:49.305-0300] {example_kubernetes_executor.py:39} WARNING - The example_kubernetes_executor example DAG requires the kubernetes provider. Please install it with: pip install apache-airflow[cncf.kubernetes]
[2024-06-09T16:39:49.306-0300] {processor.py:842} WARNING - No viable dags retrieved from /home/pedro/.local/lib/python3.10/site-packages/airflow/example_dags/example_kubernetes_executor.py
[2024-06-09T16:39:49.314-0300] {processor.py:183} INFO - Processing /home/pedro/.local/lib/python3.10/site-packages/airflow/example_dags/example_kubernetes_executor.py took 0.021 seconds
[2024-06-09T16:43:45.883-0300] {processor.py:161} INFO - Started process (PID=12037) to work on /home/pedro/.local/lib/python3.10/site-packages/airflow/example_dags/example_kubernetes_executor.py
[2024-06-09T16:43:45.884-0300] {processor.py:830} INFO - Processing file /home/pedro/.local/lib/python3.10/site-packages/airflow/example_dags/example_kubernetes_executor.py for tasks to queue
[2024-06-09T16:43:45.885-0300] {logging_mixin.py:188} INFO - [2024-06-09T16:43:45.885-0300] {dagbag.py:545} INFO - Filling up the DagBag from /home/pedro/.local/lib/python3.10/site-packages/airflow/example_dags/example_kubernetes_executor.py
[2024-06-09T16:43:45.887-0300] {logging_mixin.py:188} INFO - [2024-06-09T16:43:45.887-0300] {example_kubernetes_executor.py:39} WARNING - The example_kubernetes_executor example DAG requires the kubernetes provider. Please install it with: pip install apache-airflow[cncf.kubernetes]
[2024-06-09T16:43:45.887-0300] {processor.py:842} WARNING - No viable dags retrieved from /home/pedro/.local/lib/python3.10/site-packages/airflow/example_dags/example_kubernetes_executor.py
[2024-06-09T16:43:45.894-0300] {processor.py:183} INFO - Processing /home/pedro/.local/lib/python3.10/site-packages/airflow/example_dags/example_kubernetes_executor.py took 0.016 seconds
[2024-06-09T16:48:04.134-0300] {processor.py:161} INFO - Started process (PID=13493) to work on /home/pedro/.local/lib/python3.10/site-packages/airflow/example_dags/example_kubernetes_executor.py
[2024-06-09T16:48:04.137-0300] {processor.py:830} INFO - Processing file /home/pedro/.local/lib/python3.10/site-packages/airflow/example_dags/example_kubernetes_executor.py for tasks to queue
[2024-06-09T16:48:04.139-0300] {logging_mixin.py:188} INFO - [2024-06-09T16:48:04.139-0300] {dagbag.py:545} INFO - Filling up the DagBag from /home/pedro/.local/lib/python3.10/site-packages/airflow/example_dags/example_kubernetes_executor.py
[2024-06-09T16:48:04.143-0300] {logging_mixin.py:188} INFO - [2024-06-09T16:48:04.142-0300] {example_kubernetes_executor.py:39} WARNING - The example_kubernetes_executor example DAG requires the kubernetes provider. Please install it with: pip install apache-airflow[cncf.kubernetes]
[2024-06-09T16:48:04.143-0300] {processor.py:842} WARNING - No viable dags retrieved from /home/pedro/.local/lib/python3.10/site-packages/airflow/example_dags/example_kubernetes_executor.py
[2024-06-09T16:48:04.150-0300] {processor.py:183} INFO - Processing /home/pedro/.local/lib/python3.10/site-packages/airflow/example_dags/example_kubernetes_executor.py took 0.021 seconds
[2024-06-09T16:52:07.162-0300] {processor.py:161} INFO - Started process (PID=14978) to work on /home/pedro/.local/lib/python3.10/site-packages/airflow/example_dags/example_kubernetes_executor.py
[2024-06-09T16:52:07.165-0300] {processor.py:830} INFO - Processing file /home/pedro/.local/lib/python3.10/site-packages/airflow/example_dags/example_kubernetes_executor.py for tasks to queue
[2024-06-09T16:52:07.167-0300] {logging_mixin.py:188} INFO - [2024-06-09T16:52:07.166-0300] {dagbag.py:545} INFO - Filling up the DagBag from /home/pedro/.local/lib/python3.10/site-packages/airflow/example_dags/example_kubernetes_executor.py
[2024-06-09T16:52:07.168-0300] {logging_mixin.py:188} INFO - [2024-06-09T16:52:07.168-0300] {example_kubernetes_executor.py:39} WARNING - The example_kubernetes_executor example DAG requires the kubernetes provider. Please install it with: pip install apache-airflow[cncf.kubernetes]
[2024-06-09T16:52:07.168-0300] {processor.py:842} WARNING - No viable dags retrieved from /home/pedro/.local/lib/python3.10/site-packages/airflow/example_dags/example_kubernetes_executor.py
[2024-06-09T16:52:07.174-0300] {processor.py:183} INFO - Processing /home/pedro/.local/lib/python3.10/site-packages/airflow/example_dags/example_kubernetes_executor.py took 0.015 seconds
[2024-06-09T16:56:19.165-0300] {processor.py:161} INFO - Started process (PID=16428) to work on /home/pedro/.local/lib/python3.10/site-packages/airflow/example_dags/example_kubernetes_executor.py
[2024-06-09T16:56:19.168-0300] {processor.py:830} INFO - Processing file /home/pedro/.local/lib/python3.10/site-packages/airflow/example_dags/example_kubernetes_executor.py for tasks to queue
[2024-06-09T16:56:19.169-0300] {logging_mixin.py:188} INFO - [2024-06-09T16:56:19.169-0300] {dagbag.py:545} INFO - Filling up the DagBag from /home/pedro/.local/lib/python3.10/site-packages/airflow/example_dags/example_kubernetes_executor.py
[2024-06-09T16:56:19.171-0300] {logging_mixin.py:188} INFO - [2024-06-09T16:56:19.171-0300] {example_kubernetes_executor.py:39} WARNING - The example_kubernetes_executor example DAG requires the kubernetes provider. Please install it with: pip install apache-airflow[cncf.kubernetes]
[2024-06-09T16:56:19.172-0300] {processor.py:842} WARNING - No viable dags retrieved from /home/pedro/.local/lib/python3.10/site-packages/airflow/example_dags/example_kubernetes_executor.py
[2024-06-09T16:56:19.179-0300] {processor.py:183} INFO - Processing /home/pedro/.local/lib/python3.10/site-packages/airflow/example_dags/example_kubernetes_executor.py took 0.019 seconds
