[2024-06-09T11:45:48.014-0300] {processor.py:161} INFO - Started process (PID=6086) to work on /home/pedro/.local/lib/python3.10/site-packages/airflow/example_dags/example_latest_only_with_trigger.py
[2024-06-09T11:45:48.015-0300] {processor.py:830} INFO - Processing file /home/pedro/.local/lib/python3.10/site-packages/airflow/example_dags/example_latest_only_with_trigger.py for tasks to queue
[2024-06-09T11:45:48.017-0300] {logging_mixin.py:188} INFO - [2024-06-09T11:45:48.017-0300] {dagbag.py:545} INFO - Filling up the DagBag from /home/pedro/.local/lib/python3.10/site-packages/airflow/example_dags/example_latest_only_with_trigger.py
[2024-06-09T11:45:48.022-0300] {processor.py:840} INFO - DAG(s) 'latest_only_with_trigger' retrieved from /home/pedro/.local/lib/python3.10/site-packages/airflow/example_dags/example_latest_only_with_trigger.py
[2024-06-09T11:45:48.031-0300] {logging_mixin.py:188} INFO - [2024-06-09T11:45:48.031-0300] {dag.py:3096} INFO - Sync 1 DAGs
[2024-06-09T11:45:48.040-0300] {logging_mixin.py:188} INFO - [2024-06-09T11:45:48.040-0300] {dag.py:3954} INFO - Setting next_dagrun for latest_only_with_trigger to 2024-06-09 08:00:00+00:00, run_after=2024-06-09 12:00:00+00:00
[2024-06-09T11:45:48.107-0300] {processor.py:183} INFO - Processing /home/pedro/.local/lib/python3.10/site-packages/airflow/example_dags/example_latest_only_with_trigger.py took 0.101 seconds
[2024-06-09T11:46:41.580-0300] {processor.py:161} INFO - Started process (PID=7298) to work on /home/pedro/.local/lib/python3.10/site-packages/airflow/example_dags/example_latest_only_with_trigger.py
[2024-06-09T11:46:41.583-0300] {processor.py:830} INFO - Processing file /home/pedro/.local/lib/python3.10/site-packages/airflow/example_dags/example_latest_only_with_trigger.py for tasks to queue
[2024-06-09T11:46:41.584-0300] {logging_mixin.py:188} INFO - [2024-06-09T11:46:41.584-0300] {dagbag.py:545} INFO - Filling up the DagBag from /home/pedro/.local/lib/python3.10/site-packages/airflow/example_dags/example_latest_only_with_trigger.py
[2024-06-09T11:46:41.591-0300] {processor.py:840} INFO - DAG(s) 'latest_only_with_trigger' retrieved from /home/pedro/.local/lib/python3.10/site-packages/airflow/example_dags/example_latest_only_with_trigger.py
[2024-06-09T11:46:41.600-0300] {logging_mixin.py:188} INFO - [2024-06-09T11:46:41.600-0300] {dag.py:3096} INFO - Sync 1 DAGs
[2024-06-09T11:46:41.610-0300] {logging_mixin.py:188} INFO - [2024-06-09T11:46:41.610-0300] {dag.py:3954} INFO - Setting next_dagrun for latest_only_with_trigger to 2024-06-09 08:00:00+00:00, run_after=2024-06-09 12:00:00+00:00
[2024-06-09T11:46:41.624-0300] {processor.py:183} INFO - Processing /home/pedro/.local/lib/python3.10/site-packages/airflow/example_dags/example_latest_only_with_trigger.py took 0.050 seconds
[2024-06-09T11:47:42.981-0300] {processor.py:161} INFO - Started process (PID=7413) to work on /home/pedro/.local/lib/python3.10/site-packages/airflow/example_dags/example_latest_only_with_trigger.py
[2024-06-09T11:47:42.985-0300] {processor.py:830} INFO - Processing file /home/pedro/.local/lib/python3.10/site-packages/airflow/example_dags/example_latest_only_with_trigger.py for tasks to queue
[2024-06-09T11:47:42.988-0300] {logging_mixin.py:188} INFO - [2024-06-09T11:47:42.987-0300] {dagbag.py:545} INFO - Filling up the DagBag from /home/pedro/.local/lib/python3.10/site-packages/airflow/example_dags/example_latest_only_with_trigger.py
[2024-06-09T11:47:42.994-0300] {processor.py:840} INFO - DAG(s) 'latest_only_with_trigger' retrieved from /home/pedro/.local/lib/python3.10/site-packages/airflow/example_dags/example_latest_only_with_trigger.py
[2024-06-09T11:47:43.004-0300] {logging_mixin.py:188} INFO - [2024-06-09T11:47:43.004-0300] {dag.py:3096} INFO - Sync 1 DAGs
[2024-06-09T11:47:43.013-0300] {logging_mixin.py:188} INFO - [2024-06-09T11:47:43.013-0300] {dag.py:3954} INFO - Setting next_dagrun for latest_only_with_trigger to 2024-06-09 08:00:00+00:00, run_after=2024-06-09 12:00:00+00:00
[2024-06-09T11:47:43.027-0300] {processor.py:183} INFO - Processing /home/pedro/.local/lib/python3.10/site-packages/airflow/example_dags/example_latest_only_with_trigger.py took 0.050 seconds
[2024-06-09T11:48:33.928-0300] {processor.py:161} INFO - Started process (PID=7512) to work on /home/pedro/.local/lib/python3.10/site-packages/airflow/example_dags/example_latest_only_with_trigger.py
[2024-06-09T11:48:33.931-0300] {processor.py:830} INFO - Processing file /home/pedro/.local/lib/python3.10/site-packages/airflow/example_dags/example_latest_only_with_trigger.py for tasks to queue
[2024-06-09T11:48:33.933-0300] {logging_mixin.py:188} INFO - [2024-06-09T11:48:33.933-0300] {dagbag.py:545} INFO - Filling up the DagBag from /home/pedro/.local/lib/python3.10/site-packages/airflow/example_dags/example_latest_only_with_trigger.py
[2024-06-09T11:48:33.939-0300] {processor.py:840} INFO - DAG(s) 'latest_only_with_trigger' retrieved from /home/pedro/.local/lib/python3.10/site-packages/airflow/example_dags/example_latest_only_with_trigger.py
[2024-06-09T11:48:33.949-0300] {logging_mixin.py:188} INFO - [2024-06-09T11:48:33.949-0300] {dag.py:3096} INFO - Sync 1 DAGs
[2024-06-09T11:48:33.958-0300] {logging_mixin.py:188} INFO - [2024-06-09T11:48:33.958-0300] {dag.py:3954} INFO - Setting next_dagrun for latest_only_with_trigger to 2024-06-09 08:00:00+00:00, run_after=2024-06-09 12:00:00+00:00
[2024-06-09T11:48:33.972-0300] {processor.py:183} INFO - Processing /home/pedro/.local/lib/python3.10/site-packages/airflow/example_dags/example_latest_only_with_trigger.py took 0.050 seconds
[2024-06-09T11:49:36.973-0300] {processor.py:161} INFO - Started process (PID=7913) to work on /home/pedro/.local/lib/python3.10/site-packages/airflow/example_dags/example_latest_only_with_trigger.py
[2024-06-09T11:49:36.974-0300] {processor.py:830} INFO - Processing file /home/pedro/.local/lib/python3.10/site-packages/airflow/example_dags/example_latest_only_with_trigger.py for tasks to queue
[2024-06-09T11:49:36.975-0300] {logging_mixin.py:188} INFO - [2024-06-09T11:49:36.975-0300] {dagbag.py:545} INFO - Filling up the DagBag from /home/pedro/.local/lib/python3.10/site-packages/airflow/example_dags/example_latest_only_with_trigger.py
[2024-06-09T11:49:36.978-0300] {processor.py:840} INFO - DAG(s) 'latest_only_with_trigger' retrieved from /home/pedro/.local/lib/python3.10/site-packages/airflow/example_dags/example_latest_only_with_trigger.py
[2024-06-09T11:49:36.988-0300] {logging_mixin.py:188} INFO - [2024-06-09T11:49:36.987-0300] {dag.py:3096} INFO - Sync 1 DAGs
[2024-06-09T11:49:36.998-0300] {logging_mixin.py:188} INFO - [2024-06-09T11:49:36.998-0300] {dag.py:3954} INFO - Setting next_dagrun for latest_only_with_trigger to 2024-06-09 08:00:00+00:00, run_after=2024-06-09 12:00:00+00:00
[2024-06-09T11:49:37.012-0300] {processor.py:183} INFO - Processing /home/pedro/.local/lib/python3.10/site-packages/airflow/example_dags/example_latest_only_with_trigger.py took 0.042 seconds
[2024-06-09T11:50:43.986-0300] {processor.py:161} INFO - Started process (PID=8040) to work on /home/pedro/.local/lib/python3.10/site-packages/airflow/example_dags/example_latest_only_with_trigger.py
[2024-06-09T11:50:43.990-0300] {processor.py:830} INFO - Processing file /home/pedro/.local/lib/python3.10/site-packages/airflow/example_dags/example_latest_only_with_trigger.py for tasks to queue
[2024-06-09T11:50:43.991-0300] {logging_mixin.py:188} INFO - [2024-06-09T11:50:43.991-0300] {dagbag.py:545} INFO - Filling up the DagBag from /home/pedro/.local/lib/python3.10/site-packages/airflow/example_dags/example_latest_only_with_trigger.py
[2024-06-09T11:50:43.996-0300] {processor.py:840} INFO - DAG(s) 'latest_only_with_trigger' retrieved from /home/pedro/.local/lib/python3.10/site-packages/airflow/example_dags/example_latest_only_with_trigger.py
[2024-06-09T11:50:44.005-0300] {logging_mixin.py:188} INFO - [2024-06-09T11:50:44.004-0300] {dag.py:3096} INFO - Sync 1 DAGs
[2024-06-09T11:50:44.016-0300] {logging_mixin.py:188} INFO - [2024-06-09T11:50:44.016-0300] {dag.py:3954} INFO - Setting next_dagrun for latest_only_with_trigger to 2024-06-09 08:00:00+00:00, run_after=2024-06-09 12:00:00+00:00
[2024-06-09T11:50:44.031-0300] {processor.py:183} INFO - Processing /home/pedro/.local/lib/python3.10/site-packages/airflow/example_dags/example_latest_only_with_trigger.py took 0.052 seconds
[2024-06-09T11:51:52.005-0300] {processor.py:161} INFO - Started process (PID=8270) to work on /home/pedro/.local/lib/python3.10/site-packages/airflow/example_dags/example_latest_only_with_trigger.py
[2024-06-09T11:51:52.008-0300] {processor.py:830} INFO - Processing file /home/pedro/.local/lib/python3.10/site-packages/airflow/example_dags/example_latest_only_with_trigger.py for tasks to queue
[2024-06-09T11:51:52.010-0300] {logging_mixin.py:188} INFO - [2024-06-09T11:51:52.009-0300] {dagbag.py:545} INFO - Filling up the DagBag from /home/pedro/.local/lib/python3.10/site-packages/airflow/example_dags/example_latest_only_with_trigger.py
[2024-06-09T11:51:52.016-0300] {processor.py:840} INFO - DAG(s) 'latest_only_with_trigger' retrieved from /home/pedro/.local/lib/python3.10/site-packages/airflow/example_dags/example_latest_only_with_trigger.py
[2024-06-09T11:51:52.026-0300] {logging_mixin.py:188} INFO - [2024-06-09T11:51:52.026-0300] {dag.py:3096} INFO - Sync 1 DAGs
[2024-06-09T11:51:52.035-0300] {logging_mixin.py:188} INFO - [2024-06-09T11:51:52.035-0300] {dag.py:3954} INFO - Setting next_dagrun for latest_only_with_trigger to 2024-06-09 08:00:00+00:00, run_after=2024-06-09 12:00:00+00:00
[2024-06-09T11:51:52.049-0300] {processor.py:183} INFO - Processing /home/pedro/.local/lib/python3.10/site-packages/airflow/example_dags/example_latest_only_with_trigger.py took 0.050 seconds
[2024-06-09T11:52:52.692-0300] {processor.py:161} INFO - Started process (PID=8431) to work on /home/pedro/.local/lib/python3.10/site-packages/airflow/example_dags/example_latest_only_with_trigger.py
[2024-06-09T11:52:52.696-0300] {processor.py:830} INFO - Processing file /home/pedro/.local/lib/python3.10/site-packages/airflow/example_dags/example_latest_only_with_trigger.py for tasks to queue
[2024-06-09T11:52:52.698-0300] {logging_mixin.py:188} INFO - [2024-06-09T11:52:52.697-0300] {dagbag.py:545} INFO - Filling up the DagBag from /home/pedro/.local/lib/python3.10/site-packages/airflow/example_dags/example_latest_only_with_trigger.py
[2024-06-09T11:52:52.703-0300] {processor.py:840} INFO - DAG(s) 'latest_only_with_trigger' retrieved from /home/pedro/.local/lib/python3.10/site-packages/airflow/example_dags/example_latest_only_with_trigger.py
[2024-06-09T11:52:52.712-0300] {logging_mixin.py:188} INFO - [2024-06-09T11:52:52.711-0300] {dag.py:3096} INFO - Sync 1 DAGs
[2024-06-09T11:52:52.722-0300] {logging_mixin.py:188} INFO - [2024-06-09T11:52:52.722-0300] {dag.py:3954} INFO - Setting next_dagrun for latest_only_with_trigger to 2024-06-09 08:00:00+00:00, run_after=2024-06-09 12:00:00+00:00
[2024-06-09T11:52:52.739-0300] {processor.py:183} INFO - Processing /home/pedro/.local/lib/python3.10/site-packages/airflow/example_dags/example_latest_only_with_trigger.py took 0.056 seconds
[2024-06-09T11:53:51.556-0300] {processor.py:161} INFO - Started process (PID=8565) to work on /home/pedro/.local/lib/python3.10/site-packages/airflow/example_dags/example_latest_only_with_trigger.py
[2024-06-09T11:53:51.559-0300] {processor.py:830} INFO - Processing file /home/pedro/.local/lib/python3.10/site-packages/airflow/example_dags/example_latest_only_with_trigger.py for tasks to queue
[2024-06-09T11:53:51.561-0300] {logging_mixin.py:188} INFO - [2024-06-09T11:53:51.561-0300] {dagbag.py:545} INFO - Filling up the DagBag from /home/pedro/.local/lib/python3.10/site-packages/airflow/example_dags/example_latest_only_with_trigger.py
[2024-06-09T11:53:51.567-0300] {processor.py:840} INFO - DAG(s) 'latest_only_with_trigger' retrieved from /home/pedro/.local/lib/python3.10/site-packages/airflow/example_dags/example_latest_only_with_trigger.py
[2024-06-09T11:53:51.577-0300] {logging_mixin.py:188} INFO - [2024-06-09T11:53:51.577-0300] {dag.py:3096} INFO - Sync 1 DAGs
[2024-06-09T11:53:51.587-0300] {logging_mixin.py:188} INFO - [2024-06-09T11:53:51.587-0300] {dag.py:3954} INFO - Setting next_dagrun for latest_only_with_trigger to 2024-06-09 08:00:00+00:00, run_after=2024-06-09 12:00:00+00:00
[2024-06-09T11:53:51.602-0300] {processor.py:183} INFO - Processing /home/pedro/.local/lib/python3.10/site-packages/airflow/example_dags/example_latest_only_with_trigger.py took 0.051 seconds
[2024-06-09T11:54:53.353-0300] {processor.py:161} INFO - Started process (PID=8669) to work on /home/pedro/.local/lib/python3.10/site-packages/airflow/example_dags/example_latest_only_with_trigger.py
[2024-06-09T11:54:53.356-0300] {processor.py:830} INFO - Processing file /home/pedro/.local/lib/python3.10/site-packages/airflow/example_dags/example_latest_only_with_trigger.py for tasks to queue
[2024-06-09T11:54:53.358-0300] {logging_mixin.py:188} INFO - [2024-06-09T11:54:53.358-0300] {dagbag.py:545} INFO - Filling up the DagBag from /home/pedro/.local/lib/python3.10/site-packages/airflow/example_dags/example_latest_only_with_trigger.py
[2024-06-09T11:54:53.364-0300] {processor.py:840} INFO - DAG(s) 'latest_only_with_trigger' retrieved from /home/pedro/.local/lib/python3.10/site-packages/airflow/example_dags/example_latest_only_with_trigger.py
[2024-06-09T11:54:53.372-0300] {logging_mixin.py:188} INFO - [2024-06-09T11:54:53.372-0300] {dag.py:3096} INFO - Sync 1 DAGs
[2024-06-09T11:54:53.384-0300] {logging_mixin.py:188} INFO - [2024-06-09T11:54:53.383-0300] {dag.py:3954} INFO - Setting next_dagrun for latest_only_with_trigger to 2024-06-09 08:00:00+00:00, run_after=2024-06-09 12:00:00+00:00
[2024-06-09T11:54:53.401-0300] {processor.py:183} INFO - Processing /home/pedro/.local/lib/python3.10/site-packages/airflow/example_dags/example_latest_only_with_trigger.py took 0.055 seconds
[2024-06-09T11:55:51.595-0300] {processor.py:161} INFO - Started process (PID=8917) to work on /home/pedro/.local/lib/python3.10/site-packages/airflow/example_dags/example_latest_only_with_trigger.py
[2024-06-09T11:55:51.595-0300] {processor.py:830} INFO - Processing file /home/pedro/.local/lib/python3.10/site-packages/airflow/example_dags/example_latest_only_with_trigger.py for tasks to queue
[2024-06-09T11:55:51.596-0300] {logging_mixin.py:188} INFO - [2024-06-09T11:55:51.596-0300] {dagbag.py:545} INFO - Filling up the DagBag from /home/pedro/.local/lib/python3.10/site-packages/airflow/example_dags/example_latest_only_with_trigger.py
[2024-06-09T11:55:51.599-0300] {processor.py:840} INFO - DAG(s) 'latest_only_with_trigger' retrieved from /home/pedro/.local/lib/python3.10/site-packages/airflow/example_dags/example_latest_only_with_trigger.py
[2024-06-09T11:55:51.609-0300] {logging_mixin.py:188} INFO - [2024-06-09T11:55:51.608-0300] {dag.py:3096} INFO - Sync 1 DAGs
[2024-06-09T11:55:51.618-0300] {logging_mixin.py:188} INFO - [2024-06-09T11:55:51.618-0300] {dag.py:3954} INFO - Setting next_dagrun for latest_only_with_trigger to 2024-06-09 08:00:00+00:00, run_after=2024-06-09 12:00:00+00:00
[2024-06-09T11:55:51.631-0300] {processor.py:183} INFO - Processing /home/pedro/.local/lib/python3.10/site-packages/airflow/example_dags/example_latest_only_with_trigger.py took 0.042 seconds
[2024-06-09T11:58:10.100-0300] {processor.py:161} INFO - Started process (PID=9818) to work on /home/pedro/.local/lib/python3.10/site-packages/airflow/example_dags/example_latest_only_with_trigger.py
[2024-06-09T11:58:10.103-0300] {processor.py:830} INFO - Processing file /home/pedro/.local/lib/python3.10/site-packages/airflow/example_dags/example_latest_only_with_trigger.py for tasks to queue
[2024-06-09T11:58:10.105-0300] {logging_mixin.py:188} INFO - [2024-06-09T11:58:10.104-0300] {dagbag.py:545} INFO - Filling up the DagBag from /home/pedro/.local/lib/python3.10/site-packages/airflow/example_dags/example_latest_only_with_trigger.py
[2024-06-09T11:58:10.111-0300] {processor.py:840} INFO - DAG(s) 'latest_only_with_trigger' retrieved from /home/pedro/.local/lib/python3.10/site-packages/airflow/example_dags/example_latest_only_with_trigger.py
[2024-06-09T11:58:10.122-0300] {logging_mixin.py:188} INFO - [2024-06-09T11:58:10.121-0300] {dag.py:3096} INFO - Sync 1 DAGs
[2024-06-09T11:58:10.131-0300] {logging_mixin.py:188} INFO - [2024-06-09T11:58:10.131-0300] {dag.py:3954} INFO - Setting next_dagrun for latest_only_with_trigger to 2024-06-09 08:00:00+00:00, run_after=2024-06-09 12:00:00+00:00
[2024-06-09T11:58:10.198-0300] {processor.py:183} INFO - Processing /home/pedro/.local/lib/python3.10/site-packages/airflow/example_dags/example_latest_only_with_trigger.py took 0.107 seconds
[2024-06-09T11:59:38.171-0300] {processor.py:161} INFO - Started process (PID=10737) to work on /home/pedro/.local/lib/python3.10/site-packages/airflow/example_dags/example_latest_only_with_trigger.py
[2024-06-09T11:59:38.174-0300] {processor.py:830} INFO - Processing file /home/pedro/.local/lib/python3.10/site-packages/airflow/example_dags/example_latest_only_with_trigger.py for tasks to queue
[2024-06-09T11:59:38.176-0300] {logging_mixin.py:188} INFO - [2024-06-09T11:59:38.175-0300] {dagbag.py:545} INFO - Filling up the DagBag from /home/pedro/.local/lib/python3.10/site-packages/airflow/example_dags/example_latest_only_with_trigger.py
[2024-06-09T11:59:38.182-0300] {processor.py:840} INFO - DAG(s) 'latest_only_with_trigger' retrieved from /home/pedro/.local/lib/python3.10/site-packages/airflow/example_dags/example_latest_only_with_trigger.py
[2024-06-09T11:59:38.192-0300] {logging_mixin.py:188} INFO - [2024-06-09T11:59:38.192-0300] {dag.py:3096} INFO - Sync 1 DAGs
[2024-06-09T11:59:38.204-0300] {logging_mixin.py:188} INFO - [2024-06-09T11:59:38.204-0300] {dag.py:3954} INFO - Setting next_dagrun for latest_only_with_trigger to 2024-06-09 08:00:00+00:00, run_after=2024-06-09 12:00:00+00:00
[2024-06-09T11:59:38.278-0300] {processor.py:183} INFO - Processing /home/pedro/.local/lib/python3.10/site-packages/airflow/example_dags/example_latest_only_with_trigger.py took 0.115 seconds
[2024-06-09T12:00:30.924-0300] {processor.py:161} INFO - Started process (PID=10836) to work on /home/pedro/.local/lib/python3.10/site-packages/airflow/example_dags/example_latest_only_with_trigger.py
[2024-06-09T12:00:30.927-0300] {processor.py:830} INFO - Processing file /home/pedro/.local/lib/python3.10/site-packages/airflow/example_dags/example_latest_only_with_trigger.py for tasks to queue
[2024-06-09T12:00:30.929-0300] {logging_mixin.py:188} INFO - [2024-06-09T12:00:30.929-0300] {dagbag.py:545} INFO - Filling up the DagBag from /home/pedro/.local/lib/python3.10/site-packages/airflow/example_dags/example_latest_only_with_trigger.py
[2024-06-09T12:00:30.934-0300] {processor.py:840} INFO - DAG(s) 'latest_only_with_trigger' retrieved from /home/pedro/.local/lib/python3.10/site-packages/airflow/example_dags/example_latest_only_with_trigger.py
[2024-06-09T12:00:30.946-0300] {logging_mixin.py:188} INFO - [2024-06-09T12:00:30.946-0300] {dag.py:3096} INFO - Sync 1 DAGs
[2024-06-09T12:00:30.957-0300] {logging_mixin.py:188} INFO - [2024-06-09T12:00:30.957-0300] {dag.py:3954} INFO - Setting next_dagrun for latest_only_with_trigger to 2024-06-09 08:00:00+00:00, run_after=2024-06-09 12:00:00+00:00
[2024-06-09T12:00:30.974-0300] {processor.py:183} INFO - Processing /home/pedro/.local/lib/python3.10/site-packages/airflow/example_dags/example_latest_only_with_trigger.py took 0.058 seconds
[2024-06-09T12:01:20.342-0300] {processor.py:161} INFO - Started process (PID=11130) to work on /home/pedro/.local/lib/python3.10/site-packages/airflow/example_dags/example_latest_only_with_trigger.py
[2024-06-09T12:01:20.345-0300] {processor.py:830} INFO - Processing file /home/pedro/.local/lib/python3.10/site-packages/airflow/example_dags/example_latest_only_with_trigger.py for tasks to queue
[2024-06-09T12:01:20.347-0300] {logging_mixin.py:188} INFO - [2024-06-09T12:01:20.347-0300] {dagbag.py:545} INFO - Filling up the DagBag from /home/pedro/.local/lib/python3.10/site-packages/airflow/example_dags/example_latest_only_with_trigger.py
[2024-06-09T12:01:20.353-0300] {processor.py:840} INFO - DAG(s) 'latest_only_with_trigger' retrieved from /home/pedro/.local/lib/python3.10/site-packages/airflow/example_dags/example_latest_only_with_trigger.py
[2024-06-09T12:01:20.363-0300] {logging_mixin.py:188} INFO - [2024-06-09T12:01:20.363-0300] {dag.py:3096} INFO - Sync 1 DAGs
[2024-06-09T12:01:20.373-0300] {logging_mixin.py:188} INFO - [2024-06-09T12:01:20.373-0300] {dag.py:3954} INFO - Setting next_dagrun for latest_only_with_trigger to 2024-06-09 08:00:00+00:00, run_after=2024-06-09 12:00:00+00:00
[2024-06-09T12:01:20.391-0300] {processor.py:183} INFO - Processing /home/pedro/.local/lib/python3.10/site-packages/airflow/example_dags/example_latest_only_with_trigger.py took 0.059 seconds
[2024-06-09T12:02:25.858-0300] {processor.py:161} INFO - Started process (PID=11259) to work on /home/pedro/.local/lib/python3.10/site-packages/airflow/example_dags/example_latest_only_with_trigger.py
[2024-06-09T12:02:25.862-0300] {processor.py:830} INFO - Processing file /home/pedro/.local/lib/python3.10/site-packages/airflow/example_dags/example_latest_only_with_trigger.py for tasks to queue
[2024-06-09T12:02:25.864-0300] {logging_mixin.py:188} INFO - [2024-06-09T12:02:25.863-0300] {dagbag.py:545} INFO - Filling up the DagBag from /home/pedro/.local/lib/python3.10/site-packages/airflow/example_dags/example_latest_only_with_trigger.py
[2024-06-09T12:02:25.869-0300] {processor.py:840} INFO - DAG(s) 'latest_only_with_trigger' retrieved from /home/pedro/.local/lib/python3.10/site-packages/airflow/example_dags/example_latest_only_with_trigger.py
[2024-06-09T12:02:25.880-0300] {logging_mixin.py:188} INFO - [2024-06-09T12:02:25.880-0300] {dag.py:3096} INFO - Sync 1 DAGs
[2024-06-09T12:02:25.890-0300] {logging_mixin.py:188} INFO - [2024-06-09T12:02:25.889-0300] {dag.py:3954} INFO - Setting next_dagrun for latest_only_with_trigger to 2024-06-09 08:00:00+00:00, run_after=2024-06-09 12:00:00+00:00
[2024-06-09T12:02:25.907-0300] {processor.py:183} INFO - Processing /home/pedro/.local/lib/python3.10/site-packages/airflow/example_dags/example_latest_only_with_trigger.py took 0.058 seconds
[2024-06-09T12:03:31.423-0300] {processor.py:161} INFO - Started process (PID=11379) to work on /home/pedro/.local/lib/python3.10/site-packages/airflow/example_dags/example_latest_only_with_trigger.py
[2024-06-09T12:03:31.426-0300] {processor.py:830} INFO - Processing file /home/pedro/.local/lib/python3.10/site-packages/airflow/example_dags/example_latest_only_with_trigger.py for tasks to queue
[2024-06-09T12:03:31.427-0300] {logging_mixin.py:188} INFO - [2024-06-09T12:03:31.427-0300] {dagbag.py:545} INFO - Filling up the DagBag from /home/pedro/.local/lib/python3.10/site-packages/airflow/example_dags/example_latest_only_with_trigger.py
[2024-06-09T12:03:31.433-0300] {processor.py:840} INFO - DAG(s) 'latest_only_with_trigger' retrieved from /home/pedro/.local/lib/python3.10/site-packages/airflow/example_dags/example_latest_only_with_trigger.py
[2024-06-09T12:03:31.441-0300] {logging_mixin.py:188} INFO - [2024-06-09T12:03:31.441-0300] {dag.py:3096} INFO - Sync 1 DAGs
[2024-06-09T12:03:31.452-0300] {logging_mixin.py:188} INFO - [2024-06-09T12:03:31.452-0300] {dag.py:3954} INFO - Setting next_dagrun for latest_only_with_trigger to 2024-06-09 08:00:00+00:00, run_after=2024-06-09 12:00:00+00:00
[2024-06-09T12:03:31.469-0300] {processor.py:183} INFO - Processing /home/pedro/.local/lib/python3.10/site-packages/airflow/example_dags/example_latest_only_with_trigger.py took 0.049 seconds
[2024-06-09T12:04:28.225-0300] {processor.py:161} INFO - Started process (PID=11520) to work on /home/pedro/.local/lib/python3.10/site-packages/airflow/example_dags/example_latest_only_with_trigger.py
[2024-06-09T12:04:28.229-0300] {processor.py:830} INFO - Processing file /home/pedro/.local/lib/python3.10/site-packages/airflow/example_dags/example_latest_only_with_trigger.py for tasks to queue
[2024-06-09T12:04:28.231-0300] {logging_mixin.py:188} INFO - [2024-06-09T12:04:28.230-0300] {dagbag.py:545} INFO - Filling up the DagBag from /home/pedro/.local/lib/python3.10/site-packages/airflow/example_dags/example_latest_only_with_trigger.py
[2024-06-09T12:04:28.236-0300] {processor.py:840} INFO - DAG(s) 'latest_only_with_trigger' retrieved from /home/pedro/.local/lib/python3.10/site-packages/airflow/example_dags/example_latest_only_with_trigger.py
[2024-06-09T12:04:28.245-0300] {logging_mixin.py:188} INFO - [2024-06-09T12:04:28.245-0300] {dag.py:3096} INFO - Sync 1 DAGs
[2024-06-09T12:04:28.256-0300] {logging_mixin.py:188} INFO - [2024-06-09T12:04:28.256-0300] {dag.py:3954} INFO - Setting next_dagrun for latest_only_with_trigger to 2024-06-09 08:00:00+00:00, run_after=2024-06-09 12:00:00+00:00
[2024-06-09T12:04:28.272-0300] {processor.py:183} INFO - Processing /home/pedro/.local/lib/python3.10/site-packages/airflow/example_dags/example_latest_only_with_trigger.py took 0.056 seconds
[2024-06-09T12:05:31.326-0300] {processor.py:161} INFO - Started process (PID=11637) to work on /home/pedro/.local/lib/python3.10/site-packages/airflow/example_dags/example_latest_only_with_trigger.py
[2024-06-09T12:05:31.327-0300] {processor.py:830} INFO - Processing file /home/pedro/.local/lib/python3.10/site-packages/airflow/example_dags/example_latest_only_with_trigger.py for tasks to queue
[2024-06-09T12:05:31.328-0300] {logging_mixin.py:188} INFO - [2024-06-09T12:05:31.328-0300] {dagbag.py:545} INFO - Filling up the DagBag from /home/pedro/.local/lib/python3.10/site-packages/airflow/example_dags/example_latest_only_with_trigger.py
[2024-06-09T12:05:31.333-0300] {processor.py:840} INFO - DAG(s) 'latest_only_with_trigger' retrieved from /home/pedro/.local/lib/python3.10/site-packages/airflow/example_dags/example_latest_only_with_trigger.py
[2024-06-09T12:05:31.342-0300] {logging_mixin.py:188} INFO - [2024-06-09T12:05:31.342-0300] {dag.py:3096} INFO - Sync 1 DAGs
[2024-06-09T12:05:31.353-0300] {logging_mixin.py:188} INFO - [2024-06-09T12:05:31.353-0300] {dag.py:3954} INFO - Setting next_dagrun for latest_only_with_trigger to 2024-06-09 08:00:00+00:00, run_after=2024-06-09 12:00:00+00:00
[2024-06-09T12:05:31.368-0300] {processor.py:183} INFO - Processing /home/pedro/.local/lib/python3.10/site-packages/airflow/example_dags/example_latest_only_with_trigger.py took 0.047 seconds
[2024-06-09T12:07:01.416-0300] {processor.py:161} INFO - Started process (PID=12479) to work on /home/pedro/.local/lib/python3.10/site-packages/airflow/example_dags/example_latest_only_with_trigger.py
[2024-06-09T12:07:01.420-0300] {processor.py:830} INFO - Processing file /home/pedro/.local/lib/python3.10/site-packages/airflow/example_dags/example_latest_only_with_trigger.py for tasks to queue
[2024-06-09T12:07:01.421-0300] {logging_mixin.py:188} INFO - [2024-06-09T12:07:01.421-0300] {dagbag.py:545} INFO - Filling up the DagBag from /home/pedro/.local/lib/python3.10/site-packages/airflow/example_dags/example_latest_only_with_trigger.py
[2024-06-09T12:07:01.425-0300] {processor.py:840} INFO - DAG(s) 'latest_only_with_trigger' retrieved from /home/pedro/.local/lib/python3.10/site-packages/airflow/example_dags/example_latest_only_with_trigger.py
[2024-06-09T12:07:01.436-0300] {logging_mixin.py:188} INFO - [2024-06-09T12:07:01.436-0300] {dag.py:3096} INFO - Sync 1 DAGs
[2024-06-09T12:07:01.447-0300] {logging_mixin.py:188} INFO - [2024-06-09T12:07:01.447-0300] {dag.py:3954} INFO - Setting next_dagrun for latest_only_with_trigger to 2024-06-09 08:00:00+00:00, run_after=2024-06-09 12:00:00+00:00
[2024-06-09T12:07:01.524-0300] {processor.py:183} INFO - Processing /home/pedro/.local/lib/python3.10/site-packages/airflow/example_dags/example_latest_only_with_trigger.py took 0.118 seconds
[2024-06-09T12:07:58.371-0300] {processor.py:161} INFO - Started process (PID=12581) to work on /home/pedro/.local/lib/python3.10/site-packages/airflow/example_dags/example_latest_only_with_trigger.py
[2024-06-09T12:07:58.375-0300] {processor.py:830} INFO - Processing file /home/pedro/.local/lib/python3.10/site-packages/airflow/example_dags/example_latest_only_with_trigger.py for tasks to queue
[2024-06-09T12:07:58.376-0300] {logging_mixin.py:188} INFO - [2024-06-09T12:07:58.376-0300] {dagbag.py:545} INFO - Filling up the DagBag from /home/pedro/.local/lib/python3.10/site-packages/airflow/example_dags/example_latest_only_with_trigger.py
[2024-06-09T12:07:58.382-0300] {processor.py:840} INFO - DAG(s) 'latest_only_with_trigger' retrieved from /home/pedro/.local/lib/python3.10/site-packages/airflow/example_dags/example_latest_only_with_trigger.py
[2024-06-09T12:07:58.392-0300] {logging_mixin.py:188} INFO - [2024-06-09T12:07:58.392-0300] {dag.py:3096} INFO - Sync 1 DAGs
[2024-06-09T12:07:58.402-0300] {logging_mixin.py:188} INFO - [2024-06-09T12:07:58.402-0300] {dag.py:3954} INFO - Setting next_dagrun for latest_only_with_trigger to 2024-06-09 08:00:00+00:00, run_after=2024-06-09 12:00:00+00:00
[2024-06-09T12:07:58.419-0300] {processor.py:183} INFO - Processing /home/pedro/.local/lib/python3.10/site-packages/airflow/example_dags/example_latest_only_with_trigger.py took 0.051 seconds
[2024-06-09T12:08:48.697-0300] {processor.py:161} INFO - Started process (PID=12670) to work on /home/pedro/.local/lib/python3.10/site-packages/airflow/example_dags/example_latest_only_with_trigger.py
[2024-06-09T12:08:48.699-0300] {processor.py:830} INFO - Processing file /home/pedro/.local/lib/python3.10/site-packages/airflow/example_dags/example_latest_only_with_trigger.py for tasks to queue
[2024-06-09T12:08:48.700-0300] {logging_mixin.py:188} INFO - [2024-06-09T12:08:48.700-0300] {dagbag.py:545} INFO - Filling up the DagBag from /home/pedro/.local/lib/python3.10/site-packages/airflow/example_dags/example_latest_only_with_trigger.py
[2024-06-09T12:08:48.705-0300] {processor.py:840} INFO - DAG(s) 'latest_only_with_trigger' retrieved from /home/pedro/.local/lib/python3.10/site-packages/airflow/example_dags/example_latest_only_with_trigger.py
[2024-06-09T12:08:48.713-0300] {logging_mixin.py:188} INFO - [2024-06-09T12:08:48.713-0300] {dag.py:3096} INFO - Sync 1 DAGs
[2024-06-09T12:08:48.725-0300] {logging_mixin.py:188} INFO - [2024-06-09T12:08:48.725-0300] {dag.py:3954} INFO - Setting next_dagrun for latest_only_with_trigger to 2024-06-09 08:00:00+00:00, run_after=2024-06-09 12:00:00+00:00
[2024-06-09T12:08:48.739-0300] {processor.py:183} INFO - Processing /home/pedro/.local/lib/python3.10/site-packages/airflow/example_dags/example_latest_only_with_trigger.py took 0.052 seconds
[2024-06-09T12:09:51.777-0300] {processor.py:161} INFO - Started process (PID=12790) to work on /home/pedro/.local/lib/python3.10/site-packages/airflow/example_dags/example_latest_only_with_trigger.py
[2024-06-09T12:09:51.780-0300] {processor.py:830} INFO - Processing file /home/pedro/.local/lib/python3.10/site-packages/airflow/example_dags/example_latest_only_with_trigger.py for tasks to queue
[2024-06-09T12:09:51.782-0300] {logging_mixin.py:188} INFO - [2024-06-09T12:09:51.782-0300] {dagbag.py:545} INFO - Filling up the DagBag from /home/pedro/.local/lib/python3.10/site-packages/airflow/example_dags/example_latest_only_with_trigger.py
[2024-06-09T12:09:51.788-0300] {processor.py:840} INFO - DAG(s) 'latest_only_with_trigger' retrieved from /home/pedro/.local/lib/python3.10/site-packages/airflow/example_dags/example_latest_only_with_trigger.py
[2024-06-09T12:09:51.797-0300] {logging_mixin.py:188} INFO - [2024-06-09T12:09:51.797-0300] {dag.py:3096} INFO - Sync 1 DAGs
[2024-06-09T12:09:51.806-0300] {logging_mixin.py:188} INFO - [2024-06-09T12:09:51.806-0300] {dag.py:3954} INFO - Setting next_dagrun for latest_only_with_trigger to 2024-06-09 08:00:00+00:00, run_after=2024-06-09 12:00:00+00:00
[2024-06-09T12:09:51.823-0300] {processor.py:183} INFO - Processing /home/pedro/.local/lib/python3.10/site-packages/airflow/example_dags/example_latest_only_with_trigger.py took 0.055 seconds
[2024-06-09T12:10:56.017-0300] {processor.py:161} INFO - Started process (PID=12903) to work on /home/pedro/.local/lib/python3.10/site-packages/airflow/example_dags/example_latest_only_with_trigger.py
[2024-06-09T12:10:56.021-0300] {processor.py:830} INFO - Processing file /home/pedro/.local/lib/python3.10/site-packages/airflow/example_dags/example_latest_only_with_trigger.py for tasks to queue
[2024-06-09T12:10:56.023-0300] {logging_mixin.py:188} INFO - [2024-06-09T12:10:56.023-0300] {dagbag.py:545} INFO - Filling up the DagBag from /home/pedro/.local/lib/python3.10/site-packages/airflow/example_dags/example_latest_only_with_trigger.py
[2024-06-09T12:10:56.028-0300] {processor.py:840} INFO - DAG(s) 'latest_only_with_trigger' retrieved from /home/pedro/.local/lib/python3.10/site-packages/airflow/example_dags/example_latest_only_with_trigger.py
[2024-06-09T12:10:56.038-0300] {logging_mixin.py:188} INFO - [2024-06-09T12:10:56.038-0300] {dag.py:3096} INFO - Sync 1 DAGs
[2024-06-09T12:10:56.048-0300] {logging_mixin.py:188} INFO - [2024-06-09T12:10:56.048-0300] {dag.py:3954} INFO - Setting next_dagrun for latest_only_with_trigger to 2024-06-09 08:00:00+00:00, run_after=2024-06-09 12:00:00+00:00
[2024-06-09T12:10:56.064-0300] {processor.py:183} INFO - Processing /home/pedro/.local/lib/python3.10/site-packages/airflow/example_dags/example_latest_only_with_trigger.py took 0.056 seconds
[2024-06-09T12:12:16.251-0300] {processor.py:161} INFO - Started process (PID=13042) to work on /home/pedro/.local/lib/python3.10/site-packages/airflow/example_dags/example_latest_only_with_trigger.py
[2024-06-09T12:12:16.254-0300] {processor.py:830} INFO - Processing file /home/pedro/.local/lib/python3.10/site-packages/airflow/example_dags/example_latest_only_with_trigger.py for tasks to queue
[2024-06-09T12:12:16.256-0300] {logging_mixin.py:188} INFO - [2024-06-09T12:12:16.256-0300] {dagbag.py:545} INFO - Filling up the DagBag from /home/pedro/.local/lib/python3.10/site-packages/airflow/example_dags/example_latest_only_with_trigger.py
[2024-06-09T12:12:16.261-0300] {processor.py:840} INFO - DAG(s) 'latest_only_with_trigger' retrieved from /home/pedro/.local/lib/python3.10/site-packages/airflow/example_dags/example_latest_only_with_trigger.py
[2024-06-09T12:12:16.271-0300] {logging_mixin.py:188} INFO - [2024-06-09T12:12:16.271-0300] {dag.py:3096} INFO - Sync 1 DAGs
[2024-06-09T12:12:16.281-0300] {logging_mixin.py:188} INFO - [2024-06-09T12:12:16.281-0300] {dag.py:3954} INFO - Setting next_dagrun for latest_only_with_trigger to 2024-06-09 08:00:00+00:00, run_after=2024-06-09 12:00:00+00:00
[2024-06-09T12:12:16.357-0300] {processor.py:183} INFO - Processing /home/pedro/.local/lib/python3.10/site-packages/airflow/example_dags/example_latest_only_with_trigger.py took 0.113 seconds
[2024-06-09T12:13:10.911-0300] {processor.py:161} INFO - Started process (PID=13129) to work on /home/pedro/.local/lib/python3.10/site-packages/airflow/example_dags/example_latest_only_with_trigger.py
[2024-06-09T12:13:10.914-0300] {processor.py:830} INFO - Processing file /home/pedro/.local/lib/python3.10/site-packages/airflow/example_dags/example_latest_only_with_trigger.py for tasks to queue
[2024-06-09T12:13:10.916-0300] {logging_mixin.py:188} INFO - [2024-06-09T12:13:10.915-0300] {dagbag.py:545} INFO - Filling up the DagBag from /home/pedro/.local/lib/python3.10/site-packages/airflow/example_dags/example_latest_only_with_trigger.py
[2024-06-09T12:13:10.919-0300] {processor.py:840} INFO - DAG(s) 'latest_only_with_trigger' retrieved from /home/pedro/.local/lib/python3.10/site-packages/airflow/example_dags/example_latest_only_with_trigger.py
[2024-06-09T12:13:10.928-0300] {logging_mixin.py:188} INFO - [2024-06-09T12:13:10.928-0300] {dag.py:3096} INFO - Sync 1 DAGs
[2024-06-09T12:13:10.939-0300] {logging_mixin.py:188} INFO - [2024-06-09T12:13:10.939-0300] {dag.py:3954} INFO - Setting next_dagrun for latest_only_with_trigger to 2024-06-09 08:00:00+00:00, run_after=2024-06-09 12:00:00+00:00
[2024-06-09T12:13:10.955-0300] {processor.py:183} INFO - Processing /home/pedro/.local/lib/python3.10/site-packages/airflow/example_dags/example_latest_only_with_trigger.py took 0.049 seconds
[2024-06-09T12:14:01.852-0300] {processor.py:161} INFO - Started process (PID=13198) to work on /home/pedro/.local/lib/python3.10/site-packages/airflow/example_dags/example_latest_only_with_trigger.py
[2024-06-09T12:14:01.855-0300] {processor.py:830} INFO - Processing file /home/pedro/.local/lib/python3.10/site-packages/airflow/example_dags/example_latest_only_with_trigger.py for tasks to queue
[2024-06-09T12:14:01.857-0300] {logging_mixin.py:188} INFO - [2024-06-09T12:14:01.857-0300] {dagbag.py:545} INFO - Filling up the DagBag from /home/pedro/.local/lib/python3.10/site-packages/airflow/example_dags/example_latest_only_with_trigger.py
[2024-06-09T12:14:01.863-0300] {processor.py:840} INFO - DAG(s) 'latest_only_with_trigger' retrieved from /home/pedro/.local/lib/python3.10/site-packages/airflow/example_dags/example_latest_only_with_trigger.py
[2024-06-09T12:14:01.873-0300] {logging_mixin.py:188} INFO - [2024-06-09T12:14:01.872-0300] {dag.py:3096} INFO - Sync 1 DAGs
[2024-06-09T12:14:01.884-0300] {logging_mixin.py:188} INFO - [2024-06-09T12:14:01.884-0300] {dag.py:3954} INFO - Setting next_dagrun for latest_only_with_trigger to 2024-06-09 08:00:00+00:00, run_after=2024-06-09 12:00:00+00:00
[2024-06-09T12:14:01.900-0300] {processor.py:183} INFO - Processing /home/pedro/.local/lib/python3.10/site-packages/airflow/example_dags/example_latest_only_with_trigger.py took 0.051 seconds
[2024-06-09T12:15:29.388-0300] {processor.py:161} INFO - Started process (PID=13363) to work on /home/pedro/.local/lib/python3.10/site-packages/airflow/example_dags/example_latest_only_with_trigger.py
[2024-06-09T12:15:29.389-0300] {processor.py:830} INFO - Processing file /home/pedro/.local/lib/python3.10/site-packages/airflow/example_dags/example_latest_only_with_trigger.py for tasks to queue
[2024-06-09T12:15:29.390-0300] {logging_mixin.py:188} INFO - [2024-06-09T12:15:29.390-0300] {dagbag.py:545} INFO - Filling up the DagBag from /home/pedro/.local/lib/python3.10/site-packages/airflow/example_dags/example_latest_only_with_trigger.py
[2024-06-09T12:15:29.393-0300] {processor.py:840} INFO - DAG(s) 'latest_only_with_trigger' retrieved from /home/pedro/.local/lib/python3.10/site-packages/airflow/example_dags/example_latest_only_with_trigger.py
[2024-06-09T12:15:29.404-0300] {logging_mixin.py:188} INFO - [2024-06-09T12:15:29.404-0300] {dag.py:3096} INFO - Sync 1 DAGs
[2024-06-09T12:15:29.415-0300] {logging_mixin.py:188} INFO - [2024-06-09T12:15:29.414-0300] {dag.py:3954} INFO - Setting next_dagrun for latest_only_with_trigger to 2024-06-09 08:00:00+00:00, run_after=2024-06-09 12:00:00+00:00
[2024-06-09T12:15:29.492-0300] {processor.py:183} INFO - Processing /home/pedro/.local/lib/python3.10/site-packages/airflow/example_dags/example_latest_only_with_trigger.py took 0.108 seconds
[2024-06-09T12:20:17.839-0300] {processor.py:161} INFO - Started process (PID=13626) to work on /home/pedro/.local/lib/python3.10/site-packages/airflow/example_dags/example_latest_only_with_trigger.py
[2024-06-09T12:20:17.841-0300] {processor.py:830} INFO - Processing file /home/pedro/.local/lib/python3.10/site-packages/airflow/example_dags/example_latest_only_with_trigger.py for tasks to queue
[2024-06-09T12:20:17.843-0300] {logging_mixin.py:188} INFO - [2024-06-09T12:20:17.842-0300] {dagbag.py:545} INFO - Filling up the DagBag from /home/pedro/.local/lib/python3.10/site-packages/airflow/example_dags/example_latest_only_with_trigger.py
[2024-06-09T12:20:17.847-0300] {processor.py:840} INFO - DAG(s) 'latest_only_with_trigger' retrieved from /home/pedro/.local/lib/python3.10/site-packages/airflow/example_dags/example_latest_only_with_trigger.py
[2024-06-09T12:20:17.857-0300] {logging_mixin.py:188} INFO - [2024-06-09T12:20:17.857-0300] {dag.py:3096} INFO - Sync 1 DAGs
[2024-06-09T12:20:17.866-0300] {logging_mixin.py:188} INFO - [2024-06-09T12:20:17.866-0300] {dag.py:3954} INFO - Setting next_dagrun for latest_only_with_trigger to 2024-06-09 08:00:00+00:00, run_after=2024-06-09 12:00:00+00:00
[2024-06-09T12:20:17.932-0300] {processor.py:183} INFO - Processing /home/pedro/.local/lib/python3.10/site-packages/airflow/example_dags/example_latest_only_with_trigger.py took 0.102 seconds
[2024-06-09T12:21:10.251-0300] {processor.py:161} INFO - Started process (PID=13756) to work on /home/pedro/.local/lib/python3.10/site-packages/airflow/example_dags/example_latest_only_with_trigger.py
[2024-06-09T12:21:10.254-0300] {processor.py:830} INFO - Processing file /home/pedro/.local/lib/python3.10/site-packages/airflow/example_dags/example_latest_only_with_trigger.py for tasks to queue
[2024-06-09T12:21:10.256-0300] {logging_mixin.py:188} INFO - [2024-06-09T12:21:10.256-0300] {dagbag.py:545} INFO - Filling up the DagBag from /home/pedro/.local/lib/python3.10/site-packages/airflow/example_dags/example_latest_only_with_trigger.py
[2024-06-09T12:21:10.262-0300] {processor.py:840} INFO - DAG(s) 'latest_only_with_trigger' retrieved from /home/pedro/.local/lib/python3.10/site-packages/airflow/example_dags/example_latest_only_with_trigger.py
[2024-06-09T12:21:10.272-0300] {logging_mixin.py:188} INFO - [2024-06-09T12:21:10.272-0300] {dag.py:3096} INFO - Sync 1 DAGs
[2024-06-09T12:21:10.281-0300] {logging_mixin.py:188} INFO - [2024-06-09T12:21:10.281-0300] {dag.py:3954} INFO - Setting next_dagrun for latest_only_with_trigger to 2024-06-09 08:00:00+00:00, run_after=2024-06-09 12:00:00+00:00
[2024-06-09T12:21:10.297-0300] {processor.py:183} INFO - Processing /home/pedro/.local/lib/python3.10/site-packages/airflow/example_dags/example_latest_only_with_trigger.py took 0.049 seconds
[2024-06-09T12:22:08.262-0300] {processor.py:161} INFO - Started process (PID=13861) to work on /home/pedro/.local/lib/python3.10/site-packages/airflow/example_dags/example_latest_only_with_trigger.py
[2024-06-09T12:22:08.266-0300] {processor.py:830} INFO - Processing file /home/pedro/.local/lib/python3.10/site-packages/airflow/example_dags/example_latest_only_with_trigger.py for tasks to queue
[2024-06-09T12:22:08.268-0300] {logging_mixin.py:188} INFO - [2024-06-09T12:22:08.267-0300] {dagbag.py:545} INFO - Filling up the DagBag from /home/pedro/.local/lib/python3.10/site-packages/airflow/example_dags/example_latest_only_with_trigger.py
[2024-06-09T12:22:08.275-0300] {processor.py:840} INFO - DAG(s) 'latest_only_with_trigger' retrieved from /home/pedro/.local/lib/python3.10/site-packages/airflow/example_dags/example_latest_only_with_trigger.py
[2024-06-09T12:22:08.285-0300] {logging_mixin.py:188} INFO - [2024-06-09T12:22:08.285-0300] {dag.py:3096} INFO - Sync 1 DAGs
[2024-06-09T12:22:08.294-0300] {logging_mixin.py:188} INFO - [2024-06-09T12:22:08.294-0300] {dag.py:3954} INFO - Setting next_dagrun for latest_only_with_trigger to 2024-06-09 08:00:00+00:00, run_after=2024-06-09 12:00:00+00:00
[2024-06-09T12:22:08.310-0300] {processor.py:183} INFO - Processing /home/pedro/.local/lib/python3.10/site-packages/airflow/example_dags/example_latest_only_with_trigger.py took 0.052 seconds
[2024-06-09T12:23:13.364-0300] {processor.py:161} INFO - Started process (PID=14000) to work on /home/pedro/.local/lib/python3.10/site-packages/airflow/example_dags/example_latest_only_with_trigger.py
[2024-06-09T12:23:13.368-0300] {processor.py:830} INFO - Processing file /home/pedro/.local/lib/python3.10/site-packages/airflow/example_dags/example_latest_only_with_trigger.py for tasks to queue
[2024-06-09T12:23:13.371-0300] {logging_mixin.py:188} INFO - [2024-06-09T12:23:13.370-0300] {dagbag.py:545} INFO - Filling up the DagBag from /home/pedro/.local/lib/python3.10/site-packages/airflow/example_dags/example_latest_only_with_trigger.py
[2024-06-09T12:23:13.376-0300] {processor.py:840} INFO - DAG(s) 'latest_only_with_trigger' retrieved from /home/pedro/.local/lib/python3.10/site-packages/airflow/example_dags/example_latest_only_with_trigger.py
[2024-06-09T12:23:13.386-0300] {logging_mixin.py:188} INFO - [2024-06-09T12:23:13.385-0300] {dag.py:3096} INFO - Sync 1 DAGs
[2024-06-09T12:23:13.397-0300] {logging_mixin.py:188} INFO - [2024-06-09T12:23:13.397-0300] {dag.py:3954} INFO - Setting next_dagrun for latest_only_with_trigger to 2024-06-09 08:00:00+00:00, run_after=2024-06-09 12:00:00+00:00
[2024-06-09T12:23:13.413-0300] {processor.py:183} INFO - Processing /home/pedro/.local/lib/python3.10/site-packages/airflow/example_dags/example_latest_only_with_trigger.py took 0.058 seconds
[2024-06-09T16:26:35.169-0300] {processor.py:161} INFO - Started process (PID=4852) to work on /home/pedro/.local/lib/python3.10/site-packages/airflow/example_dags/example_latest_only_with_trigger.py
[2024-06-09T16:26:35.169-0300] {processor.py:830} INFO - Processing file /home/pedro/.local/lib/python3.10/site-packages/airflow/example_dags/example_latest_only_with_trigger.py for tasks to queue
[2024-06-09T16:26:35.170-0300] {logging_mixin.py:188} INFO - [2024-06-09T16:26:35.170-0300] {dagbag.py:545} INFO - Filling up the DagBag from /home/pedro/.local/lib/python3.10/site-packages/airflow/example_dags/example_latest_only_with_trigger.py
[2024-06-09T16:26:35.176-0300] {processor.py:840} INFO - DAG(s) 'latest_only_with_trigger' retrieved from /home/pedro/.local/lib/python3.10/site-packages/airflow/example_dags/example_latest_only_with_trigger.py
[2024-06-09T16:26:35.186-0300] {logging_mixin.py:188} INFO - [2024-06-09T16:26:35.186-0300] {dag.py:3096} INFO - Sync 1 DAGs
[2024-06-09T16:26:35.196-0300] {logging_mixin.py:188} INFO - [2024-06-09T16:26:35.196-0300] {dag.py:3954} INFO - Setting next_dagrun for latest_only_with_trigger to 2024-06-09 12:00:00+00:00, run_after=2024-06-09 16:00:00+00:00
[2024-06-09T16:26:35.267-0300] {processor.py:183} INFO - Processing /home/pedro/.local/lib/python3.10/site-packages/airflow/example_dags/example_latest_only_with_trigger.py took 0.102 seconds
[2024-06-09T16:29:28.247-0300] {processor.py:161} INFO - Started process (PID=5900) to work on /home/pedro/.local/lib/python3.10/site-packages/airflow/example_dags/example_latest_only_with_trigger.py
[2024-06-09T16:29:28.250-0300] {processor.py:830} INFO - Processing file /home/pedro/.local/lib/python3.10/site-packages/airflow/example_dags/example_latest_only_with_trigger.py for tasks to queue
[2024-06-09T16:29:28.251-0300] {logging_mixin.py:188} INFO - [2024-06-09T16:29:28.251-0300] {dagbag.py:545} INFO - Filling up the DagBag from /home/pedro/.local/lib/python3.10/site-packages/airflow/example_dags/example_latest_only_with_trigger.py
[2024-06-09T16:29:28.255-0300] {processor.py:840} INFO - DAG(s) 'latest_only_with_trigger' retrieved from /home/pedro/.local/lib/python3.10/site-packages/airflow/example_dags/example_latest_only_with_trigger.py
[2024-06-09T16:29:28.263-0300] {logging_mixin.py:188} INFO - [2024-06-09T16:29:28.263-0300] {dag.py:3096} INFO - Sync 1 DAGs
[2024-06-09T16:29:28.273-0300] {logging_mixin.py:188} INFO - [2024-06-09T16:29:28.273-0300] {dag.py:3954} INFO - Setting next_dagrun for latest_only_with_trigger to 2024-06-09 12:00:00+00:00, run_after=2024-06-09 16:00:00+00:00
[2024-06-09T16:29:28.288-0300] {processor.py:183} INFO - Processing /home/pedro/.local/lib/python3.10/site-packages/airflow/example_dags/example_latest_only_with_trigger.py took 0.044 seconds
[2024-06-09T16:33:40.655-0300] {processor.py:161} INFO - Started process (PID=8453) to work on /home/pedro/.local/lib/python3.10/site-packages/airflow/example_dags/example_latest_only_with_trigger.py
[2024-06-09T16:33:40.658-0300] {processor.py:830} INFO - Processing file /home/pedro/.local/lib/python3.10/site-packages/airflow/example_dags/example_latest_only_with_trigger.py for tasks to queue
[2024-06-09T16:33:40.659-0300] {logging_mixin.py:188} INFO - [2024-06-09T16:33:40.659-0300] {dagbag.py:545} INFO - Filling up the DagBag from /home/pedro/.local/lib/python3.10/site-packages/airflow/example_dags/example_latest_only_with_trigger.py
[2024-06-09T16:33:40.665-0300] {processor.py:840} INFO - DAG(s) 'latest_only_with_trigger' retrieved from /home/pedro/.local/lib/python3.10/site-packages/airflow/example_dags/example_latest_only_with_trigger.py
[2024-06-09T16:33:40.675-0300] {logging_mixin.py:188} INFO - [2024-06-09T16:33:40.675-0300] {dag.py:3096} INFO - Sync 1 DAGs
[2024-06-09T16:33:40.684-0300] {logging_mixin.py:188} INFO - [2024-06-09T16:33:40.684-0300] {dag.py:3954} INFO - Setting next_dagrun for latest_only_with_trigger to 2024-06-09 12:00:00+00:00, run_after=2024-06-09 16:00:00+00:00
[2024-06-09T16:33:40.700-0300] {processor.py:183} INFO - Processing /home/pedro/.local/lib/python3.10/site-packages/airflow/example_dags/example_latest_only_with_trigger.py took 0.048 seconds
[2024-06-09T16:37:33.723-0300] {processor.py:161} INFO - Started process (PID=9839) to work on /home/pedro/.local/lib/python3.10/site-packages/airflow/example_dags/example_latest_only_with_trigger.py
[2024-06-09T16:37:33.724-0300] {processor.py:830} INFO - Processing file /home/pedro/.local/lib/python3.10/site-packages/airflow/example_dags/example_latest_only_with_trigger.py for tasks to queue
[2024-06-09T16:37:33.726-0300] {logging_mixin.py:188} INFO - [2024-06-09T16:37:33.726-0300] {dagbag.py:545} INFO - Filling up the DagBag from /home/pedro/.local/lib/python3.10/site-packages/airflow/example_dags/example_latest_only_with_trigger.py
[2024-06-09T16:37:33.731-0300] {processor.py:840} INFO - DAG(s) 'latest_only_with_trigger' retrieved from /home/pedro/.local/lib/python3.10/site-packages/airflow/example_dags/example_latest_only_with_trigger.py
[2024-06-09T16:37:33.742-0300] {logging_mixin.py:188} INFO - [2024-06-09T16:37:33.741-0300] {dag.py:3096} INFO - Sync 1 DAGs
[2024-06-09T16:37:33.758-0300] {logging_mixin.py:188} INFO - [2024-06-09T16:37:33.758-0300] {dag.py:3954} INFO - Setting next_dagrun for latest_only_with_trigger to 2024-06-09 12:00:00+00:00, run_after=2024-06-09 16:00:00+00:00
[2024-06-09T16:37:33.775-0300] {processor.py:183} INFO - Processing /home/pedro/.local/lib/python3.10/site-packages/airflow/example_dags/example_latest_only_with_trigger.py took 0.059 seconds
[2024-06-09T16:41:29.892-0300] {processor.py:161} INFO - Started process (PID=11244) to work on /home/pedro/.local/lib/python3.10/site-packages/airflow/example_dags/example_latest_only_with_trigger.py
[2024-06-09T16:41:29.893-0300] {processor.py:830} INFO - Processing file /home/pedro/.local/lib/python3.10/site-packages/airflow/example_dags/example_latest_only_with_trigger.py for tasks to queue
[2024-06-09T16:41:29.894-0300] {logging_mixin.py:188} INFO - [2024-06-09T16:41:29.894-0300] {dagbag.py:545} INFO - Filling up the DagBag from /home/pedro/.local/lib/python3.10/site-packages/airflow/example_dags/example_latest_only_with_trigger.py
[2024-06-09T16:41:29.898-0300] {processor.py:840} INFO - DAG(s) 'latest_only_with_trigger' retrieved from /home/pedro/.local/lib/python3.10/site-packages/airflow/example_dags/example_latest_only_with_trigger.py
[2024-06-09T16:41:29.907-0300] {logging_mixin.py:188} INFO - [2024-06-09T16:41:29.906-0300] {dag.py:3096} INFO - Sync 1 DAGs
[2024-06-09T16:41:29.917-0300] {logging_mixin.py:188} INFO - [2024-06-09T16:41:29.917-0300] {dag.py:3954} INFO - Setting next_dagrun for latest_only_with_trigger to 2024-06-09 12:00:00+00:00, run_after=2024-06-09 16:00:00+00:00
[2024-06-09T16:41:29.932-0300] {processor.py:183} INFO - Processing /home/pedro/.local/lib/python3.10/site-packages/airflow/example_dags/example_latest_only_with_trigger.py took 0.045 seconds
[2024-06-09T16:45:41.643-0300] {processor.py:161} INFO - Started process (PID=12671) to work on /home/pedro/.local/lib/python3.10/site-packages/airflow/example_dags/example_latest_only_with_trigger.py
[2024-06-09T16:45:41.646-0300] {processor.py:830} INFO - Processing file /home/pedro/.local/lib/python3.10/site-packages/airflow/example_dags/example_latest_only_with_trigger.py for tasks to queue
[2024-06-09T16:45:41.647-0300] {logging_mixin.py:188} INFO - [2024-06-09T16:45:41.647-0300] {dagbag.py:545} INFO - Filling up the DagBag from /home/pedro/.local/lib/python3.10/site-packages/airflow/example_dags/example_latest_only_with_trigger.py
[2024-06-09T16:45:41.651-0300] {processor.py:840} INFO - DAG(s) 'latest_only_with_trigger' retrieved from /home/pedro/.local/lib/python3.10/site-packages/airflow/example_dags/example_latest_only_with_trigger.py
[2024-06-09T16:45:41.661-0300] {logging_mixin.py:188} INFO - [2024-06-09T16:45:41.661-0300] {dag.py:3096} INFO - Sync 1 DAGs
[2024-06-09T16:45:41.672-0300] {logging_mixin.py:188} INFO - [2024-06-09T16:45:41.672-0300] {dag.py:3954} INFO - Setting next_dagrun for latest_only_with_trigger to 2024-06-09 12:00:00+00:00, run_after=2024-06-09 16:00:00+00:00
[2024-06-09T16:45:41.689-0300] {processor.py:183} INFO - Processing /home/pedro/.local/lib/python3.10/site-packages/airflow/example_dags/example_latest_only_with_trigger.py took 0.049 seconds
[2024-06-09T16:49:45.233-0300] {processor.py:161} INFO - Started process (PID=14142) to work on /home/pedro/.local/lib/python3.10/site-packages/airflow/example_dags/example_latest_only_with_trigger.py
[2024-06-09T16:49:45.234-0300] {processor.py:830} INFO - Processing file /home/pedro/.local/lib/python3.10/site-packages/airflow/example_dags/example_latest_only_with_trigger.py for tasks to queue
[2024-06-09T16:49:45.234-0300] {logging_mixin.py:188} INFO - [2024-06-09T16:49:45.234-0300] {dagbag.py:545} INFO - Filling up the DagBag from /home/pedro/.local/lib/python3.10/site-packages/airflow/example_dags/example_latest_only_with_trigger.py
[2024-06-09T16:49:45.238-0300] {processor.py:840} INFO - DAG(s) 'latest_only_with_trigger' retrieved from /home/pedro/.local/lib/python3.10/site-packages/airflow/example_dags/example_latest_only_with_trigger.py
[2024-06-09T16:49:45.246-0300] {logging_mixin.py:188} INFO - [2024-06-09T16:49:45.246-0300] {dag.py:3096} INFO - Sync 1 DAGs
[2024-06-09T16:49:45.256-0300] {logging_mixin.py:188} INFO - [2024-06-09T16:49:45.256-0300] {dag.py:3954} INFO - Setting next_dagrun for latest_only_with_trigger to 2024-06-09 12:00:00+00:00, run_after=2024-06-09 16:00:00+00:00
[2024-06-09T16:49:45.269-0300] {processor.py:183} INFO - Processing /home/pedro/.local/lib/python3.10/site-packages/airflow/example_dags/example_latest_only_with_trigger.py took 0.040 seconds
[2024-06-09T16:53:52.030-0300] {processor.py:161} INFO - Started process (PID=15591) to work on /home/pedro/.local/lib/python3.10/site-packages/airflow/example_dags/example_latest_only_with_trigger.py
[2024-06-09T16:53:52.033-0300] {processor.py:830} INFO - Processing file /home/pedro/.local/lib/python3.10/site-packages/airflow/example_dags/example_latest_only_with_trigger.py for tasks to queue
[2024-06-09T16:53:52.035-0300] {logging_mixin.py:188} INFO - [2024-06-09T16:53:52.034-0300] {dagbag.py:545} INFO - Filling up the DagBag from /home/pedro/.local/lib/python3.10/site-packages/airflow/example_dags/example_latest_only_with_trigger.py
[2024-06-09T16:53:52.040-0300] {processor.py:840} INFO - DAG(s) 'latest_only_with_trigger' retrieved from /home/pedro/.local/lib/python3.10/site-packages/airflow/example_dags/example_latest_only_with_trigger.py
[2024-06-09T16:53:52.049-0300] {logging_mixin.py:188} INFO - [2024-06-09T16:53:52.049-0300] {dag.py:3096} INFO - Sync 1 DAGs
[2024-06-09T16:53:52.062-0300] {logging_mixin.py:188} INFO - [2024-06-09T16:53:52.062-0300] {dag.py:3954} INFO - Setting next_dagrun for latest_only_with_trigger to 2024-06-09 12:00:00+00:00, run_after=2024-06-09 16:00:00+00:00
[2024-06-09T16:53:52.079-0300] {processor.py:183} INFO - Processing /home/pedro/.local/lib/python3.10/site-packages/airflow/example_dags/example_latest_only_with_trigger.py took 0.051 seconds
[2024-06-09T16:58:03.160-0300] {processor.py:161} INFO - Started process (PID=16974) to work on /home/pedro/.local/lib/python3.10/site-packages/airflow/example_dags/example_latest_only_with_trigger.py
[2024-06-09T16:58:03.161-0300] {processor.py:830} INFO - Processing file /home/pedro/.local/lib/python3.10/site-packages/airflow/example_dags/example_latest_only_with_trigger.py for tasks to queue
[2024-06-09T16:58:03.162-0300] {logging_mixin.py:188} INFO - [2024-06-09T16:58:03.162-0300] {dagbag.py:545} INFO - Filling up the DagBag from /home/pedro/.local/lib/python3.10/site-packages/airflow/example_dags/example_latest_only_with_trigger.py
[2024-06-09T16:58:03.166-0300] {processor.py:840} INFO - DAG(s) 'latest_only_with_trigger' retrieved from /home/pedro/.local/lib/python3.10/site-packages/airflow/example_dags/example_latest_only_with_trigger.py
[2024-06-09T16:58:03.176-0300] {logging_mixin.py:188} INFO - [2024-06-09T16:58:03.175-0300] {dag.py:3096} INFO - Sync 1 DAGs
[2024-06-09T16:58:03.187-0300] {logging_mixin.py:188} INFO - [2024-06-09T16:58:03.187-0300] {dag.py:3954} INFO - Setting next_dagrun for latest_only_with_trigger to 2024-06-09 12:00:00+00:00, run_after=2024-06-09 16:00:00+00:00
[2024-06-09T16:58:03.202-0300] {processor.py:183} INFO - Processing /home/pedro/.local/lib/python3.10/site-packages/airflow/example_dags/example_latest_only_with_trigger.py took 0.046 seconds
