[2024-06-09T11:45:28.618-0300] {processor.py:161} INFO - Started process (PID=5933) to work on /home/pedro/.local/lib/python3.10/site-packages/airflow/example_dags/example_short_circuit_operator.py
[2024-06-09T11:45:28.619-0300] {processor.py:830} INFO - Processing file /home/pedro/.local/lib/python3.10/site-packages/airflow/example_dags/example_short_circuit_operator.py for tasks to queue
[2024-06-09T11:45:28.621-0300] {logging_mixin.py:188} INFO - [2024-06-09T11:45:28.621-0300] {dagbag.py:545} INFO - Filling up the DagBag from /home/pedro/.local/lib/python3.10/site-packages/airflow/example_dags/example_short_circuit_operator.py
[2024-06-09T11:45:28.629-0300] {processor.py:840} INFO - DAG(s) 'example_short_circuit_operator' retrieved from /home/pedro/.local/lib/python3.10/site-packages/airflow/example_dags/example_short_circuit_operator.py
[2024-06-09T11:45:28.643-0300] {logging_mixin.py:188} INFO - [2024-06-09T11:45:28.643-0300] {dag.py:3096} INFO - Sync 1 DAGs
[2024-06-09T11:45:28.655-0300] {logging_mixin.py:188} INFO - [2024-06-09T11:45:28.655-0300] {dag.py:3954} INFO - Setting next_dagrun for example_short_circuit_operator to 2024-06-08 00:00:00+00:00, run_after=2024-06-09 00:00:00+00:00
[2024-06-09T11:45:28.672-0300] {processor.py:183} INFO - Processing /home/pedro/.local/lib/python3.10/site-packages/airflow/example_dags/example_short_circuit_operator.py took 0.063 seconds
[2024-06-09T11:46:21.589-0300] {processor.py:161} INFO - Started process (PID=7202) to work on /home/pedro/.local/lib/python3.10/site-packages/airflow/example_dags/example_short_circuit_operator.py
[2024-06-09T11:46:21.592-0300] {processor.py:830} INFO - Processing file /home/pedro/.local/lib/python3.10/site-packages/airflow/example_dags/example_short_circuit_operator.py for tasks to queue
[2024-06-09T11:46:21.593-0300] {logging_mixin.py:188} INFO - [2024-06-09T11:46:21.593-0300] {dagbag.py:545} INFO - Filling up the DagBag from /home/pedro/.local/lib/python3.10/site-packages/airflow/example_dags/example_short_circuit_operator.py
[2024-06-09T11:46:21.602-0300] {processor.py:840} INFO - DAG(s) 'example_short_circuit_operator' retrieved from /home/pedro/.local/lib/python3.10/site-packages/airflow/example_dags/example_short_circuit_operator.py
[2024-06-09T11:46:21.664-0300] {logging_mixin.py:188} INFO - [2024-06-09T11:46:21.663-0300] {dag.py:3096} INFO - Sync 1 DAGs
[2024-06-09T11:46:21.672-0300] {logging_mixin.py:188} INFO - [2024-06-09T11:46:21.672-0300] {dag.py:3954} INFO - Setting next_dagrun for example_short_circuit_operator to 2024-06-08 00:00:00+00:00, run_after=2024-06-09 00:00:00+00:00
[2024-06-09T11:46:21.686-0300] {processor.py:183} INFO - Processing /home/pedro/.local/lib/python3.10/site-packages/airflow/example_dags/example_short_circuit_operator.py took 0.102 seconds
[2024-06-09T11:47:12.123-0300] {processor.py:161} INFO - Started process (PID=7355) to work on /home/pedro/.local/lib/python3.10/site-packages/airflow/example_dags/example_short_circuit_operator.py
[2024-06-09T11:47:12.127-0300] {processor.py:830} INFO - Processing file /home/pedro/.local/lib/python3.10/site-packages/airflow/example_dags/example_short_circuit_operator.py for tasks to queue
[2024-06-09T11:47:12.129-0300] {logging_mixin.py:188} INFO - [2024-06-09T11:47:12.128-0300] {dagbag.py:545} INFO - Filling up the DagBag from /home/pedro/.local/lib/python3.10/site-packages/airflow/example_dags/example_short_circuit_operator.py
[2024-06-09T11:47:12.137-0300] {processor.py:840} INFO - DAG(s) 'example_short_circuit_operator' retrieved from /home/pedro/.local/lib/python3.10/site-packages/airflow/example_dags/example_short_circuit_operator.py
[2024-06-09T11:47:12.147-0300] {logging_mixin.py:188} INFO - [2024-06-09T11:47:12.147-0300] {dag.py:3096} INFO - Sync 1 DAGs
[2024-06-09T11:47:12.157-0300] {logging_mixin.py:188} INFO - [2024-06-09T11:47:12.157-0300] {dag.py:3954} INFO - Setting next_dagrun for example_short_circuit_operator to 2024-06-08 00:00:00+00:00, run_after=2024-06-09 00:00:00+00:00
[2024-06-09T11:47:12.171-0300] {processor.py:183} INFO - Processing /home/pedro/.local/lib/python3.10/site-packages/airflow/example_dags/example_short_circuit_operator.py took 0.052 seconds
[2024-06-09T11:47:57.562-0300] {processor.py:161} INFO - Started process (PID=7444) to work on /home/pedro/.local/lib/python3.10/site-packages/airflow/example_dags/example_short_circuit_operator.py
[2024-06-09T11:47:57.565-0300] {processor.py:830} INFO - Processing file /home/pedro/.local/lib/python3.10/site-packages/airflow/example_dags/example_short_circuit_operator.py for tasks to queue
[2024-06-09T11:47:57.567-0300] {logging_mixin.py:188} INFO - [2024-06-09T11:47:57.567-0300] {dagbag.py:545} INFO - Filling up the DagBag from /home/pedro/.local/lib/python3.10/site-packages/airflow/example_dags/example_short_circuit_operator.py
[2024-06-09T11:47:57.575-0300] {processor.py:840} INFO - DAG(s) 'example_short_circuit_operator' retrieved from /home/pedro/.local/lib/python3.10/site-packages/airflow/example_dags/example_short_circuit_operator.py
[2024-06-09T11:47:57.585-0300] {logging_mixin.py:188} INFO - [2024-06-09T11:47:57.585-0300] {dag.py:3096} INFO - Sync 1 DAGs
[2024-06-09T11:47:57.595-0300] {logging_mixin.py:188} INFO - [2024-06-09T11:47:57.595-0300] {dag.py:3954} INFO - Setting next_dagrun for example_short_circuit_operator to 2024-06-08 00:00:00+00:00, run_after=2024-06-09 00:00:00+00:00
[2024-06-09T11:47:57.609-0300] {processor.py:183} INFO - Processing /home/pedro/.local/lib/python3.10/site-packages/airflow/example_dags/example_short_circuit_operator.py took 0.052 seconds
[2024-06-09T11:48:41.531-0300] {processor.py:161} INFO - Started process (PID=7530) to work on /home/pedro/.local/lib/python3.10/site-packages/airflow/example_dags/example_short_circuit_operator.py
[2024-06-09T11:48:41.535-0300] {processor.py:830} INFO - Processing file /home/pedro/.local/lib/python3.10/site-packages/airflow/example_dags/example_short_circuit_operator.py for tasks to queue
[2024-06-09T11:48:41.536-0300] {logging_mixin.py:188} INFO - [2024-06-09T11:48:41.536-0300] {dagbag.py:545} INFO - Filling up the DagBag from /home/pedro/.local/lib/python3.10/site-packages/airflow/example_dags/example_short_circuit_operator.py
[2024-06-09T11:48:41.542-0300] {processor.py:840} INFO - DAG(s) 'example_short_circuit_operator' retrieved from /home/pedro/.local/lib/python3.10/site-packages/airflow/example_dags/example_short_circuit_operator.py
[2024-06-09T11:48:41.553-0300] {logging_mixin.py:188} INFO - [2024-06-09T11:48:41.553-0300] {dag.py:3096} INFO - Sync 1 DAGs
[2024-06-09T11:48:41.566-0300] {logging_mixin.py:188} INFO - [2024-06-09T11:48:41.566-0300] {dag.py:3954} INFO - Setting next_dagrun for example_short_circuit_operator to 2024-06-08 00:00:00+00:00, run_after=2024-06-09 00:00:00+00:00
[2024-06-09T11:48:41.583-0300] {processor.py:183} INFO - Processing /home/pedro/.local/lib/python3.10/site-packages/airflow/example_dags/example_short_circuit_operator.py took 0.060 seconds
[2024-06-09T11:49:23.788-0300] {processor.py:161} INFO - Started process (PID=7806) to work on /home/pedro/.local/lib/python3.10/site-packages/airflow/example_dags/example_short_circuit_operator.py
[2024-06-09T11:49:23.791-0300] {processor.py:830} INFO - Processing file /home/pedro/.local/lib/python3.10/site-packages/airflow/example_dags/example_short_circuit_operator.py for tasks to queue
[2024-06-09T11:49:23.794-0300] {logging_mixin.py:188} INFO - [2024-06-09T11:49:23.793-0300] {dagbag.py:545} INFO - Filling up the DagBag from /home/pedro/.local/lib/python3.10/site-packages/airflow/example_dags/example_short_circuit_operator.py
[2024-06-09T11:49:23.801-0300] {processor.py:840} INFO - DAG(s) 'example_short_circuit_operator' retrieved from /home/pedro/.local/lib/python3.10/site-packages/airflow/example_dags/example_short_circuit_operator.py
[2024-06-09T11:49:23.812-0300] {logging_mixin.py:188} INFO - [2024-06-09T11:49:23.811-0300] {dag.py:3096} INFO - Sync 1 DAGs
[2024-06-09T11:49:23.823-0300] {logging_mixin.py:188} INFO - [2024-06-09T11:49:23.822-0300] {dag.py:3954} INFO - Setting next_dagrun for example_short_circuit_operator to 2024-06-08 00:00:00+00:00, run_after=2024-06-09 00:00:00+00:00
[2024-06-09T11:49:23.837-0300] {processor.py:183} INFO - Processing /home/pedro/.local/lib/python3.10/site-packages/airflow/example_dags/example_short_circuit_operator.py took 0.054 seconds
[2024-06-09T11:50:05.595-0300] {processor.py:161} INFO - Started process (PID=7952) to work on /home/pedro/.local/lib/python3.10/site-packages/airflow/example_dags/example_short_circuit_operator.py
[2024-06-09T11:50:05.598-0300] {processor.py:830} INFO - Processing file /home/pedro/.local/lib/python3.10/site-packages/airflow/example_dags/example_short_circuit_operator.py for tasks to queue
[2024-06-09T11:50:05.599-0300] {logging_mixin.py:188} INFO - [2024-06-09T11:50:05.599-0300] {dagbag.py:545} INFO - Filling up the DagBag from /home/pedro/.local/lib/python3.10/site-packages/airflow/example_dags/example_short_circuit_operator.py
[2024-06-09T11:50:05.607-0300] {processor.py:840} INFO - DAG(s) 'example_short_circuit_operator' retrieved from /home/pedro/.local/lib/python3.10/site-packages/airflow/example_dags/example_short_circuit_operator.py
[2024-06-09T11:50:05.617-0300] {logging_mixin.py:188} INFO - [2024-06-09T11:50:05.617-0300] {dag.py:3096} INFO - Sync 1 DAGs
[2024-06-09T11:50:05.627-0300] {logging_mixin.py:188} INFO - [2024-06-09T11:50:05.626-0300] {dag.py:3954} INFO - Setting next_dagrun for example_short_circuit_operator to 2024-06-08 00:00:00+00:00, run_after=2024-06-09 00:00:00+00:00
[2024-06-09T11:50:05.641-0300] {processor.py:183} INFO - Processing /home/pedro/.local/lib/python3.10/site-packages/airflow/example_dags/example_short_circuit_operator.py took 0.051 seconds
[2024-06-09T11:50:51.993-0300] {processor.py:161} INFO - Started process (PID=8095) to work on /home/pedro/.local/lib/python3.10/site-packages/airflow/example_dags/example_short_circuit_operator.py
[2024-06-09T11:50:51.997-0300] {processor.py:830} INFO - Processing file /home/pedro/.local/lib/python3.10/site-packages/airflow/example_dags/example_short_circuit_operator.py for tasks to queue
[2024-06-09T11:50:51.999-0300] {logging_mixin.py:188} INFO - [2024-06-09T11:50:51.999-0300] {dagbag.py:545} INFO - Filling up the DagBag from /home/pedro/.local/lib/python3.10/site-packages/airflow/example_dags/example_short_circuit_operator.py
[2024-06-09T11:50:52.006-0300] {processor.py:840} INFO - DAG(s) 'example_short_circuit_operator' retrieved from /home/pedro/.local/lib/python3.10/site-packages/airflow/example_dags/example_short_circuit_operator.py
[2024-06-09T11:50:52.017-0300] {logging_mixin.py:188} INFO - [2024-06-09T11:50:52.016-0300] {dag.py:3096} INFO - Sync 1 DAGs
[2024-06-09T11:50:52.028-0300] {logging_mixin.py:188} INFO - [2024-06-09T11:50:52.028-0300] {dag.py:3954} INFO - Setting next_dagrun for example_short_circuit_operator to 2024-06-08 00:00:00+00:00, run_after=2024-06-09 00:00:00+00:00
[2024-06-09T11:50:52.045-0300] {processor.py:183} INFO - Processing /home/pedro/.local/lib/python3.10/site-packages/airflow/example_dags/example_short_circuit_operator.py took 0.059 seconds
[2024-06-09T11:51:38.265-0300] {processor.py:161} INFO - Started process (PID=8246) to work on /home/pedro/.local/lib/python3.10/site-packages/airflow/example_dags/example_short_circuit_operator.py
[2024-06-09T11:51:38.269-0300] {processor.py:830} INFO - Processing file /home/pedro/.local/lib/python3.10/site-packages/airflow/example_dags/example_short_circuit_operator.py for tasks to queue
[2024-06-09T11:51:38.270-0300] {logging_mixin.py:188} INFO - [2024-06-09T11:51:38.270-0300] {dagbag.py:545} INFO - Filling up the DagBag from /home/pedro/.local/lib/python3.10/site-packages/airflow/example_dags/example_short_circuit_operator.py
[2024-06-09T11:51:38.277-0300] {processor.py:840} INFO - DAG(s) 'example_short_circuit_operator' retrieved from /home/pedro/.local/lib/python3.10/site-packages/airflow/example_dags/example_short_circuit_operator.py
[2024-06-09T11:51:38.287-0300] {logging_mixin.py:188} INFO - [2024-06-09T11:51:38.287-0300] {dag.py:3096} INFO - Sync 1 DAGs
[2024-06-09T11:51:38.297-0300] {logging_mixin.py:188} INFO - [2024-06-09T11:51:38.297-0300] {dag.py:3954} INFO - Setting next_dagrun for example_short_circuit_operator to 2024-06-08 00:00:00+00:00, run_after=2024-06-09 00:00:00+00:00
[2024-06-09T11:51:38.313-0300] {processor.py:183} INFO - Processing /home/pedro/.local/lib/python3.10/site-packages/airflow/example_dags/example_short_circuit_operator.py took 0.056 seconds
[2024-06-09T11:52:20.528-0300] {processor.py:161} INFO - Started process (PID=8346) to work on /home/pedro/.local/lib/python3.10/site-packages/airflow/example_dags/example_short_circuit_operator.py
[2024-06-09T11:52:20.532-0300] {processor.py:830} INFO - Processing file /home/pedro/.local/lib/python3.10/site-packages/airflow/example_dags/example_short_circuit_operator.py for tasks to queue
[2024-06-09T11:52:20.534-0300] {logging_mixin.py:188} INFO - [2024-06-09T11:52:20.534-0300] {dagbag.py:545} INFO - Filling up the DagBag from /home/pedro/.local/lib/python3.10/site-packages/airflow/example_dags/example_short_circuit_operator.py
[2024-06-09T11:52:20.542-0300] {processor.py:840} INFO - DAG(s) 'example_short_circuit_operator' retrieved from /home/pedro/.local/lib/python3.10/site-packages/airflow/example_dags/example_short_circuit_operator.py
[2024-06-09T11:52:20.552-0300] {logging_mixin.py:188} INFO - [2024-06-09T11:52:20.552-0300] {dag.py:3096} INFO - Sync 1 DAGs
[2024-06-09T11:52:20.562-0300] {logging_mixin.py:188} INFO - [2024-06-09T11:52:20.562-0300] {dag.py:3954} INFO - Setting next_dagrun for example_short_circuit_operator to 2024-06-08 00:00:00+00:00, run_after=2024-06-09 00:00:00+00:00
[2024-06-09T11:52:20.575-0300] {processor.py:183} INFO - Processing /home/pedro/.local/lib/python3.10/site-packages/airflow/example_dags/example_short_circuit_operator.py took 0.052 seconds
[2024-06-09T11:53:00.690-0300] {processor.py:161} INFO - Started process (PID=8446) to work on /home/pedro/.local/lib/python3.10/site-packages/airflow/example_dags/example_short_circuit_operator.py
[2024-06-09T11:53:00.693-0300] {processor.py:830} INFO - Processing file /home/pedro/.local/lib/python3.10/site-packages/airflow/example_dags/example_short_circuit_operator.py for tasks to queue
[2024-06-09T11:53:00.695-0300] {logging_mixin.py:188} INFO - [2024-06-09T11:53:00.695-0300] {dagbag.py:545} INFO - Filling up the DagBag from /home/pedro/.local/lib/python3.10/site-packages/airflow/example_dags/example_short_circuit_operator.py
[2024-06-09T11:53:00.703-0300] {processor.py:840} INFO - DAG(s) 'example_short_circuit_operator' retrieved from /home/pedro/.local/lib/python3.10/site-packages/airflow/example_dags/example_short_circuit_operator.py
[2024-06-09T11:53:00.712-0300] {logging_mixin.py:188} INFO - [2024-06-09T11:53:00.712-0300] {dag.py:3096} INFO - Sync 1 DAGs
[2024-06-09T11:53:00.722-0300] {logging_mixin.py:188} INFO - [2024-06-09T11:53:00.722-0300] {dag.py:3954} INFO - Setting next_dagrun for example_short_circuit_operator to 2024-06-08 00:00:00+00:00, run_after=2024-06-09 00:00:00+00:00
[2024-06-09T11:53:00.736-0300] {processor.py:183} INFO - Processing /home/pedro/.local/lib/python3.10/site-packages/airflow/example_dags/example_short_circuit_operator.py took 0.055 seconds
[2024-06-09T11:53:41.883-0300] {processor.py:161} INFO - Started process (PID=8548) to work on /home/pedro/.local/lib/python3.10/site-packages/airflow/example_dags/example_short_circuit_operator.py
[2024-06-09T11:53:41.886-0300] {processor.py:830} INFO - Processing file /home/pedro/.local/lib/python3.10/site-packages/airflow/example_dags/example_short_circuit_operator.py for tasks to queue
[2024-06-09T11:53:41.888-0300] {logging_mixin.py:188} INFO - [2024-06-09T11:53:41.887-0300] {dagbag.py:545} INFO - Filling up the DagBag from /home/pedro/.local/lib/python3.10/site-packages/airflow/example_dags/example_short_circuit_operator.py
[2024-06-09T11:53:41.894-0300] {processor.py:840} INFO - DAG(s) 'example_short_circuit_operator' retrieved from /home/pedro/.local/lib/python3.10/site-packages/airflow/example_dags/example_short_circuit_operator.py
[2024-06-09T11:53:41.906-0300] {logging_mixin.py:188} INFO - [2024-06-09T11:53:41.905-0300] {dag.py:3096} INFO - Sync 1 DAGs
[2024-06-09T11:53:41.915-0300] {logging_mixin.py:188} INFO - [2024-06-09T11:53:41.915-0300] {dag.py:3954} INFO - Setting next_dagrun for example_short_circuit_operator to 2024-06-08 00:00:00+00:00, run_after=2024-06-09 00:00:00+00:00
[2024-06-09T11:53:41.929-0300] {processor.py:183} INFO - Processing /home/pedro/.local/lib/python3.10/site-packages/airflow/example_dags/example_short_circuit_operator.py took 0.054 seconds
[2024-06-09T11:54:23.000-0300] {processor.py:161} INFO - Started process (PID=8621) to work on /home/pedro/.local/lib/python3.10/site-packages/airflow/example_dags/example_short_circuit_operator.py
[2024-06-09T11:54:23.003-0300] {processor.py:830} INFO - Processing file /home/pedro/.local/lib/python3.10/site-packages/airflow/example_dags/example_short_circuit_operator.py for tasks to queue
[2024-06-09T11:54:23.004-0300] {logging_mixin.py:188} INFO - [2024-06-09T11:54:23.004-0300] {dagbag.py:545} INFO - Filling up the DagBag from /home/pedro/.local/lib/python3.10/site-packages/airflow/example_dags/example_short_circuit_operator.py
[2024-06-09T11:54:23.012-0300] {processor.py:840} INFO - DAG(s) 'example_short_circuit_operator' retrieved from /home/pedro/.local/lib/python3.10/site-packages/airflow/example_dags/example_short_circuit_operator.py
[2024-06-09T11:54:23.022-0300] {logging_mixin.py:188} INFO - [2024-06-09T11:54:23.022-0300] {dag.py:3096} INFO - Sync 1 DAGs
[2024-06-09T11:54:23.032-0300] {logging_mixin.py:188} INFO - [2024-06-09T11:54:23.032-0300] {dag.py:3954} INFO - Setting next_dagrun for example_short_circuit_operator to 2024-06-08 00:00:00+00:00, run_after=2024-06-09 00:00:00+00:00
[2024-06-09T11:54:23.046-0300] {processor.py:183} INFO - Processing /home/pedro/.local/lib/python3.10/site-packages/airflow/example_dags/example_short_circuit_operator.py took 0.052 seconds
[2024-06-09T11:55:04.089-0300] {processor.py:161} INFO - Started process (PID=8683) to work on /home/pedro/.local/lib/python3.10/site-packages/airflow/example_dags/example_short_circuit_operator.py
[2024-06-09T11:55:04.093-0300] {processor.py:830} INFO - Processing file /home/pedro/.local/lib/python3.10/site-packages/airflow/example_dags/example_short_circuit_operator.py for tasks to queue
[2024-06-09T11:55:04.095-0300] {logging_mixin.py:188} INFO - [2024-06-09T11:55:04.094-0300] {dagbag.py:545} INFO - Filling up the DagBag from /home/pedro/.local/lib/python3.10/site-packages/airflow/example_dags/example_short_circuit_operator.py
[2024-06-09T11:55:04.102-0300] {processor.py:840} INFO - DAG(s) 'example_short_circuit_operator' retrieved from /home/pedro/.local/lib/python3.10/site-packages/airflow/example_dags/example_short_circuit_operator.py
[2024-06-09T11:55:04.113-0300] {logging_mixin.py:188} INFO - [2024-06-09T11:55:04.113-0300] {dag.py:3096} INFO - Sync 1 DAGs
[2024-06-09T11:55:04.123-0300] {logging_mixin.py:188} INFO - [2024-06-09T11:55:04.123-0300] {dag.py:3954} INFO - Setting next_dagrun for example_short_circuit_operator to 2024-06-08 00:00:00+00:00, run_after=2024-06-09 00:00:00+00:00
[2024-06-09T11:55:04.138-0300] {processor.py:183} INFO - Processing /home/pedro/.local/lib/python3.10/site-packages/airflow/example_dags/example_short_circuit_operator.py took 0.052 seconds
[2024-06-09T11:55:43.570-0300] {processor.py:161} INFO - Started process (PID=8871) to work on /home/pedro/.local/lib/python3.10/site-packages/airflow/example_dags/example_short_circuit_operator.py
[2024-06-09T11:55:43.573-0300] {processor.py:830} INFO - Processing file /home/pedro/.local/lib/python3.10/site-packages/airflow/example_dags/example_short_circuit_operator.py for tasks to queue
[2024-06-09T11:55:43.575-0300] {logging_mixin.py:188} INFO - [2024-06-09T11:55:43.575-0300] {dagbag.py:545} INFO - Filling up the DagBag from /home/pedro/.local/lib/python3.10/site-packages/airflow/example_dags/example_short_circuit_operator.py
[2024-06-09T11:55:43.582-0300] {processor.py:840} INFO - DAG(s) 'example_short_circuit_operator' retrieved from /home/pedro/.local/lib/python3.10/site-packages/airflow/example_dags/example_short_circuit_operator.py
[2024-06-09T11:55:43.591-0300] {logging_mixin.py:188} INFO - [2024-06-09T11:55:43.591-0300] {dag.py:3096} INFO - Sync 1 DAGs
[2024-06-09T11:55:43.601-0300] {logging_mixin.py:188} INFO - [2024-06-09T11:55:43.601-0300] {dag.py:3954} INFO - Setting next_dagrun for example_short_circuit_operator to 2024-06-08 00:00:00+00:00, run_after=2024-06-09 00:00:00+00:00
[2024-06-09T11:55:43.615-0300] {processor.py:183} INFO - Processing /home/pedro/.local/lib/python3.10/site-packages/airflow/example_dags/example_short_circuit_operator.py took 0.052 seconds
[2024-06-09T11:57:52.250-0300] {processor.py:161} INFO - Started process (PID=9717) to work on /home/pedro/.local/lib/python3.10/site-packages/airflow/example_dags/example_short_circuit_operator.py
[2024-06-09T11:57:52.253-0300] {processor.py:830} INFO - Processing file /home/pedro/.local/lib/python3.10/site-packages/airflow/example_dags/example_short_circuit_operator.py for tasks to queue
[2024-06-09T11:57:52.254-0300] {logging_mixin.py:188} INFO - [2024-06-09T11:57:52.254-0300] {dagbag.py:545} INFO - Filling up the DagBag from /home/pedro/.local/lib/python3.10/site-packages/airflow/example_dags/example_short_circuit_operator.py
[2024-06-09T11:57:52.261-0300] {processor.py:840} INFO - DAG(s) 'example_short_circuit_operator' retrieved from /home/pedro/.local/lib/python3.10/site-packages/airflow/example_dags/example_short_circuit_operator.py
[2024-06-09T11:57:52.276-0300] {logging_mixin.py:188} INFO - [2024-06-09T11:57:52.275-0300] {dag.py:3096} INFO - Sync 1 DAGs
[2024-06-09T11:57:52.288-0300] {logging_mixin.py:188} INFO - [2024-06-09T11:57:52.288-0300] {dag.py:3954} INFO - Setting next_dagrun for example_short_circuit_operator to 2024-06-08 00:00:00+00:00, run_after=2024-06-09 00:00:00+00:00
[2024-06-09T11:57:52.306-0300] {processor.py:183} INFO - Processing /home/pedro/.local/lib/python3.10/site-packages/airflow/example_dags/example_short_circuit_operator.py took 0.059 seconds
[2024-06-09T11:59:20.324-0300] {processor.py:161} INFO - Started process (PID=10686) to work on /home/pedro/.local/lib/python3.10/site-packages/airflow/example_dags/example_short_circuit_operator.py
[2024-06-09T11:59:20.328-0300] {processor.py:830} INFO - Processing file /home/pedro/.local/lib/python3.10/site-packages/airflow/example_dags/example_short_circuit_operator.py for tasks to queue
[2024-06-09T11:59:20.330-0300] {logging_mixin.py:188} INFO - [2024-06-09T11:59:20.329-0300] {dagbag.py:545} INFO - Filling up the DagBag from /home/pedro/.local/lib/python3.10/site-packages/airflow/example_dags/example_short_circuit_operator.py
[2024-06-09T11:59:20.336-0300] {processor.py:840} INFO - DAG(s) 'example_short_circuit_operator' retrieved from /home/pedro/.local/lib/python3.10/site-packages/airflow/example_dags/example_short_circuit_operator.py
[2024-06-09T11:59:20.352-0300] {logging_mixin.py:188} INFO - [2024-06-09T11:59:20.351-0300] {dag.py:3096} INFO - Sync 1 DAGs
[2024-06-09T11:59:20.365-0300] {logging_mixin.py:188} INFO - [2024-06-09T11:59:20.365-0300] {dag.py:3954} INFO - Setting next_dagrun for example_short_circuit_operator to 2024-06-08 00:00:00+00:00, run_after=2024-06-09 00:00:00+00:00
[2024-06-09T11:59:20.382-0300] {processor.py:183} INFO - Processing /home/pedro/.local/lib/python3.10/site-packages/airflow/example_dags/example_short_circuit_operator.py took 0.065 seconds
[2024-06-09T12:00:11.242-0300] {processor.py:161} INFO - Started process (PID=10810) to work on /home/pedro/.local/lib/python3.10/site-packages/airflow/example_dags/example_short_circuit_operator.py
[2024-06-09T12:00:11.246-0300] {processor.py:830} INFO - Processing file /home/pedro/.local/lib/python3.10/site-packages/airflow/example_dags/example_short_circuit_operator.py for tasks to queue
[2024-06-09T12:00:11.248-0300] {logging_mixin.py:188} INFO - [2024-06-09T12:00:11.247-0300] {dagbag.py:545} INFO - Filling up the DagBag from /home/pedro/.local/lib/python3.10/site-packages/airflow/example_dags/example_short_circuit_operator.py
[2024-06-09T12:00:11.256-0300] {processor.py:840} INFO - DAG(s) 'example_short_circuit_operator' retrieved from /home/pedro/.local/lib/python3.10/site-packages/airflow/example_dags/example_short_circuit_operator.py
[2024-06-09T12:00:11.329-0300] {logging_mixin.py:188} INFO - [2024-06-09T12:00:11.329-0300] {dag.py:3096} INFO - Sync 1 DAGs
[2024-06-09T12:00:11.338-0300] {logging_mixin.py:188} INFO - [2024-06-09T12:00:11.338-0300] {dag.py:3954} INFO - Setting next_dagrun for example_short_circuit_operator to 2024-06-08 00:00:00+00:00, run_after=2024-06-09 00:00:00+00:00
[2024-06-09T12:00:11.353-0300] {processor.py:183} INFO - Processing /home/pedro/.local/lib/python3.10/site-packages/airflow/example_dags/example_short_circuit_operator.py took 0.114 seconds
[2024-06-09T12:01:02.670-0300] {processor.py:161} INFO - Started process (PID=11043) to work on /home/pedro/.local/lib/python3.10/site-packages/airflow/example_dags/example_short_circuit_operator.py
[2024-06-09T12:01:02.674-0300] {processor.py:830} INFO - Processing file /home/pedro/.local/lib/python3.10/site-packages/airflow/example_dags/example_short_circuit_operator.py for tasks to queue
[2024-06-09T12:01:02.675-0300] {logging_mixin.py:188} INFO - [2024-06-09T12:01:02.675-0300] {dagbag.py:545} INFO - Filling up the DagBag from /home/pedro/.local/lib/python3.10/site-packages/airflow/example_dags/example_short_circuit_operator.py
[2024-06-09T12:01:02.683-0300] {processor.py:840} INFO - DAG(s) 'example_short_circuit_operator' retrieved from /home/pedro/.local/lib/python3.10/site-packages/airflow/example_dags/example_short_circuit_operator.py
[2024-06-09T12:01:02.694-0300] {logging_mixin.py:188} INFO - [2024-06-09T12:01:02.694-0300] {dag.py:3096} INFO - Sync 1 DAGs
[2024-06-09T12:01:02.706-0300] {logging_mixin.py:188} INFO - [2024-06-09T12:01:02.706-0300] {dag.py:3954} INFO - Setting next_dagrun for example_short_circuit_operator to 2024-06-08 00:00:00+00:00, run_after=2024-06-09 00:00:00+00:00
[2024-06-09T12:01:02.724-0300] {processor.py:183} INFO - Processing /home/pedro/.local/lib/python3.10/site-packages/airflow/example_dags/example_short_circuit_operator.py took 0.060 seconds
[2024-06-09T12:01:47.549-0300] {processor.py:161} INFO - Started process (PID=11190) to work on /home/pedro/.local/lib/python3.10/site-packages/airflow/example_dags/example_short_circuit_operator.py
[2024-06-09T12:01:47.553-0300] {processor.py:830} INFO - Processing file /home/pedro/.local/lib/python3.10/site-packages/airflow/example_dags/example_short_circuit_operator.py for tasks to queue
[2024-06-09T12:01:47.555-0300] {logging_mixin.py:188} INFO - [2024-06-09T12:01:47.554-0300] {dagbag.py:545} INFO - Filling up the DagBag from /home/pedro/.local/lib/python3.10/site-packages/airflow/example_dags/example_short_circuit_operator.py
[2024-06-09T12:01:47.562-0300] {processor.py:840} INFO - DAG(s) 'example_short_circuit_operator' retrieved from /home/pedro/.local/lib/python3.10/site-packages/airflow/example_dags/example_short_circuit_operator.py
[2024-06-09T12:01:47.573-0300] {logging_mixin.py:188} INFO - [2024-06-09T12:01:47.573-0300] {dag.py:3096} INFO - Sync 1 DAGs
[2024-06-09T12:01:47.584-0300] {logging_mixin.py:188} INFO - [2024-06-09T12:01:47.584-0300] {dag.py:3954} INFO - Setting next_dagrun for example_short_circuit_operator to 2024-06-08 00:00:00+00:00, run_after=2024-06-09 00:00:00+00:00
[2024-06-09T12:01:47.601-0300] {processor.py:183} INFO - Processing /home/pedro/.local/lib/python3.10/site-packages/airflow/example_dags/example_short_circuit_operator.py took 0.055 seconds
[2024-06-09T12:02:33.011-0300] {processor.py:161} INFO - Started process (PID=11266) to work on /home/pedro/.local/lib/python3.10/site-packages/airflow/example_dags/example_short_circuit_operator.py
[2024-06-09T12:02:33.014-0300] {processor.py:830} INFO - Processing file /home/pedro/.local/lib/python3.10/site-packages/airflow/example_dags/example_short_circuit_operator.py for tasks to queue
[2024-06-09T12:02:33.016-0300] {logging_mixin.py:188} INFO - [2024-06-09T12:02:33.016-0300] {dagbag.py:545} INFO - Filling up the DagBag from /home/pedro/.local/lib/python3.10/site-packages/airflow/example_dags/example_short_circuit_operator.py
[2024-06-09T12:02:33.024-0300] {processor.py:840} INFO - DAG(s) 'example_short_circuit_operator' retrieved from /home/pedro/.local/lib/python3.10/site-packages/airflow/example_dags/example_short_circuit_operator.py
[2024-06-09T12:02:33.034-0300] {logging_mixin.py:188} INFO - [2024-06-09T12:02:33.034-0300] {dag.py:3096} INFO - Sync 1 DAGs
[2024-06-09T12:02:33.045-0300] {logging_mixin.py:188} INFO - [2024-06-09T12:02:33.045-0300] {dag.py:3954} INFO - Setting next_dagrun for example_short_circuit_operator to 2024-06-08 00:00:00+00:00, run_after=2024-06-09 00:00:00+00:00
[2024-06-09T12:02:33.060-0300] {processor.py:183} INFO - Processing /home/pedro/.local/lib/python3.10/site-packages/airflow/example_dags/example_short_circuit_operator.py took 0.053 seconds
[2024-06-09T12:03:16.595-0300] {processor.py:161} INFO - Started process (PID=11348) to work on /home/pedro/.local/lib/python3.10/site-packages/airflow/example_dags/example_short_circuit_operator.py
[2024-06-09T12:03:16.599-0300] {processor.py:830} INFO - Processing file /home/pedro/.local/lib/python3.10/site-packages/airflow/example_dags/example_short_circuit_operator.py for tasks to queue
[2024-06-09T12:03:16.600-0300] {logging_mixin.py:188} INFO - [2024-06-09T12:03:16.600-0300] {dagbag.py:545} INFO - Filling up the DagBag from /home/pedro/.local/lib/python3.10/site-packages/airflow/example_dags/example_short_circuit_operator.py
[2024-06-09T12:03:16.607-0300] {processor.py:840} INFO - DAG(s) 'example_short_circuit_operator' retrieved from /home/pedro/.local/lib/python3.10/site-packages/airflow/example_dags/example_short_circuit_operator.py
[2024-06-09T12:03:16.622-0300] {logging_mixin.py:188} INFO - [2024-06-09T12:03:16.622-0300] {dag.py:3096} INFO - Sync 1 DAGs
[2024-06-09T12:03:16.634-0300] {logging_mixin.py:188} INFO - [2024-06-09T12:03:16.634-0300] {dag.py:3954} INFO - Setting next_dagrun for example_short_circuit_operator to 2024-06-08 00:00:00+00:00, run_after=2024-06-09 00:00:00+00:00
[2024-06-09T12:03:16.651-0300] {processor.py:183} INFO - Processing /home/pedro/.local/lib/python3.10/site-packages/airflow/example_dags/example_short_circuit_operator.py took 0.063 seconds
[2024-06-09T12:03:57.289-0300] {processor.py:161} INFO - Started process (PID=11438) to work on /home/pedro/.local/lib/python3.10/site-packages/airflow/example_dags/example_short_circuit_operator.py
[2024-06-09T12:03:57.293-0300] {processor.py:830} INFO - Processing file /home/pedro/.local/lib/python3.10/site-packages/airflow/example_dags/example_short_circuit_operator.py for tasks to queue
[2024-06-09T12:03:57.294-0300] {logging_mixin.py:188} INFO - [2024-06-09T12:03:57.294-0300] {dagbag.py:545} INFO - Filling up the DagBag from /home/pedro/.local/lib/python3.10/site-packages/airflow/example_dags/example_short_circuit_operator.py
[2024-06-09T12:03:57.300-0300] {processor.py:840} INFO - DAG(s) 'example_short_circuit_operator' retrieved from /home/pedro/.local/lib/python3.10/site-packages/airflow/example_dags/example_short_circuit_operator.py
[2024-06-09T12:03:57.312-0300] {logging_mixin.py:188} INFO - [2024-06-09T12:03:57.312-0300] {dag.py:3096} INFO - Sync 1 DAGs
[2024-06-09T12:03:57.323-0300] {logging_mixin.py:188} INFO - [2024-06-09T12:03:57.323-0300] {dag.py:3954} INFO - Setting next_dagrun for example_short_circuit_operator to 2024-06-08 00:00:00+00:00, run_after=2024-06-09 00:00:00+00:00
[2024-06-09T12:03:57.340-0300] {processor.py:183} INFO - Processing /home/pedro/.local/lib/python3.10/site-packages/airflow/example_dags/example_short_circuit_operator.py took 0.059 seconds
[2024-06-09T12:04:40.833-0300] {processor.py:161} INFO - Started process (PID=11533) to work on /home/pedro/.local/lib/python3.10/site-packages/airflow/example_dags/example_short_circuit_operator.py
[2024-06-09T12:04:40.837-0300] {processor.py:830} INFO - Processing file /home/pedro/.local/lib/python3.10/site-packages/airflow/example_dags/example_short_circuit_operator.py for tasks to queue
[2024-06-09T12:04:40.839-0300] {logging_mixin.py:188} INFO - [2024-06-09T12:04:40.838-0300] {dagbag.py:545} INFO - Filling up the DagBag from /home/pedro/.local/lib/python3.10/site-packages/airflow/example_dags/example_short_circuit_operator.py
[2024-06-09T12:04:40.846-0300] {processor.py:840} INFO - DAG(s) 'example_short_circuit_operator' retrieved from /home/pedro/.local/lib/python3.10/site-packages/airflow/example_dags/example_short_circuit_operator.py
[2024-06-09T12:04:40.856-0300] {logging_mixin.py:188} INFO - [2024-06-09T12:04:40.856-0300] {dag.py:3096} INFO - Sync 1 DAGs
[2024-06-09T12:04:40.867-0300] {logging_mixin.py:188} INFO - [2024-06-09T12:04:40.867-0300] {dag.py:3954} INFO - Setting next_dagrun for example_short_circuit_operator to 2024-06-08 00:00:00+00:00, run_after=2024-06-09 00:00:00+00:00
[2024-06-09T12:04:40.884-0300] {processor.py:183} INFO - Processing /home/pedro/.local/lib/python3.10/site-packages/airflow/example_dags/example_short_circuit_operator.py took 0.060 seconds
[2024-06-09T12:05:23.266-0300] {processor.py:161} INFO - Started process (PID=11613) to work on /home/pedro/.local/lib/python3.10/site-packages/airflow/example_dags/example_short_circuit_operator.py
[2024-06-09T12:05:23.269-0300] {processor.py:830} INFO - Processing file /home/pedro/.local/lib/python3.10/site-packages/airflow/example_dags/example_short_circuit_operator.py for tasks to queue
[2024-06-09T12:05:23.271-0300] {logging_mixin.py:188} INFO - [2024-06-09T12:05:23.271-0300] {dagbag.py:545} INFO - Filling up the DagBag from /home/pedro/.local/lib/python3.10/site-packages/airflow/example_dags/example_short_circuit_operator.py
[2024-06-09T12:05:23.277-0300] {processor.py:840} INFO - DAG(s) 'example_short_circuit_operator' retrieved from /home/pedro/.local/lib/python3.10/site-packages/airflow/example_dags/example_short_circuit_operator.py
[2024-06-09T12:05:23.288-0300] {logging_mixin.py:188} INFO - [2024-06-09T12:05:23.288-0300] {dag.py:3096} INFO - Sync 1 DAGs
[2024-06-09T12:05:23.299-0300] {logging_mixin.py:188} INFO - [2024-06-09T12:05:23.299-0300] {dag.py:3954} INFO - Setting next_dagrun for example_short_circuit_operator to 2024-06-08 00:00:00+00:00, run_after=2024-06-09 00:00:00+00:00
[2024-06-09T12:05:23.315-0300] {processor.py:183} INFO - Processing /home/pedro/.local/lib/python3.10/site-packages/airflow/example_dags/example_short_circuit_operator.py took 0.058 seconds
[2024-06-09T12:06:42.317-0300] {processor.py:161} INFO - Started process (PID=12443) to work on /home/pedro/.local/lib/python3.10/site-packages/airflow/example_dags/example_short_circuit_operator.py
[2024-06-09T12:06:42.320-0300] {processor.py:830} INFO - Processing file /home/pedro/.local/lib/python3.10/site-packages/airflow/example_dags/example_short_circuit_operator.py for tasks to queue
[2024-06-09T12:06:42.322-0300] {logging_mixin.py:188} INFO - [2024-06-09T12:06:42.321-0300] {dagbag.py:545} INFO - Filling up the DagBag from /home/pedro/.local/lib/python3.10/site-packages/airflow/example_dags/example_short_circuit_operator.py
[2024-06-09T12:06:42.331-0300] {processor.py:840} INFO - DAG(s) 'example_short_circuit_operator' retrieved from /home/pedro/.local/lib/python3.10/site-packages/airflow/example_dags/example_short_circuit_operator.py
[2024-06-09T12:06:42.345-0300] {logging_mixin.py:188} INFO - [2024-06-09T12:06:42.345-0300] {dag.py:3096} INFO - Sync 1 DAGs
[2024-06-09T12:06:42.356-0300] {logging_mixin.py:188} INFO - [2024-06-09T12:06:42.356-0300] {dag.py:3954} INFO - Setting next_dagrun for example_short_circuit_operator to 2024-06-08 00:00:00+00:00, run_after=2024-06-09 00:00:00+00:00
[2024-06-09T12:06:42.372-0300] {processor.py:183} INFO - Processing /home/pedro/.local/lib/python3.10/site-packages/airflow/example_dags/example_short_circuit_operator.py took 0.060 seconds
[2024-06-09T12:07:37.800-0300] {processor.py:161} INFO - Started process (PID=12537) to work on /home/pedro/.local/lib/python3.10/site-packages/airflow/example_dags/example_short_circuit_operator.py
[2024-06-09T12:07:37.803-0300] {processor.py:830} INFO - Processing file /home/pedro/.local/lib/python3.10/site-packages/airflow/example_dags/example_short_circuit_operator.py for tasks to queue
[2024-06-09T12:07:37.805-0300] {logging_mixin.py:188} INFO - [2024-06-09T12:07:37.805-0300] {dagbag.py:545} INFO - Filling up the DagBag from /home/pedro/.local/lib/python3.10/site-packages/airflow/example_dags/example_short_circuit_operator.py
[2024-06-09T12:07:37.813-0300] {processor.py:840} INFO - DAG(s) 'example_short_circuit_operator' retrieved from /home/pedro/.local/lib/python3.10/site-packages/airflow/example_dags/example_short_circuit_operator.py
[2024-06-09T12:07:37.883-0300] {logging_mixin.py:188} INFO - [2024-06-09T12:07:37.883-0300] {dag.py:3096} INFO - Sync 1 DAGs
[2024-06-09T12:07:37.892-0300] {logging_mixin.py:188} INFO - [2024-06-09T12:07:37.892-0300] {dag.py:3954} INFO - Setting next_dagrun for example_short_circuit_operator to 2024-06-08 00:00:00+00:00, run_after=2024-06-09 00:00:00+00:00
[2024-06-09T12:07:37.907-0300] {processor.py:183} INFO - Processing /home/pedro/.local/lib/python3.10/site-packages/airflow/example_dags/example_short_circuit_operator.py took 0.110 seconds
[2024-06-09T12:08:26.529-0300] {processor.py:161} INFO - Started process (PID=12634) to work on /home/pedro/.local/lib/python3.10/site-packages/airflow/example_dags/example_short_circuit_operator.py
[2024-06-09T12:08:26.530-0300] {processor.py:830} INFO - Processing file /home/pedro/.local/lib/python3.10/site-packages/airflow/example_dags/example_short_circuit_operator.py for tasks to queue
[2024-06-09T12:08:26.530-0300] {logging_mixin.py:188} INFO - [2024-06-09T12:08:26.530-0300] {dagbag.py:545} INFO - Filling up the DagBag from /home/pedro/.local/lib/python3.10/site-packages/airflow/example_dags/example_short_circuit_operator.py
[2024-06-09T12:08:26.535-0300] {processor.py:840} INFO - DAG(s) 'example_short_circuit_operator' retrieved from /home/pedro/.local/lib/python3.10/site-packages/airflow/example_dags/example_short_circuit_operator.py
[2024-06-09T12:08:26.546-0300] {logging_mixin.py:188} INFO - [2024-06-09T12:08:26.546-0300] {dag.py:3096} INFO - Sync 1 DAGs
[2024-06-09T12:08:26.558-0300] {logging_mixin.py:188} INFO - [2024-06-09T12:08:26.557-0300] {dag.py:3954} INFO - Setting next_dagrun for example_short_circuit_operator to 2024-06-08 00:00:00+00:00, run_after=2024-06-09 00:00:00+00:00
[2024-06-09T12:08:26.574-0300] {processor.py:183} INFO - Processing /home/pedro/.local/lib/python3.10/site-packages/airflow/example_dags/example_short_circuit_operator.py took 0.048 seconds
[2024-06-09T12:09:19.646-0300] {processor.py:161} INFO - Started process (PID=12723) to work on /home/pedro/.local/lib/python3.10/site-packages/airflow/example_dags/example_short_circuit_operator.py
[2024-06-09T12:09:19.650-0300] {processor.py:830} INFO - Processing file /home/pedro/.local/lib/python3.10/site-packages/airflow/example_dags/example_short_circuit_operator.py for tasks to queue
[2024-06-09T12:09:19.652-0300] {logging_mixin.py:188} INFO - [2024-06-09T12:09:19.652-0300] {dagbag.py:545} INFO - Filling up the DagBag from /home/pedro/.local/lib/python3.10/site-packages/airflow/example_dags/example_short_circuit_operator.py
[2024-06-09T12:09:19.658-0300] {processor.py:840} INFO - DAG(s) 'example_short_circuit_operator' retrieved from /home/pedro/.local/lib/python3.10/site-packages/airflow/example_dags/example_short_circuit_operator.py
[2024-06-09T12:09:19.668-0300] {logging_mixin.py:188} INFO - [2024-06-09T12:09:19.668-0300] {dag.py:3096} INFO - Sync 1 DAGs
[2024-06-09T12:09:19.678-0300] {logging_mixin.py:188} INFO - [2024-06-09T12:09:19.677-0300] {dag.py:3954} INFO - Setting next_dagrun for example_short_circuit_operator to 2024-06-08 00:00:00+00:00, run_after=2024-06-09 00:00:00+00:00
[2024-06-09T12:09:19.695-0300] {processor.py:183} INFO - Processing /home/pedro/.local/lib/python3.10/site-packages/airflow/example_dags/example_short_circuit_operator.py took 0.058 seconds
[2024-06-09T12:10:00.936-0300] {processor.py:161} INFO - Started process (PID=12799) to work on /home/pedro/.local/lib/python3.10/site-packages/airflow/example_dags/example_short_circuit_operator.py
[2024-06-09T12:10:00.939-0300] {processor.py:830} INFO - Processing file /home/pedro/.local/lib/python3.10/site-packages/airflow/example_dags/example_short_circuit_operator.py for tasks to queue
[2024-06-09T12:10:00.942-0300] {logging_mixin.py:188} INFO - [2024-06-09T12:10:00.941-0300] {dagbag.py:545} INFO - Filling up the DagBag from /home/pedro/.local/lib/python3.10/site-packages/airflow/example_dags/example_short_circuit_operator.py
[2024-06-09T12:10:00.950-0300] {processor.py:840} INFO - DAG(s) 'example_short_circuit_operator' retrieved from /home/pedro/.local/lib/python3.10/site-packages/airflow/example_dags/example_short_circuit_operator.py
[2024-06-09T12:10:00.961-0300] {logging_mixin.py:188} INFO - [2024-06-09T12:10:00.961-0300] {dag.py:3096} INFO - Sync 1 DAGs
[2024-06-09T12:10:00.971-0300] {logging_mixin.py:188} INFO - [2024-06-09T12:10:00.971-0300] {dag.py:3954} INFO - Setting next_dagrun for example_short_circuit_operator to 2024-06-08 00:00:00+00:00, run_after=2024-06-09 00:00:00+00:00
[2024-06-09T12:10:00.987-0300] {processor.py:183} INFO - Processing /home/pedro/.local/lib/python3.10/site-packages/airflow/example_dags/example_short_circuit_operator.py took 0.061 seconds
[2024-06-09T12:10:43.535-0300] {processor.py:161} INFO - Started process (PID=12890) to work on /home/pedro/.local/lib/python3.10/site-packages/airflow/example_dags/example_short_circuit_operator.py
[2024-06-09T12:10:43.539-0300] {processor.py:830} INFO - Processing file /home/pedro/.local/lib/python3.10/site-packages/airflow/example_dags/example_short_circuit_operator.py for tasks to queue
[2024-06-09T12:10:43.541-0300] {logging_mixin.py:188} INFO - [2024-06-09T12:10:43.541-0300] {dagbag.py:545} INFO - Filling up the DagBag from /home/pedro/.local/lib/python3.10/site-packages/airflow/example_dags/example_short_circuit_operator.py
[2024-06-09T12:10:43.549-0300] {processor.py:840} INFO - DAG(s) 'example_short_circuit_operator' retrieved from /home/pedro/.local/lib/python3.10/site-packages/airflow/example_dags/example_short_circuit_operator.py
[2024-06-09T12:10:43.560-0300] {logging_mixin.py:188} INFO - [2024-06-09T12:10:43.560-0300] {dag.py:3096} INFO - Sync 1 DAGs
[2024-06-09T12:10:43.570-0300] {logging_mixin.py:188} INFO - [2024-06-09T12:10:43.570-0300] {dag.py:3954} INFO - Setting next_dagrun for example_short_circuit_operator to 2024-06-08 00:00:00+00:00, run_after=2024-06-09 00:00:00+00:00
[2024-06-09T12:10:43.587-0300] {processor.py:183} INFO - Processing /home/pedro/.local/lib/python3.10/site-packages/airflow/example_dags/example_short_circuit_operator.py took 0.060 seconds
[2024-06-09T12:11:58.109-0300] {processor.py:161} INFO - Started process (PID=13005) to work on /home/pedro/.local/lib/python3.10/site-packages/airflow/example_dags/example_short_circuit_operator.py
[2024-06-09T12:11:58.113-0300] {processor.py:830} INFO - Processing file /home/pedro/.local/lib/python3.10/site-packages/airflow/example_dags/example_short_circuit_operator.py for tasks to queue
[2024-06-09T12:11:58.114-0300] {logging_mixin.py:188} INFO - [2024-06-09T12:11:58.114-0300] {dagbag.py:545} INFO - Filling up the DagBag from /home/pedro/.local/lib/python3.10/site-packages/airflow/example_dags/example_short_circuit_operator.py
[2024-06-09T12:11:58.122-0300] {processor.py:840} INFO - DAG(s) 'example_short_circuit_operator' retrieved from /home/pedro/.local/lib/python3.10/site-packages/airflow/example_dags/example_short_circuit_operator.py
[2024-06-09T12:11:58.136-0300] {logging_mixin.py:188} INFO - [2024-06-09T12:11:58.136-0300] {dag.py:3096} INFO - Sync 1 DAGs
[2024-06-09T12:11:58.148-0300] {logging_mixin.py:188} INFO - [2024-06-09T12:11:58.147-0300] {dag.py:3954} INFO - Setting next_dagrun for example_short_circuit_operator to 2024-06-08 00:00:00+00:00, run_after=2024-06-09 00:00:00+00:00
[2024-06-09T12:11:58.163-0300] {processor.py:183} INFO - Processing /home/pedro/.local/lib/python3.10/site-packages/airflow/example_dags/example_short_circuit_operator.py took 0.063 seconds
[2024-06-09T12:12:50.536-0300] {processor.py:161} INFO - Started process (PID=13100) to work on /home/pedro/.local/lib/python3.10/site-packages/airflow/example_dags/example_short_circuit_operator.py
[2024-06-09T12:12:50.539-0300] {processor.py:830} INFO - Processing file /home/pedro/.local/lib/python3.10/site-packages/airflow/example_dags/example_short_circuit_operator.py for tasks to queue
[2024-06-09T12:12:50.541-0300] {logging_mixin.py:188} INFO - [2024-06-09T12:12:50.540-0300] {dagbag.py:545} INFO - Filling up the DagBag from /home/pedro/.local/lib/python3.10/site-packages/airflow/example_dags/example_short_circuit_operator.py
[2024-06-09T12:12:50.546-0300] {processor.py:840} INFO - DAG(s) 'example_short_circuit_operator' retrieved from /home/pedro/.local/lib/python3.10/site-packages/airflow/example_dags/example_short_circuit_operator.py
[2024-06-09T12:12:50.629-0300] {logging_mixin.py:188} INFO - [2024-06-09T12:12:50.629-0300] {dag.py:3096} INFO - Sync 1 DAGs
[2024-06-09T12:12:50.640-0300] {logging_mixin.py:188} INFO - [2024-06-09T12:12:50.640-0300] {dag.py:3954} INFO - Setting next_dagrun for example_short_circuit_operator to 2024-06-08 00:00:00+00:00, run_after=2024-06-09 00:00:00+00:00
[2024-06-09T12:12:50.657-0300] {processor.py:183} INFO - Processing /home/pedro/.local/lib/python3.10/site-packages/airflow/example_dags/example_short_circuit_operator.py took 0.125 seconds
[2024-06-09T12:13:38.408-0300] {processor.py:161} INFO - Started process (PID=13167) to work on /home/pedro/.local/lib/python3.10/site-packages/airflow/example_dags/example_short_circuit_operator.py
[2024-06-09T12:13:38.412-0300] {processor.py:830} INFO - Processing file /home/pedro/.local/lib/python3.10/site-packages/airflow/example_dags/example_short_circuit_operator.py for tasks to queue
[2024-06-09T12:13:38.413-0300] {logging_mixin.py:188} INFO - [2024-06-09T12:13:38.413-0300] {dagbag.py:545} INFO - Filling up the DagBag from /home/pedro/.local/lib/python3.10/site-packages/airflow/example_dags/example_short_circuit_operator.py
[2024-06-09T12:13:38.419-0300] {processor.py:840} INFO - DAG(s) 'example_short_circuit_operator' retrieved from /home/pedro/.local/lib/python3.10/site-packages/airflow/example_dags/example_short_circuit_operator.py
[2024-06-09T12:13:38.431-0300] {logging_mixin.py:188} INFO - [2024-06-09T12:13:38.431-0300] {dag.py:3096} INFO - Sync 1 DAGs
[2024-06-09T12:13:38.442-0300] {logging_mixin.py:188} INFO - [2024-06-09T12:13:38.442-0300] {dag.py:3954} INFO - Setting next_dagrun for example_short_circuit_operator to 2024-06-08 00:00:00+00:00, run_after=2024-06-09 00:00:00+00:00
[2024-06-09T12:13:38.459-0300] {processor.py:183} INFO - Processing /home/pedro/.local/lib/python3.10/site-packages/airflow/example_dags/example_short_circuit_operator.py took 0.057 seconds
[2024-06-09T12:14:28.512-0300] {processor.py:161} INFO - Started process (PID=13234) to work on /home/pedro/.local/lib/python3.10/site-packages/airflow/example_dags/example_short_circuit_operator.py
[2024-06-09T12:14:28.516-0300] {processor.py:830} INFO - Processing file /home/pedro/.local/lib/python3.10/site-packages/airflow/example_dags/example_short_circuit_operator.py for tasks to queue
[2024-06-09T12:14:28.518-0300] {logging_mixin.py:188} INFO - [2024-06-09T12:14:28.517-0300] {dagbag.py:545} INFO - Filling up the DagBag from /home/pedro/.local/lib/python3.10/site-packages/airflow/example_dags/example_short_circuit_operator.py
[2024-06-09T12:14:28.525-0300] {processor.py:840} INFO - DAG(s) 'example_short_circuit_operator' retrieved from /home/pedro/.local/lib/python3.10/site-packages/airflow/example_dags/example_short_circuit_operator.py
[2024-06-09T12:14:28.537-0300] {logging_mixin.py:188} INFO - [2024-06-09T12:14:28.537-0300] {dag.py:3096} INFO - Sync 1 DAGs
[2024-06-09T12:14:28.548-0300] {logging_mixin.py:188} INFO - [2024-06-09T12:14:28.548-0300] {dag.py:3954} INFO - Setting next_dagrun for example_short_circuit_operator to 2024-06-08 00:00:00+00:00, run_after=2024-06-09 00:00:00+00:00
[2024-06-09T12:14:28.564-0300] {processor.py:183} INFO - Processing /home/pedro/.local/lib/python3.10/site-packages/airflow/example_dags/example_short_circuit_operator.py took 0.057 seconds
[2024-06-09T12:15:11.271-0300] {processor.py:161} INFO - Started process (PID=13311) to work on /home/pedro/.local/lib/python3.10/site-packages/airflow/example_dags/example_short_circuit_operator.py
[2024-06-09T12:15:11.273-0300] {processor.py:830} INFO - Processing file /home/pedro/.local/lib/python3.10/site-packages/airflow/example_dags/example_short_circuit_operator.py for tasks to queue
[2024-06-09T12:15:11.275-0300] {logging_mixin.py:188} INFO - [2024-06-09T12:15:11.274-0300] {dagbag.py:545} INFO - Filling up the DagBag from /home/pedro/.local/lib/python3.10/site-packages/airflow/example_dags/example_short_circuit_operator.py
[2024-06-09T12:15:11.282-0300] {processor.py:840} INFO - DAG(s) 'example_short_circuit_operator' retrieved from /home/pedro/.local/lib/python3.10/site-packages/airflow/example_dags/example_short_circuit_operator.py
[2024-06-09T12:15:11.300-0300] {logging_mixin.py:188} INFO - [2024-06-09T12:15:11.300-0300] {dag.py:3096} INFO - Sync 1 DAGs
[2024-06-09T12:15:11.311-0300] {logging_mixin.py:188} INFO - [2024-06-09T12:15:11.311-0300] {dag.py:3954} INFO - Setting next_dagrun for example_short_circuit_operator to 2024-06-08 00:00:00+00:00, run_after=2024-06-09 00:00:00+00:00
[2024-06-09T12:15:11.325-0300] {processor.py:183} INFO - Processing /home/pedro/.local/lib/python3.10/site-packages/airflow/example_dags/example_short_circuit_operator.py took 0.061 seconds
[2024-06-09T12:19:58.361-0300] {processor.py:161} INFO - Started process (PID=13592) to work on /home/pedro/.local/lib/python3.10/site-packages/airflow/example_dags/example_short_circuit_operator.py
[2024-06-09T12:19:58.365-0300] {processor.py:830} INFO - Processing file /home/pedro/.local/lib/python3.10/site-packages/airflow/example_dags/example_short_circuit_operator.py for tasks to queue
[2024-06-09T12:19:58.367-0300] {logging_mixin.py:188} INFO - [2024-06-09T12:19:58.366-0300] {dagbag.py:545} INFO - Filling up the DagBag from /home/pedro/.local/lib/python3.10/site-packages/airflow/example_dags/example_short_circuit_operator.py
[2024-06-09T12:19:58.376-0300] {processor.py:840} INFO - DAG(s) 'example_short_circuit_operator' retrieved from /home/pedro/.local/lib/python3.10/site-packages/airflow/example_dags/example_short_circuit_operator.py
[2024-06-09T12:19:58.391-0300] {logging_mixin.py:188} INFO - [2024-06-09T12:19:58.391-0300] {dag.py:3096} INFO - Sync 1 DAGs
[2024-06-09T12:19:58.401-0300] {logging_mixin.py:188} INFO - [2024-06-09T12:19:58.401-0300] {dag.py:3954} INFO - Setting next_dagrun for example_short_circuit_operator to 2024-06-08 00:00:00+00:00, run_after=2024-06-09 00:00:00+00:00
[2024-06-09T12:19:58.420-0300] {processor.py:183} INFO - Processing /home/pedro/.local/lib/python3.10/site-packages/airflow/example_dags/example_short_circuit_operator.py took 0.067 seconds
[2024-06-09T12:20:50.592-0300] {processor.py:161} INFO - Started process (PID=13699) to work on /home/pedro/.local/lib/python3.10/site-packages/airflow/example_dags/example_short_circuit_operator.py
[2024-06-09T12:20:50.595-0300] {processor.py:830} INFO - Processing file /home/pedro/.local/lib/python3.10/site-packages/airflow/example_dags/example_short_circuit_operator.py for tasks to queue
[2024-06-09T12:20:50.597-0300] {logging_mixin.py:188} INFO - [2024-06-09T12:20:50.597-0300] {dagbag.py:545} INFO - Filling up the DagBag from /home/pedro/.local/lib/python3.10/site-packages/airflow/example_dags/example_short_circuit_operator.py
[2024-06-09T12:20:50.604-0300] {processor.py:840} INFO - DAG(s) 'example_short_circuit_operator' retrieved from /home/pedro/.local/lib/python3.10/site-packages/airflow/example_dags/example_short_circuit_operator.py
[2024-06-09T12:20:50.685-0300] {logging_mixin.py:188} INFO - [2024-06-09T12:20:50.685-0300] {dag.py:3096} INFO - Sync 1 DAGs
[2024-06-09T12:20:50.695-0300] {logging_mixin.py:188} INFO - [2024-06-09T12:20:50.694-0300] {dag.py:3954} INFO - Setting next_dagrun for example_short_circuit_operator to 2024-06-08 00:00:00+00:00, run_after=2024-06-09 00:00:00+00:00
[2024-06-09T12:20:50.710-0300] {processor.py:183} INFO - Processing /home/pedro/.local/lib/python3.10/site-packages/airflow/example_dags/example_short_circuit_operator.py took 0.126 seconds
[2024-06-09T12:21:41.163-0300] {processor.py:161} INFO - Started process (PID=13818) to work on /home/pedro/.local/lib/python3.10/site-packages/airflow/example_dags/example_short_circuit_operator.py
[2024-06-09T12:21:41.166-0300] {processor.py:830} INFO - Processing file /home/pedro/.local/lib/python3.10/site-packages/airflow/example_dags/example_short_circuit_operator.py for tasks to queue
[2024-06-09T12:21:41.168-0300] {logging_mixin.py:188} INFO - [2024-06-09T12:21:41.167-0300] {dagbag.py:545} INFO - Filling up the DagBag from /home/pedro/.local/lib/python3.10/site-packages/airflow/example_dags/example_short_circuit_operator.py
[2024-06-09T12:21:41.176-0300] {processor.py:840} INFO - DAG(s) 'example_short_circuit_operator' retrieved from /home/pedro/.local/lib/python3.10/site-packages/airflow/example_dags/example_short_circuit_operator.py
[2024-06-09T12:21:41.186-0300] {logging_mixin.py:188} INFO - [2024-06-09T12:21:41.186-0300] {dag.py:3096} INFO - Sync 1 DAGs
[2024-06-09T12:21:41.195-0300] {logging_mixin.py:188} INFO - [2024-06-09T12:21:41.195-0300] {dag.py:3954} INFO - Setting next_dagrun for example_short_circuit_operator to 2024-06-08 00:00:00+00:00, run_after=2024-06-09 00:00:00+00:00
[2024-06-09T12:21:41.211-0300] {processor.py:183} INFO - Processing /home/pedro/.local/lib/python3.10/site-packages/airflow/example_dags/example_short_circuit_operator.py took 0.051 seconds
[2024-06-09T12:22:24.091-0300] {processor.py:161} INFO - Started process (PID=13893) to work on /home/pedro/.local/lib/python3.10/site-packages/airflow/example_dags/example_short_circuit_operator.py
[2024-06-09T12:22:24.095-0300] {processor.py:830} INFO - Processing file /home/pedro/.local/lib/python3.10/site-packages/airflow/example_dags/example_short_circuit_operator.py for tasks to queue
[2024-06-09T12:22:24.097-0300] {logging_mixin.py:188} INFO - [2024-06-09T12:22:24.097-0300] {dagbag.py:545} INFO - Filling up the DagBag from /home/pedro/.local/lib/python3.10/site-packages/airflow/example_dags/example_short_circuit_operator.py
[2024-06-09T12:22:24.105-0300] {processor.py:840} INFO - DAG(s) 'example_short_circuit_operator' retrieved from /home/pedro/.local/lib/python3.10/site-packages/airflow/example_dags/example_short_circuit_operator.py
[2024-06-09T12:22:24.115-0300] {logging_mixin.py:188} INFO - [2024-06-09T12:22:24.115-0300] {dag.py:3096} INFO - Sync 1 DAGs
[2024-06-09T12:22:24.125-0300] {logging_mixin.py:188} INFO - [2024-06-09T12:22:24.124-0300] {dag.py:3954} INFO - Setting next_dagrun for example_short_circuit_operator to 2024-06-08 00:00:00+00:00, run_after=2024-06-09 00:00:00+00:00
[2024-06-09T12:22:24.140-0300] {processor.py:183} INFO - Processing /home/pedro/.local/lib/python3.10/site-packages/airflow/example_dags/example_short_circuit_operator.py took 0.056 seconds
[2024-06-09T12:23:06.893-0300] {processor.py:161} INFO - Started process (PID=13994) to work on /home/pedro/.local/lib/python3.10/site-packages/airflow/example_dags/example_short_circuit_operator.py
[2024-06-09T12:23:06.896-0300] {processor.py:830} INFO - Processing file /home/pedro/.local/lib/python3.10/site-packages/airflow/example_dags/example_short_circuit_operator.py for tasks to queue
[2024-06-09T12:23:06.898-0300] {logging_mixin.py:188} INFO - [2024-06-09T12:23:06.898-0300] {dagbag.py:545} INFO - Filling up the DagBag from /home/pedro/.local/lib/python3.10/site-packages/airflow/example_dags/example_short_circuit_operator.py
[2024-06-09T12:23:06.906-0300] {processor.py:840} INFO - DAG(s) 'example_short_circuit_operator' retrieved from /home/pedro/.local/lib/python3.10/site-packages/airflow/example_dags/example_short_circuit_operator.py
[2024-06-09T12:23:06.916-0300] {logging_mixin.py:188} INFO - [2024-06-09T12:23:06.916-0300] {dag.py:3096} INFO - Sync 1 DAGs
[2024-06-09T12:23:06.927-0300] {logging_mixin.py:188} INFO - [2024-06-09T12:23:06.926-0300] {dag.py:3954} INFO - Setting next_dagrun for example_short_circuit_operator to 2024-06-08 00:00:00+00:00, run_after=2024-06-09 00:00:00+00:00
[2024-06-09T12:23:06.943-0300] {processor.py:183} INFO - Processing /home/pedro/.local/lib/python3.10/site-packages/airflow/example_dags/example_short_circuit_operator.py took 0.053 seconds
[2024-06-09T16:26:15.786-0300] {processor.py:161} INFO - Started process (PID=4813) to work on /home/pedro/.local/lib/python3.10/site-packages/airflow/example_dags/example_short_circuit_operator.py
[2024-06-09T16:26:15.790-0300] {processor.py:830} INFO - Processing file /home/pedro/.local/lib/python3.10/site-packages/airflow/example_dags/example_short_circuit_operator.py for tasks to queue
[2024-06-09T16:26:15.791-0300] {logging_mixin.py:188} INFO - [2024-06-09T16:26:15.791-0300] {dagbag.py:545} INFO - Filling up the DagBag from /home/pedro/.local/lib/python3.10/site-packages/airflow/example_dags/example_short_circuit_operator.py
[2024-06-09T16:26:15.799-0300] {processor.py:840} INFO - DAG(s) 'example_short_circuit_operator' retrieved from /home/pedro/.local/lib/python3.10/site-packages/airflow/example_dags/example_short_circuit_operator.py
[2024-06-09T16:26:15.814-0300] {logging_mixin.py:188} INFO - [2024-06-09T16:26:15.814-0300] {dag.py:3096} INFO - Sync 1 DAGs
[2024-06-09T16:26:15.826-0300] {logging_mixin.py:188} INFO - [2024-06-09T16:26:15.826-0300] {dag.py:3954} INFO - Setting next_dagrun for example_short_circuit_operator to 2024-06-08 00:00:00+00:00, run_after=2024-06-09 00:00:00+00:00
[2024-06-09T16:26:15.844-0300] {processor.py:183} INFO - Processing /home/pedro/.local/lib/python3.10/site-packages/airflow/example_dags/example_short_circuit_operator.py took 0.066 seconds
[2024-06-09T16:28:31.400-0300] {processor.py:161} INFO - Started process (PID=5558) to work on /home/pedro/.local/lib/python3.10/site-packages/airflow/example_dags/example_short_circuit_operator.py
[2024-06-09T16:28:31.401-0300] {processor.py:830} INFO - Processing file /home/pedro/.local/lib/python3.10/site-packages/airflow/example_dags/example_short_circuit_operator.py for tasks to queue
[2024-06-09T16:28:31.402-0300] {logging_mixin.py:188} INFO - [2024-06-09T16:28:31.402-0300] {dagbag.py:545} INFO - Filling up the DagBag from /home/pedro/.local/lib/python3.10/site-packages/airflow/example_dags/example_short_circuit_operator.py
[2024-06-09T16:28:31.407-0300] {processor.py:840} INFO - DAG(s) 'example_short_circuit_operator' retrieved from /home/pedro/.local/lib/python3.10/site-packages/airflow/example_dags/example_short_circuit_operator.py
[2024-06-09T16:28:31.418-0300] {logging_mixin.py:188} INFO - [2024-06-09T16:28:31.418-0300] {dag.py:3096} INFO - Sync 1 DAGs
[2024-06-09T16:28:31.492-0300] {logging_mixin.py:188} INFO - [2024-06-09T16:28:31.492-0300] {dag.py:3954} INFO - Setting next_dagrun for example_short_circuit_operator to 2024-06-08 00:00:00+00:00, run_after=2024-06-09 00:00:00+00:00
[2024-06-09T16:28:31.535-0300] {processor.py:183} INFO - Processing /home/pedro/.local/lib/python3.10/site-packages/airflow/example_dags/example_short_circuit_operator.py took 0.142 seconds
[2024-06-09T16:30:44.381-0300] {processor.py:161} INFO - Started process (PID=7442) to work on /home/pedro/.local/lib/python3.10/site-packages/airflow/example_dags/example_short_circuit_operator.py
[2024-06-09T16:30:44.382-0300] {processor.py:830} INFO - Processing file /home/pedro/.local/lib/python3.10/site-packages/airflow/example_dags/example_short_circuit_operator.py for tasks to queue
[2024-06-09T16:30:44.384-0300] {logging_mixin.py:188} INFO - [2024-06-09T16:30:44.383-0300] {dagbag.py:545} INFO - Filling up the DagBag from /home/pedro/.local/lib/python3.10/site-packages/airflow/example_dags/example_short_circuit_operator.py
[2024-06-09T16:30:44.390-0300] {processor.py:840} INFO - DAG(s) 'example_short_circuit_operator' retrieved from /home/pedro/.local/lib/python3.10/site-packages/airflow/example_dags/example_short_circuit_operator.py
[2024-06-09T16:30:44.400-0300] {logging_mixin.py:188} INFO - [2024-06-09T16:30:44.400-0300] {dag.py:3096} INFO - Sync 1 DAGs
[2024-06-09T16:30:44.411-0300] {logging_mixin.py:188} INFO - [2024-06-09T16:30:44.411-0300] {dag.py:3954} INFO - Setting next_dagrun for example_short_circuit_operator to 2024-06-08 00:00:00+00:00, run_after=2024-06-09 00:00:00+00:00
[2024-06-09T16:30:44.424-0300] {processor.py:183} INFO - Processing /home/pedro/.local/lib/python3.10/site-packages/airflow/example_dags/example_short_circuit_operator.py took 0.047 seconds
[2024-06-09T16:32:54.734-0300] {processor.py:161} INFO - Started process (PID=8194) to work on /home/pedro/.local/lib/python3.10/site-packages/airflow/example_dags/example_short_circuit_operator.py
[2024-06-09T16:32:54.735-0300] {processor.py:830} INFO - Processing file /home/pedro/.local/lib/python3.10/site-packages/airflow/example_dags/example_short_circuit_operator.py for tasks to queue
[2024-06-09T16:32:54.736-0300] {logging_mixin.py:188} INFO - [2024-06-09T16:32:54.735-0300] {dagbag.py:545} INFO - Filling up the DagBag from /home/pedro/.local/lib/python3.10/site-packages/airflow/example_dags/example_short_circuit_operator.py
[2024-06-09T16:32:54.740-0300] {processor.py:840} INFO - DAG(s) 'example_short_circuit_operator' retrieved from /home/pedro/.local/lib/python3.10/site-packages/airflow/example_dags/example_short_circuit_operator.py
[2024-06-09T16:32:54.752-0300] {logging_mixin.py:188} INFO - [2024-06-09T16:32:54.752-0300] {dag.py:3096} INFO - Sync 1 DAGs
[2024-06-09T16:32:54.768-0300] {logging_mixin.py:188} INFO - [2024-06-09T16:32:54.767-0300] {dag.py:3954} INFO - Setting next_dagrun for example_short_circuit_operator to 2024-06-08 00:00:00+00:00, run_after=2024-06-09 00:00:00+00:00
[2024-06-09T16:32:54.785-0300] {processor.py:183} INFO - Processing /home/pedro/.local/lib/python3.10/site-packages/airflow/example_dags/example_short_circuit_operator.py took 0.054 seconds
[2024-06-09T16:34:55.595-0300] {processor.py:161} INFO - Started process (PID=8867) to work on /home/pedro/.local/lib/python3.10/site-packages/airflow/example_dags/example_short_circuit_operator.py
[2024-06-09T16:34:55.598-0300] {processor.py:830} INFO - Processing file /home/pedro/.local/lib/python3.10/site-packages/airflow/example_dags/example_short_circuit_operator.py for tasks to queue
[2024-06-09T16:34:55.600-0300] {logging_mixin.py:188} INFO - [2024-06-09T16:34:55.599-0300] {dagbag.py:545} INFO - Filling up the DagBag from /home/pedro/.local/lib/python3.10/site-packages/airflow/example_dags/example_short_circuit_operator.py
[2024-06-09T16:34:55.607-0300] {processor.py:840} INFO - DAG(s) 'example_short_circuit_operator' retrieved from /home/pedro/.local/lib/python3.10/site-packages/airflow/example_dags/example_short_circuit_operator.py
[2024-06-09T16:34:55.617-0300] {logging_mixin.py:188} INFO - [2024-06-09T16:34:55.616-0300] {dag.py:3096} INFO - Sync 1 DAGs
[2024-06-09T16:34:55.628-0300] {logging_mixin.py:188} INFO - [2024-06-09T16:34:55.627-0300] {dag.py:3954} INFO - Setting next_dagrun for example_short_circuit_operator to 2024-06-08 00:00:00+00:00, run_after=2024-06-09 00:00:00+00:00
[2024-06-09T16:34:55.643-0300] {processor.py:183} INFO - Processing /home/pedro/.local/lib/python3.10/site-packages/airflow/example_dags/example_short_circuit_operator.py took 0.053 seconds
[2024-06-09T16:36:54.263-0300] {processor.py:161} INFO - Started process (PID=9572) to work on /home/pedro/.local/lib/python3.10/site-packages/airflow/example_dags/example_short_circuit_operator.py
[2024-06-09T16:36:54.264-0300] {processor.py:830} INFO - Processing file /home/pedro/.local/lib/python3.10/site-packages/airflow/example_dags/example_short_circuit_operator.py for tasks to queue
[2024-06-09T16:36:54.266-0300] {logging_mixin.py:188} INFO - [2024-06-09T16:36:54.265-0300] {dagbag.py:545} INFO - Filling up the DagBag from /home/pedro/.local/lib/python3.10/site-packages/airflow/example_dags/example_short_circuit_operator.py
[2024-06-09T16:36:54.273-0300] {processor.py:840} INFO - DAG(s) 'example_short_circuit_operator' retrieved from /home/pedro/.local/lib/python3.10/site-packages/airflow/example_dags/example_short_circuit_operator.py
[2024-06-09T16:36:54.282-0300] {logging_mixin.py:188} INFO - [2024-06-09T16:36:54.282-0300] {dag.py:3096} INFO - Sync 1 DAGs
[2024-06-09T16:36:54.292-0300] {logging_mixin.py:188} INFO - [2024-06-09T16:36:54.292-0300] {dag.py:3954} INFO - Setting next_dagrun for example_short_circuit_operator to 2024-06-08 00:00:00+00:00, run_after=2024-06-09 00:00:00+00:00
[2024-06-09T16:36:54.307-0300] {processor.py:183} INFO - Processing /home/pedro/.local/lib/python3.10/site-packages/airflow/example_dags/example_short_circuit_operator.py took 0.048 seconds
[2024-06-09T16:38:49.832-0300] {processor.py:161} INFO - Started process (PID=10309) to work on /home/pedro/.local/lib/python3.10/site-packages/airflow/example_dags/example_short_circuit_operator.py
[2024-06-09T16:38:49.836-0300] {processor.py:830} INFO - Processing file /home/pedro/.local/lib/python3.10/site-packages/airflow/example_dags/example_short_circuit_operator.py for tasks to queue
[2024-06-09T16:38:49.837-0300] {logging_mixin.py:188} INFO - [2024-06-09T16:38:49.836-0300] {dagbag.py:545} INFO - Filling up the DagBag from /home/pedro/.local/lib/python3.10/site-packages/airflow/example_dags/example_short_circuit_operator.py
[2024-06-09T16:38:49.842-0300] {processor.py:840} INFO - DAG(s) 'example_short_circuit_operator' retrieved from /home/pedro/.local/lib/python3.10/site-packages/airflow/example_dags/example_short_circuit_operator.py
[2024-06-09T16:38:49.855-0300] {logging_mixin.py:188} INFO - [2024-06-09T16:38:49.854-0300] {dag.py:3096} INFO - Sync 1 DAGs
[2024-06-09T16:38:49.868-0300] {logging_mixin.py:188} INFO - [2024-06-09T16:38:49.868-0300] {dag.py:3954} INFO - Setting next_dagrun for example_short_circuit_operator to 2024-06-08 00:00:00+00:00, run_after=2024-06-09 00:00:00+00:00
[2024-06-09T16:38:49.888-0300] {processor.py:183} INFO - Processing /home/pedro/.local/lib/python3.10/site-packages/airflow/example_dags/example_short_circuit_operator.py took 0.065 seconds
[2024-06-09T16:40:47.231-0300] {processor.py:161} INFO - Started process (PID=10956) to work on /home/pedro/.local/lib/python3.10/site-packages/airflow/example_dags/example_short_circuit_operator.py
[2024-06-09T16:40:47.232-0300] {processor.py:830} INFO - Processing file /home/pedro/.local/lib/python3.10/site-packages/airflow/example_dags/example_short_circuit_operator.py for tasks to queue
[2024-06-09T16:40:47.234-0300] {logging_mixin.py:188} INFO - [2024-06-09T16:40:47.233-0300] {dagbag.py:545} INFO - Filling up the DagBag from /home/pedro/.local/lib/python3.10/site-packages/airflow/example_dags/example_short_circuit_operator.py
[2024-06-09T16:40:47.239-0300] {processor.py:840} INFO - DAG(s) 'example_short_circuit_operator' retrieved from /home/pedro/.local/lib/python3.10/site-packages/airflow/example_dags/example_short_circuit_operator.py
[2024-06-09T16:40:47.251-0300] {logging_mixin.py:188} INFO - [2024-06-09T16:40:47.251-0300] {dag.py:3096} INFO - Sync 1 DAGs
[2024-06-09T16:40:47.262-0300] {logging_mixin.py:188} INFO - [2024-06-09T16:40:47.262-0300] {dag.py:3954} INFO - Setting next_dagrun for example_short_circuit_operator to 2024-06-08 00:00:00+00:00, run_after=2024-06-09 00:00:00+00:00
[2024-06-09T16:40:47.278-0300] {processor.py:183} INFO - Processing /home/pedro/.local/lib/python3.10/site-packages/airflow/example_dags/example_short_circuit_operator.py took 0.054 seconds
[2024-06-09T16:42:45.405-0300] {processor.py:161} INFO - Started process (PID=11679) to work on /home/pedro/.local/lib/python3.10/site-packages/airflow/example_dags/example_short_circuit_operator.py
[2024-06-09T16:42:45.406-0300] {processor.py:830} INFO - Processing file /home/pedro/.local/lib/python3.10/site-packages/airflow/example_dags/example_short_circuit_operator.py for tasks to queue
[2024-06-09T16:42:45.408-0300] {logging_mixin.py:188} INFO - [2024-06-09T16:42:45.407-0300] {dagbag.py:545} INFO - Filling up the DagBag from /home/pedro/.local/lib/python3.10/site-packages/airflow/example_dags/example_short_circuit_operator.py
[2024-06-09T16:42:45.414-0300] {processor.py:840} INFO - DAG(s) 'example_short_circuit_operator' retrieved from /home/pedro/.local/lib/python3.10/site-packages/airflow/example_dags/example_short_circuit_operator.py
[2024-06-09T16:42:45.424-0300] {logging_mixin.py:188} INFO - [2024-06-09T16:42:45.423-0300] {dag.py:3096} INFO - Sync 1 DAGs
[2024-06-09T16:42:45.434-0300] {logging_mixin.py:188} INFO - [2024-06-09T16:42:45.434-0300] {dag.py:3954} INFO - Setting next_dagrun for example_short_circuit_operator to 2024-06-08 00:00:00+00:00, run_after=2024-06-09 00:00:00+00:00
[2024-06-09T16:42:45.450-0300] {processor.py:183} INFO - Processing /home/pedro/.local/lib/python3.10/site-packages/airflow/example_dags/example_short_circuit_operator.py took 0.049 seconds
[2024-06-09T16:44:49.436-0300] {processor.py:161} INFO - Started process (PID=12370) to work on /home/pedro/.local/lib/python3.10/site-packages/airflow/example_dags/example_short_circuit_operator.py
[2024-06-09T16:44:49.440-0300] {processor.py:830} INFO - Processing file /home/pedro/.local/lib/python3.10/site-packages/airflow/example_dags/example_short_circuit_operator.py for tasks to queue
[2024-06-09T16:44:49.442-0300] {logging_mixin.py:188} INFO - [2024-06-09T16:44:49.442-0300] {dagbag.py:545} INFO - Filling up the DagBag from /home/pedro/.local/lib/python3.10/site-packages/airflow/example_dags/example_short_circuit_operator.py
[2024-06-09T16:44:49.448-0300] {processor.py:840} INFO - DAG(s) 'example_short_circuit_operator' retrieved from /home/pedro/.local/lib/python3.10/site-packages/airflow/example_dags/example_short_circuit_operator.py
[2024-06-09T16:44:49.460-0300] {logging_mixin.py:188} INFO - [2024-06-09T16:44:49.460-0300] {dag.py:3096} INFO - Sync 1 DAGs
[2024-06-09T16:44:49.472-0300] {logging_mixin.py:188} INFO - [2024-06-09T16:44:49.472-0300] {dag.py:3954} INFO - Setting next_dagrun for example_short_circuit_operator to 2024-06-08 00:00:00+00:00, run_after=2024-06-09 00:00:00+00:00
[2024-06-09T16:44:49.490-0300] {processor.py:183} INFO - Processing /home/pedro/.local/lib/python3.10/site-packages/airflow/example_dags/example_short_circuit_operator.py took 0.061 seconds
[2024-06-09T16:46:58.681-0300] {processor.py:161} INFO - Started process (PID=13118) to work on /home/pedro/.local/lib/python3.10/site-packages/airflow/example_dags/example_short_circuit_operator.py
[2024-06-09T16:46:58.682-0300] {processor.py:830} INFO - Processing file /home/pedro/.local/lib/python3.10/site-packages/airflow/example_dags/example_short_circuit_operator.py for tasks to queue
[2024-06-09T16:46:58.684-0300] {logging_mixin.py:188} INFO - [2024-06-09T16:46:58.683-0300] {dagbag.py:545} INFO - Filling up the DagBag from /home/pedro/.local/lib/python3.10/site-packages/airflow/example_dags/example_short_circuit_operator.py
[2024-06-09T16:46:58.690-0300] {processor.py:840} INFO - DAG(s) 'example_short_circuit_operator' retrieved from /home/pedro/.local/lib/python3.10/site-packages/airflow/example_dags/example_short_circuit_operator.py
[2024-06-09T16:46:58.700-0300] {logging_mixin.py:188} INFO - [2024-06-09T16:46:58.700-0300] {dag.py:3096} INFO - Sync 1 DAGs
[2024-06-09T16:46:58.711-0300] {logging_mixin.py:188} INFO - [2024-06-09T16:46:58.711-0300] {dag.py:3954} INFO - Setting next_dagrun for example_short_circuit_operator to 2024-06-08 00:00:00+00:00, run_after=2024-06-09 00:00:00+00:00
[2024-06-09T16:46:58.726-0300] {processor.py:183} INFO - Processing /home/pedro/.local/lib/python3.10/site-packages/airflow/example_dags/example_short_circuit_operator.py took 0.050 seconds
[2024-06-09T16:49:02.711-0300] {processor.py:161} INFO - Started process (PID=13846) to work on /home/pedro/.local/lib/python3.10/site-packages/airflow/example_dags/example_short_circuit_operator.py
[2024-06-09T16:49:02.713-0300] {processor.py:830} INFO - Processing file /home/pedro/.local/lib/python3.10/site-packages/airflow/example_dags/example_short_circuit_operator.py for tasks to queue
[2024-06-09T16:49:02.715-0300] {logging_mixin.py:188} INFO - [2024-06-09T16:49:02.714-0300] {dagbag.py:545} INFO - Filling up the DagBag from /home/pedro/.local/lib/python3.10/site-packages/airflow/example_dags/example_short_circuit_operator.py
[2024-06-09T16:49:02.722-0300] {processor.py:840} INFO - DAG(s) 'example_short_circuit_operator' retrieved from /home/pedro/.local/lib/python3.10/site-packages/airflow/example_dags/example_short_circuit_operator.py
[2024-06-09T16:49:02.732-0300] {logging_mixin.py:188} INFO - [2024-06-09T16:49:02.732-0300] {dag.py:3096} INFO - Sync 1 DAGs
[2024-06-09T16:49:02.742-0300] {logging_mixin.py:188} INFO - [2024-06-09T16:49:02.742-0300] {dag.py:3954} INFO - Setting next_dagrun for example_short_circuit_operator to 2024-06-08 00:00:00+00:00, run_after=2024-06-09 00:00:00+00:00
[2024-06-09T16:49:02.756-0300] {processor.py:183} INFO - Processing /home/pedro/.local/lib/python3.10/site-packages/airflow/example_dags/example_short_circuit_operator.py took 0.050 seconds
[2024-06-09T16:51:02.206-0300] {processor.py:161} INFO - Started process (PID=14623) to work on /home/pedro/.local/lib/python3.10/site-packages/airflow/example_dags/example_short_circuit_operator.py
[2024-06-09T16:51:02.207-0300] {processor.py:830} INFO - Processing file /home/pedro/.local/lib/python3.10/site-packages/airflow/example_dags/example_short_circuit_operator.py for tasks to queue
[2024-06-09T16:51:02.209-0300] {logging_mixin.py:188} INFO - [2024-06-09T16:51:02.208-0300] {dagbag.py:545} INFO - Filling up the DagBag from /home/pedro/.local/lib/python3.10/site-packages/airflow/example_dags/example_short_circuit_operator.py
[2024-06-09T16:51:02.214-0300] {processor.py:840} INFO - DAG(s) 'example_short_circuit_operator' retrieved from /home/pedro/.local/lib/python3.10/site-packages/airflow/example_dags/example_short_circuit_operator.py
[2024-06-09T16:51:02.227-0300] {logging_mixin.py:188} INFO - [2024-06-09T16:51:02.227-0300] {dag.py:3096} INFO - Sync 1 DAGs
[2024-06-09T16:51:02.243-0300] {logging_mixin.py:188} INFO - [2024-06-09T16:51:02.243-0300] {dag.py:3954} INFO - Setting next_dagrun for example_short_circuit_operator to 2024-06-08 00:00:00+00:00, run_after=2024-06-09 00:00:00+00:00
[2024-06-09T16:51:02.259-0300] {processor.py:183} INFO - Processing /home/pedro/.local/lib/python3.10/site-packages/airflow/example_dags/example_short_circuit_operator.py took 0.059 seconds
[2024-06-09T16:53:04.065-0300] {processor.py:161} INFO - Started process (PID=15308) to work on /home/pedro/.local/lib/python3.10/site-packages/airflow/example_dags/example_short_circuit_operator.py
[2024-06-09T16:53:04.066-0300] {processor.py:830} INFO - Processing file /home/pedro/.local/lib/python3.10/site-packages/airflow/example_dags/example_short_circuit_operator.py for tasks to queue
[2024-06-09T16:53:04.068-0300] {logging_mixin.py:188} INFO - [2024-06-09T16:53:04.067-0300] {dagbag.py:545} INFO - Filling up the DagBag from /home/pedro/.local/lib/python3.10/site-packages/airflow/example_dags/example_short_circuit_operator.py
[2024-06-09T16:53:04.072-0300] {processor.py:840} INFO - DAG(s) 'example_short_circuit_operator' retrieved from /home/pedro/.local/lib/python3.10/site-packages/airflow/example_dags/example_short_circuit_operator.py
[2024-06-09T16:53:04.083-0300] {logging_mixin.py:188} INFO - [2024-06-09T16:53:04.083-0300] {dag.py:3096} INFO - Sync 1 DAGs
[2024-06-09T16:53:04.095-0300] {logging_mixin.py:188} INFO - [2024-06-09T16:53:04.095-0300] {dag.py:3954} INFO - Setting next_dagrun for example_short_circuit_operator to 2024-06-08 00:00:00+00:00, run_after=2024-06-09 00:00:00+00:00
[2024-06-09T16:53:04.110-0300] {processor.py:183} INFO - Processing /home/pedro/.local/lib/python3.10/site-packages/airflow/example_dags/example_short_circuit_operator.py took 0.050 seconds
[2024-06-09T16:55:14.346-0300] {processor.py:161} INFO - Started process (PID=16027) to work on /home/pedro/.local/lib/python3.10/site-packages/airflow/example_dags/example_short_circuit_operator.py
[2024-06-09T16:55:14.347-0300] {processor.py:830} INFO - Processing file /home/pedro/.local/lib/python3.10/site-packages/airflow/example_dags/example_short_circuit_operator.py for tasks to queue
[2024-06-09T16:55:14.349-0300] {logging_mixin.py:188} INFO - [2024-06-09T16:55:14.349-0300] {dagbag.py:545} INFO - Filling up the DagBag from /home/pedro/.local/lib/python3.10/site-packages/airflow/example_dags/example_short_circuit_operator.py
[2024-06-09T16:55:14.356-0300] {processor.py:840} INFO - DAG(s) 'example_short_circuit_operator' retrieved from /home/pedro/.local/lib/python3.10/site-packages/airflow/example_dags/example_short_circuit_operator.py
[2024-06-09T16:55:14.366-0300] {logging_mixin.py:188} INFO - [2024-06-09T16:55:14.366-0300] {dag.py:3096} INFO - Sync 1 DAGs
[2024-06-09T16:55:14.376-0300] {logging_mixin.py:188} INFO - [2024-06-09T16:55:14.376-0300] {dag.py:3954} INFO - Setting next_dagrun for example_short_circuit_operator to 2024-06-08 00:00:00+00:00, run_after=2024-06-09 00:00:00+00:00
[2024-06-09T16:55:14.389-0300] {processor.py:183} INFO - Processing /home/pedro/.local/lib/python3.10/site-packages/airflow/example_dags/example_short_circuit_operator.py took 0.047 seconds
[2024-06-09T16:57:19.014-0300] {processor.py:161} INFO - Started process (PID=16741) to work on /home/pedro/.local/lib/python3.10/site-packages/airflow/example_dags/example_short_circuit_operator.py
[2024-06-09T16:57:19.014-0300] {processor.py:830} INFO - Processing file /home/pedro/.local/lib/python3.10/site-packages/airflow/example_dags/example_short_circuit_operator.py for tasks to queue
[2024-06-09T16:57:19.015-0300] {logging_mixin.py:188} INFO - [2024-06-09T16:57:19.015-0300] {dagbag.py:545} INFO - Filling up the DagBag from /home/pedro/.local/lib/python3.10/site-packages/airflow/example_dags/example_short_circuit_operator.py
[2024-06-09T16:57:19.020-0300] {processor.py:840} INFO - DAG(s) 'example_short_circuit_operator' retrieved from /home/pedro/.local/lib/python3.10/site-packages/airflow/example_dags/example_short_circuit_operator.py
[2024-06-09T16:57:19.032-0300] {logging_mixin.py:188} INFO - [2024-06-09T16:57:19.032-0300] {dag.py:3096} INFO - Sync 1 DAGs
[2024-06-09T16:57:19.043-0300] {logging_mixin.py:188} INFO - [2024-06-09T16:57:19.043-0300] {dag.py:3954} INFO - Setting next_dagrun for example_short_circuit_operator to 2024-06-08 00:00:00+00:00, run_after=2024-06-09 00:00:00+00:00
[2024-06-09T16:57:19.056-0300] {processor.py:183} INFO - Processing /home/pedro/.local/lib/python3.10/site-packages/airflow/example_dags/example_short_circuit_operator.py took 0.048 seconds
