[2024-06-09T11:45:32.516-0300] {processor.py:161} INFO - Started process (PID=5971) to work on /home/pedro/.local/lib/python3.10/site-packages/airflow/example_dags/example_sla_dag.py
[2024-06-09T11:45:32.517-0300] {processor.py:830} INFO - Processing file /home/pedro/.local/lib/python3.10/site-packages/airflow/example_dags/example_sla_dag.py for tasks to queue
[2024-06-09T11:45:32.518-0300] {logging_mixin.py:188} INFO - [2024-06-09T11:45:32.517-0300] {dagbag.py:545} INFO - Filling up the DagBag from /home/pedro/.local/lib/python3.10/site-packages/airflow/example_dags/example_sla_dag.py
[2024-06-09T11:45:32.524-0300] {processor.py:840} INFO - DAG(s) 'example_sla_dag' retrieved from /home/pedro/.local/lib/python3.10/site-packages/airflow/example_dags/example_sla_dag.py
[2024-06-09T11:45:32.534-0300] {logging_mixin.py:188} INFO - [2024-06-09T11:45:32.533-0300] {dag.py:3096} INFO - Sync 1 DAGs
[2024-06-09T11:45:32.544-0300] {logging_mixin.py:188} INFO - [2024-06-09T11:45:32.544-0300] {dag.py:3954} INFO - Setting next_dagrun for example_sla_dag to 2024-06-09 14:42:00+00:00, run_after=2024-06-09 14:44:00+00:00
[2024-06-09T11:45:32.560-0300] {processor.py:183} INFO - Processing /home/pedro/.local/lib/python3.10/site-packages/airflow/example_dags/example_sla_dag.py took 0.049 seconds
[2024-06-09T11:46:26.025-0300] {processor.py:161} INFO - Started process (PID=7243) to work on /home/pedro/.local/lib/python3.10/site-packages/airflow/example_dags/example_sla_dag.py
[2024-06-09T11:46:26.029-0300] {processor.py:830} INFO - Processing file /home/pedro/.local/lib/python3.10/site-packages/airflow/example_dags/example_sla_dag.py for tasks to queue
[2024-06-09T11:46:26.031-0300] {logging_mixin.py:188} INFO - [2024-06-09T11:46:26.030-0300] {dagbag.py:545} INFO - Filling up the DagBag from /home/pedro/.local/lib/python3.10/site-packages/airflow/example_dags/example_sla_dag.py
[2024-06-09T11:46:26.039-0300] {processor.py:840} INFO - DAG(s) 'example_sla_dag' retrieved from /home/pedro/.local/lib/python3.10/site-packages/airflow/example_dags/example_sla_dag.py
[2024-06-09T11:46:26.103-0300] {logging_mixin.py:188} INFO - [2024-06-09T11:46:26.103-0300] {dag.py:3096} INFO - Sync 1 DAGs
[2024-06-09T11:46:26.114-0300] {logging_mixin.py:188} INFO - [2024-06-09T11:46:26.114-0300] {dag.py:3954} INFO - Setting next_dagrun for example_sla_dag to 2024-06-09 14:44:00+00:00, run_after=2024-06-09 14:46:00+00:00
[2024-06-09T11:46:26.129-0300] {processor.py:183} INFO - Processing /home/pedro/.local/lib/python3.10/site-packages/airflow/example_dags/example_sla_dag.py took 0.111 seconds
[2024-06-09T11:47:15.567-0300] {processor.py:161} INFO - Started process (PID=7359) to work on /home/pedro/.local/lib/python3.10/site-packages/airflow/example_dags/example_sla_dag.py
[2024-06-09T11:47:15.570-0300] {processor.py:830} INFO - Processing file /home/pedro/.local/lib/python3.10/site-packages/airflow/example_dags/example_sla_dag.py for tasks to queue
[2024-06-09T11:47:15.572-0300] {logging_mixin.py:188} INFO - [2024-06-09T11:47:15.571-0300] {dagbag.py:545} INFO - Filling up the DagBag from /home/pedro/.local/lib/python3.10/site-packages/airflow/example_dags/example_sla_dag.py
[2024-06-09T11:47:15.581-0300] {processor.py:840} INFO - DAG(s) 'example_sla_dag' retrieved from /home/pedro/.local/lib/python3.10/site-packages/airflow/example_dags/example_sla_dag.py
[2024-06-09T11:47:15.591-0300] {logging_mixin.py:188} INFO - [2024-06-09T11:47:15.591-0300] {dag.py:3096} INFO - Sync 1 DAGs
[2024-06-09T11:47:15.603-0300] {logging_mixin.py:188} INFO - [2024-06-09T11:47:15.602-0300] {dag.py:3954} INFO - Setting next_dagrun for example_sla_dag to 2024-06-09 14:44:00+00:00, run_after=2024-06-09 14:46:00+00:00
[2024-06-09T11:47:15.616-0300] {processor.py:183} INFO - Processing /home/pedro/.local/lib/python3.10/site-packages/airflow/example_dags/example_sla_dag.py took 0.055 seconds
[2024-06-09T11:48:01.877-0300] {processor.py:161} INFO - Started process (PID=7448) to work on /home/pedro/.local/lib/python3.10/site-packages/airflow/example_dags/example_sla_dag.py
[2024-06-09T11:48:01.880-0300] {processor.py:830} INFO - Processing file /home/pedro/.local/lib/python3.10/site-packages/airflow/example_dags/example_sla_dag.py for tasks to queue
[2024-06-09T11:48:01.882-0300] {logging_mixin.py:188} INFO - [2024-06-09T11:48:01.882-0300] {dagbag.py:545} INFO - Filling up the DagBag from /home/pedro/.local/lib/python3.10/site-packages/airflow/example_dags/example_sla_dag.py
[2024-06-09T11:48:01.891-0300] {processor.py:840} INFO - DAG(s) 'example_sla_dag' retrieved from /home/pedro/.local/lib/python3.10/site-packages/airflow/example_dags/example_sla_dag.py
[2024-06-09T11:48:01.899-0300] {logging_mixin.py:188} INFO - [2024-06-09T11:48:01.899-0300] {dag.py:3096} INFO - Sync 1 DAGs
[2024-06-09T11:48:01.910-0300] {logging_mixin.py:188} INFO - [2024-06-09T11:48:01.909-0300] {dag.py:3954} INFO - Setting next_dagrun for example_sla_dag to 2024-06-09 14:46:00+00:00, run_after=2024-06-09 14:48:00+00:00
[2024-06-09T11:48:01.924-0300] {processor.py:183} INFO - Processing /home/pedro/.local/lib/python3.10/site-packages/airflow/example_dags/example_sla_dag.py took 0.051 seconds
[2024-06-09T11:48:44.087-0300] {processor.py:161} INFO - Started process (PID=7564) to work on /home/pedro/.local/lib/python3.10/site-packages/airflow/example_dags/example_sla_dag.py
[2024-06-09T11:48:44.091-0300] {processor.py:830} INFO - Processing file /home/pedro/.local/lib/python3.10/site-packages/airflow/example_dags/example_sla_dag.py for tasks to queue
[2024-06-09T11:48:44.092-0300] {logging_mixin.py:188} INFO - [2024-06-09T11:48:44.092-0300] {dagbag.py:545} INFO - Filling up the DagBag from /home/pedro/.local/lib/python3.10/site-packages/airflow/example_dags/example_sla_dag.py
[2024-06-09T11:48:44.100-0300] {processor.py:840} INFO - DAG(s) 'example_sla_dag' retrieved from /home/pedro/.local/lib/python3.10/site-packages/airflow/example_dags/example_sla_dag.py
[2024-06-09T11:48:44.107-0300] {logging_mixin.py:188} INFO - [2024-06-09T11:48:44.107-0300] {dag.py:3096} INFO - Sync 1 DAGs
[2024-06-09T11:48:44.120-0300] {logging_mixin.py:188} INFO - [2024-06-09T11:48:44.119-0300] {dag.py:3954} INFO - Setting next_dagrun for example_sla_dag to 2024-06-09 14:46:00+00:00, run_after=2024-06-09 14:48:00+00:00
[2024-06-09T11:48:44.135-0300] {processor.py:183} INFO - Processing /home/pedro/.local/lib/python3.10/site-packages/airflow/example_dags/example_sla_dag.py took 0.057 seconds
[2024-06-09T11:49:26.958-0300] {processor.py:161} INFO - Started process (PID=7840) to work on /home/pedro/.local/lib/python3.10/site-packages/airflow/example_dags/example_sla_dag.py
[2024-06-09T11:49:26.959-0300] {processor.py:830} INFO - Processing file /home/pedro/.local/lib/python3.10/site-packages/airflow/example_dags/example_sla_dag.py for tasks to queue
[2024-06-09T11:49:26.961-0300] {logging_mixin.py:188} INFO - [2024-06-09T11:49:26.960-0300] {dagbag.py:545} INFO - Filling up the DagBag from /home/pedro/.local/lib/python3.10/site-packages/airflow/example_dags/example_sla_dag.py
[2024-06-09T11:49:26.968-0300] {processor.py:840} INFO - DAG(s) 'example_sla_dag' retrieved from /home/pedro/.local/lib/python3.10/site-packages/airflow/example_dags/example_sla_dag.py
[2024-06-09T11:49:26.977-0300] {logging_mixin.py:188} INFO - [2024-06-09T11:49:26.976-0300] {dag.py:3096} INFO - Sync 1 DAGs
[2024-06-09T11:49:26.989-0300] {logging_mixin.py:188} INFO - [2024-06-09T11:49:26.989-0300] {dag.py:3954} INFO - Setting next_dagrun for example_sla_dag to 2024-06-09 14:46:00+00:00, run_after=2024-06-09 14:48:00+00:00
[2024-06-09T11:49:27.002-0300] {processor.py:183} INFO - Processing /home/pedro/.local/lib/python3.10/site-packages/airflow/example_dags/example_sla_dag.py took 0.047 seconds
[2024-06-09T11:50:10.169-0300] {processor.py:161} INFO - Started process (PID=7956) to work on /home/pedro/.local/lib/python3.10/site-packages/airflow/example_dags/example_sla_dag.py
[2024-06-09T11:50:10.172-0300] {processor.py:830} INFO - Processing file /home/pedro/.local/lib/python3.10/site-packages/airflow/example_dags/example_sla_dag.py for tasks to queue
[2024-06-09T11:50:10.174-0300] {logging_mixin.py:188} INFO - [2024-06-09T11:50:10.174-0300] {dagbag.py:545} INFO - Filling up the DagBag from /home/pedro/.local/lib/python3.10/site-packages/airflow/example_dags/example_sla_dag.py
[2024-06-09T11:50:10.183-0300] {processor.py:840} INFO - DAG(s) 'example_sla_dag' retrieved from /home/pedro/.local/lib/python3.10/site-packages/airflow/example_dags/example_sla_dag.py
[2024-06-09T11:50:10.191-0300] {logging_mixin.py:188} INFO - [2024-06-09T11:50:10.191-0300] {dag.py:3096} INFO - Sync 1 DAGs
[2024-06-09T11:50:10.202-0300] {logging_mixin.py:188} INFO - [2024-06-09T11:50:10.202-0300] {dag.py:3954} INFO - Setting next_dagrun for example_sla_dag to 2024-06-09 14:48:00+00:00, run_after=2024-06-09 14:50:00+00:00
[2024-06-09T11:50:10.216-0300] {processor.py:183} INFO - Processing /home/pedro/.local/lib/python3.10/site-packages/airflow/example_dags/example_sla_dag.py took 0.053 seconds
[2024-06-09T11:50:56.565-0300] {processor.py:161} INFO - Started process (PID=8130) to work on /home/pedro/.local/lib/python3.10/site-packages/airflow/example_dags/example_sla_dag.py
[2024-06-09T11:50:56.569-0300] {processor.py:830} INFO - Processing file /home/pedro/.local/lib/python3.10/site-packages/airflow/example_dags/example_sla_dag.py for tasks to queue
[2024-06-09T11:50:56.571-0300] {logging_mixin.py:188} INFO - [2024-06-09T11:50:56.570-0300] {dagbag.py:545} INFO - Filling up the DagBag from /home/pedro/.local/lib/python3.10/site-packages/airflow/example_dags/example_sla_dag.py
[2024-06-09T11:50:56.578-0300] {processor.py:840} INFO - DAG(s) 'example_sla_dag' retrieved from /home/pedro/.local/lib/python3.10/site-packages/airflow/example_dags/example_sla_dag.py
[2024-06-09T11:50:56.586-0300] {logging_mixin.py:188} INFO - [2024-06-09T11:50:56.586-0300] {dag.py:3096} INFO - Sync 1 DAGs
[2024-06-09T11:50:56.600-0300] {logging_mixin.py:188} INFO - [2024-06-09T11:50:56.600-0300] {dag.py:3954} INFO - Setting next_dagrun for example_sla_dag to 2024-06-09 14:48:00+00:00, run_after=2024-06-09 14:50:00+00:00
[2024-06-09T11:50:56.615-0300] {processor.py:183} INFO - Processing /home/pedro/.local/lib/python3.10/site-packages/airflow/example_dags/example_sla_dag.py took 0.058 seconds
[2024-06-09T11:51:42.852-0300] {processor.py:161} INFO - Started process (PID=8250) to work on /home/pedro/.local/lib/python3.10/site-packages/airflow/example_dags/example_sla_dag.py
[2024-06-09T11:51:42.854-0300] {processor.py:830} INFO - Processing file /home/pedro/.local/lib/python3.10/site-packages/airflow/example_dags/example_sla_dag.py for tasks to queue
[2024-06-09T11:51:42.856-0300] {logging_mixin.py:188} INFO - [2024-06-09T11:51:42.855-0300] {dagbag.py:545} INFO - Filling up the DagBag from /home/pedro/.local/lib/python3.10/site-packages/airflow/example_dags/example_sla_dag.py
[2024-06-09T11:51:42.863-0300] {processor.py:840} INFO - DAG(s) 'example_sla_dag' retrieved from /home/pedro/.local/lib/python3.10/site-packages/airflow/example_dags/example_sla_dag.py
[2024-06-09T11:51:42.870-0300] {logging_mixin.py:188} INFO - [2024-06-09T11:51:42.870-0300] {dag.py:3096} INFO - Sync 1 DAGs
[2024-06-09T11:51:42.881-0300] {logging_mixin.py:188} INFO - [2024-06-09T11:51:42.881-0300] {dag.py:3954} INFO - Setting next_dagrun for example_sla_dag to 2024-06-09 14:48:00+00:00, run_after=2024-06-09 14:50:00+00:00
[2024-06-09T11:51:42.893-0300] {processor.py:183} INFO - Processing /home/pedro/.local/lib/python3.10/site-packages/airflow/example_dags/example_sla_dag.py took 0.050 seconds
[2024-06-09T11:52:24.526-0300] {processor.py:161} INFO - Started process (PID=8353) to work on /home/pedro/.local/lib/python3.10/site-packages/airflow/example_dags/example_sla_dag.py
[2024-06-09T11:52:24.530-0300] {processor.py:830} INFO - Processing file /home/pedro/.local/lib/python3.10/site-packages/airflow/example_dags/example_sla_dag.py for tasks to queue
[2024-06-09T11:52:24.532-0300] {logging_mixin.py:188} INFO - [2024-06-09T11:52:24.531-0300] {dagbag.py:545} INFO - Filling up the DagBag from /home/pedro/.local/lib/python3.10/site-packages/airflow/example_dags/example_sla_dag.py
[2024-06-09T11:52:24.540-0300] {processor.py:840} INFO - DAG(s) 'example_sla_dag' retrieved from /home/pedro/.local/lib/python3.10/site-packages/airflow/example_dags/example_sla_dag.py
[2024-06-09T11:52:24.548-0300] {logging_mixin.py:188} INFO - [2024-06-09T11:52:24.548-0300] {dag.py:3096} INFO - Sync 1 DAGs
[2024-06-09T11:52:24.559-0300] {logging_mixin.py:188} INFO - [2024-06-09T11:52:24.559-0300] {dag.py:3954} INFO - Setting next_dagrun for example_sla_dag to 2024-06-09 14:50:00+00:00, run_after=2024-06-09 14:52:00+00:00
[2024-06-09T11:52:24.573-0300] {processor.py:183} INFO - Processing /home/pedro/.local/lib/python3.10/site-packages/airflow/example_dags/example_sla_dag.py took 0.052 seconds
[2024-06-09T11:53:05.250-0300] {processor.py:161} INFO - Started process (PID=8453) to work on /home/pedro/.local/lib/python3.10/site-packages/airflow/example_dags/example_sla_dag.py
[2024-06-09T11:53:05.253-0300] {processor.py:830} INFO - Processing file /home/pedro/.local/lib/python3.10/site-packages/airflow/example_dags/example_sla_dag.py for tasks to queue
[2024-06-09T11:53:05.255-0300] {logging_mixin.py:188} INFO - [2024-06-09T11:53:05.255-0300] {dagbag.py:545} INFO - Filling up the DagBag from /home/pedro/.local/lib/python3.10/site-packages/airflow/example_dags/example_sla_dag.py
[2024-06-09T11:53:05.262-0300] {processor.py:840} INFO - DAG(s) 'example_sla_dag' retrieved from /home/pedro/.local/lib/python3.10/site-packages/airflow/example_dags/example_sla_dag.py
[2024-06-09T11:53:05.270-0300] {logging_mixin.py:188} INFO - [2024-06-09T11:53:05.270-0300] {dag.py:3096} INFO - Sync 1 DAGs
[2024-06-09T11:53:05.282-0300] {logging_mixin.py:188} INFO - [2024-06-09T11:53:05.281-0300] {dag.py:3954} INFO - Setting next_dagrun for example_sla_dag to 2024-06-09 14:50:00+00:00, run_after=2024-06-09 14:52:00+00:00
[2024-06-09T11:53:05.295-0300] {processor.py:183} INFO - Processing /home/pedro/.local/lib/python3.10/site-packages/airflow/example_dags/example_sla_dag.py took 0.051 seconds
[2024-06-09T11:54:04.795-0300] {processor.py:161} INFO - Started process (PID=8585) to work on /home/pedro/.local/lib/python3.10/site-packages/airflow/example_dags/example_sla_dag.py
[2024-06-09T11:54:04.798-0300] {processor.py:830} INFO - Processing file /home/pedro/.local/lib/python3.10/site-packages/airflow/example_dags/example_sla_dag.py for tasks to queue
[2024-06-09T11:54:04.800-0300] {logging_mixin.py:188} INFO - [2024-06-09T11:54:04.800-0300] {dagbag.py:545} INFO - Filling up the DagBag from /home/pedro/.local/lib/python3.10/site-packages/airflow/example_dags/example_sla_dag.py
[2024-06-09T11:54:04.808-0300] {processor.py:840} INFO - DAG(s) 'example_sla_dag' retrieved from /home/pedro/.local/lib/python3.10/site-packages/airflow/example_dags/example_sla_dag.py
[2024-06-09T11:54:04.815-0300] {logging_mixin.py:188} INFO - [2024-06-09T11:54:04.815-0300] {dag.py:3096} INFO - Sync 1 DAGs
[2024-06-09T11:54:04.827-0300] {logging_mixin.py:188} INFO - [2024-06-09T11:54:04.827-0300] {dag.py:3954} INFO - Setting next_dagrun for example_sla_dag to 2024-06-09 14:52:00+00:00, run_after=2024-06-09 14:54:00+00:00
[2024-06-09T11:54:04.841-0300] {processor.py:183} INFO - Processing /home/pedro/.local/lib/python3.10/site-packages/airflow/example_dags/example_sla_dag.py took 0.049 seconds
[2024-06-09T11:54:45.913-0300] {processor.py:161} INFO - Started process (PID=8655) to work on /home/pedro/.local/lib/python3.10/site-packages/airflow/example_dags/example_sla_dag.py
[2024-06-09T11:54:45.917-0300] {processor.py:830} INFO - Processing file /home/pedro/.local/lib/python3.10/site-packages/airflow/example_dags/example_sla_dag.py for tasks to queue
[2024-06-09T11:54:45.919-0300] {logging_mixin.py:188} INFO - [2024-06-09T11:54:45.918-0300] {dagbag.py:545} INFO - Filling up the DagBag from /home/pedro/.local/lib/python3.10/site-packages/airflow/example_dags/example_sla_dag.py
[2024-06-09T11:54:45.928-0300] {processor.py:840} INFO - DAG(s) 'example_sla_dag' retrieved from /home/pedro/.local/lib/python3.10/site-packages/airflow/example_dags/example_sla_dag.py
[2024-06-09T11:54:45.935-0300] {logging_mixin.py:188} INFO - [2024-06-09T11:54:45.935-0300] {dag.py:3096} INFO - Sync 1 DAGs
[2024-06-09T11:54:45.946-0300] {logging_mixin.py:188} INFO - [2024-06-09T11:54:45.946-0300] {dag.py:3954} INFO - Setting next_dagrun for example_sla_dag to 2024-06-09 14:52:00+00:00, run_after=2024-06-09 14:54:00+00:00
[2024-06-09T11:54:45.961-0300] {processor.py:183} INFO - Processing /home/pedro/.local/lib/python3.10/site-packages/airflow/example_dags/example_sla_dag.py took 0.052 seconds
[2024-06-09T11:55:44.709-0300] {processor.py:161} INFO - Started process (PID=8873) to work on /home/pedro/.local/lib/python3.10/site-packages/airflow/example_dags/example_sla_dag.py
[2024-06-09T11:55:44.713-0300] {processor.py:830} INFO - Processing file /home/pedro/.local/lib/python3.10/site-packages/airflow/example_dags/example_sla_dag.py for tasks to queue
[2024-06-09T11:55:44.714-0300] {logging_mixin.py:188} INFO - [2024-06-09T11:55:44.714-0300] {dagbag.py:545} INFO - Filling up the DagBag from /home/pedro/.local/lib/python3.10/site-packages/airflow/example_dags/example_sla_dag.py
[2024-06-09T11:55:44.722-0300] {processor.py:840} INFO - DAG(s) 'example_sla_dag' retrieved from /home/pedro/.local/lib/python3.10/site-packages/airflow/example_dags/example_sla_dag.py
[2024-06-09T11:55:44.730-0300] {logging_mixin.py:188} INFO - [2024-06-09T11:55:44.729-0300] {dag.py:3096} INFO - Sync 1 DAGs
[2024-06-09T11:55:44.742-0300] {logging_mixin.py:188} INFO - [2024-06-09T11:55:44.742-0300] {dag.py:3954} INFO - Setting next_dagrun for example_sla_dag to 2024-06-09 14:52:00+00:00, run_after=2024-06-09 14:54:00+00:00
[2024-06-09T11:55:44.757-0300] {processor.py:183} INFO - Processing /home/pedro/.local/lib/python3.10/site-packages/airflow/example_dags/example_sla_dag.py took 0.057 seconds
[2024-06-09T11:57:55.015-0300] {processor.py:161} INFO - Started process (PID=9736) to work on /home/pedro/.local/lib/python3.10/site-packages/airflow/example_dags/example_sla_dag.py
[2024-06-09T11:57:55.016-0300] {processor.py:830} INFO - Processing file /home/pedro/.local/lib/python3.10/site-packages/airflow/example_dags/example_sla_dag.py for tasks to queue
[2024-06-09T11:57:55.018-0300] {logging_mixin.py:188} INFO - [2024-06-09T11:57:55.018-0300] {dagbag.py:545} INFO - Filling up the DagBag from /home/pedro/.local/lib/python3.10/site-packages/airflow/example_dags/example_sla_dag.py
[2024-06-09T11:57:55.027-0300] {processor.py:840} INFO - DAG(s) 'example_sla_dag' retrieved from /home/pedro/.local/lib/python3.10/site-packages/airflow/example_dags/example_sla_dag.py
[2024-06-09T11:57:55.037-0300] {logging_mixin.py:188} INFO - [2024-06-09T11:57:55.037-0300] {dag.py:3096} INFO - Sync 1 DAGs
[2024-06-09T11:57:55.048-0300] {logging_mixin.py:188} INFO - [2024-06-09T11:57:55.048-0300] {dag.py:3954} INFO - Setting next_dagrun for example_sla_dag to 2024-06-09 14:54:00+00:00, run_after=2024-06-09 14:56:00+00:00
[2024-06-09T11:57:55.061-0300] {processor.py:183} INFO - Processing /home/pedro/.local/lib/python3.10/site-packages/airflow/example_dags/example_sla_dag.py took 0.055 seconds
[2024-06-09T11:59:23.079-0300] {processor.py:161} INFO - Started process (PID=10694) to work on /home/pedro/.local/lib/python3.10/site-packages/airflow/example_dags/example_sla_dag.py
[2024-06-09T11:59:23.083-0300] {processor.py:830} INFO - Processing file /home/pedro/.local/lib/python3.10/site-packages/airflow/example_dags/example_sla_dag.py for tasks to queue
[2024-06-09T11:59:23.085-0300] {logging_mixin.py:188} INFO - [2024-06-09T11:59:23.084-0300] {dagbag.py:545} INFO - Filling up the DagBag from /home/pedro/.local/lib/python3.10/site-packages/airflow/example_dags/example_sla_dag.py
[2024-06-09T11:59:23.095-0300] {processor.py:840} INFO - DAG(s) 'example_sla_dag' retrieved from /home/pedro/.local/lib/python3.10/site-packages/airflow/example_dags/example_sla_dag.py
[2024-06-09T11:59:23.106-0300] {logging_mixin.py:188} INFO - [2024-06-09T11:59:23.106-0300] {dag.py:3096} INFO - Sync 1 DAGs
[2024-06-09T11:59:23.117-0300] {logging_mixin.py:188} INFO - [2024-06-09T11:59:23.117-0300] {dag.py:3954} INFO - Setting next_dagrun for example_sla_dag to 2024-06-09 14:56:00+00:00, run_after=2024-06-09 14:58:00+00:00
[2024-06-09T11:59:23.132-0300] {processor.py:183} INFO - Processing /home/pedro/.local/lib/python3.10/site-packages/airflow/example_dags/example_sla_dag.py took 0.061 seconds
[2024-06-09T12:00:15.247-0300] {processor.py:161} INFO - Started process (PID=10814) to work on /home/pedro/.local/lib/python3.10/site-packages/airflow/example_dags/example_sla_dag.py
[2024-06-09T12:00:15.250-0300] {processor.py:830} INFO - Processing file /home/pedro/.local/lib/python3.10/site-packages/airflow/example_dags/example_sla_dag.py for tasks to queue
[2024-06-09T12:00:15.253-0300] {logging_mixin.py:188} INFO - [2024-06-09T12:00:15.252-0300] {dagbag.py:545} INFO - Filling up the DagBag from /home/pedro/.local/lib/python3.10/site-packages/airflow/example_dags/example_sla_dag.py
[2024-06-09T12:00:15.261-0300] {processor.py:840} INFO - DAG(s) 'example_sla_dag' retrieved from /home/pedro/.local/lib/python3.10/site-packages/airflow/example_dags/example_sla_dag.py
[2024-06-09T12:00:15.330-0300] {logging_mixin.py:188} INFO - [2024-06-09T12:00:15.330-0300] {dag.py:3096} INFO - Sync 1 DAGs
[2024-06-09T12:00:15.342-0300] {logging_mixin.py:188} INFO - [2024-06-09T12:00:15.342-0300] {dag.py:3954} INFO - Setting next_dagrun for example_sla_dag to 2024-06-09 14:58:00+00:00, run_after=2024-06-09 15:00:00+00:00
[2024-06-09T12:00:15.357-0300] {processor.py:183} INFO - Processing /home/pedro/.local/lib/python3.10/site-packages/airflow/example_dags/example_sla_dag.py took 0.119 seconds
[2024-06-09T12:01:05.863-0300] {processor.py:161} INFO - Started process (PID=11091) to work on /home/pedro/.local/lib/python3.10/site-packages/airflow/example_dags/example_sla_dag.py
[2024-06-09T12:01:05.866-0300] {processor.py:830} INFO - Processing file /home/pedro/.local/lib/python3.10/site-packages/airflow/example_dags/example_sla_dag.py for tasks to queue
[2024-06-09T12:01:05.869-0300] {logging_mixin.py:188} INFO - [2024-06-09T12:01:05.868-0300] {dagbag.py:545} INFO - Filling up the DagBag from /home/pedro/.local/lib/python3.10/site-packages/airflow/example_dags/example_sla_dag.py
[2024-06-09T12:01:05.876-0300] {processor.py:840} INFO - DAG(s) 'example_sla_dag' retrieved from /home/pedro/.local/lib/python3.10/site-packages/airflow/example_dags/example_sla_dag.py
[2024-06-09T12:01:05.884-0300] {logging_mixin.py:188} INFO - [2024-06-09T12:01:05.884-0300] {dag.py:3096} INFO - Sync 1 DAGs
[2024-06-09T12:01:05.897-0300] {logging_mixin.py:188} INFO - [2024-06-09T12:01:05.897-0300] {dag.py:3954} INFO - Setting next_dagrun for example_sla_dag to 2024-06-09 14:58:00+00:00, run_after=2024-06-09 15:00:00+00:00
[2024-06-09T12:01:05.913-0300] {processor.py:183} INFO - Processing /home/pedro/.local/lib/python3.10/site-packages/airflow/example_dags/example_sla_dag.py took 0.060 seconds
[2024-06-09T12:01:51.777-0300] {processor.py:161} INFO - Started process (PID=11194) to work on /home/pedro/.local/lib/python3.10/site-packages/airflow/example_dags/example_sla_dag.py
[2024-06-09T12:01:51.778-0300] {processor.py:830} INFO - Processing file /home/pedro/.local/lib/python3.10/site-packages/airflow/example_dags/example_sla_dag.py for tasks to queue
[2024-06-09T12:01:51.779-0300] {logging_mixin.py:188} INFO - [2024-06-09T12:01:51.779-0300] {dagbag.py:545} INFO - Filling up the DagBag from /home/pedro/.local/lib/python3.10/site-packages/airflow/example_dags/example_sla_dag.py
[2024-06-09T12:01:51.787-0300] {processor.py:840} INFO - DAG(s) 'example_sla_dag' retrieved from /home/pedro/.local/lib/python3.10/site-packages/airflow/example_dags/example_sla_dag.py
[2024-06-09T12:01:51.794-0300] {logging_mixin.py:188} INFO - [2024-06-09T12:01:51.794-0300] {dag.py:3096} INFO - Sync 1 DAGs
[2024-06-09T12:01:51.808-0300] {logging_mixin.py:188} INFO - [2024-06-09T12:01:51.807-0300] {dag.py:3954} INFO - Setting next_dagrun for example_sla_dag to 2024-06-09 14:58:00+00:00, run_after=2024-06-09 15:00:00+00:00
[2024-06-09T12:01:51.824-0300] {processor.py:183} INFO - Processing /home/pedro/.local/lib/python3.10/site-packages/airflow/example_dags/example_sla_dag.py took 0.050 seconds
[2024-06-09T12:02:36.007-0300] {processor.py:161} INFO - Started process (PID=11271) to work on /home/pedro/.local/lib/python3.10/site-packages/airflow/example_dags/example_sla_dag.py
[2024-06-09T12:02:36.009-0300] {processor.py:830} INFO - Processing file /home/pedro/.local/lib/python3.10/site-packages/airflow/example_dags/example_sla_dag.py for tasks to queue
[2024-06-09T12:02:36.010-0300] {logging_mixin.py:188} INFO - [2024-06-09T12:02:36.010-0300] {dagbag.py:545} INFO - Filling up the DagBag from /home/pedro/.local/lib/python3.10/site-packages/airflow/example_dags/example_sla_dag.py
[2024-06-09T12:02:36.017-0300] {processor.py:840} INFO - DAG(s) 'example_sla_dag' retrieved from /home/pedro/.local/lib/python3.10/site-packages/airflow/example_dags/example_sla_dag.py
[2024-06-09T12:02:36.027-0300] {logging_mixin.py:188} INFO - [2024-06-09T12:02:36.026-0300] {dag.py:3096} INFO - Sync 1 DAGs
[2024-06-09T12:02:36.039-0300] {logging_mixin.py:188} INFO - [2024-06-09T12:02:36.039-0300] {dag.py:3954} INFO - Setting next_dagrun for example_sla_dag to 2024-06-09 15:00:00+00:00, run_after=2024-06-09 15:02:00+00:00
[2024-06-09T12:02:36.054-0300] {processor.py:183} INFO - Processing /home/pedro/.local/lib/python3.10/site-packages/airflow/example_dags/example_sla_dag.py took 0.056 seconds
[2024-06-09T12:03:20.686-0300] {processor.py:161} INFO - Started process (PID=11368) to work on /home/pedro/.local/lib/python3.10/site-packages/airflow/example_dags/example_sla_dag.py
[2024-06-09T12:03:20.689-0300] {processor.py:830} INFO - Processing file /home/pedro/.local/lib/python3.10/site-packages/airflow/example_dags/example_sla_dag.py for tasks to queue
[2024-06-09T12:03:20.691-0300] {logging_mixin.py:188} INFO - [2024-06-09T12:03:20.691-0300] {dagbag.py:545} INFO - Filling up the DagBag from /home/pedro/.local/lib/python3.10/site-packages/airflow/example_dags/example_sla_dag.py
[2024-06-09T12:03:20.699-0300] {processor.py:840} INFO - DAG(s) 'example_sla_dag' retrieved from /home/pedro/.local/lib/python3.10/site-packages/airflow/example_dags/example_sla_dag.py
[2024-06-09T12:03:20.708-0300] {logging_mixin.py:188} INFO - [2024-06-09T12:03:20.708-0300] {dag.py:3096} INFO - Sync 1 DAGs
[2024-06-09T12:03:20.722-0300] {logging_mixin.py:188} INFO - [2024-06-09T12:03:20.722-0300] {dag.py:3954} INFO - Setting next_dagrun for example_sla_dag to 2024-06-09 15:00:00+00:00, run_after=2024-06-09 15:02:00+00:00
[2024-06-09T12:03:20.739-0300] {processor.py:183} INFO - Processing /home/pedro/.local/lib/python3.10/site-packages/airflow/example_dags/example_sla_dag.py took 0.057 seconds
[2024-06-09T12:04:01.885-0300] {processor.py:161} INFO - Started process (PID=11442) to work on /home/pedro/.local/lib/python3.10/site-packages/airflow/example_dags/example_sla_dag.py
[2024-06-09T12:04:01.889-0300] {processor.py:830} INFO - Processing file /home/pedro/.local/lib/python3.10/site-packages/airflow/example_dags/example_sla_dag.py for tasks to queue
[2024-06-09T12:04:01.890-0300] {logging_mixin.py:188} INFO - [2024-06-09T12:04:01.890-0300] {dagbag.py:545} INFO - Filling up the DagBag from /home/pedro/.local/lib/python3.10/site-packages/airflow/example_dags/example_sla_dag.py
[2024-06-09T12:04:01.898-0300] {processor.py:840} INFO - DAG(s) 'example_sla_dag' retrieved from /home/pedro/.local/lib/python3.10/site-packages/airflow/example_dags/example_sla_dag.py
[2024-06-09T12:04:01.907-0300] {logging_mixin.py:188} INFO - [2024-06-09T12:04:01.907-0300] {dag.py:3096} INFO - Sync 1 DAGs
[2024-06-09T12:04:01.919-0300] {logging_mixin.py:188} INFO - [2024-06-09T12:04:01.919-0300] {dag.py:3954} INFO - Setting next_dagrun for example_sla_dag to 2024-06-09 15:02:00+00:00, run_after=2024-06-09 15:04:00+00:00
[2024-06-09T12:04:01.936-0300] {processor.py:183} INFO - Processing /home/pedro/.local/lib/python3.10/site-packages/airflow/example_dags/example_sla_dag.py took 0.060 seconds
[2024-06-09T12:05:00.391-0300] {processor.py:161} INFO - Started process (PID=11584) to work on /home/pedro/.local/lib/python3.10/site-packages/airflow/example_dags/example_sla_dag.py
[2024-06-09T12:05:00.394-0300] {processor.py:830} INFO - Processing file /home/pedro/.local/lib/python3.10/site-packages/airflow/example_dags/example_sla_dag.py for tasks to queue
[2024-06-09T12:05:00.396-0300] {logging_mixin.py:188} INFO - [2024-06-09T12:05:00.396-0300] {dagbag.py:545} INFO - Filling up the DagBag from /home/pedro/.local/lib/python3.10/site-packages/airflow/example_dags/example_sla_dag.py
[2024-06-09T12:05:00.404-0300] {processor.py:840} INFO - DAG(s) 'example_sla_dag' retrieved from /home/pedro/.local/lib/python3.10/site-packages/airflow/example_dags/example_sla_dag.py
[2024-06-09T12:05:00.412-0300] {logging_mixin.py:188} INFO - [2024-06-09T12:05:00.412-0300] {dag.py:3096} INFO - Sync 1 DAGs
[2024-06-09T12:05:00.424-0300] {logging_mixin.py:188} INFO - [2024-06-09T12:05:00.424-0300] {dag.py:3954} INFO - Setting next_dagrun for example_sla_dag to 2024-06-09 15:02:00+00:00, run_after=2024-06-09 15:04:00+00:00
[2024-06-09T12:05:00.442-0300] {processor.py:183} INFO - Processing /home/pedro/.local/lib/python3.10/site-packages/airflow/example_dags/example_sla_dag.py took 0.060 seconds
[2024-06-09T12:05:43.935-0300] {processor.py:161} INFO - Started process (PID=11658) to work on /home/pedro/.local/lib/python3.10/site-packages/airflow/example_dags/example_sla_dag.py
[2024-06-09T12:05:43.939-0300] {processor.py:830} INFO - Processing file /home/pedro/.local/lib/python3.10/site-packages/airflow/example_dags/example_sla_dag.py for tasks to queue
[2024-06-09T12:05:43.941-0300] {logging_mixin.py:188} INFO - [2024-06-09T12:05:43.940-0300] {dagbag.py:545} INFO - Filling up the DagBag from /home/pedro/.local/lib/python3.10/site-packages/airflow/example_dags/example_sla_dag.py
[2024-06-09T12:05:43.948-0300] {processor.py:840} INFO - DAG(s) 'example_sla_dag' retrieved from /home/pedro/.local/lib/python3.10/site-packages/airflow/example_dags/example_sla_dag.py
[2024-06-09T12:05:43.957-0300] {logging_mixin.py:188} INFO - [2024-06-09T12:05:43.957-0300] {dag.py:3096} INFO - Sync 1 DAGs
[2024-06-09T12:05:43.970-0300] {logging_mixin.py:188} INFO - [2024-06-09T12:05:43.970-0300] {dag.py:3954} INFO - Setting next_dagrun for example_sla_dag to 2024-06-09 15:02:00+00:00, run_after=2024-06-09 15:04:00+00:00
[2024-06-09T12:05:43.985-0300] {processor.py:183} INFO - Processing /home/pedro/.local/lib/python3.10/site-packages/airflow/example_dags/example_sla_dag.py took 0.060 seconds
[2024-06-09T12:06:46.080-0300] {processor.py:161} INFO - Started process (PID=12447) to work on /home/pedro/.local/lib/python3.10/site-packages/airflow/example_dags/example_sla_dag.py
[2024-06-09T12:06:46.083-0300] {processor.py:830} INFO - Processing file /home/pedro/.local/lib/python3.10/site-packages/airflow/example_dags/example_sla_dag.py for tasks to queue
[2024-06-09T12:06:46.085-0300] {logging_mixin.py:188} INFO - [2024-06-09T12:06:46.084-0300] {dagbag.py:545} INFO - Filling up the DagBag from /home/pedro/.local/lib/python3.10/site-packages/airflow/example_dags/example_sla_dag.py
[2024-06-09T12:06:46.095-0300] {processor.py:840} INFO - DAG(s) 'example_sla_dag' retrieved from /home/pedro/.local/lib/python3.10/site-packages/airflow/example_dags/example_sla_dag.py
[2024-06-09T12:06:46.107-0300] {logging_mixin.py:188} INFO - [2024-06-09T12:06:46.107-0300] {dag.py:3096} INFO - Sync 1 DAGs
[2024-06-09T12:06:46.119-0300] {logging_mixin.py:188} INFO - [2024-06-09T12:06:46.119-0300] {dag.py:3954} INFO - Setting next_dagrun for example_sla_dag to 2024-06-09 15:04:00+00:00, run_after=2024-06-09 15:06:00+00:00
[2024-06-09T12:06:46.135-0300] {processor.py:183} INFO - Processing /home/pedro/.local/lib/python3.10/site-packages/airflow/example_dags/example_sla_dag.py took 0.059 seconds
[2024-06-09T12:07:42.811-0300] {processor.py:161} INFO - Started process (PID=12543) to work on /home/pedro/.local/lib/python3.10/site-packages/airflow/example_dags/example_sla_dag.py
[2024-06-09T12:07:42.815-0300] {processor.py:830} INFO - Processing file /home/pedro/.local/lib/python3.10/site-packages/airflow/example_dags/example_sla_dag.py for tasks to queue
[2024-06-09T12:07:42.816-0300] {logging_mixin.py:188} INFO - [2024-06-09T12:07:42.816-0300] {dagbag.py:545} INFO - Filling up the DagBag from /home/pedro/.local/lib/python3.10/site-packages/airflow/example_dags/example_sla_dag.py
[2024-06-09T12:07:42.824-0300] {processor.py:840} INFO - DAG(s) 'example_sla_dag' retrieved from /home/pedro/.local/lib/python3.10/site-packages/airflow/example_dags/example_sla_dag.py
[2024-06-09T12:07:42.892-0300] {logging_mixin.py:188} INFO - [2024-06-09T12:07:42.892-0300] {dag.py:3096} INFO - Sync 1 DAGs
[2024-06-09T12:07:42.902-0300] {logging_mixin.py:188} INFO - [2024-06-09T12:07:42.902-0300] {dag.py:3954} INFO - Setting next_dagrun for example_sla_dag to 2024-06-09 15:04:00+00:00, run_after=2024-06-09 15:06:00+00:00
[2024-06-09T12:07:42.916-0300] {processor.py:183} INFO - Processing /home/pedro/.local/lib/python3.10/site-packages/airflow/example_dags/example_sla_dag.py took 0.109 seconds
[2024-06-09T12:08:33.229-0300] {processor.py:161} INFO - Started process (PID=12641) to work on /home/pedro/.local/lib/python3.10/site-packages/airflow/example_dags/example_sla_dag.py
[2024-06-09T12:08:33.233-0300] {processor.py:830} INFO - Processing file /home/pedro/.local/lib/python3.10/site-packages/airflow/example_dags/example_sla_dag.py for tasks to queue
[2024-06-09T12:08:33.235-0300] {logging_mixin.py:188} INFO - [2024-06-09T12:08:33.234-0300] {dagbag.py:545} INFO - Filling up the DagBag from /home/pedro/.local/lib/python3.10/site-packages/airflow/example_dags/example_sla_dag.py
[2024-06-09T12:08:33.242-0300] {processor.py:840} INFO - DAG(s) 'example_sla_dag' retrieved from /home/pedro/.local/lib/python3.10/site-packages/airflow/example_dags/example_sla_dag.py
[2024-06-09T12:08:33.251-0300] {logging_mixin.py:188} INFO - [2024-06-09T12:08:33.250-0300] {dag.py:3096} INFO - Sync 1 DAGs
[2024-06-09T12:08:33.263-0300] {logging_mixin.py:188} INFO - [2024-06-09T12:08:33.263-0300] {dag.py:3954} INFO - Setting next_dagrun for example_sla_dag to 2024-06-09 15:06:00+00:00, run_after=2024-06-09 15:08:00+00:00
[2024-06-09T12:08:33.279-0300] {processor.py:183} INFO - Processing /home/pedro/.local/lib/python3.10/site-packages/airflow/example_dags/example_sla_dag.py took 0.059 seconds
[2024-06-09T12:09:23.251-0300] {processor.py:161} INFO - Started process (PID=12727) to work on /home/pedro/.local/lib/python3.10/site-packages/airflow/example_dags/example_sla_dag.py
[2024-06-09T12:09:23.255-0300] {processor.py:830} INFO - Processing file /home/pedro/.local/lib/python3.10/site-packages/airflow/example_dags/example_sla_dag.py for tasks to queue
[2024-06-09T12:09:23.257-0300] {logging_mixin.py:188} INFO - [2024-06-09T12:09:23.257-0300] {dagbag.py:545} INFO - Filling up the DagBag from /home/pedro/.local/lib/python3.10/site-packages/airflow/example_dags/example_sla_dag.py
[2024-06-09T12:09:23.267-0300] {processor.py:840} INFO - DAG(s) 'example_sla_dag' retrieved from /home/pedro/.local/lib/python3.10/site-packages/airflow/example_dags/example_sla_dag.py
[2024-06-09T12:09:23.274-0300] {logging_mixin.py:188} INFO - [2024-06-09T12:09:23.274-0300] {dag.py:3096} INFO - Sync 1 DAGs
[2024-06-09T12:09:23.287-0300] {logging_mixin.py:188} INFO - [2024-06-09T12:09:23.287-0300] {dag.py:3954} INFO - Setting next_dagrun for example_sla_dag to 2024-06-09 15:06:00+00:00, run_after=2024-06-09 15:08:00+00:00
[2024-06-09T12:09:23.303-0300] {processor.py:183} INFO - Processing /home/pedro/.local/lib/python3.10/site-packages/airflow/example_dags/example_sla_dag.py took 0.059 seconds
[2024-06-09T12:10:05.504-0300] {processor.py:161} INFO - Started process (PID=12819) to work on /home/pedro/.local/lib/python3.10/site-packages/airflow/example_dags/example_sla_dag.py
[2024-06-09T12:10:05.508-0300] {processor.py:830} INFO - Processing file /home/pedro/.local/lib/python3.10/site-packages/airflow/example_dags/example_sla_dag.py for tasks to queue
[2024-06-09T12:10:05.510-0300] {logging_mixin.py:188} INFO - [2024-06-09T12:10:05.509-0300] {dagbag.py:545} INFO - Filling up the DagBag from /home/pedro/.local/lib/python3.10/site-packages/airflow/example_dags/example_sla_dag.py
[2024-06-09T12:10:05.518-0300] {processor.py:840} INFO - DAG(s) 'example_sla_dag' retrieved from /home/pedro/.local/lib/python3.10/site-packages/airflow/example_dags/example_sla_dag.py
[2024-06-09T12:10:05.527-0300] {logging_mixin.py:188} INFO - [2024-06-09T12:10:05.527-0300] {dag.py:3096} INFO - Sync 1 DAGs
[2024-06-09T12:10:05.539-0300] {logging_mixin.py:188} INFO - [2024-06-09T12:10:05.539-0300] {dag.py:3954} INFO - Setting next_dagrun for example_sla_dag to 2024-06-09 15:08:00+00:00, run_after=2024-06-09 15:10:00+00:00
[2024-06-09T12:10:05.555-0300] {processor.py:183} INFO - Processing /home/pedro/.local/lib/python3.10/site-packages/airflow/example_dags/example_sla_dag.py took 0.055 seconds
[2024-06-09T12:10:47.320-0300] {processor.py:161} INFO - Started process (PID=12895) to work on /home/pedro/.local/lib/python3.10/site-packages/airflow/example_dags/example_sla_dag.py
[2024-06-09T12:10:47.324-0300] {processor.py:830} INFO - Processing file /home/pedro/.local/lib/python3.10/site-packages/airflow/example_dags/example_sla_dag.py for tasks to queue
[2024-06-09T12:10:47.326-0300] {logging_mixin.py:188} INFO - [2024-06-09T12:10:47.326-0300] {dagbag.py:545} INFO - Filling up the DagBag from /home/pedro/.local/lib/python3.10/site-packages/airflow/example_dags/example_sla_dag.py
[2024-06-09T12:10:47.334-0300] {processor.py:840} INFO - DAG(s) 'example_sla_dag' retrieved from /home/pedro/.local/lib/python3.10/site-packages/airflow/example_dags/example_sla_dag.py
[2024-06-09T12:10:47.344-0300] {logging_mixin.py:188} INFO - [2024-06-09T12:10:47.344-0300] {dag.py:3096} INFO - Sync 1 DAGs
[2024-06-09T12:10:47.357-0300] {logging_mixin.py:188} INFO - [2024-06-09T12:10:47.357-0300] {dag.py:3954} INFO - Setting next_dagrun for example_sla_dag to 2024-06-09 15:08:00+00:00, run_after=2024-06-09 15:10:00+00:00
[2024-06-09T12:10:47.373-0300] {processor.py:183} INFO - Processing /home/pedro/.local/lib/python3.10/site-packages/airflow/example_dags/example_sla_dag.py took 0.062 seconds
[2024-06-09T12:12:01.909-0300] {processor.py:161} INFO - Started process (PID=13020) to work on /home/pedro/.local/lib/python3.10/site-packages/airflow/example_dags/example_sla_dag.py
[2024-06-09T12:12:01.913-0300] {processor.py:830} INFO - Processing file /home/pedro/.local/lib/python3.10/site-packages/airflow/example_dags/example_sla_dag.py for tasks to queue
[2024-06-09T12:12:01.915-0300] {logging_mixin.py:188} INFO - [2024-06-09T12:12:01.914-0300] {dagbag.py:545} INFO - Filling up the DagBag from /home/pedro/.local/lib/python3.10/site-packages/airflow/example_dags/example_sla_dag.py
[2024-06-09T12:12:01.923-0300] {processor.py:840} INFO - DAG(s) 'example_sla_dag' retrieved from /home/pedro/.local/lib/python3.10/site-packages/airflow/example_dags/example_sla_dag.py
[2024-06-09T12:12:01.936-0300] {logging_mixin.py:188} INFO - [2024-06-09T12:12:01.936-0300] {dag.py:3096} INFO - Sync 1 DAGs
[2024-06-09T12:12:01.950-0300] {logging_mixin.py:188} INFO - [2024-06-09T12:12:01.949-0300] {dag.py:3954} INFO - Setting next_dagrun for example_sla_dag to 2024-06-09 15:10:00+00:00, run_after=2024-06-09 15:12:00+00:00
[2024-06-09T12:12:01.966-0300] {processor.py:183} INFO - Processing /home/pedro/.local/lib/python3.10/site-packages/airflow/example_dags/example_sla_dag.py took 0.062 seconds
[2024-06-09T12:12:55.207-0300] {processor.py:161} INFO - Started process (PID=13105) to work on /home/pedro/.local/lib/python3.10/site-packages/airflow/example_dags/example_sla_dag.py
[2024-06-09T12:12:55.210-0300] {processor.py:830} INFO - Processing file /home/pedro/.local/lib/python3.10/site-packages/airflow/example_dags/example_sla_dag.py for tasks to queue
[2024-06-09T12:12:55.211-0300] {logging_mixin.py:188} INFO - [2024-06-09T12:12:55.211-0300] {dagbag.py:545} INFO - Filling up the DagBag from /home/pedro/.local/lib/python3.10/site-packages/airflow/example_dags/example_sla_dag.py
[2024-06-09T12:12:55.219-0300] {processor.py:840} INFO - DAG(s) 'example_sla_dag' retrieved from /home/pedro/.local/lib/python3.10/site-packages/airflow/example_dags/example_sla_dag.py
[2024-06-09T12:12:55.299-0300] {logging_mixin.py:188} INFO - [2024-06-09T12:12:55.299-0300] {dag.py:3096} INFO - Sync 1 DAGs
[2024-06-09T12:12:55.312-0300] {logging_mixin.py:188} INFO - [2024-06-09T12:12:55.312-0300] {dag.py:3954} INFO - Setting next_dagrun for example_sla_dag to 2024-06-09 15:10:00+00:00, run_after=2024-06-09 15:12:00+00:00
[2024-06-09T12:12:55.330-0300] {processor.py:183} INFO - Processing /home/pedro/.local/lib/python3.10/site-packages/airflow/example_dags/example_sla_dag.py took 0.128 seconds
[2024-06-09T12:13:46.984-0300] {processor.py:161} INFO - Started process (PID=13176) to work on /home/pedro/.local/lib/python3.10/site-packages/airflow/example_dags/example_sla_dag.py
[2024-06-09T12:13:46.987-0300] {processor.py:830} INFO - Processing file /home/pedro/.local/lib/python3.10/site-packages/airflow/example_dags/example_sla_dag.py for tasks to queue
[2024-06-09T12:13:46.988-0300] {logging_mixin.py:188} INFO - [2024-06-09T12:13:46.988-0300] {dagbag.py:545} INFO - Filling up the DagBag from /home/pedro/.local/lib/python3.10/site-packages/airflow/example_dags/example_sla_dag.py
[2024-06-09T12:13:46.993-0300] {processor.py:840} INFO - DAG(s) 'example_sla_dag' retrieved from /home/pedro/.local/lib/python3.10/site-packages/airflow/example_dags/example_sla_dag.py
[2024-06-09T12:13:47.002-0300] {logging_mixin.py:188} INFO - [2024-06-09T12:13:47.002-0300] {dag.py:3096} INFO - Sync 1 DAGs
[2024-06-09T12:13:47.014-0300] {logging_mixin.py:188} INFO - [2024-06-09T12:13:47.014-0300] {dag.py:3954} INFO - Setting next_dagrun for example_sla_dag to 2024-06-09 15:10:00+00:00, run_after=2024-06-09 15:12:00+00:00
[2024-06-09T12:13:47.029-0300] {processor.py:183} INFO - Processing /home/pedro/.local/lib/python3.10/site-packages/airflow/example_dags/example_sla_dag.py took 0.049 seconds
[2024-06-09T12:14:32.227-0300] {processor.py:161} INFO - Started process (PID=13239) to work on /home/pedro/.local/lib/python3.10/site-packages/airflow/example_dags/example_sla_dag.py
[2024-06-09T12:14:32.227-0300] {processor.py:830} INFO - Processing file /home/pedro/.local/lib/python3.10/site-packages/airflow/example_dags/example_sla_dag.py for tasks to queue
[2024-06-09T12:14:32.228-0300] {logging_mixin.py:188} INFO - [2024-06-09T12:14:32.228-0300] {dagbag.py:545} INFO - Filling up the DagBag from /home/pedro/.local/lib/python3.10/site-packages/airflow/example_dags/example_sla_dag.py
[2024-06-09T12:14:32.235-0300] {processor.py:840} INFO - DAG(s) 'example_sla_dag' retrieved from /home/pedro/.local/lib/python3.10/site-packages/airflow/example_dags/example_sla_dag.py
[2024-06-09T12:14:32.243-0300] {logging_mixin.py:188} INFO - [2024-06-09T12:14:32.243-0300] {dag.py:3096} INFO - Sync 1 DAGs
[2024-06-09T12:14:32.256-0300] {logging_mixin.py:188} INFO - [2024-06-09T12:14:32.256-0300] {dag.py:3954} INFO - Setting next_dagrun for example_sla_dag to 2024-06-09 15:12:00+00:00, run_after=2024-06-09 15:14:00+00:00
[2024-06-09T12:14:32.274-0300] {processor.py:183} INFO - Processing /home/pedro/.local/lib/python3.10/site-packages/airflow/example_dags/example_sla_dag.py took 0.051 seconds
[2024-06-09T12:15:15.057-0300] {processor.py:161} INFO - Started process (PID=13341) to work on /home/pedro/.local/lib/python3.10/site-packages/airflow/example_dags/example_sla_dag.py
[2024-06-09T12:15:15.061-0300] {processor.py:830} INFO - Processing file /home/pedro/.local/lib/python3.10/site-packages/airflow/example_dags/example_sla_dag.py for tasks to queue
[2024-06-09T12:15:15.063-0300] {logging_mixin.py:188} INFO - [2024-06-09T12:15:15.062-0300] {dagbag.py:545} INFO - Filling up the DagBag from /home/pedro/.local/lib/python3.10/site-packages/airflow/example_dags/example_sla_dag.py
[2024-06-09T12:15:15.072-0300] {processor.py:840} INFO - DAG(s) 'example_sla_dag' retrieved from /home/pedro/.local/lib/python3.10/site-packages/airflow/example_dags/example_sla_dag.py
[2024-06-09T12:15:15.084-0300] {logging_mixin.py:188} INFO - [2024-06-09T12:15:15.084-0300] {dag.py:3096} INFO - Sync 1 DAGs
[2024-06-09T12:15:15.095-0300] {logging_mixin.py:188} INFO - [2024-06-09T12:15:15.095-0300] {dag.py:3954} INFO - Setting next_dagrun for example_sla_dag to 2024-06-09 15:12:00+00:00, run_after=2024-06-09 15:14:00+00:00
[2024-06-09T12:15:15.111-0300] {processor.py:183} INFO - Processing /home/pedro/.local/lib/python3.10/site-packages/airflow/example_dags/example_sla_dag.py took 0.063 seconds
[2024-06-09T12:20:02.362-0300] {processor.py:161} INFO - Started process (PID=13597) to work on /home/pedro/.local/lib/python3.10/site-packages/airflow/example_dags/example_sla_dag.py
[2024-06-09T12:20:02.364-0300] {processor.py:830} INFO - Processing file /home/pedro/.local/lib/python3.10/site-packages/airflow/example_dags/example_sla_dag.py for tasks to queue
[2024-06-09T12:20:02.365-0300] {logging_mixin.py:188} INFO - [2024-06-09T12:20:02.365-0300] {dagbag.py:545} INFO - Filling up the DagBag from /home/pedro/.local/lib/python3.10/site-packages/airflow/example_dags/example_sla_dag.py
[2024-06-09T12:20:02.375-0300] {processor.py:840} INFO - DAG(s) 'example_sla_dag' retrieved from /home/pedro/.local/lib/python3.10/site-packages/airflow/example_dags/example_sla_dag.py
[2024-06-09T12:20:02.385-0300] {logging_mixin.py:188} INFO - [2024-06-09T12:20:02.385-0300] {dag.py:3096} INFO - Sync 1 DAGs
[2024-06-09T12:20:02.396-0300] {logging_mixin.py:188} INFO - [2024-06-09T12:20:02.396-0300] {dag.py:3954} INFO - Setting next_dagrun for example_sla_dag to 2024-06-09 15:18:00+00:00, run_after=2024-06-09 15:20:00+00:00
[2024-06-09T12:20:02.410-0300] {processor.py:183} INFO - Processing /home/pedro/.local/lib/python3.10/site-packages/airflow/example_dags/example_sla_dag.py took 0.057 seconds
[2024-06-09T12:20:54.585-0300] {processor.py:161} INFO - Started process (PID=13705) to work on /home/pedro/.local/lib/python3.10/site-packages/airflow/example_dags/example_sla_dag.py
[2024-06-09T12:20:54.589-0300] {processor.py:830} INFO - Processing file /home/pedro/.local/lib/python3.10/site-packages/airflow/example_dags/example_sla_dag.py for tasks to queue
[2024-06-09T12:20:54.591-0300] {logging_mixin.py:188} INFO - [2024-06-09T12:20:54.590-0300] {dagbag.py:545} INFO - Filling up the DagBag from /home/pedro/.local/lib/python3.10/site-packages/airflow/example_dags/example_sla_dag.py
[2024-06-09T12:20:54.599-0300] {processor.py:840} INFO - DAG(s) 'example_sla_dag' retrieved from /home/pedro/.local/lib/python3.10/site-packages/airflow/example_dags/example_sla_dag.py
[2024-06-09T12:20:54.659-0300] {logging_mixin.py:188} INFO - [2024-06-09T12:20:54.659-0300] {dag.py:3096} INFO - Sync 1 DAGs
[2024-06-09T12:20:54.669-0300] {logging_mixin.py:188} INFO - [2024-06-09T12:20:54.669-0300] {dag.py:3954} INFO - Setting next_dagrun for example_sla_dag to 2024-06-09 15:18:00+00:00, run_after=2024-06-09 15:20:00+00:00
[2024-06-09T12:20:54.683-0300] {processor.py:183} INFO - Processing /home/pedro/.local/lib/python3.10/site-packages/airflow/example_dags/example_sla_dag.py took 0.105 seconds
[2024-06-09T12:21:43.532-0300] {processor.py:161} INFO - Started process (PID=13822) to work on /home/pedro/.local/lib/python3.10/site-packages/airflow/example_dags/example_sla_dag.py
[2024-06-09T12:21:43.535-0300] {processor.py:830} INFO - Processing file /home/pedro/.local/lib/python3.10/site-packages/airflow/example_dags/example_sla_dag.py for tasks to queue
[2024-06-09T12:21:43.537-0300] {logging_mixin.py:188} INFO - [2024-06-09T12:21:43.537-0300] {dagbag.py:545} INFO - Filling up the DagBag from /home/pedro/.local/lib/python3.10/site-packages/airflow/example_dags/example_sla_dag.py
[2024-06-09T12:21:43.546-0300] {processor.py:840} INFO - DAG(s) 'example_sla_dag' retrieved from /home/pedro/.local/lib/python3.10/site-packages/airflow/example_dags/example_sla_dag.py
[2024-06-09T12:21:43.554-0300] {logging_mixin.py:188} INFO - [2024-06-09T12:21:43.554-0300] {dag.py:3096} INFO - Sync 1 DAGs
[2024-06-09T12:21:43.565-0300] {logging_mixin.py:188} INFO - [2024-06-09T12:21:43.565-0300] {dag.py:3954} INFO - Setting next_dagrun for example_sla_dag to 2024-06-09 15:18:00+00:00, run_after=2024-06-09 15:20:00+00:00
[2024-06-09T12:21:43.580-0300] {processor.py:183} INFO - Processing /home/pedro/.local/lib/python3.10/site-packages/airflow/example_dags/example_sla_dag.py took 0.054 seconds
[2024-06-09T12:22:27.681-0300] {processor.py:161} INFO - Started process (PID=13897) to work on /home/pedro/.local/lib/python3.10/site-packages/airflow/example_dags/example_sla_dag.py
[2024-06-09T12:22:27.682-0300] {processor.py:830} INFO - Processing file /home/pedro/.local/lib/python3.10/site-packages/airflow/example_dags/example_sla_dag.py for tasks to queue
[2024-06-09T12:22:27.684-0300] {logging_mixin.py:188} INFO - [2024-06-09T12:22:27.683-0300] {dagbag.py:545} INFO - Filling up the DagBag from /home/pedro/.local/lib/python3.10/site-packages/airflow/example_dags/example_sla_dag.py
[2024-06-09T12:22:27.691-0300] {processor.py:840} INFO - DAG(s) 'example_sla_dag' retrieved from /home/pedro/.local/lib/python3.10/site-packages/airflow/example_dags/example_sla_dag.py
[2024-06-09T12:22:27.698-0300] {logging_mixin.py:188} INFO - [2024-06-09T12:22:27.698-0300] {dag.py:3096} INFO - Sync 1 DAGs
[2024-06-09T12:22:27.709-0300] {logging_mixin.py:188} INFO - [2024-06-09T12:22:27.709-0300] {dag.py:3954} INFO - Setting next_dagrun for example_sla_dag to 2024-06-09 15:20:00+00:00, run_after=2024-06-09 15:22:00+00:00
[2024-06-09T12:22:27.722-0300] {processor.py:183} INFO - Processing /home/pedro/.local/lib/python3.10/site-packages/airflow/example_dags/example_sla_dag.py took 0.051 seconds
[2024-06-09T12:23:11.072-0300] {processor.py:161} INFO - Started process (PID=13998) to work on /home/pedro/.local/lib/python3.10/site-packages/airflow/example_dags/example_sla_dag.py
[2024-06-09T12:23:11.076-0300] {processor.py:830} INFO - Processing file /home/pedro/.local/lib/python3.10/site-packages/airflow/example_dags/example_sla_dag.py for tasks to queue
[2024-06-09T12:23:11.077-0300] {logging_mixin.py:188} INFO - [2024-06-09T12:23:11.077-0300] {dagbag.py:545} INFO - Filling up the DagBag from /home/pedro/.local/lib/python3.10/site-packages/airflow/example_dags/example_sla_dag.py
[2024-06-09T12:23:11.085-0300] {processor.py:840} INFO - DAG(s) 'example_sla_dag' retrieved from /home/pedro/.local/lib/python3.10/site-packages/airflow/example_dags/example_sla_dag.py
[2024-06-09T12:23:11.093-0300] {logging_mixin.py:188} INFO - [2024-06-09T12:23:11.093-0300] {dag.py:3096} INFO - Sync 1 DAGs
[2024-06-09T12:23:11.104-0300] {logging_mixin.py:188} INFO - [2024-06-09T12:23:11.103-0300] {dag.py:3954} INFO - Setting next_dagrun for example_sla_dag to 2024-06-09 15:20:00+00:00, run_after=2024-06-09 15:22:00+00:00
[2024-06-09T12:23:11.118-0300] {processor.py:183} INFO - Processing /home/pedro/.local/lib/python3.10/site-packages/airflow/example_dags/example_sla_dag.py took 0.051 seconds
[2024-06-09T16:26:19.693-0300] {processor.py:161} INFO - Started process (PID=4821) to work on /home/pedro/.local/lib/python3.10/site-packages/airflow/example_dags/example_sla_dag.py
[2024-06-09T16:26:19.695-0300] {processor.py:830} INFO - Processing file /home/pedro/.local/lib/python3.10/site-packages/airflow/example_dags/example_sla_dag.py for tasks to queue
[2024-06-09T16:26:19.696-0300] {logging_mixin.py:188} INFO - [2024-06-09T16:26:19.696-0300] {dagbag.py:545} INFO - Filling up the DagBag from /home/pedro/.local/lib/python3.10/site-packages/airflow/example_dags/example_sla_dag.py
[2024-06-09T16:26:19.706-0300] {processor.py:840} INFO - DAG(s) 'example_sla_dag' retrieved from /home/pedro/.local/lib/python3.10/site-packages/airflow/example_dags/example_sla_dag.py
[2024-06-09T16:26:19.718-0300] {logging_mixin.py:188} INFO - [2024-06-09T16:26:19.717-0300] {dag.py:3096} INFO - Sync 1 DAGs
[2024-06-09T16:26:19.730-0300] {logging_mixin.py:188} INFO - [2024-06-09T16:26:19.730-0300] {dag.py:3954} INFO - Setting next_dagrun for example_sla_dag to 2024-06-09 19:24:00+00:00, run_after=2024-06-09 19:26:00+00:00
[2024-06-09T16:26:19.744-0300] {processor.py:183} INFO - Processing /home/pedro/.local/lib/python3.10/site-packages/airflow/example_dags/example_sla_dag.py took 0.056 seconds
[2024-06-09T16:28:43.042-0300] {processor.py:161} INFO - Started process (PID=5620) to work on /home/pedro/.local/lib/python3.10/site-packages/airflow/example_dags/example_sla_dag.py
[2024-06-09T16:28:43.043-0300] {processor.py:830} INFO - Processing file /home/pedro/.local/lib/python3.10/site-packages/airflow/example_dags/example_sla_dag.py for tasks to queue
[2024-06-09T16:28:43.044-0300] {logging_mixin.py:188} INFO - [2024-06-09T16:28:43.044-0300] {dagbag.py:545} INFO - Filling up the DagBag from /home/pedro/.local/lib/python3.10/site-packages/airflow/example_dags/example_sla_dag.py
[2024-06-09T16:28:43.050-0300] {processor.py:840} INFO - DAG(s) 'example_sla_dag' retrieved from /home/pedro/.local/lib/python3.10/site-packages/airflow/example_dags/example_sla_dag.py
[2024-06-09T16:28:43.058-0300] {logging_mixin.py:188} INFO - [2024-06-09T16:28:43.058-0300] {dag.py:3096} INFO - Sync 1 DAGs
[2024-06-09T16:28:43.126-0300] {logging_mixin.py:188} INFO - [2024-06-09T16:28:43.126-0300] {dag.py:3954} INFO - Setting next_dagrun for example_sla_dag to 2024-06-09 19:26:00+00:00, run_after=2024-06-09 19:28:00+00:00
[2024-06-09T16:28:43.142-0300] {processor.py:183} INFO - Processing /home/pedro/.local/lib/python3.10/site-packages/airflow/example_dags/example_sla_dag.py took 0.104 seconds
[2024-06-09T16:30:53.837-0300] {processor.py:161} INFO - Started process (PID=7489) to work on /home/pedro/.local/lib/python3.10/site-packages/airflow/example_dags/example_sla_dag.py
[2024-06-09T16:30:53.840-0300] {processor.py:830} INFO - Processing file /home/pedro/.local/lib/python3.10/site-packages/airflow/example_dags/example_sla_dag.py for tasks to queue
[2024-06-09T16:30:53.842-0300] {logging_mixin.py:188} INFO - [2024-06-09T16:30:53.841-0300] {dagbag.py:545} INFO - Filling up the DagBag from /home/pedro/.local/lib/python3.10/site-packages/airflow/example_dags/example_sla_dag.py
[2024-06-09T16:30:53.850-0300] {processor.py:840} INFO - DAG(s) 'example_sla_dag' retrieved from /home/pedro/.local/lib/python3.10/site-packages/airflow/example_dags/example_sla_dag.py
[2024-06-09T16:30:53.860-0300] {logging_mixin.py:188} INFO - [2024-06-09T16:30:53.860-0300] {dag.py:3096} INFO - Sync 1 DAGs
[2024-06-09T16:30:53.879-0300] {logging_mixin.py:188} INFO - [2024-06-09T16:30:53.879-0300] {dag.py:3954} INFO - Setting next_dagrun for example_sla_dag to 2024-06-09 19:28:00+00:00, run_after=2024-06-09 19:30:00+00:00
[2024-06-09T16:30:53.895-0300] {processor.py:183} INFO - Processing /home/pedro/.local/lib/python3.10/site-packages/airflow/example_dags/example_sla_dag.py took 0.064 seconds
[2024-06-09T16:33:06.768-0300] {processor.py:161} INFO - Started process (PID=8255) to work on /home/pedro/.local/lib/python3.10/site-packages/airflow/example_dags/example_sla_dag.py
[2024-06-09T16:33:06.769-0300] {processor.py:830} INFO - Processing file /home/pedro/.local/lib/python3.10/site-packages/airflow/example_dags/example_sla_dag.py for tasks to queue
[2024-06-09T16:33:06.770-0300] {logging_mixin.py:188} INFO - [2024-06-09T16:33:06.770-0300] {dagbag.py:545} INFO - Filling up the DagBag from /home/pedro/.local/lib/python3.10/site-packages/airflow/example_dags/example_sla_dag.py
[2024-06-09T16:33:06.778-0300] {processor.py:840} INFO - DAG(s) 'example_sla_dag' retrieved from /home/pedro/.local/lib/python3.10/site-packages/airflow/example_dags/example_sla_dag.py
[2024-06-09T16:33:06.786-0300] {logging_mixin.py:188} INFO - [2024-06-09T16:33:06.786-0300] {dag.py:3096} INFO - Sync 1 DAGs
[2024-06-09T16:33:06.799-0300] {logging_mixin.py:188} INFO - [2024-06-09T16:33:06.798-0300] {dag.py:3954} INFO - Setting next_dagrun for example_sla_dag to 2024-06-09 19:30:00+00:00, run_after=2024-06-09 19:32:00+00:00
[2024-06-09T16:33:06.814-0300] {processor.py:183} INFO - Processing /home/pedro/.local/lib/python3.10/site-packages/airflow/example_dags/example_sla_dag.py took 0.050 seconds
[2024-06-09T16:35:07.469-0300] {processor.py:161} INFO - Started process (PID=8935) to work on /home/pedro/.local/lib/python3.10/site-packages/airflow/example_dags/example_sla_dag.py
[2024-06-09T16:35:07.470-0300] {processor.py:830} INFO - Processing file /home/pedro/.local/lib/python3.10/site-packages/airflow/example_dags/example_sla_dag.py for tasks to queue
[2024-06-09T16:35:07.472-0300] {logging_mixin.py:188} INFO - [2024-06-09T16:35:07.472-0300] {dagbag.py:545} INFO - Filling up the DagBag from /home/pedro/.local/lib/python3.10/site-packages/airflow/example_dags/example_sla_dag.py
[2024-06-09T16:35:07.480-0300] {processor.py:840} INFO - DAG(s) 'example_sla_dag' retrieved from /home/pedro/.local/lib/python3.10/site-packages/airflow/example_dags/example_sla_dag.py
[2024-06-09T16:35:07.488-0300] {logging_mixin.py:188} INFO - [2024-06-09T16:35:07.488-0300] {dag.py:3096} INFO - Sync 1 DAGs
[2024-06-09T16:35:07.499-0300] {logging_mixin.py:188} INFO - [2024-06-09T16:35:07.499-0300] {dag.py:3954} INFO - Setting next_dagrun for example_sla_dag to 2024-06-09 19:32:00+00:00, run_after=2024-06-09 19:34:00+00:00
[2024-06-09T16:35:07.515-0300] {processor.py:183} INFO - Processing /home/pedro/.local/lib/python3.10/site-packages/airflow/example_dags/example_sla_dag.py took 0.051 seconds
[2024-06-09T16:37:06.702-0300] {processor.py:161} INFO - Started process (PID=9648) to work on /home/pedro/.local/lib/python3.10/site-packages/airflow/example_dags/example_sla_dag.py
[2024-06-09T16:37:06.706-0300] {processor.py:830} INFO - Processing file /home/pedro/.local/lib/python3.10/site-packages/airflow/example_dags/example_sla_dag.py for tasks to queue
[2024-06-09T16:37:06.707-0300] {logging_mixin.py:188} INFO - [2024-06-09T16:37:06.706-0300] {dagbag.py:545} INFO - Filling up the DagBag from /home/pedro/.local/lib/python3.10/site-packages/airflow/example_dags/example_sla_dag.py
[2024-06-09T16:37:06.712-0300] {processor.py:840} INFO - DAG(s) 'example_sla_dag' retrieved from /home/pedro/.local/lib/python3.10/site-packages/airflow/example_dags/example_sla_dag.py
[2024-06-09T16:37:06.720-0300] {logging_mixin.py:188} INFO - [2024-06-09T16:37:06.720-0300] {dag.py:3096} INFO - Sync 1 DAGs
[2024-06-09T16:37:06.731-0300] {logging_mixin.py:188} INFO - [2024-06-09T16:37:06.731-0300] {dag.py:3954} INFO - Setting next_dagrun for example_sla_dag to 2024-06-09 19:34:00+00:00, run_after=2024-06-09 19:36:00+00:00
[2024-06-09T16:37:06.747-0300] {processor.py:183} INFO - Processing /home/pedro/.local/lib/python3.10/site-packages/airflow/example_dags/example_sla_dag.py took 0.047 seconds
[2024-06-09T16:39:02.113-0300] {processor.py:161} INFO - Started process (PID=10371) to work on /home/pedro/.local/lib/python3.10/site-packages/airflow/example_dags/example_sla_dag.py
[2024-06-09T16:39:02.114-0300] {processor.py:830} INFO - Processing file /home/pedro/.local/lib/python3.10/site-packages/airflow/example_dags/example_sla_dag.py for tasks to queue
[2024-06-09T16:39:02.115-0300] {logging_mixin.py:188} INFO - [2024-06-09T16:39:02.115-0300] {dagbag.py:545} INFO - Filling up the DagBag from /home/pedro/.local/lib/python3.10/site-packages/airflow/example_dags/example_sla_dag.py
[2024-06-09T16:39:02.120-0300] {processor.py:840} INFO - DAG(s) 'example_sla_dag' retrieved from /home/pedro/.local/lib/python3.10/site-packages/airflow/example_dags/example_sla_dag.py
[2024-06-09T16:39:02.130-0300] {logging_mixin.py:188} INFO - [2024-06-09T16:39:02.130-0300] {dag.py:3096} INFO - Sync 1 DAGs
[2024-06-09T16:39:02.143-0300] {logging_mixin.py:188} INFO - [2024-06-09T16:39:02.143-0300] {dag.py:3954} INFO - Setting next_dagrun for example_sla_dag to 2024-06-09 19:36:00+00:00, run_after=2024-06-09 19:38:00+00:00
[2024-06-09T16:39:02.159-0300] {processor.py:183} INFO - Processing /home/pedro/.local/lib/python3.10/site-packages/airflow/example_dags/example_sla_dag.py took 0.049 seconds
[2024-06-09T16:40:59.189-0300] {processor.py:161} INFO - Started process (PID=11019) to work on /home/pedro/.local/lib/python3.10/site-packages/airflow/example_dags/example_sla_dag.py
[2024-06-09T16:40:59.192-0300] {processor.py:830} INFO - Processing file /home/pedro/.local/lib/python3.10/site-packages/airflow/example_dags/example_sla_dag.py for tasks to queue
[2024-06-09T16:40:59.193-0300] {logging_mixin.py:188} INFO - [2024-06-09T16:40:59.193-0300] {dagbag.py:545} INFO - Filling up the DagBag from /home/pedro/.local/lib/python3.10/site-packages/airflow/example_dags/example_sla_dag.py
[2024-06-09T16:40:59.200-0300] {processor.py:840} INFO - DAG(s) 'example_sla_dag' retrieved from /home/pedro/.local/lib/python3.10/site-packages/airflow/example_dags/example_sla_dag.py
[2024-06-09T16:40:59.208-0300] {logging_mixin.py:188} INFO - [2024-06-09T16:40:59.208-0300] {dag.py:3096} INFO - Sync 1 DAGs
[2024-06-09T16:40:59.221-0300] {logging_mixin.py:188} INFO - [2024-06-09T16:40:59.221-0300] {dag.py:3954} INFO - Setting next_dagrun for example_sla_dag to 2024-06-09 19:38:00+00:00, run_after=2024-06-09 19:40:00+00:00
[2024-06-09T16:40:59.238-0300] {processor.py:183} INFO - Processing /home/pedro/.local/lib/python3.10/site-packages/airflow/example_dags/example_sla_dag.py took 0.053 seconds
[2024-06-09T16:42:57.534-0300] {processor.py:161} INFO - Started process (PID=11758) to work on /home/pedro/.local/lib/python3.10/site-packages/airflow/example_dags/example_sla_dag.py
[2024-06-09T16:42:57.537-0300] {processor.py:830} INFO - Processing file /home/pedro/.local/lib/python3.10/site-packages/airflow/example_dags/example_sla_dag.py for tasks to queue
[2024-06-09T16:42:57.538-0300] {logging_mixin.py:188} INFO - [2024-06-09T16:42:57.537-0300] {dagbag.py:545} INFO - Filling up the DagBag from /home/pedro/.local/lib/python3.10/site-packages/airflow/example_dags/example_sla_dag.py
[2024-06-09T16:42:57.546-0300] {processor.py:840} INFO - DAG(s) 'example_sla_dag' retrieved from /home/pedro/.local/lib/python3.10/site-packages/airflow/example_dags/example_sla_dag.py
[2024-06-09T16:42:57.556-0300] {logging_mixin.py:188} INFO - [2024-06-09T16:42:57.556-0300] {dag.py:3096} INFO - Sync 1 DAGs
[2024-06-09T16:42:57.570-0300] {logging_mixin.py:188} INFO - [2024-06-09T16:42:57.569-0300] {dag.py:3954} INFO - Setting next_dagrun for example_sla_dag to 2024-06-09 19:40:00+00:00, run_after=2024-06-09 19:42:00+00:00
[2024-06-09T16:42:57.586-0300] {processor.py:183} INFO - Processing /home/pedro/.local/lib/python3.10/site-packages/airflow/example_dags/example_sla_dag.py took 0.055 seconds
[2024-06-09T16:45:02.445-0300] {processor.py:161} INFO - Started process (PID=12458) to work on /home/pedro/.local/lib/python3.10/site-packages/airflow/example_dags/example_sla_dag.py
[2024-06-09T16:45:02.446-0300] {processor.py:830} INFO - Processing file /home/pedro/.local/lib/python3.10/site-packages/airflow/example_dags/example_sla_dag.py for tasks to queue
[2024-06-09T16:45:02.447-0300] {logging_mixin.py:188} INFO - [2024-06-09T16:45:02.447-0300] {dagbag.py:545} INFO - Filling up the DagBag from /home/pedro/.local/lib/python3.10/site-packages/airflow/example_dags/example_sla_dag.py
[2024-06-09T16:45:02.454-0300] {processor.py:840} INFO - DAG(s) 'example_sla_dag' retrieved from /home/pedro/.local/lib/python3.10/site-packages/airflow/example_dags/example_sla_dag.py
[2024-06-09T16:45:02.463-0300] {logging_mixin.py:188} INFO - [2024-06-09T16:45:02.463-0300] {dag.py:3096} INFO - Sync 1 DAGs
[2024-06-09T16:45:02.477-0300] {logging_mixin.py:188} INFO - [2024-06-09T16:45:02.477-0300] {dag.py:3954} INFO - Setting next_dagrun for example_sla_dag to 2024-06-09 19:42:00+00:00, run_after=2024-06-09 19:44:00+00:00
[2024-06-09T16:45:02.492-0300] {processor.py:183} INFO - Processing /home/pedro/.local/lib/python3.10/site-packages/airflow/example_dags/example_sla_dag.py took 0.050 seconds
[2024-06-09T16:47:10.514-0300] {processor.py:161} INFO - Started process (PID=13185) to work on /home/pedro/.local/lib/python3.10/site-packages/airflow/example_dags/example_sla_dag.py
[2024-06-09T16:47:10.517-0300] {processor.py:830} INFO - Processing file /home/pedro/.local/lib/python3.10/site-packages/airflow/example_dags/example_sla_dag.py for tasks to queue
[2024-06-09T16:47:10.518-0300] {logging_mixin.py:188} INFO - [2024-06-09T16:47:10.518-0300] {dagbag.py:545} INFO - Filling up the DagBag from /home/pedro/.local/lib/python3.10/site-packages/airflow/example_dags/example_sla_dag.py
[2024-06-09T16:47:10.525-0300] {processor.py:840} INFO - DAG(s) 'example_sla_dag' retrieved from /home/pedro/.local/lib/python3.10/site-packages/airflow/example_dags/example_sla_dag.py
[2024-06-09T16:47:10.532-0300] {logging_mixin.py:188} INFO - [2024-06-09T16:47:10.532-0300] {dag.py:3096} INFO - Sync 1 DAGs
[2024-06-09T16:47:10.543-0300] {logging_mixin.py:188} INFO - [2024-06-09T16:47:10.543-0300] {dag.py:3954} INFO - Setting next_dagrun for example_sla_dag to 2024-06-09 19:44:00+00:00, run_after=2024-06-09 19:46:00+00:00
[2024-06-09T16:47:10.560-0300] {processor.py:183} INFO - Processing /home/pedro/.local/lib/python3.10/site-packages/airflow/example_dags/example_sla_dag.py took 0.049 seconds
[2024-06-09T16:49:14.564-0300] {processor.py:161} INFO - Started process (PID=13936) to work on /home/pedro/.local/lib/python3.10/site-packages/airflow/example_dags/example_sla_dag.py
[2024-06-09T16:49:14.568-0300] {processor.py:830} INFO - Processing file /home/pedro/.local/lib/python3.10/site-packages/airflow/example_dags/example_sla_dag.py for tasks to queue
[2024-06-09T16:49:14.570-0300] {logging_mixin.py:188} INFO - [2024-06-09T16:49:14.569-0300] {dagbag.py:545} INFO - Filling up the DagBag from /home/pedro/.local/lib/python3.10/site-packages/airflow/example_dags/example_sla_dag.py
[2024-06-09T16:49:14.579-0300] {processor.py:840} INFO - DAG(s) 'example_sla_dag' retrieved from /home/pedro/.local/lib/python3.10/site-packages/airflow/example_dags/example_sla_dag.py
[2024-06-09T16:49:14.586-0300] {logging_mixin.py:188} INFO - [2024-06-09T16:49:14.586-0300] {dag.py:3096} INFO - Sync 1 DAGs
[2024-06-09T16:49:14.598-0300] {logging_mixin.py:188} INFO - [2024-06-09T16:49:14.598-0300] {dag.py:3954} INFO - Setting next_dagrun for example_sla_dag to 2024-06-09 19:46:00+00:00, run_after=2024-06-09 19:48:00+00:00
[2024-06-09T16:49:14.613-0300] {processor.py:183} INFO - Processing /home/pedro/.local/lib/python3.10/site-packages/airflow/example_dags/example_sla_dag.py took 0.053 seconds
[2024-06-09T16:51:15.256-0300] {processor.py:161} INFO - Started process (PID=14684) to work on /home/pedro/.local/lib/python3.10/site-packages/airflow/example_dags/example_sla_dag.py
[2024-06-09T16:51:15.260-0300] {processor.py:830} INFO - Processing file /home/pedro/.local/lib/python3.10/site-packages/airflow/example_dags/example_sla_dag.py for tasks to queue
[2024-06-09T16:51:15.261-0300] {logging_mixin.py:188} INFO - [2024-06-09T16:51:15.261-0300] {dagbag.py:545} INFO - Filling up the DagBag from /home/pedro/.local/lib/python3.10/site-packages/airflow/example_dags/example_sla_dag.py
[2024-06-09T16:51:15.267-0300] {processor.py:840} INFO - DAG(s) 'example_sla_dag' retrieved from /home/pedro/.local/lib/python3.10/site-packages/airflow/example_dags/example_sla_dag.py
[2024-06-09T16:51:15.277-0300] {logging_mixin.py:188} INFO - [2024-06-09T16:51:15.276-0300] {dag.py:3096} INFO - Sync 1 DAGs
[2024-06-09T16:51:15.292-0300] {logging_mixin.py:188} INFO - [2024-06-09T16:51:15.292-0300] {dag.py:3954} INFO - Setting next_dagrun for example_sla_dag to 2024-06-09 19:48:00+00:00, run_after=2024-06-09 19:50:00+00:00
[2024-06-09T16:51:15.307-0300] {processor.py:183} INFO - Processing /home/pedro/.local/lib/python3.10/site-packages/airflow/example_dags/example_sla_dag.py took 0.055 seconds
[2024-06-09T16:53:16.554-0300] {processor.py:161} INFO - Started process (PID=15381) to work on /home/pedro/.local/lib/python3.10/site-packages/airflow/example_dags/example_sla_dag.py
[2024-06-09T16:53:16.555-0300] {processor.py:830} INFO - Processing file /home/pedro/.local/lib/python3.10/site-packages/airflow/example_dags/example_sla_dag.py for tasks to queue
[2024-06-09T16:53:16.556-0300] {logging_mixin.py:188} INFO - [2024-06-09T16:53:16.556-0300] {dagbag.py:545} INFO - Filling up the DagBag from /home/pedro/.local/lib/python3.10/site-packages/airflow/example_dags/example_sla_dag.py
[2024-06-09T16:53:16.562-0300] {processor.py:840} INFO - DAG(s) 'example_sla_dag' retrieved from /home/pedro/.local/lib/python3.10/site-packages/airflow/example_dags/example_sla_dag.py
[2024-06-09T16:53:16.570-0300] {logging_mixin.py:188} INFO - [2024-06-09T16:53:16.570-0300] {dag.py:3096} INFO - Sync 1 DAGs
[2024-06-09T16:53:16.584-0300] {logging_mixin.py:188} INFO - [2024-06-09T16:53:16.584-0300] {dag.py:3954} INFO - Setting next_dagrun for example_sla_dag to 2024-06-09 19:50:00+00:00, run_after=2024-06-09 19:52:00+00:00
[2024-06-09T16:53:16.599-0300] {processor.py:183} INFO - Processing /home/pedro/.local/lib/python3.10/site-packages/airflow/example_dags/example_sla_dag.py took 0.049 seconds
[2024-06-09T16:55:26.423-0300] {processor.py:161} INFO - Started process (PID=16090) to work on /home/pedro/.local/lib/python3.10/site-packages/airflow/example_dags/example_sla_dag.py
[2024-06-09T16:55:26.426-0300] {processor.py:830} INFO - Processing file /home/pedro/.local/lib/python3.10/site-packages/airflow/example_dags/example_sla_dag.py for tasks to queue
[2024-06-09T16:55:26.427-0300] {logging_mixin.py:188} INFO - [2024-06-09T16:55:26.427-0300] {dagbag.py:545} INFO - Filling up the DagBag from /home/pedro/.local/lib/python3.10/site-packages/airflow/example_dags/example_sla_dag.py
[2024-06-09T16:55:26.435-0300] {processor.py:840} INFO - DAG(s) 'example_sla_dag' retrieved from /home/pedro/.local/lib/python3.10/site-packages/airflow/example_dags/example_sla_dag.py
[2024-06-09T16:55:26.443-0300] {logging_mixin.py:188} INFO - [2024-06-09T16:55:26.443-0300] {dag.py:3096} INFO - Sync 1 DAGs
[2024-06-09T16:55:26.454-0300] {logging_mixin.py:188} INFO - [2024-06-09T16:55:26.454-0300] {dag.py:3954} INFO - Setting next_dagrun for example_sla_dag to 2024-06-09 19:52:00+00:00, run_after=2024-06-09 19:54:00+00:00
[2024-06-09T16:55:26.479-0300] {processor.py:183} INFO - Processing /home/pedro/.local/lib/python3.10/site-packages/airflow/example_dags/example_sla_dag.py took 0.059 seconds
[2024-06-09T16:57:31.382-0300] {processor.py:161} INFO - Started process (PID=16803) to work on /home/pedro/.local/lib/python3.10/site-packages/airflow/example_dags/example_sla_dag.py
[2024-06-09T16:57:31.385-0300] {processor.py:830} INFO - Processing file /home/pedro/.local/lib/python3.10/site-packages/airflow/example_dags/example_sla_dag.py for tasks to queue
[2024-06-09T16:57:31.386-0300] {logging_mixin.py:188} INFO - [2024-06-09T16:57:31.386-0300] {dagbag.py:545} INFO - Filling up the DagBag from /home/pedro/.local/lib/python3.10/site-packages/airflow/example_dags/example_sla_dag.py
[2024-06-09T16:57:31.391-0300] {processor.py:840} INFO - DAG(s) 'example_sla_dag' retrieved from /home/pedro/.local/lib/python3.10/site-packages/airflow/example_dags/example_sla_dag.py
[2024-06-09T16:57:31.399-0300] {logging_mixin.py:188} INFO - [2024-06-09T16:57:31.399-0300] {dag.py:3096} INFO - Sync 1 DAGs
[2024-06-09T16:57:31.410-0300] {logging_mixin.py:188} INFO - [2024-06-09T16:57:31.410-0300] {dag.py:3954} INFO - Setting next_dagrun for example_sla_dag to 2024-06-09 19:54:00+00:00, run_after=2024-06-09 19:56:00+00:00
[2024-06-09T16:57:31.426-0300] {processor.py:183} INFO - Processing /home/pedro/.local/lib/python3.10/site-packages/airflow/example_dags/example_sla_dag.py took 0.047 seconds
