[2024-06-09T11:46:02.505-0300] {processor.py:161} INFO - Started process (PID=7124) to work on /home/pedro/.local/lib/python3.10/site-packages/airflow/example_dags/example_dynamic_task_mapping.py
[2024-06-09T11:46:02.506-0300] {processor.py:830} INFO - Processing file /home/pedro/.local/lib/python3.10/site-packages/airflow/example_dags/example_dynamic_task_mapping.py for tasks to queue
[2024-06-09T11:46:02.508-0300] {logging_mixin.py:188} INFO - [2024-06-09T11:46:02.508-0300] {dagbag.py:545} INFO - Filling up the DagBag from /home/pedro/.local/lib/python3.10/site-packages/airflow/example_dags/example_dynamic_task_mapping.py
[2024-06-09T11:46:02.513-0300] {processor.py:840} INFO - DAG(s) 'example_dynamic_task_mapping' retrieved from /home/pedro/.local/lib/python3.10/site-packages/airflow/example_dags/example_dynamic_task_mapping.py
[2024-06-09T11:46:02.521-0300] {logging_mixin.py:188} INFO - [2024-06-09T11:46:02.520-0300] {dag.py:3096} INFO - Sync 1 DAGs
[2024-06-09T11:46:02.581-0300] {logging_mixin.py:188} INFO - [2024-06-09T11:46:02.581-0300] {dag.py:3954} INFO - Setting next_dagrun for example_dynamic_task_mapping to 2022-03-04 00:00:00+00:00, run_after=2022-03-05 00:00:00+00:00
[2024-06-09T11:46:02.596-0300] {processor.py:183} INFO - Processing /home/pedro/.local/lib/python3.10/site-packages/airflow/example_dags/example_dynamic_task_mapping.py took 0.099 seconds
[2024-06-09T11:47:10.410-0300] {processor.py:161} INFO - Started process (PID=7352) to work on /home/pedro/.local/lib/python3.10/site-packages/airflow/example_dags/example_dynamic_task_mapping.py
[2024-06-09T11:47:10.414-0300] {processor.py:830} INFO - Processing file /home/pedro/.local/lib/python3.10/site-packages/airflow/example_dags/example_dynamic_task_mapping.py for tasks to queue
[2024-06-09T11:47:10.416-0300] {logging_mixin.py:188} INFO - [2024-06-09T11:47:10.415-0300] {dagbag.py:545} INFO - Filling up the DagBag from /home/pedro/.local/lib/python3.10/site-packages/airflow/example_dags/example_dynamic_task_mapping.py
[2024-06-09T11:47:10.424-0300] {processor.py:840} INFO - DAG(s) 'example_dynamic_task_mapping' retrieved from /home/pedro/.local/lib/python3.10/site-packages/airflow/example_dags/example_dynamic_task_mapping.py
[2024-06-09T11:47:10.432-0300] {logging_mixin.py:188} INFO - [2024-06-09T11:47:10.432-0300] {dag.py:3096} INFO - Sync 1 DAGs
[2024-06-09T11:47:10.442-0300] {logging_mixin.py:188} INFO - [2024-06-09T11:47:10.442-0300] {dag.py:3954} INFO - Setting next_dagrun for example_dynamic_task_mapping to 2022-03-04 00:00:00+00:00, run_after=2022-03-05 00:00:00+00:00
[2024-06-09T11:47:10.456-0300] {processor.py:183} INFO - Processing /home/pedro/.local/lib/python3.10/site-packages/airflow/example_dags/example_dynamic_task_mapping.py took 0.050 seconds
[2024-06-09T11:48:12.702-0300] {processor.py:161} INFO - Started process (PID=7467) to work on /home/pedro/.local/lib/python3.10/site-packages/airflow/example_dags/example_dynamic_task_mapping.py
[2024-06-09T11:48:12.705-0300] {processor.py:830} INFO - Processing file /home/pedro/.local/lib/python3.10/site-packages/airflow/example_dags/example_dynamic_task_mapping.py for tasks to queue
[2024-06-09T11:48:12.707-0300] {logging_mixin.py:188} INFO - [2024-06-09T11:48:12.707-0300] {dagbag.py:545} INFO - Filling up the DagBag from /home/pedro/.local/lib/python3.10/site-packages/airflow/example_dags/example_dynamic_task_mapping.py
[2024-06-09T11:48:12.714-0300] {processor.py:840} INFO - DAG(s) 'example_dynamic_task_mapping' retrieved from /home/pedro/.local/lib/python3.10/site-packages/airflow/example_dags/example_dynamic_task_mapping.py
[2024-06-09T11:48:12.723-0300] {logging_mixin.py:188} INFO - [2024-06-09T11:48:12.722-0300] {dag.py:3096} INFO - Sync 1 DAGs
[2024-06-09T11:48:12.733-0300] {logging_mixin.py:188} INFO - [2024-06-09T11:48:12.732-0300] {dag.py:3954} INFO - Setting next_dagrun for example_dynamic_task_mapping to 2022-03-04 00:00:00+00:00, run_after=2022-03-05 00:00:00+00:00
[2024-06-09T11:48:12.746-0300] {processor.py:183} INFO - Processing /home/pedro/.local/lib/python3.10/site-packages/airflow/example_dags/example_dynamic_task_mapping.py took 0.047 seconds
[2024-06-09T11:49:15.675-0300] {processor.py:161} INFO - Started process (PID=7753) to work on /home/pedro/.local/lib/python3.10/site-packages/airflow/example_dags/example_dynamic_task_mapping.py
[2024-06-09T11:49:15.679-0300] {processor.py:830} INFO - Processing file /home/pedro/.local/lib/python3.10/site-packages/airflow/example_dags/example_dynamic_task_mapping.py for tasks to queue
[2024-06-09T11:49:15.680-0300] {logging_mixin.py:188} INFO - [2024-06-09T11:49:15.680-0300] {dagbag.py:545} INFO - Filling up the DagBag from /home/pedro/.local/lib/python3.10/site-packages/airflow/example_dags/example_dynamic_task_mapping.py
[2024-06-09T11:49:15.686-0300] {processor.py:840} INFO - DAG(s) 'example_dynamic_task_mapping' retrieved from /home/pedro/.local/lib/python3.10/site-packages/airflow/example_dags/example_dynamic_task_mapping.py
[2024-06-09T11:49:15.695-0300] {logging_mixin.py:188} INFO - [2024-06-09T11:49:15.694-0300] {dag.py:3096} INFO - Sync 1 DAGs
[2024-06-09T11:49:15.704-0300] {logging_mixin.py:188} INFO - [2024-06-09T11:49:15.704-0300] {dag.py:3954} INFO - Setting next_dagrun for example_dynamic_task_mapping to 2022-03-04 00:00:00+00:00, run_after=2022-03-05 00:00:00+00:00
[2024-06-09T11:49:15.719-0300] {processor.py:183} INFO - Processing /home/pedro/.local/lib/python3.10/site-packages/airflow/example_dags/example_dynamic_task_mapping.py took 0.053 seconds
[2024-06-09T11:50:22.201-0300] {processor.py:161} INFO - Started process (PID=7977) to work on /home/pedro/.local/lib/python3.10/site-packages/airflow/example_dags/example_dynamic_task_mapping.py
[2024-06-09T11:50:22.204-0300] {processor.py:830} INFO - Processing file /home/pedro/.local/lib/python3.10/site-packages/airflow/example_dags/example_dynamic_task_mapping.py for tasks to queue
[2024-06-09T11:50:22.206-0300] {logging_mixin.py:188} INFO - [2024-06-09T11:50:22.206-0300] {dagbag.py:545} INFO - Filling up the DagBag from /home/pedro/.local/lib/python3.10/site-packages/airflow/example_dags/example_dynamic_task_mapping.py
[2024-06-09T11:50:22.210-0300] {processor.py:840} INFO - DAG(s) 'example_dynamic_task_mapping' retrieved from /home/pedro/.local/lib/python3.10/site-packages/airflow/example_dags/example_dynamic_task_mapping.py
[2024-06-09T11:50:22.218-0300] {logging_mixin.py:188} INFO - [2024-06-09T11:50:22.218-0300] {dag.py:3096} INFO - Sync 1 DAGs
[2024-06-09T11:50:22.228-0300] {logging_mixin.py:188} INFO - [2024-06-09T11:50:22.227-0300] {dag.py:3954} INFO - Setting next_dagrun for example_dynamic_task_mapping to 2022-03-04 00:00:00+00:00, run_after=2022-03-05 00:00:00+00:00
[2024-06-09T11:50:22.244-0300] {processor.py:183} INFO - Processing /home/pedro/.local/lib/python3.10/site-packages/airflow/example_dags/example_dynamic_task_mapping.py took 0.052 seconds
[2024-06-09T11:51:30.828-0300] {processor.py:161} INFO - Started process (PID=8222) to work on /home/pedro/.local/lib/python3.10/site-packages/airflow/example_dags/example_dynamic_task_mapping.py
[2024-06-09T11:51:30.832-0300] {processor.py:830} INFO - Processing file /home/pedro/.local/lib/python3.10/site-packages/airflow/example_dags/example_dynamic_task_mapping.py for tasks to queue
[2024-06-09T11:51:30.834-0300] {logging_mixin.py:188} INFO - [2024-06-09T11:51:30.833-0300] {dagbag.py:545} INFO - Filling up the DagBag from /home/pedro/.local/lib/python3.10/site-packages/airflow/example_dags/example_dynamic_task_mapping.py
[2024-06-09T11:51:30.843-0300] {processor.py:840} INFO - DAG(s) 'example_dynamic_task_mapping' retrieved from /home/pedro/.local/lib/python3.10/site-packages/airflow/example_dags/example_dynamic_task_mapping.py
[2024-06-09T11:51:30.853-0300] {logging_mixin.py:188} INFO - [2024-06-09T11:51:30.853-0300] {dag.py:3096} INFO - Sync 1 DAGs
[2024-06-09T11:51:30.863-0300] {logging_mixin.py:188} INFO - [2024-06-09T11:51:30.863-0300] {dag.py:3954} INFO - Setting next_dagrun for example_dynamic_task_mapping to 2022-03-04 00:00:00+00:00, run_after=2022-03-05 00:00:00+00:00
[2024-06-09T11:51:30.876-0300] {processor.py:183} INFO - Processing /home/pedro/.local/lib/python3.10/site-packages/airflow/example_dags/example_dynamic_task_mapping.py took 0.057 seconds
[2024-06-09T11:52:34.808-0300] {processor.py:161} INFO - Started process (PID=8370) to work on /home/pedro/.local/lib/python3.10/site-packages/airflow/example_dags/example_dynamic_task_mapping.py
[2024-06-09T11:52:34.812-0300] {processor.py:830} INFO - Processing file /home/pedro/.local/lib/python3.10/site-packages/airflow/example_dags/example_dynamic_task_mapping.py for tasks to queue
[2024-06-09T11:52:34.813-0300] {logging_mixin.py:188} INFO - [2024-06-09T11:52:34.812-0300] {dagbag.py:545} INFO - Filling up the DagBag from /home/pedro/.local/lib/python3.10/site-packages/airflow/example_dags/example_dynamic_task_mapping.py
[2024-06-09T11:52:34.819-0300] {processor.py:840} INFO - DAG(s) 'example_dynamic_task_mapping' retrieved from /home/pedro/.local/lib/python3.10/site-packages/airflow/example_dags/example_dynamic_task_mapping.py
[2024-06-09T11:52:34.829-0300] {logging_mixin.py:188} INFO - [2024-06-09T11:52:34.829-0300] {dag.py:3096} INFO - Sync 1 DAGs
[2024-06-09T11:52:34.842-0300] {logging_mixin.py:188} INFO - [2024-06-09T11:52:34.842-0300] {dag.py:3954} INFO - Setting next_dagrun for example_dynamic_task_mapping to 2022-03-04 00:00:00+00:00, run_after=2022-03-05 00:00:00+00:00
[2024-06-09T11:52:34.858-0300] {processor.py:183} INFO - Processing /home/pedro/.local/lib/python3.10/site-packages/airflow/example_dags/example_dynamic_task_mapping.py took 0.056 seconds
[2024-06-09T11:53:33.893-0300] {processor.py:161} INFO - Started process (PID=8523) to work on /home/pedro/.local/lib/python3.10/site-packages/airflow/example_dags/example_dynamic_task_mapping.py
[2024-06-09T11:53:33.897-0300] {processor.py:830} INFO - Processing file /home/pedro/.local/lib/python3.10/site-packages/airflow/example_dags/example_dynamic_task_mapping.py for tasks to queue
[2024-06-09T11:53:33.898-0300] {logging_mixin.py:188} INFO - [2024-06-09T11:53:33.898-0300] {dagbag.py:545} INFO - Filling up the DagBag from /home/pedro/.local/lib/python3.10/site-packages/airflow/example_dags/example_dynamic_task_mapping.py
[2024-06-09T11:53:33.904-0300] {processor.py:840} INFO - DAG(s) 'example_dynamic_task_mapping' retrieved from /home/pedro/.local/lib/python3.10/site-packages/airflow/example_dags/example_dynamic_task_mapping.py
[2024-06-09T11:53:33.913-0300] {logging_mixin.py:188} INFO - [2024-06-09T11:53:33.912-0300] {dag.py:3096} INFO - Sync 1 DAGs
[2024-06-09T11:53:33.923-0300] {logging_mixin.py:188} INFO - [2024-06-09T11:53:33.923-0300] {dag.py:3954} INFO - Setting next_dagrun for example_dynamic_task_mapping to 2022-03-04 00:00:00+00:00, run_after=2022-03-05 00:00:00+00:00
[2024-06-09T11:53:33.937-0300] {processor.py:183} INFO - Processing /home/pedro/.local/lib/python3.10/site-packages/airflow/example_dags/example_dynamic_task_mapping.py took 0.052 seconds
[2024-06-09T11:54:35.594-0300] {processor.py:161} INFO - Started process (PID=8637) to work on /home/pedro/.local/lib/python3.10/site-packages/airflow/example_dags/example_dynamic_task_mapping.py
[2024-06-09T11:54:35.597-0300] {processor.py:830} INFO - Processing file /home/pedro/.local/lib/python3.10/site-packages/airflow/example_dags/example_dynamic_task_mapping.py for tasks to queue
[2024-06-09T11:54:35.598-0300] {logging_mixin.py:188} INFO - [2024-06-09T11:54:35.598-0300] {dagbag.py:545} INFO - Filling up the DagBag from /home/pedro/.local/lib/python3.10/site-packages/airflow/example_dags/example_dynamic_task_mapping.py
[2024-06-09T11:54:35.604-0300] {processor.py:840} INFO - DAG(s) 'example_dynamic_task_mapping' retrieved from /home/pedro/.local/lib/python3.10/site-packages/airflow/example_dags/example_dynamic_task_mapping.py
[2024-06-09T11:54:35.612-0300] {logging_mixin.py:188} INFO - [2024-06-09T11:54:35.612-0300] {dag.py:3096} INFO - Sync 1 DAGs
[2024-06-09T11:54:35.624-0300] {logging_mixin.py:188} INFO - [2024-06-09T11:54:35.624-0300] {dag.py:3954} INFO - Setting next_dagrun for example_dynamic_task_mapping to 2022-03-04 00:00:00+00:00, run_after=2022-03-05 00:00:00+00:00
[2024-06-09T11:54:35.640-0300] {processor.py:183} INFO - Processing /home/pedro/.local/lib/python3.10/site-packages/airflow/example_dags/example_dynamic_task_mapping.py took 0.051 seconds
[2024-06-09T11:55:34.659-0300] {processor.py:161} INFO - Started process (PID=8800) to work on /home/pedro/.local/lib/python3.10/site-packages/airflow/example_dags/example_dynamic_task_mapping.py
[2024-06-09T11:55:34.663-0300] {processor.py:830} INFO - Processing file /home/pedro/.local/lib/python3.10/site-packages/airflow/example_dags/example_dynamic_task_mapping.py for tasks to queue
[2024-06-09T11:55:34.664-0300] {logging_mixin.py:188} INFO - [2024-06-09T11:55:34.664-0300] {dagbag.py:545} INFO - Filling up the DagBag from /home/pedro/.local/lib/python3.10/site-packages/airflow/example_dags/example_dynamic_task_mapping.py
[2024-06-09T11:55:34.669-0300] {processor.py:840} INFO - DAG(s) 'example_dynamic_task_mapping' retrieved from /home/pedro/.local/lib/python3.10/site-packages/airflow/example_dags/example_dynamic_task_mapping.py
[2024-06-09T11:55:34.677-0300] {logging_mixin.py:188} INFO - [2024-06-09T11:55:34.677-0300] {dag.py:3096} INFO - Sync 1 DAGs
[2024-06-09T11:55:34.687-0300] {logging_mixin.py:188} INFO - [2024-06-09T11:55:34.687-0300] {dag.py:3954} INFO - Setting next_dagrun for example_dynamic_task_mapping to 2022-03-04 00:00:00+00:00, run_after=2022-03-05 00:00:00+00:00
[2024-06-09T11:55:34.700-0300] {processor.py:183} INFO - Processing /home/pedro/.local/lib/python3.10/site-packages/airflow/example_dags/example_dynamic_task_mapping.py took 0.050 seconds
[2024-06-09T11:58:24.544-0300] {processor.py:161} INFO - Started process (PID=9903) to work on /home/pedro/.local/lib/python3.10/site-packages/airflow/example_dags/example_dynamic_task_mapping.py
[2024-06-09T11:58:24.548-0300] {processor.py:830} INFO - Processing file /home/pedro/.local/lib/python3.10/site-packages/airflow/example_dags/example_dynamic_task_mapping.py for tasks to queue
[2024-06-09T11:58:24.550-0300] {logging_mixin.py:188} INFO - [2024-06-09T11:58:24.549-0300] {dagbag.py:545} INFO - Filling up the DagBag from /home/pedro/.local/lib/python3.10/site-packages/airflow/example_dags/example_dynamic_task_mapping.py
[2024-06-09T11:58:24.556-0300] {processor.py:840} INFO - DAG(s) 'example_dynamic_task_mapping' retrieved from /home/pedro/.local/lib/python3.10/site-packages/airflow/example_dags/example_dynamic_task_mapping.py
[2024-06-09T11:58:24.565-0300] {logging_mixin.py:188} INFO - [2024-06-09T11:58:24.565-0300] {dag.py:3096} INFO - Sync 1 DAGs
[2024-06-09T11:58:24.641-0300] {logging_mixin.py:188} INFO - [2024-06-09T11:58:24.640-0300] {dag.py:3954} INFO - Setting next_dagrun for example_dynamic_task_mapping to 2022-03-04 00:00:00+00:00, run_after=2022-03-05 00:00:00+00:00
[2024-06-09T11:58:24.657-0300] {processor.py:183} INFO - Processing /home/pedro/.local/lib/python3.10/site-packages/airflow/example_dags/example_dynamic_task_mapping.py took 0.121 seconds
[2024-06-09T11:59:52.590-0300] {processor.py:161} INFO - Started process (PID=10773) to work on /home/pedro/.local/lib/python3.10/site-packages/airflow/example_dags/example_dynamic_task_mapping.py
[2024-06-09T11:59:52.593-0300] {processor.py:830} INFO - Processing file /home/pedro/.local/lib/python3.10/site-packages/airflow/example_dags/example_dynamic_task_mapping.py for tasks to queue
[2024-06-09T11:59:52.594-0300] {logging_mixin.py:188} INFO - [2024-06-09T11:59:52.594-0300] {dagbag.py:545} INFO - Filling up the DagBag from /home/pedro/.local/lib/python3.10/site-packages/airflow/example_dags/example_dynamic_task_mapping.py
[2024-06-09T11:59:52.602-0300] {processor.py:840} INFO - DAG(s) 'example_dynamic_task_mapping' retrieved from /home/pedro/.local/lib/python3.10/site-packages/airflow/example_dags/example_dynamic_task_mapping.py
[2024-06-09T11:59:52.610-0300] {logging_mixin.py:188} INFO - [2024-06-09T11:59:52.610-0300] {dag.py:3096} INFO - Sync 1 DAGs
[2024-06-09T11:59:52.676-0300] {logging_mixin.py:188} INFO - [2024-06-09T11:59:52.676-0300] {dag.py:3954} INFO - Setting next_dagrun for example_dynamic_task_mapping to 2022-03-04 00:00:00+00:00, run_after=2022-03-05 00:00:00+00:00
[2024-06-09T11:59:52.691-0300] {processor.py:183} INFO - Processing /home/pedro/.local/lib/python3.10/site-packages/airflow/example_dags/example_dynamic_task_mapping.py took 0.106 seconds
[2024-06-09T12:01:00.149-0300] {processor.py:161} INFO - Started process (PID=11004) to work on /home/pedro/.local/lib/python3.10/site-packages/airflow/example_dags/example_dynamic_task_mapping.py
[2024-06-09T12:01:00.152-0300] {processor.py:830} INFO - Processing file /home/pedro/.local/lib/python3.10/site-packages/airflow/example_dags/example_dynamic_task_mapping.py for tasks to queue
[2024-06-09T12:01:00.154-0300] {logging_mixin.py:188} INFO - [2024-06-09T12:01:00.153-0300] {dagbag.py:545} INFO - Filling up the DagBag from /home/pedro/.local/lib/python3.10/site-packages/airflow/example_dags/example_dynamic_task_mapping.py
[2024-06-09T12:01:00.159-0300] {processor.py:840} INFO - DAG(s) 'example_dynamic_task_mapping' retrieved from /home/pedro/.local/lib/python3.10/site-packages/airflow/example_dags/example_dynamic_task_mapping.py
[2024-06-09T12:01:00.168-0300] {logging_mixin.py:188} INFO - [2024-06-09T12:01:00.168-0300] {dag.py:3096} INFO - Sync 1 DAGs
[2024-06-09T12:01:00.179-0300] {logging_mixin.py:188} INFO - [2024-06-09T12:01:00.179-0300] {dag.py:3954} INFO - Setting next_dagrun for example_dynamic_task_mapping to 2022-03-04 00:00:00+00:00, run_after=2022-03-05 00:00:00+00:00
[2024-06-09T12:01:00.195-0300] {processor.py:183} INFO - Processing /home/pedro/.local/lib/python3.10/site-packages/airflow/example_dags/example_dynamic_task_mapping.py took 0.053 seconds
[2024-06-09T12:02:03.917-0300] {processor.py:161} INFO - Started process (PID=11213) to work on /home/pedro/.local/lib/python3.10/site-packages/airflow/example_dags/example_dynamic_task_mapping.py
[2024-06-09T12:02:03.920-0300] {processor.py:830} INFO - Processing file /home/pedro/.local/lib/python3.10/site-packages/airflow/example_dags/example_dynamic_task_mapping.py for tasks to queue
[2024-06-09T12:02:03.922-0300] {logging_mixin.py:188} INFO - [2024-06-09T12:02:03.922-0300] {dagbag.py:545} INFO - Filling up the DagBag from /home/pedro/.local/lib/python3.10/site-packages/airflow/example_dags/example_dynamic_task_mapping.py
[2024-06-09T12:02:03.929-0300] {processor.py:840} INFO - DAG(s) 'example_dynamic_task_mapping' retrieved from /home/pedro/.local/lib/python3.10/site-packages/airflow/example_dags/example_dynamic_task_mapping.py
[2024-06-09T12:02:03.937-0300] {logging_mixin.py:188} INFO - [2024-06-09T12:02:03.937-0300] {dag.py:3096} INFO - Sync 1 DAGs
[2024-06-09T12:02:03.949-0300] {logging_mixin.py:188} INFO - [2024-06-09T12:02:03.949-0300] {dag.py:3954} INFO - Setting next_dagrun for example_dynamic_task_mapping to 2022-03-04 00:00:00+00:00, run_after=2022-03-05 00:00:00+00:00
[2024-06-09T12:02:03.965-0300] {processor.py:183} INFO - Processing /home/pedro/.local/lib/python3.10/site-packages/airflow/example_dags/example_dynamic_task_mapping.py took 0.051 seconds
[2024-06-09T12:03:11.024-0300] {processor.py:161} INFO - Started process (PID=11342) to work on /home/pedro/.local/lib/python3.10/site-packages/airflow/example_dags/example_dynamic_task_mapping.py
[2024-06-09T12:03:11.027-0300] {processor.py:830} INFO - Processing file /home/pedro/.local/lib/python3.10/site-packages/airflow/example_dags/example_dynamic_task_mapping.py for tasks to queue
[2024-06-09T12:03:11.029-0300] {logging_mixin.py:188} INFO - [2024-06-09T12:03:11.029-0300] {dagbag.py:545} INFO - Filling up the DagBag from /home/pedro/.local/lib/python3.10/site-packages/airflow/example_dags/example_dynamic_task_mapping.py
[2024-06-09T12:03:11.035-0300] {processor.py:840} INFO - DAG(s) 'example_dynamic_task_mapping' retrieved from /home/pedro/.local/lib/python3.10/site-packages/airflow/example_dags/example_dynamic_task_mapping.py
[2024-06-09T12:03:11.043-0300] {logging_mixin.py:188} INFO - [2024-06-09T12:03:11.043-0300] {dag.py:3096} INFO - Sync 1 DAGs
[2024-06-09T12:03:11.054-0300] {logging_mixin.py:188} INFO - [2024-06-09T12:03:11.054-0300] {dag.py:3954} INFO - Setting next_dagrun for example_dynamic_task_mapping to 2022-03-04 00:00:00+00:00, run_after=2022-03-05 00:00:00+00:00
[2024-06-09T12:03:11.071-0300] {processor.py:183} INFO - Processing /home/pedro/.local/lib/python3.10/site-packages/airflow/example_dags/example_dynamic_task_mapping.py took 0.051 seconds
[2024-06-09T12:04:09.899-0300] {processor.py:161} INFO - Started process (PID=11479) to work on /home/pedro/.local/lib/python3.10/site-packages/airflow/example_dags/example_dynamic_task_mapping.py
[2024-06-09T12:04:09.903-0300] {processor.py:830} INFO - Processing file /home/pedro/.local/lib/python3.10/site-packages/airflow/example_dags/example_dynamic_task_mapping.py for tasks to queue
[2024-06-09T12:04:09.905-0300] {logging_mixin.py:188} INFO - [2024-06-09T12:04:09.904-0300] {dagbag.py:545} INFO - Filling up the DagBag from /home/pedro/.local/lib/python3.10/site-packages/airflow/example_dags/example_dynamic_task_mapping.py
[2024-06-09T12:04:09.911-0300] {processor.py:840} INFO - DAG(s) 'example_dynamic_task_mapping' retrieved from /home/pedro/.local/lib/python3.10/site-packages/airflow/example_dags/example_dynamic_task_mapping.py
[2024-06-09T12:04:09.920-0300] {logging_mixin.py:188} INFO - [2024-06-09T12:04:09.920-0300] {dag.py:3096} INFO - Sync 1 DAGs
[2024-06-09T12:04:09.930-0300] {logging_mixin.py:188} INFO - [2024-06-09T12:04:09.929-0300] {dag.py:3954} INFO - Setting next_dagrun for example_dynamic_task_mapping to 2022-03-04 00:00:00+00:00, run_after=2022-03-05 00:00:00+00:00
[2024-06-09T12:04:09.947-0300] {processor.py:183} INFO - Processing /home/pedro/.local/lib/python3.10/site-packages/airflow/example_dags/example_dynamic_task_mapping.py took 0.057 seconds
[2024-06-09T12:05:11.851-0300] {processor.py:161} INFO - Started process (PID=11601) to work on /home/pedro/.local/lib/python3.10/site-packages/airflow/example_dags/example_dynamic_task_mapping.py
[2024-06-09T12:05:11.855-0300] {processor.py:830} INFO - Processing file /home/pedro/.local/lib/python3.10/site-packages/airflow/example_dags/example_dynamic_task_mapping.py for tasks to queue
[2024-06-09T12:05:11.856-0300] {logging_mixin.py:188} INFO - [2024-06-09T12:05:11.856-0300] {dagbag.py:545} INFO - Filling up the DagBag from /home/pedro/.local/lib/python3.10/site-packages/airflow/example_dags/example_dynamic_task_mapping.py
[2024-06-09T12:05:11.863-0300] {processor.py:840} INFO - DAG(s) 'example_dynamic_task_mapping' retrieved from /home/pedro/.local/lib/python3.10/site-packages/airflow/example_dags/example_dynamic_task_mapping.py
[2024-06-09T12:05:11.873-0300] {logging_mixin.py:188} INFO - [2024-06-09T12:05:11.872-0300] {dag.py:3096} INFO - Sync 1 DAGs
[2024-06-09T12:05:11.883-0300] {logging_mixin.py:188} INFO - [2024-06-09T12:05:11.883-0300] {dag.py:3954} INFO - Setting next_dagrun for example_dynamic_task_mapping to 2022-03-04 00:00:00+00:00, run_after=2022-03-05 00:00:00+00:00
[2024-06-09T12:05:11.900-0300] {processor.py:183} INFO - Processing /home/pedro/.local/lib/python3.10/site-packages/airflow/example_dags/example_dynamic_task_mapping.py took 0.051 seconds
[2024-06-09T12:07:15.933-0300] {processor.py:161} INFO - Started process (PID=12493) to work on /home/pedro/.local/lib/python3.10/site-packages/airflow/example_dags/example_dynamic_task_mapping.py
[2024-06-09T12:07:15.936-0300] {processor.py:830} INFO - Processing file /home/pedro/.local/lib/python3.10/site-packages/airflow/example_dags/example_dynamic_task_mapping.py for tasks to queue
[2024-06-09T12:07:15.939-0300] {logging_mixin.py:188} INFO - [2024-06-09T12:07:15.938-0300] {dagbag.py:545} INFO - Filling up the DagBag from /home/pedro/.local/lib/python3.10/site-packages/airflow/example_dags/example_dynamic_task_mapping.py
[2024-06-09T12:07:15.946-0300] {processor.py:840} INFO - DAG(s) 'example_dynamic_task_mapping' retrieved from /home/pedro/.local/lib/python3.10/site-packages/airflow/example_dags/example_dynamic_task_mapping.py
[2024-06-09T12:07:15.954-0300] {logging_mixin.py:188} INFO - [2024-06-09T12:07:15.954-0300] {dag.py:3096} INFO - Sync 1 DAGs
[2024-06-09T12:07:16.024-0300] {logging_mixin.py:188} INFO - [2024-06-09T12:07:16.024-0300] {dag.py:3954} INFO - Setting next_dagrun for example_dynamic_task_mapping to 2022-03-04 00:00:00+00:00, run_after=2022-03-05 00:00:00+00:00
[2024-06-09T12:07:16.040-0300] {processor.py:183} INFO - Processing /home/pedro/.local/lib/python3.10/site-packages/airflow/example_dags/example_dynamic_task_mapping.py took 0.116 seconds
[2024-06-09T12:08:31.527-0300] {processor.py:161} INFO - Started process (PID=12639) to work on /home/pedro/.local/lib/python3.10/site-packages/airflow/example_dags/example_dynamic_task_mapping.py
[2024-06-09T12:08:31.530-0300] {processor.py:830} INFO - Processing file /home/pedro/.local/lib/python3.10/site-packages/airflow/example_dags/example_dynamic_task_mapping.py for tasks to queue
[2024-06-09T12:08:31.532-0300] {logging_mixin.py:188} INFO - [2024-06-09T12:08:31.532-0300] {dagbag.py:545} INFO - Filling up the DagBag from /home/pedro/.local/lib/python3.10/site-packages/airflow/example_dags/example_dynamic_task_mapping.py
[2024-06-09T12:08:31.539-0300] {processor.py:840} INFO - DAG(s) 'example_dynamic_task_mapping' retrieved from /home/pedro/.local/lib/python3.10/site-packages/airflow/example_dags/example_dynamic_task_mapping.py
[2024-06-09T12:08:31.546-0300] {logging_mixin.py:188} INFO - [2024-06-09T12:08:31.546-0300] {dag.py:3096} INFO - Sync 1 DAGs
[2024-06-09T12:08:31.558-0300] {logging_mixin.py:188} INFO - [2024-06-09T12:08:31.558-0300] {dag.py:3954} INFO - Setting next_dagrun for example_dynamic_task_mapping to 2022-03-04 00:00:00+00:00, run_after=2022-03-05 00:00:00+00:00
[2024-06-09T12:08:31.574-0300] {processor.py:183} INFO - Processing /home/pedro/.local/lib/python3.10/site-packages/airflow/example_dags/example_dynamic_task_mapping.py took 0.057 seconds
[2024-06-09T12:09:36.293-0300] {processor.py:161} INFO - Started process (PID=12765) to work on /home/pedro/.local/lib/python3.10/site-packages/airflow/example_dags/example_dynamic_task_mapping.py
[2024-06-09T12:09:36.296-0300] {processor.py:830} INFO - Processing file /home/pedro/.local/lib/python3.10/site-packages/airflow/example_dags/example_dynamic_task_mapping.py for tasks to queue
[2024-06-09T12:09:36.298-0300] {logging_mixin.py:188} INFO - [2024-06-09T12:09:36.298-0300] {dagbag.py:545} INFO - Filling up the DagBag from /home/pedro/.local/lib/python3.10/site-packages/airflow/example_dags/example_dynamic_task_mapping.py
[2024-06-09T12:09:36.305-0300] {processor.py:840} INFO - DAG(s) 'example_dynamic_task_mapping' retrieved from /home/pedro/.local/lib/python3.10/site-packages/airflow/example_dags/example_dynamic_task_mapping.py
[2024-06-09T12:09:36.315-0300] {logging_mixin.py:188} INFO - [2024-06-09T12:09:36.315-0300] {dag.py:3096} INFO - Sync 1 DAGs
[2024-06-09T12:09:36.325-0300] {logging_mixin.py:188} INFO - [2024-06-09T12:09:36.325-0300] {dag.py:3954} INFO - Setting next_dagrun for example_dynamic_task_mapping to 2022-03-04 00:00:00+00:00, run_after=2022-03-05 00:00:00+00:00
[2024-06-09T12:09:36.340-0300] {processor.py:183} INFO - Processing /home/pedro/.local/lib/python3.10/site-packages/airflow/example_dags/example_dynamic_task_mapping.py took 0.052 seconds
[2024-06-09T12:10:38.867-0300] {processor.py:161} INFO - Started process (PID=12885) to work on /home/pedro/.local/lib/python3.10/site-packages/airflow/example_dags/example_dynamic_task_mapping.py
[2024-06-09T12:10:38.870-0300] {processor.py:830} INFO - Processing file /home/pedro/.local/lib/python3.10/site-packages/airflow/example_dags/example_dynamic_task_mapping.py for tasks to queue
[2024-06-09T12:10:38.873-0300] {logging_mixin.py:188} INFO - [2024-06-09T12:10:38.872-0300] {dagbag.py:545} INFO - Filling up the DagBag from /home/pedro/.local/lib/python3.10/site-packages/airflow/example_dags/example_dynamic_task_mapping.py
[2024-06-09T12:10:38.879-0300] {processor.py:840} INFO - DAG(s) 'example_dynamic_task_mapping' retrieved from /home/pedro/.local/lib/python3.10/site-packages/airflow/example_dags/example_dynamic_task_mapping.py
[2024-06-09T12:10:38.889-0300] {logging_mixin.py:188} INFO - [2024-06-09T12:10:38.888-0300] {dag.py:3096} INFO - Sync 1 DAGs
[2024-06-09T12:10:38.900-0300] {logging_mixin.py:188} INFO - [2024-06-09T12:10:38.899-0300] {dag.py:3954} INFO - Setting next_dagrun for example_dynamic_task_mapping to 2022-03-04 00:00:00+00:00, run_after=2022-03-05 00:00:00+00:00
[2024-06-09T12:10:38.917-0300] {processor.py:183} INFO - Processing /home/pedro/.local/lib/python3.10/site-packages/airflow/example_dags/example_dynamic_task_mapping.py took 0.053 seconds
[2024-06-09T12:12:30.831-0300] {processor.py:161} INFO - Started process (PID=13056) to work on /home/pedro/.local/lib/python3.10/site-packages/airflow/example_dags/example_dynamic_task_mapping.py
[2024-06-09T12:12:30.834-0300] {processor.py:830} INFO - Processing file /home/pedro/.local/lib/python3.10/site-packages/airflow/example_dags/example_dynamic_task_mapping.py for tasks to queue
[2024-06-09T12:12:30.836-0300] {logging_mixin.py:188} INFO - [2024-06-09T12:12:30.836-0300] {dagbag.py:545} INFO - Filling up the DagBag from /home/pedro/.local/lib/python3.10/site-packages/airflow/example_dags/example_dynamic_task_mapping.py
[2024-06-09T12:12:30.843-0300] {processor.py:840} INFO - DAG(s) 'example_dynamic_task_mapping' retrieved from /home/pedro/.local/lib/python3.10/site-packages/airflow/example_dags/example_dynamic_task_mapping.py
[2024-06-09T12:12:30.851-0300] {logging_mixin.py:188} INFO - [2024-06-09T12:12:30.851-0300] {dag.py:3096} INFO - Sync 1 DAGs
[2024-06-09T12:12:30.923-0300] {logging_mixin.py:188} INFO - [2024-06-09T12:12:30.923-0300] {dag.py:3954} INFO - Setting next_dagrun for example_dynamic_task_mapping to 2022-03-04 00:00:00+00:00, run_after=2022-03-05 00:00:00+00:00
[2024-06-09T12:12:30.938-0300] {processor.py:183} INFO - Processing /home/pedro/.local/lib/python3.10/site-packages/airflow/example_dags/example_dynamic_task_mapping.py took 0.115 seconds
[2024-06-09T12:13:42.706-0300] {processor.py:161} INFO - Started process (PID=13172) to work on /home/pedro/.local/lib/python3.10/site-packages/airflow/example_dags/example_dynamic_task_mapping.py
[2024-06-09T12:13:42.709-0300] {processor.py:830} INFO - Processing file /home/pedro/.local/lib/python3.10/site-packages/airflow/example_dags/example_dynamic_task_mapping.py for tasks to queue
[2024-06-09T12:13:42.710-0300] {logging_mixin.py:188} INFO - [2024-06-09T12:13:42.710-0300] {dagbag.py:545} INFO - Filling up the DagBag from /home/pedro/.local/lib/python3.10/site-packages/airflow/example_dags/example_dynamic_task_mapping.py
[2024-06-09T12:13:42.715-0300] {processor.py:840} INFO - DAG(s) 'example_dynamic_task_mapping' retrieved from /home/pedro/.local/lib/python3.10/site-packages/airflow/example_dags/example_dynamic_task_mapping.py
[2024-06-09T12:13:42.723-0300] {logging_mixin.py:188} INFO - [2024-06-09T12:13:42.723-0300] {dag.py:3096} INFO - Sync 1 DAGs
[2024-06-09T12:13:42.734-0300] {logging_mixin.py:188} INFO - [2024-06-09T12:13:42.734-0300] {dag.py:3954} INFO - Setting next_dagrun for example_dynamic_task_mapping to 2022-03-04 00:00:00+00:00, run_after=2022-03-05 00:00:00+00:00
[2024-06-09T12:13:42.752-0300] {processor.py:183} INFO - Processing /home/pedro/.local/lib/python3.10/site-packages/airflow/example_dags/example_dynamic_task_mapping.py took 0.052 seconds
[2024-06-09T12:15:44.034-0300] {processor.py:161} INFO - Started process (PID=13380) to work on /home/pedro/.local/lib/python3.10/site-packages/airflow/example_dags/example_dynamic_task_mapping.py
[2024-06-09T12:15:44.038-0300] {processor.py:830} INFO - Processing file /home/pedro/.local/lib/python3.10/site-packages/airflow/example_dags/example_dynamic_task_mapping.py for tasks to queue
[2024-06-09T12:15:44.039-0300] {logging_mixin.py:188} INFO - [2024-06-09T12:15:44.038-0300] {dagbag.py:545} INFO - Filling up the DagBag from /home/pedro/.local/lib/python3.10/site-packages/airflow/example_dags/example_dynamic_task_mapping.py
[2024-06-09T12:15:44.042-0300] {processor.py:840} INFO - DAG(s) 'example_dynamic_task_mapping' retrieved from /home/pedro/.local/lib/python3.10/site-packages/airflow/example_dags/example_dynamic_task_mapping.py
[2024-06-09T12:15:44.050-0300] {logging_mixin.py:188} INFO - [2024-06-09T12:15:44.050-0300] {dag.py:3096} INFO - Sync 1 DAGs
[2024-06-09T12:15:44.120-0300] {logging_mixin.py:188} INFO - [2024-06-09T12:15:44.120-0300] {dag.py:3954} INFO - Setting next_dagrun for example_dynamic_task_mapping to 2022-03-04 00:00:00+00:00, run_after=2022-03-05 00:00:00+00:00
[2024-06-09T12:15:44.136-0300] {processor.py:183} INFO - Processing /home/pedro/.local/lib/python3.10/site-packages/airflow/example_dags/example_dynamic_task_mapping.py took 0.105 seconds
[2024-06-09T12:20:32.212-0300] {processor.py:161} INFO - Started process (PID=13660) to work on /home/pedro/.local/lib/python3.10/site-packages/airflow/example_dags/example_dynamic_task_mapping.py
[2024-06-09T12:20:32.215-0300] {processor.py:830} INFO - Processing file /home/pedro/.local/lib/python3.10/site-packages/airflow/example_dags/example_dynamic_task_mapping.py for tasks to queue
[2024-06-09T12:20:32.216-0300] {logging_mixin.py:188} INFO - [2024-06-09T12:20:32.216-0300] {dagbag.py:545} INFO - Filling up the DagBag from /home/pedro/.local/lib/python3.10/site-packages/airflow/example_dags/example_dynamic_task_mapping.py
[2024-06-09T12:20:32.220-0300] {processor.py:840} INFO - DAG(s) 'example_dynamic_task_mapping' retrieved from /home/pedro/.local/lib/python3.10/site-packages/airflow/example_dags/example_dynamic_task_mapping.py
[2024-06-09T12:20:32.228-0300] {logging_mixin.py:188} INFO - [2024-06-09T12:20:32.228-0300] {dag.py:3096} INFO - Sync 1 DAGs
[2024-06-09T12:20:32.295-0300] {logging_mixin.py:188} INFO - [2024-06-09T12:20:32.295-0300] {dag.py:3954} INFO - Setting next_dagrun for example_dynamic_task_mapping to 2022-03-04 00:00:00+00:00, run_after=2022-03-05 00:00:00+00:00
[2024-06-09T12:20:32.311-0300] {processor.py:183} INFO - Processing /home/pedro/.local/lib/python3.10/site-packages/airflow/example_dags/example_dynamic_task_mapping.py took 0.104 seconds
[2024-06-09T12:21:37.153-0300] {processor.py:161} INFO - Started process (PID=13809) to work on /home/pedro/.local/lib/python3.10/site-packages/airflow/example_dags/example_dynamic_task_mapping.py
[2024-06-09T12:21:37.156-0300] {processor.py:830} INFO - Processing file /home/pedro/.local/lib/python3.10/site-packages/airflow/example_dags/example_dynamic_task_mapping.py for tasks to queue
[2024-06-09T12:21:37.157-0300] {logging_mixin.py:188} INFO - [2024-06-09T12:21:37.157-0300] {dagbag.py:545} INFO - Filling up the DagBag from /home/pedro/.local/lib/python3.10/site-packages/airflow/example_dags/example_dynamic_task_mapping.py
[2024-06-09T12:21:37.161-0300] {processor.py:840} INFO - DAG(s) 'example_dynamic_task_mapping' retrieved from /home/pedro/.local/lib/python3.10/site-packages/airflow/example_dags/example_dynamic_task_mapping.py
[2024-06-09T12:21:37.171-0300] {logging_mixin.py:188} INFO - [2024-06-09T12:21:37.171-0300] {dag.py:3096} INFO - Sync 1 DAGs
[2024-06-09T12:21:37.183-0300] {logging_mixin.py:188} INFO - [2024-06-09T12:21:37.183-0300] {dag.py:3954} INFO - Setting next_dagrun for example_dynamic_task_mapping to 2022-03-04 00:00:00+00:00, run_after=2022-03-05 00:00:00+00:00
[2024-06-09T12:21:37.205-0300] {processor.py:183} INFO - Processing /home/pedro/.local/lib/python3.10/site-packages/airflow/example_dags/example_dynamic_task_mapping.py took 0.055 seconds
[2024-06-09T12:22:36.513-0300] {processor.py:161} INFO - Started process (PID=13913) to work on /home/pedro/.local/lib/python3.10/site-packages/airflow/example_dags/example_dynamic_task_mapping.py
[2024-06-09T12:22:36.516-0300] {processor.py:830} INFO - Processing file /home/pedro/.local/lib/python3.10/site-packages/airflow/example_dags/example_dynamic_task_mapping.py for tasks to queue
[2024-06-09T12:22:36.518-0300] {logging_mixin.py:188} INFO - [2024-06-09T12:22:36.517-0300] {dagbag.py:545} INFO - Filling up the DagBag from /home/pedro/.local/lib/python3.10/site-packages/airflow/example_dags/example_dynamic_task_mapping.py
[2024-06-09T12:22:36.525-0300] {processor.py:840} INFO - DAG(s) 'example_dynamic_task_mapping' retrieved from /home/pedro/.local/lib/python3.10/site-packages/airflow/example_dags/example_dynamic_task_mapping.py
[2024-06-09T12:22:36.534-0300] {logging_mixin.py:188} INFO - [2024-06-09T12:22:36.534-0300] {dag.py:3096} INFO - Sync 1 DAGs
[2024-06-09T12:22:36.543-0300] {logging_mixin.py:188} INFO - [2024-06-09T12:22:36.543-0300] {dag.py:3954} INFO - Setting next_dagrun for example_dynamic_task_mapping to 2022-03-04 00:00:00+00:00, run_after=2022-03-05 00:00:00+00:00
[2024-06-09T12:22:36.558-0300] {processor.py:183} INFO - Processing /home/pedro/.local/lib/python3.10/site-packages/airflow/example_dags/example_dynamic_task_mapping.py took 0.051 seconds
[2024-06-09T12:23:41.008-0300] {processor.py:161} INFO - Started process (PID=14057) to work on /home/pedro/.local/lib/python3.10/site-packages/airflow/example_dags/example_dynamic_task_mapping.py
[2024-06-09T12:23:41.012-0300] {processor.py:830} INFO - Processing file /home/pedro/.local/lib/python3.10/site-packages/airflow/example_dags/example_dynamic_task_mapping.py for tasks to queue
[2024-06-09T12:23:41.014-0300] {logging_mixin.py:188} INFO - [2024-06-09T12:23:41.013-0300] {dagbag.py:545} INFO - Filling up the DagBag from /home/pedro/.local/lib/python3.10/site-packages/airflow/example_dags/example_dynamic_task_mapping.py
[2024-06-09T12:23:41.020-0300] {processor.py:840} INFO - DAG(s) 'example_dynamic_task_mapping' retrieved from /home/pedro/.local/lib/python3.10/site-packages/airflow/example_dags/example_dynamic_task_mapping.py
[2024-06-09T12:23:41.028-0300] {logging_mixin.py:188} INFO - [2024-06-09T12:23:41.028-0300] {dag.py:3096} INFO - Sync 1 DAGs
[2024-06-09T12:23:41.041-0300] {logging_mixin.py:188} INFO - [2024-06-09T12:23:41.041-0300] {dag.py:3954} INFO - Setting next_dagrun for example_dynamic_task_mapping to 2022-03-04 00:00:00+00:00, run_after=2022-03-05 00:00:00+00:00
[2024-06-09T12:23:41.058-0300] {processor.py:183} INFO - Processing /home/pedro/.local/lib/python3.10/site-packages/airflow/example_dags/example_dynamic_task_mapping.py took 0.058 seconds
[2024-06-09T16:27:33.486-0300] {processor.py:161} INFO - Started process (PID=5192) to work on /home/pedro/.local/lib/python3.10/site-packages/airflow/example_dags/example_dynamic_task_mapping.py
[2024-06-09T16:27:33.487-0300] {processor.py:830} INFO - Processing file /home/pedro/.local/lib/python3.10/site-packages/airflow/example_dags/example_dynamic_task_mapping.py for tasks to queue
[2024-06-09T16:27:33.489-0300] {logging_mixin.py:188} INFO - [2024-06-09T16:27:33.488-0300] {dagbag.py:545} INFO - Filling up the DagBag from /home/pedro/.local/lib/python3.10/site-packages/airflow/example_dags/example_dynamic_task_mapping.py
[2024-06-09T16:27:33.497-0300] {processor.py:840} INFO - DAG(s) 'example_dynamic_task_mapping' retrieved from /home/pedro/.local/lib/python3.10/site-packages/airflow/example_dags/example_dynamic_task_mapping.py
[2024-06-09T16:27:33.515-0300] {logging_mixin.py:188} INFO - [2024-06-09T16:27:33.515-0300] {dag.py:3096} INFO - Sync 1 DAGs
[2024-06-09T16:27:33.611-0300] {logging_mixin.py:188} INFO - [2024-06-09T16:27:33.611-0300] {dag.py:3954} INFO - Setting next_dagrun for example_dynamic_task_mapping to 2022-03-04 00:00:00+00:00, run_after=2022-03-05 00:00:00+00:00
[2024-06-09T16:27:33.627-0300] {processor.py:183} INFO - Processing /home/pedro/.local/lib/python3.10/site-packages/airflow/example_dags/example_dynamic_task_mapping.py took 0.145 seconds
[2024-06-09T16:31:59.799-0300] {processor.py:161} INFO - Started process (PID=7897) to work on /home/pedro/.local/lib/python3.10/site-packages/airflow/example_dags/example_dynamic_task_mapping.py
[2024-06-09T16:31:59.800-0300] {processor.py:830} INFO - Processing file /home/pedro/.local/lib/python3.10/site-packages/airflow/example_dags/example_dynamic_task_mapping.py for tasks to queue
[2024-06-09T16:31:59.801-0300] {logging_mixin.py:188} INFO - [2024-06-09T16:31:59.801-0300] {dagbag.py:545} INFO - Filling up the DagBag from /home/pedro/.local/lib/python3.10/site-packages/airflow/example_dags/example_dynamic_task_mapping.py
[2024-06-09T16:31:59.805-0300] {processor.py:840} INFO - DAG(s) 'example_dynamic_task_mapping' retrieved from /home/pedro/.local/lib/python3.10/site-packages/airflow/example_dags/example_dynamic_task_mapping.py
[2024-06-09T16:31:59.813-0300] {logging_mixin.py:188} INFO - [2024-06-09T16:31:59.813-0300] {dag.py:3096} INFO - Sync 1 DAGs
[2024-06-09T16:31:59.822-0300] {logging_mixin.py:188} INFO - [2024-06-09T16:31:59.822-0300] {dag.py:3954} INFO - Setting next_dagrun for example_dynamic_task_mapping to 2022-03-04 00:00:00+00:00, run_after=2022-03-05 00:00:00+00:00
[2024-06-09T16:31:59.836-0300] {processor.py:183} INFO - Processing /home/pedro/.local/lib/python3.10/site-packages/airflow/example_dags/example_dynamic_task_mapping.py took 0.042 seconds
[2024-06-09T16:35:59.843-0300] {processor.py:161} INFO - Started process (PID=9221) to work on /home/pedro/.local/lib/python3.10/site-packages/airflow/example_dags/example_dynamic_task_mapping.py
[2024-06-09T16:35:59.846-0300] {processor.py:830} INFO - Processing file /home/pedro/.local/lib/python3.10/site-packages/airflow/example_dags/example_dynamic_task_mapping.py for tasks to queue
[2024-06-09T16:35:59.847-0300] {logging_mixin.py:188} INFO - [2024-06-09T16:35:59.847-0300] {dagbag.py:545} INFO - Filling up the DagBag from /home/pedro/.local/lib/python3.10/site-packages/airflow/example_dags/example_dynamic_task_mapping.py
[2024-06-09T16:35:59.851-0300] {processor.py:840} INFO - DAG(s) 'example_dynamic_task_mapping' retrieved from /home/pedro/.local/lib/python3.10/site-packages/airflow/example_dags/example_dynamic_task_mapping.py
[2024-06-09T16:35:59.861-0300] {logging_mixin.py:188} INFO - [2024-06-09T16:35:59.861-0300] {dag.py:3096} INFO - Sync 1 DAGs
[2024-06-09T16:35:59.872-0300] {logging_mixin.py:188} INFO - [2024-06-09T16:35:59.872-0300] {dag.py:3954} INFO - Setting next_dagrun for example_dynamic_task_mapping to 2022-03-04 00:00:00+00:00, run_after=2022-03-05 00:00:00+00:00
[2024-06-09T16:35:59.887-0300] {processor.py:183} INFO - Processing /home/pedro/.local/lib/python3.10/site-packages/airflow/example_dags/example_dynamic_task_mapping.py took 0.048 seconds
[2024-06-09T16:39:52.819-0300] {processor.py:161} INFO - Started process (PID=10645) to work on /home/pedro/.local/lib/python3.10/site-packages/airflow/example_dags/example_dynamic_task_mapping.py
[2024-06-09T16:39:52.821-0300] {processor.py:830} INFO - Processing file /home/pedro/.local/lib/python3.10/site-packages/airflow/example_dags/example_dynamic_task_mapping.py for tasks to queue
[2024-06-09T16:39:52.823-0300] {logging_mixin.py:188} INFO - [2024-06-09T16:39:52.822-0300] {dagbag.py:545} INFO - Filling up the DagBag from /home/pedro/.local/lib/python3.10/site-packages/airflow/example_dags/example_dynamic_task_mapping.py
[2024-06-09T16:39:52.830-0300] {processor.py:840} INFO - DAG(s) 'example_dynamic_task_mapping' retrieved from /home/pedro/.local/lib/python3.10/site-packages/airflow/example_dags/example_dynamic_task_mapping.py
[2024-06-09T16:39:52.839-0300] {logging_mixin.py:188} INFO - [2024-06-09T16:39:52.839-0300] {dag.py:3096} INFO - Sync 1 DAGs
[2024-06-09T16:39:52.852-0300] {logging_mixin.py:188} INFO - [2024-06-09T16:39:52.851-0300] {dag.py:3954} INFO - Setting next_dagrun for example_dynamic_task_mapping to 2022-03-04 00:00:00+00:00, run_after=2022-03-05 00:00:00+00:00
[2024-06-09T16:39:52.866-0300] {processor.py:183} INFO - Processing /home/pedro/.local/lib/python3.10/site-packages/airflow/example_dags/example_dynamic_task_mapping.py took 0.051 seconds
[2024-06-09T16:43:50.254-0300] {processor.py:161} INFO - Started process (PID=12062) to work on /home/pedro/.local/lib/python3.10/site-packages/airflow/example_dags/example_dynamic_task_mapping.py
[2024-06-09T16:43:50.256-0300] {processor.py:830} INFO - Processing file /home/pedro/.local/lib/python3.10/site-packages/airflow/example_dags/example_dynamic_task_mapping.py for tasks to queue
[2024-06-09T16:43:50.258-0300] {logging_mixin.py:188} INFO - [2024-06-09T16:43:50.257-0300] {dagbag.py:545} INFO - Filling up the DagBag from /home/pedro/.local/lib/python3.10/site-packages/airflow/example_dags/example_dynamic_task_mapping.py
[2024-06-09T16:43:50.263-0300] {processor.py:840} INFO - DAG(s) 'example_dynamic_task_mapping' retrieved from /home/pedro/.local/lib/python3.10/site-packages/airflow/example_dags/example_dynamic_task_mapping.py
[2024-06-09T16:43:50.272-0300] {logging_mixin.py:188} INFO - [2024-06-09T16:43:50.272-0300] {dag.py:3096} INFO - Sync 1 DAGs
[2024-06-09T16:43:50.285-0300] {logging_mixin.py:188} INFO - [2024-06-09T16:43:50.284-0300] {dag.py:3954} INFO - Setting next_dagrun for example_dynamic_task_mapping to 2022-03-04 00:00:00+00:00, run_after=2022-03-05 00:00:00+00:00
[2024-06-09T16:43:50.303-0300] {processor.py:183} INFO - Processing /home/pedro/.local/lib/python3.10/site-packages/airflow/example_dags/example_dynamic_task_mapping.py took 0.053 seconds
[2024-06-09T16:48:07.832-0300] {processor.py:161} INFO - Started process (PID=13513) to work on /home/pedro/.local/lib/python3.10/site-packages/airflow/example_dags/example_dynamic_task_mapping.py
[2024-06-09T16:48:07.833-0300] {processor.py:830} INFO - Processing file /home/pedro/.local/lib/python3.10/site-packages/airflow/example_dags/example_dynamic_task_mapping.py for tasks to queue
[2024-06-09T16:48:07.835-0300] {logging_mixin.py:188} INFO - [2024-06-09T16:48:07.834-0300] {dagbag.py:545} INFO - Filling up the DagBag from /home/pedro/.local/lib/python3.10/site-packages/airflow/example_dags/example_dynamic_task_mapping.py
[2024-06-09T16:48:07.840-0300] {processor.py:840} INFO - DAG(s) 'example_dynamic_task_mapping' retrieved from /home/pedro/.local/lib/python3.10/site-packages/airflow/example_dags/example_dynamic_task_mapping.py
[2024-06-09T16:48:07.849-0300] {logging_mixin.py:188} INFO - [2024-06-09T16:48:07.849-0300] {dag.py:3096} INFO - Sync 1 DAGs
[2024-06-09T16:48:07.859-0300] {logging_mixin.py:188} INFO - [2024-06-09T16:48:07.859-0300] {dag.py:3954} INFO - Setting next_dagrun for example_dynamic_task_mapping to 2022-03-04 00:00:00+00:00, run_after=2022-03-05 00:00:00+00:00
[2024-06-09T16:48:07.873-0300] {processor.py:183} INFO - Processing /home/pedro/.local/lib/python3.10/site-packages/airflow/example_dags/example_dynamic_task_mapping.py took 0.045 seconds
[2024-06-09T16:52:08.332-0300] {processor.py:161} INFO - Started process (PID=14982) to work on /home/pedro/.local/lib/python3.10/site-packages/airflow/example_dags/example_dynamic_task_mapping.py
[2024-06-09T16:52:08.335-0300] {processor.py:830} INFO - Processing file /home/pedro/.local/lib/python3.10/site-packages/airflow/example_dags/example_dynamic_task_mapping.py for tasks to queue
[2024-06-09T16:52:08.337-0300] {logging_mixin.py:188} INFO - [2024-06-09T16:52:08.337-0300] {dagbag.py:545} INFO - Filling up the DagBag from /home/pedro/.local/lib/python3.10/site-packages/airflow/example_dags/example_dynamic_task_mapping.py
[2024-06-09T16:52:08.343-0300] {processor.py:840} INFO - DAG(s) 'example_dynamic_task_mapping' retrieved from /home/pedro/.local/lib/python3.10/site-packages/airflow/example_dags/example_dynamic_task_mapping.py
[2024-06-09T16:52:08.351-0300] {logging_mixin.py:188} INFO - [2024-06-09T16:52:08.351-0300] {dag.py:3096} INFO - Sync 1 DAGs
[2024-06-09T16:52:08.364-0300] {logging_mixin.py:188} INFO - [2024-06-09T16:52:08.363-0300] {dag.py:3954} INFO - Setting next_dagrun for example_dynamic_task_mapping to 2022-03-04 00:00:00+00:00, run_after=2022-03-05 00:00:00+00:00
[2024-06-09T16:52:08.380-0300] {processor.py:183} INFO - Processing /home/pedro/.local/lib/python3.10/site-packages/airflow/example_dags/example_dynamic_task_mapping.py took 0.056 seconds
[2024-06-09T16:56:22.996-0300] {processor.py:161} INFO - Started process (PID=16448) to work on /home/pedro/.local/lib/python3.10/site-packages/airflow/example_dags/example_dynamic_task_mapping.py
[2024-06-09T16:56:22.998-0300] {processor.py:830} INFO - Processing file /home/pedro/.local/lib/python3.10/site-packages/airflow/example_dags/example_dynamic_task_mapping.py for tasks to queue
[2024-06-09T16:56:22.999-0300] {logging_mixin.py:188} INFO - [2024-06-09T16:56:22.999-0300] {dagbag.py:545} INFO - Filling up the DagBag from /home/pedro/.local/lib/python3.10/site-packages/airflow/example_dags/example_dynamic_task_mapping.py
[2024-06-09T16:56:23.005-0300] {processor.py:840} INFO - DAG(s) 'example_dynamic_task_mapping' retrieved from /home/pedro/.local/lib/python3.10/site-packages/airflow/example_dags/example_dynamic_task_mapping.py
[2024-06-09T16:56:23.013-0300] {logging_mixin.py:188} INFO - [2024-06-09T16:56:23.012-0300] {dag.py:3096} INFO - Sync 1 DAGs
[2024-06-09T16:56:23.024-0300] {logging_mixin.py:188} INFO - [2024-06-09T16:56:23.024-0300] {dag.py:3954} INFO - Setting next_dagrun for example_dynamic_task_mapping to 2022-03-04 00:00:00+00:00, run_after=2022-03-05 00:00:00+00:00
[2024-06-09T16:56:23.038-0300] {processor.py:183} INFO - Processing /home/pedro/.local/lib/python3.10/site-packages/airflow/example_dags/example_dynamic_task_mapping.py took 0.051 seconds
