[2024-06-09T11:45:13.577-0300] {processor.py:161} INFO - Started process (PID=5797) to work on /home/pedro/.local/lib/python3.10/site-packages/airflow/example_dags/example_xcomargs.py
[2024-06-09T11:45:13.578-0300] {processor.py:830} INFO - Processing file /home/pedro/.local/lib/python3.10/site-packages/airflow/example_dags/example_xcomargs.py for tasks to queue
[2024-06-09T11:45:13.580-0300] {logging_mixin.py:188} INFO - [2024-06-09T11:45:13.579-0300] {dagbag.py:545} INFO - Filling up the DagBag from /home/pedro/.local/lib/python3.10/site-packages/airflow/example_dags/example_xcomargs.py
[2024-06-09T11:45:13.588-0300] {processor.py:840} INFO - DAG(s) 'example_xcom_args', 'example_xcom_args_with_operators' retrieved from /home/pedro/.local/lib/python3.10/site-packages/airflow/example_dags/example_xcomargs.py
[2024-06-09T11:45:13.600-0300] {logging_mixin.py:188} INFO - [2024-06-09T11:45:13.600-0300] {dag.py:3096} INFO - Sync 2 DAGs
[2024-06-09T11:45:13.606-0300] {logging_mixin.py:188} INFO - [2024-06-09T11:45:13.605-0300] {dag.py:3954} INFO - Setting next_dagrun for example_xcom_args to None, run_after=None
[2024-06-09T11:45:13.607-0300] {logging_mixin.py:188} INFO - [2024-06-09T11:45:13.607-0300] {dag.py:3954} INFO - Setting next_dagrun for example_xcom_args_with_operators to None, run_after=None
[2024-06-09T11:45:13.623-0300] {processor.py:183} INFO - Processing /home/pedro/.local/lib/python3.10/site-packages/airflow/example_dags/example_xcomargs.py took 0.056 seconds
[2024-06-09T11:46:06.211-0300] {processor.py:161} INFO - Started process (PID=7181) to work on /home/pedro/.local/lib/python3.10/site-packages/airflow/example_dags/example_xcomargs.py
[2024-06-09T11:46:06.215-0300] {processor.py:830} INFO - Processing file /home/pedro/.local/lib/python3.10/site-packages/airflow/example_dags/example_xcomargs.py for tasks to queue
[2024-06-09T11:46:06.215-0300] {logging_mixin.py:188} INFO - [2024-06-09T11:46:06.215-0300] {dagbag.py:545} INFO - Filling up the DagBag from /home/pedro/.local/lib/python3.10/site-packages/airflow/example_dags/example_xcomargs.py
[2024-06-09T11:46:06.220-0300] {processor.py:840} INFO - DAG(s) 'example_xcom_args_with_operators', 'example_xcom_args' retrieved from /home/pedro/.local/lib/python3.10/site-packages/airflow/example_dags/example_xcomargs.py
[2024-06-09T11:46:06.231-0300] {logging_mixin.py:188} INFO - [2024-06-09T11:46:06.231-0300] {dag.py:3096} INFO - Sync 2 DAGs
[2024-06-09T11:46:06.291-0300] {logging_mixin.py:188} INFO - [2024-06-09T11:46:06.291-0300] {dag.py:3954} INFO - Setting next_dagrun for example_xcom_args to None, run_after=None
[2024-06-09T11:46:06.293-0300] {logging_mixin.py:188} INFO - [2024-06-09T11:46:06.293-0300] {dag.py:3954} INFO - Setting next_dagrun for example_xcom_args_with_operators to None, run_after=None
[2024-06-09T11:46:06.306-0300] {processor.py:183} INFO - Processing /home/pedro/.local/lib/python3.10/site-packages/airflow/example_dags/example_xcomargs.py took 0.098 seconds
[2024-06-09T11:46:52.093-0300] {processor.py:161} INFO - Started process (PID=7316) to work on /home/pedro/.local/lib/python3.10/site-packages/airflow/example_dags/example_xcomargs.py
[2024-06-09T11:46:52.096-0300] {processor.py:830} INFO - Processing file /home/pedro/.local/lib/python3.10/site-packages/airflow/example_dags/example_xcomargs.py for tasks to queue
[2024-06-09T11:46:52.098-0300] {logging_mixin.py:188} INFO - [2024-06-09T11:46:52.097-0300] {dagbag.py:545} INFO - Filling up the DagBag from /home/pedro/.local/lib/python3.10/site-packages/airflow/example_dags/example_xcomargs.py
[2024-06-09T11:46:52.107-0300] {processor.py:840} INFO - DAG(s) 'example_xcom_args_with_operators', 'example_xcom_args' retrieved from /home/pedro/.local/lib/python3.10/site-packages/airflow/example_dags/example_xcomargs.py
[2024-06-09T11:46:52.117-0300] {logging_mixin.py:188} INFO - [2024-06-09T11:46:52.117-0300] {dag.py:3096} INFO - Sync 2 DAGs
[2024-06-09T11:46:52.122-0300] {logging_mixin.py:188} INFO - [2024-06-09T11:46:52.122-0300] {dag.py:3954} INFO - Setting next_dagrun for example_xcom_args to None, run_after=None
[2024-06-09T11:46:52.124-0300] {logging_mixin.py:188} INFO - [2024-06-09T11:46:52.124-0300] {dag.py:3954} INFO - Setting next_dagrun for example_xcom_args_with_operators to None, run_after=None
[2024-06-09T11:46:52.137-0300] {processor.py:183} INFO - Processing /home/pedro/.local/lib/python3.10/site-packages/airflow/example_dags/example_xcomargs.py took 0.048 seconds
[2024-06-09T11:47:32.838-0300] {processor.py:161} INFO - Started process (PID=7402) to work on /home/pedro/.local/lib/python3.10/site-packages/airflow/example_dags/example_xcomargs.py
[2024-06-09T11:47:32.841-0300] {processor.py:830} INFO - Processing file /home/pedro/.local/lib/python3.10/site-packages/airflow/example_dags/example_xcomargs.py for tasks to queue
[2024-06-09T11:47:32.843-0300] {logging_mixin.py:188} INFO - [2024-06-09T11:47:32.843-0300] {dagbag.py:545} INFO - Filling up the DagBag from /home/pedro/.local/lib/python3.10/site-packages/airflow/example_dags/example_xcomargs.py
[2024-06-09T11:47:32.852-0300] {processor.py:840} INFO - DAG(s) 'example_xcom_args_with_operators', 'example_xcom_args' retrieved from /home/pedro/.local/lib/python3.10/site-packages/airflow/example_dags/example_xcomargs.py
[2024-06-09T11:47:32.862-0300] {logging_mixin.py:188} INFO - [2024-06-09T11:47:32.862-0300] {dag.py:3096} INFO - Sync 2 DAGs
[2024-06-09T11:47:32.868-0300] {logging_mixin.py:188} INFO - [2024-06-09T11:47:32.867-0300] {dag.py:3954} INFO - Setting next_dagrun for example_xcom_args to None, run_after=None
[2024-06-09T11:47:32.869-0300] {logging_mixin.py:188} INFO - [2024-06-09T11:47:32.869-0300] {dag.py:3954} INFO - Setting next_dagrun for example_xcom_args_with_operators to None, run_after=None
[2024-06-09T11:47:32.883-0300] {processor.py:183} INFO - Processing /home/pedro/.local/lib/python3.10/site-packages/airflow/example_dags/example_xcomargs.py took 0.049 seconds
[2024-06-09T11:48:15.928-0300] {processor.py:161} INFO - Started process (PID=7477) to work on /home/pedro/.local/lib/python3.10/site-packages/airflow/example_dags/example_xcomargs.py
[2024-06-09T11:48:15.929-0300] {processor.py:830} INFO - Processing file /home/pedro/.local/lib/python3.10/site-packages/airflow/example_dags/example_xcomargs.py for tasks to queue
[2024-06-09T11:48:15.930-0300] {logging_mixin.py:188} INFO - [2024-06-09T11:48:15.930-0300] {dagbag.py:545} INFO - Filling up the DagBag from /home/pedro/.local/lib/python3.10/site-packages/airflow/example_dags/example_xcomargs.py
[2024-06-09T11:48:15.934-0300] {processor.py:840} INFO - DAG(s) 'example_xcom_args_with_operators', 'example_xcom_args' retrieved from /home/pedro/.local/lib/python3.10/site-packages/airflow/example_dags/example_xcomargs.py
[2024-06-09T11:48:15.945-0300] {logging_mixin.py:188} INFO - [2024-06-09T11:48:15.944-0300] {dag.py:3096} INFO - Sync 2 DAGs
[2024-06-09T11:48:15.951-0300] {logging_mixin.py:188} INFO - [2024-06-09T11:48:15.951-0300] {dag.py:3954} INFO - Setting next_dagrun for example_xcom_args to None, run_after=None
[2024-06-09T11:48:15.953-0300] {logging_mixin.py:188} INFO - [2024-06-09T11:48:15.953-0300] {dag.py:3954} INFO - Setting next_dagrun for example_xcom_args_with_operators to None, run_after=None
[2024-06-09T11:48:15.966-0300] {processor.py:183} INFO - Processing /home/pedro/.local/lib/python3.10/site-packages/airflow/example_dags/example_xcomargs.py took 0.041 seconds
[2024-06-09T11:48:58.111-0300] {processor.py:161} INFO - Started process (PID=7615) to work on /home/pedro/.local/lib/python3.10/site-packages/airflow/example_dags/example_xcomargs.py
[2024-06-09T11:48:58.112-0300] {processor.py:830} INFO - Processing file /home/pedro/.local/lib/python3.10/site-packages/airflow/example_dags/example_xcomargs.py for tasks to queue
[2024-06-09T11:48:58.114-0300] {logging_mixin.py:188} INFO - [2024-06-09T11:48:58.113-0300] {dagbag.py:545} INFO - Filling up the DagBag from /home/pedro/.local/lib/python3.10/site-packages/airflow/example_dags/example_xcomargs.py
[2024-06-09T11:48:58.121-0300] {processor.py:840} INFO - DAG(s) 'example_xcom_args_with_operators', 'example_xcom_args' retrieved from /home/pedro/.local/lib/python3.10/site-packages/airflow/example_dags/example_xcomargs.py
[2024-06-09T11:48:58.131-0300] {logging_mixin.py:188} INFO - [2024-06-09T11:48:58.131-0300] {dag.py:3096} INFO - Sync 2 DAGs
[2024-06-09T11:48:58.137-0300] {logging_mixin.py:188} INFO - [2024-06-09T11:48:58.137-0300] {dag.py:3954} INFO - Setting next_dagrun for example_xcom_args to None, run_after=None
[2024-06-09T11:48:58.139-0300] {logging_mixin.py:188} INFO - [2024-06-09T11:48:58.139-0300] {dag.py:3954} INFO - Setting next_dagrun for example_xcom_args_with_operators to None, run_after=None
[2024-06-09T11:48:58.150-0300] {processor.py:183} INFO - Processing /home/pedro/.local/lib/python3.10/site-packages/airflow/example_dags/example_xcomargs.py took 0.048 seconds
[2024-06-09T11:49:39.834-0300] {processor.py:161} INFO - Started process (PID=7924) to work on /home/pedro/.local/lib/python3.10/site-packages/airflow/example_dags/example_xcomargs.py
[2024-06-09T11:49:39.837-0300] {processor.py:830} INFO - Processing file /home/pedro/.local/lib/python3.10/site-packages/airflow/example_dags/example_xcomargs.py for tasks to queue
[2024-06-09T11:49:39.839-0300] {logging_mixin.py:188} INFO - [2024-06-09T11:49:39.838-0300] {dagbag.py:545} INFO - Filling up the DagBag from /home/pedro/.local/lib/python3.10/site-packages/airflow/example_dags/example_xcomargs.py
[2024-06-09T11:49:39.846-0300] {processor.py:840} INFO - DAG(s) 'example_xcom_args', 'example_xcom_args_with_operators' retrieved from /home/pedro/.local/lib/python3.10/site-packages/airflow/example_dags/example_xcomargs.py
[2024-06-09T11:49:39.856-0300] {logging_mixin.py:188} INFO - [2024-06-09T11:49:39.855-0300] {dag.py:3096} INFO - Sync 2 DAGs
[2024-06-09T11:49:39.861-0300] {logging_mixin.py:188} INFO - [2024-06-09T11:49:39.861-0300] {dag.py:3954} INFO - Setting next_dagrun for example_xcom_args to None, run_after=None
[2024-06-09T11:49:39.863-0300] {logging_mixin.py:188} INFO - [2024-06-09T11:49:39.863-0300] {dag.py:3954} INFO - Setting next_dagrun for example_xcom_args_with_operators to None, run_after=None
[2024-06-09T11:49:39.877-0300] {processor.py:183} INFO - Processing /home/pedro/.local/lib/python3.10/site-packages/airflow/example_dags/example_xcomargs.py took 0.047 seconds
[2024-06-09T11:50:25.154-0300] {processor.py:161} INFO - Started process (PID=7987) to work on /home/pedro/.local/lib/python3.10/site-packages/airflow/example_dags/example_xcomargs.py
[2024-06-09T11:50:25.158-0300] {processor.py:830} INFO - Processing file /home/pedro/.local/lib/python3.10/site-packages/airflow/example_dags/example_xcomargs.py for tasks to queue
[2024-06-09T11:50:25.159-0300] {logging_mixin.py:188} INFO - [2024-06-09T11:50:25.159-0300] {dagbag.py:545} INFO - Filling up the DagBag from /home/pedro/.local/lib/python3.10/site-packages/airflow/example_dags/example_xcomargs.py
[2024-06-09T11:50:25.167-0300] {processor.py:840} INFO - DAG(s) 'example_xcom_args', 'example_xcom_args_with_operators' retrieved from /home/pedro/.local/lib/python3.10/site-packages/airflow/example_dags/example_xcomargs.py
[2024-06-09T11:50:25.176-0300] {logging_mixin.py:188} INFO - [2024-06-09T11:50:25.176-0300] {dag.py:3096} INFO - Sync 2 DAGs
[2024-06-09T11:50:25.182-0300] {logging_mixin.py:188} INFO - [2024-06-09T11:50:25.181-0300] {dag.py:3954} INFO - Setting next_dagrun for example_xcom_args to None, run_after=None
[2024-06-09T11:50:25.183-0300] {logging_mixin.py:188} INFO - [2024-06-09T11:50:25.183-0300] {dag.py:3954} INFO - Setting next_dagrun for example_xcom_args_with_operators to None, run_after=None
[2024-06-09T11:50:25.197-0300] {processor.py:183} INFO - Processing /home/pedro/.local/lib/python3.10/site-packages/airflow/example_dags/example_xcomargs.py took 0.052 seconds
[2024-06-09T11:51:11.627-0300] {processor.py:161} INFO - Started process (PID=8196) to work on /home/pedro/.local/lib/python3.10/site-packages/airflow/example_dags/example_xcomargs.py
[2024-06-09T11:51:11.631-0300] {processor.py:830} INFO - Processing file /home/pedro/.local/lib/python3.10/site-packages/airflow/example_dags/example_xcomargs.py for tasks to queue
[2024-06-09T11:51:11.633-0300] {logging_mixin.py:188} INFO - [2024-06-09T11:51:11.633-0300] {dagbag.py:545} INFO - Filling up the DagBag from /home/pedro/.local/lib/python3.10/site-packages/airflow/example_dags/example_xcomargs.py
[2024-06-09T11:51:11.641-0300] {processor.py:840} INFO - DAG(s) 'example_xcom_args', 'example_xcom_args_with_operators' retrieved from /home/pedro/.local/lib/python3.10/site-packages/airflow/example_dags/example_xcomargs.py
[2024-06-09T11:51:11.651-0300] {logging_mixin.py:188} INFO - [2024-06-09T11:51:11.651-0300] {dag.py:3096} INFO - Sync 2 DAGs
[2024-06-09T11:51:11.657-0300] {logging_mixin.py:188} INFO - [2024-06-09T11:51:11.656-0300] {dag.py:3954} INFO - Setting next_dagrun for example_xcom_args to None, run_after=None
[2024-06-09T11:51:11.658-0300] {logging_mixin.py:188} INFO - [2024-06-09T11:51:11.658-0300] {dag.py:3954} INFO - Setting next_dagrun for example_xcom_args_with_operators to None, run_after=None
[2024-06-09T11:51:11.671-0300] {processor.py:183} INFO - Processing /home/pedro/.local/lib/python3.10/site-packages/airflow/example_dags/example_xcomargs.py took 0.053 seconds
[2024-06-09T11:51:56.325-0300] {processor.py:161} INFO - Started process (PID=8285) to work on /home/pedro/.local/lib/python3.10/site-packages/airflow/example_dags/example_xcomargs.py
[2024-06-09T11:51:56.329-0300] {processor.py:830} INFO - Processing file /home/pedro/.local/lib/python3.10/site-packages/airflow/example_dags/example_xcomargs.py for tasks to queue
[2024-06-09T11:51:56.330-0300] {logging_mixin.py:188} INFO - [2024-06-09T11:51:56.330-0300] {dagbag.py:545} INFO - Filling up the DagBag from /home/pedro/.local/lib/python3.10/site-packages/airflow/example_dags/example_xcomargs.py
[2024-06-09T11:51:56.337-0300] {processor.py:840} INFO - DAG(s) 'example_xcom_args_with_operators', 'example_xcom_args' retrieved from /home/pedro/.local/lib/python3.10/site-packages/airflow/example_dags/example_xcomargs.py
[2024-06-09T11:51:56.347-0300] {logging_mixin.py:188} INFO - [2024-06-09T11:51:56.347-0300] {dag.py:3096} INFO - Sync 2 DAGs
[2024-06-09T11:51:56.353-0300] {logging_mixin.py:188} INFO - [2024-06-09T11:51:56.353-0300] {dag.py:3954} INFO - Setting next_dagrun for example_xcom_args to None, run_after=None
[2024-06-09T11:51:56.355-0300] {logging_mixin.py:188} INFO - [2024-06-09T11:51:56.354-0300] {dag.py:3954} INFO - Setting next_dagrun for example_xcom_args_with_operators to None, run_after=None
[2024-06-09T11:51:56.368-0300] {processor.py:183} INFO - Processing /home/pedro/.local/lib/python3.10/site-packages/airflow/example_dags/example_xcomargs.py took 0.050 seconds
[2024-06-09T11:52:38.050-0300] {processor.py:161} INFO - Started process (PID=8399) to work on /home/pedro/.local/lib/python3.10/site-packages/airflow/example_dags/example_xcomargs.py
[2024-06-09T11:52:38.055-0300] {processor.py:830} INFO - Processing file /home/pedro/.local/lib/python3.10/site-packages/airflow/example_dags/example_xcomargs.py for tasks to queue
[2024-06-09T11:52:38.057-0300] {logging_mixin.py:188} INFO - [2024-06-09T11:52:38.056-0300] {dagbag.py:545} INFO - Filling up the DagBag from /home/pedro/.local/lib/python3.10/site-packages/airflow/example_dags/example_xcomargs.py
[2024-06-09T11:52:38.064-0300] {processor.py:840} INFO - DAG(s) 'example_xcom_args_with_operators', 'example_xcom_args' retrieved from /home/pedro/.local/lib/python3.10/site-packages/airflow/example_dags/example_xcomargs.py
[2024-06-09T11:52:38.075-0300] {logging_mixin.py:188} INFO - [2024-06-09T11:52:38.075-0300] {dag.py:3096} INFO - Sync 2 DAGs
[2024-06-09T11:52:38.081-0300] {logging_mixin.py:188} INFO - [2024-06-09T11:52:38.081-0300] {dag.py:3954} INFO - Setting next_dagrun for example_xcom_args to None, run_after=None
[2024-06-09T11:52:38.083-0300] {logging_mixin.py:188} INFO - [2024-06-09T11:52:38.083-0300] {dag.py:3954} INFO - Setting next_dagrun for example_xcom_args_with_operators to None, run_after=None
[2024-06-09T11:52:38.096-0300] {processor.py:183} INFO - Processing /home/pedro/.local/lib/python3.10/site-packages/airflow/example_dags/example_xcomargs.py took 0.051 seconds
[2024-06-09T11:53:17.282-0300] {processor.py:161} INFO - Started process (PID=8496) to work on /home/pedro/.local/lib/python3.10/site-packages/airflow/example_dags/example_xcomargs.py
[2024-06-09T11:53:17.285-0300] {processor.py:830} INFO - Processing file /home/pedro/.local/lib/python3.10/site-packages/airflow/example_dags/example_xcomargs.py for tasks to queue
[2024-06-09T11:53:17.287-0300] {logging_mixin.py:188} INFO - [2024-06-09T11:53:17.287-0300] {dagbag.py:545} INFO - Filling up the DagBag from /home/pedro/.local/lib/python3.10/site-packages/airflow/example_dags/example_xcomargs.py
[2024-06-09T11:53:17.295-0300] {processor.py:840} INFO - DAG(s) 'example_xcom_args_with_operators', 'example_xcom_args' retrieved from /home/pedro/.local/lib/python3.10/site-packages/airflow/example_dags/example_xcomargs.py
[2024-06-09T11:53:17.305-0300] {logging_mixin.py:188} INFO - [2024-06-09T11:53:17.305-0300] {dag.py:3096} INFO - Sync 2 DAGs
[2024-06-09T11:53:17.311-0300] {logging_mixin.py:188} INFO - [2024-06-09T11:53:17.311-0300] {dag.py:3954} INFO - Setting next_dagrun for example_xcom_args to None, run_after=None
[2024-06-09T11:53:17.312-0300] {logging_mixin.py:188} INFO - [2024-06-09T11:53:17.312-0300] {dag.py:3954} INFO - Setting next_dagrun for example_xcom_args_with_operators to None, run_after=None
[2024-06-09T11:53:17.325-0300] {processor.py:183} INFO - Processing /home/pedro/.local/lib/python3.10/site-packages/airflow/example_dags/example_xcomargs.py took 0.046 seconds
[2024-06-09T11:53:57.000-0300] {processor.py:161} INFO - Started process (PID=8577) to work on /home/pedro/.local/lib/python3.10/site-packages/airflow/example_dags/example_xcomargs.py
[2024-06-09T11:53:57.003-0300] {processor.py:830} INFO - Processing file /home/pedro/.local/lib/python3.10/site-packages/airflow/example_dags/example_xcomargs.py for tasks to queue
[2024-06-09T11:53:57.005-0300] {logging_mixin.py:188} INFO - [2024-06-09T11:53:57.004-0300] {dagbag.py:545} INFO - Filling up the DagBag from /home/pedro/.local/lib/python3.10/site-packages/airflow/example_dags/example_xcomargs.py
[2024-06-09T11:53:57.012-0300] {processor.py:840} INFO - DAG(s) 'example_xcom_args_with_operators', 'example_xcom_args' retrieved from /home/pedro/.local/lib/python3.10/site-packages/airflow/example_dags/example_xcomargs.py
[2024-06-09T11:53:57.022-0300] {logging_mixin.py:188} INFO - [2024-06-09T11:53:57.022-0300] {dag.py:3096} INFO - Sync 2 DAGs
[2024-06-09T11:53:57.028-0300] {logging_mixin.py:188} INFO - [2024-06-09T11:53:57.028-0300] {dag.py:3954} INFO - Setting next_dagrun for example_xcom_args to None, run_after=None
[2024-06-09T11:53:57.029-0300] {logging_mixin.py:188} INFO - [2024-06-09T11:53:57.029-0300] {dag.py:3954} INFO - Setting next_dagrun for example_xcom_args_with_operators to None, run_after=None
[2024-06-09T11:53:57.043-0300] {processor.py:183} INFO - Processing /home/pedro/.local/lib/python3.10/site-packages/airflow/example_dags/example_xcomargs.py took 0.046 seconds
[2024-06-09T11:54:38.457-0300] {processor.py:161} INFO - Started process (PID=8647) to work on /home/pedro/.local/lib/python3.10/site-packages/airflow/example_dags/example_xcomargs.py
[2024-06-09T11:54:38.460-0300] {processor.py:830} INFO - Processing file /home/pedro/.local/lib/python3.10/site-packages/airflow/example_dags/example_xcomargs.py for tasks to queue
[2024-06-09T11:54:38.462-0300] {logging_mixin.py:188} INFO - [2024-06-09T11:54:38.461-0300] {dagbag.py:545} INFO - Filling up the DagBag from /home/pedro/.local/lib/python3.10/site-packages/airflow/example_dags/example_xcomargs.py
[2024-06-09T11:54:38.470-0300] {processor.py:840} INFO - DAG(s) 'example_xcom_args', 'example_xcom_args_with_operators' retrieved from /home/pedro/.local/lib/python3.10/site-packages/airflow/example_dags/example_xcomargs.py
[2024-06-09T11:54:38.479-0300] {logging_mixin.py:188} INFO - [2024-06-09T11:54:38.479-0300] {dag.py:3096} INFO - Sync 2 DAGs
[2024-06-09T11:54:38.485-0300] {logging_mixin.py:188} INFO - [2024-06-09T11:54:38.485-0300] {dag.py:3954} INFO - Setting next_dagrun for example_xcom_args to None, run_after=None
[2024-06-09T11:54:38.488-0300] {logging_mixin.py:188} INFO - [2024-06-09T11:54:38.487-0300] {dag.py:3954} INFO - Setting next_dagrun for example_xcom_args_with_operators to None, run_after=None
[2024-06-09T11:54:38.501-0300] {processor.py:183} INFO - Processing /home/pedro/.local/lib/python3.10/site-packages/airflow/example_dags/example_xcomargs.py took 0.051 seconds
[2024-06-09T11:55:17.220-0300] {processor.py:161} INFO - Started process (PID=8706) to work on /home/pedro/.local/lib/python3.10/site-packages/airflow/example_dags/example_xcomargs.py
[2024-06-09T11:55:17.224-0300] {processor.py:830} INFO - Processing file /home/pedro/.local/lib/python3.10/site-packages/airflow/example_dags/example_xcomargs.py for tasks to queue
[2024-06-09T11:55:17.226-0300] {logging_mixin.py:188} INFO - [2024-06-09T11:55:17.226-0300] {dagbag.py:545} INFO - Filling up the DagBag from /home/pedro/.local/lib/python3.10/site-packages/airflow/example_dags/example_xcomargs.py
[2024-06-09T11:55:17.234-0300] {processor.py:840} INFO - DAG(s) 'example_xcom_args_with_operators', 'example_xcom_args' retrieved from /home/pedro/.local/lib/python3.10/site-packages/airflow/example_dags/example_xcomargs.py
[2024-06-09T11:55:17.244-0300] {logging_mixin.py:188} INFO - [2024-06-09T11:55:17.244-0300] {dag.py:3096} INFO - Sync 2 DAGs
[2024-06-09T11:55:17.249-0300] {logging_mixin.py:188} INFO - [2024-06-09T11:55:17.249-0300] {dag.py:3954} INFO - Setting next_dagrun for example_xcom_args to None, run_after=None
[2024-06-09T11:55:17.251-0300] {logging_mixin.py:188} INFO - [2024-06-09T11:55:17.251-0300] {dag.py:3954} INFO - Setting next_dagrun for example_xcom_args_with_operators to None, run_after=None
[2024-06-09T11:55:17.265-0300] {processor.py:183} INFO - Processing /home/pedro/.local/lib/python3.10/site-packages/airflow/example_dags/example_xcomargs.py took 0.053 seconds
[2024-06-09T11:55:56.750-0300] {processor.py:161} INFO - Started process (PID=8929) to work on /home/pedro/.local/lib/python3.10/site-packages/airflow/example_dags/example_xcomargs.py
[2024-06-09T11:55:56.754-0300] {processor.py:830} INFO - Processing file /home/pedro/.local/lib/python3.10/site-packages/airflow/example_dags/example_xcomargs.py for tasks to queue
[2024-06-09T11:55:56.756-0300] {logging_mixin.py:188} INFO - [2024-06-09T11:55:56.756-0300] {dagbag.py:545} INFO - Filling up the DagBag from /home/pedro/.local/lib/python3.10/site-packages/airflow/example_dags/example_xcomargs.py
[2024-06-09T11:55:56.764-0300] {processor.py:840} INFO - DAG(s) 'example_xcom_args_with_operators', 'example_xcom_args' retrieved from /home/pedro/.local/lib/python3.10/site-packages/airflow/example_dags/example_xcomargs.py
[2024-06-09T11:55:56.773-0300] {logging_mixin.py:188} INFO - [2024-06-09T11:55:56.773-0300] {dag.py:3096} INFO - Sync 2 DAGs
[2024-06-09T11:55:56.779-0300] {logging_mixin.py:188} INFO - [2024-06-09T11:55:56.779-0300] {dag.py:3954} INFO - Setting next_dagrun for example_xcom_args to None, run_after=None
[2024-06-09T11:55:56.781-0300] {logging_mixin.py:188} INFO - [2024-06-09T11:55:56.781-0300] {dag.py:3954} INFO - Setting next_dagrun for example_xcom_args_with_operators to None, run_after=None
[2024-06-09T11:55:56.793-0300] {processor.py:183} INFO - Processing /home/pedro/.local/lib/python3.10/site-packages/airflow/example_dags/example_xcomargs.py took 0.052 seconds
[2024-06-09T11:57:37.227-0300] {processor.py:161} INFO - Started process (PID=9576) to work on /home/pedro/.local/lib/python3.10/site-packages/airflow/example_dags/example_xcomargs.py
[2024-06-09T11:57:37.230-0300] {processor.py:830} INFO - Processing file /home/pedro/.local/lib/python3.10/site-packages/airflow/example_dags/example_xcomargs.py for tasks to queue
[2024-06-09T11:57:37.232-0300] {logging_mixin.py:188} INFO - [2024-06-09T11:57:37.232-0300] {dagbag.py:545} INFO - Filling up the DagBag from /home/pedro/.local/lib/python3.10/site-packages/airflow/example_dags/example_xcomargs.py
[2024-06-09T11:57:37.241-0300] {processor.py:840} INFO - DAG(s) 'example_xcom_args_with_operators', 'example_xcom_args' retrieved from /home/pedro/.local/lib/python3.10/site-packages/airflow/example_dags/example_xcomargs.py
[2024-06-09T11:57:37.256-0300] {logging_mixin.py:188} INFO - [2024-06-09T11:57:37.256-0300] {dag.py:3096} INFO - Sync 2 DAGs
[2024-06-09T11:57:37.262-0300] {logging_mixin.py:188} INFO - [2024-06-09T11:57:37.262-0300] {dag.py:3954} INFO - Setting next_dagrun for example_xcom_args to None, run_after=None
[2024-06-09T11:57:37.264-0300] {logging_mixin.py:188} INFO - [2024-06-09T11:57:37.264-0300] {dag.py:3954} INFO - Setting next_dagrun for example_xcom_args_with_operators to None, run_after=None
[2024-06-09T11:57:37.278-0300] {processor.py:183} INFO - Processing /home/pedro/.local/lib/python3.10/site-packages/airflow/example_dags/example_xcomargs.py took 0.055 seconds
[2024-06-09T11:58:27.394-0300] {processor.py:161} INFO - Started process (PID=9918) to work on /home/pedro/.local/lib/python3.10/site-packages/airflow/example_dags/example_xcomargs.py
[2024-06-09T11:58:27.397-0300] {processor.py:830} INFO - Processing file /home/pedro/.local/lib/python3.10/site-packages/airflow/example_dags/example_xcomargs.py for tasks to queue
[2024-06-09T11:58:27.398-0300] {logging_mixin.py:188} INFO - [2024-06-09T11:58:27.398-0300] {dagbag.py:545} INFO - Filling up the DagBag from /home/pedro/.local/lib/python3.10/site-packages/airflow/example_dags/example_xcomargs.py
[2024-06-09T11:58:27.405-0300] {processor.py:840} INFO - DAG(s) 'example_xcom_args_with_operators', 'example_xcom_args' retrieved from /home/pedro/.local/lib/python3.10/site-packages/airflow/example_dags/example_xcomargs.py
[2024-06-09T11:58:27.416-0300] {logging_mixin.py:188} INFO - [2024-06-09T11:58:27.416-0300] {dag.py:3096} INFO - Sync 2 DAGs
[2024-06-09T11:58:27.493-0300] {logging_mixin.py:188} INFO - [2024-06-09T11:58:27.493-0300] {dag.py:3954} INFO - Setting next_dagrun for example_xcom_args to None, run_after=None
[2024-06-09T11:58:27.495-0300] {logging_mixin.py:188} INFO - [2024-06-09T11:58:27.495-0300] {dag.py:3954} INFO - Setting next_dagrun for example_xcom_args_with_operators to None, run_after=None
[2024-06-09T11:58:27.511-0300] {processor.py:183} INFO - Processing /home/pedro/.local/lib/python3.10/site-packages/airflow/example_dags/example_xcomargs.py took 0.125 seconds
[2024-06-09T11:59:05.187-0300] {processor.py:161} INFO - Started process (PID=10592) to work on /home/pedro/.local/lib/python3.10/site-packages/airflow/example_dags/example_xcomargs.py
[2024-06-09T11:59:05.190-0300] {processor.py:830} INFO - Processing file /home/pedro/.local/lib/python3.10/site-packages/airflow/example_dags/example_xcomargs.py for tasks to queue
[2024-06-09T11:59:05.192-0300] {logging_mixin.py:188} INFO - [2024-06-09T11:59:05.192-0300] {dagbag.py:545} INFO - Filling up the DagBag from /home/pedro/.local/lib/python3.10/site-packages/airflow/example_dags/example_xcomargs.py
[2024-06-09T11:59:05.203-0300] {processor.py:840} INFO - DAG(s) 'example_xcom_args_with_operators', 'example_xcom_args' retrieved from /home/pedro/.local/lib/python3.10/site-packages/airflow/example_dags/example_xcomargs.py
[2024-06-09T11:59:05.216-0300] {logging_mixin.py:188} INFO - [2024-06-09T11:59:05.216-0300] {dag.py:3096} INFO - Sync 2 DAGs
[2024-06-09T11:59:05.222-0300] {logging_mixin.py:188} INFO - [2024-06-09T11:59:05.222-0300] {dag.py:3954} INFO - Setting next_dagrun for example_xcom_args to None, run_after=None
[2024-06-09T11:59:05.224-0300] {logging_mixin.py:188} INFO - [2024-06-09T11:59:05.223-0300] {dag.py:3954} INFO - Setting next_dagrun for example_xcom_args_with_operators to None, run_after=None
[2024-06-09T11:59:05.237-0300] {processor.py:183} INFO - Processing /home/pedro/.local/lib/python3.10/site-packages/airflow/example_dags/example_xcomargs.py took 0.055 seconds
[2024-06-09T11:59:55.467-0300] {processor.py:161} INFO - Started process (PID=10784) to work on /home/pedro/.local/lib/python3.10/site-packages/airflow/example_dags/example_xcomargs.py
[2024-06-09T11:59:55.470-0300] {processor.py:830} INFO - Processing file /home/pedro/.local/lib/python3.10/site-packages/airflow/example_dags/example_xcomargs.py for tasks to queue
[2024-06-09T11:59:55.471-0300] {logging_mixin.py:188} INFO - [2024-06-09T11:59:55.471-0300] {dagbag.py:545} INFO - Filling up the DagBag from /home/pedro/.local/lib/python3.10/site-packages/airflow/example_dags/example_xcomargs.py
[2024-06-09T11:59:55.477-0300] {processor.py:840} INFO - DAG(s) 'example_xcom_args_with_operators', 'example_xcom_args' retrieved from /home/pedro/.local/lib/python3.10/site-packages/airflow/example_dags/example_xcomargs.py
[2024-06-09T11:59:55.489-0300] {logging_mixin.py:188} INFO - [2024-06-09T11:59:55.488-0300] {dag.py:3096} INFO - Sync 2 DAGs
[2024-06-09T11:59:55.563-0300] {logging_mixin.py:188} INFO - [2024-06-09T11:59:55.563-0300] {dag.py:3954} INFO - Setting next_dagrun for example_xcom_args to None, run_after=None
[2024-06-09T11:59:55.566-0300] {logging_mixin.py:188} INFO - [2024-06-09T11:59:55.566-0300] {dag.py:3954} INFO - Setting next_dagrun for example_xcom_args_with_operators to None, run_after=None
[2024-06-09T11:59:55.582-0300] {processor.py:183} INFO - Processing /home/pedro/.local/lib/python3.10/site-packages/airflow/example_dags/example_xcomargs.py took 0.119 seconds
[2024-06-09T12:00:41.243-0300] {processor.py:161} INFO - Started process (PID=10856) to work on /home/pedro/.local/lib/python3.10/site-packages/airflow/example_dags/example_xcomargs.py
[2024-06-09T12:00:41.246-0300] {processor.py:830} INFO - Processing file /home/pedro/.local/lib/python3.10/site-packages/airflow/example_dags/example_xcomargs.py for tasks to queue
[2024-06-09T12:00:41.248-0300] {logging_mixin.py:188} INFO - [2024-06-09T12:00:41.247-0300] {dagbag.py:545} INFO - Filling up the DagBag from /home/pedro/.local/lib/python3.10/site-packages/airflow/example_dags/example_xcomargs.py
[2024-06-09T12:00:41.255-0300] {processor.py:840} INFO - DAG(s) 'example_xcom_args_with_operators', 'example_xcom_args' retrieved from /home/pedro/.local/lib/python3.10/site-packages/airflow/example_dags/example_xcomargs.py
[2024-06-09T12:00:41.267-0300] {logging_mixin.py:188} INFO - [2024-06-09T12:00:41.266-0300] {dag.py:3096} INFO - Sync 2 DAGs
[2024-06-09T12:00:41.273-0300] {logging_mixin.py:188} INFO - [2024-06-09T12:00:41.273-0300] {dag.py:3954} INFO - Setting next_dagrun for example_xcom_args to None, run_after=None
[2024-06-09T12:00:41.275-0300] {logging_mixin.py:188} INFO - [2024-06-09T12:00:41.275-0300] {dag.py:3954} INFO - Setting next_dagrun for example_xcom_args_with_operators to None, run_after=None
[2024-06-09T12:00:41.292-0300] {processor.py:183} INFO - Processing /home/pedro/.local/lib/python3.10/site-packages/airflow/example_dags/example_xcomargs.py took 0.058 seconds
[2024-06-09T12:01:23.832-0300] {processor.py:161} INFO - Started process (PID=11140) to work on /home/pedro/.local/lib/python3.10/site-packages/airflow/example_dags/example_xcomargs.py
[2024-06-09T12:01:23.832-0300] {processor.py:830} INFO - Processing file /home/pedro/.local/lib/python3.10/site-packages/airflow/example_dags/example_xcomargs.py for tasks to queue
[2024-06-09T12:01:23.834-0300] {logging_mixin.py:188} INFO - [2024-06-09T12:01:23.834-0300] {dagbag.py:545} INFO - Filling up the DagBag from /home/pedro/.local/lib/python3.10/site-packages/airflow/example_dags/example_xcomargs.py
[2024-06-09T12:01:23.842-0300] {processor.py:840} INFO - DAG(s) 'example_xcom_args', 'example_xcom_args_with_operators' retrieved from /home/pedro/.local/lib/python3.10/site-packages/airflow/example_dags/example_xcomargs.py
[2024-06-09T12:01:23.851-0300] {logging_mixin.py:188} INFO - [2024-06-09T12:01:23.851-0300] {dag.py:3096} INFO - Sync 2 DAGs
[2024-06-09T12:01:23.858-0300] {logging_mixin.py:188} INFO - [2024-06-09T12:01:23.858-0300] {dag.py:3954} INFO - Setting next_dagrun for example_xcom_args to None, run_after=None
[2024-06-09T12:01:23.860-0300] {logging_mixin.py:188} INFO - [2024-06-09T12:01:23.860-0300] {dag.py:3954} INFO - Setting next_dagrun for example_xcom_args_with_operators to None, run_after=None
[2024-06-09T12:01:23.875-0300] {processor.py:183} INFO - Processing /home/pedro/.local/lib/python3.10/site-packages/airflow/example_dags/example_xcomargs.py took 0.046 seconds
[2024-06-09T12:02:06.710-0300] {processor.py:161} INFO - Started process (PID=11224) to work on /home/pedro/.local/lib/python3.10/site-packages/airflow/example_dags/example_xcomargs.py
[2024-06-09T12:02:06.714-0300] {processor.py:830} INFO - Processing file /home/pedro/.local/lib/python3.10/site-packages/airflow/example_dags/example_xcomargs.py for tasks to queue
[2024-06-09T12:02:06.716-0300] {logging_mixin.py:188} INFO - [2024-06-09T12:02:06.716-0300] {dagbag.py:545} INFO - Filling up the DagBag from /home/pedro/.local/lib/python3.10/site-packages/airflow/example_dags/example_xcomargs.py
[2024-06-09T12:02:06.724-0300] {processor.py:840} INFO - DAG(s) 'example_xcom_args', 'example_xcom_args_with_operators' retrieved from /home/pedro/.local/lib/python3.10/site-packages/airflow/example_dags/example_xcomargs.py
[2024-06-09T12:02:06.734-0300] {logging_mixin.py:188} INFO - [2024-06-09T12:02:06.734-0300] {dag.py:3096} INFO - Sync 2 DAGs
[2024-06-09T12:02:06.740-0300] {logging_mixin.py:188} INFO - [2024-06-09T12:02:06.740-0300] {dag.py:3954} INFO - Setting next_dagrun for example_xcom_args to None, run_after=None
[2024-06-09T12:02:06.742-0300] {logging_mixin.py:188} INFO - [2024-06-09T12:02:06.742-0300] {dag.py:3954} INFO - Setting next_dagrun for example_xcom_args_with_operators to None, run_after=None
[2024-06-09T12:02:06.758-0300] {processor.py:183} INFO - Processing /home/pedro/.local/lib/python3.10/site-packages/airflow/example_dags/example_xcomargs.py took 0.057 seconds
[2024-06-09T12:02:52.707-0300] {processor.py:161} INFO - Started process (PID=11323) to work on /home/pedro/.local/lib/python3.10/site-packages/airflow/example_dags/example_xcomargs.py
[2024-06-09T12:02:52.711-0300] {processor.py:830} INFO - Processing file /home/pedro/.local/lib/python3.10/site-packages/airflow/example_dags/example_xcomargs.py for tasks to queue
[2024-06-09T12:02:52.712-0300] {logging_mixin.py:188} INFO - [2024-06-09T12:02:52.712-0300] {dagbag.py:545} INFO - Filling up the DagBag from /home/pedro/.local/lib/python3.10/site-packages/airflow/example_dags/example_xcomargs.py
[2024-06-09T12:02:52.720-0300] {processor.py:840} INFO - DAG(s) 'example_xcom_args', 'example_xcom_args_with_operators' retrieved from /home/pedro/.local/lib/python3.10/site-packages/airflow/example_dags/example_xcomargs.py
[2024-06-09T12:02:52.731-0300] {logging_mixin.py:188} INFO - [2024-06-09T12:02:52.731-0300] {dag.py:3096} INFO - Sync 2 DAGs
[2024-06-09T12:02:52.737-0300] {logging_mixin.py:188} INFO - [2024-06-09T12:02:52.737-0300] {dag.py:3954} INFO - Setting next_dagrun for example_xcom_args to None, run_after=None
[2024-06-09T12:02:52.739-0300] {logging_mixin.py:188} INFO - [2024-06-09T12:02:52.739-0300] {dag.py:3954} INFO - Setting next_dagrun for example_xcom_args_with_operators to None, run_after=None
[2024-06-09T12:02:52.754-0300] {processor.py:183} INFO - Processing /home/pedro/.local/lib/python3.10/site-packages/airflow/example_dags/example_xcomargs.py took 0.056 seconds
[2024-06-09T12:03:35.282-0300] {processor.py:161} INFO - Started process (PID=11391) to work on /home/pedro/.local/lib/python3.10/site-packages/airflow/example_dags/example_xcomargs.py
[2024-06-09T12:03:35.286-0300] {processor.py:830} INFO - Processing file /home/pedro/.local/lib/python3.10/site-packages/airflow/example_dags/example_xcomargs.py for tasks to queue
[2024-06-09T12:03:35.288-0300] {logging_mixin.py:188} INFO - [2024-06-09T12:03:35.287-0300] {dagbag.py:545} INFO - Filling up the DagBag from /home/pedro/.local/lib/python3.10/site-packages/airflow/example_dags/example_xcomargs.py
[2024-06-09T12:03:35.296-0300] {processor.py:840} INFO - DAG(s) 'example_xcom_args_with_operators', 'example_xcom_args' retrieved from /home/pedro/.local/lib/python3.10/site-packages/airflow/example_dags/example_xcomargs.py
[2024-06-09T12:03:35.307-0300] {logging_mixin.py:188} INFO - [2024-06-09T12:03:35.306-0300] {dag.py:3096} INFO - Sync 2 DAGs
[2024-06-09T12:03:35.314-0300] {logging_mixin.py:188} INFO - [2024-06-09T12:03:35.314-0300] {dag.py:3954} INFO - Setting next_dagrun for example_xcom_args to None, run_after=None
[2024-06-09T12:03:35.316-0300] {logging_mixin.py:188} INFO - [2024-06-09T12:03:35.316-0300] {dag.py:3954} INFO - Setting next_dagrun for example_xcom_args_with_operators to None, run_after=None
[2024-06-09T12:03:35.332-0300] {processor.py:183} INFO - Processing /home/pedro/.local/lib/python3.10/site-packages/airflow/example_dags/example_xcomargs.py took 0.059 seconds
[2024-06-09T12:04:12.750-0300] {processor.py:161} INFO - Started process (PID=11489) to work on /home/pedro/.local/lib/python3.10/site-packages/airflow/example_dags/example_xcomargs.py
[2024-06-09T12:04:12.752-0300] {processor.py:830} INFO - Processing file /home/pedro/.local/lib/python3.10/site-packages/airflow/example_dags/example_xcomargs.py for tasks to queue
[2024-06-09T12:04:12.754-0300] {logging_mixin.py:188} INFO - [2024-06-09T12:04:12.753-0300] {dagbag.py:545} INFO - Filling up the DagBag from /home/pedro/.local/lib/python3.10/site-packages/airflow/example_dags/example_xcomargs.py
[2024-06-09T12:04:12.760-0300] {processor.py:840} INFO - DAG(s) 'example_xcom_args_with_operators', 'example_xcom_args' retrieved from /home/pedro/.local/lib/python3.10/site-packages/airflow/example_dags/example_xcomargs.py
[2024-06-09T12:04:12.772-0300] {logging_mixin.py:188} INFO - [2024-06-09T12:04:12.771-0300] {dag.py:3096} INFO - Sync 2 DAGs
[2024-06-09T12:04:12.777-0300] {logging_mixin.py:188} INFO - [2024-06-09T12:04:12.777-0300] {dag.py:3954} INFO - Setting next_dagrun for example_xcom_args to None, run_after=None
[2024-06-09T12:04:12.779-0300] {logging_mixin.py:188} INFO - [2024-06-09T12:04:12.779-0300] {dag.py:3954} INFO - Setting next_dagrun for example_xcom_args_with_operators to None, run_after=None
[2024-06-09T12:04:12.794-0300] {processor.py:183} INFO - Processing /home/pedro/.local/lib/python3.10/site-packages/airflow/example_dags/example_xcomargs.py took 0.054 seconds
[2024-06-09T12:04:54.074-0300] {processor.py:161} INFO - Started process (PID=11560) to work on /home/pedro/.local/lib/python3.10/site-packages/airflow/example_dags/example_xcomargs.py
[2024-06-09T12:04:54.077-0300] {processor.py:830} INFO - Processing file /home/pedro/.local/lib/python3.10/site-packages/airflow/example_dags/example_xcomargs.py for tasks to queue
[2024-06-09T12:04:54.079-0300] {logging_mixin.py:188} INFO - [2024-06-09T12:04:54.079-0300] {dagbag.py:545} INFO - Filling up the DagBag from /home/pedro/.local/lib/python3.10/site-packages/airflow/example_dags/example_xcomargs.py
[2024-06-09T12:04:54.086-0300] {processor.py:840} INFO - DAG(s) 'example_xcom_args_with_operators', 'example_xcom_args' retrieved from /home/pedro/.local/lib/python3.10/site-packages/airflow/example_dags/example_xcomargs.py
[2024-06-09T12:04:54.098-0300] {logging_mixin.py:188} INFO - [2024-06-09T12:04:54.098-0300] {dag.py:3096} INFO - Sync 2 DAGs
[2024-06-09T12:04:54.103-0300] {logging_mixin.py:188} INFO - [2024-06-09T12:04:54.103-0300] {dag.py:3954} INFO - Setting next_dagrun for example_xcom_args to None, run_after=None
[2024-06-09T12:04:54.105-0300] {logging_mixin.py:188} INFO - [2024-06-09T12:04:54.105-0300] {dag.py:3954} INFO - Setting next_dagrun for example_xcom_args_with_operators to None, run_after=None
[2024-06-09T12:04:54.120-0300] {processor.py:183} INFO - Processing /home/pedro/.local/lib/python3.10/site-packages/airflow/example_dags/example_xcomargs.py took 0.054 seconds
[2024-06-09T12:05:35.326-0300] {processor.py:161} INFO - Started process (PID=11650) to work on /home/pedro/.local/lib/python3.10/site-packages/airflow/example_dags/example_xcomargs.py
[2024-06-09T12:05:35.330-0300] {processor.py:830} INFO - Processing file /home/pedro/.local/lib/python3.10/site-packages/airflow/example_dags/example_xcomargs.py for tasks to queue
[2024-06-09T12:05:35.332-0300] {logging_mixin.py:188} INFO - [2024-06-09T12:05:35.331-0300] {dagbag.py:545} INFO - Filling up the DagBag from /home/pedro/.local/lib/python3.10/site-packages/airflow/example_dags/example_xcomargs.py
[2024-06-09T12:05:35.340-0300] {processor.py:840} INFO - DAG(s) 'example_xcom_args', 'example_xcom_args_with_operators' retrieved from /home/pedro/.local/lib/python3.10/site-packages/airflow/example_dags/example_xcomargs.py
[2024-06-09T12:05:35.350-0300] {logging_mixin.py:188} INFO - [2024-06-09T12:05:35.350-0300] {dag.py:3096} INFO - Sync 2 DAGs
[2024-06-09T12:05:35.357-0300] {logging_mixin.py:188} INFO - [2024-06-09T12:05:35.357-0300] {dag.py:3954} INFO - Setting next_dagrun for example_xcom_args to None, run_after=None
[2024-06-09T12:05:35.359-0300] {logging_mixin.py:188} INFO - [2024-06-09T12:05:35.359-0300] {dag.py:3954} INFO - Setting next_dagrun for example_xcom_args_with_operators to None, run_after=None
[2024-06-09T12:05:35.373-0300] {processor.py:183} INFO - Processing /home/pedro/.local/lib/python3.10/site-packages/airflow/example_dags/example_xcomargs.py took 0.055 seconds
[2024-06-09T12:06:27.305-0300] {processor.py:161} INFO - Started process (PID=12415) to work on /home/pedro/.local/lib/python3.10/site-packages/airflow/example_dags/example_xcomargs.py
[2024-06-09T12:06:27.308-0300] {processor.py:830} INFO - Processing file /home/pedro/.local/lib/python3.10/site-packages/airflow/example_dags/example_xcomargs.py for tasks to queue
[2024-06-09T12:06:27.310-0300] {logging_mixin.py:188} INFO - [2024-06-09T12:06:27.309-0300] {dagbag.py:545} INFO - Filling up the DagBag from /home/pedro/.local/lib/python3.10/site-packages/airflow/example_dags/example_xcomargs.py
[2024-06-09T12:06:27.320-0300] {processor.py:840} INFO - DAG(s) 'example_xcom_args', 'example_xcom_args_with_operators' retrieved from /home/pedro/.local/lib/python3.10/site-packages/airflow/example_dags/example_xcomargs.py
[2024-06-09T12:06:27.336-0300] {logging_mixin.py:188} INFO - [2024-06-09T12:06:27.335-0300] {dag.py:3096} INFO - Sync 2 DAGs
[2024-06-09T12:06:27.341-0300] {logging_mixin.py:188} INFO - [2024-06-09T12:06:27.341-0300] {dag.py:3954} INFO - Setting next_dagrun for example_xcom_args to None, run_after=None
[2024-06-09T12:06:27.343-0300] {logging_mixin.py:188} INFO - [2024-06-09T12:06:27.343-0300] {dag.py:3954} INFO - Setting next_dagrun for example_xcom_args_with_operators to None, run_after=None
[2024-06-09T12:06:27.358-0300] {processor.py:183} INFO - Processing /home/pedro/.local/lib/python3.10/site-packages/airflow/example_dags/example_xcomargs.py took 0.061 seconds
[2024-06-09T12:07:19.761-0300] {processor.py:161} INFO - Started process (PID=12519) to work on /home/pedro/.local/lib/python3.10/site-packages/airflow/example_dags/example_xcomargs.py
[2024-06-09T12:07:19.765-0300] {processor.py:830} INFO - Processing file /home/pedro/.local/lib/python3.10/site-packages/airflow/example_dags/example_xcomargs.py for tasks to queue
[2024-06-09T12:07:19.766-0300] {logging_mixin.py:188} INFO - [2024-06-09T12:07:19.766-0300] {dagbag.py:545} INFO - Filling up the DagBag from /home/pedro/.local/lib/python3.10/site-packages/airflow/example_dags/example_xcomargs.py
[2024-06-09T12:07:19.771-0300] {processor.py:840} INFO - DAG(s) 'example_xcom_args_with_operators', 'example_xcom_args' retrieved from /home/pedro/.local/lib/python3.10/site-packages/airflow/example_dags/example_xcomargs.py
[2024-06-09T12:07:19.784-0300] {logging_mixin.py:188} INFO - [2024-06-09T12:07:19.784-0300] {dag.py:3096} INFO - Sync 2 DAGs
[2024-06-09T12:07:19.866-0300] {logging_mixin.py:188} INFO - [2024-06-09T12:07:19.866-0300] {dag.py:3954} INFO - Setting next_dagrun for example_xcom_args to None, run_after=None
[2024-06-09T12:07:19.868-0300] {logging_mixin.py:188} INFO - [2024-06-09T12:07:19.868-0300] {dag.py:3954} INFO - Setting next_dagrun for example_xcom_args_with_operators to None, run_after=None
[2024-06-09T12:07:19.885-0300] {processor.py:183} INFO - Processing /home/pedro/.local/lib/python3.10/site-packages/airflow/example_dags/example_xcomargs.py took 0.128 seconds
[2024-06-09T12:08:12.554-0300] {processor.py:161} INFO - Started process (PID=12602) to work on /home/pedro/.local/lib/python3.10/site-packages/airflow/example_dags/example_xcomargs.py
[2024-06-09T12:08:12.558-0300] {processor.py:830} INFO - Processing file /home/pedro/.local/lib/python3.10/site-packages/airflow/example_dags/example_xcomargs.py for tasks to queue
[2024-06-09T12:08:12.561-0300] {logging_mixin.py:188} INFO - [2024-06-09T12:08:12.560-0300] {dagbag.py:545} INFO - Filling up the DagBag from /home/pedro/.local/lib/python3.10/site-packages/airflow/example_dags/example_xcomargs.py
[2024-06-09T12:08:12.567-0300] {processor.py:840} INFO - DAG(s) 'example_xcom_args', 'example_xcom_args_with_operators' retrieved from /home/pedro/.local/lib/python3.10/site-packages/airflow/example_dags/example_xcomargs.py
[2024-06-09T12:08:12.579-0300] {logging_mixin.py:188} INFO - [2024-06-09T12:08:12.579-0300] {dag.py:3096} INFO - Sync 2 DAGs
[2024-06-09T12:08:12.584-0300] {logging_mixin.py:188} INFO - [2024-06-09T12:08:12.584-0300] {dag.py:3954} INFO - Setting next_dagrun for example_xcom_args to None, run_after=None
[2024-06-09T12:08:12.587-0300] {logging_mixin.py:188} INFO - [2024-06-09T12:08:12.587-0300] {dag.py:3954} INFO - Setting next_dagrun for example_xcom_args_with_operators to None, run_after=None
[2024-06-09T12:08:12.601-0300] {processor.py:183} INFO - Processing /home/pedro/.local/lib/python3.10/site-packages/airflow/example_dags/example_xcomargs.py took 0.056 seconds
[2024-06-09T12:08:56.354-0300] {processor.py:161} INFO - Started process (PID=12684) to work on /home/pedro/.local/lib/python3.10/site-packages/airflow/example_dags/example_xcomargs.py
[2024-06-09T12:08:56.357-0300] {processor.py:830} INFO - Processing file /home/pedro/.local/lib/python3.10/site-packages/airflow/example_dags/example_xcomargs.py for tasks to queue
[2024-06-09T12:08:56.359-0300] {logging_mixin.py:188} INFO - [2024-06-09T12:08:56.358-0300] {dagbag.py:545} INFO - Filling up the DagBag from /home/pedro/.local/lib/python3.10/site-packages/airflow/example_dags/example_xcomargs.py
[2024-06-09T12:08:56.371-0300] {processor.py:840} INFO - DAG(s) 'example_xcom_args_with_operators', 'example_xcom_args' retrieved from /home/pedro/.local/lib/python3.10/site-packages/airflow/example_dags/example_xcomargs.py
[2024-06-09T12:08:56.384-0300] {logging_mixin.py:188} INFO - [2024-06-09T12:08:56.383-0300] {dag.py:3096} INFO - Sync 2 DAGs
[2024-06-09T12:08:56.391-0300] {logging_mixin.py:188} INFO - [2024-06-09T12:08:56.390-0300] {dag.py:3954} INFO - Setting next_dagrun for example_xcom_args to None, run_after=None
[2024-06-09T12:08:56.392-0300] {logging_mixin.py:188} INFO - [2024-06-09T12:08:56.392-0300] {dag.py:3954} INFO - Setting next_dagrun for example_xcom_args_with_operators to None, run_after=None
[2024-06-09T12:08:56.408-0300] {processor.py:183} INFO - Processing /home/pedro/.local/lib/python3.10/site-packages/airflow/example_dags/example_xcomargs.py took 0.059 seconds
[2024-06-09T12:09:38.992-0300] {processor.py:161} INFO - Started process (PID=12775) to work on /home/pedro/.local/lib/python3.10/site-packages/airflow/example_dags/example_xcomargs.py
[2024-06-09T12:09:38.996-0300] {processor.py:830} INFO - Processing file /home/pedro/.local/lib/python3.10/site-packages/airflow/example_dags/example_xcomargs.py for tasks to queue
[2024-06-09T12:09:38.998-0300] {logging_mixin.py:188} INFO - [2024-06-09T12:09:38.997-0300] {dagbag.py:545} INFO - Filling up the DagBag from /home/pedro/.local/lib/python3.10/site-packages/airflow/example_dags/example_xcomargs.py
[2024-06-09T12:09:39.004-0300] {processor.py:840} INFO - DAG(s) 'example_xcom_args_with_operators', 'example_xcom_args' retrieved from /home/pedro/.local/lib/python3.10/site-packages/airflow/example_dags/example_xcomargs.py
[2024-06-09T12:09:39.016-0300] {logging_mixin.py:188} INFO - [2024-06-09T12:09:39.016-0300] {dag.py:3096} INFO - Sync 2 DAGs
[2024-06-09T12:09:39.022-0300] {logging_mixin.py:188} INFO - [2024-06-09T12:09:39.022-0300] {dag.py:3954} INFO - Setting next_dagrun for example_xcom_args to None, run_after=None
[2024-06-09T12:09:39.024-0300] {logging_mixin.py:188} INFO - [2024-06-09T12:09:39.023-0300] {dag.py:3954} INFO - Setting next_dagrun for example_xcom_args_with_operators to None, run_after=None
[2024-06-09T12:09:39.039-0300] {processor.py:183} INFO - Processing /home/pedro/.local/lib/python3.10/site-packages/airflow/example_dags/example_xcomargs.py took 0.053 seconds
[2024-06-09T12:10:20.885-0300] {processor.py:161} INFO - Started process (PID=12841) to work on /home/pedro/.local/lib/python3.10/site-packages/airflow/example_dags/example_xcomargs.py
[2024-06-09T12:10:20.888-0300] {processor.py:830} INFO - Processing file /home/pedro/.local/lib/python3.10/site-packages/airflow/example_dags/example_xcomargs.py for tasks to queue
[2024-06-09T12:10:20.890-0300] {logging_mixin.py:188} INFO - [2024-06-09T12:10:20.890-0300] {dagbag.py:545} INFO - Filling up the DagBag from /home/pedro/.local/lib/python3.10/site-packages/airflow/example_dags/example_xcomargs.py
[2024-06-09T12:10:20.898-0300] {processor.py:840} INFO - DAG(s) 'example_xcom_args', 'example_xcom_args_with_operators' retrieved from /home/pedro/.local/lib/python3.10/site-packages/airflow/example_dags/example_xcomargs.py
[2024-06-09T12:10:20.908-0300] {logging_mixin.py:188} INFO - [2024-06-09T12:10:20.908-0300] {dag.py:3096} INFO - Sync 2 DAGs
[2024-06-09T12:10:20.913-0300] {logging_mixin.py:188} INFO - [2024-06-09T12:10:20.913-0300] {dag.py:3954} INFO - Setting next_dagrun for example_xcom_args to None, run_after=None
[2024-06-09T12:10:20.915-0300] {logging_mixin.py:188} INFO - [2024-06-09T12:10:20.915-0300] {dag.py:3954} INFO - Setting next_dagrun for example_xcom_args_with_operators to None, run_after=None
[2024-06-09T12:10:20.929-0300] {processor.py:183} INFO - Processing /home/pedro/.local/lib/python3.10/site-packages/airflow/example_dags/example_xcomargs.py took 0.054 seconds
[2024-06-09T12:11:02.712-0300] {processor.py:161} INFO - Started process (PID=12943) to work on /home/pedro/.local/lib/python3.10/site-packages/airflow/example_dags/example_xcomargs.py
[2024-06-09T12:11:02.715-0300] {processor.py:830} INFO - Processing file /home/pedro/.local/lib/python3.10/site-packages/airflow/example_dags/example_xcomargs.py for tasks to queue
[2024-06-09T12:11:02.717-0300] {logging_mixin.py:188} INFO - [2024-06-09T12:11:02.716-0300] {dagbag.py:545} INFO - Filling up the DagBag from /home/pedro/.local/lib/python3.10/site-packages/airflow/example_dags/example_xcomargs.py
[2024-06-09T12:11:02.723-0300] {processor.py:840} INFO - DAG(s) 'example_xcom_args_with_operators', 'example_xcom_args' retrieved from /home/pedro/.local/lib/python3.10/site-packages/airflow/example_dags/example_xcomargs.py
[2024-06-09T12:11:02.735-0300] {logging_mixin.py:188} INFO - [2024-06-09T12:11:02.735-0300] {dag.py:3096} INFO - Sync 2 DAGs
[2024-06-09T12:11:02.743-0300] {logging_mixin.py:188} INFO - [2024-06-09T12:11:02.743-0300] {dag.py:3954} INFO - Setting next_dagrun for example_xcom_args to None, run_after=None
[2024-06-09T12:11:02.745-0300] {logging_mixin.py:188} INFO - [2024-06-09T12:11:02.745-0300] {dag.py:3954} INFO - Setting next_dagrun for example_xcom_args_with_operators to None, run_after=None
[2024-06-09T12:11:02.760-0300] {processor.py:183} INFO - Processing /home/pedro/.local/lib/python3.10/site-packages/airflow/example_dags/example_xcomargs.py took 0.053 seconds
[2024-06-09T12:11:42.056-0300] {processor.py:161} INFO - Started process (PID=12989) to work on /home/pedro/.local/lib/python3.10/site-packages/airflow/example_dags/example_xcomargs.py
[2024-06-09T12:11:42.058-0300] {processor.py:830} INFO - Processing file /home/pedro/.local/lib/python3.10/site-packages/airflow/example_dags/example_xcomargs.py for tasks to queue
[2024-06-09T12:11:42.060-0300] {logging_mixin.py:188} INFO - [2024-06-09T12:11:42.059-0300] {dagbag.py:545} INFO - Filling up the DagBag from /home/pedro/.local/lib/python3.10/site-packages/airflow/example_dags/example_xcomargs.py
[2024-06-09T12:11:42.067-0300] {processor.py:840} INFO - DAG(s) 'example_xcom_args_with_operators', 'example_xcom_args' retrieved from /home/pedro/.local/lib/python3.10/site-packages/airflow/example_dags/example_xcomargs.py
[2024-06-09T12:11:42.082-0300] {logging_mixin.py:188} INFO - [2024-06-09T12:11:42.082-0300] {dag.py:3096} INFO - Sync 2 DAGs
[2024-06-09T12:11:42.087-0300] {logging_mixin.py:188} INFO - [2024-06-09T12:11:42.087-0300] {dag.py:3954} INFO - Setting next_dagrun for example_xcom_args to None, run_after=None
[2024-06-09T12:11:42.089-0300] {logging_mixin.py:188} INFO - [2024-06-09T12:11:42.089-0300] {dag.py:3954} INFO - Setting next_dagrun for example_xcom_args_with_operators to None, run_after=None
[2024-06-09T12:11:42.104-0300] {processor.py:183} INFO - Processing /home/pedro/.local/lib/python3.10/site-packages/airflow/example_dags/example_xcomargs.py took 0.055 seconds
[2024-06-09T12:12:34.772-0300] {processor.py:161} INFO - Started process (PID=13082) to work on /home/pedro/.local/lib/python3.10/site-packages/airflow/example_dags/example_xcomargs.py
[2024-06-09T12:12:34.776-0300] {processor.py:830} INFO - Processing file /home/pedro/.local/lib/python3.10/site-packages/airflow/example_dags/example_xcomargs.py for tasks to queue
[2024-06-09T12:12:34.777-0300] {logging_mixin.py:188} INFO - [2024-06-09T12:12:34.777-0300] {dagbag.py:545} INFO - Filling up the DagBag from /home/pedro/.local/lib/python3.10/site-packages/airflow/example_dags/example_xcomargs.py
[2024-06-09T12:12:34.784-0300] {processor.py:840} INFO - DAG(s) 'example_xcom_args', 'example_xcom_args_with_operators' retrieved from /home/pedro/.local/lib/python3.10/site-packages/airflow/example_dags/example_xcomargs.py
[2024-06-09T12:12:34.795-0300] {logging_mixin.py:188} INFO - [2024-06-09T12:12:34.795-0300] {dag.py:3096} INFO - Sync 2 DAGs
[2024-06-09T12:12:34.862-0300] {logging_mixin.py:188} INFO - [2024-06-09T12:12:34.862-0300] {dag.py:3954} INFO - Setting next_dagrun for example_xcom_args to None, run_after=None
[2024-06-09T12:12:34.864-0300] {logging_mixin.py:188} INFO - [2024-06-09T12:12:34.864-0300] {dag.py:3954} INFO - Setting next_dagrun for example_xcom_args_with_operators to None, run_after=None
[2024-06-09T12:12:34.878-0300] {processor.py:183} INFO - Processing /home/pedro/.local/lib/python3.10/site-packages/airflow/example_dags/example_xcomargs.py took 0.114 seconds
[2024-06-09T12:13:22.938-0300] {processor.py:161} INFO - Started process (PID=13148) to work on /home/pedro/.local/lib/python3.10/site-packages/airflow/example_dags/example_xcomargs.py
[2024-06-09T12:13:22.942-0300] {processor.py:830} INFO - Processing file /home/pedro/.local/lib/python3.10/site-packages/airflow/example_dags/example_xcomargs.py for tasks to queue
[2024-06-09T12:13:22.944-0300] {logging_mixin.py:188} INFO - [2024-06-09T12:13:22.943-0300] {dagbag.py:545} INFO - Filling up the DagBag from /home/pedro/.local/lib/python3.10/site-packages/airflow/example_dags/example_xcomargs.py
[2024-06-09T12:13:22.952-0300] {processor.py:840} INFO - DAG(s) 'example_xcom_args', 'example_xcom_args_with_operators' retrieved from /home/pedro/.local/lib/python3.10/site-packages/airflow/example_dags/example_xcomargs.py
[2024-06-09T12:13:22.962-0300] {logging_mixin.py:188} INFO - [2024-06-09T12:13:22.962-0300] {dag.py:3096} INFO - Sync 2 DAGs
[2024-06-09T12:13:22.969-0300] {logging_mixin.py:188} INFO - [2024-06-09T12:13:22.969-0300] {dag.py:3954} INFO - Setting next_dagrun for example_xcom_args to None, run_after=None
[2024-06-09T12:13:22.971-0300] {logging_mixin.py:188} INFO - [2024-06-09T12:13:22.971-0300] {dag.py:3954} INFO - Setting next_dagrun for example_xcom_args_with_operators to None, run_after=None
[2024-06-09T12:13:22.986-0300] {processor.py:183} INFO - Processing /home/pedro/.local/lib/python3.10/site-packages/airflow/example_dags/example_xcomargs.py took 0.057 seconds
[2024-06-09T12:14:07.805-0300] {processor.py:161} INFO - Started process (PID=13210) to work on /home/pedro/.local/lib/python3.10/site-packages/airflow/example_dags/example_xcomargs.py
[2024-06-09T12:14:07.808-0300] {processor.py:830} INFO - Processing file /home/pedro/.local/lib/python3.10/site-packages/airflow/example_dags/example_xcomargs.py for tasks to queue
[2024-06-09T12:14:07.810-0300] {logging_mixin.py:188} INFO - [2024-06-09T12:14:07.810-0300] {dagbag.py:545} INFO - Filling up the DagBag from /home/pedro/.local/lib/python3.10/site-packages/airflow/example_dags/example_xcomargs.py
[2024-06-09T12:14:07.818-0300] {processor.py:840} INFO - DAG(s) 'example_xcom_args', 'example_xcom_args_with_operators' retrieved from /home/pedro/.local/lib/python3.10/site-packages/airflow/example_dags/example_xcomargs.py
[2024-06-09T12:14:07.830-0300] {logging_mixin.py:188} INFO - [2024-06-09T12:14:07.829-0300] {dag.py:3096} INFO - Sync 2 DAGs
[2024-06-09T12:14:07.836-0300] {logging_mixin.py:188} INFO - [2024-06-09T12:14:07.836-0300] {dag.py:3954} INFO - Setting next_dagrun for example_xcom_args to None, run_after=None
[2024-06-09T12:14:07.838-0300] {logging_mixin.py:188} INFO - [2024-06-09T12:14:07.838-0300] {dag.py:3954} INFO - Setting next_dagrun for example_xcom_args_with_operators to None, run_after=None
[2024-06-09T12:14:07.853-0300] {processor.py:183} INFO - Processing /home/pedro/.local/lib/python3.10/site-packages/airflow/example_dags/example_xcomargs.py took 0.058 seconds
[2024-06-09T12:14:55.220-0300] {processor.py:161} INFO - Started process (PID=13292) to work on /home/pedro/.local/lib/python3.10/site-packages/airflow/example_dags/example_xcomargs.py
[2024-06-09T12:14:55.223-0300] {processor.py:830} INFO - Processing file /home/pedro/.local/lib/python3.10/site-packages/airflow/example_dags/example_xcomargs.py for tasks to queue
[2024-06-09T12:14:55.225-0300] {logging_mixin.py:188} INFO - [2024-06-09T12:14:55.225-0300] {dagbag.py:545} INFO - Filling up the DagBag from /home/pedro/.local/lib/python3.10/site-packages/airflow/example_dags/example_xcomargs.py
[2024-06-09T12:14:55.235-0300] {processor.py:840} INFO - DAG(s) 'example_xcom_args', 'example_xcom_args_with_operators' retrieved from /home/pedro/.local/lib/python3.10/site-packages/airflow/example_dags/example_xcomargs.py
[2024-06-09T12:14:55.250-0300] {logging_mixin.py:188} INFO - [2024-06-09T12:14:55.250-0300] {dag.py:3096} INFO - Sync 2 DAGs
[2024-06-09T12:14:55.257-0300] {logging_mixin.py:188} INFO - [2024-06-09T12:14:55.256-0300] {dag.py:3954} INFO - Setting next_dagrun for example_xcom_args to None, run_after=None
[2024-06-09T12:14:55.259-0300] {logging_mixin.py:188} INFO - [2024-06-09T12:14:55.258-0300] {dag.py:3954} INFO - Setting next_dagrun for example_xcom_args_with_operators to None, run_after=None
[2024-06-09T12:14:55.274-0300] {processor.py:183} INFO - Processing /home/pedro/.local/lib/python3.10/site-packages/airflow/example_dags/example_xcomargs.py took 0.060 seconds
[2024-06-09T12:15:47.962-0300] {processor.py:161} INFO - Started process (PID=13390) to work on /home/pedro/.local/lib/python3.10/site-packages/airflow/example_dags/example_xcomargs.py
[2024-06-09T12:15:47.966-0300] {processor.py:830} INFO - Processing file /home/pedro/.local/lib/python3.10/site-packages/airflow/example_dags/example_xcomargs.py for tasks to queue
[2024-06-09T12:15:47.968-0300] {logging_mixin.py:188} INFO - [2024-06-09T12:15:47.968-0300] {dagbag.py:545} INFO - Filling up the DagBag from /home/pedro/.local/lib/python3.10/site-packages/airflow/example_dags/example_xcomargs.py
[2024-06-09T12:15:47.977-0300] {processor.py:840} INFO - DAG(s) 'example_xcom_args_with_operators', 'example_xcom_args' retrieved from /home/pedro/.local/lib/python3.10/site-packages/airflow/example_dags/example_xcomargs.py
[2024-06-09T12:15:47.990-0300] {logging_mixin.py:188} INFO - [2024-06-09T12:15:47.990-0300] {dag.py:3096} INFO - Sync 2 DAGs
[2024-06-09T12:15:48.052-0300] {logging_mixin.py:188} INFO - [2024-06-09T12:15:48.052-0300] {dag.py:3954} INFO - Setting next_dagrun for example_xcom_args to None, run_after=None
[2024-06-09T12:15:48.054-0300] {logging_mixin.py:188} INFO - [2024-06-09T12:15:48.053-0300] {dag.py:3954} INFO - Setting next_dagrun for example_xcom_args_with_operators to None, run_after=None
[2024-06-09T12:15:48.067-0300] {processor.py:183} INFO - Processing /home/pedro/.local/lib/python3.10/site-packages/airflow/example_dags/example_xcomargs.py took 0.111 seconds
[2024-06-09T12:19:44.220-0300] {processor.py:161} INFO - Started process (PID=13562) to work on /home/pedro/.local/lib/python3.10/site-packages/airflow/example_dags/example_xcomargs.py
[2024-06-09T12:19:44.223-0300] {processor.py:830} INFO - Processing file /home/pedro/.local/lib/python3.10/site-packages/airflow/example_dags/example_xcomargs.py for tasks to queue
[2024-06-09T12:19:44.225-0300] {logging_mixin.py:188} INFO - [2024-06-09T12:19:44.225-0300] {dagbag.py:545} INFO - Filling up the DagBag from /home/pedro/.local/lib/python3.10/site-packages/airflow/example_dags/example_xcomargs.py
[2024-06-09T12:19:44.233-0300] {processor.py:840} INFO - DAG(s) 'example_xcom_args_with_operators', 'example_xcom_args' retrieved from /home/pedro/.local/lib/python3.10/site-packages/airflow/example_dags/example_xcomargs.py
[2024-06-09T12:19:44.248-0300] {logging_mixin.py:188} INFO - [2024-06-09T12:19:44.247-0300] {dag.py:3096} INFO - Sync 2 DAGs
[2024-06-09T12:19:44.254-0300] {logging_mixin.py:188} INFO - [2024-06-09T12:19:44.253-0300] {dag.py:3954} INFO - Setting next_dagrun for example_xcom_args to None, run_after=None
[2024-06-09T12:19:44.255-0300] {logging_mixin.py:188} INFO - [2024-06-09T12:19:44.255-0300] {dag.py:3954} INFO - Setting next_dagrun for example_xcom_args_with_operators to None, run_after=None
[2024-06-09T12:19:44.269-0300] {processor.py:183} INFO - Processing /home/pedro/.local/lib/python3.10/site-packages/airflow/example_dags/example_xcomargs.py took 0.057 seconds
[2024-06-09T12:20:36.045-0300] {processor.py:161} INFO - Started process (PID=13671) to work on /home/pedro/.local/lib/python3.10/site-packages/airflow/example_dags/example_xcomargs.py
[2024-06-09T12:20:36.049-0300] {processor.py:830} INFO - Processing file /home/pedro/.local/lib/python3.10/site-packages/airflow/example_dags/example_xcomargs.py for tasks to queue
[2024-06-09T12:20:36.052-0300] {logging_mixin.py:188} INFO - [2024-06-09T12:20:36.051-0300] {dagbag.py:545} INFO - Filling up the DagBag from /home/pedro/.local/lib/python3.10/site-packages/airflow/example_dags/example_xcomargs.py
[2024-06-09T12:20:36.061-0300] {processor.py:840} INFO - DAG(s) 'example_xcom_args_with_operators', 'example_xcom_args' retrieved from /home/pedro/.local/lib/python3.10/site-packages/airflow/example_dags/example_xcomargs.py
[2024-06-09T12:20:36.070-0300] {logging_mixin.py:188} INFO - [2024-06-09T12:20:36.070-0300] {dag.py:3096} INFO - Sync 2 DAGs
[2024-06-09T12:20:36.134-0300] {logging_mixin.py:188} INFO - [2024-06-09T12:20:36.134-0300] {dag.py:3954} INFO - Setting next_dagrun for example_xcom_args to None, run_after=None
[2024-06-09T12:20:36.136-0300] {logging_mixin.py:188} INFO - [2024-06-09T12:20:36.136-0300] {dag.py:3954} INFO - Setting next_dagrun for example_xcom_args_with_operators to None, run_after=None
[2024-06-09T12:20:36.151-0300] {processor.py:183} INFO - Processing /home/pedro/.local/lib/python3.10/site-packages/airflow/example_dags/example_xcomargs.py took 0.111 seconds
[2024-06-09T12:21:20.156-0300] {processor.py:161} INFO - Started process (PID=13774) to work on /home/pedro/.local/lib/python3.10/site-packages/airflow/example_dags/example_xcomargs.py
[2024-06-09T12:21:20.160-0300] {processor.py:830} INFO - Processing file /home/pedro/.local/lib/python3.10/site-packages/airflow/example_dags/example_xcomargs.py for tasks to queue
[2024-06-09T12:21:20.162-0300] {logging_mixin.py:188} INFO - [2024-06-09T12:21:20.162-0300] {dagbag.py:545} INFO - Filling up the DagBag from /home/pedro/.local/lib/python3.10/site-packages/airflow/example_dags/example_xcomargs.py
[2024-06-09T12:21:20.171-0300] {processor.py:840} INFO - DAG(s) 'example_xcom_args_with_operators', 'example_xcom_args' retrieved from /home/pedro/.local/lib/python3.10/site-packages/airflow/example_dags/example_xcomargs.py
[2024-06-09T12:21:20.181-0300] {logging_mixin.py:188} INFO - [2024-06-09T12:21:20.181-0300] {dag.py:3096} INFO - Sync 2 DAGs
[2024-06-09T12:21:20.187-0300] {logging_mixin.py:188} INFO - [2024-06-09T12:21:20.187-0300] {dag.py:3954} INFO - Setting next_dagrun for example_xcom_args to None, run_after=None
[2024-06-09T12:21:20.188-0300] {logging_mixin.py:188} INFO - [2024-06-09T12:21:20.188-0300] {dag.py:3954} INFO - Setting next_dagrun for example_xcom_args_with_operators to None, run_after=None
[2024-06-09T12:21:20.203-0300] {processor.py:183} INFO - Processing /home/pedro/.local/lib/python3.10/site-packages/airflow/example_dags/example_xcomargs.py took 0.053 seconds
[2024-06-09T12:21:58.135-0300] {processor.py:161} INFO - Started process (PID=13851) to work on /home/pedro/.local/lib/python3.10/site-packages/airflow/example_dags/example_xcomargs.py
[2024-06-09T12:21:58.138-0300] {processor.py:830} INFO - Processing file /home/pedro/.local/lib/python3.10/site-packages/airflow/example_dags/example_xcomargs.py for tasks to queue
[2024-06-09T12:21:58.140-0300] {logging_mixin.py:188} INFO - [2024-06-09T12:21:58.140-0300] {dagbag.py:545} INFO - Filling up the DagBag from /home/pedro/.local/lib/python3.10/site-packages/airflow/example_dags/example_xcomargs.py
[2024-06-09T12:21:58.148-0300] {processor.py:840} INFO - DAG(s) 'example_xcom_args', 'example_xcom_args_with_operators' retrieved from /home/pedro/.local/lib/python3.10/site-packages/airflow/example_dags/example_xcomargs.py
[2024-06-09T12:21:58.158-0300] {logging_mixin.py:188} INFO - [2024-06-09T12:21:58.158-0300] {dag.py:3096} INFO - Sync 2 DAGs
[2024-06-09T12:21:58.164-0300] {logging_mixin.py:188} INFO - [2024-06-09T12:21:58.164-0300] {dag.py:3954} INFO - Setting next_dagrun for example_xcom_args to None, run_after=None
[2024-06-09T12:21:58.166-0300] {logging_mixin.py:188} INFO - [2024-06-09T12:21:58.165-0300] {dag.py:3954} INFO - Setting next_dagrun for example_xcom_args_with_operators to None, run_after=None
[2024-06-09T12:21:58.180-0300] {processor.py:183} INFO - Processing /home/pedro/.local/lib/python3.10/site-packages/airflow/example_dags/example_xcomargs.py took 0.048 seconds
[2024-06-09T12:22:40.157-0300] {processor.py:161} INFO - Started process (PID=13925) to work on /home/pedro/.local/lib/python3.10/site-packages/airflow/example_dags/example_xcomargs.py
[2024-06-09T12:22:40.161-0300] {processor.py:830} INFO - Processing file /home/pedro/.local/lib/python3.10/site-packages/airflow/example_dags/example_xcomargs.py for tasks to queue
[2024-06-09T12:22:40.162-0300] {logging_mixin.py:188} INFO - [2024-06-09T12:22:40.162-0300] {dagbag.py:545} INFO - Filling up the DagBag from /home/pedro/.local/lib/python3.10/site-packages/airflow/example_dags/example_xcomargs.py
[2024-06-09T12:22:40.170-0300] {processor.py:840} INFO - DAG(s) 'example_xcom_args_with_operators', 'example_xcom_args' retrieved from /home/pedro/.local/lib/python3.10/site-packages/airflow/example_dags/example_xcomargs.py
[2024-06-09T12:22:40.179-0300] {logging_mixin.py:188} INFO - [2024-06-09T12:22:40.179-0300] {dag.py:3096} INFO - Sync 2 DAGs
[2024-06-09T12:22:40.185-0300] {logging_mixin.py:188} INFO - [2024-06-09T12:22:40.185-0300] {dag.py:3954} INFO - Setting next_dagrun for example_xcom_args to None, run_after=None
[2024-06-09T12:22:40.187-0300] {logging_mixin.py:188} INFO - [2024-06-09T12:22:40.187-0300] {dag.py:3954} INFO - Setting next_dagrun for example_xcom_args_with_operators to None, run_after=None
[2024-06-09T12:22:40.201-0300] {processor.py:183} INFO - Processing /home/pedro/.local/lib/python3.10/site-packages/airflow/example_dags/example_xcomargs.py took 0.052 seconds
[2024-06-09T12:23:23.773-0300] {processor.py:161} INFO - Started process (PID=14017) to work on /home/pedro/.local/lib/python3.10/site-packages/airflow/example_dags/example_xcomargs.py
[2024-06-09T12:23:23.774-0300] {processor.py:830} INFO - Processing file /home/pedro/.local/lib/python3.10/site-packages/airflow/example_dags/example_xcomargs.py for tasks to queue
[2024-06-09T12:23:23.775-0300] {logging_mixin.py:188} INFO - [2024-06-09T12:23:23.775-0300] {dagbag.py:545} INFO - Filling up the DagBag from /home/pedro/.local/lib/python3.10/site-packages/airflow/example_dags/example_xcomargs.py
[2024-06-09T12:23:23.782-0300] {processor.py:840} INFO - DAG(s) 'example_xcom_args_with_operators', 'example_xcom_args' retrieved from /home/pedro/.local/lib/python3.10/site-packages/airflow/example_dags/example_xcomargs.py
[2024-06-09T12:23:23.792-0300] {logging_mixin.py:188} INFO - [2024-06-09T12:23:23.792-0300] {dag.py:3096} INFO - Sync 2 DAGs
[2024-06-09T12:23:23.797-0300] {logging_mixin.py:188} INFO - [2024-06-09T12:23:23.797-0300] {dag.py:3954} INFO - Setting next_dagrun for example_xcom_args to None, run_after=None
[2024-06-09T12:23:23.799-0300] {logging_mixin.py:188} INFO - [2024-06-09T12:23:23.799-0300] {dag.py:3954} INFO - Setting next_dagrun for example_xcom_args_with_operators to None, run_after=None
[2024-06-09T12:23:23.812-0300] {processor.py:183} INFO - Processing /home/pedro/.local/lib/python3.10/site-packages/airflow/example_dags/example_xcomargs.py took 0.044 seconds
[2024-06-09T16:26:01.254-0300] {processor.py:161} INFO - Started process (PID=4700) to work on /home/pedro/.local/lib/python3.10/site-packages/airflow/example_dags/example_xcomargs.py
[2024-06-09T16:26:01.258-0300] {processor.py:830} INFO - Processing file /home/pedro/.local/lib/python3.10/site-packages/airflow/example_dags/example_xcomargs.py for tasks to queue
[2024-06-09T16:26:01.260-0300] {logging_mixin.py:188} INFO - [2024-06-09T16:26:01.259-0300] {dagbag.py:545} INFO - Filling up the DagBag from /home/pedro/.local/lib/python3.10/site-packages/airflow/example_dags/example_xcomargs.py
[2024-06-09T16:26:01.268-0300] {processor.py:840} INFO - DAG(s) 'example_xcom_args_with_operators', 'example_xcom_args' retrieved from /home/pedro/.local/lib/python3.10/site-packages/airflow/example_dags/example_xcomargs.py
[2024-06-09T16:26:01.286-0300] {logging_mixin.py:188} INFO - [2024-06-09T16:26:01.285-0300] {dag.py:3096} INFO - Sync 2 DAGs
[2024-06-09T16:26:01.293-0300] {logging_mixin.py:188} INFO - [2024-06-09T16:26:01.293-0300] {dag.py:3954} INFO - Setting next_dagrun for example_xcom_args to None, run_after=None
[2024-06-09T16:26:01.296-0300] {logging_mixin.py:188} INFO - [2024-06-09T16:26:01.295-0300] {dag.py:3954} INFO - Setting next_dagrun for example_xcom_args_with_operators to None, run_after=None
[2024-06-09T16:26:01.314-0300] {processor.py:183} INFO - Processing /home/pedro/.local/lib/python3.10/site-packages/airflow/example_dags/example_xcomargs.py took 0.067 seconds
[2024-06-09T16:27:45.024-0300] {processor.py:161} INFO - Started process (PID=5274) to work on /home/pedro/.local/lib/python3.10/site-packages/airflow/example_dags/example_xcomargs.py
[2024-06-09T16:27:45.025-0300] {processor.py:830} INFO - Processing file /home/pedro/.local/lib/python3.10/site-packages/airflow/example_dags/example_xcomargs.py for tasks to queue
[2024-06-09T16:27:45.027-0300] {logging_mixin.py:188} INFO - [2024-06-09T16:27:45.027-0300] {dagbag.py:545} INFO - Filling up the DagBag from /home/pedro/.local/lib/python3.10/site-packages/airflow/example_dags/example_xcomargs.py
[2024-06-09T16:27:45.034-0300] {processor.py:840} INFO - DAG(s) 'example_xcom_args', 'example_xcom_args_with_operators' retrieved from /home/pedro/.local/lib/python3.10/site-packages/airflow/example_dags/example_xcomargs.py
[2024-06-09T16:27:45.043-0300] {logging_mixin.py:188} INFO - [2024-06-09T16:27:45.043-0300] {dag.py:3096} INFO - Sync 2 DAGs
[2024-06-09T16:27:45.110-0300] {logging_mixin.py:188} INFO - [2024-06-09T16:27:45.110-0300] {dag.py:3954} INFO - Setting next_dagrun for example_xcom_args to None, run_after=None
[2024-06-09T16:27:45.112-0300] {logging_mixin.py:188} INFO - [2024-06-09T16:27:45.112-0300] {dag.py:3954} INFO - Setting next_dagrun for example_xcom_args_with_operators to None, run_after=None
[2024-06-09T16:27:45.126-0300] {processor.py:183} INFO - Processing /home/pedro/.local/lib/python3.10/site-packages/airflow/example_dags/example_xcomargs.py took 0.110 seconds
[2024-06-09T16:29:59.445-0300] {processor.py:161} INFO - Started process (PID=6161) to work on /home/pedro/.local/lib/python3.10/site-packages/airflow/example_dags/example_xcomargs.py
[2024-06-09T16:29:59.446-0300] {processor.py:830} INFO - Processing file /home/pedro/.local/lib/python3.10/site-packages/airflow/example_dags/example_xcomargs.py for tasks to queue
[2024-06-09T16:29:59.448-0300] {logging_mixin.py:188} INFO - [2024-06-09T16:29:59.448-0300] {dagbag.py:545} INFO - Filling up the DagBag from /home/pedro/.local/lib/python3.10/site-packages/airflow/example_dags/example_xcomargs.py
[2024-06-09T16:29:59.454-0300] {processor.py:840} INFO - DAG(s) 'example_xcom_args', 'example_xcom_args_with_operators' retrieved from /home/pedro/.local/lib/python3.10/site-packages/airflow/example_dags/example_xcomargs.py
[2024-06-09T16:29:59.465-0300] {logging_mixin.py:188} INFO - [2024-06-09T16:29:59.464-0300] {dag.py:3096} INFO - Sync 2 DAGs
[2024-06-09T16:29:59.471-0300] {logging_mixin.py:188} INFO - [2024-06-09T16:29:59.471-0300] {dag.py:3954} INFO - Setting next_dagrun for example_xcom_args to None, run_after=None
[2024-06-09T16:29:59.473-0300] {logging_mixin.py:188} INFO - [2024-06-09T16:29:59.473-0300] {dag.py:3954} INFO - Setting next_dagrun for example_xcom_args_with_operators to None, run_after=None
[2024-06-09T16:29:59.486-0300] {processor.py:183} INFO - Processing /home/pedro/.local/lib/python3.10/site-packages/airflow/example_dags/example_xcomargs.py took 0.047 seconds
[2024-06-09T16:32:07.007-0300] {processor.py:161} INFO - Started process (PID=7949) to work on /home/pedro/.local/lib/python3.10/site-packages/airflow/example_dags/example_xcomargs.py
[2024-06-09T16:32:07.011-0300] {processor.py:830} INFO - Processing file /home/pedro/.local/lib/python3.10/site-packages/airflow/example_dags/example_xcomargs.py for tasks to queue
[2024-06-09T16:32:07.013-0300] {logging_mixin.py:188} INFO - [2024-06-09T16:32:07.013-0300] {dagbag.py:545} INFO - Filling up the DagBag from /home/pedro/.local/lib/python3.10/site-packages/airflow/example_dags/example_xcomargs.py
[2024-06-09T16:32:07.022-0300] {processor.py:840} INFO - DAG(s) 'example_xcom_args_with_operators', 'example_xcom_args' retrieved from /home/pedro/.local/lib/python3.10/site-packages/airflow/example_dags/example_xcomargs.py
[2024-06-09T16:32:07.032-0300] {logging_mixin.py:188} INFO - [2024-06-09T16:32:07.032-0300] {dag.py:3096} INFO - Sync 2 DAGs
[2024-06-09T16:32:07.038-0300] {logging_mixin.py:188} INFO - [2024-06-09T16:32:07.037-0300] {dag.py:3954} INFO - Setting next_dagrun for example_xcom_args to None, run_after=None
[2024-06-09T16:32:07.039-0300] {logging_mixin.py:188} INFO - [2024-06-09T16:32:07.039-0300] {dag.py:3954} INFO - Setting next_dagrun for example_xcom_args_with_operators to None, run_after=None
[2024-06-09T16:32:07.054-0300] {processor.py:183} INFO - Processing /home/pedro/.local/lib/python3.10/site-packages/airflow/example_dags/example_xcomargs.py took 0.053 seconds
[2024-06-09T16:34:10.301-0300] {processor.py:161} INFO - Started process (PID=8624) to work on /home/pedro/.local/lib/python3.10/site-packages/airflow/example_dags/example_xcomargs.py
[2024-06-09T16:34:10.304-0300] {processor.py:830} INFO - Processing file /home/pedro/.local/lib/python3.10/site-packages/airflow/example_dags/example_xcomargs.py for tasks to queue
[2024-06-09T16:34:10.306-0300] {logging_mixin.py:188} INFO - [2024-06-09T16:34:10.305-0300] {dagbag.py:545} INFO - Filling up the DagBag from /home/pedro/.local/lib/python3.10/site-packages/airflow/example_dags/example_xcomargs.py
[2024-06-09T16:34:10.311-0300] {processor.py:840} INFO - DAG(s) 'example_xcom_args_with_operators', 'example_xcom_args' retrieved from /home/pedro/.local/lib/python3.10/site-packages/airflow/example_dags/example_xcomargs.py
[2024-06-09T16:34:10.322-0300] {logging_mixin.py:188} INFO - [2024-06-09T16:34:10.322-0300] {dag.py:3096} INFO - Sync 2 DAGs
[2024-06-09T16:34:10.329-0300] {logging_mixin.py:188} INFO - [2024-06-09T16:34:10.328-0300] {dag.py:3954} INFO - Setting next_dagrun for example_xcom_args to None, run_after=None
[2024-06-09T16:34:10.331-0300] {logging_mixin.py:188} INFO - [2024-06-09T16:34:10.330-0300] {dag.py:3954} INFO - Setting next_dagrun for example_xcom_args_with_operators to None, run_after=None
[2024-06-09T16:34:10.346-0300] {processor.py:183} INFO - Processing /home/pedro/.local/lib/python3.10/site-packages/airflow/example_dags/example_xcomargs.py took 0.049 seconds
[2024-06-09T16:36:08.251-0300] {processor.py:161} INFO - Started process (PID=9289) to work on /home/pedro/.local/lib/python3.10/site-packages/airflow/example_dags/example_xcomargs.py
[2024-06-09T16:36:08.254-0300] {processor.py:830} INFO - Processing file /home/pedro/.local/lib/python3.10/site-packages/airflow/example_dags/example_xcomargs.py for tasks to queue
[2024-06-09T16:36:08.257-0300] {logging_mixin.py:188} INFO - [2024-06-09T16:36:08.256-0300] {dagbag.py:545} INFO - Filling up the DagBag from /home/pedro/.local/lib/python3.10/site-packages/airflow/example_dags/example_xcomargs.py
[2024-06-09T16:36:08.265-0300] {processor.py:840} INFO - DAG(s) 'example_xcom_args_with_operators', 'example_xcom_args' retrieved from /home/pedro/.local/lib/python3.10/site-packages/airflow/example_dags/example_xcomargs.py
[2024-06-09T16:36:08.275-0300] {logging_mixin.py:188} INFO - [2024-06-09T16:36:08.275-0300] {dag.py:3096} INFO - Sync 2 DAGs
[2024-06-09T16:36:08.281-0300] {logging_mixin.py:188} INFO - [2024-06-09T16:36:08.281-0300] {dag.py:3954} INFO - Setting next_dagrun for example_xcom_args to None, run_after=None
[2024-06-09T16:36:08.283-0300] {logging_mixin.py:188} INFO - [2024-06-09T16:36:08.283-0300] {dag.py:3954} INFO - Setting next_dagrun for example_xcom_args_with_operators to None, run_after=None
[2024-06-09T16:36:08.298-0300] {processor.py:183} INFO - Processing /home/pedro/.local/lib/python3.10/site-packages/airflow/example_dags/example_xcomargs.py took 0.051 seconds
[2024-06-09T16:38:05.913-0300] {processor.py:161} INFO - Started process (PID=10036) to work on /home/pedro/.local/lib/python3.10/site-packages/airflow/example_dags/example_xcomargs.py
[2024-06-09T16:38:05.916-0300] {processor.py:830} INFO - Processing file /home/pedro/.local/lib/python3.10/site-packages/airflow/example_dags/example_xcomargs.py for tasks to queue
[2024-06-09T16:38:05.917-0300] {logging_mixin.py:188} INFO - [2024-06-09T16:38:05.917-0300] {dagbag.py:545} INFO - Filling up the DagBag from /home/pedro/.local/lib/python3.10/site-packages/airflow/example_dags/example_xcomargs.py
[2024-06-09T16:38:05.924-0300] {processor.py:840} INFO - DAG(s) 'example_xcom_args_with_operators', 'example_xcom_args' retrieved from /home/pedro/.local/lib/python3.10/site-packages/airflow/example_dags/example_xcomargs.py
[2024-06-09T16:38:05.934-0300] {logging_mixin.py:188} INFO - [2024-06-09T16:38:05.934-0300] {dag.py:3096} INFO - Sync 2 DAGs
[2024-06-09T16:38:05.941-0300] {logging_mixin.py:188} INFO - [2024-06-09T16:38:05.940-0300] {dag.py:3954} INFO - Setting next_dagrun for example_xcom_args to None, run_after=None
[2024-06-09T16:38:05.942-0300] {logging_mixin.py:188} INFO - [2024-06-09T16:38:05.942-0300] {dag.py:3954} INFO - Setting next_dagrun for example_xcom_args_with_operators to None, run_after=None
[2024-06-09T16:38:05.958-0300] {processor.py:183} INFO - Processing /home/pedro/.local/lib/python3.10/site-packages/airflow/example_dags/example_xcomargs.py took 0.047 seconds
[2024-06-09T16:40:01.309-0300] {processor.py:161} INFO - Started process (PID=10693) to work on /home/pedro/.local/lib/python3.10/site-packages/airflow/example_dags/example_xcomargs.py
[2024-06-09T16:40:01.313-0300] {processor.py:830} INFO - Processing file /home/pedro/.local/lib/python3.10/site-packages/airflow/example_dags/example_xcomargs.py for tasks to queue
[2024-06-09T16:40:01.314-0300] {logging_mixin.py:188} INFO - [2024-06-09T16:40:01.314-0300] {dagbag.py:545} INFO - Filling up the DagBag from /home/pedro/.local/lib/python3.10/site-packages/airflow/example_dags/example_xcomargs.py
[2024-06-09T16:40:01.322-0300] {processor.py:840} INFO - DAG(s) 'example_xcom_args_with_operators', 'example_xcom_args' retrieved from /home/pedro/.local/lib/python3.10/site-packages/airflow/example_dags/example_xcomargs.py
[2024-06-09T16:40:01.332-0300] {logging_mixin.py:188} INFO - [2024-06-09T16:40:01.332-0300] {dag.py:3096} INFO - Sync 2 DAGs
[2024-06-09T16:40:01.338-0300] {logging_mixin.py:188} INFO - [2024-06-09T16:40:01.338-0300] {dag.py:3954} INFO - Setting next_dagrun for example_xcom_args to None, run_after=None
[2024-06-09T16:40:01.340-0300] {logging_mixin.py:188} INFO - [2024-06-09T16:40:01.340-0300] {dag.py:3954} INFO - Setting next_dagrun for example_xcom_args_with_operators to None, run_after=None
[2024-06-09T16:40:01.355-0300] {processor.py:183} INFO - Processing /home/pedro/.local/lib/python3.10/site-packages/airflow/example_dags/example_xcomargs.py took 0.049 seconds
[2024-06-09T16:42:00.224-0300] {processor.py:161} INFO - Started process (PID=11427) to work on /home/pedro/.local/lib/python3.10/site-packages/airflow/example_dags/example_xcomargs.py
[2024-06-09T16:42:00.228-0300] {processor.py:830} INFO - Processing file /home/pedro/.local/lib/python3.10/site-packages/airflow/example_dags/example_xcomargs.py for tasks to queue
[2024-06-09T16:42:00.229-0300] {logging_mixin.py:188} INFO - [2024-06-09T16:42:00.228-0300] {dagbag.py:545} INFO - Filling up the DagBag from /home/pedro/.local/lib/python3.10/site-packages/airflow/example_dags/example_xcomargs.py
[2024-06-09T16:42:00.234-0300] {processor.py:840} INFO - DAG(s) 'example_xcom_args', 'example_xcom_args_with_operators' retrieved from /home/pedro/.local/lib/python3.10/site-packages/airflow/example_dags/example_xcomargs.py
[2024-06-09T16:42:00.245-0300] {logging_mixin.py:188} INFO - [2024-06-09T16:42:00.245-0300] {dag.py:3096} INFO - Sync 2 DAGs
[2024-06-09T16:42:00.253-0300] {logging_mixin.py:188} INFO - [2024-06-09T16:42:00.253-0300] {dag.py:3954} INFO - Setting next_dagrun for example_xcom_args to None, run_after=None
[2024-06-09T16:42:00.255-0300] {logging_mixin.py:188} INFO - [2024-06-09T16:42:00.255-0300] {dag.py:3954} INFO - Setting next_dagrun for example_xcom_args_with_operators to None, run_after=None
[2024-06-09T16:42:00.271-0300] {processor.py:183} INFO - Processing /home/pedro/.local/lib/python3.10/site-packages/airflow/example_dags/example_xcomargs.py took 0.051 seconds
[2024-06-09T16:44:02.943-0300] {processor.py:161} INFO - Started process (PID=12129) to work on /home/pedro/.local/lib/python3.10/site-packages/airflow/example_dags/example_xcomargs.py
[2024-06-09T16:44:02.944-0300] {processor.py:830} INFO - Processing file /home/pedro/.local/lib/python3.10/site-packages/airflow/example_dags/example_xcomargs.py for tasks to queue
[2024-06-09T16:44:02.945-0300] {logging_mixin.py:188} INFO - [2024-06-09T16:44:02.945-0300] {dagbag.py:545} INFO - Filling up the DagBag from /home/pedro/.local/lib/python3.10/site-packages/airflow/example_dags/example_xcomargs.py
[2024-06-09T16:44:02.950-0300] {processor.py:840} INFO - DAG(s) 'example_xcom_args_with_operators', 'example_xcom_args' retrieved from /home/pedro/.local/lib/python3.10/site-packages/airflow/example_dags/example_xcomargs.py
[2024-06-09T16:44:02.963-0300] {logging_mixin.py:188} INFO - [2024-06-09T16:44:02.962-0300] {dag.py:3096} INFO - Sync 2 DAGs
[2024-06-09T16:44:02.969-0300] {logging_mixin.py:188} INFO - [2024-06-09T16:44:02.968-0300] {dag.py:3954} INFO - Setting next_dagrun for example_xcom_args to None, run_after=None
[2024-06-09T16:44:02.971-0300] {logging_mixin.py:188} INFO - [2024-06-09T16:44:02.971-0300] {dag.py:3954} INFO - Setting next_dagrun for example_xcom_args_with_operators to None, run_after=None
[2024-06-09T16:44:02.985-0300] {processor.py:183} INFO - Processing /home/pedro/.local/lib/python3.10/site-packages/airflow/example_dags/example_xcomargs.py took 0.049 seconds
[2024-06-09T16:46:13.470-0300] {processor.py:161} INFO - Started process (PID=12863) to work on /home/pedro/.local/lib/python3.10/site-packages/airflow/example_dags/example_xcomargs.py
[2024-06-09T16:46:13.473-0300] {processor.py:830} INFO - Processing file /home/pedro/.local/lib/python3.10/site-packages/airflow/example_dags/example_xcomargs.py for tasks to queue
[2024-06-09T16:46:13.474-0300] {logging_mixin.py:188} INFO - [2024-06-09T16:46:13.474-0300] {dagbag.py:545} INFO - Filling up the DagBag from /home/pedro/.local/lib/python3.10/site-packages/airflow/example_dags/example_xcomargs.py
[2024-06-09T16:46:13.482-0300] {processor.py:840} INFO - DAG(s) 'example_xcom_args_with_operators', 'example_xcom_args' retrieved from /home/pedro/.local/lib/python3.10/site-packages/airflow/example_dags/example_xcomargs.py
[2024-06-09T16:46:13.492-0300] {logging_mixin.py:188} INFO - [2024-06-09T16:46:13.492-0300] {dag.py:3096} INFO - Sync 2 DAGs
[2024-06-09T16:46:13.499-0300] {logging_mixin.py:188} INFO - [2024-06-09T16:46:13.499-0300] {dag.py:3954} INFO - Setting next_dagrun for example_xcom_args to None, run_after=None
[2024-06-09T16:46:13.501-0300] {logging_mixin.py:188} INFO - [2024-06-09T16:46:13.501-0300] {dag.py:3954} INFO - Setting next_dagrun for example_xcom_args_with_operators to None, run_after=None
[2024-06-09T16:46:13.516-0300] {processor.py:183} INFO - Processing /home/pedro/.local/lib/python3.10/site-packages/airflow/example_dags/example_xcomargs.py took 0.052 seconds
[2024-06-09T16:48:16.664-0300] {processor.py:161} INFO - Started process (PID=13564) to work on /home/pedro/.local/lib/python3.10/site-packages/airflow/example_dags/example_xcomargs.py
[2024-06-09T16:48:16.667-0300] {processor.py:830} INFO - Processing file /home/pedro/.local/lib/python3.10/site-packages/airflow/example_dags/example_xcomargs.py for tasks to queue
[2024-06-09T16:48:16.669-0300] {logging_mixin.py:188} INFO - [2024-06-09T16:48:16.668-0300] {dagbag.py:545} INFO - Filling up the DagBag from /home/pedro/.local/lib/python3.10/site-packages/airflow/example_dags/example_xcomargs.py
[2024-06-09T16:48:16.675-0300] {processor.py:840} INFO - DAG(s) 'example_xcom_args_with_operators', 'example_xcom_args' retrieved from /home/pedro/.local/lib/python3.10/site-packages/airflow/example_dags/example_xcomargs.py
[2024-06-09T16:48:16.685-0300] {logging_mixin.py:188} INFO - [2024-06-09T16:48:16.685-0300] {dag.py:3096} INFO - Sync 2 DAGs
[2024-06-09T16:48:16.691-0300] {logging_mixin.py:188} INFO - [2024-06-09T16:48:16.691-0300] {dag.py:3954} INFO - Setting next_dagrun for example_xcom_args to None, run_after=None
[2024-06-09T16:48:16.693-0300] {logging_mixin.py:188} INFO - [2024-06-09T16:48:16.693-0300] {dag.py:3954} INFO - Setting next_dagrun for example_xcom_args_with_operators to None, run_after=None
[2024-06-09T16:48:16.707-0300] {processor.py:183} INFO - Processing /home/pedro/.local/lib/python3.10/site-packages/airflow/example_dags/example_xcomargs.py took 0.053 seconds
[2024-06-09T16:50:15.671-0300] {processor.py:161} INFO - Started process (PID=14361) to work on /home/pedro/.local/lib/python3.10/site-packages/airflow/example_dags/example_xcomargs.py
[2024-06-09T16:50:15.675-0300] {processor.py:830} INFO - Processing file /home/pedro/.local/lib/python3.10/site-packages/airflow/example_dags/example_xcomargs.py for tasks to queue
[2024-06-09T16:50:15.677-0300] {logging_mixin.py:188} INFO - [2024-06-09T16:50:15.676-0300] {dagbag.py:545} INFO - Filling up the DagBag from /home/pedro/.local/lib/python3.10/site-packages/airflow/example_dags/example_xcomargs.py
[2024-06-09T16:50:15.686-0300] {processor.py:840} INFO - DAG(s) 'example_xcom_args_with_operators', 'example_xcom_args' retrieved from /home/pedro/.local/lib/python3.10/site-packages/airflow/example_dags/example_xcomargs.py
[2024-06-09T16:50:15.697-0300] {logging_mixin.py:188} INFO - [2024-06-09T16:50:15.697-0300] {dag.py:3096} INFO - Sync 2 DAGs
[2024-06-09T16:50:15.703-0300] {logging_mixin.py:188} INFO - [2024-06-09T16:50:15.703-0300] {dag.py:3954} INFO - Setting next_dagrun for example_xcom_args to None, run_after=None
[2024-06-09T16:50:15.705-0300] {logging_mixin.py:188} INFO - [2024-06-09T16:50:15.705-0300] {dag.py:3954} INFO - Setting next_dagrun for example_xcom_args_with_operators to None, run_after=None
[2024-06-09T16:50:15.718-0300] {processor.py:183} INFO - Processing /home/pedro/.local/lib/python3.10/site-packages/airflow/example_dags/example_xcomargs.py took 0.051 seconds
[2024-06-09T16:52:16.984-0300] {processor.py:161} INFO - Started process (PID=15032) to work on /home/pedro/.local/lib/python3.10/site-packages/airflow/example_dags/example_xcomargs.py
[2024-06-09T16:52:16.987-0300] {processor.py:830} INFO - Processing file /home/pedro/.local/lib/python3.10/site-packages/airflow/example_dags/example_xcomargs.py for tasks to queue
[2024-06-09T16:52:16.989-0300] {logging_mixin.py:188} INFO - [2024-06-09T16:52:16.989-0300] {dagbag.py:545} INFO - Filling up the DagBag from /home/pedro/.local/lib/python3.10/site-packages/airflow/example_dags/example_xcomargs.py
[2024-06-09T16:52:16.998-0300] {processor.py:840} INFO - DAG(s) 'example_xcom_args_with_operators', 'example_xcom_args' retrieved from /home/pedro/.local/lib/python3.10/site-packages/airflow/example_dags/example_xcomargs.py
[2024-06-09T16:52:17.007-0300] {logging_mixin.py:188} INFO - [2024-06-09T16:52:17.007-0300] {dag.py:3096} INFO - Sync 2 DAGs
[2024-06-09T16:52:17.013-0300] {logging_mixin.py:188} INFO - [2024-06-09T16:52:17.013-0300] {dag.py:3954} INFO - Setting next_dagrun for example_xcom_args to None, run_after=None
[2024-06-09T16:52:17.015-0300] {logging_mixin.py:188} INFO - [2024-06-09T16:52:17.015-0300] {dag.py:3954} INFO - Setting next_dagrun for example_xcom_args_with_operators to None, run_after=None
[2024-06-09T16:52:17.028-0300] {processor.py:183} INFO - Processing /home/pedro/.local/lib/python3.10/site-packages/airflow/example_dags/example_xcomargs.py took 0.050 seconds
[2024-06-09T16:54:27.226-0300] {processor.py:161} INFO - Started process (PID=15783) to work on /home/pedro/.local/lib/python3.10/site-packages/airflow/example_dags/example_xcomargs.py
[2024-06-09T16:54:27.227-0300] {processor.py:830} INFO - Processing file /home/pedro/.local/lib/python3.10/site-packages/airflow/example_dags/example_xcomargs.py for tasks to queue
[2024-06-09T16:54:27.229-0300] {logging_mixin.py:188} INFO - [2024-06-09T16:54:27.228-0300] {dagbag.py:545} INFO - Filling up the DagBag from /home/pedro/.local/lib/python3.10/site-packages/airflow/example_dags/example_xcomargs.py
[2024-06-09T16:54:27.235-0300] {processor.py:840} INFO - DAG(s) 'example_xcom_args', 'example_xcom_args_with_operators' retrieved from /home/pedro/.local/lib/python3.10/site-packages/airflow/example_dags/example_xcomargs.py
[2024-06-09T16:54:27.245-0300] {logging_mixin.py:188} INFO - [2024-06-09T16:54:27.245-0300] {dag.py:3096} INFO - Sync 2 DAGs
[2024-06-09T16:54:27.251-0300] {logging_mixin.py:188} INFO - [2024-06-09T16:54:27.251-0300] {dag.py:3954} INFO - Setting next_dagrun for example_xcom_args to None, run_after=None
[2024-06-09T16:54:27.253-0300] {logging_mixin.py:188} INFO - [2024-06-09T16:54:27.253-0300] {dag.py:3954} INFO - Setting next_dagrun for example_xcom_args_with_operators to None, run_after=None
[2024-06-09T16:54:27.268-0300] {processor.py:183} INFO - Processing /home/pedro/.local/lib/python3.10/site-packages/airflow/example_dags/example_xcomargs.py took 0.050 seconds
[2024-06-09T16:56:31.799-0300] {processor.py:161} INFO - Started process (PID=16496) to work on /home/pedro/.local/lib/python3.10/site-packages/airflow/example_dags/example_xcomargs.py
[2024-06-09T16:56:31.801-0300] {processor.py:830} INFO - Processing file /home/pedro/.local/lib/python3.10/site-packages/airflow/example_dags/example_xcomargs.py for tasks to queue
[2024-06-09T16:56:31.802-0300] {logging_mixin.py:188} INFO - [2024-06-09T16:56:31.802-0300] {dagbag.py:545} INFO - Filling up the DagBag from /home/pedro/.local/lib/python3.10/site-packages/airflow/example_dags/example_xcomargs.py
[2024-06-09T16:56:31.808-0300] {processor.py:840} INFO - DAG(s) 'example_xcom_args', 'example_xcom_args_with_operators' retrieved from /home/pedro/.local/lib/python3.10/site-packages/airflow/example_dags/example_xcomargs.py
[2024-06-09T16:56:31.820-0300] {logging_mixin.py:188} INFO - [2024-06-09T16:56:31.820-0300] {dag.py:3096} INFO - Sync 2 DAGs
[2024-06-09T16:56:31.826-0300] {logging_mixin.py:188} INFO - [2024-06-09T16:56:31.826-0300] {dag.py:3954} INFO - Setting next_dagrun for example_xcom_args to None, run_after=None
[2024-06-09T16:56:31.829-0300] {logging_mixin.py:188} INFO - [2024-06-09T16:56:31.829-0300] {dag.py:3954} INFO - Setting next_dagrun for example_xcom_args_with_operators to None, run_after=None
[2024-06-09T16:56:31.845-0300] {processor.py:183} INFO - Processing /home/pedro/.local/lib/python3.10/site-packages/airflow/example_dags/example_xcomargs.py took 0.055 seconds
[2024-06-09T16:58:34.416-0300] {processor.py:161} INFO - Started process (PID=17259) to work on /home/pedro/.local/lib/python3.10/site-packages/airflow/example_dags/example_xcomargs.py
[2024-06-09T16:58:34.419-0300] {processor.py:830} INFO - Processing file /home/pedro/.local/lib/python3.10/site-packages/airflow/example_dags/example_xcomargs.py for tasks to queue
[2024-06-09T16:58:34.421-0300] {logging_mixin.py:188} INFO - [2024-06-09T16:58:34.421-0300] {dagbag.py:545} INFO - Filling up the DagBag from /home/pedro/.local/lib/python3.10/site-packages/airflow/example_dags/example_xcomargs.py
[2024-06-09T16:58:34.429-0300] {processor.py:840} INFO - DAG(s) 'example_xcom_args_with_operators', 'example_xcom_args' retrieved from /home/pedro/.local/lib/python3.10/site-packages/airflow/example_dags/example_xcomargs.py
[2024-06-09T16:58:34.441-0300] {logging_mixin.py:188} INFO - [2024-06-09T16:58:34.441-0300] {dag.py:3096} INFO - Sync 2 DAGs
[2024-06-09T16:58:34.447-0300] {logging_mixin.py:188} INFO - [2024-06-09T16:58:34.446-0300] {dag.py:3954} INFO - Setting next_dagrun for example_xcom_args to None, run_after=None
[2024-06-09T16:58:34.448-0300] {logging_mixin.py:188} INFO - [2024-06-09T16:58:34.448-0300] {dag.py:3954} INFO - Setting next_dagrun for example_xcom_args_with_operators to None, run_after=None
[2024-06-09T16:58:34.463-0300] {processor.py:183} INFO - Processing /home/pedro/.local/lib/python3.10/site-packages/airflow/example_dags/example_xcomargs.py took 0.051 seconds
