[2024-06-09T11:45:23.256-0300] {processor.py:161} INFO - Started process (PID=5894) to work on /home/pedro/.local/lib/python3.10/site-packages/airflow/example_dags/example_setup_teardown_taskflow.py
[2024-06-09T11:45:23.257-0300] {processor.py:830} INFO - Processing file /home/pedro/.local/lib/python3.10/site-packages/airflow/example_dags/example_setup_teardown_taskflow.py for tasks to queue
[2024-06-09T11:45:23.259-0300] {logging_mixin.py:188} INFO - [2024-06-09T11:45:23.259-0300] {dagbag.py:545} INFO - Filling up the DagBag from /home/pedro/.local/lib/python3.10/site-packages/airflow/example_dags/example_setup_teardown_taskflow.py
[2024-06-09T11:45:23.268-0300] {processor.py:840} INFO - DAG(s) 'example_setup_teardown_taskflow' retrieved from /home/pedro/.local/lib/python3.10/site-packages/airflow/example_dags/example_setup_teardown_taskflow.py
[2024-06-09T11:45:23.281-0300] {logging_mixin.py:188} INFO - [2024-06-09T11:45:23.281-0300] {dag.py:3096} INFO - Sync 1 DAGs
[2024-06-09T11:45:23.291-0300] {logging_mixin.py:188} INFO - [2024-06-09T11:45:23.290-0300] {dag.py:3954} INFO - Setting next_dagrun for example_setup_teardown_taskflow to 2024-06-08 00:00:00+00:00, run_after=2024-06-09 00:00:00+00:00
[2024-06-09T11:45:23.309-0300] {processor.py:183} INFO - Processing /home/pedro/.local/lib/python3.10/site-packages/airflow/example_dags/example_setup_teardown_taskflow.py took 0.060 seconds
[2024-06-09T11:46:15.510-0300] {processor.py:161} INFO - Started process (PID=7196) to work on /home/pedro/.local/lib/python3.10/site-packages/airflow/example_dags/example_setup_teardown_taskflow.py
[2024-06-09T11:46:15.513-0300] {processor.py:830} INFO - Processing file /home/pedro/.local/lib/python3.10/site-packages/airflow/example_dags/example_setup_teardown_taskflow.py for tasks to queue
[2024-06-09T11:46:15.515-0300] {logging_mixin.py:188} INFO - [2024-06-09T11:46:15.515-0300] {dagbag.py:545} INFO - Filling up the DagBag from /home/pedro/.local/lib/python3.10/site-packages/airflow/example_dags/example_setup_teardown_taskflow.py
[2024-06-09T11:46:15.524-0300] {processor.py:840} INFO - DAG(s) 'example_setup_teardown_taskflow' retrieved from /home/pedro/.local/lib/python3.10/site-packages/airflow/example_dags/example_setup_teardown_taskflow.py
[2024-06-09T11:46:15.533-0300] {logging_mixin.py:188} INFO - [2024-06-09T11:46:15.533-0300] {dag.py:3096} INFO - Sync 1 DAGs
[2024-06-09T11:46:15.595-0300] {logging_mixin.py:188} INFO - [2024-06-09T11:46:15.595-0300] {dag.py:3954} INFO - Setting next_dagrun for example_setup_teardown_taskflow to 2024-06-08 00:00:00+00:00, run_after=2024-06-09 00:00:00+00:00
[2024-06-09T11:46:15.609-0300] {processor.py:183} INFO - Processing /home/pedro/.local/lib/python3.10/site-packages/airflow/example_dags/example_setup_teardown_taskflow.py took 0.108 seconds
[2024-06-09T11:47:01.260-0300] {processor.py:161} INFO - Started process (PID=7343) to work on /home/pedro/.local/lib/python3.10/site-packages/airflow/example_dags/example_setup_teardown_taskflow.py
[2024-06-09T11:47:01.260-0300] {processor.py:830} INFO - Processing file /home/pedro/.local/lib/python3.10/site-packages/airflow/example_dags/example_setup_teardown_taskflow.py for tasks to queue
[2024-06-09T11:47:01.261-0300] {logging_mixin.py:188} INFO - [2024-06-09T11:47:01.261-0300] {dagbag.py:545} INFO - Filling up the DagBag from /home/pedro/.local/lib/python3.10/site-packages/airflow/example_dags/example_setup_teardown_taskflow.py
[2024-06-09T11:47:01.266-0300] {processor.py:840} INFO - DAG(s) 'example_setup_teardown_taskflow' retrieved from /home/pedro/.local/lib/python3.10/site-packages/airflow/example_dags/example_setup_teardown_taskflow.py
[2024-06-09T11:47:01.275-0300] {logging_mixin.py:188} INFO - [2024-06-09T11:47:01.275-0300] {dag.py:3096} INFO - Sync 1 DAGs
[2024-06-09T11:47:01.287-0300] {logging_mixin.py:188} INFO - [2024-06-09T11:47:01.287-0300] {dag.py:3954} INFO - Setting next_dagrun for example_setup_teardown_taskflow to 2024-06-08 00:00:00+00:00, run_after=2024-06-09 00:00:00+00:00
[2024-06-09T11:47:01.302-0300] {processor.py:183} INFO - Processing /home/pedro/.local/lib/python3.10/site-packages/airflow/example_dags/example_setup_teardown_taskflow.py took 0.046 seconds
[2024-06-09T11:47:52.712-0300] {processor.py:161} INFO - Started process (PID=7438) to work on /home/pedro/.local/lib/python3.10/site-packages/airflow/example_dags/example_setup_teardown_taskflow.py
[2024-06-09T11:47:52.716-0300] {processor.py:830} INFO - Processing file /home/pedro/.local/lib/python3.10/site-packages/airflow/example_dags/example_setup_teardown_taskflow.py for tasks to queue
[2024-06-09T11:47:52.717-0300] {logging_mixin.py:188} INFO - [2024-06-09T11:47:52.716-0300] {dagbag.py:545} INFO - Filling up the DagBag from /home/pedro/.local/lib/python3.10/site-packages/airflow/example_dags/example_setup_teardown_taskflow.py
[2024-06-09T11:47:52.722-0300] {processor.py:840} INFO - DAG(s) 'example_setup_teardown_taskflow' retrieved from /home/pedro/.local/lib/python3.10/site-packages/airflow/example_dags/example_setup_teardown_taskflow.py
[2024-06-09T11:47:52.732-0300] {logging_mixin.py:188} INFO - [2024-06-09T11:47:52.732-0300] {dag.py:3096} INFO - Sync 1 DAGs
[2024-06-09T11:47:52.744-0300] {logging_mixin.py:188} INFO - [2024-06-09T11:47:52.744-0300] {dag.py:3954} INFO - Setting next_dagrun for example_setup_teardown_taskflow to 2024-06-08 00:00:00+00:00, run_after=2024-06-09 00:00:00+00:00
[2024-06-09T11:47:52.756-0300] {processor.py:183} INFO - Processing /home/pedro/.local/lib/python3.10/site-packages/airflow/example_dags/example_setup_teardown_taskflow.py took 0.047 seconds
[2024-06-09T11:48:35.076-0300] {processor.py:161} INFO - Started process (PID=7513) to work on /home/pedro/.local/lib/python3.10/site-packages/airflow/example_dags/example_setup_teardown_taskflow.py
[2024-06-09T11:48:35.079-0300] {processor.py:830} INFO - Processing file /home/pedro/.local/lib/python3.10/site-packages/airflow/example_dags/example_setup_teardown_taskflow.py for tasks to queue
[2024-06-09T11:48:35.081-0300] {logging_mixin.py:188} INFO - [2024-06-09T11:48:35.080-0300] {dagbag.py:545} INFO - Filling up the DagBag from /home/pedro/.local/lib/python3.10/site-packages/airflow/example_dags/example_setup_teardown_taskflow.py
[2024-06-09T11:48:35.091-0300] {processor.py:840} INFO - DAG(s) 'example_setup_teardown_taskflow' retrieved from /home/pedro/.local/lib/python3.10/site-packages/airflow/example_dags/example_setup_teardown_taskflow.py
[2024-06-09T11:48:35.100-0300] {logging_mixin.py:188} INFO - [2024-06-09T11:48:35.100-0300] {dag.py:3096} INFO - Sync 1 DAGs
[2024-06-09T11:48:35.109-0300] {logging_mixin.py:188} INFO - [2024-06-09T11:48:35.109-0300] {dag.py:3954} INFO - Setting next_dagrun for example_setup_teardown_taskflow to 2024-06-08 00:00:00+00:00, run_after=2024-06-09 00:00:00+00:00
[2024-06-09T11:48:35.123-0300] {processor.py:183} INFO - Processing /home/pedro/.local/lib/python3.10/site-packages/airflow/example_dags/example_setup_teardown_taskflow.py took 0.052 seconds
[2024-06-09T11:49:16.824-0300] {processor.py:161} INFO - Started process (PID=7769) to work on /home/pedro/.local/lib/python3.10/site-packages/airflow/example_dags/example_setup_teardown_taskflow.py
[2024-06-09T11:49:16.828-0300] {processor.py:830} INFO - Processing file /home/pedro/.local/lib/python3.10/site-packages/airflow/example_dags/example_setup_teardown_taskflow.py for tasks to queue
[2024-06-09T11:49:16.830-0300] {logging_mixin.py:188} INFO - [2024-06-09T11:49:16.829-0300] {dagbag.py:545} INFO - Filling up the DagBag from /home/pedro/.local/lib/python3.10/site-packages/airflow/example_dags/example_setup_teardown_taskflow.py
[2024-06-09T11:49:16.837-0300] {processor.py:840} INFO - DAG(s) 'example_setup_teardown_taskflow' retrieved from /home/pedro/.local/lib/python3.10/site-packages/airflow/example_dags/example_setup_teardown_taskflow.py
[2024-06-09T11:49:16.847-0300] {logging_mixin.py:188} INFO - [2024-06-09T11:49:16.847-0300] {dag.py:3096} INFO - Sync 1 DAGs
[2024-06-09T11:49:16.858-0300] {logging_mixin.py:188} INFO - [2024-06-09T11:49:16.858-0300] {dag.py:3954} INFO - Setting next_dagrun for example_setup_teardown_taskflow to 2024-06-08 00:00:00+00:00, run_after=2024-06-09 00:00:00+00:00
[2024-06-09T11:49:16.875-0300] {processor.py:183} INFO - Processing /home/pedro/.local/lib/python3.10/site-packages/airflow/example_dags/example_setup_teardown_taskflow.py took 0.056 seconds
[2024-06-09T11:49:59.852-0300] {processor.py:161} INFO - Started process (PID=7946) to work on /home/pedro/.local/lib/python3.10/site-packages/airflow/example_dags/example_setup_teardown_taskflow.py
[2024-06-09T11:49:59.856-0300] {processor.py:830} INFO - Processing file /home/pedro/.local/lib/python3.10/site-packages/airflow/example_dags/example_setup_teardown_taskflow.py for tasks to queue
[2024-06-09T11:49:59.857-0300] {logging_mixin.py:188} INFO - [2024-06-09T11:49:59.857-0300] {dagbag.py:545} INFO - Filling up the DagBag from /home/pedro/.local/lib/python3.10/site-packages/airflow/example_dags/example_setup_teardown_taskflow.py
[2024-06-09T11:49:59.865-0300] {processor.py:840} INFO - DAG(s) 'example_setup_teardown_taskflow' retrieved from /home/pedro/.local/lib/python3.10/site-packages/airflow/example_dags/example_setup_teardown_taskflow.py
[2024-06-09T11:49:59.876-0300] {logging_mixin.py:188} INFO - [2024-06-09T11:49:59.876-0300] {dag.py:3096} INFO - Sync 1 DAGs
[2024-06-09T11:49:59.890-0300] {logging_mixin.py:188} INFO - [2024-06-09T11:49:59.890-0300] {dag.py:3954} INFO - Setting next_dagrun for example_setup_teardown_taskflow to 2024-06-08 00:00:00+00:00, run_after=2024-06-09 00:00:00+00:00
[2024-06-09T11:49:59.909-0300] {processor.py:183} INFO - Processing /home/pedro/.local/lib/python3.10/site-packages/airflow/example_dags/example_setup_teardown_taskflow.py took 0.065 seconds
[2024-06-09T11:50:46.546-0300] {processor.py:161} INFO - Started process (PID=8058) to work on /home/pedro/.local/lib/python3.10/site-packages/airflow/example_dags/example_setup_teardown_taskflow.py
[2024-06-09T11:50:46.550-0300] {processor.py:830} INFO - Processing file /home/pedro/.local/lib/python3.10/site-packages/airflow/example_dags/example_setup_teardown_taskflow.py for tasks to queue
[2024-06-09T11:50:46.552-0300] {logging_mixin.py:188} INFO - [2024-06-09T11:50:46.552-0300] {dagbag.py:545} INFO - Filling up the DagBag from /home/pedro/.local/lib/python3.10/site-packages/airflow/example_dags/example_setup_teardown_taskflow.py
[2024-06-09T11:50:46.561-0300] {processor.py:840} INFO - DAG(s) 'example_setup_teardown_taskflow' retrieved from /home/pedro/.local/lib/python3.10/site-packages/airflow/example_dags/example_setup_teardown_taskflow.py
[2024-06-09T11:50:46.569-0300] {logging_mixin.py:188} INFO - [2024-06-09T11:50:46.569-0300] {dag.py:3096} INFO - Sync 1 DAGs
[2024-06-09T11:50:46.579-0300] {logging_mixin.py:188} INFO - [2024-06-09T11:50:46.579-0300] {dag.py:3954} INFO - Setting next_dagrun for example_setup_teardown_taskflow to 2024-06-08 00:00:00+00:00, run_after=2024-06-09 00:00:00+00:00
[2024-06-09T11:50:46.594-0300] {processor.py:183} INFO - Processing /home/pedro/.local/lib/python3.10/site-packages/airflow/example_dags/example_setup_teardown_taskflow.py took 0.057 seconds
[2024-06-09T11:51:31.968-0300] {processor.py:161} INFO - Started process (PID=8230) to work on /home/pedro/.local/lib/python3.10/site-packages/airflow/example_dags/example_setup_teardown_taskflow.py
[2024-06-09T11:51:31.969-0300] {processor.py:830} INFO - Processing file /home/pedro/.local/lib/python3.10/site-packages/airflow/example_dags/example_setup_teardown_taskflow.py for tasks to queue
[2024-06-09T11:51:31.970-0300] {logging_mixin.py:188} INFO - [2024-06-09T11:51:31.970-0300] {dagbag.py:545} INFO - Filling up the DagBag from /home/pedro/.local/lib/python3.10/site-packages/airflow/example_dags/example_setup_teardown_taskflow.py
[2024-06-09T11:51:31.975-0300] {processor.py:840} INFO - DAG(s) 'example_setup_teardown_taskflow' retrieved from /home/pedro/.local/lib/python3.10/site-packages/airflow/example_dags/example_setup_teardown_taskflow.py
[2024-06-09T11:51:31.985-0300] {logging_mixin.py:188} INFO - [2024-06-09T11:51:31.985-0300] {dag.py:3096} INFO - Sync 1 DAGs
[2024-06-09T11:51:31.996-0300] {logging_mixin.py:188} INFO - [2024-06-09T11:51:31.996-0300] {dag.py:3954} INFO - Setting next_dagrun for example_setup_teardown_taskflow to 2024-06-08 00:00:00+00:00, run_after=2024-06-09 00:00:00+00:00
[2024-06-09T11:51:32.012-0300] {processor.py:183} INFO - Processing /home/pedro/.local/lib/python3.10/site-packages/airflow/example_dags/example_setup_teardown_taskflow.py took 0.047 seconds
[2024-06-09T11:52:15.084-0300] {processor.py:161} INFO - Started process (PID=8337) to work on /home/pedro/.local/lib/python3.10/site-packages/airflow/example_dags/example_setup_teardown_taskflow.py
[2024-06-09T11:52:15.087-0300] {processor.py:830} INFO - Processing file /home/pedro/.local/lib/python3.10/site-packages/airflow/example_dags/example_setup_teardown_taskflow.py for tasks to queue
[2024-06-09T11:52:15.089-0300] {logging_mixin.py:188} INFO - [2024-06-09T11:52:15.089-0300] {dagbag.py:545} INFO - Filling up the DagBag from /home/pedro/.local/lib/python3.10/site-packages/airflow/example_dags/example_setup_teardown_taskflow.py
[2024-06-09T11:52:15.098-0300] {processor.py:840} INFO - DAG(s) 'example_setup_teardown_taskflow' retrieved from /home/pedro/.local/lib/python3.10/site-packages/airflow/example_dags/example_setup_teardown_taskflow.py
[2024-06-09T11:52:15.107-0300] {logging_mixin.py:188} INFO - [2024-06-09T11:52:15.107-0300] {dag.py:3096} INFO - Sync 1 DAGs
[2024-06-09T11:52:15.118-0300] {logging_mixin.py:188} INFO - [2024-06-09T11:52:15.118-0300] {dag.py:3954} INFO - Setting next_dagrun for example_setup_teardown_taskflow to 2024-06-08 00:00:00+00:00, run_after=2024-06-09 00:00:00+00:00
[2024-06-09T11:52:15.133-0300] {processor.py:183} INFO - Processing /home/pedro/.local/lib/python3.10/site-packages/airflow/example_dags/example_setup_teardown_taskflow.py took 0.053 seconds
[2024-06-09T11:52:55.531-0300] {processor.py:161} INFO - Started process (PID=8437) to work on /home/pedro/.local/lib/python3.10/site-packages/airflow/example_dags/example_setup_teardown_taskflow.py
[2024-06-09T11:52:55.534-0300] {processor.py:830} INFO - Processing file /home/pedro/.local/lib/python3.10/site-packages/airflow/example_dags/example_setup_teardown_taskflow.py for tasks to queue
[2024-06-09T11:52:55.536-0300] {logging_mixin.py:188} INFO - [2024-06-09T11:52:55.536-0300] {dagbag.py:545} INFO - Filling up the DagBag from /home/pedro/.local/lib/python3.10/site-packages/airflow/example_dags/example_setup_teardown_taskflow.py
[2024-06-09T11:52:55.544-0300] {processor.py:840} INFO - DAG(s) 'example_setup_teardown_taskflow' retrieved from /home/pedro/.local/lib/python3.10/site-packages/airflow/example_dags/example_setup_teardown_taskflow.py
[2024-06-09T11:52:55.554-0300] {logging_mixin.py:188} INFO - [2024-06-09T11:52:55.553-0300] {dag.py:3096} INFO - Sync 1 DAGs
[2024-06-09T11:52:55.567-0300] {logging_mixin.py:188} INFO - [2024-06-09T11:52:55.566-0300] {dag.py:3954} INFO - Setting next_dagrun for example_setup_teardown_taskflow to 2024-06-08 00:00:00+00:00, run_after=2024-06-09 00:00:00+00:00
[2024-06-09T11:52:55.582-0300] {processor.py:183} INFO - Processing /home/pedro/.local/lib/python3.10/site-packages/airflow/example_dags/example_setup_teardown_taskflow.py took 0.061 seconds
[2024-06-09T11:53:36.176-0300] {processor.py:161} INFO - Started process (PID=8526) to work on /home/pedro/.local/lib/python3.10/site-packages/airflow/example_dags/example_setup_teardown_taskflow.py
[2024-06-09T11:53:36.180-0300] {processor.py:830} INFO - Processing file /home/pedro/.local/lib/python3.10/site-packages/airflow/example_dags/example_setup_teardown_taskflow.py for tasks to queue
[2024-06-09T11:53:36.182-0300] {logging_mixin.py:188} INFO - [2024-06-09T11:53:36.181-0300] {dagbag.py:545} INFO - Filling up the DagBag from /home/pedro/.local/lib/python3.10/site-packages/airflow/example_dags/example_setup_teardown_taskflow.py
[2024-06-09T11:53:36.191-0300] {processor.py:840} INFO - DAG(s) 'example_setup_teardown_taskflow' retrieved from /home/pedro/.local/lib/python3.10/site-packages/airflow/example_dags/example_setup_teardown_taskflow.py
[2024-06-09T11:53:36.200-0300] {logging_mixin.py:188} INFO - [2024-06-09T11:53:36.200-0300] {dag.py:3096} INFO - Sync 1 DAGs
[2024-06-09T11:53:36.209-0300] {logging_mixin.py:188} INFO - [2024-06-09T11:53:36.209-0300] {dag.py:3954} INFO - Setting next_dagrun for example_setup_teardown_taskflow to 2024-06-08 00:00:00+00:00, run_after=2024-06-09 00:00:00+00:00
[2024-06-09T11:53:36.223-0300] {processor.py:183} INFO - Processing /home/pedro/.local/lib/python3.10/site-packages/airflow/example_dags/example_setup_teardown_taskflow.py took 0.052 seconds
[2024-06-09T11:54:17.774-0300] {processor.py:161} INFO - Started process (PID=8615) to work on /home/pedro/.local/lib/python3.10/site-packages/airflow/example_dags/example_setup_teardown_taskflow.py
[2024-06-09T11:54:17.777-0300] {processor.py:830} INFO - Processing file /home/pedro/.local/lib/python3.10/site-packages/airflow/example_dags/example_setup_teardown_taskflow.py for tasks to queue
[2024-06-09T11:54:17.778-0300] {logging_mixin.py:188} INFO - [2024-06-09T11:54:17.778-0300] {dagbag.py:545} INFO - Filling up the DagBag from /home/pedro/.local/lib/python3.10/site-packages/airflow/example_dags/example_setup_teardown_taskflow.py
[2024-06-09T11:54:17.787-0300] {processor.py:840} INFO - DAG(s) 'example_setup_teardown_taskflow' retrieved from /home/pedro/.local/lib/python3.10/site-packages/airflow/example_dags/example_setup_teardown_taskflow.py
[2024-06-09T11:54:17.796-0300] {logging_mixin.py:188} INFO - [2024-06-09T11:54:17.796-0300] {dag.py:3096} INFO - Sync 1 DAGs
[2024-06-09T11:54:17.806-0300] {logging_mixin.py:188} INFO - [2024-06-09T11:54:17.806-0300] {dag.py:3954} INFO - Setting next_dagrun for example_setup_teardown_taskflow to 2024-06-08 00:00:00+00:00, run_after=2024-06-09 00:00:00+00:00
[2024-06-09T11:54:17.820-0300] {processor.py:183} INFO - Processing /home/pedro/.local/lib/python3.10/site-packages/airflow/example_dags/example_setup_teardown_taskflow.py took 0.052 seconds
[2024-06-09T11:54:58.524-0300] {processor.py:161} INFO - Started process (PID=8674) to work on /home/pedro/.local/lib/python3.10/site-packages/airflow/example_dags/example_setup_teardown_taskflow.py
[2024-06-09T11:54:58.528-0300] {processor.py:830} INFO - Processing file /home/pedro/.local/lib/python3.10/site-packages/airflow/example_dags/example_setup_teardown_taskflow.py for tasks to queue
[2024-06-09T11:54:58.529-0300] {logging_mixin.py:188} INFO - [2024-06-09T11:54:58.529-0300] {dagbag.py:545} INFO - Filling up the DagBag from /home/pedro/.local/lib/python3.10/site-packages/airflow/example_dags/example_setup_teardown_taskflow.py
[2024-06-09T11:54:58.537-0300] {processor.py:840} INFO - DAG(s) 'example_setup_teardown_taskflow' retrieved from /home/pedro/.local/lib/python3.10/site-packages/airflow/example_dags/example_setup_teardown_taskflow.py
[2024-06-09T11:54:58.546-0300] {logging_mixin.py:188} INFO - [2024-06-09T11:54:58.546-0300] {dag.py:3096} INFO - Sync 1 DAGs
[2024-06-09T11:54:58.556-0300] {logging_mixin.py:188} INFO - [2024-06-09T11:54:58.556-0300] {dag.py:3954} INFO - Setting next_dagrun for example_setup_teardown_taskflow to 2024-06-08 00:00:00+00:00, run_after=2024-06-09 00:00:00+00:00
[2024-06-09T11:54:58.571-0300] {processor.py:183} INFO - Processing /home/pedro/.local/lib/python3.10/site-packages/airflow/example_dags/example_setup_teardown_taskflow.py took 0.052 seconds
[2024-06-09T11:55:37.290-0300] {processor.py:161} INFO - Started process (PID=8803) to work on /home/pedro/.local/lib/python3.10/site-packages/airflow/example_dags/example_setup_teardown_taskflow.py
[2024-06-09T11:55:37.293-0300] {processor.py:830} INFO - Processing file /home/pedro/.local/lib/python3.10/site-packages/airflow/example_dags/example_setup_teardown_taskflow.py for tasks to queue
[2024-06-09T11:55:37.296-0300] {logging_mixin.py:188} INFO - [2024-06-09T11:55:37.295-0300] {dagbag.py:545} INFO - Filling up the DagBag from /home/pedro/.local/lib/python3.10/site-packages/airflow/example_dags/example_setup_teardown_taskflow.py
[2024-06-09T11:55:37.305-0300] {processor.py:840} INFO - DAG(s) 'example_setup_teardown_taskflow' retrieved from /home/pedro/.local/lib/python3.10/site-packages/airflow/example_dags/example_setup_teardown_taskflow.py
[2024-06-09T11:55:37.316-0300] {logging_mixin.py:188} INFO - [2024-06-09T11:55:37.316-0300] {dag.py:3096} INFO - Sync 1 DAGs
[2024-06-09T11:55:37.328-0300] {logging_mixin.py:188} INFO - [2024-06-09T11:55:37.328-0300] {dag.py:3954} INFO - Setting next_dagrun for example_setup_teardown_taskflow to 2024-06-08 00:00:00+00:00, run_after=2024-06-09 00:00:00+00:00
[2024-06-09T11:55:37.342-0300] {processor.py:183} INFO - Processing /home/pedro/.local/lib/python3.10/site-packages/airflow/example_dags/example_setup_teardown_taskflow.py took 0.058 seconds
[2024-06-09T11:57:47.014-0300] {processor.py:161} INFO - Started process (PID=9665) to work on /home/pedro/.local/lib/python3.10/site-packages/airflow/example_dags/example_setup_teardown_taskflow.py
[2024-06-09T11:57:47.015-0300] {processor.py:830} INFO - Processing file /home/pedro/.local/lib/python3.10/site-packages/airflow/example_dags/example_setup_teardown_taskflow.py for tasks to queue
[2024-06-09T11:57:47.016-0300] {logging_mixin.py:188} INFO - [2024-06-09T11:57:47.016-0300] {dagbag.py:545} INFO - Filling up the DagBag from /home/pedro/.local/lib/python3.10/site-packages/airflow/example_dags/example_setup_teardown_taskflow.py
[2024-06-09T11:57:47.026-0300] {processor.py:840} INFO - DAG(s) 'example_setup_teardown_taskflow' retrieved from /home/pedro/.local/lib/python3.10/site-packages/airflow/example_dags/example_setup_teardown_taskflow.py
[2024-06-09T11:57:47.049-0300] {logging_mixin.py:188} INFO - [2024-06-09T11:57:47.049-0300] {dag.py:3096} INFO - Sync 1 DAGs
[2024-06-09T11:57:47.066-0300] {logging_mixin.py:188} INFO - [2024-06-09T11:57:47.066-0300] {dag.py:3954} INFO - Setting next_dagrun for example_setup_teardown_taskflow to 2024-06-08 00:00:00+00:00, run_after=2024-06-09 00:00:00+00:00
[2024-06-09T11:57:47.106-0300] {processor.py:183} INFO - Processing /home/pedro/.local/lib/python3.10/site-packages/airflow/example_dags/example_setup_teardown_taskflow.py took 0.096 seconds
[2024-06-09T11:59:15.069-0300] {processor.py:161} INFO - Started process (PID=10649) to work on /home/pedro/.local/lib/python3.10/site-packages/airflow/example_dags/example_setup_teardown_taskflow.py
[2024-06-09T11:59:15.073-0300] {processor.py:830} INFO - Processing file /home/pedro/.local/lib/python3.10/site-packages/airflow/example_dags/example_setup_teardown_taskflow.py for tasks to queue
[2024-06-09T11:59:15.075-0300] {logging_mixin.py:188} INFO - [2024-06-09T11:59:15.074-0300] {dagbag.py:545} INFO - Filling up the DagBag from /home/pedro/.local/lib/python3.10/site-packages/airflow/example_dags/example_setup_teardown_taskflow.py
[2024-06-09T11:59:15.086-0300] {processor.py:840} INFO - DAG(s) 'example_setup_teardown_taskflow' retrieved from /home/pedro/.local/lib/python3.10/site-packages/airflow/example_dags/example_setup_teardown_taskflow.py
[2024-06-09T11:59:15.098-0300] {logging_mixin.py:188} INFO - [2024-06-09T11:59:15.098-0300] {dag.py:3096} INFO - Sync 1 DAGs
[2024-06-09T11:59:15.108-0300] {logging_mixin.py:188} INFO - [2024-06-09T11:59:15.107-0300] {dag.py:3954} INFO - Setting next_dagrun for example_setup_teardown_taskflow to 2024-06-08 00:00:00+00:00, run_after=2024-06-09 00:00:00+00:00
[2024-06-09T11:59:15.123-0300] {processor.py:183} INFO - Processing /home/pedro/.local/lib/python3.10/site-packages/airflow/example_dags/example_setup_teardown_taskflow.py took 0.059 seconds
[2024-06-09T12:00:04.717-0300] {processor.py:161} INFO - Started process (PID=10794) to work on /home/pedro/.local/lib/python3.10/site-packages/airflow/example_dags/example_setup_teardown_taskflow.py
[2024-06-09T12:00:04.721-0300] {processor.py:830} INFO - Processing file /home/pedro/.local/lib/python3.10/site-packages/airflow/example_dags/example_setup_teardown_taskflow.py for tasks to queue
[2024-06-09T12:00:04.723-0300] {logging_mixin.py:188} INFO - [2024-06-09T12:00:04.722-0300] {dagbag.py:545} INFO - Filling up the DagBag from /home/pedro/.local/lib/python3.10/site-packages/airflow/example_dags/example_setup_teardown_taskflow.py
[2024-06-09T12:00:04.732-0300] {processor.py:840} INFO - DAG(s) 'example_setup_teardown_taskflow' retrieved from /home/pedro/.local/lib/python3.10/site-packages/airflow/example_dags/example_setup_teardown_taskflow.py
[2024-06-09T12:00:04.741-0300] {logging_mixin.py:188} INFO - [2024-06-09T12:00:04.741-0300] {dag.py:3096} INFO - Sync 1 DAGs
[2024-06-09T12:00:04.803-0300] {logging_mixin.py:188} INFO - [2024-06-09T12:00:04.803-0300] {dag.py:3954} INFO - Setting next_dagrun for example_setup_teardown_taskflow to 2024-06-08 00:00:00+00:00, run_after=2024-06-09 00:00:00+00:00
[2024-06-09T12:00:04.817-0300] {processor.py:183} INFO - Processing /home/pedro/.local/lib/python3.10/site-packages/airflow/example_dags/example_setup_teardown_taskflow.py took 0.104 seconds
[2024-06-09T12:00:51.174-0300] {processor.py:161} INFO - Started process (PID=10866) to work on /home/pedro/.local/lib/python3.10/site-packages/airflow/example_dags/example_setup_teardown_taskflow.py
[2024-06-09T12:00:51.178-0300] {processor.py:830} INFO - Processing file /home/pedro/.local/lib/python3.10/site-packages/airflow/example_dags/example_setup_teardown_taskflow.py for tasks to queue
[2024-06-09T12:00:51.181-0300] {logging_mixin.py:188} INFO - [2024-06-09T12:00:51.180-0300] {dagbag.py:545} INFO - Filling up the DagBag from /home/pedro/.local/lib/python3.10/site-packages/airflow/example_dags/example_setup_teardown_taskflow.py
[2024-06-09T12:00:51.188-0300] {processor.py:840} INFO - DAG(s) 'example_setup_teardown_taskflow' retrieved from /home/pedro/.local/lib/python3.10/site-packages/airflow/example_dags/example_setup_teardown_taskflow.py
[2024-06-09T12:00:51.198-0300] {logging_mixin.py:188} INFO - [2024-06-09T12:00:51.198-0300] {dag.py:3096} INFO - Sync 1 DAGs
[2024-06-09T12:00:51.209-0300] {logging_mixin.py:188} INFO - [2024-06-09T12:00:51.209-0300] {dag.py:3954} INFO - Setting next_dagrun for example_setup_teardown_taskflow to 2024-06-08 00:00:00+00:00, run_after=2024-06-09 00:00:00+00:00
[2024-06-09T12:00:51.226-0300] {processor.py:183} INFO - Processing /home/pedro/.local/lib/python3.10/site-packages/airflow/example_dags/example_setup_teardown_taskflow.py took 0.060 seconds
[2024-06-09T12:01:34.151-0300] {processor.py:161} INFO - Started process (PID=11153) to work on /home/pedro/.local/lib/python3.10/site-packages/airflow/example_dags/example_setup_teardown_taskflow.py
[2024-06-09T12:01:34.155-0300] {processor.py:830} INFO - Processing file /home/pedro/.local/lib/python3.10/site-packages/airflow/example_dags/example_setup_teardown_taskflow.py for tasks to queue
[2024-06-09T12:01:34.157-0300] {logging_mixin.py:188} INFO - [2024-06-09T12:01:34.157-0300] {dagbag.py:545} INFO - Filling up the DagBag from /home/pedro/.local/lib/python3.10/site-packages/airflow/example_dags/example_setup_teardown_taskflow.py
[2024-06-09T12:01:34.164-0300] {processor.py:840} INFO - DAG(s) 'example_setup_teardown_taskflow' retrieved from /home/pedro/.local/lib/python3.10/site-packages/airflow/example_dags/example_setup_teardown_taskflow.py
[2024-06-09T12:01:34.175-0300] {logging_mixin.py:188} INFO - [2024-06-09T12:01:34.174-0300] {dag.py:3096} INFO - Sync 1 DAGs
[2024-06-09T12:01:34.185-0300] {logging_mixin.py:188} INFO - [2024-06-09T12:01:34.185-0300] {dag.py:3954} INFO - Setting next_dagrun for example_setup_teardown_taskflow to 2024-06-08 00:00:00+00:00, run_after=2024-06-09 00:00:00+00:00
[2024-06-09T12:01:34.202-0300] {processor.py:183} INFO - Processing /home/pedro/.local/lib/python3.10/site-packages/airflow/example_dags/example_setup_teardown_taskflow.py took 0.060 seconds
[2024-06-09T12:02:16.859-0300] {processor.py:161} INFO - Started process (PID=11250) to work on /home/pedro/.local/lib/python3.10/site-packages/airflow/example_dags/example_setup_teardown_taskflow.py
[2024-06-09T12:02:16.862-0300] {processor.py:830} INFO - Processing file /home/pedro/.local/lib/python3.10/site-packages/airflow/example_dags/example_setup_teardown_taskflow.py for tasks to queue
[2024-06-09T12:02:16.864-0300] {logging_mixin.py:188} INFO - [2024-06-09T12:02:16.864-0300] {dagbag.py:545} INFO - Filling up the DagBag from /home/pedro/.local/lib/python3.10/site-packages/airflow/example_dags/example_setup_teardown_taskflow.py
[2024-06-09T12:02:16.872-0300] {processor.py:840} INFO - DAG(s) 'example_setup_teardown_taskflow' retrieved from /home/pedro/.local/lib/python3.10/site-packages/airflow/example_dags/example_setup_teardown_taskflow.py
[2024-06-09T12:02:16.882-0300] {logging_mixin.py:188} INFO - [2024-06-09T12:02:16.882-0300] {dag.py:3096} INFO - Sync 1 DAGs
[2024-06-09T12:02:16.892-0300] {logging_mixin.py:188} INFO - [2024-06-09T12:02:16.892-0300] {dag.py:3954} INFO - Setting next_dagrun for example_setup_teardown_taskflow to 2024-06-08 00:00:00+00:00, run_after=2024-06-09 00:00:00+00:00
[2024-06-09T12:02:16.908-0300] {processor.py:183} INFO - Processing /home/pedro/.local/lib/python3.10/site-packages/airflow/example_dags/example_setup_teardown_taskflow.py took 0.059 seconds
[2024-06-09T12:03:02.817-0300] {processor.py:161} INFO - Started process (PID=11333) to work on /home/pedro/.local/lib/python3.10/site-packages/airflow/example_dags/example_setup_teardown_taskflow.py
[2024-06-09T12:03:02.821-0300] {processor.py:830} INFO - Processing file /home/pedro/.local/lib/python3.10/site-packages/airflow/example_dags/example_setup_teardown_taskflow.py for tasks to queue
[2024-06-09T12:03:02.822-0300] {logging_mixin.py:188} INFO - [2024-06-09T12:03:02.822-0300] {dagbag.py:545} INFO - Filling up the DagBag from /home/pedro/.local/lib/python3.10/site-packages/airflow/example_dags/example_setup_teardown_taskflow.py
[2024-06-09T12:03:02.830-0300] {processor.py:840} INFO - DAG(s) 'example_setup_teardown_taskflow' retrieved from /home/pedro/.local/lib/python3.10/site-packages/airflow/example_dags/example_setup_teardown_taskflow.py
[2024-06-09T12:03:02.840-0300] {logging_mixin.py:188} INFO - [2024-06-09T12:03:02.840-0300] {dag.py:3096} INFO - Sync 1 DAGs
[2024-06-09T12:03:02.850-0300] {logging_mixin.py:188} INFO - [2024-06-09T12:03:02.850-0300] {dag.py:3954} INFO - Setting next_dagrun for example_setup_teardown_taskflow to 2024-06-08 00:00:00+00:00, run_after=2024-06-09 00:00:00+00:00
[2024-06-09T12:03:02.867-0300] {processor.py:183} INFO - Processing /home/pedro/.local/lib/python3.10/site-packages/airflow/example_dags/example_setup_teardown_taskflow.py took 0.059 seconds
[2024-06-09T12:03:52.134-0300] {processor.py:161} INFO - Started process (PID=11432) to work on /home/pedro/.local/lib/python3.10/site-packages/airflow/example_dags/example_setup_teardown_taskflow.py
[2024-06-09T12:03:52.135-0300] {processor.py:830} INFO - Processing file /home/pedro/.local/lib/python3.10/site-packages/airflow/example_dags/example_setup_teardown_taskflow.py for tasks to queue
[2024-06-09T12:03:52.137-0300] {logging_mixin.py:188} INFO - [2024-06-09T12:03:52.136-0300] {dagbag.py:545} INFO - Filling up the DagBag from /home/pedro/.local/lib/python3.10/site-packages/airflow/example_dags/example_setup_teardown_taskflow.py
[2024-06-09T12:03:52.144-0300] {processor.py:840} INFO - DAG(s) 'example_setup_teardown_taskflow' retrieved from /home/pedro/.local/lib/python3.10/site-packages/airflow/example_dags/example_setup_teardown_taskflow.py
[2024-06-09T12:03:52.155-0300] {logging_mixin.py:188} INFO - [2024-06-09T12:03:52.155-0300] {dag.py:3096} INFO - Sync 1 DAGs
[2024-06-09T12:03:52.173-0300] {logging_mixin.py:188} INFO - [2024-06-09T12:03:52.173-0300] {dag.py:3954} INFO - Setting next_dagrun for example_setup_teardown_taskflow to 2024-06-08 00:00:00+00:00, run_after=2024-06-09 00:00:00+00:00
[2024-06-09T12:03:52.192-0300] {processor.py:183} INFO - Processing /home/pedro/.local/lib/python3.10/site-packages/airflow/example_dags/example_setup_teardown_taskflow.py took 0.061 seconds
[2024-06-09T12:04:34.534-0300] {processor.py:161} INFO - Started process (PID=11526) to work on /home/pedro/.local/lib/python3.10/site-packages/airflow/example_dags/example_setup_teardown_taskflow.py
[2024-06-09T12:04:34.534-0300] {processor.py:830} INFO - Processing file /home/pedro/.local/lib/python3.10/site-packages/airflow/example_dags/example_setup_teardown_taskflow.py for tasks to queue
[2024-06-09T12:04:34.535-0300] {logging_mixin.py:188} INFO - [2024-06-09T12:04:34.535-0300] {dagbag.py:545} INFO - Filling up the DagBag from /home/pedro/.local/lib/python3.10/site-packages/airflow/example_dags/example_setup_teardown_taskflow.py
[2024-06-09T12:04:34.542-0300] {processor.py:840} INFO - DAG(s) 'example_setup_teardown_taskflow' retrieved from /home/pedro/.local/lib/python3.10/site-packages/airflow/example_dags/example_setup_teardown_taskflow.py
[2024-06-09T12:04:34.553-0300] {logging_mixin.py:188} INFO - [2024-06-09T12:04:34.553-0300] {dag.py:3096} INFO - Sync 1 DAGs
[2024-06-09T12:04:34.564-0300] {logging_mixin.py:188} INFO - [2024-06-09T12:04:34.564-0300] {dag.py:3954} INFO - Setting next_dagrun for example_setup_teardown_taskflow to 2024-06-08 00:00:00+00:00, run_after=2024-06-09 00:00:00+00:00
[2024-06-09T12:04:34.580-0300] {processor.py:183} INFO - Processing /home/pedro/.local/lib/python3.10/site-packages/airflow/example_dags/example_setup_teardown_taskflow.py took 0.051 seconds
[2024-06-09T12:05:17.001-0300] {processor.py:161} INFO - Started process (PID=11606) to work on /home/pedro/.local/lib/python3.10/site-packages/airflow/example_dags/example_setup_teardown_taskflow.py
[2024-06-09T12:05:17.004-0300] {processor.py:830} INFO - Processing file /home/pedro/.local/lib/python3.10/site-packages/airflow/example_dags/example_setup_teardown_taskflow.py for tasks to queue
[2024-06-09T12:05:17.005-0300] {logging_mixin.py:188} INFO - [2024-06-09T12:05:17.005-0300] {dagbag.py:545} INFO - Filling up the DagBag from /home/pedro/.local/lib/python3.10/site-packages/airflow/example_dags/example_setup_teardown_taskflow.py
[2024-06-09T12:05:17.014-0300] {processor.py:840} INFO - DAG(s) 'example_setup_teardown_taskflow' retrieved from /home/pedro/.local/lib/python3.10/site-packages/airflow/example_dags/example_setup_teardown_taskflow.py
[2024-06-09T12:05:17.025-0300] {logging_mixin.py:188} INFO - [2024-06-09T12:05:17.025-0300] {dag.py:3096} INFO - Sync 1 DAGs
[2024-06-09T12:05:17.035-0300] {logging_mixin.py:188} INFO - [2024-06-09T12:05:17.035-0300] {dag.py:3954} INFO - Setting next_dagrun for example_setup_teardown_taskflow to 2024-06-08 00:00:00+00:00, run_after=2024-06-09 00:00:00+00:00
[2024-06-09T12:05:17.053-0300] {processor.py:183} INFO - Processing /home/pedro/.local/lib/python3.10/site-packages/airflow/example_dags/example_setup_teardown_taskflow.py took 0.057 seconds
[2024-06-09T12:05:59.878-0300] {processor.py:161} INFO - Started process (PID=11695) to work on /home/pedro/.local/lib/python3.10/site-packages/airflow/example_dags/example_setup_teardown_taskflow.py
[2024-06-09T12:05:59.880-0300] {processor.py:830} INFO - Processing file /home/pedro/.local/lib/python3.10/site-packages/airflow/example_dags/example_setup_teardown_taskflow.py for tasks to queue
[2024-06-09T12:05:59.883-0300] {logging_mixin.py:188} INFO - [2024-06-09T12:05:59.882-0300] {dagbag.py:545} INFO - Filling up the DagBag from /home/pedro/.local/lib/python3.10/site-packages/airflow/example_dags/example_setup_teardown_taskflow.py
[2024-06-09T12:05:59.895-0300] {processor.py:840} INFO - DAG(s) 'example_setup_teardown_taskflow' retrieved from /home/pedro/.local/lib/python3.10/site-packages/airflow/example_dags/example_setup_teardown_taskflow.py
[2024-06-09T12:05:59.911-0300] {logging_mixin.py:188} INFO - [2024-06-09T12:05:59.911-0300] {dag.py:3096} INFO - Sync 1 DAGs
[2024-06-09T12:05:59.927-0300] {logging_mixin.py:188} INFO - [2024-06-09T12:05:59.926-0300] {dag.py:3954} INFO - Setting next_dagrun for example_setup_teardown_taskflow to 2024-06-08 00:00:00+00:00, run_after=2024-06-09 00:00:00+00:00
[2024-06-09T12:05:59.941-0300] {processor.py:183} INFO - Processing /home/pedro/.local/lib/python3.10/site-packages/airflow/example_dags/example_setup_teardown_taskflow.py took 0.072 seconds
[2024-06-09T12:06:37.084-0300] {processor.py:161} INFO - Started process (PID=12434) to work on /home/pedro/.local/lib/python3.10/site-packages/airflow/example_dags/example_setup_teardown_taskflow.py
[2024-06-09T12:06:37.088-0300] {processor.py:830} INFO - Processing file /home/pedro/.local/lib/python3.10/site-packages/airflow/example_dags/example_setup_teardown_taskflow.py for tasks to queue
[2024-06-09T12:06:37.090-0300] {logging_mixin.py:188} INFO - [2024-06-09T12:06:37.089-0300] {dagbag.py:545} INFO - Filling up the DagBag from /home/pedro/.local/lib/python3.10/site-packages/airflow/example_dags/example_setup_teardown_taskflow.py
[2024-06-09T12:06:37.099-0300] {processor.py:840} INFO - DAG(s) 'example_setup_teardown_taskflow' retrieved from /home/pedro/.local/lib/python3.10/site-packages/airflow/example_dags/example_setup_teardown_taskflow.py
[2024-06-09T12:06:37.111-0300] {logging_mixin.py:188} INFO - [2024-06-09T12:06:37.111-0300] {dag.py:3096} INFO - Sync 1 DAGs
[2024-06-09T12:06:37.122-0300] {logging_mixin.py:188} INFO - [2024-06-09T12:06:37.122-0300] {dag.py:3954} INFO - Setting next_dagrun for example_setup_teardown_taskflow to 2024-06-08 00:00:00+00:00, run_after=2024-06-09 00:00:00+00:00
[2024-06-09T12:06:37.138-0300] {processor.py:183} INFO - Processing /home/pedro/.local/lib/python3.10/site-packages/airflow/example_dags/example_setup_teardown_taskflow.py took 0.063 seconds
[2024-06-09T12:07:31.275-0300] {processor.py:161} INFO - Started process (PID=12529) to work on /home/pedro/.local/lib/python3.10/site-packages/airflow/example_dags/example_setup_teardown_taskflow.py
[2024-06-09T12:07:31.279-0300] {processor.py:830} INFO - Processing file /home/pedro/.local/lib/python3.10/site-packages/airflow/example_dags/example_setup_teardown_taskflow.py for tasks to queue
[2024-06-09T12:07:31.281-0300] {logging_mixin.py:188} INFO - [2024-06-09T12:07:31.281-0300] {dagbag.py:545} INFO - Filling up the DagBag from /home/pedro/.local/lib/python3.10/site-packages/airflow/example_dags/example_setup_teardown_taskflow.py
[2024-06-09T12:07:31.289-0300] {processor.py:840} INFO - DAG(s) 'example_setup_teardown_taskflow' retrieved from /home/pedro/.local/lib/python3.10/site-packages/airflow/example_dags/example_setup_teardown_taskflow.py
[2024-06-09T12:07:31.299-0300] {logging_mixin.py:188} INFO - [2024-06-09T12:07:31.299-0300] {dag.py:3096} INFO - Sync 1 DAGs
[2024-06-09T12:07:31.369-0300] {logging_mixin.py:188} INFO - [2024-06-09T12:07:31.369-0300] {dag.py:3954} INFO - Setting next_dagrun for example_setup_teardown_taskflow to 2024-06-08 00:00:00+00:00, run_after=2024-06-09 00:00:00+00:00
[2024-06-09T12:07:31.384-0300] {processor.py:183} INFO - Processing /home/pedro/.local/lib/python3.10/site-packages/airflow/example_dags/example_setup_teardown_taskflow.py took 0.117 seconds
[2024-06-09T12:08:22.443-0300] {processor.py:161} INFO - Started process (PID=12612) to work on /home/pedro/.local/lib/python3.10/site-packages/airflow/example_dags/example_setup_teardown_taskflow.py
[2024-06-09T12:08:22.444-0300] {processor.py:830} INFO - Processing file /home/pedro/.local/lib/python3.10/site-packages/airflow/example_dags/example_setup_teardown_taskflow.py for tasks to queue
[2024-06-09T12:08:22.446-0300] {logging_mixin.py:188} INFO - [2024-06-09T12:08:22.446-0300] {dagbag.py:545} INFO - Filling up the DagBag from /home/pedro/.local/lib/python3.10/site-packages/airflow/example_dags/example_setup_teardown_taskflow.py
[2024-06-09T12:08:22.453-0300] {processor.py:840} INFO - DAG(s) 'example_setup_teardown_taskflow' retrieved from /home/pedro/.local/lib/python3.10/site-packages/airflow/example_dags/example_setup_teardown_taskflow.py
[2024-06-09T12:08:22.463-0300] {logging_mixin.py:188} INFO - [2024-06-09T12:08:22.463-0300] {dag.py:3096} INFO - Sync 1 DAGs
[2024-06-09T12:08:22.474-0300] {logging_mixin.py:188} INFO - [2024-06-09T12:08:22.474-0300] {dag.py:3954} INFO - Setting next_dagrun for example_setup_teardown_taskflow to 2024-06-08 00:00:00+00:00, run_after=2024-06-09 00:00:00+00:00
[2024-06-09T12:08:22.489-0300] {processor.py:183} INFO - Processing /home/pedro/.local/lib/python3.10/site-packages/airflow/example_dags/example_setup_teardown_taskflow.py took 0.054 seconds
[2024-06-09T12:09:06.678-0300] {processor.py:161} INFO - Started process (PID=12710) to work on /home/pedro/.local/lib/python3.10/site-packages/airflow/example_dags/example_setup_teardown_taskflow.py
[2024-06-09T12:09:06.682-0300] {processor.py:830} INFO - Processing file /home/pedro/.local/lib/python3.10/site-packages/airflow/example_dags/example_setup_teardown_taskflow.py for tasks to queue
[2024-06-09T12:09:06.685-0300] {logging_mixin.py:188} INFO - [2024-06-09T12:09:06.684-0300] {dagbag.py:545} INFO - Filling up the DagBag from /home/pedro/.local/lib/python3.10/site-packages/airflow/example_dags/example_setup_teardown_taskflow.py
[2024-06-09T12:09:06.692-0300] {processor.py:840} INFO - DAG(s) 'example_setup_teardown_taskflow' retrieved from /home/pedro/.local/lib/python3.10/site-packages/airflow/example_dags/example_setup_teardown_taskflow.py
[2024-06-09T12:09:06.702-0300] {logging_mixin.py:188} INFO - [2024-06-09T12:09:06.702-0300] {dag.py:3096} INFO - Sync 1 DAGs
[2024-06-09T12:09:06.712-0300] {logging_mixin.py:188} INFO - [2024-06-09T12:09:06.712-0300] {dag.py:3954} INFO - Setting next_dagrun for example_setup_teardown_taskflow to 2024-06-08 00:00:00+00:00, run_after=2024-06-09 00:00:00+00:00
[2024-06-09T12:09:06.728-0300] {processor.py:183} INFO - Processing /home/pedro/.local/lib/python3.10/site-packages/airflow/example_dags/example_setup_teardown_taskflow.py took 0.059 seconds
[2024-06-09T12:09:47.760-0300] {processor.py:161} INFO - Started process (PID=12785) to work on /home/pedro/.local/lib/python3.10/site-packages/airflow/example_dags/example_setup_teardown_taskflow.py
[2024-06-09T12:09:47.763-0300] {processor.py:830} INFO - Processing file /home/pedro/.local/lib/python3.10/site-packages/airflow/example_dags/example_setup_teardown_taskflow.py for tasks to queue
[2024-06-09T12:09:47.765-0300] {logging_mixin.py:188} INFO - [2024-06-09T12:09:47.764-0300] {dagbag.py:545} INFO - Filling up the DagBag from /home/pedro/.local/lib/python3.10/site-packages/airflow/example_dags/example_setup_teardown_taskflow.py
[2024-06-09T12:09:47.773-0300] {processor.py:840} INFO - DAG(s) 'example_setup_teardown_taskflow' retrieved from /home/pedro/.local/lib/python3.10/site-packages/airflow/example_dags/example_setup_teardown_taskflow.py
[2024-06-09T12:09:47.783-0300] {logging_mixin.py:188} INFO - [2024-06-09T12:09:47.783-0300] {dag.py:3096} INFO - Sync 1 DAGs
[2024-06-09T12:09:47.795-0300] {logging_mixin.py:188} INFO - [2024-06-09T12:09:47.795-0300] {dag.py:3954} INFO - Setting next_dagrun for example_setup_teardown_taskflow to 2024-06-08 00:00:00+00:00, run_after=2024-06-09 00:00:00+00:00
[2024-06-09T12:09:47.813-0300] {processor.py:183} INFO - Processing /home/pedro/.local/lib/python3.10/site-packages/airflow/example_dags/example_setup_teardown_taskflow.py took 0.057 seconds
[2024-06-09T12:10:28.736-0300] {processor.py:161} INFO - Started process (PID=12851) to work on /home/pedro/.local/lib/python3.10/site-packages/airflow/example_dags/example_setup_teardown_taskflow.py
[2024-06-09T12:10:28.740-0300] {processor.py:830} INFO - Processing file /home/pedro/.local/lib/python3.10/site-packages/airflow/example_dags/example_setup_teardown_taskflow.py for tasks to queue
[2024-06-09T12:10:28.742-0300] {logging_mixin.py:188} INFO - [2024-06-09T12:10:28.741-0300] {dagbag.py:545} INFO - Filling up the DagBag from /home/pedro/.local/lib/python3.10/site-packages/airflow/example_dags/example_setup_teardown_taskflow.py
[2024-06-09T12:10:28.750-0300] {processor.py:840} INFO - DAG(s) 'example_setup_teardown_taskflow' retrieved from /home/pedro/.local/lib/python3.10/site-packages/airflow/example_dags/example_setup_teardown_taskflow.py
[2024-06-09T12:10:28.765-0300] {logging_mixin.py:188} INFO - [2024-06-09T12:10:28.765-0300] {dag.py:3096} INFO - Sync 1 DAGs
[2024-06-09T12:10:28.782-0300] {logging_mixin.py:188} INFO - [2024-06-09T12:10:28.782-0300] {dag.py:3954} INFO - Setting next_dagrun for example_setup_teardown_taskflow to 2024-06-08 00:00:00+00:00, run_after=2024-06-09 00:00:00+00:00
[2024-06-09T12:10:28.808-0300] {processor.py:183} INFO - Processing /home/pedro/.local/lib/python3.10/site-packages/airflow/example_dags/example_setup_teardown_taskflow.py took 0.080 seconds
[2024-06-09T12:11:12.712-0300] {processor.py:161} INFO - Started process (PID=12963) to work on /home/pedro/.local/lib/python3.10/site-packages/airflow/example_dags/example_setup_teardown_taskflow.py
[2024-06-09T12:11:12.715-0300] {processor.py:830} INFO - Processing file /home/pedro/.local/lib/python3.10/site-packages/airflow/example_dags/example_setup_teardown_taskflow.py for tasks to queue
[2024-06-09T12:11:12.717-0300] {logging_mixin.py:188} INFO - [2024-06-09T12:11:12.717-0300] {dagbag.py:545} INFO - Filling up the DagBag from /home/pedro/.local/lib/python3.10/site-packages/airflow/example_dags/example_setup_teardown_taskflow.py
[2024-06-09T12:11:12.725-0300] {processor.py:840} INFO - DAG(s) 'example_setup_teardown_taskflow' retrieved from /home/pedro/.local/lib/python3.10/site-packages/airflow/example_dags/example_setup_teardown_taskflow.py
[2024-06-09T12:11:12.736-0300] {logging_mixin.py:188} INFO - [2024-06-09T12:11:12.736-0300] {dag.py:3096} INFO - Sync 1 DAGs
[2024-06-09T12:11:12.747-0300] {logging_mixin.py:188} INFO - [2024-06-09T12:11:12.747-0300] {dag.py:3954} INFO - Setting next_dagrun for example_setup_teardown_taskflow to 2024-06-08 00:00:00+00:00, run_after=2024-06-09 00:00:00+00:00
[2024-06-09T12:11:12.766-0300] {processor.py:183} INFO - Processing /home/pedro/.local/lib/python3.10/site-packages/airflow/example_dags/example_setup_teardown_taskflow.py took 0.063 seconds
[2024-06-09T12:11:52.867-0300] {processor.py:161} INFO - Started process (PID=12999) to work on /home/pedro/.local/lib/python3.10/site-packages/airflow/example_dags/example_setup_teardown_taskflow.py
[2024-06-09T12:11:52.871-0300] {processor.py:830} INFO - Processing file /home/pedro/.local/lib/python3.10/site-packages/airflow/example_dags/example_setup_teardown_taskflow.py for tasks to queue
[2024-06-09T12:11:52.873-0300] {logging_mixin.py:188} INFO - [2024-06-09T12:11:52.872-0300] {dagbag.py:545} INFO - Filling up the DagBag from /home/pedro/.local/lib/python3.10/site-packages/airflow/example_dags/example_setup_teardown_taskflow.py
[2024-06-09T12:11:52.881-0300] {processor.py:840} INFO - DAG(s) 'example_setup_teardown_taskflow' retrieved from /home/pedro/.local/lib/python3.10/site-packages/airflow/example_dags/example_setup_teardown_taskflow.py
[2024-06-09T12:11:52.894-0300] {logging_mixin.py:188} INFO - [2024-06-09T12:11:52.894-0300] {dag.py:3096} INFO - Sync 1 DAGs
[2024-06-09T12:11:52.905-0300] {logging_mixin.py:188} INFO - [2024-06-09T12:11:52.905-0300] {dag.py:3954} INFO - Setting next_dagrun for example_setup_teardown_taskflow to 2024-06-08 00:00:00+00:00, run_after=2024-06-09 00:00:00+00:00
[2024-06-09T12:11:52.922-0300] {processor.py:183} INFO - Processing /home/pedro/.local/lib/python3.10/site-packages/airflow/example_dags/example_setup_teardown_taskflow.py took 0.063 seconds
[2024-06-09T12:12:45.034-0300] {processor.py:161} INFO - Started process (PID=13094) to work on /home/pedro/.local/lib/python3.10/site-packages/airflow/example_dags/example_setup_teardown_taskflow.py
[2024-06-09T12:12:45.037-0300] {processor.py:830} INFO - Processing file /home/pedro/.local/lib/python3.10/site-packages/airflow/example_dags/example_setup_teardown_taskflow.py for tasks to queue
[2024-06-09T12:12:45.039-0300] {logging_mixin.py:188} INFO - [2024-06-09T12:12:45.039-0300] {dagbag.py:545} INFO - Filling up the DagBag from /home/pedro/.local/lib/python3.10/site-packages/airflow/example_dags/example_setup_teardown_taskflow.py
[2024-06-09T12:12:45.045-0300] {processor.py:840} INFO - DAG(s) 'example_setup_teardown_taskflow' retrieved from /home/pedro/.local/lib/python3.10/site-packages/airflow/example_dags/example_setup_teardown_taskflow.py
[2024-06-09T12:12:45.057-0300] {logging_mixin.py:188} INFO - [2024-06-09T12:12:45.057-0300] {dag.py:3096} INFO - Sync 1 DAGs
[2024-06-09T12:12:45.130-0300] {logging_mixin.py:188} INFO - [2024-06-09T12:12:45.130-0300] {dag.py:3954} INFO - Setting next_dagrun for example_setup_teardown_taskflow to 2024-06-08 00:00:00+00:00, run_after=2024-06-09 00:00:00+00:00
[2024-06-09T12:12:45.145-0300] {processor.py:183} INFO - Processing /home/pedro/.local/lib/python3.10/site-packages/airflow/example_dags/example_setup_teardown_taskflow.py took 0.118 seconds
[2024-06-09T12:13:32.570-0300] {processor.py:161} INFO - Started process (PID=13158) to work on /home/pedro/.local/lib/python3.10/site-packages/airflow/example_dags/example_setup_teardown_taskflow.py
[2024-06-09T12:13:32.574-0300] {processor.py:830} INFO - Processing file /home/pedro/.local/lib/python3.10/site-packages/airflow/example_dags/example_setup_teardown_taskflow.py for tasks to queue
[2024-06-09T12:13:32.575-0300] {logging_mixin.py:188} INFO - [2024-06-09T12:13:32.575-0300] {dagbag.py:545} INFO - Filling up the DagBag from /home/pedro/.local/lib/python3.10/site-packages/airflow/example_dags/example_setup_teardown_taskflow.py
[2024-06-09T12:13:32.583-0300] {processor.py:840} INFO - DAG(s) 'example_setup_teardown_taskflow' retrieved from /home/pedro/.local/lib/python3.10/site-packages/airflow/example_dags/example_setup_teardown_taskflow.py
[2024-06-09T12:13:32.592-0300] {logging_mixin.py:188} INFO - [2024-06-09T12:13:32.592-0300] {dag.py:3096} INFO - Sync 1 DAGs
[2024-06-09T12:13:32.612-0300] {logging_mixin.py:188} INFO - [2024-06-09T12:13:32.612-0300] {dag.py:3954} INFO - Setting next_dagrun for example_setup_teardown_taskflow to 2024-06-08 00:00:00+00:00, run_after=2024-06-09 00:00:00+00:00
[2024-06-09T12:13:32.634-0300] {processor.py:183} INFO - Processing /home/pedro/.local/lib/python3.10/site-packages/airflow/example_dags/example_setup_teardown_taskflow.py took 0.074 seconds
[2024-06-09T12:14:16.755-0300] {processor.py:161} INFO - Started process (PID=13220) to work on /home/pedro/.local/lib/python3.10/site-packages/airflow/example_dags/example_setup_teardown_taskflow.py
[2024-06-09T12:14:16.758-0300] {processor.py:830} INFO - Processing file /home/pedro/.local/lib/python3.10/site-packages/airflow/example_dags/example_setup_teardown_taskflow.py for tasks to queue
[2024-06-09T12:14:16.760-0300] {logging_mixin.py:188} INFO - [2024-06-09T12:14:16.760-0300] {dagbag.py:545} INFO - Filling up the DagBag from /home/pedro/.local/lib/python3.10/site-packages/airflow/example_dags/example_setup_teardown_taskflow.py
[2024-06-09T12:14:16.766-0300] {processor.py:840} INFO - DAG(s) 'example_setup_teardown_taskflow' retrieved from /home/pedro/.local/lib/python3.10/site-packages/airflow/example_dags/example_setup_teardown_taskflow.py
[2024-06-09T12:14:16.775-0300] {logging_mixin.py:188} INFO - [2024-06-09T12:14:16.775-0300] {dag.py:3096} INFO - Sync 1 DAGs
[2024-06-09T12:14:16.785-0300] {logging_mixin.py:188} INFO - [2024-06-09T12:14:16.785-0300] {dag.py:3954} INFO - Setting next_dagrun for example_setup_teardown_taskflow to 2024-06-08 00:00:00+00:00, run_after=2024-06-09 00:00:00+00:00
[2024-06-09T12:14:16.802-0300] {processor.py:183} INFO - Processing /home/pedro/.local/lib/python3.10/site-packages/airflow/example_dags/example_setup_teardown_taskflow.py took 0.052 seconds
[2024-06-09T12:15:06.015-0300] {processor.py:161} INFO - Started process (PID=13305) to work on /home/pedro/.local/lib/python3.10/site-packages/airflow/example_dags/example_setup_teardown_taskflow.py
[2024-06-09T12:15:06.019-0300] {processor.py:830} INFO - Processing file /home/pedro/.local/lib/python3.10/site-packages/airflow/example_dags/example_setup_teardown_taskflow.py for tasks to queue
[2024-06-09T12:15:06.021-0300] {logging_mixin.py:188} INFO - [2024-06-09T12:15:06.020-0300] {dagbag.py:545} INFO - Filling up the DagBag from /home/pedro/.local/lib/python3.10/site-packages/airflow/example_dags/example_setup_teardown_taskflow.py
[2024-06-09T12:15:06.030-0300] {processor.py:840} INFO - DAG(s) 'example_setup_teardown_taskflow' retrieved from /home/pedro/.local/lib/python3.10/site-packages/airflow/example_dags/example_setup_teardown_taskflow.py
[2024-06-09T12:15:06.043-0300] {logging_mixin.py:188} INFO - [2024-06-09T12:15:06.043-0300] {dag.py:3096} INFO - Sync 1 DAGs
[2024-06-09T12:15:06.055-0300] {logging_mixin.py:188} INFO - [2024-06-09T12:15:06.055-0300] {dag.py:3954} INFO - Setting next_dagrun for example_setup_teardown_taskflow to 2024-06-08 00:00:00+00:00, run_after=2024-06-09 00:00:00+00:00
[2024-06-09T12:15:06.070-0300] {processor.py:183} INFO - Processing /home/pedro/.local/lib/python3.10/site-packages/airflow/example_dags/example_setup_teardown_taskflow.py took 0.061 seconds
[2024-06-09T12:19:53.009-0300] {processor.py:161} INFO - Started process (PID=13584) to work on /home/pedro/.local/lib/python3.10/site-packages/airflow/example_dags/example_setup_teardown_taskflow.py
[2024-06-09T12:19:53.013-0300] {processor.py:830} INFO - Processing file /home/pedro/.local/lib/python3.10/site-packages/airflow/example_dags/example_setup_teardown_taskflow.py for tasks to queue
[2024-06-09T12:19:53.015-0300] {logging_mixin.py:188} INFO - [2024-06-09T12:19:53.014-0300] {dagbag.py:545} INFO - Filling up the DagBag from /home/pedro/.local/lib/python3.10/site-packages/airflow/example_dags/example_setup_teardown_taskflow.py
[2024-06-09T12:19:53.025-0300] {processor.py:840} INFO - DAG(s) 'example_setup_teardown_taskflow' retrieved from /home/pedro/.local/lib/python3.10/site-packages/airflow/example_dags/example_setup_teardown_taskflow.py
[2024-06-09T12:19:53.038-0300] {logging_mixin.py:188} INFO - [2024-06-09T12:19:53.038-0300] {dag.py:3096} INFO - Sync 1 DAGs
[2024-06-09T12:19:53.048-0300] {logging_mixin.py:188} INFO - [2024-06-09T12:19:53.048-0300] {dag.py:3954} INFO - Setting next_dagrun for example_setup_teardown_taskflow to 2024-06-08 00:00:00+00:00, run_after=2024-06-09 00:00:00+00:00
[2024-06-09T12:19:53.064-0300] {processor.py:183} INFO - Processing /home/pedro/.local/lib/python3.10/site-packages/airflow/example_dags/example_setup_teardown_taskflow.py took 0.061 seconds
[2024-06-09T12:20:44.073-0300] {processor.py:161} INFO - Started process (PID=13684) to work on /home/pedro/.local/lib/python3.10/site-packages/airflow/example_dags/example_setup_teardown_taskflow.py
[2024-06-09T12:20:44.074-0300] {processor.py:830} INFO - Processing file /home/pedro/.local/lib/python3.10/site-packages/airflow/example_dags/example_setup_teardown_taskflow.py for tasks to queue
[2024-06-09T12:20:44.076-0300] {logging_mixin.py:188} INFO - [2024-06-09T12:20:44.076-0300] {dagbag.py:545} INFO - Filling up the DagBag from /home/pedro/.local/lib/python3.10/site-packages/airflow/example_dags/example_setup_teardown_taskflow.py
[2024-06-09T12:20:44.083-0300] {processor.py:840} INFO - DAG(s) 'example_setup_teardown_taskflow' retrieved from /home/pedro/.local/lib/python3.10/site-packages/airflow/example_dags/example_setup_teardown_taskflow.py
[2024-06-09T12:20:44.092-0300] {logging_mixin.py:188} INFO - [2024-06-09T12:20:44.092-0300] {dag.py:3096} INFO - Sync 1 DAGs
[2024-06-09T12:20:44.156-0300] {logging_mixin.py:188} INFO - [2024-06-09T12:20:44.156-0300] {dag.py:3954} INFO - Setting next_dagrun for example_setup_teardown_taskflow to 2024-06-08 00:00:00+00:00, run_after=2024-06-09 00:00:00+00:00
[2024-06-09T12:20:44.169-0300] {processor.py:183} INFO - Processing /home/pedro/.local/lib/python3.10/site-packages/airflow/example_dags/example_setup_teardown_taskflow.py took 0.105 seconds
[2024-06-09T12:21:28.983-0300] {processor.py:161} INFO - Started process (PID=13784) to work on /home/pedro/.local/lib/python3.10/site-packages/airflow/example_dags/example_setup_teardown_taskflow.py
[2024-06-09T12:21:28.986-0300] {processor.py:830} INFO - Processing file /home/pedro/.local/lib/python3.10/site-packages/airflow/example_dags/example_setup_teardown_taskflow.py for tasks to queue
[2024-06-09T12:21:28.988-0300] {logging_mixin.py:188} INFO - [2024-06-09T12:21:28.987-0300] {dagbag.py:545} INFO - Filling up the DagBag from /home/pedro/.local/lib/python3.10/site-packages/airflow/example_dags/example_setup_teardown_taskflow.py
[2024-06-09T12:21:28.997-0300] {processor.py:840} INFO - DAG(s) 'example_setup_teardown_taskflow' retrieved from /home/pedro/.local/lib/python3.10/site-packages/airflow/example_dags/example_setup_teardown_taskflow.py
[2024-06-09T12:21:29.006-0300] {logging_mixin.py:188} INFO - [2024-06-09T12:21:29.006-0300] {dag.py:3096} INFO - Sync 1 DAGs
[2024-06-09T12:21:29.015-0300] {logging_mixin.py:188} INFO - [2024-06-09T12:21:29.015-0300] {dag.py:3954} INFO - Setting next_dagrun for example_setup_teardown_taskflow to 2024-06-08 00:00:00+00:00, run_after=2024-06-09 00:00:00+00:00
[2024-06-09T12:21:29.031-0300] {processor.py:183} INFO - Processing /home/pedro/.local/lib/python3.10/site-packages/airflow/example_dags/example_setup_teardown_taskflow.py took 0.053 seconds
[2024-06-09T12:22:18.510-0300] {processor.py:161} INFO - Started process (PID=13887) to work on /home/pedro/.local/lib/python3.10/site-packages/airflow/example_dags/example_setup_teardown_taskflow.py
[2024-06-09T12:22:18.514-0300] {processor.py:830} INFO - Processing file /home/pedro/.local/lib/python3.10/site-packages/airflow/example_dags/example_setup_teardown_taskflow.py for tasks to queue
[2024-06-09T12:22:18.516-0300] {logging_mixin.py:188} INFO - [2024-06-09T12:22:18.515-0300] {dagbag.py:545} INFO - Filling up the DagBag from /home/pedro/.local/lib/python3.10/site-packages/airflow/example_dags/example_setup_teardown_taskflow.py
[2024-06-09T12:22:18.526-0300] {processor.py:840} INFO - DAG(s) 'example_setup_teardown_taskflow' retrieved from /home/pedro/.local/lib/python3.10/site-packages/airflow/example_dags/example_setup_teardown_taskflow.py
[2024-06-09T12:22:18.535-0300] {logging_mixin.py:188} INFO - [2024-06-09T12:22:18.535-0300] {dag.py:3096} INFO - Sync 1 DAGs
[2024-06-09T12:22:18.545-0300] {logging_mixin.py:188} INFO - [2024-06-09T12:22:18.544-0300] {dag.py:3954} INFO - Setting next_dagrun for example_setup_teardown_taskflow to 2024-06-08 00:00:00+00:00, run_after=2024-06-09 00:00:00+00:00
[2024-06-09T12:22:18.560-0300] {processor.py:183} INFO - Processing /home/pedro/.local/lib/python3.10/site-packages/airflow/example_dags/example_setup_teardown_taskflow.py took 0.054 seconds
[2024-06-09T12:23:00.980-0300] {processor.py:161} INFO - Started process (PID=13988) to work on /home/pedro/.local/lib/python3.10/site-packages/airflow/example_dags/example_setup_teardown_taskflow.py
[2024-06-09T12:23:00.983-0300] {processor.py:830} INFO - Processing file /home/pedro/.local/lib/python3.10/site-packages/airflow/example_dags/example_setup_teardown_taskflow.py for tasks to queue
[2024-06-09T12:23:00.984-0300] {logging_mixin.py:188} INFO - [2024-06-09T12:23:00.984-0300] {dagbag.py:545} INFO - Filling up the DagBag from /home/pedro/.local/lib/python3.10/site-packages/airflow/example_dags/example_setup_teardown_taskflow.py
[2024-06-09T12:23:00.990-0300] {processor.py:840} INFO - DAG(s) 'example_setup_teardown_taskflow' retrieved from /home/pedro/.local/lib/python3.10/site-packages/airflow/example_dags/example_setup_teardown_taskflow.py
[2024-06-09T12:23:00.998-0300] {logging_mixin.py:188} INFO - [2024-06-09T12:23:00.998-0300] {dag.py:3096} INFO - Sync 1 DAGs
[2024-06-09T12:23:01.008-0300] {logging_mixin.py:188} INFO - [2024-06-09T12:23:01.008-0300] {dag.py:3954} INFO - Setting next_dagrun for example_setup_teardown_taskflow to 2024-06-08 00:00:00+00:00, run_after=2024-06-09 00:00:00+00:00
[2024-06-09T12:23:01.023-0300] {processor.py:183} INFO - Processing /home/pedro/.local/lib/python3.10/site-packages/airflow/example_dags/example_setup_teardown_taskflow.py took 0.046 seconds
[2024-06-09T12:23:43.350-0300] {processor.py:161} INFO - Started process (PID=14066) to work on /home/pedro/.local/lib/python3.10/site-packages/airflow/example_dags/example_setup_teardown_taskflow.py
[2024-06-09T12:23:43.354-0300] {processor.py:830} INFO - Processing file /home/pedro/.local/lib/python3.10/site-packages/airflow/example_dags/example_setup_teardown_taskflow.py for tasks to queue
[2024-06-09T12:23:43.356-0300] {logging_mixin.py:188} INFO - [2024-06-09T12:23:43.355-0300] {dagbag.py:545} INFO - Filling up the DagBag from /home/pedro/.local/lib/python3.10/site-packages/airflow/example_dags/example_setup_teardown_taskflow.py
[2024-06-09T12:23:43.366-0300] {processor.py:840} INFO - DAG(s) 'example_setup_teardown_taskflow' retrieved from /home/pedro/.local/lib/python3.10/site-packages/airflow/example_dags/example_setup_teardown_taskflow.py
[2024-06-09T12:23:43.375-0300] {logging_mixin.py:188} INFO - [2024-06-09T12:23:43.375-0300] {dag.py:3096} INFO - Sync 1 DAGs
[2024-06-09T12:23:43.384-0300] {logging_mixin.py:188} INFO - [2024-06-09T12:23:43.384-0300] {dag.py:3954} INFO - Setting next_dagrun for example_setup_teardown_taskflow to 2024-06-08 00:00:00+00:00, run_after=2024-06-09 00:00:00+00:00
[2024-06-09T12:23:43.400-0300] {processor.py:183} INFO - Processing /home/pedro/.local/lib/python3.10/site-packages/airflow/example_dags/example_setup_teardown_taskflow.py took 0.054 seconds
[2024-06-09T16:26:10.526-0300] {processor.py:161} INFO - Started process (PID=4801) to work on /home/pedro/.local/lib/python3.10/site-packages/airflow/example_dags/example_setup_teardown_taskflow.py
[2024-06-09T16:26:10.527-0300] {processor.py:830} INFO - Processing file /home/pedro/.local/lib/python3.10/site-packages/airflow/example_dags/example_setup_teardown_taskflow.py for tasks to queue
[2024-06-09T16:26:10.528-0300] {logging_mixin.py:188} INFO - [2024-06-09T16:26:10.528-0300] {dagbag.py:545} INFO - Filling up the DagBag from /home/pedro/.local/lib/python3.10/site-packages/airflow/example_dags/example_setup_teardown_taskflow.py
[2024-06-09T16:26:10.536-0300] {processor.py:840} INFO - DAG(s) 'example_setup_teardown_taskflow' retrieved from /home/pedro/.local/lib/python3.10/site-packages/airflow/example_dags/example_setup_teardown_taskflow.py
[2024-06-09T16:26:10.550-0300] {logging_mixin.py:188} INFO - [2024-06-09T16:26:10.550-0300] {dag.py:3096} INFO - Sync 1 DAGs
[2024-06-09T16:26:10.562-0300] {logging_mixin.py:188} INFO - [2024-06-09T16:26:10.561-0300] {dag.py:3954} INFO - Setting next_dagrun for example_setup_teardown_taskflow to 2024-06-08 00:00:00+00:00, run_after=2024-06-09 00:00:00+00:00
[2024-06-09T16:26:10.579-0300] {processor.py:183} INFO - Processing /home/pedro/.local/lib/python3.10/site-packages/airflow/example_dags/example_setup_teardown_taskflow.py took 0.057 seconds
[2024-06-09T16:28:13.540-0300] {processor.py:161} INFO - Started process (PID=5456) to work on /home/pedro/.local/lib/python3.10/site-packages/airflow/example_dags/example_setup_teardown_taskflow.py
[2024-06-09T16:28:13.541-0300] {processor.py:830} INFO - Processing file /home/pedro/.local/lib/python3.10/site-packages/airflow/example_dags/example_setup_teardown_taskflow.py for tasks to queue
[2024-06-09T16:28:13.542-0300] {logging_mixin.py:188} INFO - [2024-06-09T16:28:13.542-0300] {dagbag.py:545} INFO - Filling up the DagBag from /home/pedro/.local/lib/python3.10/site-packages/airflow/example_dags/example_setup_teardown_taskflow.py
[2024-06-09T16:28:13.550-0300] {processor.py:840} INFO - DAG(s) 'example_setup_teardown_taskflow' retrieved from /home/pedro/.local/lib/python3.10/site-packages/airflow/example_dags/example_setup_teardown_taskflow.py
[2024-06-09T16:28:13.560-0300] {logging_mixin.py:188} INFO - [2024-06-09T16:28:13.560-0300] {dag.py:3096} INFO - Sync 1 DAGs
[2024-06-09T16:28:13.622-0300] {logging_mixin.py:188} INFO - [2024-06-09T16:28:13.622-0300] {dag.py:3954} INFO - Setting next_dagrun for example_setup_teardown_taskflow to 2024-06-08 00:00:00+00:00, run_after=2024-06-09 00:00:00+00:00
[2024-06-09T16:28:13.671-0300] {processor.py:183} INFO - Processing /home/pedro/.local/lib/python3.10/site-packages/airflow/example_dags/example_setup_teardown_taskflow.py took 0.134 seconds
[2024-06-09T16:30:27.294-0300] {processor.py:161} INFO - Started process (PID=7324) to work on /home/pedro/.local/lib/python3.10/site-packages/airflow/example_dags/example_setup_teardown_taskflow.py
[2024-06-09T16:30:27.295-0300] {processor.py:830} INFO - Processing file /home/pedro/.local/lib/python3.10/site-packages/airflow/example_dags/example_setup_teardown_taskflow.py for tasks to queue
[2024-06-09T16:30:27.296-0300] {logging_mixin.py:188} INFO - [2024-06-09T16:30:27.296-0300] {dagbag.py:545} INFO - Filling up the DagBag from /home/pedro/.local/lib/python3.10/site-packages/airflow/example_dags/example_setup_teardown_taskflow.py
[2024-06-09T16:30:27.301-0300] {processor.py:840} INFO - DAG(s) 'example_setup_teardown_taskflow' retrieved from /home/pedro/.local/lib/python3.10/site-packages/airflow/example_dags/example_setup_teardown_taskflow.py
[2024-06-09T16:30:27.312-0300] {logging_mixin.py:188} INFO - [2024-06-09T16:30:27.311-0300] {dag.py:3096} INFO - Sync 1 DAGs
[2024-06-09T16:30:27.322-0300] {logging_mixin.py:188} INFO - [2024-06-09T16:30:27.321-0300] {dag.py:3954} INFO - Setting next_dagrun for example_setup_teardown_taskflow to 2024-06-08 00:00:00+00:00, run_after=2024-06-09 00:00:00+00:00
[2024-06-09T16:30:27.334-0300] {processor.py:183} INFO - Processing /home/pedro/.local/lib/python3.10/site-packages/airflow/example_dags/example_setup_teardown_taskflow.py took 0.045 seconds
[2024-06-09T16:32:36.895-0300] {processor.py:161} INFO - Started process (PID=8109) to work on /home/pedro/.local/lib/python3.10/site-packages/airflow/example_dags/example_setup_teardown_taskflow.py
[2024-06-09T16:32:36.896-0300] {processor.py:830} INFO - Processing file /home/pedro/.local/lib/python3.10/site-packages/airflow/example_dags/example_setup_teardown_taskflow.py for tasks to queue
[2024-06-09T16:32:36.897-0300] {logging_mixin.py:188} INFO - [2024-06-09T16:32:36.897-0300] {dagbag.py:545} INFO - Filling up the DagBag from /home/pedro/.local/lib/python3.10/site-packages/airflow/example_dags/example_setup_teardown_taskflow.py
[2024-06-09T16:32:36.905-0300] {processor.py:840} INFO - DAG(s) 'example_setup_teardown_taskflow' retrieved from /home/pedro/.local/lib/python3.10/site-packages/airflow/example_dags/example_setup_teardown_taskflow.py
[2024-06-09T16:32:36.966-0300] {logging_mixin.py:188} INFO - [2024-06-09T16:32:36.965-0300] {dag.py:3096} INFO - Sync 1 DAGs
[2024-06-09T16:32:36.991-0300] {logging_mixin.py:188} INFO - [2024-06-09T16:32:36.991-0300] {dag.py:3954} INFO - Setting next_dagrun for example_setup_teardown_taskflow to 2024-06-08 00:00:00+00:00, run_after=2024-06-09 00:00:00+00:00
[2024-06-09T16:32:37.050-0300] {processor.py:183} INFO - Processing /home/pedro/.local/lib/python3.10/site-packages/airflow/example_dags/example_setup_teardown_taskflow.py took 0.162 seconds
[2024-06-09T16:34:38.923-0300] {processor.py:161} INFO - Started process (PID=8768) to work on /home/pedro/.local/lib/python3.10/site-packages/airflow/example_dags/example_setup_teardown_taskflow.py
[2024-06-09T16:34:38.926-0300] {processor.py:830} INFO - Processing file /home/pedro/.local/lib/python3.10/site-packages/airflow/example_dags/example_setup_teardown_taskflow.py for tasks to queue
[2024-06-09T16:34:38.927-0300] {logging_mixin.py:188} INFO - [2024-06-09T16:34:38.927-0300] {dagbag.py:545} INFO - Filling up the DagBag from /home/pedro/.local/lib/python3.10/site-packages/airflow/example_dags/example_setup_teardown_taskflow.py
[2024-06-09T16:34:38.933-0300] {processor.py:840} INFO - DAG(s) 'example_setup_teardown_taskflow' retrieved from /home/pedro/.local/lib/python3.10/site-packages/airflow/example_dags/example_setup_teardown_taskflow.py
[2024-06-09T16:34:38.942-0300] {logging_mixin.py:188} INFO - [2024-06-09T16:34:38.942-0300] {dag.py:3096} INFO - Sync 1 DAGs
[2024-06-09T16:34:38.952-0300] {logging_mixin.py:188} INFO - [2024-06-09T16:34:38.952-0300] {dag.py:3954} INFO - Setting next_dagrun for example_setup_teardown_taskflow to 2024-06-08 00:00:00+00:00, run_after=2024-06-09 00:00:00+00:00
[2024-06-09T16:34:38.968-0300] {processor.py:183} INFO - Processing /home/pedro/.local/lib/python3.10/site-packages/airflow/example_dags/example_setup_teardown_taskflow.py took 0.049 seconds
[2024-06-09T16:36:36.899-0300] {processor.py:161} INFO - Started process (PID=9456) to work on /home/pedro/.local/lib/python3.10/site-packages/airflow/example_dags/example_setup_teardown_taskflow.py
[2024-06-09T16:36:36.900-0300] {processor.py:830} INFO - Processing file /home/pedro/.local/lib/python3.10/site-packages/airflow/example_dags/example_setup_teardown_taskflow.py for tasks to queue
[2024-06-09T16:36:36.902-0300] {logging_mixin.py:188} INFO - [2024-06-09T16:36:36.901-0300] {dagbag.py:545} INFO - Filling up the DagBag from /home/pedro/.local/lib/python3.10/site-packages/airflow/example_dags/example_setup_teardown_taskflow.py
[2024-06-09T16:36:36.908-0300] {processor.py:840} INFO - DAG(s) 'example_setup_teardown_taskflow' retrieved from /home/pedro/.local/lib/python3.10/site-packages/airflow/example_dags/example_setup_teardown_taskflow.py
[2024-06-09T16:36:36.918-0300] {logging_mixin.py:188} INFO - [2024-06-09T16:36:36.918-0300] {dag.py:3096} INFO - Sync 1 DAGs
[2024-06-09T16:36:36.930-0300] {logging_mixin.py:188} INFO - [2024-06-09T16:36:36.930-0300] {dag.py:3954} INFO - Setting next_dagrun for example_setup_teardown_taskflow to 2024-06-08 00:00:00+00:00, run_after=2024-06-09 00:00:00+00:00
[2024-06-09T16:36:36.944-0300] {processor.py:183} INFO - Processing /home/pedro/.local/lib/python3.10/site-packages/airflow/example_dags/example_setup_teardown_taskflow.py took 0.050 seconds
[2024-06-09T16:38:32.427-0300] {processor.py:161} INFO - Started process (PID=10173) to work on /home/pedro/.local/lib/python3.10/site-packages/airflow/example_dags/example_setup_teardown_taskflow.py
[2024-06-09T16:38:32.428-0300] {processor.py:830} INFO - Processing file /home/pedro/.local/lib/python3.10/site-packages/airflow/example_dags/example_setup_teardown_taskflow.py for tasks to queue
[2024-06-09T16:38:32.429-0300] {logging_mixin.py:188} INFO - [2024-06-09T16:38:32.429-0300] {dagbag.py:545} INFO - Filling up the DagBag from /home/pedro/.local/lib/python3.10/site-packages/airflow/example_dags/example_setup_teardown_taskflow.py
[2024-06-09T16:38:32.435-0300] {processor.py:840} INFO - DAG(s) 'example_setup_teardown_taskflow' retrieved from /home/pedro/.local/lib/python3.10/site-packages/airflow/example_dags/example_setup_teardown_taskflow.py
[2024-06-09T16:38:32.446-0300] {logging_mixin.py:188} INFO - [2024-06-09T16:38:32.446-0300] {dag.py:3096} INFO - Sync 1 DAGs
[2024-06-09T16:38:32.460-0300] {logging_mixin.py:188} INFO - [2024-06-09T16:38:32.460-0300] {dag.py:3954} INFO - Setting next_dagrun for example_setup_teardown_taskflow to 2024-06-08 00:00:00+00:00, run_after=2024-06-09 00:00:00+00:00
[2024-06-09T16:38:32.477-0300] {processor.py:183} INFO - Processing /home/pedro/.local/lib/python3.10/site-packages/airflow/example_dags/example_setup_teardown_taskflow.py took 0.053 seconds
[2024-06-09T16:40:30.594-0300] {processor.py:161} INFO - Started process (PID=10871) to work on /home/pedro/.local/lib/python3.10/site-packages/airflow/example_dags/example_setup_teardown_taskflow.py
[2024-06-09T16:40:30.595-0300] {processor.py:830} INFO - Processing file /home/pedro/.local/lib/python3.10/site-packages/airflow/example_dags/example_setup_teardown_taskflow.py for tasks to queue
[2024-06-09T16:40:30.597-0300] {logging_mixin.py:188} INFO - [2024-06-09T16:40:30.596-0300] {dagbag.py:545} INFO - Filling up the DagBag from /home/pedro/.local/lib/python3.10/site-packages/airflow/example_dags/example_setup_teardown_taskflow.py
[2024-06-09T16:40:30.605-0300] {processor.py:840} INFO - DAG(s) 'example_setup_teardown_taskflow' retrieved from /home/pedro/.local/lib/python3.10/site-packages/airflow/example_dags/example_setup_teardown_taskflow.py
[2024-06-09T16:40:30.617-0300] {logging_mixin.py:188} INFO - [2024-06-09T16:40:30.616-0300] {dag.py:3096} INFO - Sync 1 DAGs
[2024-06-09T16:40:30.631-0300] {logging_mixin.py:188} INFO - [2024-06-09T16:40:30.630-0300] {dag.py:3954} INFO - Setting next_dagrun for example_setup_teardown_taskflow to 2024-06-08 00:00:00+00:00, run_after=2024-06-09 00:00:00+00:00
[2024-06-09T16:40:30.654-0300] {processor.py:183} INFO - Processing /home/pedro/.local/lib/python3.10/site-packages/airflow/example_dags/example_setup_teardown_taskflow.py took 0.064 seconds
[2024-06-09T16:42:28.728-0300] {processor.py:161} INFO - Started process (PID=11594) to work on /home/pedro/.local/lib/python3.10/site-packages/airflow/example_dags/example_setup_teardown_taskflow.py
[2024-06-09T16:42:28.729-0300] {processor.py:830} INFO - Processing file /home/pedro/.local/lib/python3.10/site-packages/airflow/example_dags/example_setup_teardown_taskflow.py for tasks to queue
[2024-06-09T16:42:28.730-0300] {logging_mixin.py:188} INFO - [2024-06-09T16:42:28.729-0300] {dagbag.py:545} INFO - Filling up the DagBag from /home/pedro/.local/lib/python3.10/site-packages/airflow/example_dags/example_setup_teardown_taskflow.py
[2024-06-09T16:42:28.735-0300] {processor.py:840} INFO - DAG(s) 'example_setup_teardown_taskflow' retrieved from /home/pedro/.local/lib/python3.10/site-packages/airflow/example_dags/example_setup_teardown_taskflow.py
[2024-06-09T16:42:28.744-0300] {logging_mixin.py:188} INFO - [2024-06-09T16:42:28.744-0300] {dag.py:3096} INFO - Sync 1 DAGs
[2024-06-09T16:42:28.755-0300] {logging_mixin.py:188} INFO - [2024-06-09T16:42:28.755-0300] {dag.py:3954} INFO - Setting next_dagrun for example_setup_teardown_taskflow to 2024-06-08 00:00:00+00:00, run_after=2024-06-09 00:00:00+00:00
[2024-06-09T16:42:28.769-0300] {processor.py:183} INFO - Processing /home/pedro/.local/lib/python3.10/site-packages/airflow/example_dags/example_setup_teardown_taskflow.py took 0.044 seconds
[2024-06-09T16:44:31.126-0300] {processor.py:161} INFO - Started process (PID=12275) to work on /home/pedro/.local/lib/python3.10/site-packages/airflow/example_dags/example_setup_teardown_taskflow.py
[2024-06-09T16:44:31.129-0300] {processor.py:830} INFO - Processing file /home/pedro/.local/lib/python3.10/site-packages/airflow/example_dags/example_setup_teardown_taskflow.py for tasks to queue
[2024-06-09T16:44:31.131-0300] {logging_mixin.py:188} INFO - [2024-06-09T16:44:31.131-0300] {dagbag.py:545} INFO - Filling up the DagBag from /home/pedro/.local/lib/python3.10/site-packages/airflow/example_dags/example_setup_teardown_taskflow.py
[2024-06-09T16:44:31.141-0300] {processor.py:840} INFO - DAG(s) 'example_setup_teardown_taskflow' retrieved from /home/pedro/.local/lib/python3.10/site-packages/airflow/example_dags/example_setup_teardown_taskflow.py
[2024-06-09T16:44:31.151-0300] {logging_mixin.py:188} INFO - [2024-06-09T16:44:31.150-0300] {dag.py:3096} INFO - Sync 1 DAGs
[2024-06-09T16:44:31.162-0300] {logging_mixin.py:188} INFO - [2024-06-09T16:44:31.162-0300] {dag.py:3954} INFO - Setting next_dagrun for example_setup_teardown_taskflow to 2024-06-08 00:00:00+00:00, run_after=2024-06-09 00:00:00+00:00
[2024-06-09T16:44:31.178-0300] {processor.py:183} INFO - Processing /home/pedro/.local/lib/python3.10/site-packages/airflow/example_dags/example_setup_teardown_taskflow.py took 0.061 seconds
[2024-06-09T16:46:41.229-0300] {processor.py:161} INFO - Started process (PID=13010) to work on /home/pedro/.local/lib/python3.10/site-packages/airflow/example_dags/example_setup_teardown_taskflow.py
[2024-06-09T16:46:41.233-0300] {processor.py:830} INFO - Processing file /home/pedro/.local/lib/python3.10/site-packages/airflow/example_dags/example_setup_teardown_taskflow.py for tasks to queue
[2024-06-09T16:46:41.234-0300] {logging_mixin.py:188} INFO - [2024-06-09T16:46:41.233-0300] {dagbag.py:545} INFO - Filling up the DagBag from /home/pedro/.local/lib/python3.10/site-packages/airflow/example_dags/example_setup_teardown_taskflow.py
[2024-06-09T16:46:41.243-0300] {processor.py:840} INFO - DAG(s) 'example_setup_teardown_taskflow' retrieved from /home/pedro/.local/lib/python3.10/site-packages/airflow/example_dags/example_setup_teardown_taskflow.py
[2024-06-09T16:46:41.252-0300] {logging_mixin.py:188} INFO - [2024-06-09T16:46:41.252-0300] {dag.py:3096} INFO - Sync 1 DAGs
[2024-06-09T16:46:41.262-0300] {logging_mixin.py:188} INFO - [2024-06-09T16:46:41.262-0300] {dag.py:3954} INFO - Setting next_dagrun for example_setup_teardown_taskflow to 2024-06-08 00:00:00+00:00, run_after=2024-06-09 00:00:00+00:00
[2024-06-09T16:46:41.277-0300] {processor.py:183} INFO - Processing /home/pedro/.local/lib/python3.10/site-packages/airflow/example_dags/example_setup_teardown_taskflow.py took 0.051 seconds
[2024-06-09T16:48:45.627-0300] {processor.py:161} INFO - Started process (PID=13739) to work on /home/pedro/.local/lib/python3.10/site-packages/airflow/example_dags/example_setup_teardown_taskflow.py
[2024-06-09T16:48:45.630-0300] {processor.py:830} INFO - Processing file /home/pedro/.local/lib/python3.10/site-packages/airflow/example_dags/example_setup_teardown_taskflow.py for tasks to queue
[2024-06-09T16:48:45.631-0300] {logging_mixin.py:188} INFO - [2024-06-09T16:48:45.631-0300] {dagbag.py:545} INFO - Filling up the DagBag from /home/pedro/.local/lib/python3.10/site-packages/airflow/example_dags/example_setup_teardown_taskflow.py
[2024-06-09T16:48:45.638-0300] {processor.py:840} INFO - DAG(s) 'example_setup_teardown_taskflow' retrieved from /home/pedro/.local/lib/python3.10/site-packages/airflow/example_dags/example_setup_teardown_taskflow.py
[2024-06-09T16:48:45.647-0300] {logging_mixin.py:188} INFO - [2024-06-09T16:48:45.647-0300] {dag.py:3096} INFO - Sync 1 DAGs
[2024-06-09T16:48:45.657-0300] {logging_mixin.py:188} INFO - [2024-06-09T16:48:45.657-0300] {dag.py:3954} INFO - Setting next_dagrun for example_setup_teardown_taskflow to 2024-06-08 00:00:00+00:00, run_after=2024-06-09 00:00:00+00:00
[2024-06-09T16:48:45.673-0300] {processor.py:183} INFO - Processing /home/pedro/.local/lib/python3.10/site-packages/airflow/example_dags/example_setup_teardown_taskflow.py took 0.049 seconds
[2024-06-09T16:50:44.228-0300] {processor.py:161} INFO - Started process (PID=14505) to work on /home/pedro/.local/lib/python3.10/site-packages/airflow/example_dags/example_setup_teardown_taskflow.py
[2024-06-09T16:50:44.229-0300] {processor.py:830} INFO - Processing file /home/pedro/.local/lib/python3.10/site-packages/airflow/example_dags/example_setup_teardown_taskflow.py for tasks to queue
[2024-06-09T16:50:44.230-0300] {logging_mixin.py:188} INFO - [2024-06-09T16:50:44.230-0300] {dagbag.py:545} INFO - Filling up the DagBag from /home/pedro/.local/lib/python3.10/site-packages/airflow/example_dags/example_setup_teardown_taskflow.py
[2024-06-09T16:50:44.235-0300] {processor.py:840} INFO - DAG(s) 'example_setup_teardown_taskflow' retrieved from /home/pedro/.local/lib/python3.10/site-packages/airflow/example_dags/example_setup_teardown_taskflow.py
[2024-06-09T16:50:44.244-0300] {logging_mixin.py:188} INFO - [2024-06-09T16:50:44.244-0300] {dag.py:3096} INFO - Sync 1 DAGs
[2024-06-09T16:50:44.254-0300] {logging_mixin.py:188} INFO - [2024-06-09T16:50:44.253-0300] {dag.py:3954} INFO - Setting next_dagrun for example_setup_teardown_taskflow to 2024-06-08 00:00:00+00:00, run_after=2024-06-09 00:00:00+00:00
[2024-06-09T16:50:44.266-0300] {processor.py:183} INFO - Processing /home/pedro/.local/lib/python3.10/site-packages/airflow/example_dags/example_setup_teardown_taskflow.py took 0.042 seconds
[2024-06-09T16:52:46.658-0300] {processor.py:161} INFO - Started process (PID=15201) to work on /home/pedro/.local/lib/python3.10/site-packages/airflow/example_dags/example_setup_teardown_taskflow.py
[2024-06-09T16:52:46.659-0300] {processor.py:830} INFO - Processing file /home/pedro/.local/lib/python3.10/site-packages/airflow/example_dags/example_setup_teardown_taskflow.py for tasks to queue
[2024-06-09T16:52:46.660-0300] {logging_mixin.py:188} INFO - [2024-06-09T16:52:46.660-0300] {dagbag.py:545} INFO - Filling up the DagBag from /home/pedro/.local/lib/python3.10/site-packages/airflow/example_dags/example_setup_teardown_taskflow.py
[2024-06-09T16:52:46.666-0300] {processor.py:840} INFO - DAG(s) 'example_setup_teardown_taskflow' retrieved from /home/pedro/.local/lib/python3.10/site-packages/airflow/example_dags/example_setup_teardown_taskflow.py
[2024-06-09T16:52:46.676-0300] {logging_mixin.py:188} INFO - [2024-06-09T16:52:46.676-0300] {dag.py:3096} INFO - Sync 1 DAGs
[2024-06-09T16:52:46.687-0300] {logging_mixin.py:188} INFO - [2024-06-09T16:52:46.687-0300] {dag.py:3954} INFO - Setting next_dagrun for example_setup_teardown_taskflow to 2024-06-08 00:00:00+00:00, run_after=2024-06-09 00:00:00+00:00
[2024-06-09T16:52:46.700-0300] {processor.py:183} INFO - Processing /home/pedro/.local/lib/python3.10/site-packages/airflow/example_dags/example_setup_teardown_taskflow.py took 0.047 seconds
[2024-06-09T16:54:57.115-0300] {processor.py:161} INFO - Started process (PID=15940) to work on /home/pedro/.local/lib/python3.10/site-packages/airflow/example_dags/example_setup_teardown_taskflow.py
[2024-06-09T16:54:57.116-0300] {processor.py:830} INFO - Processing file /home/pedro/.local/lib/python3.10/site-packages/airflow/example_dags/example_setup_teardown_taskflow.py for tasks to queue
[2024-06-09T16:54:57.117-0300] {logging_mixin.py:188} INFO - [2024-06-09T16:54:57.117-0300] {dagbag.py:545} INFO - Filling up the DagBag from /home/pedro/.local/lib/python3.10/site-packages/airflow/example_dags/example_setup_teardown_taskflow.py
[2024-06-09T16:54:57.125-0300] {processor.py:840} INFO - DAG(s) 'example_setup_teardown_taskflow' retrieved from /home/pedro/.local/lib/python3.10/site-packages/airflow/example_dags/example_setup_teardown_taskflow.py
[2024-06-09T16:54:57.143-0300] {logging_mixin.py:188} INFO - [2024-06-09T16:54:57.143-0300] {dag.py:3096} INFO - Sync 1 DAGs
[2024-06-09T16:54:57.167-0300] {logging_mixin.py:188} INFO - [2024-06-09T16:54:57.167-0300] {dag.py:3954} INFO - Setting next_dagrun for example_setup_teardown_taskflow to 2024-06-08 00:00:00+00:00, run_after=2024-06-09 00:00:00+00:00
[2024-06-09T16:54:57.191-0300] {processor.py:183} INFO - Processing /home/pedro/.local/lib/python3.10/site-packages/airflow/example_dags/example_setup_teardown_taskflow.py took 0.080 seconds
[2024-06-09T16:57:01.684-0300] {processor.py:161} INFO - Started process (PID=16643) to work on /home/pedro/.local/lib/python3.10/site-packages/airflow/example_dags/example_setup_teardown_taskflow.py
[2024-06-09T16:57:01.685-0300] {processor.py:830} INFO - Processing file /home/pedro/.local/lib/python3.10/site-packages/airflow/example_dags/example_setup_teardown_taskflow.py for tasks to queue
[2024-06-09T16:57:01.687-0300] {logging_mixin.py:188} INFO - [2024-06-09T16:57:01.686-0300] {dagbag.py:545} INFO - Filling up the DagBag from /home/pedro/.local/lib/python3.10/site-packages/airflow/example_dags/example_setup_teardown_taskflow.py
[2024-06-09T16:57:01.693-0300] {processor.py:840} INFO - DAG(s) 'example_setup_teardown_taskflow' retrieved from /home/pedro/.local/lib/python3.10/site-packages/airflow/example_dags/example_setup_teardown_taskflow.py
[2024-06-09T16:57:01.703-0300] {logging_mixin.py:188} INFO - [2024-06-09T16:57:01.702-0300] {dag.py:3096} INFO - Sync 1 DAGs
[2024-06-09T16:57:01.712-0300] {logging_mixin.py:188} INFO - [2024-06-09T16:57:01.712-0300] {dag.py:3954} INFO - Setting next_dagrun for example_setup_teardown_taskflow to 2024-06-08 00:00:00+00:00, run_after=2024-06-09 00:00:00+00:00
[2024-06-09T16:57:01.725-0300] {processor.py:183} INFO - Processing /home/pedro/.local/lib/python3.10/site-packages/airflow/example_dags/example_setup_teardown_taskflow.py took 0.046 seconds
