[2024-06-09T11:45:16.948-0300] {processor.py:161} INFO - Started process (PID=5800) to work on /home/pedro/.local/lib/python3.10/site-packages/airflow/example_dags/example_skip_dag.py
[2024-06-09T11:45:16.949-0300] {processor.py:830} INFO - Processing file /home/pedro/.local/lib/python3.10/site-packages/airflow/example_dags/example_skip_dag.py for tasks to queue
[2024-06-09T11:45:16.950-0300] {logging_mixin.py:188} INFO - [2024-06-09T11:45:16.949-0300] {dagbag.py:545} INFO - Filling up the DagBag from /home/pedro/.local/lib/python3.10/site-packages/airflow/example_dags/example_skip_dag.py
[2024-06-09T11:45:16.954-0300] {processor.py:840} INFO - DAG(s) 'example_skip_dag' retrieved from /home/pedro/.local/lib/python3.10/site-packages/airflow/example_dags/example_skip_dag.py
[2024-06-09T11:45:16.965-0300] {logging_mixin.py:188} INFO - [2024-06-09T11:45:16.965-0300] {dag.py:3096} INFO - Sync 1 DAGs
[2024-06-09T11:45:16.974-0300] {logging_mixin.py:188} INFO - [2024-06-09T11:45:16.974-0300] {dag.py:3954} INFO - Setting next_dagrun for example_skip_dag to 2024-06-08 00:00:00+00:00, run_after=2024-06-09 00:00:00+00:00
[2024-06-09T11:45:16.991-0300] {processor.py:183} INFO - Processing /home/pedro/.local/lib/python3.10/site-packages/airflow/example_dags/example_skip_dag.py took 0.046 seconds
[2024-06-09T11:46:09.003-0300] {processor.py:161} INFO - Started process (PID=7189) to work on /home/pedro/.local/lib/python3.10/site-packages/airflow/example_dags/example_skip_dag.py
[2024-06-09T11:46:09.004-0300] {processor.py:830} INFO - Processing file /home/pedro/.local/lib/python3.10/site-packages/airflow/example_dags/example_skip_dag.py for tasks to queue
[2024-06-09T11:46:09.004-0300] {logging_mixin.py:188} INFO - [2024-06-09T11:46:09.004-0300] {dagbag.py:545} INFO - Filling up the DagBag from /home/pedro/.local/lib/python3.10/site-packages/airflow/example_dags/example_skip_dag.py
[2024-06-09T11:46:09.010-0300] {processor.py:840} INFO - DAG(s) 'example_skip_dag' retrieved from /home/pedro/.local/lib/python3.10/site-packages/airflow/example_dags/example_skip_dag.py
[2024-06-09T11:46:09.019-0300] {logging_mixin.py:188} INFO - [2024-06-09T11:46:09.018-0300] {dag.py:3096} INFO - Sync 1 DAGs
[2024-06-09T11:46:09.079-0300] {logging_mixin.py:188} INFO - [2024-06-09T11:46:09.079-0300] {dag.py:3954} INFO - Setting next_dagrun for example_skip_dag to 2024-06-08 00:00:00+00:00, run_after=2024-06-09 00:00:00+00:00
[2024-06-09T11:46:09.091-0300] {processor.py:183} INFO - Processing /home/pedro/.local/lib/python3.10/site-packages/airflow/example_dags/example_skip_dag.py took 0.091 seconds
[2024-06-09T11:46:54.606-0300] {processor.py:161} INFO - Started process (PID=7319) to work on /home/pedro/.local/lib/python3.10/site-packages/airflow/example_dags/example_skip_dag.py
[2024-06-09T11:46:54.609-0300] {processor.py:830} INFO - Processing file /home/pedro/.local/lib/python3.10/site-packages/airflow/example_dags/example_skip_dag.py for tasks to queue
[2024-06-09T11:46:54.611-0300] {logging_mixin.py:188} INFO - [2024-06-09T11:46:54.610-0300] {dagbag.py:545} INFO - Filling up the DagBag from /home/pedro/.local/lib/python3.10/site-packages/airflow/example_dags/example_skip_dag.py
[2024-06-09T11:46:54.617-0300] {processor.py:840} INFO - DAG(s) 'example_skip_dag' retrieved from /home/pedro/.local/lib/python3.10/site-packages/airflow/example_dags/example_skip_dag.py
[2024-06-09T11:46:54.626-0300] {logging_mixin.py:188} INFO - [2024-06-09T11:46:54.626-0300] {dag.py:3096} INFO - Sync 1 DAGs
[2024-06-09T11:46:54.636-0300] {logging_mixin.py:188} INFO - [2024-06-09T11:46:54.636-0300] {dag.py:3954} INFO - Setting next_dagrun for example_skip_dag to 2024-06-08 00:00:00+00:00, run_after=2024-06-09 00:00:00+00:00
[2024-06-09T11:46:54.649-0300] {processor.py:183} INFO - Processing /home/pedro/.local/lib/python3.10/site-packages/airflow/example_dags/example_skip_dag.py took 0.048 seconds
[2024-06-09T11:47:36.146-0300] {processor.py:161} INFO - Started process (PID=7406) to work on /home/pedro/.local/lib/python3.10/site-packages/airflow/example_dags/example_skip_dag.py
[2024-06-09T11:47:36.149-0300] {processor.py:830} INFO - Processing file /home/pedro/.local/lib/python3.10/site-packages/airflow/example_dags/example_skip_dag.py for tasks to queue
[2024-06-09T11:47:36.151-0300] {logging_mixin.py:188} INFO - [2024-06-09T11:47:36.151-0300] {dagbag.py:545} INFO - Filling up the DagBag from /home/pedro/.local/lib/python3.10/site-packages/airflow/example_dags/example_skip_dag.py
[2024-06-09T11:47:36.158-0300] {processor.py:840} INFO - DAG(s) 'example_skip_dag' retrieved from /home/pedro/.local/lib/python3.10/site-packages/airflow/example_dags/example_skip_dag.py
[2024-06-09T11:47:36.168-0300] {logging_mixin.py:188} INFO - [2024-06-09T11:47:36.168-0300] {dag.py:3096} INFO - Sync 1 DAGs
[2024-06-09T11:47:36.177-0300] {logging_mixin.py:188} INFO - [2024-06-09T11:47:36.177-0300] {dag.py:3954} INFO - Setting next_dagrun for example_skip_dag to 2024-06-08 00:00:00+00:00, run_after=2024-06-09 00:00:00+00:00
[2024-06-09T11:47:36.192-0300] {processor.py:183} INFO - Processing /home/pedro/.local/lib/python3.10/site-packages/airflow/example_dags/example_skip_dag.py took 0.051 seconds
[2024-06-09T11:48:18.633-0300] {processor.py:161} INFO - Started process (PID=7480) to work on /home/pedro/.local/lib/python3.10/site-packages/airflow/example_dags/example_skip_dag.py
[2024-06-09T11:48:18.636-0300] {processor.py:830} INFO - Processing file /home/pedro/.local/lib/python3.10/site-packages/airflow/example_dags/example_skip_dag.py for tasks to queue
[2024-06-09T11:48:18.638-0300] {logging_mixin.py:188} INFO - [2024-06-09T11:48:18.638-0300] {dagbag.py:545} INFO - Filling up the DagBag from /home/pedro/.local/lib/python3.10/site-packages/airflow/example_dags/example_skip_dag.py
[2024-06-09T11:48:18.646-0300] {processor.py:840} INFO - DAG(s) 'example_skip_dag' retrieved from /home/pedro/.local/lib/python3.10/site-packages/airflow/example_dags/example_skip_dag.py
[2024-06-09T11:48:18.655-0300] {logging_mixin.py:188} INFO - [2024-06-09T11:48:18.655-0300] {dag.py:3096} INFO - Sync 1 DAGs
[2024-06-09T11:48:18.665-0300] {logging_mixin.py:188} INFO - [2024-06-09T11:48:18.665-0300] {dag.py:3954} INFO - Setting next_dagrun for example_skip_dag to 2024-06-08 00:00:00+00:00, run_after=2024-06-09 00:00:00+00:00
[2024-06-09T11:48:18.679-0300] {processor.py:183} INFO - Processing /home/pedro/.local/lib/python3.10/site-packages/airflow/example_dags/example_skip_dag.py took 0.052 seconds
[2024-06-09T11:49:01.087-0300] {processor.py:161} INFO - Started process (PID=7653) to work on /home/pedro/.local/lib/python3.10/site-packages/airflow/example_dags/example_skip_dag.py
[2024-06-09T11:49:01.091-0300] {processor.py:830} INFO - Processing file /home/pedro/.local/lib/python3.10/site-packages/airflow/example_dags/example_skip_dag.py for tasks to queue
[2024-06-09T11:49:01.093-0300] {logging_mixin.py:188} INFO - [2024-06-09T11:49:01.092-0300] {dagbag.py:545} INFO - Filling up the DagBag from /home/pedro/.local/lib/python3.10/site-packages/airflow/example_dags/example_skip_dag.py
[2024-06-09T11:49:01.099-0300] {processor.py:840} INFO - DAG(s) 'example_skip_dag' retrieved from /home/pedro/.local/lib/python3.10/site-packages/airflow/example_dags/example_skip_dag.py
[2024-06-09T11:49:01.108-0300] {logging_mixin.py:188} INFO - [2024-06-09T11:49:01.108-0300] {dag.py:3096} INFO - Sync 1 DAGs
[2024-06-09T11:49:01.119-0300] {logging_mixin.py:188} INFO - [2024-06-09T11:49:01.118-0300] {dag.py:3954} INFO - Setting next_dagrun for example_skip_dag to 2024-06-08 00:00:00+00:00, run_after=2024-06-09 00:00:00+00:00
[2024-06-09T11:49:01.133-0300] {processor.py:183} INFO - Processing /home/pedro/.local/lib/python3.10/site-packages/airflow/example_dags/example_skip_dag.py took 0.054 seconds
[2024-06-09T11:49:43.264-0300] {processor.py:161} INFO - Started process (PID=7927) to work on /home/pedro/.local/lib/python3.10/site-packages/airflow/example_dags/example_skip_dag.py
[2024-06-09T11:49:43.267-0300] {processor.py:830} INFO - Processing file /home/pedro/.local/lib/python3.10/site-packages/airflow/example_dags/example_skip_dag.py for tasks to queue
[2024-06-09T11:49:43.269-0300] {logging_mixin.py:188} INFO - [2024-06-09T11:49:43.269-0300] {dagbag.py:545} INFO - Filling up the DagBag from /home/pedro/.local/lib/python3.10/site-packages/airflow/example_dags/example_skip_dag.py
[2024-06-09T11:49:43.277-0300] {processor.py:840} INFO - DAG(s) 'example_skip_dag' retrieved from /home/pedro/.local/lib/python3.10/site-packages/airflow/example_dags/example_skip_dag.py
[2024-06-09T11:49:43.286-0300] {logging_mixin.py:188} INFO - [2024-06-09T11:49:43.286-0300] {dag.py:3096} INFO - Sync 1 DAGs
[2024-06-09T11:49:43.296-0300] {logging_mixin.py:188} INFO - [2024-06-09T11:49:43.296-0300] {dag.py:3954} INFO - Setting next_dagrun for example_skip_dag to 2024-06-08 00:00:00+00:00, run_after=2024-06-09 00:00:00+00:00
[2024-06-09T11:49:43.311-0300] {processor.py:183} INFO - Processing /home/pedro/.local/lib/python3.10/site-packages/airflow/example_dags/example_skip_dag.py took 0.052 seconds
[2024-06-09T11:50:28.501-0300] {processor.py:161} INFO - Started process (PID=7990) to work on /home/pedro/.local/lib/python3.10/site-packages/airflow/example_dags/example_skip_dag.py
[2024-06-09T11:50:28.503-0300] {processor.py:830} INFO - Processing file /home/pedro/.local/lib/python3.10/site-packages/airflow/example_dags/example_skip_dag.py for tasks to queue
[2024-06-09T11:50:28.504-0300] {logging_mixin.py:188} INFO - [2024-06-09T11:50:28.504-0300] {dagbag.py:545} INFO - Filling up the DagBag from /home/pedro/.local/lib/python3.10/site-packages/airflow/example_dags/example_skip_dag.py
[2024-06-09T11:50:28.510-0300] {processor.py:840} INFO - DAG(s) 'example_skip_dag' retrieved from /home/pedro/.local/lib/python3.10/site-packages/airflow/example_dags/example_skip_dag.py
[2024-06-09T11:50:28.518-0300] {logging_mixin.py:188} INFO - [2024-06-09T11:50:28.518-0300] {dag.py:3096} INFO - Sync 1 DAGs
[2024-06-09T11:50:28.527-0300] {logging_mixin.py:188} INFO - [2024-06-09T11:50:28.527-0300] {dag.py:3954} INFO - Setting next_dagrun for example_skip_dag to 2024-06-08 00:00:00+00:00, run_after=2024-06-09 00:00:00+00:00
[2024-06-09T11:50:28.540-0300] {processor.py:183} INFO - Processing /home/pedro/.local/lib/python3.10/site-packages/airflow/example_dags/example_skip_dag.py took 0.048 seconds
[2024-06-09T11:51:14.537-0300] {processor.py:161} INFO - Started process (PID=8199) to work on /home/pedro/.local/lib/python3.10/site-packages/airflow/example_dags/example_skip_dag.py
[2024-06-09T11:51:14.540-0300] {processor.py:830} INFO - Processing file /home/pedro/.local/lib/python3.10/site-packages/airflow/example_dags/example_skip_dag.py for tasks to queue
[2024-06-09T11:51:14.541-0300] {logging_mixin.py:188} INFO - [2024-06-09T11:51:14.540-0300] {dagbag.py:545} INFO - Filling up the DagBag from /home/pedro/.local/lib/python3.10/site-packages/airflow/example_dags/example_skip_dag.py
[2024-06-09T11:51:14.548-0300] {processor.py:840} INFO - DAG(s) 'example_skip_dag' retrieved from /home/pedro/.local/lib/python3.10/site-packages/airflow/example_dags/example_skip_dag.py
[2024-06-09T11:51:14.558-0300] {logging_mixin.py:188} INFO - [2024-06-09T11:51:14.557-0300] {dag.py:3096} INFO - Sync 1 DAGs
[2024-06-09T11:51:14.567-0300] {logging_mixin.py:188} INFO - [2024-06-09T11:51:14.567-0300] {dag.py:3954} INFO - Setting next_dagrun for example_skip_dag to 2024-06-08 00:00:00+00:00, run_after=2024-06-09 00:00:00+00:00
[2024-06-09T11:51:14.581-0300] {processor.py:183} INFO - Processing /home/pedro/.local/lib/python3.10/site-packages/airflow/example_dags/example_skip_dag.py took 0.050 seconds
[2024-06-09T11:51:58.777-0300] {processor.py:161} INFO - Started process (PID=8291) to work on /home/pedro/.local/lib/python3.10/site-packages/airflow/example_dags/example_skip_dag.py
[2024-06-09T11:51:58.778-0300] {processor.py:830} INFO - Processing file /home/pedro/.local/lib/python3.10/site-packages/airflow/example_dags/example_skip_dag.py for tasks to queue
[2024-06-09T11:51:58.779-0300] {logging_mixin.py:188} INFO - [2024-06-09T11:51:58.779-0300] {dagbag.py:545} INFO - Filling up the DagBag from /home/pedro/.local/lib/python3.10/site-packages/airflow/example_dags/example_skip_dag.py
[2024-06-09T11:51:58.784-0300] {processor.py:840} INFO - DAG(s) 'example_skip_dag' retrieved from /home/pedro/.local/lib/python3.10/site-packages/airflow/example_dags/example_skip_dag.py
[2024-06-09T11:51:58.793-0300] {logging_mixin.py:188} INFO - [2024-06-09T11:51:58.793-0300] {dag.py:3096} INFO - Sync 1 DAGs
[2024-06-09T11:51:58.803-0300] {logging_mixin.py:188} INFO - [2024-06-09T11:51:58.803-0300] {dag.py:3954} INFO - Setting next_dagrun for example_skip_dag to 2024-06-08 00:00:00+00:00, run_after=2024-06-09 00:00:00+00:00
[2024-06-09T11:51:58.816-0300] {processor.py:183} INFO - Processing /home/pedro/.local/lib/python3.10/site-packages/airflow/example_dags/example_skip_dag.py took 0.042 seconds
[2024-06-09T11:52:41.112-0300] {processor.py:161} INFO - Started process (PID=8405) to work on /home/pedro/.local/lib/python3.10/site-packages/airflow/example_dags/example_skip_dag.py
[2024-06-09T11:52:41.115-0300] {processor.py:830} INFO - Processing file /home/pedro/.local/lib/python3.10/site-packages/airflow/example_dags/example_skip_dag.py for tasks to queue
[2024-06-09T11:52:41.117-0300] {logging_mixin.py:188} INFO - [2024-06-09T11:52:41.117-0300] {dagbag.py:545} INFO - Filling up the DagBag from /home/pedro/.local/lib/python3.10/site-packages/airflow/example_dags/example_skip_dag.py
[2024-06-09T11:52:41.124-0300] {processor.py:840} INFO - DAG(s) 'example_skip_dag' retrieved from /home/pedro/.local/lib/python3.10/site-packages/airflow/example_dags/example_skip_dag.py
[2024-06-09T11:52:41.133-0300] {logging_mixin.py:188} INFO - [2024-06-09T11:52:41.133-0300] {dag.py:3096} INFO - Sync 1 DAGs
[2024-06-09T11:52:41.143-0300] {logging_mixin.py:188} INFO - [2024-06-09T11:52:41.143-0300] {dag.py:3954} INFO - Setting next_dagrun for example_skip_dag to 2024-06-08 00:00:00+00:00, run_after=2024-06-09 00:00:00+00:00
[2024-06-09T11:52:41.158-0300] {processor.py:183} INFO - Processing /home/pedro/.local/lib/python3.10/site-packages/airflow/example_dags/example_skip_dag.py took 0.049 seconds
[2024-06-09T11:53:19.980-0300] {processor.py:161} INFO - Started process (PID=8499) to work on /home/pedro/.local/lib/python3.10/site-packages/airflow/example_dags/example_skip_dag.py
[2024-06-09T11:53:19.981-0300] {processor.py:830} INFO - Processing file /home/pedro/.local/lib/python3.10/site-packages/airflow/example_dags/example_skip_dag.py for tasks to queue
[2024-06-09T11:53:19.983-0300] {logging_mixin.py:188} INFO - [2024-06-09T11:53:19.983-0300] {dagbag.py:545} INFO - Filling up the DagBag from /home/pedro/.local/lib/python3.10/site-packages/airflow/example_dags/example_skip_dag.py
[2024-06-09T11:53:19.989-0300] {processor.py:840} INFO - DAG(s) 'example_skip_dag' retrieved from /home/pedro/.local/lib/python3.10/site-packages/airflow/example_dags/example_skip_dag.py
[2024-06-09T11:53:19.998-0300] {logging_mixin.py:188} INFO - [2024-06-09T11:53:19.997-0300] {dag.py:3096} INFO - Sync 1 DAGs
[2024-06-09T11:53:20.007-0300] {logging_mixin.py:188} INFO - [2024-06-09T11:53:20.007-0300] {dag.py:3954} INFO - Setting next_dagrun for example_skip_dag to 2024-06-08 00:00:00+00:00, run_after=2024-06-09 00:00:00+00:00
[2024-06-09T11:53:20.020-0300] {processor.py:183} INFO - Processing /home/pedro/.local/lib/python3.10/site-packages/airflow/example_dags/example_skip_dag.py took 0.044 seconds
[2024-06-09T11:53:59.314-0300] {processor.py:161} INFO - Started process (PID=8580) to work on /home/pedro/.local/lib/python3.10/site-packages/airflow/example_dags/example_skip_dag.py
[2024-06-09T11:53:59.318-0300] {processor.py:830} INFO - Processing file /home/pedro/.local/lib/python3.10/site-packages/airflow/example_dags/example_skip_dag.py for tasks to queue
[2024-06-09T11:53:59.319-0300] {logging_mixin.py:188} INFO - [2024-06-09T11:53:59.319-0300] {dagbag.py:545} INFO - Filling up the DagBag from /home/pedro/.local/lib/python3.10/site-packages/airflow/example_dags/example_skip_dag.py
[2024-06-09T11:53:59.326-0300] {processor.py:840} INFO - DAG(s) 'example_skip_dag' retrieved from /home/pedro/.local/lib/python3.10/site-packages/airflow/example_dags/example_skip_dag.py
[2024-06-09T11:53:59.335-0300] {logging_mixin.py:188} INFO - [2024-06-09T11:53:59.334-0300] {dag.py:3096} INFO - Sync 1 DAGs
[2024-06-09T11:53:59.345-0300] {logging_mixin.py:188} INFO - [2024-06-09T11:53:59.344-0300] {dag.py:3954} INFO - Setting next_dagrun for example_skip_dag to 2024-06-08 00:00:00+00:00, run_after=2024-06-09 00:00:00+00:00
[2024-06-09T11:53:59.357-0300] {processor.py:183} INFO - Processing /home/pedro/.local/lib/python3.10/site-packages/airflow/example_dags/example_skip_dag.py took 0.052 seconds
[2024-06-09T11:54:41.037-0300] {processor.py:161} INFO - Started process (PID=8650) to work on /home/pedro/.local/lib/python3.10/site-packages/airflow/example_dags/example_skip_dag.py
[2024-06-09T11:54:41.040-0300] {processor.py:830} INFO - Processing file /home/pedro/.local/lib/python3.10/site-packages/airflow/example_dags/example_skip_dag.py for tasks to queue
[2024-06-09T11:54:41.042-0300] {logging_mixin.py:188} INFO - [2024-06-09T11:54:41.042-0300] {dagbag.py:545} INFO - Filling up the DagBag from /home/pedro/.local/lib/python3.10/site-packages/airflow/example_dags/example_skip_dag.py
[2024-06-09T11:54:41.049-0300] {processor.py:840} INFO - DAG(s) 'example_skip_dag' retrieved from /home/pedro/.local/lib/python3.10/site-packages/airflow/example_dags/example_skip_dag.py
[2024-06-09T11:54:41.058-0300] {logging_mixin.py:188} INFO - [2024-06-09T11:54:41.058-0300] {dag.py:3096} INFO - Sync 1 DAGs
[2024-06-09T11:54:41.069-0300] {logging_mixin.py:188} INFO - [2024-06-09T11:54:41.069-0300] {dag.py:3954} INFO - Setting next_dagrun for example_skip_dag to 2024-06-08 00:00:00+00:00, run_after=2024-06-09 00:00:00+00:00
[2024-06-09T11:54:41.084-0300] {processor.py:183} INFO - Processing /home/pedro/.local/lib/python3.10/site-packages/airflow/example_dags/example_skip_dag.py took 0.053 seconds
[2024-06-09T11:55:19.529-0300] {processor.py:161} INFO - Started process (PID=8709) to work on /home/pedro/.local/lib/python3.10/site-packages/airflow/example_dags/example_skip_dag.py
[2024-06-09T11:55:19.533-0300] {processor.py:830} INFO - Processing file /home/pedro/.local/lib/python3.10/site-packages/airflow/example_dags/example_skip_dag.py for tasks to queue
[2024-06-09T11:55:19.535-0300] {logging_mixin.py:188} INFO - [2024-06-09T11:55:19.534-0300] {dagbag.py:545} INFO - Filling up the DagBag from /home/pedro/.local/lib/python3.10/site-packages/airflow/example_dags/example_skip_dag.py
[2024-06-09T11:55:19.542-0300] {processor.py:840} INFO - DAG(s) 'example_skip_dag' retrieved from /home/pedro/.local/lib/python3.10/site-packages/airflow/example_dags/example_skip_dag.py
[2024-06-09T11:55:19.552-0300] {logging_mixin.py:188} INFO - [2024-06-09T11:55:19.552-0300] {dag.py:3096} INFO - Sync 1 DAGs
[2024-06-09T11:55:19.561-0300] {logging_mixin.py:188} INFO - [2024-06-09T11:55:19.561-0300] {dag.py:3954} INFO - Setting next_dagrun for example_skip_dag to 2024-06-08 00:00:00+00:00, run_after=2024-06-09 00:00:00+00:00
[2024-06-09T11:55:19.575-0300] {processor.py:183} INFO - Processing /home/pedro/.local/lib/python3.10/site-packages/airflow/example_dags/example_skip_dag.py took 0.050 seconds
[2024-06-09T11:55:59.721-0300] {processor.py:161} INFO - Started process (PID=8932) to work on /home/pedro/.local/lib/python3.10/site-packages/airflow/example_dags/example_skip_dag.py
[2024-06-09T11:55:59.724-0300] {processor.py:830} INFO - Processing file /home/pedro/.local/lib/python3.10/site-packages/airflow/example_dags/example_skip_dag.py for tasks to queue
[2024-06-09T11:55:59.726-0300] {logging_mixin.py:188} INFO - [2024-06-09T11:55:59.726-0300] {dagbag.py:545} INFO - Filling up the DagBag from /home/pedro/.local/lib/python3.10/site-packages/airflow/example_dags/example_skip_dag.py
[2024-06-09T11:55:59.731-0300] {processor.py:840} INFO - DAG(s) 'example_skip_dag' retrieved from /home/pedro/.local/lib/python3.10/site-packages/airflow/example_dags/example_skip_dag.py
[2024-06-09T11:55:59.741-0300] {logging_mixin.py:188} INFO - [2024-06-09T11:55:59.741-0300] {dag.py:3096} INFO - Sync 1 DAGs
[2024-06-09T11:55:59.753-0300] {logging_mixin.py:188} INFO - [2024-06-09T11:55:59.753-0300] {dag.py:3954} INFO - Setting next_dagrun for example_skip_dag to 2024-06-08 00:00:00+00:00, run_after=2024-06-09 00:00:00+00:00
[2024-06-09T11:55:59.770-0300] {processor.py:183} INFO - Processing /home/pedro/.local/lib/python3.10/site-packages/airflow/example_dags/example_skip_dag.py took 0.057 seconds
[2024-06-09T11:57:39.691-0300] {processor.py:161} INFO - Started process (PID=9613) to work on /home/pedro/.local/lib/python3.10/site-packages/airflow/example_dags/example_skip_dag.py
[2024-06-09T11:57:39.693-0300] {processor.py:830} INFO - Processing file /home/pedro/.local/lib/python3.10/site-packages/airflow/example_dags/example_skip_dag.py for tasks to queue
[2024-06-09T11:57:39.694-0300] {logging_mixin.py:188} INFO - [2024-06-09T11:57:39.694-0300] {dagbag.py:545} INFO - Filling up the DagBag from /home/pedro/.local/lib/python3.10/site-packages/airflow/example_dags/example_skip_dag.py
[2024-06-09T11:57:39.700-0300] {processor.py:840} INFO - DAG(s) 'example_skip_dag' retrieved from /home/pedro/.local/lib/python3.10/site-packages/airflow/example_dags/example_skip_dag.py
[2024-06-09T11:57:39.711-0300] {logging_mixin.py:188} INFO - [2024-06-09T11:57:39.711-0300] {dag.py:3096} INFO - Sync 1 DAGs
[2024-06-09T11:57:39.720-0300] {logging_mixin.py:188} INFO - [2024-06-09T11:57:39.720-0300] {dag.py:3954} INFO - Setting next_dagrun for example_skip_dag to 2024-06-08 00:00:00+00:00, run_after=2024-06-09 00:00:00+00:00
[2024-06-09T11:57:39.733-0300] {processor.py:183} INFO - Processing /home/pedro/.local/lib/python3.10/site-packages/airflow/example_dags/example_skip_dag.py took 0.049 seconds
[2024-06-09T11:59:07.675-0300] {processor.py:161} INFO - Started process (PID=10610) to work on /home/pedro/.local/lib/python3.10/site-packages/airflow/example_dags/example_skip_dag.py
[2024-06-09T11:59:07.676-0300] {processor.py:830} INFO - Processing file /home/pedro/.local/lib/python3.10/site-packages/airflow/example_dags/example_skip_dag.py for tasks to queue
[2024-06-09T11:59:07.678-0300] {logging_mixin.py:188} INFO - [2024-06-09T11:59:07.677-0300] {dagbag.py:545} INFO - Filling up the DagBag from /home/pedro/.local/lib/python3.10/site-packages/airflow/example_dags/example_skip_dag.py
[2024-06-09T11:59:07.685-0300] {processor.py:840} INFO - DAG(s) 'example_skip_dag' retrieved from /home/pedro/.local/lib/python3.10/site-packages/airflow/example_dags/example_skip_dag.py
[2024-06-09T11:59:07.696-0300] {logging_mixin.py:188} INFO - [2024-06-09T11:59:07.696-0300] {dag.py:3096} INFO - Sync 1 DAGs
[2024-06-09T11:59:07.706-0300] {logging_mixin.py:188} INFO - [2024-06-09T11:59:07.706-0300] {dag.py:3954} INFO - Setting next_dagrun for example_skip_dag to 2024-06-08 00:00:00+00:00, run_after=2024-06-09 00:00:00+00:00
[2024-06-09T11:59:07.717-0300] {processor.py:183} INFO - Processing /home/pedro/.local/lib/python3.10/site-packages/airflow/example_dags/example_skip_dag.py took 0.052 seconds
[2024-06-09T11:59:59.204-0300] {processor.py:161} INFO - Started process (PID=10787) to work on /home/pedro/.local/lib/python3.10/site-packages/airflow/example_dags/example_skip_dag.py
[2024-06-09T11:59:59.208-0300] {processor.py:830} INFO - Processing file /home/pedro/.local/lib/python3.10/site-packages/airflow/example_dags/example_skip_dag.py for tasks to queue
[2024-06-09T11:59:59.209-0300] {logging_mixin.py:188} INFO - [2024-06-09T11:59:59.208-0300] {dagbag.py:545} INFO - Filling up the DagBag from /home/pedro/.local/lib/python3.10/site-packages/airflow/example_dags/example_skip_dag.py
[2024-06-09T11:59:59.213-0300] {processor.py:840} INFO - DAG(s) 'example_skip_dag' retrieved from /home/pedro/.local/lib/python3.10/site-packages/airflow/example_dags/example_skip_dag.py
[2024-06-09T11:59:59.234-0300] {logging_mixin.py:188} INFO - [2024-06-09T11:59:59.233-0300] {dag.py:3096} INFO - Sync 1 DAGs
[2024-06-09T11:59:59.305-0300] {logging_mixin.py:188} INFO - [2024-06-09T11:59:59.305-0300] {dag.py:3954} INFO - Setting next_dagrun for example_skip_dag to 2024-06-08 00:00:00+00:00, run_after=2024-06-09 00:00:00+00:00
[2024-06-09T11:59:59.323-0300] {processor.py:183} INFO - Processing /home/pedro/.local/lib/python3.10/site-packages/airflow/example_dags/example_skip_dag.py took 0.124 seconds
[2024-06-09T12:00:44.433-0300] {processor.py:161} INFO - Started process (PID=10859) to work on /home/pedro/.local/lib/python3.10/site-packages/airflow/example_dags/example_skip_dag.py
[2024-06-09T12:00:44.436-0300] {processor.py:830} INFO - Processing file /home/pedro/.local/lib/python3.10/site-packages/airflow/example_dags/example_skip_dag.py for tasks to queue
[2024-06-09T12:00:44.438-0300] {logging_mixin.py:188} INFO - [2024-06-09T12:00:44.438-0300] {dagbag.py:545} INFO - Filling up the DagBag from /home/pedro/.local/lib/python3.10/site-packages/airflow/example_dags/example_skip_dag.py
[2024-06-09T12:00:44.445-0300] {processor.py:840} INFO - DAG(s) 'example_skip_dag' retrieved from /home/pedro/.local/lib/python3.10/site-packages/airflow/example_dags/example_skip_dag.py
[2024-06-09T12:00:44.456-0300] {logging_mixin.py:188} INFO - [2024-06-09T12:00:44.456-0300] {dag.py:3096} INFO - Sync 1 DAGs
[2024-06-09T12:00:44.467-0300] {logging_mixin.py:188} INFO - [2024-06-09T12:00:44.467-0300] {dag.py:3954} INFO - Setting next_dagrun for example_skip_dag to 2024-06-08 00:00:00+00:00, run_after=2024-06-09 00:00:00+00:00
[2024-06-09T12:00:44.483-0300] {processor.py:183} INFO - Processing /home/pedro/.local/lib/python3.10/site-packages/airflow/example_dags/example_skip_dag.py took 0.060 seconds
[2024-06-09T12:01:27.260-0300] {processor.py:161} INFO - Started process (PID=11143) to work on /home/pedro/.local/lib/python3.10/site-packages/airflow/example_dags/example_skip_dag.py
[2024-06-09T12:01:27.263-0300] {processor.py:830} INFO - Processing file /home/pedro/.local/lib/python3.10/site-packages/airflow/example_dags/example_skip_dag.py for tasks to queue
[2024-06-09T12:01:27.265-0300] {logging_mixin.py:188} INFO - [2024-06-09T12:01:27.265-0300] {dagbag.py:545} INFO - Filling up the DagBag from /home/pedro/.local/lib/python3.10/site-packages/airflow/example_dags/example_skip_dag.py
[2024-06-09T12:01:27.272-0300] {processor.py:840} INFO - DAG(s) 'example_skip_dag' retrieved from /home/pedro/.local/lib/python3.10/site-packages/airflow/example_dags/example_skip_dag.py
[2024-06-09T12:01:27.281-0300] {logging_mixin.py:188} INFO - [2024-06-09T12:01:27.281-0300] {dag.py:3096} INFO - Sync 1 DAGs
[2024-06-09T12:01:27.291-0300] {logging_mixin.py:188} INFO - [2024-06-09T12:01:27.291-0300] {dag.py:3954} INFO - Setting next_dagrun for example_skip_dag to 2024-06-08 00:00:00+00:00, run_after=2024-06-09 00:00:00+00:00
[2024-06-09T12:01:27.307-0300] {processor.py:183} INFO - Processing /home/pedro/.local/lib/python3.10/site-packages/airflow/example_dags/example_skip_dag.py took 0.057 seconds
[2024-06-09T12:02:10.149-0300] {processor.py:161} INFO - Started process (PID=11227) to work on /home/pedro/.local/lib/python3.10/site-packages/airflow/example_dags/example_skip_dag.py
[2024-06-09T12:02:10.153-0300] {processor.py:830} INFO - Processing file /home/pedro/.local/lib/python3.10/site-packages/airflow/example_dags/example_skip_dag.py for tasks to queue
[2024-06-09T12:02:10.155-0300] {logging_mixin.py:188} INFO - [2024-06-09T12:02:10.155-0300] {dagbag.py:545} INFO - Filling up the DagBag from /home/pedro/.local/lib/python3.10/site-packages/airflow/example_dags/example_skip_dag.py
[2024-06-09T12:02:10.161-0300] {processor.py:840} INFO - DAG(s) 'example_skip_dag' retrieved from /home/pedro/.local/lib/python3.10/site-packages/airflow/example_dags/example_skip_dag.py
[2024-06-09T12:02:10.171-0300] {logging_mixin.py:188} INFO - [2024-06-09T12:02:10.171-0300] {dag.py:3096} INFO - Sync 1 DAGs
[2024-06-09T12:02:10.181-0300] {logging_mixin.py:188} INFO - [2024-06-09T12:02:10.181-0300] {dag.py:3954} INFO - Setting next_dagrun for example_skip_dag to 2024-06-08 00:00:00+00:00, run_after=2024-06-09 00:00:00+00:00
[2024-06-09T12:02:10.197-0300] {processor.py:183} INFO - Processing /home/pedro/.local/lib/python3.10/site-packages/airflow/example_dags/example_skip_dag.py took 0.057 seconds
[2024-06-09T12:02:55.562-0300] {processor.py:161} INFO - Started process (PID=11326) to work on /home/pedro/.local/lib/python3.10/site-packages/airflow/example_dags/example_skip_dag.py
[2024-06-09T12:02:55.566-0300] {processor.py:830} INFO - Processing file /home/pedro/.local/lib/python3.10/site-packages/airflow/example_dags/example_skip_dag.py for tasks to queue
[2024-06-09T12:02:55.567-0300] {logging_mixin.py:188} INFO - [2024-06-09T12:02:55.567-0300] {dagbag.py:545} INFO - Filling up the DagBag from /home/pedro/.local/lib/python3.10/site-packages/airflow/example_dags/example_skip_dag.py
[2024-06-09T12:02:55.573-0300] {processor.py:840} INFO - DAG(s) 'example_skip_dag' retrieved from /home/pedro/.local/lib/python3.10/site-packages/airflow/example_dags/example_skip_dag.py
[2024-06-09T12:02:55.584-0300] {logging_mixin.py:188} INFO - [2024-06-09T12:02:55.584-0300] {dag.py:3096} INFO - Sync 1 DAGs
[2024-06-09T12:02:55.595-0300] {logging_mixin.py:188} INFO - [2024-06-09T12:02:55.595-0300] {dag.py:3954} INFO - Setting next_dagrun for example_skip_dag to 2024-06-08 00:00:00+00:00, run_after=2024-06-09 00:00:00+00:00
[2024-06-09T12:02:55.612-0300] {processor.py:183} INFO - Processing /home/pedro/.local/lib/python3.10/site-packages/airflow/example_dags/example_skip_dag.py took 0.059 seconds
[2024-06-09T12:03:37.951-0300] {processor.py:161} INFO - Started process (PID=11394) to work on /home/pedro/.local/lib/python3.10/site-packages/airflow/example_dags/example_skip_dag.py
[2024-06-09T12:03:37.955-0300] {processor.py:830} INFO - Processing file /home/pedro/.local/lib/python3.10/site-packages/airflow/example_dags/example_skip_dag.py for tasks to queue
[2024-06-09T12:03:37.956-0300] {logging_mixin.py:188} INFO - [2024-06-09T12:03:37.956-0300] {dagbag.py:545} INFO - Filling up the DagBag from /home/pedro/.local/lib/python3.10/site-packages/airflow/example_dags/example_skip_dag.py
[2024-06-09T12:03:37.963-0300] {processor.py:840} INFO - DAG(s) 'example_skip_dag' retrieved from /home/pedro/.local/lib/python3.10/site-packages/airflow/example_dags/example_skip_dag.py
[2024-06-09T12:03:37.972-0300] {logging_mixin.py:188} INFO - [2024-06-09T12:03:37.972-0300] {dag.py:3096} INFO - Sync 1 DAGs
[2024-06-09T12:03:37.984-0300] {logging_mixin.py:188} INFO - [2024-06-09T12:03:37.984-0300] {dag.py:3954} INFO - Setting next_dagrun for example_skip_dag to 2024-06-08 00:00:00+00:00, run_after=2024-06-09 00:00:00+00:00
[2024-06-09T12:03:37.999-0300] {processor.py:183} INFO - Processing /home/pedro/.local/lib/python3.10/site-packages/airflow/example_dags/example_skip_dag.py took 0.051 seconds
[2024-06-09T12:04:16.192-0300] {processor.py:161} INFO - Started process (PID=11492) to work on /home/pedro/.local/lib/python3.10/site-packages/airflow/example_dags/example_skip_dag.py
[2024-06-09T12:04:16.196-0300] {processor.py:830} INFO - Processing file /home/pedro/.local/lib/python3.10/site-packages/airflow/example_dags/example_skip_dag.py for tasks to queue
[2024-06-09T12:04:16.198-0300] {logging_mixin.py:188} INFO - [2024-06-09T12:04:16.198-0300] {dagbag.py:545} INFO - Filling up the DagBag from /home/pedro/.local/lib/python3.10/site-packages/airflow/example_dags/example_skip_dag.py
[2024-06-09T12:04:16.205-0300] {processor.py:840} INFO - DAG(s) 'example_skip_dag' retrieved from /home/pedro/.local/lib/python3.10/site-packages/airflow/example_dags/example_skip_dag.py
[2024-06-09T12:04:16.214-0300] {logging_mixin.py:188} INFO - [2024-06-09T12:04:16.214-0300] {dag.py:3096} INFO - Sync 1 DAGs
[2024-06-09T12:04:16.224-0300] {logging_mixin.py:188} INFO - [2024-06-09T12:04:16.224-0300] {dag.py:3954} INFO - Setting next_dagrun for example_skip_dag to 2024-06-08 00:00:00+00:00, run_after=2024-06-09 00:00:00+00:00
[2024-06-09T12:04:16.240-0300] {processor.py:183} INFO - Processing /home/pedro/.local/lib/python3.10/site-packages/airflow/example_dags/example_skip_dag.py took 0.056 seconds
[2024-06-09T12:04:57.501-0300] {processor.py:161} INFO - Started process (PID=11580) to work on /home/pedro/.local/lib/python3.10/site-packages/airflow/example_dags/example_skip_dag.py
[2024-06-09T12:04:57.504-0300] {processor.py:830} INFO - Processing file /home/pedro/.local/lib/python3.10/site-packages/airflow/example_dags/example_skip_dag.py for tasks to queue
[2024-06-09T12:04:57.506-0300] {logging_mixin.py:188} INFO - [2024-06-09T12:04:57.506-0300] {dagbag.py:545} INFO - Filling up the DagBag from /home/pedro/.local/lib/python3.10/site-packages/airflow/example_dags/example_skip_dag.py
[2024-06-09T12:04:57.513-0300] {processor.py:840} INFO - DAG(s) 'example_skip_dag' retrieved from /home/pedro/.local/lib/python3.10/site-packages/airflow/example_dags/example_skip_dag.py
[2024-06-09T12:04:57.522-0300] {logging_mixin.py:188} INFO - [2024-06-09T12:04:57.522-0300] {dag.py:3096} INFO - Sync 1 DAGs
[2024-06-09T12:04:57.533-0300] {logging_mixin.py:188} INFO - [2024-06-09T12:04:57.533-0300] {dag.py:3954} INFO - Setting next_dagrun for example_skip_dag to 2024-06-08 00:00:00+00:00, run_after=2024-06-09 00:00:00+00:00
[2024-06-09T12:04:57.548-0300] {processor.py:183} INFO - Processing /home/pedro/.local/lib/python3.10/site-packages/airflow/example_dags/example_skip_dag.py took 0.055 seconds
[2024-06-09T12:05:38.418-0300] {processor.py:161} INFO - Started process (PID=11653) to work on /home/pedro/.local/lib/python3.10/site-packages/airflow/example_dags/example_skip_dag.py
[2024-06-09T12:05:38.422-0300] {processor.py:830} INFO - Processing file /home/pedro/.local/lib/python3.10/site-packages/airflow/example_dags/example_skip_dag.py for tasks to queue
[2024-06-09T12:05:38.424-0300] {logging_mixin.py:188} INFO - [2024-06-09T12:05:38.423-0300] {dagbag.py:545} INFO - Filling up the DagBag from /home/pedro/.local/lib/python3.10/site-packages/airflow/example_dags/example_skip_dag.py
[2024-06-09T12:05:38.430-0300] {processor.py:840} INFO - DAG(s) 'example_skip_dag' retrieved from /home/pedro/.local/lib/python3.10/site-packages/airflow/example_dags/example_skip_dag.py
[2024-06-09T12:05:38.440-0300] {logging_mixin.py:188} INFO - [2024-06-09T12:05:38.440-0300] {dag.py:3096} INFO - Sync 1 DAGs
[2024-06-09T12:05:38.450-0300] {logging_mixin.py:188} INFO - [2024-06-09T12:05:38.450-0300] {dag.py:3954} INFO - Setting next_dagrun for example_skip_dag to 2024-06-08 00:00:00+00:00, run_after=2024-06-09 00:00:00+00:00
[2024-06-09T12:05:38.466-0300] {processor.py:183} INFO - Processing /home/pedro/.local/lib/python3.10/site-packages/airflow/example_dags/example_skip_dag.py took 0.053 seconds
[2024-06-09T12:06:29.768-0300] {processor.py:161} INFO - Started process (PID=12418) to work on /home/pedro/.local/lib/python3.10/site-packages/airflow/example_dags/example_skip_dag.py
[2024-06-09T12:06:29.769-0300] {processor.py:830} INFO - Processing file /home/pedro/.local/lib/python3.10/site-packages/airflow/example_dags/example_skip_dag.py for tasks to queue
[2024-06-09T12:06:29.770-0300] {logging_mixin.py:188} INFO - [2024-06-09T12:06:29.770-0300] {dagbag.py:545} INFO - Filling up the DagBag from /home/pedro/.local/lib/python3.10/site-packages/airflow/example_dags/example_skip_dag.py
[2024-06-09T12:06:29.774-0300] {processor.py:840} INFO - DAG(s) 'example_skip_dag' retrieved from /home/pedro/.local/lib/python3.10/site-packages/airflow/example_dags/example_skip_dag.py
[2024-06-09T12:06:29.788-0300] {logging_mixin.py:188} INFO - [2024-06-09T12:06:29.788-0300] {dag.py:3096} INFO - Sync 1 DAGs
[2024-06-09T12:06:29.799-0300] {logging_mixin.py:188} INFO - [2024-06-09T12:06:29.799-0300] {dag.py:3954} INFO - Setting next_dagrun for example_skip_dag to 2024-06-08 00:00:00+00:00, run_after=2024-06-09 00:00:00+00:00
[2024-06-09T12:06:29.814-0300] {processor.py:183} INFO - Processing /home/pedro/.local/lib/python3.10/site-packages/airflow/example_dags/example_skip_dag.py took 0.053 seconds
[2024-06-09T12:07:23.506-0300] {processor.py:161} INFO - Started process (PID=12522) to work on /home/pedro/.local/lib/python3.10/site-packages/airflow/example_dags/example_skip_dag.py
[2024-06-09T12:07:23.510-0300] {processor.py:830} INFO - Processing file /home/pedro/.local/lib/python3.10/site-packages/airflow/example_dags/example_skip_dag.py for tasks to queue
[2024-06-09T12:07:23.513-0300] {logging_mixin.py:188} INFO - [2024-06-09T12:07:23.512-0300] {dagbag.py:545} INFO - Filling up the DagBag from /home/pedro/.local/lib/python3.10/site-packages/airflow/example_dags/example_skip_dag.py
[2024-06-09T12:07:23.519-0300] {processor.py:840} INFO - DAG(s) 'example_skip_dag' retrieved from /home/pedro/.local/lib/python3.10/site-packages/airflow/example_dags/example_skip_dag.py
[2024-06-09T12:07:23.529-0300] {logging_mixin.py:188} INFO - [2024-06-09T12:07:23.529-0300] {dag.py:3096} INFO - Sync 1 DAGs
[2024-06-09T12:07:23.600-0300] {logging_mixin.py:188} INFO - [2024-06-09T12:07:23.600-0300] {dag.py:3954} INFO - Setting next_dagrun for example_skip_dag to 2024-06-08 00:00:00+00:00, run_after=2024-06-09 00:00:00+00:00
[2024-06-09T12:07:23.616-0300] {processor.py:183} INFO - Processing /home/pedro/.local/lib/python3.10/site-packages/airflow/example_dags/example_skip_dag.py took 0.117 seconds
[2024-06-09T12:08:16.059-0300] {processor.py:161} INFO - Started process (PID=12605) to work on /home/pedro/.local/lib/python3.10/site-packages/airflow/example_dags/example_skip_dag.py
[2024-06-09T12:08:16.062-0300] {processor.py:830} INFO - Processing file /home/pedro/.local/lib/python3.10/site-packages/airflow/example_dags/example_skip_dag.py for tasks to queue
[2024-06-09T12:08:16.064-0300] {logging_mixin.py:188} INFO - [2024-06-09T12:08:16.064-0300] {dagbag.py:545} INFO - Filling up the DagBag from /home/pedro/.local/lib/python3.10/site-packages/airflow/example_dags/example_skip_dag.py
[2024-06-09T12:08:16.070-0300] {processor.py:840} INFO - DAG(s) 'example_skip_dag' retrieved from /home/pedro/.local/lib/python3.10/site-packages/airflow/example_dags/example_skip_dag.py
[2024-06-09T12:08:16.079-0300] {logging_mixin.py:188} INFO - [2024-06-09T12:08:16.079-0300] {dag.py:3096} INFO - Sync 1 DAGs
[2024-06-09T12:08:16.091-0300] {logging_mixin.py:188} INFO - [2024-06-09T12:08:16.090-0300] {dag.py:3954} INFO - Setting next_dagrun for example_skip_dag to 2024-06-08 00:00:00+00:00, run_after=2024-06-09 00:00:00+00:00
[2024-06-09T12:08:16.108-0300] {processor.py:183} INFO - Processing /home/pedro/.local/lib/python3.10/site-packages/airflow/example_dags/example_skip_dag.py took 0.059 seconds
[2024-06-09T12:08:59.210-0300] {processor.py:161} INFO - Started process (PID=12703) to work on /home/pedro/.local/lib/python3.10/site-packages/airflow/example_dags/example_skip_dag.py
[2024-06-09T12:08:59.212-0300] {processor.py:830} INFO - Processing file /home/pedro/.local/lib/python3.10/site-packages/airflow/example_dags/example_skip_dag.py for tasks to queue
[2024-06-09T12:08:59.214-0300] {logging_mixin.py:188} INFO - [2024-06-09T12:08:59.213-0300] {dagbag.py:545} INFO - Filling up the DagBag from /home/pedro/.local/lib/python3.10/site-packages/airflow/example_dags/example_skip_dag.py
[2024-06-09T12:08:59.220-0300] {processor.py:840} INFO - DAG(s) 'example_skip_dag' retrieved from /home/pedro/.local/lib/python3.10/site-packages/airflow/example_dags/example_skip_dag.py
[2024-06-09T12:08:59.228-0300] {logging_mixin.py:188} INFO - [2024-06-09T12:08:59.228-0300] {dag.py:3096} INFO - Sync 1 DAGs
[2024-06-09T12:08:59.239-0300] {logging_mixin.py:188} INFO - [2024-06-09T12:08:59.239-0300] {dag.py:3954} INFO - Setting next_dagrun for example_skip_dag to 2024-06-08 00:00:00+00:00, run_after=2024-06-09 00:00:00+00:00
[2024-06-09T12:08:59.254-0300] {processor.py:183} INFO - Processing /home/pedro/.local/lib/python3.10/site-packages/airflow/example_dags/example_skip_dag.py took 0.052 seconds
[2024-06-09T12:09:41.457-0300] {processor.py:161} INFO - Started process (PID=12778) to work on /home/pedro/.local/lib/python3.10/site-packages/airflow/example_dags/example_skip_dag.py
[2024-06-09T12:09:41.461-0300] {processor.py:830} INFO - Processing file /home/pedro/.local/lib/python3.10/site-packages/airflow/example_dags/example_skip_dag.py for tasks to queue
[2024-06-09T12:09:41.463-0300] {logging_mixin.py:188} INFO - [2024-06-09T12:09:41.463-0300] {dagbag.py:545} INFO - Filling up the DagBag from /home/pedro/.local/lib/python3.10/site-packages/airflow/example_dags/example_skip_dag.py
[2024-06-09T12:09:41.469-0300] {processor.py:840} INFO - DAG(s) 'example_skip_dag' retrieved from /home/pedro/.local/lib/python3.10/site-packages/airflow/example_dags/example_skip_dag.py
[2024-06-09T12:09:41.480-0300] {logging_mixin.py:188} INFO - [2024-06-09T12:09:41.480-0300] {dag.py:3096} INFO - Sync 1 DAGs
[2024-06-09T12:09:41.490-0300] {logging_mixin.py:188} INFO - [2024-06-09T12:09:41.490-0300] {dag.py:3954} INFO - Setting next_dagrun for example_skip_dag to 2024-06-08 00:00:00+00:00, run_after=2024-06-09 00:00:00+00:00
[2024-06-09T12:09:41.507-0300] {processor.py:183} INFO - Processing /home/pedro/.local/lib/python3.10/site-packages/airflow/example_dags/example_skip_dag.py took 0.056 seconds
[2024-06-09T12:10:23.832-0300] {processor.py:161} INFO - Started process (PID=12844) to work on /home/pedro/.local/lib/python3.10/site-packages/airflow/example_dags/example_skip_dag.py
[2024-06-09T12:10:23.835-0300] {processor.py:830} INFO - Processing file /home/pedro/.local/lib/python3.10/site-packages/airflow/example_dags/example_skip_dag.py for tasks to queue
[2024-06-09T12:10:23.837-0300] {logging_mixin.py:188} INFO - [2024-06-09T12:10:23.837-0300] {dagbag.py:545} INFO - Filling up the DagBag from /home/pedro/.local/lib/python3.10/site-packages/airflow/example_dags/example_skip_dag.py
[2024-06-09T12:10:23.845-0300] {processor.py:840} INFO - DAG(s) 'example_skip_dag' retrieved from /home/pedro/.local/lib/python3.10/site-packages/airflow/example_dags/example_skip_dag.py
[2024-06-09T12:10:23.855-0300] {logging_mixin.py:188} INFO - [2024-06-09T12:10:23.855-0300] {dag.py:3096} INFO - Sync 1 DAGs
[2024-06-09T12:10:23.865-0300] {logging_mixin.py:188} INFO - [2024-06-09T12:10:23.865-0300] {dag.py:3954} INFO - Setting next_dagrun for example_skip_dag to 2024-06-08 00:00:00+00:00, run_after=2024-06-09 00:00:00+00:00
[2024-06-09T12:10:23.881-0300] {processor.py:183} INFO - Processing /home/pedro/.local/lib/python3.10/site-packages/airflow/example_dags/example_skip_dag.py took 0.053 seconds
[2024-06-09T12:11:06.168-0300] {processor.py:161} INFO - Started process (PID=12956) to work on /home/pedro/.local/lib/python3.10/site-packages/airflow/example_dags/example_skip_dag.py
[2024-06-09T12:11:06.171-0300] {processor.py:830} INFO - Processing file /home/pedro/.local/lib/python3.10/site-packages/airflow/example_dags/example_skip_dag.py for tasks to queue
[2024-06-09T12:11:06.173-0300] {logging_mixin.py:188} INFO - [2024-06-09T12:11:06.172-0300] {dagbag.py:545} INFO - Filling up the DagBag from /home/pedro/.local/lib/python3.10/site-packages/airflow/example_dags/example_skip_dag.py
[2024-06-09T12:11:06.178-0300] {processor.py:840} INFO - DAG(s) 'example_skip_dag' retrieved from /home/pedro/.local/lib/python3.10/site-packages/airflow/example_dags/example_skip_dag.py
[2024-06-09T12:11:06.189-0300] {logging_mixin.py:188} INFO - [2024-06-09T12:11:06.189-0300] {dag.py:3096} INFO - Sync 1 DAGs
[2024-06-09T12:11:06.199-0300] {logging_mixin.py:188} INFO - [2024-06-09T12:11:06.199-0300] {dag.py:3954} INFO - Setting next_dagrun for example_skip_dag to 2024-06-08 00:00:00+00:00, run_after=2024-06-09 00:00:00+00:00
[2024-06-09T12:11:06.216-0300] {processor.py:183} INFO - Processing /home/pedro/.local/lib/python3.10/site-packages/airflow/example_dags/example_skip_dag.py took 0.053 seconds
[2024-06-09T12:11:45.494-0300] {processor.py:161} INFO - Started process (PID=12992) to work on /home/pedro/.local/lib/python3.10/site-packages/airflow/example_dags/example_skip_dag.py
[2024-06-09T12:11:45.498-0300] {processor.py:830} INFO - Processing file /home/pedro/.local/lib/python3.10/site-packages/airflow/example_dags/example_skip_dag.py for tasks to queue
[2024-06-09T12:11:45.499-0300] {logging_mixin.py:188} INFO - [2024-06-09T12:11:45.499-0300] {dagbag.py:545} INFO - Filling up the DagBag from /home/pedro/.local/lib/python3.10/site-packages/airflow/example_dags/example_skip_dag.py
[2024-06-09T12:11:45.507-0300] {processor.py:840} INFO - DAG(s) 'example_skip_dag' retrieved from /home/pedro/.local/lib/python3.10/site-packages/airflow/example_dags/example_skip_dag.py
[2024-06-09T12:11:45.519-0300] {logging_mixin.py:188} INFO - [2024-06-09T12:11:45.519-0300] {dag.py:3096} INFO - Sync 1 DAGs
[2024-06-09T12:11:45.529-0300] {logging_mixin.py:188} INFO - [2024-06-09T12:11:45.529-0300] {dag.py:3954} INFO - Setting next_dagrun for example_skip_dag to 2024-06-08 00:00:00+00:00, run_after=2024-06-09 00:00:00+00:00
[2024-06-09T12:11:45.546-0300] {processor.py:183} INFO - Processing /home/pedro/.local/lib/python3.10/site-packages/airflow/example_dags/example_skip_dag.py took 0.056 seconds
[2024-06-09T12:12:38.527-0300] {processor.py:161} INFO - Started process (PID=13086) to work on /home/pedro/.local/lib/python3.10/site-packages/airflow/example_dags/example_skip_dag.py
[2024-06-09T12:12:38.531-0300] {processor.py:830} INFO - Processing file /home/pedro/.local/lib/python3.10/site-packages/airflow/example_dags/example_skip_dag.py for tasks to queue
[2024-06-09T12:12:38.533-0300] {logging_mixin.py:188} INFO - [2024-06-09T12:12:38.532-0300] {dagbag.py:545} INFO - Filling up the DagBag from /home/pedro/.local/lib/python3.10/site-packages/airflow/example_dags/example_skip_dag.py
[2024-06-09T12:12:38.539-0300] {processor.py:840} INFO - DAG(s) 'example_skip_dag' retrieved from /home/pedro/.local/lib/python3.10/site-packages/airflow/example_dags/example_skip_dag.py
[2024-06-09T12:12:38.548-0300] {logging_mixin.py:188} INFO - [2024-06-09T12:12:38.548-0300] {dag.py:3096} INFO - Sync 1 DAGs
[2024-06-09T12:12:38.618-0300] {logging_mixin.py:188} INFO - [2024-06-09T12:12:38.618-0300] {dag.py:3954} INFO - Setting next_dagrun for example_skip_dag to 2024-06-08 00:00:00+00:00, run_after=2024-06-09 00:00:00+00:00
[2024-06-09T12:12:38.633-0300] {processor.py:183} INFO - Processing /home/pedro/.local/lib/python3.10/site-packages/airflow/example_dags/example_skip_dag.py took 0.115 seconds
[2024-06-09T12:13:25.620-0300] {processor.py:161} INFO - Started process (PID=13151) to work on /home/pedro/.local/lib/python3.10/site-packages/airflow/example_dags/example_skip_dag.py
[2024-06-09T12:13:25.623-0300] {processor.py:830} INFO - Processing file /home/pedro/.local/lib/python3.10/site-packages/airflow/example_dags/example_skip_dag.py for tasks to queue
[2024-06-09T12:13:25.625-0300] {logging_mixin.py:188} INFO - [2024-06-09T12:13:25.624-0300] {dagbag.py:545} INFO - Filling up the DagBag from /home/pedro/.local/lib/python3.10/site-packages/airflow/example_dags/example_skip_dag.py
[2024-06-09T12:13:25.631-0300] {processor.py:840} INFO - DAG(s) 'example_skip_dag' retrieved from /home/pedro/.local/lib/python3.10/site-packages/airflow/example_dags/example_skip_dag.py
[2024-06-09T12:13:25.640-0300] {logging_mixin.py:188} INFO - [2024-06-09T12:13:25.640-0300] {dag.py:3096} INFO - Sync 1 DAGs
[2024-06-09T12:13:25.652-0300] {logging_mixin.py:188} INFO - [2024-06-09T12:13:25.652-0300] {dag.py:3954} INFO - Setting next_dagrun for example_skip_dag to 2024-06-08 00:00:00+00:00, run_after=2024-06-09 00:00:00+00:00
[2024-06-09T12:13:25.670-0300] {processor.py:183} INFO - Processing /home/pedro/.local/lib/python3.10/site-packages/airflow/example_dags/example_skip_dag.py took 0.059 seconds
[2024-06-09T12:14:10.461-0300] {processor.py:161} INFO - Started process (PID=13213) to work on /home/pedro/.local/lib/python3.10/site-packages/airflow/example_dags/example_skip_dag.py
[2024-06-09T12:14:10.463-0300] {processor.py:830} INFO - Processing file /home/pedro/.local/lib/python3.10/site-packages/airflow/example_dags/example_skip_dag.py for tasks to queue
[2024-06-09T12:14:10.465-0300] {logging_mixin.py:188} INFO - [2024-06-09T12:14:10.464-0300] {dagbag.py:545} INFO - Filling up the DagBag from /home/pedro/.local/lib/python3.10/site-packages/airflow/example_dags/example_skip_dag.py
[2024-06-09T12:14:10.470-0300] {processor.py:840} INFO - DAG(s) 'example_skip_dag' retrieved from /home/pedro/.local/lib/python3.10/site-packages/airflow/example_dags/example_skip_dag.py
[2024-06-09T12:14:10.479-0300] {logging_mixin.py:188} INFO - [2024-06-09T12:14:10.479-0300] {dag.py:3096} INFO - Sync 1 DAGs
[2024-06-09T12:14:10.489-0300] {logging_mixin.py:188} INFO - [2024-06-09T12:14:10.489-0300] {dag.py:3954} INFO - Setting next_dagrun for example_skip_dag to 2024-06-08 00:00:00+00:00, run_after=2024-06-09 00:00:00+00:00
[2024-06-09T12:14:10.502-0300] {processor.py:183} INFO - Processing /home/pedro/.local/lib/python3.10/site-packages/airflow/example_dags/example_skip_dag.py took 0.049 seconds
[2024-06-09T12:14:58.673-0300] {processor.py:161} INFO - Started process (PID=13295) to work on /home/pedro/.local/lib/python3.10/site-packages/airflow/example_dags/example_skip_dag.py
[2024-06-09T12:14:58.676-0300] {processor.py:830} INFO - Processing file /home/pedro/.local/lib/python3.10/site-packages/airflow/example_dags/example_skip_dag.py for tasks to queue
[2024-06-09T12:14:58.678-0300] {logging_mixin.py:188} INFO - [2024-06-09T12:14:58.677-0300] {dagbag.py:545} INFO - Filling up the DagBag from /home/pedro/.local/lib/python3.10/site-packages/airflow/example_dags/example_skip_dag.py
[2024-06-09T12:14:58.685-0300] {processor.py:840} INFO - DAG(s) 'example_skip_dag' retrieved from /home/pedro/.local/lib/python3.10/site-packages/airflow/example_dags/example_skip_dag.py
[2024-06-09T12:14:58.699-0300] {logging_mixin.py:188} INFO - [2024-06-09T12:14:58.699-0300] {dag.py:3096} INFO - Sync 1 DAGs
[2024-06-09T12:14:58.709-0300] {logging_mixin.py:188} INFO - [2024-06-09T12:14:58.709-0300] {dag.py:3954} INFO - Setting next_dagrun for example_skip_dag to 2024-06-08 00:00:00+00:00, run_after=2024-06-09 00:00:00+00:00
[2024-06-09T12:14:58.724-0300] {processor.py:183} INFO - Processing /home/pedro/.local/lib/python3.10/site-packages/airflow/example_dags/example_skip_dag.py took 0.059 seconds
[2024-06-09T12:19:46.691-0300] {processor.py:161} INFO - Started process (PID=13576) to work on /home/pedro/.local/lib/python3.10/site-packages/airflow/example_dags/example_skip_dag.py
[2024-06-09T12:19:46.692-0300] {processor.py:830} INFO - Processing file /home/pedro/.local/lib/python3.10/site-packages/airflow/example_dags/example_skip_dag.py for tasks to queue
[2024-06-09T12:19:46.694-0300] {logging_mixin.py:188} INFO - [2024-06-09T12:19:46.694-0300] {dagbag.py:545} INFO - Filling up the DagBag from /home/pedro/.local/lib/python3.10/site-packages/airflow/example_dags/example_skip_dag.py
[2024-06-09T12:19:46.701-0300] {processor.py:840} INFO - DAG(s) 'example_skip_dag' retrieved from /home/pedro/.local/lib/python3.10/site-packages/airflow/example_dags/example_skip_dag.py
[2024-06-09T12:19:46.713-0300] {logging_mixin.py:188} INFO - [2024-06-09T12:19:46.712-0300] {dag.py:3096} INFO - Sync 1 DAGs
[2024-06-09T12:19:46.722-0300] {logging_mixin.py:188} INFO - [2024-06-09T12:19:46.722-0300] {dag.py:3954} INFO - Setting next_dagrun for example_skip_dag to 2024-06-08 00:00:00+00:00, run_after=2024-06-09 00:00:00+00:00
[2024-06-09T12:19:46.734-0300] {processor.py:183} INFO - Processing /home/pedro/.local/lib/python3.10/site-packages/airflow/example_dags/example_skip_dag.py took 0.052 seconds
[2024-06-09T12:20:38.810-0300] {processor.py:161} INFO - Started process (PID=13677) to work on /home/pedro/.local/lib/python3.10/site-packages/airflow/example_dags/example_skip_dag.py
[2024-06-09T12:20:38.812-0300] {processor.py:830} INFO - Processing file /home/pedro/.local/lib/python3.10/site-packages/airflow/example_dags/example_skip_dag.py for tasks to queue
[2024-06-09T12:20:38.814-0300] {logging_mixin.py:188} INFO - [2024-06-09T12:20:38.813-0300] {dagbag.py:545} INFO - Filling up the DagBag from /home/pedro/.local/lib/python3.10/site-packages/airflow/example_dags/example_skip_dag.py
[2024-06-09T12:20:38.819-0300] {processor.py:840} INFO - DAG(s) 'example_skip_dag' retrieved from /home/pedro/.local/lib/python3.10/site-packages/airflow/example_dags/example_skip_dag.py
[2024-06-09T12:20:38.827-0300] {logging_mixin.py:188} INFO - [2024-06-09T12:20:38.827-0300] {dag.py:3096} INFO - Sync 1 DAGs
[2024-06-09T12:20:38.892-0300] {logging_mixin.py:188} INFO - [2024-06-09T12:20:38.892-0300] {dag.py:3954} INFO - Setting next_dagrun for example_skip_dag to 2024-06-08 00:00:00+00:00, run_after=2024-06-09 00:00:00+00:00
[2024-06-09T12:20:38.906-0300] {processor.py:183} INFO - Processing /home/pedro/.local/lib/python3.10/site-packages/airflow/example_dags/example_skip_dag.py took 0.104 seconds
[2024-06-09T12:21:22.828-0300] {processor.py:161} INFO - Started process (PID=13777) to work on /home/pedro/.local/lib/python3.10/site-packages/airflow/example_dags/example_skip_dag.py
[2024-06-09T12:21:22.831-0300] {processor.py:830} INFO - Processing file /home/pedro/.local/lib/python3.10/site-packages/airflow/example_dags/example_skip_dag.py for tasks to queue
[2024-06-09T12:21:22.834-0300] {logging_mixin.py:188} INFO - [2024-06-09T12:21:22.833-0300] {dagbag.py:545} INFO - Filling up the DagBag from /home/pedro/.local/lib/python3.10/site-packages/airflow/example_dags/example_skip_dag.py
[2024-06-09T12:21:22.841-0300] {processor.py:840} INFO - DAG(s) 'example_skip_dag' retrieved from /home/pedro/.local/lib/python3.10/site-packages/airflow/example_dags/example_skip_dag.py
[2024-06-09T12:21:22.850-0300] {logging_mixin.py:188} INFO - [2024-06-09T12:21:22.850-0300] {dag.py:3096} INFO - Sync 1 DAGs
[2024-06-09T12:21:22.860-0300] {logging_mixin.py:188} INFO - [2024-06-09T12:21:22.860-0300] {dag.py:3954} INFO - Setting next_dagrun for example_skip_dag to 2024-06-08 00:00:00+00:00, run_after=2024-06-09 00:00:00+00:00
[2024-06-09T12:21:22.876-0300] {processor.py:183} INFO - Processing /home/pedro/.local/lib/python3.10/site-packages/airflow/example_dags/example_skip_dag.py took 0.053 seconds
[2024-06-09T12:22:01.564-0300] {processor.py:161} INFO - Started process (PID=13854) to work on /home/pedro/.local/lib/python3.10/site-packages/airflow/example_dags/example_skip_dag.py
[2024-06-09T12:22:01.567-0300] {processor.py:830} INFO - Processing file /home/pedro/.local/lib/python3.10/site-packages/airflow/example_dags/example_skip_dag.py for tasks to queue
[2024-06-09T12:22:01.569-0300] {logging_mixin.py:188} INFO - [2024-06-09T12:22:01.569-0300] {dagbag.py:545} INFO - Filling up the DagBag from /home/pedro/.local/lib/python3.10/site-packages/airflow/example_dags/example_skip_dag.py
[2024-06-09T12:22:01.576-0300] {processor.py:840} INFO - DAG(s) 'example_skip_dag' retrieved from /home/pedro/.local/lib/python3.10/site-packages/airflow/example_dags/example_skip_dag.py
[2024-06-09T12:22:01.585-0300] {logging_mixin.py:188} INFO - [2024-06-09T12:22:01.585-0300] {dag.py:3096} INFO - Sync 1 DAGs
[2024-06-09T12:22:01.594-0300] {logging_mixin.py:188} INFO - [2024-06-09T12:22:01.594-0300] {dag.py:3954} INFO - Setting next_dagrun for example_skip_dag to 2024-06-08 00:00:00+00:00, run_after=2024-06-09 00:00:00+00:00
[2024-06-09T12:22:01.610-0300] {processor.py:183} INFO - Processing /home/pedro/.local/lib/python3.10/site-packages/airflow/example_dags/example_skip_dag.py took 0.049 seconds
[2024-06-09T12:22:43.016-0300] {processor.py:161} INFO - Started process (PID=13944) to work on /home/pedro/.local/lib/python3.10/site-packages/airflow/example_dags/example_skip_dag.py
[2024-06-09T12:22:43.019-0300] {processor.py:830} INFO - Processing file /home/pedro/.local/lib/python3.10/site-packages/airflow/example_dags/example_skip_dag.py for tasks to queue
[2024-06-09T12:22:43.021-0300] {logging_mixin.py:188} INFO - [2024-06-09T12:22:43.021-0300] {dagbag.py:545} INFO - Filling up the DagBag from /home/pedro/.local/lib/python3.10/site-packages/airflow/example_dags/example_skip_dag.py
[2024-06-09T12:22:43.028-0300] {processor.py:840} INFO - DAG(s) 'example_skip_dag' retrieved from /home/pedro/.local/lib/python3.10/site-packages/airflow/example_dags/example_skip_dag.py
[2024-06-09T12:22:43.038-0300] {logging_mixin.py:188} INFO - [2024-06-09T12:22:43.038-0300] {dag.py:3096} INFO - Sync 1 DAGs
[2024-06-09T12:22:43.047-0300] {logging_mixin.py:188} INFO - [2024-06-09T12:22:43.047-0300] {dag.py:3954} INFO - Setting next_dagrun for example_skip_dag to 2024-06-08 00:00:00+00:00, run_after=2024-06-09 00:00:00+00:00
[2024-06-09T12:22:43.063-0300] {processor.py:183} INFO - Processing /home/pedro/.local/lib/python3.10/site-packages/airflow/example_dags/example_skip_dag.py took 0.050 seconds
[2024-06-09T12:23:26.030-0300] {processor.py:161} INFO - Started process (PID=14020) to work on /home/pedro/.local/lib/python3.10/site-packages/airflow/example_dags/example_skip_dag.py
[2024-06-09T12:23:26.034-0300] {processor.py:830} INFO - Processing file /home/pedro/.local/lib/python3.10/site-packages/airflow/example_dags/example_skip_dag.py for tasks to queue
[2024-06-09T12:23:26.036-0300] {logging_mixin.py:188} INFO - [2024-06-09T12:23:26.036-0300] {dagbag.py:545} INFO - Filling up the DagBag from /home/pedro/.local/lib/python3.10/site-packages/airflow/example_dags/example_skip_dag.py
[2024-06-09T12:23:26.043-0300] {processor.py:840} INFO - DAG(s) 'example_skip_dag' retrieved from /home/pedro/.local/lib/python3.10/site-packages/airflow/example_dags/example_skip_dag.py
[2024-06-09T12:23:26.053-0300] {logging_mixin.py:188} INFO - [2024-06-09T12:23:26.052-0300] {dag.py:3096} INFO - Sync 1 DAGs
[2024-06-09T12:23:26.062-0300] {logging_mixin.py:188} INFO - [2024-06-09T12:23:26.062-0300] {dag.py:3954} INFO - Setting next_dagrun for example_skip_dag to 2024-06-08 00:00:00+00:00, run_after=2024-06-09 00:00:00+00:00
[2024-06-09T12:23:26.080-0300] {processor.py:183} INFO - Processing /home/pedro/.local/lib/python3.10/site-packages/airflow/example_dags/example_skip_dag.py took 0.059 seconds
[2024-06-09T16:26:04.239-0300] {processor.py:161} INFO - Started process (PID=4764) to work on /home/pedro/.local/lib/python3.10/site-packages/airflow/example_dags/example_skip_dag.py
[2024-06-09T16:26:04.241-0300] {processor.py:830} INFO - Processing file /home/pedro/.local/lib/python3.10/site-packages/airflow/example_dags/example_skip_dag.py for tasks to queue
[2024-06-09T16:26:04.243-0300] {logging_mixin.py:188} INFO - [2024-06-09T16:26:04.242-0300] {dagbag.py:545} INFO - Filling up the DagBag from /home/pedro/.local/lib/python3.10/site-packages/airflow/example_dags/example_skip_dag.py
[2024-06-09T16:26:04.249-0300] {processor.py:840} INFO - DAG(s) 'example_skip_dag' retrieved from /home/pedro/.local/lib/python3.10/site-packages/airflow/example_dags/example_skip_dag.py
[2024-06-09T16:26:04.263-0300] {logging_mixin.py:188} INFO - [2024-06-09T16:26:04.263-0300] {dag.py:3096} INFO - Sync 1 DAGs
[2024-06-09T16:26:04.274-0300] {logging_mixin.py:188} INFO - [2024-06-09T16:26:04.274-0300] {dag.py:3954} INFO - Setting next_dagrun for example_skip_dag to 2024-06-08 00:00:00+00:00, run_after=2024-06-09 00:00:00+00:00
[2024-06-09T16:26:04.318-0300] {processor.py:183} INFO - Processing /home/pedro/.local/lib/python3.10/site-packages/airflow/example_dags/example_skip_dag.py took 0.086 seconds
[2024-06-09T16:27:54.693-0300] {processor.py:161} INFO - Started process (PID=5349) to work on /home/pedro/.local/lib/python3.10/site-packages/airflow/example_dags/example_skip_dag.py
[2024-06-09T16:27:54.698-0300] {processor.py:830} INFO - Processing file /home/pedro/.local/lib/python3.10/site-packages/airflow/example_dags/example_skip_dag.py for tasks to queue
[2024-06-09T16:27:54.699-0300] {logging_mixin.py:188} INFO - [2024-06-09T16:27:54.699-0300] {dagbag.py:545} INFO - Filling up the DagBag from /home/pedro/.local/lib/python3.10/site-packages/airflow/example_dags/example_skip_dag.py
[2024-06-09T16:27:54.704-0300] {processor.py:840} INFO - DAG(s) 'example_skip_dag' retrieved from /home/pedro/.local/lib/python3.10/site-packages/airflow/example_dags/example_skip_dag.py
[2024-06-09T16:27:54.716-0300] {logging_mixin.py:188} INFO - [2024-06-09T16:27:54.716-0300] {dag.py:3096} INFO - Sync 1 DAGs
[2024-06-09T16:27:54.794-0300] {logging_mixin.py:188} INFO - [2024-06-09T16:27:54.794-0300] {dag.py:3954} INFO - Setting next_dagrun for example_skip_dag to 2024-06-08 00:00:00+00:00, run_after=2024-06-09 00:00:00+00:00
[2024-06-09T16:27:54.809-0300] {processor.py:183} INFO - Processing /home/pedro/.local/lib/python3.10/site-packages/airflow/example_dags/example_skip_dag.py took 0.122 seconds
[2024-06-09T16:30:08.270-0300] {processor.py:161} INFO - Started process (PID=6215) to work on /home/pedro/.local/lib/python3.10/site-packages/airflow/example_dags/example_skip_dag.py
[2024-06-09T16:30:08.273-0300] {processor.py:830} INFO - Processing file /home/pedro/.local/lib/python3.10/site-packages/airflow/example_dags/example_skip_dag.py for tasks to queue
[2024-06-09T16:30:08.275-0300] {logging_mixin.py:188} INFO - [2024-06-09T16:30:08.275-0300] {dagbag.py:545} INFO - Filling up the DagBag from /home/pedro/.local/lib/python3.10/site-packages/airflow/example_dags/example_skip_dag.py
[2024-06-09T16:30:08.281-0300] {processor.py:840} INFO - DAG(s) 'example_skip_dag' retrieved from /home/pedro/.local/lib/python3.10/site-packages/airflow/example_dags/example_skip_dag.py
[2024-06-09T16:30:08.290-0300] {logging_mixin.py:188} INFO - [2024-06-09T16:30:08.290-0300] {dag.py:3096} INFO - Sync 1 DAGs
[2024-06-09T16:30:08.300-0300] {logging_mixin.py:188} INFO - [2024-06-09T16:30:08.300-0300] {dag.py:3954} INFO - Setting next_dagrun for example_skip_dag to 2024-06-08 00:00:00+00:00, run_after=2024-06-09 00:00:00+00:00
[2024-06-09T16:30:08.316-0300] {processor.py:183} INFO - Processing /home/pedro/.local/lib/python3.10/site-packages/airflow/example_dags/example_skip_dag.py took 0.049 seconds
[2024-06-09T16:32:14.806-0300] {processor.py:161} INFO - Started process (PID=8005) to work on /home/pedro/.local/lib/python3.10/site-packages/airflow/example_dags/example_skip_dag.py
[2024-06-09T16:32:14.810-0300] {processor.py:830} INFO - Processing file /home/pedro/.local/lib/python3.10/site-packages/airflow/example_dags/example_skip_dag.py for tasks to queue
[2024-06-09T16:32:14.812-0300] {logging_mixin.py:188} INFO - [2024-06-09T16:32:14.811-0300] {dagbag.py:545} INFO - Filling up the DagBag from /home/pedro/.local/lib/python3.10/site-packages/airflow/example_dags/example_skip_dag.py
[2024-06-09T16:32:14.818-0300] {processor.py:840} INFO - DAG(s) 'example_skip_dag' retrieved from /home/pedro/.local/lib/python3.10/site-packages/airflow/example_dags/example_skip_dag.py
[2024-06-09T16:32:14.827-0300] {logging_mixin.py:188} INFO - [2024-06-09T16:32:14.827-0300] {dag.py:3096} INFO - Sync 1 DAGs
[2024-06-09T16:32:14.837-0300] {logging_mixin.py:188} INFO - [2024-06-09T16:32:14.837-0300] {dag.py:3954} INFO - Setting next_dagrun for example_skip_dag to 2024-06-08 00:00:00+00:00, run_after=2024-06-09 00:00:00+00:00
[2024-06-09T16:32:14.852-0300] {processor.py:183} INFO - Processing /home/pedro/.local/lib/python3.10/site-packages/airflow/example_dags/example_skip_dag.py took 0.054 seconds
[2024-06-09T16:34:18.635-0300] {processor.py:161} INFO - Started process (PID=8666) to work on /home/pedro/.local/lib/python3.10/site-packages/airflow/example_dags/example_skip_dag.py
[2024-06-09T16:34:18.638-0300] {processor.py:830} INFO - Processing file /home/pedro/.local/lib/python3.10/site-packages/airflow/example_dags/example_skip_dag.py for tasks to queue
[2024-06-09T16:34:18.640-0300] {logging_mixin.py:188} INFO - [2024-06-09T16:34:18.640-0300] {dagbag.py:545} INFO - Filling up the DagBag from /home/pedro/.local/lib/python3.10/site-packages/airflow/example_dags/example_skip_dag.py
[2024-06-09T16:34:18.647-0300] {processor.py:840} INFO - DAG(s) 'example_skip_dag' retrieved from /home/pedro/.local/lib/python3.10/site-packages/airflow/example_dags/example_skip_dag.py
[2024-06-09T16:34:18.656-0300] {logging_mixin.py:188} INFO - [2024-06-09T16:34:18.656-0300] {dag.py:3096} INFO - Sync 1 DAGs
[2024-06-09T16:34:18.666-0300] {logging_mixin.py:188} INFO - [2024-06-09T16:34:18.666-0300] {dag.py:3954} INFO - Setting next_dagrun for example_skip_dag to 2024-06-08 00:00:00+00:00, run_after=2024-06-09 00:00:00+00:00
[2024-06-09T16:34:18.681-0300] {processor.py:183} INFO - Processing /home/pedro/.local/lib/python3.10/site-packages/airflow/example_dags/example_skip_dag.py took 0.054 seconds
[2024-06-09T16:36:16.349-0300] {processor.py:161} INFO - Started process (PID=9330) to work on /home/pedro/.local/lib/python3.10/site-packages/airflow/example_dags/example_skip_dag.py
[2024-06-09T16:36:16.353-0300] {processor.py:830} INFO - Processing file /home/pedro/.local/lib/python3.10/site-packages/airflow/example_dags/example_skip_dag.py for tasks to queue
[2024-06-09T16:36:16.355-0300] {logging_mixin.py:188} INFO - [2024-06-09T16:36:16.354-0300] {dagbag.py:545} INFO - Filling up the DagBag from /home/pedro/.local/lib/python3.10/site-packages/airflow/example_dags/example_skip_dag.py
[2024-06-09T16:36:16.361-0300] {processor.py:840} INFO - DAG(s) 'example_skip_dag' retrieved from /home/pedro/.local/lib/python3.10/site-packages/airflow/example_dags/example_skip_dag.py
[2024-06-09T16:36:16.372-0300] {logging_mixin.py:188} INFO - [2024-06-09T16:36:16.372-0300] {dag.py:3096} INFO - Sync 1 DAGs
[2024-06-09T16:36:16.382-0300] {logging_mixin.py:188} INFO - [2024-06-09T16:36:16.382-0300] {dag.py:3954} INFO - Setting next_dagrun for example_skip_dag to 2024-06-08 00:00:00+00:00, run_after=2024-06-09 00:00:00+00:00
[2024-06-09T16:36:16.398-0300] {processor.py:183} INFO - Processing /home/pedro/.local/lib/python3.10/site-packages/airflow/example_dags/example_skip_dag.py took 0.057 seconds
[2024-06-09T16:38:14.119-0300] {processor.py:161} INFO - Started process (PID=10077) to work on /home/pedro/.local/lib/python3.10/site-packages/airflow/example_dags/example_skip_dag.py
[2024-06-09T16:38:14.122-0300] {processor.py:830} INFO - Processing file /home/pedro/.local/lib/python3.10/site-packages/airflow/example_dags/example_skip_dag.py for tasks to queue
[2024-06-09T16:38:14.123-0300] {logging_mixin.py:188} INFO - [2024-06-09T16:38:14.123-0300] {dagbag.py:545} INFO - Filling up the DagBag from /home/pedro/.local/lib/python3.10/site-packages/airflow/example_dags/example_skip_dag.py
[2024-06-09T16:38:14.129-0300] {processor.py:840} INFO - DAG(s) 'example_skip_dag' retrieved from /home/pedro/.local/lib/python3.10/site-packages/airflow/example_dags/example_skip_dag.py
[2024-06-09T16:38:14.138-0300] {logging_mixin.py:188} INFO - [2024-06-09T16:38:14.138-0300] {dag.py:3096} INFO - Sync 1 DAGs
[2024-06-09T16:38:14.148-0300] {logging_mixin.py:188} INFO - [2024-06-09T16:38:14.148-0300] {dag.py:3954} INFO - Setting next_dagrun for example_skip_dag to 2024-06-08 00:00:00+00:00, run_after=2024-06-09 00:00:00+00:00
[2024-06-09T16:38:14.165-0300] {processor.py:183} INFO - Processing /home/pedro/.local/lib/python3.10/site-packages/airflow/example_dags/example_skip_dag.py took 0.049 seconds
[2024-06-09T16:40:09.853-0300] {processor.py:161} INFO - Started process (PID=10753) to work on /home/pedro/.local/lib/python3.10/site-packages/airflow/example_dags/example_skip_dag.py
[2024-06-09T16:40:09.856-0300] {processor.py:830} INFO - Processing file /home/pedro/.local/lib/python3.10/site-packages/airflow/example_dags/example_skip_dag.py for tasks to queue
[2024-06-09T16:40:09.857-0300] {logging_mixin.py:188} INFO - [2024-06-09T16:40:09.857-0300] {dagbag.py:545} INFO - Filling up the DagBag from /home/pedro/.local/lib/python3.10/site-packages/airflow/example_dags/example_skip_dag.py
[2024-06-09T16:40:09.861-0300] {processor.py:840} INFO - DAG(s) 'example_skip_dag' retrieved from /home/pedro/.local/lib/python3.10/site-packages/airflow/example_dags/example_skip_dag.py
[2024-06-09T16:40:09.870-0300] {logging_mixin.py:188} INFO - [2024-06-09T16:40:09.870-0300] {dag.py:3096} INFO - Sync 1 DAGs
[2024-06-09T16:40:09.880-0300] {logging_mixin.py:188} INFO - [2024-06-09T16:40:09.880-0300] {dag.py:3954} INFO - Setting next_dagrun for example_skip_dag to 2024-06-08 00:00:00+00:00, run_after=2024-06-09 00:00:00+00:00
[2024-06-09T16:40:09.896-0300] {processor.py:183} INFO - Processing /home/pedro/.local/lib/python3.10/site-packages/airflow/example_dags/example_skip_dag.py took 0.048 seconds
[2024-06-09T16:42:08.520-0300] {processor.py:161} INFO - Started process (PID=11469) to work on /home/pedro/.local/lib/python3.10/site-packages/airflow/example_dags/example_skip_dag.py
[2024-06-09T16:42:08.523-0300] {processor.py:830} INFO - Processing file /home/pedro/.local/lib/python3.10/site-packages/airflow/example_dags/example_skip_dag.py for tasks to queue
[2024-06-09T16:42:08.526-0300] {logging_mixin.py:188} INFO - [2024-06-09T16:42:08.525-0300] {dagbag.py:545} INFO - Filling up the DagBag from /home/pedro/.local/lib/python3.10/site-packages/airflow/example_dags/example_skip_dag.py
[2024-06-09T16:42:08.533-0300] {processor.py:840} INFO - DAG(s) 'example_skip_dag' retrieved from /home/pedro/.local/lib/python3.10/site-packages/airflow/example_dags/example_skip_dag.py
[2024-06-09T16:42:08.543-0300] {logging_mixin.py:188} INFO - [2024-06-09T16:42:08.543-0300] {dag.py:3096} INFO - Sync 1 DAGs
[2024-06-09T16:42:08.555-0300] {logging_mixin.py:188} INFO - [2024-06-09T16:42:08.555-0300] {dag.py:3954} INFO - Setting next_dagrun for example_skip_dag to 2024-06-08 00:00:00+00:00, run_after=2024-06-09 00:00:00+00:00
[2024-06-09T16:42:08.571-0300] {processor.py:183} INFO - Processing /home/pedro/.local/lib/python3.10/site-packages/airflow/example_dags/example_skip_dag.py took 0.056 seconds
[2024-06-09T16:44:12.563-0300] {processor.py:161} INFO - Started process (PID=12170) to work on /home/pedro/.local/lib/python3.10/site-packages/airflow/example_dags/example_skip_dag.py
[2024-06-09T16:44:12.566-0300] {processor.py:830} INFO - Processing file /home/pedro/.local/lib/python3.10/site-packages/airflow/example_dags/example_skip_dag.py for tasks to queue
[2024-06-09T16:44:12.567-0300] {logging_mixin.py:188} INFO - [2024-06-09T16:44:12.567-0300] {dagbag.py:545} INFO - Filling up the DagBag from /home/pedro/.local/lib/python3.10/site-packages/airflow/example_dags/example_skip_dag.py
[2024-06-09T16:44:12.572-0300] {processor.py:840} INFO - DAG(s) 'example_skip_dag' retrieved from /home/pedro/.local/lib/python3.10/site-packages/airflow/example_dags/example_skip_dag.py
[2024-06-09T16:44:12.582-0300] {logging_mixin.py:188} INFO - [2024-06-09T16:44:12.582-0300] {dag.py:3096} INFO - Sync 1 DAGs
[2024-06-09T16:44:12.595-0300] {logging_mixin.py:188} INFO - [2024-06-09T16:44:12.595-0300] {dag.py:3954} INFO - Setting next_dagrun for example_skip_dag to 2024-06-08 00:00:00+00:00, run_after=2024-06-09 00:00:00+00:00
[2024-06-09T16:44:12.624-0300] {processor.py:183} INFO - Processing /home/pedro/.local/lib/python3.10/site-packages/airflow/example_dags/example_skip_dag.py took 0.066 seconds
[2024-06-09T16:46:21.382-0300] {processor.py:161} INFO - Started process (PID=12908) to work on /home/pedro/.local/lib/python3.10/site-packages/airflow/example_dags/example_skip_dag.py
[2024-06-09T16:46:21.386-0300] {processor.py:830} INFO - Processing file /home/pedro/.local/lib/python3.10/site-packages/airflow/example_dags/example_skip_dag.py for tasks to queue
[2024-06-09T16:46:21.388-0300] {logging_mixin.py:188} INFO - [2024-06-09T16:46:21.387-0300] {dagbag.py:545} INFO - Filling up the DagBag from /home/pedro/.local/lib/python3.10/site-packages/airflow/example_dags/example_skip_dag.py
[2024-06-09T16:46:21.395-0300] {processor.py:840} INFO - DAG(s) 'example_skip_dag' retrieved from /home/pedro/.local/lib/python3.10/site-packages/airflow/example_dags/example_skip_dag.py
[2024-06-09T16:46:21.404-0300] {logging_mixin.py:188} INFO - [2024-06-09T16:46:21.404-0300] {dag.py:3096} INFO - Sync 1 DAGs
[2024-06-09T16:46:21.414-0300] {logging_mixin.py:188} INFO - [2024-06-09T16:46:21.414-0300] {dag.py:3954} INFO - Setting next_dagrun for example_skip_dag to 2024-06-08 00:00:00+00:00, run_after=2024-06-09 00:00:00+00:00
[2024-06-09T16:46:21.430-0300] {processor.py:183} INFO - Processing /home/pedro/.local/lib/python3.10/site-packages/airflow/example_dags/example_skip_dag.py took 0.056 seconds
[2024-06-09T16:48:25.018-0300] {processor.py:161} INFO - Started process (PID=13607) to work on /home/pedro/.local/lib/python3.10/site-packages/airflow/example_dags/example_skip_dag.py
[2024-06-09T16:48:25.021-0300] {processor.py:830} INFO - Processing file /home/pedro/.local/lib/python3.10/site-packages/airflow/example_dags/example_skip_dag.py for tasks to queue
[2024-06-09T16:48:25.023-0300] {logging_mixin.py:188} INFO - [2024-06-09T16:48:25.023-0300] {dagbag.py:545} INFO - Filling up the DagBag from /home/pedro/.local/lib/python3.10/site-packages/airflow/example_dags/example_skip_dag.py
[2024-06-09T16:48:25.030-0300] {processor.py:840} INFO - DAG(s) 'example_skip_dag' retrieved from /home/pedro/.local/lib/python3.10/site-packages/airflow/example_dags/example_skip_dag.py
[2024-06-09T16:48:25.039-0300] {logging_mixin.py:188} INFO - [2024-06-09T16:48:25.039-0300] {dag.py:3096} INFO - Sync 1 DAGs
[2024-06-09T16:48:25.048-0300] {logging_mixin.py:188} INFO - [2024-06-09T16:48:25.048-0300] {dag.py:3954} INFO - Setting next_dagrun for example_skip_dag to 2024-06-08 00:00:00+00:00, run_after=2024-06-09 00:00:00+00:00
[2024-06-09T16:48:25.067-0300] {processor.py:183} INFO - Processing /home/pedro/.local/lib/python3.10/site-packages/airflow/example_dags/example_skip_dag.py took 0.058 seconds
[2024-06-09T16:50:24.089-0300] {processor.py:161} INFO - Started process (PID=14403) to work on /home/pedro/.local/lib/python3.10/site-packages/airflow/example_dags/example_skip_dag.py
[2024-06-09T16:50:24.093-0300] {processor.py:830} INFO - Processing file /home/pedro/.local/lib/python3.10/site-packages/airflow/example_dags/example_skip_dag.py for tasks to queue
[2024-06-09T16:50:24.095-0300] {logging_mixin.py:188} INFO - [2024-06-09T16:50:24.095-0300] {dagbag.py:545} INFO - Filling up the DagBag from /home/pedro/.local/lib/python3.10/site-packages/airflow/example_dags/example_skip_dag.py
[2024-06-09T16:50:24.103-0300] {processor.py:840} INFO - DAG(s) 'example_skip_dag' retrieved from /home/pedro/.local/lib/python3.10/site-packages/airflow/example_dags/example_skip_dag.py
[2024-06-09T16:50:24.112-0300] {logging_mixin.py:188} INFO - [2024-06-09T16:50:24.112-0300] {dag.py:3096} INFO - Sync 1 DAGs
[2024-06-09T16:50:24.122-0300] {logging_mixin.py:188} INFO - [2024-06-09T16:50:24.122-0300] {dag.py:3954} INFO - Setting next_dagrun for example_skip_dag to 2024-06-08 00:00:00+00:00, run_after=2024-06-09 00:00:00+00:00
[2024-06-09T16:50:24.137-0300] {processor.py:183} INFO - Processing /home/pedro/.local/lib/python3.10/site-packages/airflow/example_dags/example_skip_dag.py took 0.052 seconds
[2024-06-09T16:52:25.667-0300] {processor.py:161} INFO - Started process (PID=15091) to work on /home/pedro/.local/lib/python3.10/site-packages/airflow/example_dags/example_skip_dag.py
[2024-06-09T16:52:25.671-0300] {processor.py:830} INFO - Processing file /home/pedro/.local/lib/python3.10/site-packages/airflow/example_dags/example_skip_dag.py for tasks to queue
[2024-06-09T16:52:25.673-0300] {logging_mixin.py:188} INFO - [2024-06-09T16:52:25.672-0300] {dagbag.py:545} INFO - Filling up the DagBag from /home/pedro/.local/lib/python3.10/site-packages/airflow/example_dags/example_skip_dag.py
[2024-06-09T16:52:25.680-0300] {processor.py:840} INFO - DAG(s) 'example_skip_dag' retrieved from /home/pedro/.local/lib/python3.10/site-packages/airflow/example_dags/example_skip_dag.py
[2024-06-09T16:52:25.689-0300] {logging_mixin.py:188} INFO - [2024-06-09T16:52:25.689-0300] {dag.py:3096} INFO - Sync 1 DAGs
[2024-06-09T16:52:25.699-0300] {logging_mixin.py:188} INFO - [2024-06-09T16:52:25.699-0300] {dag.py:3954} INFO - Setting next_dagrun for example_skip_dag to 2024-06-08 00:00:00+00:00, run_after=2024-06-09 00:00:00+00:00
[2024-06-09T16:52:25.714-0300] {processor.py:183} INFO - Processing /home/pedro/.local/lib/python3.10/site-packages/airflow/example_dags/example_skip_dag.py took 0.051 seconds
[2024-06-09T16:54:35.646-0300] {processor.py:161} INFO - Started process (PID=15824) to work on /home/pedro/.local/lib/python3.10/site-packages/airflow/example_dags/example_skip_dag.py
[2024-06-09T16:54:35.649-0300] {processor.py:830} INFO - Processing file /home/pedro/.local/lib/python3.10/site-packages/airflow/example_dags/example_skip_dag.py for tasks to queue
[2024-06-09T16:54:35.651-0300] {logging_mixin.py:188} INFO - [2024-06-09T16:54:35.651-0300] {dagbag.py:545} INFO - Filling up the DagBag from /home/pedro/.local/lib/python3.10/site-packages/airflow/example_dags/example_skip_dag.py
[2024-06-09T16:54:35.658-0300] {processor.py:840} INFO - DAG(s) 'example_skip_dag' retrieved from /home/pedro/.local/lib/python3.10/site-packages/airflow/example_dags/example_skip_dag.py
[2024-06-09T16:54:35.667-0300] {logging_mixin.py:188} INFO - [2024-06-09T16:54:35.667-0300] {dag.py:3096} INFO - Sync 1 DAGs
[2024-06-09T16:54:35.677-0300] {logging_mixin.py:188} INFO - [2024-06-09T16:54:35.677-0300] {dag.py:3954} INFO - Setting next_dagrun for example_skip_dag to 2024-06-08 00:00:00+00:00, run_after=2024-06-09 00:00:00+00:00
[2024-06-09T16:54:35.692-0300] {processor.py:183} INFO - Processing /home/pedro/.local/lib/python3.10/site-packages/airflow/example_dags/example_skip_dag.py took 0.051 seconds
[2024-06-09T16:56:40.636-0300] {processor.py:161} INFO - Started process (PID=16539) to work on /home/pedro/.local/lib/python3.10/site-packages/airflow/example_dags/example_skip_dag.py
[2024-06-09T16:56:40.639-0300] {processor.py:830} INFO - Processing file /home/pedro/.local/lib/python3.10/site-packages/airflow/example_dags/example_skip_dag.py for tasks to queue
[2024-06-09T16:56:40.641-0300] {logging_mixin.py:188} INFO - [2024-06-09T16:56:40.641-0300] {dagbag.py:545} INFO - Filling up the DagBag from /home/pedro/.local/lib/python3.10/site-packages/airflow/example_dags/example_skip_dag.py
[2024-06-09T16:56:40.648-0300] {processor.py:840} INFO - DAG(s) 'example_skip_dag' retrieved from /home/pedro/.local/lib/python3.10/site-packages/airflow/example_dags/example_skip_dag.py
[2024-06-09T16:56:40.657-0300] {logging_mixin.py:188} INFO - [2024-06-09T16:56:40.657-0300] {dag.py:3096} INFO - Sync 1 DAGs
[2024-06-09T16:56:40.667-0300] {logging_mixin.py:188} INFO - [2024-06-09T16:56:40.667-0300] {dag.py:3954} INFO - Setting next_dagrun for example_skip_dag to 2024-06-08 00:00:00+00:00, run_after=2024-06-09 00:00:00+00:00
[2024-06-09T16:56:40.683-0300] {processor.py:183} INFO - Processing /home/pedro/.local/lib/python3.10/site-packages/airflow/example_dags/example_skip_dag.py took 0.056 seconds
[2024-06-09T16:58:43.146-0300] {processor.py:161} INFO - Started process (PID=17328) to work on /home/pedro/.local/lib/python3.10/site-packages/airflow/example_dags/example_skip_dag.py
[2024-06-09T16:58:43.147-0300] {processor.py:830} INFO - Processing file /home/pedro/.local/lib/python3.10/site-packages/airflow/example_dags/example_skip_dag.py for tasks to queue
[2024-06-09T16:58:43.148-0300] {logging_mixin.py:188} INFO - [2024-06-09T16:58:43.147-0300] {dagbag.py:545} INFO - Filling up the DagBag from /home/pedro/.local/lib/python3.10/site-packages/airflow/example_dags/example_skip_dag.py
[2024-06-09T16:58:43.151-0300] {processor.py:840} INFO - DAG(s) 'example_skip_dag' retrieved from /home/pedro/.local/lib/python3.10/site-packages/airflow/example_dags/example_skip_dag.py
[2024-06-09T16:58:43.161-0300] {logging_mixin.py:188} INFO - [2024-06-09T16:58:43.160-0300] {dag.py:3096} INFO - Sync 1 DAGs
[2024-06-09T16:58:43.172-0300] {logging_mixin.py:188} INFO - [2024-06-09T16:58:43.172-0300] {dag.py:3954} INFO - Setting next_dagrun for example_skip_dag to 2024-06-08 00:00:00+00:00, run_after=2024-06-09 00:00:00+00:00
[2024-06-09T16:58:43.192-0300] {processor.py:183} INFO - Processing /home/pedro/.local/lib/python3.10/site-packages/airflow/example_dags/example_skip_dag.py took 0.050 seconds
