[2024-06-09T11:45:31.373-0300] {processor.py:161} INFO - Started process (PID=5955) to work on /home/pedro/.local/lib/python3.10/site-packages/airflow/example_dags/example_setup_teardown.py
[2024-06-09T11:45:31.374-0300] {processor.py:830} INFO - Processing file /home/pedro/.local/lib/python3.10/site-packages/airflow/example_dags/example_setup_teardown.py for tasks to queue
[2024-06-09T11:45:31.376-0300] {logging_mixin.py:188} INFO - [2024-06-09T11:45:31.376-0300] {dagbag.py:545} INFO - Filling up the DagBag from /home/pedro/.local/lib/python3.10/site-packages/airflow/example_dags/example_setup_teardown.py
[2024-06-09T11:45:31.384-0300] {processor.py:840} INFO - DAG(s) 'example_setup_teardown' retrieved from /home/pedro/.local/lib/python3.10/site-packages/airflow/example_dags/example_setup_teardown.py
[2024-06-09T11:45:31.396-0300] {logging_mixin.py:188} INFO - [2024-06-09T11:45:31.396-0300] {dag.py:3096} INFO - Sync 1 DAGs
[2024-06-09T11:45:31.407-0300] {logging_mixin.py:188} INFO - [2024-06-09T11:45:31.407-0300] {dag.py:3954} INFO - Setting next_dagrun for example_setup_teardown to 2024-06-08 00:00:00+00:00, run_after=2024-06-09 00:00:00+00:00
[2024-06-09T11:45:31.425-0300] {processor.py:183} INFO - Processing /home/pedro/.local/lib/python3.10/site-packages/airflow/example_dags/example_setup_teardown.py took 0.060 seconds
[2024-06-09T11:46:24.786-0300] {processor.py:161} INFO - Started process (PID=7242) to work on /home/pedro/.local/lib/python3.10/site-packages/airflow/example_dags/example_setup_teardown.py
[2024-06-09T11:46:24.789-0300] {processor.py:830} INFO - Processing file /home/pedro/.local/lib/python3.10/site-packages/airflow/example_dags/example_setup_teardown.py for tasks to queue
[2024-06-09T11:46:24.791-0300] {logging_mixin.py:188} INFO - [2024-06-09T11:46:24.791-0300] {dagbag.py:545} INFO - Filling up the DagBag from /home/pedro/.local/lib/python3.10/site-packages/airflow/example_dags/example_setup_teardown.py
[2024-06-09T11:46:24.797-0300] {processor.py:840} INFO - DAG(s) 'example_setup_teardown' retrieved from /home/pedro/.local/lib/python3.10/site-packages/airflow/example_dags/example_setup_teardown.py
[2024-06-09T11:46:24.859-0300] {logging_mixin.py:188} INFO - [2024-06-09T11:46:24.859-0300] {dag.py:3096} INFO - Sync 1 DAGs
[2024-06-09T11:46:24.868-0300] {logging_mixin.py:188} INFO - [2024-06-09T11:46:24.868-0300] {dag.py:3954} INFO - Setting next_dagrun for example_setup_teardown to 2024-06-08 00:00:00+00:00, run_after=2024-06-09 00:00:00+00:00
[2024-06-09T11:46:24.881-0300] {processor.py:183} INFO - Processing /home/pedro/.local/lib/python3.10/site-packages/airflow/example_dags/example_setup_teardown.py took 0.104 seconds
[2024-06-09T11:47:14.847-0300] {processor.py:161} INFO - Started process (PID=7358) to work on /home/pedro/.local/lib/python3.10/site-packages/airflow/example_dags/example_setup_teardown.py
[2024-06-09T11:47:14.850-0300] {processor.py:830} INFO - Processing file /home/pedro/.local/lib/python3.10/site-packages/airflow/example_dags/example_setup_teardown.py for tasks to queue
[2024-06-09T11:47:14.853-0300] {logging_mixin.py:188} INFO - [2024-06-09T11:47:14.852-0300] {dagbag.py:545} INFO - Filling up the DagBag from /home/pedro/.local/lib/python3.10/site-packages/airflow/example_dags/example_setup_teardown.py
[2024-06-09T11:47:14.860-0300] {processor.py:840} INFO - DAG(s) 'example_setup_teardown' retrieved from /home/pedro/.local/lib/python3.10/site-packages/airflow/example_dags/example_setup_teardown.py
[2024-06-09T11:47:14.869-0300] {logging_mixin.py:188} INFO - [2024-06-09T11:47:14.869-0300] {dag.py:3096} INFO - Sync 1 DAGs
[2024-06-09T11:47:14.878-0300] {logging_mixin.py:188} INFO - [2024-06-09T11:47:14.878-0300] {dag.py:3954} INFO - Setting next_dagrun for example_setup_teardown to 2024-06-08 00:00:00+00:00, run_after=2024-06-09 00:00:00+00:00
[2024-06-09T11:47:14.892-0300] {processor.py:183} INFO - Processing /home/pedro/.local/lib/python3.10/site-packages/airflow/example_dags/example_setup_teardown.py took 0.050 seconds
[2024-06-09T11:48:00.966-0300] {processor.py:161} INFO - Started process (PID=7447) to work on /home/pedro/.local/lib/python3.10/site-packages/airflow/example_dags/example_setup_teardown.py
[2024-06-09T11:48:00.970-0300] {processor.py:830} INFO - Processing file /home/pedro/.local/lib/python3.10/site-packages/airflow/example_dags/example_setup_teardown.py for tasks to queue
[2024-06-09T11:48:00.972-0300] {logging_mixin.py:188} INFO - [2024-06-09T11:48:00.971-0300] {dagbag.py:545} INFO - Filling up the DagBag from /home/pedro/.local/lib/python3.10/site-packages/airflow/example_dags/example_setup_teardown.py
[2024-06-09T11:48:00.980-0300] {processor.py:840} INFO - DAG(s) 'example_setup_teardown' retrieved from /home/pedro/.local/lib/python3.10/site-packages/airflow/example_dags/example_setup_teardown.py
[2024-06-09T11:48:00.989-0300] {logging_mixin.py:188} INFO - [2024-06-09T11:48:00.989-0300] {dag.py:3096} INFO - Sync 1 DAGs
[2024-06-09T11:48:00.998-0300] {logging_mixin.py:188} INFO - [2024-06-09T11:48:00.998-0300] {dag.py:3954} INFO - Setting next_dagrun for example_setup_teardown to 2024-06-08 00:00:00+00:00, run_after=2024-06-09 00:00:00+00:00
[2024-06-09T11:48:01.013-0300] {processor.py:183} INFO - Processing /home/pedro/.local/lib/python3.10/site-packages/airflow/example_dags/example_setup_teardown.py took 0.052 seconds
[2024-06-09T11:48:43.248-0300] {processor.py:161} INFO - Started process (PID=7563) to work on /home/pedro/.local/lib/python3.10/site-packages/airflow/example_dags/example_setup_teardown.py
[2024-06-09T11:48:43.252-0300] {processor.py:830} INFO - Processing file /home/pedro/.local/lib/python3.10/site-packages/airflow/example_dags/example_setup_teardown.py for tasks to queue
[2024-06-09T11:48:43.254-0300] {logging_mixin.py:188} INFO - [2024-06-09T11:48:43.254-0300] {dagbag.py:545} INFO - Filling up the DagBag from /home/pedro/.local/lib/python3.10/site-packages/airflow/example_dags/example_setup_teardown.py
[2024-06-09T11:48:43.260-0300] {processor.py:840} INFO - DAG(s) 'example_setup_teardown' retrieved from /home/pedro/.local/lib/python3.10/site-packages/airflow/example_dags/example_setup_teardown.py
[2024-06-09T11:48:43.269-0300] {logging_mixin.py:188} INFO - [2024-06-09T11:48:43.269-0300] {dag.py:3096} INFO - Sync 1 DAGs
[2024-06-09T11:48:43.278-0300] {logging_mixin.py:188} INFO - [2024-06-09T11:48:43.278-0300] {dag.py:3954} INFO - Setting next_dagrun for example_setup_teardown to 2024-06-08 00:00:00+00:00, run_after=2024-06-09 00:00:00+00:00
[2024-06-09T11:48:43.292-0300] {processor.py:183} INFO - Processing /home/pedro/.local/lib/python3.10/site-packages/airflow/example_dags/example_setup_teardown.py took 0.052 seconds
[2024-06-09T11:49:25.815-0300] {processor.py:161} INFO - Started process (PID=7824) to work on /home/pedro/.local/lib/python3.10/site-packages/airflow/example_dags/example_setup_teardown.py
[2024-06-09T11:49:25.818-0300] {processor.py:830} INFO - Processing file /home/pedro/.local/lib/python3.10/site-packages/airflow/example_dags/example_setup_teardown.py for tasks to queue
[2024-06-09T11:49:25.820-0300] {logging_mixin.py:188} INFO - [2024-06-09T11:49:25.820-0300] {dagbag.py:545} INFO - Filling up the DagBag from /home/pedro/.local/lib/python3.10/site-packages/airflow/example_dags/example_setup_teardown.py
[2024-06-09T11:49:25.828-0300] {processor.py:840} INFO - DAG(s) 'example_setup_teardown' retrieved from /home/pedro/.local/lib/python3.10/site-packages/airflow/example_dags/example_setup_teardown.py
[2024-06-09T11:49:25.836-0300] {logging_mixin.py:188} INFO - [2024-06-09T11:49:25.836-0300] {dag.py:3096} INFO - Sync 1 DAGs
[2024-06-09T11:49:25.846-0300] {logging_mixin.py:188} INFO - [2024-06-09T11:49:25.846-0300] {dag.py:3954} INFO - Setting next_dagrun for example_setup_teardown to 2024-06-08 00:00:00+00:00, run_after=2024-06-09 00:00:00+00:00
[2024-06-09T11:49:25.877-0300] {processor.py:183} INFO - Processing /home/pedro/.local/lib/python3.10/site-packages/airflow/example_dags/example_setup_teardown.py took 0.065 seconds
[2024-06-09T11:50:09.031-0300] {processor.py:161} INFO - Started process (PID=7955) to work on /home/pedro/.local/lib/python3.10/site-packages/airflow/example_dags/example_setup_teardown.py
[2024-06-09T11:50:09.034-0300] {processor.py:830} INFO - Processing file /home/pedro/.local/lib/python3.10/site-packages/airflow/example_dags/example_setup_teardown.py for tasks to queue
[2024-06-09T11:50:09.036-0300] {logging_mixin.py:188} INFO - [2024-06-09T11:50:09.036-0300] {dagbag.py:545} INFO - Filling up the DagBag from /home/pedro/.local/lib/python3.10/site-packages/airflow/example_dags/example_setup_teardown.py
[2024-06-09T11:50:09.043-0300] {processor.py:840} INFO - DAG(s) 'example_setup_teardown' retrieved from /home/pedro/.local/lib/python3.10/site-packages/airflow/example_dags/example_setup_teardown.py
[2024-06-09T11:50:09.051-0300] {logging_mixin.py:188} INFO - [2024-06-09T11:50:09.051-0300] {dag.py:3096} INFO - Sync 1 DAGs
[2024-06-09T11:50:09.061-0300] {logging_mixin.py:188} INFO - [2024-06-09T11:50:09.061-0300] {dag.py:3954} INFO - Setting next_dagrun for example_setup_teardown to 2024-06-08 00:00:00+00:00, run_after=2024-06-09 00:00:00+00:00
[2024-06-09T11:50:09.077-0300] {processor.py:183} INFO - Processing /home/pedro/.local/lib/python3.10/site-packages/airflow/example_dags/example_setup_teardown.py took 0.055 seconds
[2024-06-09T11:50:55.422-0300] {processor.py:161} INFO - Started process (PID=8114) to work on /home/pedro/.local/lib/python3.10/site-packages/airflow/example_dags/example_setup_teardown.py
[2024-06-09T11:50:55.425-0300] {processor.py:830} INFO - Processing file /home/pedro/.local/lib/python3.10/site-packages/airflow/example_dags/example_setup_teardown.py for tasks to queue
[2024-06-09T11:50:55.426-0300] {logging_mixin.py:188} INFO - [2024-06-09T11:50:55.426-0300] {dagbag.py:545} INFO - Filling up the DagBag from /home/pedro/.local/lib/python3.10/site-packages/airflow/example_dags/example_setup_teardown.py
[2024-06-09T11:50:55.434-0300] {processor.py:840} INFO - DAG(s) 'example_setup_teardown' retrieved from /home/pedro/.local/lib/python3.10/site-packages/airflow/example_dags/example_setup_teardown.py
[2024-06-09T11:50:55.444-0300] {logging_mixin.py:188} INFO - [2024-06-09T11:50:55.444-0300] {dag.py:3096} INFO - Sync 1 DAGs
[2024-06-09T11:50:55.455-0300] {logging_mixin.py:188} INFO - [2024-06-09T11:50:55.455-0300] {dag.py:3954} INFO - Setting next_dagrun for example_setup_teardown to 2024-06-08 00:00:00+00:00, run_after=2024-06-09 00:00:00+00:00
[2024-06-09T11:50:55.470-0300] {processor.py:183} INFO - Processing /home/pedro/.local/lib/python3.10/site-packages/airflow/example_dags/example_setup_teardown.py took 0.054 seconds
[2024-06-09T11:51:41.702-0300] {processor.py:161} INFO - Started process (PID=8249) to work on /home/pedro/.local/lib/python3.10/site-packages/airflow/example_dags/example_setup_teardown.py
[2024-06-09T11:51:41.705-0300] {processor.py:830} INFO - Processing file /home/pedro/.local/lib/python3.10/site-packages/airflow/example_dags/example_setup_teardown.py for tasks to queue
[2024-06-09T11:51:41.707-0300] {logging_mixin.py:188} INFO - [2024-06-09T11:51:41.707-0300] {dagbag.py:545} INFO - Filling up the DagBag from /home/pedro/.local/lib/python3.10/site-packages/airflow/example_dags/example_setup_teardown.py
[2024-06-09T11:51:41.714-0300] {processor.py:840} INFO - DAG(s) 'example_setup_teardown' retrieved from /home/pedro/.local/lib/python3.10/site-packages/airflow/example_dags/example_setup_teardown.py
[2024-06-09T11:51:41.724-0300] {logging_mixin.py:188} INFO - [2024-06-09T11:51:41.724-0300] {dag.py:3096} INFO - Sync 1 DAGs
[2024-06-09T11:51:41.736-0300] {logging_mixin.py:188} INFO - [2024-06-09T11:51:41.736-0300] {dag.py:3954} INFO - Setting next_dagrun for example_setup_teardown to 2024-06-08 00:00:00+00:00, run_after=2024-06-09 00:00:00+00:00
[2024-06-09T11:51:41.752-0300] {processor.py:183} INFO - Processing /home/pedro/.local/lib/python3.10/site-packages/airflow/example_dags/example_setup_teardown.py took 0.053 seconds
[2024-06-09T11:52:23.956-0300] {processor.py:161} INFO - Started process (PID=8352) to work on /home/pedro/.local/lib/python3.10/site-packages/airflow/example_dags/example_setup_teardown.py
[2024-06-09T11:52:23.959-0300] {processor.py:830} INFO - Processing file /home/pedro/.local/lib/python3.10/site-packages/airflow/example_dags/example_setup_teardown.py for tasks to queue
[2024-06-09T11:52:23.962-0300] {logging_mixin.py:188} INFO - [2024-06-09T11:52:23.961-0300] {dagbag.py:545} INFO - Filling up the DagBag from /home/pedro/.local/lib/python3.10/site-packages/airflow/example_dags/example_setup_teardown.py
[2024-06-09T11:52:23.970-0300] {processor.py:840} INFO - DAG(s) 'example_setup_teardown' retrieved from /home/pedro/.local/lib/python3.10/site-packages/airflow/example_dags/example_setup_teardown.py
[2024-06-09T11:52:23.979-0300] {logging_mixin.py:188} INFO - [2024-06-09T11:52:23.979-0300] {dag.py:3096} INFO - Sync 1 DAGs
[2024-06-09T11:52:23.988-0300] {logging_mixin.py:188} INFO - [2024-06-09T11:52:23.988-0300] {dag.py:3954} INFO - Setting next_dagrun for example_setup_teardown to 2024-06-08 00:00:00+00:00, run_after=2024-06-09 00:00:00+00:00
[2024-06-09T11:52:24.002-0300] {processor.py:183} INFO - Processing /home/pedro/.local/lib/python3.10/site-packages/airflow/example_dags/example_setup_teardown.py took 0.051 seconds
[2024-06-09T11:53:04.109-0300] {processor.py:161} INFO - Started process (PID=8449) to work on /home/pedro/.local/lib/python3.10/site-packages/airflow/example_dags/example_setup_teardown.py
[2024-06-09T11:53:04.112-0300] {processor.py:830} INFO - Processing file /home/pedro/.local/lib/python3.10/site-packages/airflow/example_dags/example_setup_teardown.py for tasks to queue
[2024-06-09T11:53:04.113-0300] {logging_mixin.py:188} INFO - [2024-06-09T11:53:04.112-0300] {dagbag.py:545} INFO - Filling up the DagBag from /home/pedro/.local/lib/python3.10/site-packages/airflow/example_dags/example_setup_teardown.py
[2024-06-09T11:53:04.119-0300] {processor.py:840} INFO - DAG(s) 'example_setup_teardown' retrieved from /home/pedro/.local/lib/python3.10/site-packages/airflow/example_dags/example_setup_teardown.py
[2024-06-09T11:53:04.127-0300] {logging_mixin.py:188} INFO - [2024-06-09T11:53:04.127-0300] {dag.py:3096} INFO - Sync 1 DAGs
[2024-06-09T11:53:04.137-0300] {logging_mixin.py:188} INFO - [2024-06-09T11:53:04.137-0300] {dag.py:3954} INFO - Setting next_dagrun for example_setup_teardown to 2024-06-08 00:00:00+00:00, run_after=2024-06-09 00:00:00+00:00
[2024-06-09T11:53:04.153-0300] {processor.py:183} INFO - Processing /home/pedro/.local/lib/python3.10/site-packages/airflow/example_dags/example_setup_teardown.py took 0.047 seconds
[2024-06-09T11:53:45.331-0300] {processor.py:161} INFO - Started process (PID=8551) to work on /home/pedro/.local/lib/python3.10/site-packages/airflow/example_dags/example_setup_teardown.py
[2024-06-09T11:53:45.334-0300] {processor.py:830} INFO - Processing file /home/pedro/.local/lib/python3.10/site-packages/airflow/example_dags/example_setup_teardown.py for tasks to queue
[2024-06-09T11:53:45.336-0300] {logging_mixin.py:188} INFO - [2024-06-09T11:53:45.336-0300] {dagbag.py:545} INFO - Filling up the DagBag from /home/pedro/.local/lib/python3.10/site-packages/airflow/example_dags/example_setup_teardown.py
[2024-06-09T11:53:45.342-0300] {processor.py:840} INFO - DAG(s) 'example_setup_teardown' retrieved from /home/pedro/.local/lib/python3.10/site-packages/airflow/example_dags/example_setup_teardown.py
[2024-06-09T11:53:45.352-0300] {logging_mixin.py:188} INFO - [2024-06-09T11:53:45.352-0300] {dag.py:3096} INFO - Sync 1 DAGs
[2024-06-09T11:53:45.362-0300] {logging_mixin.py:188} INFO - [2024-06-09T11:53:45.362-0300] {dag.py:3954} INFO - Setting next_dagrun for example_setup_teardown to 2024-06-08 00:00:00+00:00, run_after=2024-06-09 00:00:00+00:00
[2024-06-09T11:53:45.376-0300] {processor.py:183} INFO - Processing /home/pedro/.local/lib/python3.10/site-packages/airflow/example_dags/example_setup_teardown.py took 0.049 seconds
[2024-06-09T11:54:26.440-0300] {processor.py:161} INFO - Started process (PID=8624) to work on /home/pedro/.local/lib/python3.10/site-packages/airflow/example_dags/example_setup_teardown.py
[2024-06-09T11:54:26.444-0300] {processor.py:830} INFO - Processing file /home/pedro/.local/lib/python3.10/site-packages/airflow/example_dags/example_setup_teardown.py for tasks to queue
[2024-06-09T11:54:26.446-0300] {logging_mixin.py:188} INFO - [2024-06-09T11:54:26.445-0300] {dagbag.py:545} INFO - Filling up the DagBag from /home/pedro/.local/lib/python3.10/site-packages/airflow/example_dags/example_setup_teardown.py
[2024-06-09T11:54:26.453-0300] {processor.py:840} INFO - DAG(s) 'example_setup_teardown' retrieved from /home/pedro/.local/lib/python3.10/site-packages/airflow/example_dags/example_setup_teardown.py
[2024-06-09T11:54:26.462-0300] {logging_mixin.py:188} INFO - [2024-06-09T11:54:26.462-0300] {dag.py:3096} INFO - Sync 1 DAGs
[2024-06-09T11:54:26.471-0300] {logging_mixin.py:188} INFO - [2024-06-09T11:54:26.471-0300] {dag.py:3954} INFO - Setting next_dagrun for example_setup_teardown to 2024-06-08 00:00:00+00:00, run_after=2024-06-09 00:00:00+00:00
[2024-06-09T11:54:26.485-0300] {processor.py:183} INFO - Processing /home/pedro/.local/lib/python3.10/site-packages/airflow/example_dags/example_setup_teardown.py took 0.052 seconds
[2024-06-09T11:55:24.698-0300] {processor.py:161} INFO - Started process (PID=8725) to work on /home/pedro/.local/lib/python3.10/site-packages/airflow/example_dags/example_setup_teardown.py
[2024-06-09T11:55:24.702-0300] {processor.py:830} INFO - Processing file /home/pedro/.local/lib/python3.10/site-packages/airflow/example_dags/example_setup_teardown.py for tasks to queue
[2024-06-09T11:55:24.704-0300] {logging_mixin.py:188} INFO - [2024-06-09T11:55:24.703-0300] {dagbag.py:545} INFO - Filling up the DagBag from /home/pedro/.local/lib/python3.10/site-packages/airflow/example_dags/example_setup_teardown.py
[2024-06-09T11:55:24.710-0300] {processor.py:840} INFO - DAG(s) 'example_setup_teardown' retrieved from /home/pedro/.local/lib/python3.10/site-packages/airflow/example_dags/example_setup_teardown.py
[2024-06-09T11:55:24.718-0300] {logging_mixin.py:188} INFO - [2024-06-09T11:55:24.718-0300] {dag.py:3096} INFO - Sync 1 DAGs
[2024-06-09T11:55:24.728-0300] {logging_mixin.py:188} INFO - [2024-06-09T11:55:24.728-0300] {dag.py:3954} INFO - Setting next_dagrun for example_setup_teardown to 2024-06-08 00:00:00+00:00, run_after=2024-06-09 00:00:00+00:00
[2024-06-09T11:55:24.742-0300] {processor.py:183} INFO - Processing /home/pedro/.local/lib/python3.10/site-packages/airflow/example_dags/example_setup_teardown.py took 0.053 seconds
[2024-06-09T11:56:07.038-0300] {processor.py:161} INFO - Started process (PID=8959) to work on /home/pedro/.local/lib/python3.10/site-packages/airflow/example_dags/example_setup_teardown.py
[2024-06-09T11:56:07.041-0300] {processor.py:830} INFO - Processing file /home/pedro/.local/lib/python3.10/site-packages/airflow/example_dags/example_setup_teardown.py for tasks to queue
[2024-06-09T11:56:07.043-0300] {logging_mixin.py:188} INFO - [2024-06-09T11:56:07.043-0300] {dagbag.py:545} INFO - Filling up the DagBag from /home/pedro/.local/lib/python3.10/site-packages/airflow/example_dags/example_setup_teardown.py
[2024-06-09T11:56:07.051-0300] {processor.py:840} INFO - DAG(s) 'example_setup_teardown' retrieved from /home/pedro/.local/lib/python3.10/site-packages/airflow/example_dags/example_setup_teardown.py
[2024-06-09T11:56:07.060-0300] {logging_mixin.py:188} INFO - [2024-06-09T11:56:07.060-0300] {dag.py:3096} INFO - Sync 1 DAGs
[2024-06-09T11:56:07.071-0300] {logging_mixin.py:188} INFO - [2024-06-09T11:56:07.071-0300] {dag.py:3954} INFO - Setting next_dagrun for example_setup_teardown to 2024-06-08 00:00:00+00:00, run_after=2024-06-09 00:00:00+00:00
[2024-06-09T11:56:07.085-0300] {processor.py:183} INFO - Processing /home/pedro/.local/lib/python3.10/site-packages/airflow/example_dags/example_setup_teardown.py took 0.052 seconds
[2024-06-09T11:57:54.849-0300] {processor.py:161} INFO - Started process (PID=9735) to work on /home/pedro/.local/lib/python3.10/site-packages/airflow/example_dags/example_setup_teardown.py
[2024-06-09T11:57:54.852-0300] {processor.py:830} INFO - Processing file /home/pedro/.local/lib/python3.10/site-packages/airflow/example_dags/example_setup_teardown.py for tasks to queue
[2024-06-09T11:57:54.854-0300] {logging_mixin.py:188} INFO - [2024-06-09T11:57:54.853-0300] {dagbag.py:545} INFO - Filling up the DagBag from /home/pedro/.local/lib/python3.10/site-packages/airflow/example_dags/example_setup_teardown.py
[2024-06-09T11:57:54.863-0300] {processor.py:840} INFO - DAG(s) 'example_setup_teardown' retrieved from /home/pedro/.local/lib/python3.10/site-packages/airflow/example_dags/example_setup_teardown.py
[2024-06-09T11:57:54.874-0300] {logging_mixin.py:188} INFO - [2024-06-09T11:57:54.874-0300] {dag.py:3096} INFO - Sync 1 DAGs
[2024-06-09T11:57:54.883-0300] {logging_mixin.py:188} INFO - [2024-06-09T11:57:54.883-0300] {dag.py:3954} INFO - Setting next_dagrun for example_setup_teardown to 2024-06-08 00:00:00+00:00, run_after=2024-06-09 00:00:00+00:00
[2024-06-09T11:57:54.898-0300] {processor.py:183} INFO - Processing /home/pedro/.local/lib/python3.10/site-packages/airflow/example_dags/example_setup_teardown.py took 0.052 seconds
[2024-06-09T11:59:22.926-0300] {processor.py:161} INFO - Started process (PID=10693) to work on /home/pedro/.local/lib/python3.10/site-packages/airflow/example_dags/example_setup_teardown.py
[2024-06-09T11:59:22.928-0300] {processor.py:830} INFO - Processing file /home/pedro/.local/lib/python3.10/site-packages/airflow/example_dags/example_setup_teardown.py for tasks to queue
[2024-06-09T11:59:22.930-0300] {logging_mixin.py:188} INFO - [2024-06-09T11:59:22.930-0300] {dagbag.py:545} INFO - Filling up the DagBag from /home/pedro/.local/lib/python3.10/site-packages/airflow/example_dags/example_setup_teardown.py
[2024-06-09T11:59:22.938-0300] {processor.py:840} INFO - DAG(s) 'example_setup_teardown' retrieved from /home/pedro/.local/lib/python3.10/site-packages/airflow/example_dags/example_setup_teardown.py
[2024-06-09T11:59:22.949-0300] {logging_mixin.py:188} INFO - [2024-06-09T11:59:22.949-0300] {dag.py:3096} INFO - Sync 1 DAGs
[2024-06-09T11:59:22.958-0300] {logging_mixin.py:188} INFO - [2024-06-09T11:59:22.958-0300] {dag.py:3954} INFO - Setting next_dagrun for example_setup_teardown to 2024-06-08 00:00:00+00:00, run_after=2024-06-09 00:00:00+00:00
[2024-06-09T11:59:22.971-0300] {processor.py:183} INFO - Processing /home/pedro/.local/lib/python3.10/site-packages/airflow/example_dags/example_setup_teardown.py took 0.053 seconds
[2024-06-09T12:00:13.995-0300] {processor.py:161} INFO - Started process (PID=10813) to work on /home/pedro/.local/lib/python3.10/site-packages/airflow/example_dags/example_setup_teardown.py
[2024-06-09T12:00:13.998-0300] {processor.py:830} INFO - Processing file /home/pedro/.local/lib/python3.10/site-packages/airflow/example_dags/example_setup_teardown.py for tasks to queue
[2024-06-09T12:00:13.998-0300] {logging_mixin.py:188} INFO - [2024-06-09T12:00:13.998-0300] {dagbag.py:545} INFO - Filling up the DagBag from /home/pedro/.local/lib/python3.10/site-packages/airflow/example_dags/example_setup_teardown.py
[2024-06-09T12:00:14.003-0300] {processor.py:840} INFO - DAG(s) 'example_setup_teardown' retrieved from /home/pedro/.local/lib/python3.10/site-packages/airflow/example_dags/example_setup_teardown.py
[2024-06-09T12:00:14.074-0300] {logging_mixin.py:188} INFO - [2024-06-09T12:00:14.074-0300] {dag.py:3096} INFO - Sync 1 DAGs
[2024-06-09T12:00:14.083-0300] {logging_mixin.py:188} INFO - [2024-06-09T12:00:14.083-0300] {dag.py:3954} INFO - Setting next_dagrun for example_setup_teardown to 2024-06-08 00:00:00+00:00, run_after=2024-06-09 00:00:00+00:00
[2024-06-09T12:00:14.098-0300] {processor.py:183} INFO - Processing /home/pedro/.local/lib/python3.10/site-packages/airflow/example_dags/example_setup_teardown.py took 0.107 seconds
[2024-06-09T12:01:04.712-0300] {processor.py:161} INFO - Started process (PID=11089) to work on /home/pedro/.local/lib/python3.10/site-packages/airflow/example_dags/example_setup_teardown.py
[2024-06-09T12:01:04.715-0300] {processor.py:830} INFO - Processing file /home/pedro/.local/lib/python3.10/site-packages/airflow/example_dags/example_setup_teardown.py for tasks to queue
[2024-06-09T12:01:04.717-0300] {logging_mixin.py:188} INFO - [2024-06-09T12:01:04.716-0300] {dagbag.py:545} INFO - Filling up the DagBag from /home/pedro/.local/lib/python3.10/site-packages/airflow/example_dags/example_setup_teardown.py
[2024-06-09T12:01:04.722-0300] {processor.py:840} INFO - DAG(s) 'example_setup_teardown' retrieved from /home/pedro/.local/lib/python3.10/site-packages/airflow/example_dags/example_setup_teardown.py
[2024-06-09T12:01:04.732-0300] {logging_mixin.py:188} INFO - [2024-06-09T12:01:04.732-0300] {dag.py:3096} INFO - Sync 1 DAGs
[2024-06-09T12:01:04.744-0300] {logging_mixin.py:188} INFO - [2024-06-09T12:01:04.744-0300] {dag.py:3954} INFO - Setting next_dagrun for example_setup_teardown to 2024-06-08 00:00:00+00:00, run_after=2024-06-09 00:00:00+00:00
[2024-06-09T12:01:04.761-0300] {processor.py:183} INFO - Processing /home/pedro/.local/lib/python3.10/site-packages/airflow/example_dags/example_setup_teardown.py took 0.057 seconds
[2024-06-09T12:01:50.637-0300] {processor.py:161} INFO - Started process (PID=11193) to work on /home/pedro/.local/lib/python3.10/site-packages/airflow/example_dags/example_setup_teardown.py
[2024-06-09T12:01:50.640-0300] {processor.py:830} INFO - Processing file /home/pedro/.local/lib/python3.10/site-packages/airflow/example_dags/example_setup_teardown.py for tasks to queue
[2024-06-09T12:01:50.642-0300] {logging_mixin.py:188} INFO - [2024-06-09T12:01:50.641-0300] {dagbag.py:545} INFO - Filling up the DagBag from /home/pedro/.local/lib/python3.10/site-packages/airflow/example_dags/example_setup_teardown.py
[2024-06-09T12:01:50.648-0300] {processor.py:840} INFO - DAG(s) 'example_setup_teardown' retrieved from /home/pedro/.local/lib/python3.10/site-packages/airflow/example_dags/example_setup_teardown.py
[2024-06-09T12:01:50.658-0300] {logging_mixin.py:188} INFO - [2024-06-09T12:01:50.658-0300] {dag.py:3096} INFO - Sync 1 DAGs
[2024-06-09T12:01:50.668-0300] {logging_mixin.py:188} INFO - [2024-06-09T12:01:50.668-0300] {dag.py:3954} INFO - Setting next_dagrun for example_setup_teardown to 2024-06-08 00:00:00+00:00, run_after=2024-06-09 00:00:00+00:00
[2024-06-09T12:01:50.686-0300] {processor.py:183} INFO - Processing /home/pedro/.local/lib/python3.10/site-packages/airflow/example_dags/example_setup_teardown.py took 0.053 seconds
[2024-06-09T12:02:35.151-0300] {processor.py:161} INFO - Started process (PID=11270) to work on /home/pedro/.local/lib/python3.10/site-packages/airflow/example_dags/example_setup_teardown.py
[2024-06-09T12:02:35.154-0300] {processor.py:830} INFO - Processing file /home/pedro/.local/lib/python3.10/site-packages/airflow/example_dags/example_setup_teardown.py for tasks to queue
[2024-06-09T12:02:35.157-0300] {logging_mixin.py:188} INFO - [2024-06-09T12:02:35.156-0300] {dagbag.py:545} INFO - Filling up the DagBag from /home/pedro/.local/lib/python3.10/site-packages/airflow/example_dags/example_setup_teardown.py
[2024-06-09T12:02:35.163-0300] {processor.py:840} INFO - DAG(s) 'example_setup_teardown' retrieved from /home/pedro/.local/lib/python3.10/site-packages/airflow/example_dags/example_setup_teardown.py
[2024-06-09T12:02:35.173-0300] {logging_mixin.py:188} INFO - [2024-06-09T12:02:35.173-0300] {dag.py:3096} INFO - Sync 1 DAGs
[2024-06-09T12:02:35.183-0300] {logging_mixin.py:188} INFO - [2024-06-09T12:02:35.183-0300] {dag.py:3954} INFO - Setting next_dagrun for example_setup_teardown to 2024-06-08 00:00:00+00:00, run_after=2024-06-09 00:00:00+00:00
[2024-06-09T12:02:35.198-0300] {processor.py:183} INFO - Processing /home/pedro/.local/lib/python3.10/site-packages/airflow/example_dags/example_setup_teardown.py took 0.057 seconds
[2024-06-09T12:03:20.010-0300] {processor.py:161} INFO - Started process (PID=11367) to work on /home/pedro/.local/lib/python3.10/site-packages/airflow/example_dags/example_setup_teardown.py
[2024-06-09T12:03:20.013-0300] {processor.py:830} INFO - Processing file /home/pedro/.local/lib/python3.10/site-packages/airflow/example_dags/example_setup_teardown.py for tasks to queue
[2024-06-09T12:03:20.015-0300] {logging_mixin.py:188} INFO - [2024-06-09T12:03:20.014-0300] {dagbag.py:545} INFO - Filling up the DagBag from /home/pedro/.local/lib/python3.10/site-packages/airflow/example_dags/example_setup_teardown.py
[2024-06-09T12:03:20.020-0300] {processor.py:840} INFO - DAG(s) 'example_setup_teardown' retrieved from /home/pedro/.local/lib/python3.10/site-packages/airflow/example_dags/example_setup_teardown.py
[2024-06-09T12:03:20.030-0300] {logging_mixin.py:188} INFO - [2024-06-09T12:03:20.029-0300] {dag.py:3096} INFO - Sync 1 DAGs
[2024-06-09T12:03:20.044-0300] {logging_mixin.py:188} INFO - [2024-06-09T12:03:20.043-0300] {dag.py:3954} INFO - Setting next_dagrun for example_setup_teardown to 2024-06-08 00:00:00+00:00, run_after=2024-06-09 00:00:00+00:00
[2024-06-09T12:03:20.064-0300] {processor.py:183} INFO - Processing /home/pedro/.local/lib/python3.10/site-packages/airflow/example_dags/example_setup_teardown.py took 0.058 seconds
[2024-06-09T12:04:00.733-0300] {processor.py:161} INFO - Started process (PID=11441) to work on /home/pedro/.local/lib/python3.10/site-packages/airflow/example_dags/example_setup_teardown.py
[2024-06-09T12:04:00.736-0300] {processor.py:830} INFO - Processing file /home/pedro/.local/lib/python3.10/site-packages/airflow/example_dags/example_setup_teardown.py for tasks to queue
[2024-06-09T12:04:00.738-0300] {logging_mixin.py:188} INFO - [2024-06-09T12:04:00.738-0300] {dagbag.py:545} INFO - Filling up the DagBag from /home/pedro/.local/lib/python3.10/site-packages/airflow/example_dags/example_setup_teardown.py
[2024-06-09T12:04:00.745-0300] {processor.py:840} INFO - DAG(s) 'example_setup_teardown' retrieved from /home/pedro/.local/lib/python3.10/site-packages/airflow/example_dags/example_setup_teardown.py
[2024-06-09T12:04:00.755-0300] {logging_mixin.py:188} INFO - [2024-06-09T12:04:00.755-0300] {dag.py:3096} INFO - Sync 1 DAGs
[2024-06-09T12:04:00.766-0300] {logging_mixin.py:188} INFO - [2024-06-09T12:04:00.766-0300] {dag.py:3954} INFO - Setting next_dagrun for example_setup_teardown to 2024-06-08 00:00:00+00:00, run_after=2024-06-09 00:00:00+00:00
[2024-06-09T12:04:00.782-0300] {processor.py:183} INFO - Processing /home/pedro/.local/lib/python3.10/site-packages/airflow/example_dags/example_setup_teardown.py took 0.054 seconds
[2024-06-09T12:04:59.230-0300] {processor.py:161} INFO - Started process (PID=11583) to work on /home/pedro/.local/lib/python3.10/site-packages/airflow/example_dags/example_setup_teardown.py
[2024-06-09T12:04:59.233-0300] {processor.py:830} INFO - Processing file /home/pedro/.local/lib/python3.10/site-packages/airflow/example_dags/example_setup_teardown.py for tasks to queue
[2024-06-09T12:04:59.235-0300] {logging_mixin.py:188} INFO - [2024-06-09T12:04:59.235-0300] {dagbag.py:545} INFO - Filling up the DagBag from /home/pedro/.local/lib/python3.10/site-packages/airflow/example_dags/example_setup_teardown.py
[2024-06-09T12:04:59.242-0300] {processor.py:840} INFO - DAG(s) 'example_setup_teardown' retrieved from /home/pedro/.local/lib/python3.10/site-packages/airflow/example_dags/example_setup_teardown.py
[2024-06-09T12:04:59.250-0300] {logging_mixin.py:188} INFO - [2024-06-09T12:04:59.250-0300] {dag.py:3096} INFO - Sync 1 DAGs
[2024-06-09T12:04:59.261-0300] {logging_mixin.py:188} INFO - [2024-06-09T12:04:59.261-0300] {dag.py:3954} INFO - Setting next_dagrun for example_setup_teardown to 2024-06-08 00:00:00+00:00, run_after=2024-06-09 00:00:00+00:00
[2024-06-09T12:04:59.278-0300] {processor.py:183} INFO - Processing /home/pedro/.local/lib/python3.10/site-packages/airflow/example_dags/example_setup_teardown.py took 0.058 seconds
[2024-06-09T12:05:42.789-0300] {processor.py:161} INFO - Started process (PID=11657) to work on /home/pedro/.local/lib/python3.10/site-packages/airflow/example_dags/example_setup_teardown.py
[2024-06-09T12:05:42.792-0300] {processor.py:830} INFO - Processing file /home/pedro/.local/lib/python3.10/site-packages/airflow/example_dags/example_setup_teardown.py for tasks to queue
[2024-06-09T12:05:42.794-0300] {logging_mixin.py:188} INFO - [2024-06-09T12:05:42.793-0300] {dagbag.py:545} INFO - Filling up the DagBag from /home/pedro/.local/lib/python3.10/site-packages/airflow/example_dags/example_setup_teardown.py
[2024-06-09T12:05:42.799-0300] {processor.py:840} INFO - DAG(s) 'example_setup_teardown' retrieved from /home/pedro/.local/lib/python3.10/site-packages/airflow/example_dags/example_setup_teardown.py
[2024-06-09T12:05:42.808-0300] {logging_mixin.py:188} INFO - [2024-06-09T12:05:42.808-0300] {dag.py:3096} INFO - Sync 1 DAGs
[2024-06-09T12:05:42.820-0300] {logging_mixin.py:188} INFO - [2024-06-09T12:05:42.820-0300] {dag.py:3954} INFO - Setting next_dagrun for example_setup_teardown to 2024-06-08 00:00:00+00:00, run_after=2024-06-09 00:00:00+00:00
[2024-06-09T12:05:42.835-0300] {processor.py:183} INFO - Processing /home/pedro/.local/lib/python3.10/site-packages/airflow/example_dags/example_setup_teardown.py took 0.056 seconds
[2024-06-09T12:06:44.929-0300] {processor.py:161} INFO - Started process (PID=12446) to work on /home/pedro/.local/lib/python3.10/site-packages/airflow/example_dags/example_setup_teardown.py
[2024-06-09T12:06:44.932-0300] {processor.py:830} INFO - Processing file /home/pedro/.local/lib/python3.10/site-packages/airflow/example_dags/example_setup_teardown.py for tasks to queue
[2024-06-09T12:06:44.934-0300] {logging_mixin.py:188} INFO - [2024-06-09T12:06:44.934-0300] {dagbag.py:545} INFO - Filling up the DagBag from /home/pedro/.local/lib/python3.10/site-packages/airflow/example_dags/example_setup_teardown.py
[2024-06-09T12:06:44.943-0300] {processor.py:840} INFO - DAG(s) 'example_setup_teardown' retrieved from /home/pedro/.local/lib/python3.10/site-packages/airflow/example_dags/example_setup_teardown.py
[2024-06-09T12:06:44.955-0300] {logging_mixin.py:188} INFO - [2024-06-09T12:06:44.955-0300] {dag.py:3096} INFO - Sync 1 DAGs
[2024-06-09T12:06:44.966-0300] {logging_mixin.py:188} INFO - [2024-06-09T12:06:44.966-0300] {dag.py:3954} INFO - Setting next_dagrun for example_setup_teardown to 2024-06-08 00:00:00+00:00, run_after=2024-06-09 00:00:00+00:00
[2024-06-09T12:06:44.983-0300] {processor.py:183} INFO - Processing /home/pedro/.local/lib/python3.10/site-packages/airflow/example_dags/example_setup_teardown.py took 0.062 seconds
[2024-06-09T12:07:41.544-0300] {processor.py:161} INFO - Started process (PID=12542) to work on /home/pedro/.local/lib/python3.10/site-packages/airflow/example_dags/example_setup_teardown.py
[2024-06-09T12:07:41.545-0300] {processor.py:830} INFO - Processing file /home/pedro/.local/lib/python3.10/site-packages/airflow/example_dags/example_setup_teardown.py for tasks to queue
[2024-06-09T12:07:41.546-0300] {logging_mixin.py:188} INFO - [2024-06-09T12:07:41.546-0300] {dagbag.py:545} INFO - Filling up the DagBag from /home/pedro/.local/lib/python3.10/site-packages/airflow/example_dags/example_setup_teardown.py
[2024-06-09T12:07:41.552-0300] {processor.py:840} INFO - DAG(s) 'example_setup_teardown' retrieved from /home/pedro/.local/lib/python3.10/site-packages/airflow/example_dags/example_setup_teardown.py
[2024-06-09T12:07:41.623-0300] {logging_mixin.py:188} INFO - [2024-06-09T12:07:41.623-0300] {dag.py:3096} INFO - Sync 1 DAGs
[2024-06-09T12:07:41.631-0300] {logging_mixin.py:188} INFO - [2024-06-09T12:07:41.631-0300] {dag.py:3954} INFO - Setting next_dagrun for example_setup_teardown to 2024-06-08 00:00:00+00:00, run_after=2024-06-09 00:00:00+00:00
[2024-06-09T12:07:41.646-0300] {processor.py:183} INFO - Processing /home/pedro/.local/lib/python3.10/site-packages/airflow/example_dags/example_setup_teardown.py took 0.105 seconds
[2024-06-09T12:08:32.670-0300] {processor.py:161} INFO - Started process (PID=12640) to work on /home/pedro/.local/lib/python3.10/site-packages/airflow/example_dags/example_setup_teardown.py
[2024-06-09T12:08:32.673-0300] {processor.py:830} INFO - Processing file /home/pedro/.local/lib/python3.10/site-packages/airflow/example_dags/example_setup_teardown.py for tasks to queue
[2024-06-09T12:08:32.675-0300] {logging_mixin.py:188} INFO - [2024-06-09T12:08:32.674-0300] {dagbag.py:545} INFO - Filling up the DagBag from /home/pedro/.local/lib/python3.10/site-packages/airflow/example_dags/example_setup_teardown.py
[2024-06-09T12:08:32.681-0300] {processor.py:840} INFO - DAG(s) 'example_setup_teardown' retrieved from /home/pedro/.local/lib/python3.10/site-packages/airflow/example_dags/example_setup_teardown.py
[2024-06-09T12:08:32.691-0300] {logging_mixin.py:188} INFO - [2024-06-09T12:08:32.691-0300] {dag.py:3096} INFO - Sync 1 DAGs
[2024-06-09T12:08:32.701-0300] {logging_mixin.py:188} INFO - [2024-06-09T12:08:32.701-0300] {dag.py:3954} INFO - Setting next_dagrun for example_setup_teardown to 2024-06-08 00:00:00+00:00, run_after=2024-06-09 00:00:00+00:00
[2024-06-09T12:08:32.717-0300] {processor.py:183} INFO - Processing /home/pedro/.local/lib/python3.10/site-packages/airflow/example_dags/example_setup_teardown.py took 0.052 seconds
[2024-06-09T12:09:22.105-0300] {processor.py:161} INFO - Started process (PID=12726) to work on /home/pedro/.local/lib/python3.10/site-packages/airflow/example_dags/example_setup_teardown.py
[2024-06-09T12:09:22.108-0300] {processor.py:830} INFO - Processing file /home/pedro/.local/lib/python3.10/site-packages/airflow/example_dags/example_setup_teardown.py for tasks to queue
[2024-06-09T12:09:22.110-0300] {logging_mixin.py:188} INFO - [2024-06-09T12:09:22.109-0300] {dagbag.py:545} INFO - Filling up the DagBag from /home/pedro/.local/lib/python3.10/site-packages/airflow/example_dags/example_setup_teardown.py
[2024-06-09T12:09:22.117-0300] {processor.py:840} INFO - DAG(s) 'example_setup_teardown' retrieved from /home/pedro/.local/lib/python3.10/site-packages/airflow/example_dags/example_setup_teardown.py
[2024-06-09T12:09:22.126-0300] {logging_mixin.py:188} INFO - [2024-06-09T12:09:22.126-0300] {dag.py:3096} INFO - Sync 1 DAGs
[2024-06-09T12:09:22.138-0300] {logging_mixin.py:188} INFO - [2024-06-09T12:09:22.138-0300] {dag.py:3954} INFO - Setting next_dagrun for example_setup_teardown to 2024-06-08 00:00:00+00:00, run_after=2024-06-09 00:00:00+00:00
[2024-06-09T12:09:22.155-0300] {processor.py:183} INFO - Processing /home/pedro/.local/lib/python3.10/site-packages/airflow/example_dags/example_setup_teardown.py took 0.054 seconds
[2024-06-09T12:10:04.364-0300] {processor.py:161} INFO - Started process (PID=12818) to work on /home/pedro/.local/lib/python3.10/site-packages/airflow/example_dags/example_setup_teardown.py
[2024-06-09T12:10:04.367-0300] {processor.py:830} INFO - Processing file /home/pedro/.local/lib/python3.10/site-packages/airflow/example_dags/example_setup_teardown.py for tasks to queue
[2024-06-09T12:10:04.369-0300] {logging_mixin.py:188} INFO - [2024-06-09T12:10:04.369-0300] {dagbag.py:545} INFO - Filling up the DagBag from /home/pedro/.local/lib/python3.10/site-packages/airflow/example_dags/example_setup_teardown.py
[2024-06-09T12:10:04.375-0300] {processor.py:840} INFO - DAG(s) 'example_setup_teardown' retrieved from /home/pedro/.local/lib/python3.10/site-packages/airflow/example_dags/example_setup_teardown.py
[2024-06-09T12:10:04.384-0300] {logging_mixin.py:188} INFO - [2024-06-09T12:10:04.383-0300] {dag.py:3096} INFO - Sync 1 DAGs
[2024-06-09T12:10:04.394-0300] {logging_mixin.py:188} INFO - [2024-06-09T12:10:04.394-0300] {dag.py:3954} INFO - Setting next_dagrun for example_setup_teardown to 2024-06-08 00:00:00+00:00, run_after=2024-06-09 00:00:00+00:00
[2024-06-09T12:10:04.412-0300] {processor.py:183} INFO - Processing /home/pedro/.local/lib/python3.10/site-packages/airflow/example_dags/example_setup_teardown.py took 0.058 seconds
[2024-06-09T12:10:46.970-0300] {processor.py:161} INFO - Started process (PID=12894) to work on /home/pedro/.local/lib/python3.10/site-packages/airflow/example_dags/example_setup_teardown.py
[2024-06-09T12:10:46.974-0300] {processor.py:830} INFO - Processing file /home/pedro/.local/lib/python3.10/site-packages/airflow/example_dags/example_setup_teardown.py for tasks to queue
[2024-06-09T12:10:46.976-0300] {logging_mixin.py:188} INFO - [2024-06-09T12:10:46.976-0300] {dagbag.py:545} INFO - Filling up the DagBag from /home/pedro/.local/lib/python3.10/site-packages/airflow/example_dags/example_setup_teardown.py
[2024-06-09T12:10:46.983-0300] {processor.py:840} INFO - DAG(s) 'example_setup_teardown' retrieved from /home/pedro/.local/lib/python3.10/site-packages/airflow/example_dags/example_setup_teardown.py
[2024-06-09T12:10:46.992-0300] {logging_mixin.py:188} INFO - [2024-06-09T12:10:46.992-0300] {dag.py:3096} INFO - Sync 1 DAGs
[2024-06-09T12:10:47.003-0300] {logging_mixin.py:188} INFO - [2024-06-09T12:10:47.003-0300] {dag.py:3954} INFO - Setting next_dagrun for example_setup_teardown to 2024-06-08 00:00:00+00:00, run_after=2024-06-09 00:00:00+00:00
[2024-06-09T12:10:47.021-0300] {processor.py:183} INFO - Processing /home/pedro/.local/lib/python3.10/site-packages/airflow/example_dags/example_setup_teardown.py took 0.060 seconds
[2024-06-09T12:12:00.769-0300] {processor.py:161} INFO - Started process (PID=13008) to work on /home/pedro/.local/lib/python3.10/site-packages/airflow/example_dags/example_setup_teardown.py
[2024-06-09T12:12:00.773-0300] {processor.py:830} INFO - Processing file /home/pedro/.local/lib/python3.10/site-packages/airflow/example_dags/example_setup_teardown.py for tasks to queue
[2024-06-09T12:12:00.774-0300] {logging_mixin.py:188} INFO - [2024-06-09T12:12:00.774-0300] {dagbag.py:545} INFO - Filling up the DagBag from /home/pedro/.local/lib/python3.10/site-packages/airflow/example_dags/example_setup_teardown.py
[2024-06-09T12:12:00.784-0300] {processor.py:840} INFO - DAG(s) 'example_setup_teardown' retrieved from /home/pedro/.local/lib/python3.10/site-packages/airflow/example_dags/example_setup_teardown.py
[2024-06-09T12:12:00.797-0300] {logging_mixin.py:188} INFO - [2024-06-09T12:12:00.796-0300] {dag.py:3096} INFO - Sync 1 DAGs
[2024-06-09T12:12:00.808-0300] {logging_mixin.py:188} INFO - [2024-06-09T12:12:00.807-0300] {dag.py:3954} INFO - Setting next_dagrun for example_setup_teardown to 2024-06-08 00:00:00+00:00, run_after=2024-06-09 00:00:00+00:00
[2024-06-09T12:12:00.826-0300] {processor.py:183} INFO - Processing /home/pedro/.local/lib/python3.10/site-packages/airflow/example_dags/example_setup_teardown.py took 0.066 seconds
[2024-06-09T12:12:54.268-0300] {processor.py:161} INFO - Started process (PID=13104) to work on /home/pedro/.local/lib/python3.10/site-packages/airflow/example_dags/example_setup_teardown.py
[2024-06-09T12:12:54.269-0300] {processor.py:830} INFO - Processing file /home/pedro/.local/lib/python3.10/site-packages/airflow/example_dags/example_setup_teardown.py for tasks to queue
[2024-06-09T12:12:54.272-0300] {logging_mixin.py:188} INFO - [2024-06-09T12:12:54.271-0300] {dagbag.py:545} INFO - Filling up the DagBag from /home/pedro/.local/lib/python3.10/site-packages/airflow/example_dags/example_setup_teardown.py
[2024-06-09T12:12:54.277-0300] {processor.py:840} INFO - DAG(s) 'example_setup_teardown' retrieved from /home/pedro/.local/lib/python3.10/site-packages/airflow/example_dags/example_setup_teardown.py
[2024-06-09T12:12:54.352-0300] {logging_mixin.py:188} INFO - [2024-06-09T12:12:54.352-0300] {dag.py:3096} INFO - Sync 1 DAGs
[2024-06-09T12:12:54.362-0300] {logging_mixin.py:188} INFO - [2024-06-09T12:12:54.362-0300] {dag.py:3954} INFO - Setting next_dagrun for example_setup_teardown to 2024-06-08 00:00:00+00:00, run_after=2024-06-09 00:00:00+00:00
[2024-06-09T12:12:54.377-0300] {processor.py:183} INFO - Processing /home/pedro/.local/lib/python3.10/site-packages/airflow/example_dags/example_setup_teardown.py took 0.114 seconds
[2024-06-09T12:13:45.853-0300] {processor.py:161} INFO - Started process (PID=13175) to work on /home/pedro/.local/lib/python3.10/site-packages/airflow/example_dags/example_setup_teardown.py
[2024-06-09T12:13:45.856-0300] {processor.py:830} INFO - Processing file /home/pedro/.local/lib/python3.10/site-packages/airflow/example_dags/example_setup_teardown.py for tasks to queue
[2024-06-09T12:13:45.857-0300] {logging_mixin.py:188} INFO - [2024-06-09T12:13:45.857-0300] {dagbag.py:545} INFO - Filling up the DagBag from /home/pedro/.local/lib/python3.10/site-packages/airflow/example_dags/example_setup_teardown.py
[2024-06-09T12:13:45.863-0300] {processor.py:840} INFO - DAG(s) 'example_setup_teardown' retrieved from /home/pedro/.local/lib/python3.10/site-packages/airflow/example_dags/example_setup_teardown.py
[2024-06-09T12:13:45.872-0300] {logging_mixin.py:188} INFO - [2024-06-09T12:13:45.872-0300] {dag.py:3096} INFO - Sync 1 DAGs
[2024-06-09T12:13:45.884-0300] {logging_mixin.py:188} INFO - [2024-06-09T12:13:45.884-0300] {dag.py:3954} INFO - Setting next_dagrun for example_setup_teardown to 2024-06-08 00:00:00+00:00, run_after=2024-06-09 00:00:00+00:00
[2024-06-09T12:13:45.902-0300] {processor.py:183} INFO - Processing /home/pedro/.local/lib/python3.10/site-packages/airflow/example_dags/example_setup_teardown.py took 0.053 seconds
[2024-06-09T12:14:31.087-0300] {processor.py:161} INFO - Started process (PID=13237) to work on /home/pedro/.local/lib/python3.10/site-packages/airflow/example_dags/example_setup_teardown.py
[2024-06-09T12:14:31.088-0300] {processor.py:830} INFO - Processing file /home/pedro/.local/lib/python3.10/site-packages/airflow/example_dags/example_setup_teardown.py for tasks to queue
[2024-06-09T12:14:31.090-0300] {logging_mixin.py:188} INFO - [2024-06-09T12:14:31.090-0300] {dagbag.py:545} INFO - Filling up the DagBag from /home/pedro/.local/lib/python3.10/site-packages/airflow/example_dags/example_setup_teardown.py
[2024-06-09T12:14:31.096-0300] {processor.py:840} INFO - DAG(s) 'example_setup_teardown' retrieved from /home/pedro/.local/lib/python3.10/site-packages/airflow/example_dags/example_setup_teardown.py
[2024-06-09T12:14:31.105-0300] {logging_mixin.py:188} INFO - [2024-06-09T12:14:31.105-0300] {dag.py:3096} INFO - Sync 1 DAGs
[2024-06-09T12:14:31.116-0300] {logging_mixin.py:188} INFO - [2024-06-09T12:14:31.116-0300] {dag.py:3954} INFO - Setting next_dagrun for example_setup_teardown to 2024-06-08 00:00:00+00:00, run_after=2024-06-09 00:00:00+00:00
[2024-06-09T12:14:31.131-0300] {processor.py:183} INFO - Processing /home/pedro/.local/lib/python3.10/site-packages/airflow/example_dags/example_setup_teardown.py took 0.053 seconds
[2024-06-09T12:15:13.907-0300] {processor.py:161} INFO - Started process (PID=13340) to work on /home/pedro/.local/lib/python3.10/site-packages/airflow/example_dags/example_setup_teardown.py
[2024-06-09T12:15:13.907-0300] {processor.py:830} INFO - Processing file /home/pedro/.local/lib/python3.10/site-packages/airflow/example_dags/example_setup_teardown.py for tasks to queue
[2024-06-09T12:15:13.908-0300] {logging_mixin.py:188} INFO - [2024-06-09T12:15:13.908-0300] {dagbag.py:545} INFO - Filling up the DagBag from /home/pedro/.local/lib/python3.10/site-packages/airflow/example_dags/example_setup_teardown.py
[2024-06-09T12:15:13.916-0300] {processor.py:840} INFO - DAG(s) 'example_setup_teardown' retrieved from /home/pedro/.local/lib/python3.10/site-packages/airflow/example_dags/example_setup_teardown.py
[2024-06-09T12:15:13.931-0300] {logging_mixin.py:188} INFO - [2024-06-09T12:15:13.930-0300] {dag.py:3096} INFO - Sync 1 DAGs
[2024-06-09T12:15:13.942-0300] {logging_mixin.py:188} INFO - [2024-06-09T12:15:13.942-0300] {dag.py:3954} INFO - Setting next_dagrun for example_setup_teardown to 2024-06-08 00:00:00+00:00, run_after=2024-06-09 00:00:00+00:00
[2024-06-09T12:15:13.957-0300] {processor.py:183} INFO - Processing /home/pedro/.local/lib/python3.10/site-packages/airflow/example_dags/example_setup_teardown.py took 0.053 seconds
[2024-06-09T12:20:01.821-0300] {processor.py:161} INFO - Started process (PID=13596) to work on /home/pedro/.local/lib/python3.10/site-packages/airflow/example_dags/example_setup_teardown.py
[2024-06-09T12:20:01.824-0300] {processor.py:830} INFO - Processing file /home/pedro/.local/lib/python3.10/site-packages/airflow/example_dags/example_setup_teardown.py for tasks to queue
[2024-06-09T12:20:01.826-0300] {logging_mixin.py:188} INFO - [2024-06-09T12:20:01.826-0300] {dagbag.py:545} INFO - Filling up the DagBag from /home/pedro/.local/lib/python3.10/site-packages/airflow/example_dags/example_setup_teardown.py
[2024-06-09T12:20:01.836-0300] {processor.py:840} INFO - DAG(s) 'example_setup_teardown' retrieved from /home/pedro/.local/lib/python3.10/site-packages/airflow/example_dags/example_setup_teardown.py
[2024-06-09T12:20:01.847-0300] {logging_mixin.py:188} INFO - [2024-06-09T12:20:01.847-0300] {dag.py:3096} INFO - Sync 1 DAGs
[2024-06-09T12:20:01.857-0300] {logging_mixin.py:188} INFO - [2024-06-09T12:20:01.856-0300] {dag.py:3954} INFO - Setting next_dagrun for example_setup_teardown to 2024-06-08 00:00:00+00:00, run_after=2024-06-09 00:00:00+00:00
[2024-06-09T12:20:01.872-0300] {processor.py:183} INFO - Processing /home/pedro/.local/lib/python3.10/site-packages/airflow/example_dags/example_setup_teardown.py took 0.057 seconds
[2024-06-09T12:20:53.945-0300] {processor.py:161} INFO - Started process (PID=13704) to work on /home/pedro/.local/lib/python3.10/site-packages/airflow/example_dags/example_setup_teardown.py
[2024-06-09T12:20:53.949-0300] {processor.py:830} INFO - Processing file /home/pedro/.local/lib/python3.10/site-packages/airflow/example_dags/example_setup_teardown.py for tasks to queue
[2024-06-09T12:20:53.950-0300] {logging_mixin.py:188} INFO - [2024-06-09T12:20:53.950-0300] {dagbag.py:545} INFO - Filling up the DagBag from /home/pedro/.local/lib/python3.10/site-packages/airflow/example_dags/example_setup_teardown.py
[2024-06-09T12:20:53.957-0300] {processor.py:840} INFO - DAG(s) 'example_setup_teardown' retrieved from /home/pedro/.local/lib/python3.10/site-packages/airflow/example_dags/example_setup_teardown.py
[2024-06-09T12:20:54.023-0300] {logging_mixin.py:188} INFO - [2024-06-09T12:20:54.023-0300] {dag.py:3096} INFO - Sync 1 DAGs
[2024-06-09T12:20:54.033-0300] {logging_mixin.py:188} INFO - [2024-06-09T12:20:54.033-0300] {dag.py:3954} INFO - Setting next_dagrun for example_setup_teardown to 2024-06-08 00:00:00+00:00, run_after=2024-06-09 00:00:00+00:00
[2024-06-09T12:20:54.051-0300] {processor.py:183} INFO - Processing /home/pedro/.local/lib/python3.10/site-packages/airflow/example_dags/example_setup_teardown.py took 0.109 seconds
[2024-06-09T12:21:42.983-0300] {processor.py:161} INFO - Started process (PID=13821) to work on /home/pedro/.local/lib/python3.10/site-packages/airflow/example_dags/example_setup_teardown.py
[2024-06-09T12:21:42.987-0300] {processor.py:830} INFO - Processing file /home/pedro/.local/lib/python3.10/site-packages/airflow/example_dags/example_setup_teardown.py for tasks to queue
[2024-06-09T12:21:42.989-0300] {logging_mixin.py:188} INFO - [2024-06-09T12:21:42.988-0300] {dagbag.py:545} INFO - Filling up the DagBag from /home/pedro/.local/lib/python3.10/site-packages/airflow/example_dags/example_setup_teardown.py
[2024-06-09T12:21:42.997-0300] {processor.py:840} INFO - DAG(s) 'example_setup_teardown' retrieved from /home/pedro/.local/lib/python3.10/site-packages/airflow/example_dags/example_setup_teardown.py
[2024-06-09T12:21:43.006-0300] {logging_mixin.py:188} INFO - [2024-06-09T12:21:43.005-0300] {dag.py:3096} INFO - Sync 1 DAGs
[2024-06-09T12:21:43.015-0300] {logging_mixin.py:188} INFO - [2024-06-09T12:21:43.015-0300] {dag.py:3954} INFO - Setting next_dagrun for example_setup_teardown to 2024-06-08 00:00:00+00:00, run_after=2024-06-09 00:00:00+00:00
[2024-06-09T12:21:43.030-0300] {processor.py:183} INFO - Processing /home/pedro/.local/lib/python3.10/site-packages/airflow/example_dags/example_setup_teardown.py took 0.052 seconds
[2024-06-09T12:22:27.495-0300] {processor.py:161} INFO - Started process (PID=13896) to work on /home/pedro/.local/lib/python3.10/site-packages/airflow/example_dags/example_setup_teardown.py
[2024-06-09T12:22:27.496-0300] {processor.py:830} INFO - Processing file /home/pedro/.local/lib/python3.10/site-packages/airflow/example_dags/example_setup_teardown.py for tasks to queue
[2024-06-09T12:22:27.497-0300] {logging_mixin.py:188} INFO - [2024-06-09T12:22:27.497-0300] {dagbag.py:545} INFO - Filling up the DagBag from /home/pedro/.local/lib/python3.10/site-packages/airflow/example_dags/example_setup_teardown.py
[2024-06-09T12:22:27.503-0300] {processor.py:840} INFO - DAG(s) 'example_setup_teardown' retrieved from /home/pedro/.local/lib/python3.10/site-packages/airflow/example_dags/example_setup_teardown.py
[2024-06-09T12:22:27.512-0300] {logging_mixin.py:188} INFO - [2024-06-09T12:22:27.512-0300] {dag.py:3096} INFO - Sync 1 DAGs
[2024-06-09T12:22:27.521-0300] {logging_mixin.py:188} INFO - [2024-06-09T12:22:27.521-0300] {dag.py:3954} INFO - Setting next_dagrun for example_setup_teardown to 2024-06-08 00:00:00+00:00, run_after=2024-06-09 00:00:00+00:00
[2024-06-09T12:22:27.536-0300] {processor.py:183} INFO - Processing /home/pedro/.local/lib/python3.10/site-packages/airflow/example_dags/example_setup_teardown.py took 0.046 seconds
[2024-06-09T12:23:09.944-0300] {processor.py:161} INFO - Started process (PID=13997) to work on /home/pedro/.local/lib/python3.10/site-packages/airflow/example_dags/example_setup_teardown.py
[2024-06-09T12:23:09.948-0300] {processor.py:830} INFO - Processing file /home/pedro/.local/lib/python3.10/site-packages/airflow/example_dags/example_setup_teardown.py for tasks to queue
[2024-06-09T12:23:09.950-0300] {logging_mixin.py:188} INFO - [2024-06-09T12:23:09.949-0300] {dagbag.py:545} INFO - Filling up the DagBag from /home/pedro/.local/lib/python3.10/site-packages/airflow/example_dags/example_setup_teardown.py
[2024-06-09T12:23:09.957-0300] {processor.py:840} INFO - DAG(s) 'example_setup_teardown' retrieved from /home/pedro/.local/lib/python3.10/site-packages/airflow/example_dags/example_setup_teardown.py
[2024-06-09T12:23:09.965-0300] {logging_mixin.py:188} INFO - [2024-06-09T12:23:09.965-0300] {dag.py:3096} INFO - Sync 1 DAGs
[2024-06-09T12:23:09.975-0300] {logging_mixin.py:188} INFO - [2024-06-09T12:23:09.974-0300] {dag.py:3954} INFO - Setting next_dagrun for example_setup_teardown to 2024-06-08 00:00:00+00:00, run_after=2024-06-09 00:00:00+00:00
[2024-06-09T12:23:09.990-0300] {processor.py:183} INFO - Processing /home/pedro/.local/lib/python3.10/site-packages/airflow/example_dags/example_setup_teardown.py took 0.056 seconds
[2024-06-09T16:26:18.554-0300] {processor.py:161} INFO - Started process (PID=4820) to work on /home/pedro/.local/lib/python3.10/site-packages/airflow/example_dags/example_setup_teardown.py
[2024-06-09T16:26:18.556-0300] {processor.py:830} INFO - Processing file /home/pedro/.local/lib/python3.10/site-packages/airflow/example_dags/example_setup_teardown.py for tasks to queue
[2024-06-09T16:26:18.558-0300] {logging_mixin.py:188} INFO - [2024-06-09T16:26:18.557-0300] {dagbag.py:545} INFO - Filling up the DagBag from /home/pedro/.local/lib/python3.10/site-packages/airflow/example_dags/example_setup_teardown.py
[2024-06-09T16:26:18.565-0300] {processor.py:840} INFO - DAG(s) 'example_setup_teardown' retrieved from /home/pedro/.local/lib/python3.10/site-packages/airflow/example_dags/example_setup_teardown.py
[2024-06-09T16:26:18.578-0300] {logging_mixin.py:188} INFO - [2024-06-09T16:26:18.577-0300] {dag.py:3096} INFO - Sync 1 DAGs
[2024-06-09T16:26:18.589-0300] {logging_mixin.py:188} INFO - [2024-06-09T16:26:18.589-0300] {dag.py:3954} INFO - Setting next_dagrun for example_setup_teardown to 2024-06-08 00:00:00+00:00, run_after=2024-06-09 00:00:00+00:00
[2024-06-09T16:26:18.608-0300] {processor.py:183} INFO - Processing /home/pedro/.local/lib/python3.10/site-packages/airflow/example_dags/example_setup_teardown.py took 0.062 seconds
[2024-06-09T16:28:41.046-0300] {processor.py:161} INFO - Started process (PID=5610) to work on /home/pedro/.local/lib/python3.10/site-packages/airflow/example_dags/example_setup_teardown.py
[2024-06-09T16:28:41.049-0300] {processor.py:830} INFO - Processing file /home/pedro/.local/lib/python3.10/site-packages/airflow/example_dags/example_setup_teardown.py for tasks to queue
[2024-06-09T16:28:41.050-0300] {logging_mixin.py:188} INFO - [2024-06-09T16:28:41.050-0300] {dagbag.py:545} INFO - Filling up the DagBag from /home/pedro/.local/lib/python3.10/site-packages/airflow/example_dags/example_setup_teardown.py
[2024-06-09T16:28:41.054-0300] {processor.py:840} INFO - DAG(s) 'example_setup_teardown' retrieved from /home/pedro/.local/lib/python3.10/site-packages/airflow/example_dags/example_setup_teardown.py
[2024-06-09T16:28:41.062-0300] {logging_mixin.py:188} INFO - [2024-06-09T16:28:41.062-0300] {dag.py:3096} INFO - Sync 1 DAGs
[2024-06-09T16:28:41.129-0300] {logging_mixin.py:188} INFO - [2024-06-09T16:28:41.129-0300] {dag.py:3954} INFO - Setting next_dagrun for example_setup_teardown to 2024-06-08 00:00:00+00:00, run_after=2024-06-09 00:00:00+00:00
[2024-06-09T16:28:41.147-0300] {processor.py:183} INFO - Processing /home/pedro/.local/lib/python3.10/site-packages/airflow/example_dags/example_setup_teardown.py took 0.104 seconds
[2024-06-09T16:30:52.682-0300] {processor.py:161} INFO - Started process (PID=7488) to work on /home/pedro/.local/lib/python3.10/site-packages/airflow/example_dags/example_setup_teardown.py
[2024-06-09T16:30:52.684-0300] {processor.py:830} INFO - Processing file /home/pedro/.local/lib/python3.10/site-packages/airflow/example_dags/example_setup_teardown.py for tasks to queue
[2024-06-09T16:30:52.685-0300] {logging_mixin.py:188} INFO - [2024-06-09T16:30:52.685-0300] {dagbag.py:545} INFO - Filling up the DagBag from /home/pedro/.local/lib/python3.10/site-packages/airflow/example_dags/example_setup_teardown.py
[2024-06-09T16:30:52.691-0300] {processor.py:840} INFO - DAG(s) 'example_setup_teardown' retrieved from /home/pedro/.local/lib/python3.10/site-packages/airflow/example_dags/example_setup_teardown.py
[2024-06-09T16:30:52.700-0300] {logging_mixin.py:188} INFO - [2024-06-09T16:30:52.699-0300] {dag.py:3096} INFO - Sync 1 DAGs
[2024-06-09T16:30:52.710-0300] {logging_mixin.py:188} INFO - [2024-06-09T16:30:52.710-0300] {dag.py:3954} INFO - Setting next_dagrun for example_setup_teardown to 2024-06-08 00:00:00+00:00, run_after=2024-06-09 00:00:00+00:00
[2024-06-09T16:30:52.723-0300] {processor.py:183} INFO - Processing /home/pedro/.local/lib/python3.10/site-packages/airflow/example_dags/example_setup_teardown.py took 0.048 seconds
[2024-06-09T16:33:03.181-0300] {processor.py:161} INFO - Started process (PID=8235) to work on /home/pedro/.local/lib/python3.10/site-packages/airflow/example_dags/example_setup_teardown.py
[2024-06-09T16:33:03.182-0300] {processor.py:830} INFO - Processing file /home/pedro/.local/lib/python3.10/site-packages/airflow/example_dags/example_setup_teardown.py for tasks to queue
[2024-06-09T16:33:03.183-0300] {logging_mixin.py:188} INFO - [2024-06-09T16:33:03.182-0300] {dagbag.py:545} INFO - Filling up the DagBag from /home/pedro/.local/lib/python3.10/site-packages/airflow/example_dags/example_setup_teardown.py
[2024-06-09T16:33:03.188-0300] {processor.py:840} INFO - DAG(s) 'example_setup_teardown' retrieved from /home/pedro/.local/lib/python3.10/site-packages/airflow/example_dags/example_setup_teardown.py
[2024-06-09T16:33:03.196-0300] {logging_mixin.py:188} INFO - [2024-06-09T16:33:03.196-0300] {dag.py:3096} INFO - Sync 1 DAGs
[2024-06-09T16:33:03.206-0300] {logging_mixin.py:188} INFO - [2024-06-09T16:33:03.206-0300] {dag.py:3954} INFO - Setting next_dagrun for example_setup_teardown to 2024-06-08 00:00:00+00:00, run_after=2024-06-09 00:00:00+00:00
[2024-06-09T16:33:03.219-0300] {processor.py:183} INFO - Processing /home/pedro/.local/lib/python3.10/site-packages/airflow/example_dags/example_setup_teardown.py took 0.042 seconds
[2024-06-09T16:35:03.826-0300] {processor.py:161} INFO - Started process (PID=8915) to work on /home/pedro/.local/lib/python3.10/site-packages/airflow/example_dags/example_setup_teardown.py
[2024-06-09T16:35:03.830-0300] {processor.py:830} INFO - Processing file /home/pedro/.local/lib/python3.10/site-packages/airflow/example_dags/example_setup_teardown.py for tasks to queue
[2024-06-09T16:35:03.831-0300] {logging_mixin.py:188} INFO - [2024-06-09T16:35:03.830-0300] {dagbag.py:545} INFO - Filling up the DagBag from /home/pedro/.local/lib/python3.10/site-packages/airflow/example_dags/example_setup_teardown.py
[2024-06-09T16:35:03.834-0300] {processor.py:840} INFO - DAG(s) 'example_setup_teardown' retrieved from /home/pedro/.local/lib/python3.10/site-packages/airflow/example_dags/example_setup_teardown.py
[2024-06-09T16:35:03.842-0300] {logging_mixin.py:188} INFO - [2024-06-09T16:35:03.842-0300] {dag.py:3096} INFO - Sync 1 DAGs
[2024-06-09T16:35:03.853-0300] {logging_mixin.py:188} INFO - [2024-06-09T16:35:03.852-0300] {dag.py:3954} INFO - Setting next_dagrun for example_setup_teardown to 2024-06-08 00:00:00+00:00, run_after=2024-06-09 00:00:00+00:00
[2024-06-09T16:35:03.869-0300] {processor.py:183} INFO - Processing /home/pedro/.local/lib/python3.10/site-packages/airflow/example_dags/example_setup_teardown.py took 0.046 seconds
[2024-06-09T16:37:03.093-0300] {processor.py:161} INFO - Started process (PID=9622) to work on /home/pedro/.local/lib/python3.10/site-packages/airflow/example_dags/example_setup_teardown.py
[2024-06-09T16:37:03.094-0300] {processor.py:830} INFO - Processing file /home/pedro/.local/lib/python3.10/site-packages/airflow/example_dags/example_setup_teardown.py for tasks to queue
[2024-06-09T16:37:03.096-0300] {logging_mixin.py:188} INFO - [2024-06-09T16:37:03.095-0300] {dagbag.py:545} INFO - Filling up the DagBag from /home/pedro/.local/lib/python3.10/site-packages/airflow/example_dags/example_setup_teardown.py
[2024-06-09T16:37:03.101-0300] {processor.py:840} INFO - DAG(s) 'example_setup_teardown' retrieved from /home/pedro/.local/lib/python3.10/site-packages/airflow/example_dags/example_setup_teardown.py
[2024-06-09T16:37:03.112-0300] {logging_mixin.py:188} INFO - [2024-06-09T16:37:03.111-0300] {dag.py:3096} INFO - Sync 1 DAGs
[2024-06-09T16:37:03.124-0300] {logging_mixin.py:188} INFO - [2024-06-09T16:37:03.124-0300] {dag.py:3954} INFO - Setting next_dagrun for example_setup_teardown to 2024-06-08 00:00:00+00:00, run_after=2024-06-09 00:00:00+00:00
[2024-06-09T16:37:03.141-0300] {processor.py:183} INFO - Processing /home/pedro/.local/lib/python3.10/site-packages/airflow/example_dags/example_setup_teardown.py took 0.053 seconds
[2024-06-09T16:38:58.304-0300] {processor.py:161} INFO - Started process (PID=10351) to work on /home/pedro/.local/lib/python3.10/site-packages/airflow/example_dags/example_setup_teardown.py
[2024-06-09T16:38:58.307-0300] {processor.py:830} INFO - Processing file /home/pedro/.local/lib/python3.10/site-packages/airflow/example_dags/example_setup_teardown.py for tasks to queue
[2024-06-09T16:38:58.308-0300] {logging_mixin.py:188} INFO - [2024-06-09T16:38:58.308-0300] {dagbag.py:545} INFO - Filling up the DagBag from /home/pedro/.local/lib/python3.10/site-packages/airflow/example_dags/example_setup_teardown.py
[2024-06-09T16:38:58.315-0300] {processor.py:840} INFO - DAG(s) 'example_setup_teardown' retrieved from /home/pedro/.local/lib/python3.10/site-packages/airflow/example_dags/example_setup_teardown.py
[2024-06-09T16:38:58.326-0300] {logging_mixin.py:188} INFO - [2024-06-09T16:38:58.325-0300] {dag.py:3096} INFO - Sync 1 DAGs
[2024-06-09T16:38:58.337-0300] {logging_mixin.py:188} INFO - [2024-06-09T16:38:58.337-0300] {dag.py:3954} INFO - Setting next_dagrun for example_setup_teardown to 2024-06-08 00:00:00+00:00, run_after=2024-06-09 00:00:00+00:00
[2024-06-09T16:38:58.355-0300] {processor.py:183} INFO - Processing /home/pedro/.local/lib/python3.10/site-packages/airflow/example_dags/example_setup_teardown.py took 0.054 seconds
[2024-06-09T16:40:55.541-0300] {processor.py:161} INFO - Started process (PID=10998) to work on /home/pedro/.local/lib/python3.10/site-packages/airflow/example_dags/example_setup_teardown.py
[2024-06-09T16:40:55.542-0300] {processor.py:830} INFO - Processing file /home/pedro/.local/lib/python3.10/site-packages/airflow/example_dags/example_setup_teardown.py for tasks to queue
[2024-06-09T16:40:55.543-0300] {logging_mixin.py:188} INFO - [2024-06-09T16:40:55.543-0300] {dagbag.py:545} INFO - Filling up the DagBag from /home/pedro/.local/lib/python3.10/site-packages/airflow/example_dags/example_setup_teardown.py
[2024-06-09T16:40:55.548-0300] {processor.py:840} INFO - DAG(s) 'example_setup_teardown' retrieved from /home/pedro/.local/lib/python3.10/site-packages/airflow/example_dags/example_setup_teardown.py
[2024-06-09T16:40:55.556-0300] {logging_mixin.py:188} INFO - [2024-06-09T16:40:55.556-0300] {dag.py:3096} INFO - Sync 1 DAGs
[2024-06-09T16:40:55.566-0300] {logging_mixin.py:188} INFO - [2024-06-09T16:40:55.566-0300] {dag.py:3954} INFO - Setting next_dagrun for example_setup_teardown to 2024-06-08 00:00:00+00:00, run_after=2024-06-09 00:00:00+00:00
[2024-06-09T16:40:55.580-0300] {processor.py:183} INFO - Processing /home/pedro/.local/lib/python3.10/site-packages/airflow/example_dags/example_setup_teardown.py took 0.043 seconds
[2024-06-09T16:42:53.955-0300] {processor.py:161} INFO - Started process (PID=11738) to work on /home/pedro/.local/lib/python3.10/site-packages/airflow/example_dags/example_setup_teardown.py
[2024-06-09T16:42:53.956-0300] {processor.py:830} INFO - Processing file /home/pedro/.local/lib/python3.10/site-packages/airflow/example_dags/example_setup_teardown.py for tasks to queue
[2024-06-09T16:42:53.957-0300] {logging_mixin.py:188} INFO - [2024-06-09T16:42:53.957-0300] {dagbag.py:545} INFO - Filling up the DagBag from /home/pedro/.local/lib/python3.10/site-packages/airflow/example_dags/example_setup_teardown.py
[2024-06-09T16:42:53.963-0300] {processor.py:840} INFO - DAG(s) 'example_setup_teardown' retrieved from /home/pedro/.local/lib/python3.10/site-packages/airflow/example_dags/example_setup_teardown.py
[2024-06-09T16:42:53.972-0300] {logging_mixin.py:188} INFO - [2024-06-09T16:42:53.972-0300] {dag.py:3096} INFO - Sync 1 DAGs
[2024-06-09T16:42:53.981-0300] {logging_mixin.py:188} INFO - [2024-06-09T16:42:53.981-0300] {dag.py:3954} INFO - Setting next_dagrun for example_setup_teardown to 2024-06-08 00:00:00+00:00, run_after=2024-06-09 00:00:00+00:00
[2024-06-09T16:42:53.995-0300] {processor.py:183} INFO - Processing /home/pedro/.local/lib/python3.10/site-packages/airflow/example_dags/example_setup_teardown.py took 0.044 seconds
[2024-06-09T16:44:58.378-0300] {processor.py:161} INFO - Started process (PID=12423) to work on /home/pedro/.local/lib/python3.10/site-packages/airflow/example_dags/example_setup_teardown.py
[2024-06-09T16:44:58.382-0300] {processor.py:830} INFO - Processing file /home/pedro/.local/lib/python3.10/site-packages/airflow/example_dags/example_setup_teardown.py for tasks to queue
[2024-06-09T16:44:58.383-0300] {logging_mixin.py:188} INFO - [2024-06-09T16:44:58.383-0300] {dagbag.py:545} INFO - Filling up the DagBag from /home/pedro/.local/lib/python3.10/site-packages/airflow/example_dags/example_setup_teardown.py
[2024-06-09T16:44:58.391-0300] {processor.py:840} INFO - DAG(s) 'example_setup_teardown' retrieved from /home/pedro/.local/lib/python3.10/site-packages/airflow/example_dags/example_setup_teardown.py
[2024-06-09T16:44:58.405-0300] {logging_mixin.py:188} INFO - [2024-06-09T16:44:58.404-0300] {dag.py:3096} INFO - Sync 1 DAGs
[2024-06-09T16:44:58.424-0300] {logging_mixin.py:188} INFO - [2024-06-09T16:44:58.424-0300] {dag.py:3954} INFO - Setting next_dagrun for example_setup_teardown to 2024-06-08 00:00:00+00:00, run_after=2024-06-09 00:00:00+00:00
[2024-06-09T16:44:58.444-0300] {processor.py:183} INFO - Processing /home/pedro/.local/lib/python3.10/site-packages/airflow/example_dags/example_setup_teardown.py took 0.071 seconds
[2024-06-09T16:47:07.025-0300] {processor.py:161} INFO - Started process (PID=13165) to work on /home/pedro/.local/lib/python3.10/site-packages/airflow/example_dags/example_setup_teardown.py
[2024-06-09T16:47:07.026-0300] {processor.py:830} INFO - Processing file /home/pedro/.local/lib/python3.10/site-packages/airflow/example_dags/example_setup_teardown.py for tasks to queue
[2024-06-09T16:47:07.027-0300] {logging_mixin.py:188} INFO - [2024-06-09T16:47:07.027-0300] {dagbag.py:545} INFO - Filling up the DagBag from /home/pedro/.local/lib/python3.10/site-packages/airflow/example_dags/example_setup_teardown.py
[2024-06-09T16:47:07.034-0300] {processor.py:840} INFO - DAG(s) 'example_setup_teardown' retrieved from /home/pedro/.local/lib/python3.10/site-packages/airflow/example_dags/example_setup_teardown.py
[2024-06-09T16:47:07.043-0300] {logging_mixin.py:188} INFO - [2024-06-09T16:47:07.043-0300] {dag.py:3096} INFO - Sync 1 DAGs
[2024-06-09T16:47:07.053-0300] {logging_mixin.py:188} INFO - [2024-06-09T16:47:07.053-0300] {dag.py:3954} INFO - Setting next_dagrun for example_setup_teardown to 2024-06-08 00:00:00+00:00, run_after=2024-06-09 00:00:00+00:00
[2024-06-09T16:47:07.067-0300] {processor.py:183} INFO - Processing /home/pedro/.local/lib/python3.10/site-packages/airflow/example_dags/example_setup_teardown.py took 0.046 seconds
[2024-06-09T16:49:10.982-0300] {processor.py:161} INFO - Started process (PID=13906) to work on /home/pedro/.local/lib/python3.10/site-packages/airflow/example_dags/example_setup_teardown.py
[2024-06-09T16:49:10.983-0300] {processor.py:830} INFO - Processing file /home/pedro/.local/lib/python3.10/site-packages/airflow/example_dags/example_setup_teardown.py for tasks to queue
[2024-06-09T16:49:10.984-0300] {logging_mixin.py:188} INFO - [2024-06-09T16:49:10.984-0300] {dagbag.py:545} INFO - Filling up the DagBag from /home/pedro/.local/lib/python3.10/site-packages/airflow/example_dags/example_setup_teardown.py
[2024-06-09T16:49:10.990-0300] {processor.py:840} INFO - DAG(s) 'example_setup_teardown' retrieved from /home/pedro/.local/lib/python3.10/site-packages/airflow/example_dags/example_setup_teardown.py
[2024-06-09T16:49:10.999-0300] {logging_mixin.py:188} INFO - [2024-06-09T16:49:10.999-0300] {dag.py:3096} INFO - Sync 1 DAGs
[2024-06-09T16:49:11.010-0300] {logging_mixin.py:188} INFO - [2024-06-09T16:49:11.010-0300] {dag.py:3954} INFO - Setting next_dagrun for example_setup_teardown to 2024-06-08 00:00:00+00:00, run_after=2024-06-09 00:00:00+00:00
[2024-06-09T16:49:11.024-0300] {processor.py:183} INFO - Processing /home/pedro/.local/lib/python3.10/site-packages/airflow/example_dags/example_setup_teardown.py took 0.045 seconds
[2024-06-09T16:51:11.326-0300] {processor.py:161} INFO - Started process (PID=14664) to work on /home/pedro/.local/lib/python3.10/site-packages/airflow/example_dags/example_setup_teardown.py
[2024-06-09T16:51:11.327-0300] {processor.py:830} INFO - Processing file /home/pedro/.local/lib/python3.10/site-packages/airflow/example_dags/example_setup_teardown.py for tasks to queue
[2024-06-09T16:51:11.328-0300] {logging_mixin.py:188} INFO - [2024-06-09T16:51:11.328-0300] {dagbag.py:545} INFO - Filling up the DagBag from /home/pedro/.local/lib/python3.10/site-packages/airflow/example_dags/example_setup_teardown.py
[2024-06-09T16:51:11.332-0300] {processor.py:840} INFO - DAG(s) 'example_setup_teardown' retrieved from /home/pedro/.local/lib/python3.10/site-packages/airflow/example_dags/example_setup_teardown.py
[2024-06-09T16:51:11.341-0300] {logging_mixin.py:188} INFO - [2024-06-09T16:51:11.340-0300] {dag.py:3096} INFO - Sync 1 DAGs
[2024-06-09T16:51:11.352-0300] {logging_mixin.py:188} INFO - [2024-06-09T16:51:11.352-0300] {dag.py:3954} INFO - Setting next_dagrun for example_setup_teardown to 2024-06-08 00:00:00+00:00, run_after=2024-06-09 00:00:00+00:00
[2024-06-09T16:51:11.368-0300] {processor.py:183} INFO - Processing /home/pedro/.local/lib/python3.10/site-packages/airflow/example_dags/example_setup_teardown.py took 0.046 seconds
[2024-06-09T16:53:12.829-0300] {processor.py:161} INFO - Started process (PID=15350) to work on /home/pedro/.local/lib/python3.10/site-packages/airflow/example_dags/example_setup_teardown.py
[2024-06-09T16:53:12.830-0300] {processor.py:830} INFO - Processing file /home/pedro/.local/lib/python3.10/site-packages/airflow/example_dags/example_setup_teardown.py for tasks to queue
[2024-06-09T16:53:12.832-0300] {logging_mixin.py:188} INFO - [2024-06-09T16:53:12.831-0300] {dagbag.py:545} INFO - Filling up the DagBag from /home/pedro/.local/lib/python3.10/site-packages/airflow/example_dags/example_setup_teardown.py
[2024-06-09T16:53:12.836-0300] {processor.py:840} INFO - DAG(s) 'example_setup_teardown' retrieved from /home/pedro/.local/lib/python3.10/site-packages/airflow/example_dags/example_setup_teardown.py
[2024-06-09T16:53:12.844-0300] {logging_mixin.py:188} INFO - [2024-06-09T16:53:12.844-0300] {dag.py:3096} INFO - Sync 1 DAGs
[2024-06-09T16:53:12.855-0300] {logging_mixin.py:188} INFO - [2024-06-09T16:53:12.854-0300] {dag.py:3954} INFO - Setting next_dagrun for example_setup_teardown to 2024-06-08 00:00:00+00:00, run_after=2024-06-09 00:00:00+00:00
[2024-06-09T16:53:12.868-0300] {processor.py:183} INFO - Processing /home/pedro/.local/lib/python3.10/site-packages/airflow/example_dags/example_setup_teardown.py took 0.044 seconds
[2024-06-09T16:55:22.782-0300] {processor.py:161} INFO - Started process (PID=16070) to work on /home/pedro/.local/lib/python3.10/site-packages/airflow/example_dags/example_setup_teardown.py
[2024-06-09T16:55:22.783-0300] {processor.py:830} INFO - Processing file /home/pedro/.local/lib/python3.10/site-packages/airflow/example_dags/example_setup_teardown.py for tasks to queue
[2024-06-09T16:55:22.785-0300] {logging_mixin.py:188} INFO - [2024-06-09T16:55:22.784-0300] {dagbag.py:545} INFO - Filling up the DagBag from /home/pedro/.local/lib/python3.10/site-packages/airflow/example_dags/example_setup_teardown.py
[2024-06-09T16:55:22.791-0300] {processor.py:840} INFO - DAG(s) 'example_setup_teardown' retrieved from /home/pedro/.local/lib/python3.10/site-packages/airflow/example_dags/example_setup_teardown.py
[2024-06-09T16:55:22.801-0300] {logging_mixin.py:188} INFO - [2024-06-09T16:55:22.801-0300] {dag.py:3096} INFO - Sync 1 DAGs
[2024-06-09T16:55:22.812-0300] {logging_mixin.py:188} INFO - [2024-06-09T16:55:22.812-0300] {dag.py:3954} INFO - Setting next_dagrun for example_setup_teardown to 2024-06-08 00:00:00+00:00, run_after=2024-06-09 00:00:00+00:00
[2024-06-09T16:55:22.828-0300] {processor.py:183} INFO - Processing /home/pedro/.local/lib/python3.10/site-packages/airflow/example_dags/example_setup_teardown.py took 0.050 seconds
[2024-06-09T16:57:27.628-0300] {processor.py:161} INFO - Started process (PID=16783) to work on /home/pedro/.local/lib/python3.10/site-packages/airflow/example_dags/example_setup_teardown.py
[2024-06-09T16:57:27.629-0300] {processor.py:830} INFO - Processing file /home/pedro/.local/lib/python3.10/site-packages/airflow/example_dags/example_setup_teardown.py for tasks to queue
[2024-06-09T16:57:27.630-0300] {logging_mixin.py:188} INFO - [2024-06-09T16:57:27.630-0300] {dagbag.py:545} INFO - Filling up the DagBag from /home/pedro/.local/lib/python3.10/site-packages/airflow/example_dags/example_setup_teardown.py
[2024-06-09T16:57:27.635-0300] {processor.py:840} INFO - DAG(s) 'example_setup_teardown' retrieved from /home/pedro/.local/lib/python3.10/site-packages/airflow/example_dags/example_setup_teardown.py
[2024-06-09T16:57:27.644-0300] {logging_mixin.py:188} INFO - [2024-06-09T16:57:27.644-0300] {dag.py:3096} INFO - Sync 1 DAGs
[2024-06-09T16:57:27.655-0300] {logging_mixin.py:188} INFO - [2024-06-09T16:57:27.655-0300] {dag.py:3954} INFO - Setting next_dagrun for example_setup_teardown to 2024-06-08 00:00:00+00:00, run_after=2024-06-09 00:00:00+00:00
[2024-06-09T16:57:27.670-0300] {processor.py:183} INFO - Processing /home/pedro/.local/lib/python3.10/site-packages/airflow/example_dags/example_setup_teardown.py took 0.046 seconds
