[2024-06-09T11:46:00.986-0300] {processor.py:161} INFO - Started process (PID=7092) to work on /home/pedro/.local/lib/python3.10/site-packages/airflow/example_dags/example_branch_labels.py
[2024-06-09T11:46:00.986-0300] {processor.py:830} INFO - Processing file /home/pedro/.local/lib/python3.10/site-packages/airflow/example_dags/example_branch_labels.py for tasks to queue
[2024-06-09T11:46:00.987-0300] {logging_mixin.py:188} INFO - [2024-06-09T11:46:00.987-0300] {dagbag.py:545} INFO - Filling up the DagBag from /home/pedro/.local/lib/python3.10/site-packages/airflow/example_dags/example_branch_labels.py
[2024-06-09T11:46:00.991-0300] {processor.py:840} INFO - DAG(s) 'example_branch_labels' retrieved from /home/pedro/.local/lib/python3.10/site-packages/airflow/example_dags/example_branch_labels.py
[2024-06-09T11:46:01.000-0300] {logging_mixin.py:188} INFO - [2024-06-09T11:46:01.000-0300] {dag.py:3096} INFO - Sync 1 DAGs
[2024-06-09T11:46:01.011-0300] {logging_mixin.py:188} INFO - [2024-06-09T11:46:01.011-0300] {dag.py:3954} INFO - Setting next_dagrun for example_branch_labels to 2024-06-08 00:00:00+00:00, run_after=2024-06-09 00:00:00+00:00
[2024-06-09T11:46:01.081-0300] {processor.py:183} INFO - Processing /home/pedro/.local/lib/python3.10/site-packages/airflow/example_dags/example_branch_labels.py took 0.098 seconds
[2024-06-09T11:47:08.701-0300] {processor.py:161} INFO - Started process (PID=7350) to work on /home/pedro/.local/lib/python3.10/site-packages/airflow/example_dags/example_branch_labels.py
[2024-06-09T11:47:08.704-0300] {processor.py:830} INFO - Processing file /home/pedro/.local/lib/python3.10/site-packages/airflow/example_dags/example_branch_labels.py for tasks to queue
[2024-06-09T11:47:08.706-0300] {logging_mixin.py:188} INFO - [2024-06-09T11:47:08.706-0300] {dagbag.py:545} INFO - Filling up the DagBag from /home/pedro/.local/lib/python3.10/site-packages/airflow/example_dags/example_branch_labels.py
[2024-06-09T11:47:08.713-0300] {processor.py:840} INFO - DAG(s) 'example_branch_labels' retrieved from /home/pedro/.local/lib/python3.10/site-packages/airflow/example_dags/example_branch_labels.py
[2024-06-09T11:47:08.722-0300] {logging_mixin.py:188} INFO - [2024-06-09T11:47:08.722-0300] {dag.py:3096} INFO - Sync 1 DAGs
[2024-06-09T11:47:08.732-0300] {logging_mixin.py:188} INFO - [2024-06-09T11:47:08.732-0300] {dag.py:3954} INFO - Setting next_dagrun for example_branch_labels to 2024-06-08 00:00:00+00:00, run_after=2024-06-09 00:00:00+00:00
[2024-06-09T11:47:08.746-0300] {processor.py:183} INFO - Processing /home/pedro/.local/lib/python3.10/site-packages/airflow/example_dags/example_branch_labels.py took 0.049 seconds
[2024-06-09T11:48:11.170-0300] {processor.py:161} INFO - Started process (PID=7465) to work on /home/pedro/.local/lib/python3.10/site-packages/airflow/example_dags/example_branch_labels.py
[2024-06-09T11:48:11.173-0300] {processor.py:830} INFO - Processing file /home/pedro/.local/lib/python3.10/site-packages/airflow/example_dags/example_branch_labels.py for tasks to queue
[2024-06-09T11:48:11.175-0300] {logging_mixin.py:188} INFO - [2024-06-09T11:48:11.175-0300] {dagbag.py:545} INFO - Filling up the DagBag from /home/pedro/.local/lib/python3.10/site-packages/airflow/example_dags/example_branch_labels.py
[2024-06-09T11:48:11.184-0300] {processor.py:840} INFO - DAG(s) 'example_branch_labels' retrieved from /home/pedro/.local/lib/python3.10/site-packages/airflow/example_dags/example_branch_labels.py
[2024-06-09T11:48:11.192-0300] {logging_mixin.py:188} INFO - [2024-06-09T11:48:11.192-0300] {dag.py:3096} INFO - Sync 1 DAGs
[2024-06-09T11:48:11.202-0300] {logging_mixin.py:188} INFO - [2024-06-09T11:48:11.202-0300] {dag.py:3954} INFO - Setting next_dagrun for example_branch_labels to 2024-06-08 00:00:00+00:00, run_after=2024-06-09 00:00:00+00:00
[2024-06-09T11:48:11.216-0300] {processor.py:183} INFO - Processing /home/pedro/.local/lib/python3.10/site-packages/airflow/example_dags/example_branch_labels.py took 0.051 seconds
[2024-06-09T11:49:14.095-0300] {processor.py:161} INFO - Started process (PID=7735) to work on /home/pedro/.local/lib/python3.10/site-packages/airflow/example_dags/example_branch_labels.py
[2024-06-09T11:49:14.098-0300] {processor.py:830} INFO - Processing file /home/pedro/.local/lib/python3.10/site-packages/airflow/example_dags/example_branch_labels.py for tasks to queue
[2024-06-09T11:49:14.100-0300] {logging_mixin.py:188} INFO - [2024-06-09T11:49:14.100-0300] {dagbag.py:545} INFO - Filling up the DagBag from /home/pedro/.local/lib/python3.10/site-packages/airflow/example_dags/example_branch_labels.py
[2024-06-09T11:49:14.108-0300] {processor.py:840} INFO - DAG(s) 'example_branch_labels' retrieved from /home/pedro/.local/lib/python3.10/site-packages/airflow/example_dags/example_branch_labels.py
[2024-06-09T11:49:14.117-0300] {logging_mixin.py:188} INFO - [2024-06-09T11:49:14.117-0300] {dag.py:3096} INFO - Sync 1 DAGs
[2024-06-09T11:49:14.127-0300] {logging_mixin.py:188} INFO - [2024-06-09T11:49:14.127-0300] {dag.py:3954} INFO - Setting next_dagrun for example_branch_labels to 2024-06-08 00:00:00+00:00, run_after=2024-06-09 00:00:00+00:00
[2024-06-09T11:49:14.142-0300] {processor.py:183} INFO - Processing /home/pedro/.local/lib/python3.10/site-packages/airflow/example_dags/example_branch_labels.py took 0.050 seconds
[2024-06-09T11:50:20.498-0300] {processor.py:161} INFO - Started process (PID=7975) to work on /home/pedro/.local/lib/python3.10/site-packages/airflow/example_dags/example_branch_labels.py
[2024-06-09T11:50:20.501-0300] {processor.py:830} INFO - Processing file /home/pedro/.local/lib/python3.10/site-packages/airflow/example_dags/example_branch_labels.py for tasks to queue
[2024-06-09T11:50:20.503-0300] {logging_mixin.py:188} INFO - [2024-06-09T11:50:20.503-0300] {dagbag.py:545} INFO - Filling up the DagBag from /home/pedro/.local/lib/python3.10/site-packages/airflow/example_dags/example_branch_labels.py
[2024-06-09T11:50:20.510-0300] {processor.py:840} INFO - DAG(s) 'example_branch_labels' retrieved from /home/pedro/.local/lib/python3.10/site-packages/airflow/example_dags/example_branch_labels.py
[2024-06-09T11:50:20.521-0300] {logging_mixin.py:188} INFO - [2024-06-09T11:50:20.521-0300] {dag.py:3096} INFO - Sync 1 DAGs
[2024-06-09T11:50:20.533-0300] {logging_mixin.py:188} INFO - [2024-06-09T11:50:20.533-0300] {dag.py:3954} INFO - Setting next_dagrun for example_branch_labels to 2024-06-08 00:00:00+00:00, run_after=2024-06-09 00:00:00+00:00
[2024-06-09T11:50:20.549-0300] {processor.py:183} INFO - Processing /home/pedro/.local/lib/python3.10/site-packages/airflow/example_dags/example_branch_labels.py took 0.061 seconds
[2024-06-09T11:51:29.199-0300] {processor.py:161} INFO - Started process (PID=8213) to work on /home/pedro/.local/lib/python3.10/site-packages/airflow/example_dags/example_branch_labels.py
[2024-06-09T11:51:29.200-0300] {processor.py:830} INFO - Processing file /home/pedro/.local/lib/python3.10/site-packages/airflow/example_dags/example_branch_labels.py for tasks to queue
[2024-06-09T11:51:29.201-0300] {logging_mixin.py:188} INFO - [2024-06-09T11:51:29.201-0300] {dagbag.py:545} INFO - Filling up the DagBag from /home/pedro/.local/lib/python3.10/site-packages/airflow/example_dags/example_branch_labels.py
[2024-06-09T11:51:29.209-0300] {processor.py:840} INFO - DAG(s) 'example_branch_labels' retrieved from /home/pedro/.local/lib/python3.10/site-packages/airflow/example_dags/example_branch_labels.py
[2024-06-09T11:51:29.219-0300] {logging_mixin.py:188} INFO - [2024-06-09T11:51:29.219-0300] {dag.py:3096} INFO - Sync 1 DAGs
[2024-06-09T11:51:29.237-0300] {logging_mixin.py:188} INFO - [2024-06-09T11:51:29.237-0300] {dag.py:3954} INFO - Setting next_dagrun for example_branch_labels to 2024-06-08 00:00:00+00:00, run_after=2024-06-09 00:00:00+00:00
[2024-06-09T11:51:29.252-0300] {processor.py:183} INFO - Processing /home/pedro/.local/lib/python3.10/site-packages/airflow/example_dags/example_branch_labels.py took 0.059 seconds
[2024-06-09T11:52:32.518-0300] {processor.py:161} INFO - Started process (PID=8364) to work on /home/pedro/.local/lib/python3.10/site-packages/airflow/example_dags/example_branch_labels.py
[2024-06-09T11:52:32.522-0300] {processor.py:830} INFO - Processing file /home/pedro/.local/lib/python3.10/site-packages/airflow/example_dags/example_branch_labels.py for tasks to queue
[2024-06-09T11:52:32.524-0300] {logging_mixin.py:188} INFO - [2024-06-09T11:52:32.523-0300] {dagbag.py:545} INFO - Filling up the DagBag from /home/pedro/.local/lib/python3.10/site-packages/airflow/example_dags/example_branch_labels.py
[2024-06-09T11:52:32.531-0300] {processor.py:840} INFO - DAG(s) 'example_branch_labels' retrieved from /home/pedro/.local/lib/python3.10/site-packages/airflow/example_dags/example_branch_labels.py
[2024-06-09T11:52:32.540-0300] {logging_mixin.py:188} INFO - [2024-06-09T11:52:32.540-0300] {dag.py:3096} INFO - Sync 1 DAGs
[2024-06-09T11:52:32.550-0300] {logging_mixin.py:188} INFO - [2024-06-09T11:52:32.550-0300] {dag.py:3954} INFO - Setting next_dagrun for example_branch_labels to 2024-06-08 00:00:00+00:00, run_after=2024-06-09 00:00:00+00:00
[2024-06-09T11:52:32.563-0300] {processor.py:183} INFO - Processing /home/pedro/.local/lib/python3.10/site-packages/airflow/example_dags/example_branch_labels.py took 0.055 seconds
[2024-06-09T11:53:31.597-0300] {processor.py:161} INFO - Started process (PID=8521) to work on /home/pedro/.local/lib/python3.10/site-packages/airflow/example_dags/example_branch_labels.py
[2024-06-09T11:53:31.601-0300] {processor.py:830} INFO - Processing file /home/pedro/.local/lib/python3.10/site-packages/airflow/example_dags/example_branch_labels.py for tasks to queue
[2024-06-09T11:53:31.602-0300] {logging_mixin.py:188} INFO - [2024-06-09T11:53:31.602-0300] {dagbag.py:545} INFO - Filling up the DagBag from /home/pedro/.local/lib/python3.10/site-packages/airflow/example_dags/example_branch_labels.py
[2024-06-09T11:53:31.610-0300] {processor.py:840} INFO - DAG(s) 'example_branch_labels' retrieved from /home/pedro/.local/lib/python3.10/site-packages/airflow/example_dags/example_branch_labels.py
[2024-06-09T11:53:31.618-0300] {logging_mixin.py:188} INFO - [2024-06-09T11:53:31.618-0300] {dag.py:3096} INFO - Sync 1 DAGs
[2024-06-09T11:53:31.628-0300] {logging_mixin.py:188} INFO - [2024-06-09T11:53:31.628-0300] {dag.py:3954} INFO - Setting next_dagrun for example_branch_labels to 2024-06-08 00:00:00+00:00, run_after=2024-06-09 00:00:00+00:00
[2024-06-09T11:53:31.642-0300] {processor.py:183} INFO - Processing /home/pedro/.local/lib/python3.10/site-packages/airflow/example_dags/example_branch_labels.py took 0.054 seconds
[2024-06-09T11:54:33.308-0300] {processor.py:161} INFO - Started process (PID=8633) to work on /home/pedro/.local/lib/python3.10/site-packages/airflow/example_dags/example_branch_labels.py
[2024-06-09T11:54:33.311-0300] {processor.py:830} INFO - Processing file /home/pedro/.local/lib/python3.10/site-packages/airflow/example_dags/example_branch_labels.py for tasks to queue
[2024-06-09T11:54:33.313-0300] {logging_mixin.py:188} INFO - [2024-06-09T11:54:33.312-0300] {dagbag.py:545} INFO - Filling up the DagBag from /home/pedro/.local/lib/python3.10/site-packages/airflow/example_dags/example_branch_labels.py
[2024-06-09T11:54:33.320-0300] {processor.py:840} INFO - DAG(s) 'example_branch_labels' retrieved from /home/pedro/.local/lib/python3.10/site-packages/airflow/example_dags/example_branch_labels.py
[2024-06-09T11:54:33.328-0300] {logging_mixin.py:188} INFO - [2024-06-09T11:54:33.328-0300] {dag.py:3096} INFO - Sync 1 DAGs
[2024-06-09T11:54:33.342-0300] {logging_mixin.py:188} INFO - [2024-06-09T11:54:33.342-0300] {dag.py:3954} INFO - Setting next_dagrun for example_branch_labels to 2024-06-08 00:00:00+00:00, run_after=2024-06-09 00:00:00+00:00
[2024-06-09T11:54:33.358-0300] {processor.py:183} INFO - Processing /home/pedro/.local/lib/python3.10/site-packages/airflow/example_dags/example_branch_labels.py took 0.060 seconds
[2024-06-09T11:55:32.365-0300] {processor.py:161} INFO - Started process (PID=8765) to work on /home/pedro/.local/lib/python3.10/site-packages/airflow/example_dags/example_branch_labels.py
[2024-06-09T11:55:32.368-0300] {processor.py:830} INFO - Processing file /home/pedro/.local/lib/python3.10/site-packages/airflow/example_dags/example_branch_labels.py for tasks to queue
[2024-06-09T11:55:32.370-0300] {logging_mixin.py:188} INFO - [2024-06-09T11:55:32.370-0300] {dagbag.py:545} INFO - Filling up the DagBag from /home/pedro/.local/lib/python3.10/site-packages/airflow/example_dags/example_branch_labels.py
[2024-06-09T11:55:32.379-0300] {processor.py:840} INFO - DAG(s) 'example_branch_labels' retrieved from /home/pedro/.local/lib/python3.10/site-packages/airflow/example_dags/example_branch_labels.py
[2024-06-09T11:55:32.387-0300] {logging_mixin.py:188} INFO - [2024-06-09T11:55:32.387-0300] {dag.py:3096} INFO - Sync 1 DAGs
[2024-06-09T11:55:32.397-0300] {logging_mixin.py:188} INFO - [2024-06-09T11:55:32.397-0300] {dag.py:3954} INFO - Setting next_dagrun for example_branch_labels to 2024-06-08 00:00:00+00:00, run_after=2024-06-09 00:00:00+00:00
[2024-06-09T11:55:32.411-0300] {processor.py:183} INFO - Processing /home/pedro/.local/lib/python3.10/site-packages/airflow/example_dags/example_branch_labels.py took 0.049 seconds
[2024-06-09T11:58:22.141-0300] {processor.py:161} INFO - Started process (PID=9901) to work on /home/pedro/.local/lib/python3.10/site-packages/airflow/example_dags/example_branch_labels.py
[2024-06-09T11:58:22.144-0300] {processor.py:830} INFO - Processing file /home/pedro/.local/lib/python3.10/site-packages/airflow/example_dags/example_branch_labels.py for tasks to queue
[2024-06-09T11:58:22.146-0300] {logging_mixin.py:188} INFO - [2024-06-09T11:58:22.145-0300] {dagbag.py:545} INFO - Filling up the DagBag from /home/pedro/.local/lib/python3.10/site-packages/airflow/example_dags/example_branch_labels.py
[2024-06-09T11:58:22.151-0300] {processor.py:840} INFO - DAG(s) 'example_branch_labels' retrieved from /home/pedro/.local/lib/python3.10/site-packages/airflow/example_dags/example_branch_labels.py
[2024-06-09T11:58:22.161-0300] {logging_mixin.py:188} INFO - [2024-06-09T11:58:22.160-0300] {dag.py:3096} INFO - Sync 1 DAGs
[2024-06-09T11:58:22.173-0300] {logging_mixin.py:188} INFO - [2024-06-09T11:58:22.173-0300] {dag.py:3954} INFO - Setting next_dagrun for example_branch_labels to 2024-06-08 00:00:00+00:00, run_after=2024-06-09 00:00:00+00:00
[2024-06-09T11:58:22.254-0300] {processor.py:183} INFO - Processing /home/pedro/.local/lib/python3.10/site-packages/airflow/example_dags/example_branch_labels.py took 0.118 seconds
[2024-06-09T11:59:50.209-0300] {processor.py:161} INFO - Started process (PID=10771) to work on /home/pedro/.local/lib/python3.10/site-packages/airflow/example_dags/example_branch_labels.py
[2024-06-09T11:59:50.213-0300] {processor.py:830} INFO - Processing file /home/pedro/.local/lib/python3.10/site-packages/airflow/example_dags/example_branch_labels.py for tasks to queue
[2024-06-09T11:59:50.214-0300] {logging_mixin.py:188} INFO - [2024-06-09T11:59:50.214-0300] {dagbag.py:545} INFO - Filling up the DagBag from /home/pedro/.local/lib/python3.10/site-packages/airflow/example_dags/example_branch_labels.py
[2024-06-09T11:59:50.222-0300] {processor.py:840} INFO - DAG(s) 'example_branch_labels' retrieved from /home/pedro/.local/lib/python3.10/site-packages/airflow/example_dags/example_branch_labels.py
[2024-06-09T11:59:50.231-0300] {logging_mixin.py:188} INFO - [2024-06-09T11:59:50.231-0300] {dag.py:3096} INFO - Sync 1 DAGs
[2024-06-09T11:59:50.243-0300] {logging_mixin.py:188} INFO - [2024-06-09T11:59:50.243-0300] {dag.py:3954} INFO - Setting next_dagrun for example_branch_labels to 2024-06-08 00:00:00+00:00, run_after=2024-06-09 00:00:00+00:00
[2024-06-09T11:59:50.323-0300] {processor.py:183} INFO - Processing /home/pedro/.local/lib/python3.10/site-packages/airflow/example_dags/example_branch_labels.py took 0.123 seconds
[2024-06-09T12:00:57.857-0300] {processor.py:161} INFO - Started process (PID=11002) to work on /home/pedro/.local/lib/python3.10/site-packages/airflow/example_dags/example_branch_labels.py
[2024-06-09T12:00:57.858-0300] {processor.py:830} INFO - Processing file /home/pedro/.local/lib/python3.10/site-packages/airflow/example_dags/example_branch_labels.py for tasks to queue
[2024-06-09T12:00:57.859-0300] {logging_mixin.py:188} INFO - [2024-06-09T12:00:57.859-0300] {dagbag.py:545} INFO - Filling up the DagBag from /home/pedro/.local/lib/python3.10/site-packages/airflow/example_dags/example_branch_labels.py
[2024-06-09T12:00:57.865-0300] {processor.py:840} INFO - DAG(s) 'example_branch_labels' retrieved from /home/pedro/.local/lib/python3.10/site-packages/airflow/example_dags/example_branch_labels.py
[2024-06-09T12:00:57.874-0300] {logging_mixin.py:188} INFO - [2024-06-09T12:00:57.874-0300] {dag.py:3096} INFO - Sync 1 DAGs
[2024-06-09T12:00:57.885-0300] {logging_mixin.py:188} INFO - [2024-06-09T12:00:57.885-0300] {dag.py:3954} INFO - Setting next_dagrun for example_branch_labels to 2024-06-08 00:00:00+00:00, run_after=2024-06-09 00:00:00+00:00
[2024-06-09T12:00:57.899-0300] {processor.py:183} INFO - Processing /home/pedro/.local/lib/python3.10/site-packages/airflow/example_dags/example_branch_labels.py took 0.049 seconds
[2024-06-09T12:02:02.213-0300] {processor.py:161} INFO - Started process (PID=11211) to work on /home/pedro/.local/lib/python3.10/site-packages/airflow/example_dags/example_branch_labels.py
[2024-06-09T12:02:02.214-0300] {processor.py:830} INFO - Processing file /home/pedro/.local/lib/python3.10/site-packages/airflow/example_dags/example_branch_labels.py for tasks to queue
[2024-06-09T12:02:02.215-0300] {logging_mixin.py:188} INFO - [2024-06-09T12:02:02.215-0300] {dagbag.py:545} INFO - Filling up the DagBag from /home/pedro/.local/lib/python3.10/site-packages/airflow/example_dags/example_branch_labels.py
[2024-06-09T12:02:02.220-0300] {processor.py:840} INFO - DAG(s) 'example_branch_labels' retrieved from /home/pedro/.local/lib/python3.10/site-packages/airflow/example_dags/example_branch_labels.py
[2024-06-09T12:02:02.230-0300] {logging_mixin.py:188} INFO - [2024-06-09T12:02:02.230-0300] {dag.py:3096} INFO - Sync 1 DAGs
[2024-06-09T12:02:02.240-0300] {logging_mixin.py:188} INFO - [2024-06-09T12:02:02.240-0300] {dag.py:3954} INFO - Setting next_dagrun for example_branch_labels to 2024-06-08 00:00:00+00:00, run_after=2024-06-09 00:00:00+00:00
[2024-06-09T12:02:02.259-0300] {processor.py:183} INFO - Processing /home/pedro/.local/lib/python3.10/site-packages/airflow/example_dags/example_branch_labels.py took 0.050 seconds
[2024-06-09T12:03:08.735-0300] {processor.py:161} INFO - Started process (PID=11340) to work on /home/pedro/.local/lib/python3.10/site-packages/airflow/example_dags/example_branch_labels.py
[2024-06-09T12:03:08.739-0300] {processor.py:830} INFO - Processing file /home/pedro/.local/lib/python3.10/site-packages/airflow/example_dags/example_branch_labels.py for tasks to queue
[2024-06-09T12:03:08.741-0300] {logging_mixin.py:188} INFO - [2024-06-09T12:03:08.740-0300] {dagbag.py:545} INFO - Filling up the DagBag from /home/pedro/.local/lib/python3.10/site-packages/airflow/example_dags/example_branch_labels.py
[2024-06-09T12:03:08.748-0300] {processor.py:840} INFO - DAG(s) 'example_branch_labels' retrieved from /home/pedro/.local/lib/python3.10/site-packages/airflow/example_dags/example_branch_labels.py
[2024-06-09T12:03:08.758-0300] {logging_mixin.py:188} INFO - [2024-06-09T12:03:08.758-0300] {dag.py:3096} INFO - Sync 1 DAGs
[2024-06-09T12:03:08.769-0300] {logging_mixin.py:188} INFO - [2024-06-09T12:03:08.768-0300] {dag.py:3954} INFO - Setting next_dagrun for example_branch_labels to 2024-06-08 00:00:00+00:00, run_after=2024-06-09 00:00:00+00:00
[2024-06-09T12:03:08.787-0300] {processor.py:183} INFO - Processing /home/pedro/.local/lib/python3.10/site-packages/airflow/example_dags/example_branch_labels.py took 0.060 seconds
[2024-06-09T12:04:07.596-0300] {processor.py:161} INFO - Started process (PID=11477) to work on /home/pedro/.local/lib/python3.10/site-packages/airflow/example_dags/example_branch_labels.py
[2024-06-09T12:04:07.598-0300] {processor.py:830} INFO - Processing file /home/pedro/.local/lib/python3.10/site-packages/airflow/example_dags/example_branch_labels.py for tasks to queue
[2024-06-09T12:04:07.600-0300] {logging_mixin.py:188} INFO - [2024-06-09T12:04:07.599-0300] {dagbag.py:545} INFO - Filling up the DagBag from /home/pedro/.local/lib/python3.10/site-packages/airflow/example_dags/example_branch_labels.py
[2024-06-09T12:04:07.607-0300] {processor.py:840} INFO - DAG(s) 'example_branch_labels' retrieved from /home/pedro/.local/lib/python3.10/site-packages/airflow/example_dags/example_branch_labels.py
[2024-06-09T12:04:07.616-0300] {logging_mixin.py:188} INFO - [2024-06-09T12:04:07.616-0300] {dag.py:3096} INFO - Sync 1 DAGs
[2024-06-09T12:04:07.628-0300] {logging_mixin.py:188} INFO - [2024-06-09T12:04:07.628-0300] {dag.py:3954} INFO - Setting next_dagrun for example_branch_labels to 2024-06-08 00:00:00+00:00, run_after=2024-06-09 00:00:00+00:00
[2024-06-09T12:04:07.644-0300] {processor.py:183} INFO - Processing /home/pedro/.local/lib/python3.10/site-packages/airflow/example_dags/example_branch_labels.py took 0.057 seconds
[2024-06-09T12:05:09.549-0300] {processor.py:161} INFO - Started process (PID=11599) to work on /home/pedro/.local/lib/python3.10/site-packages/airflow/example_dags/example_branch_labels.py
[2024-06-09T12:05:09.553-0300] {processor.py:830} INFO - Processing file /home/pedro/.local/lib/python3.10/site-packages/airflow/example_dags/example_branch_labels.py for tasks to queue
[2024-06-09T12:05:09.555-0300] {logging_mixin.py:188} INFO - [2024-06-09T12:05:09.554-0300] {dagbag.py:545} INFO - Filling up the DagBag from /home/pedro/.local/lib/python3.10/site-packages/airflow/example_dags/example_branch_labels.py
[2024-06-09T12:05:09.562-0300] {processor.py:840} INFO - DAG(s) 'example_branch_labels' retrieved from /home/pedro/.local/lib/python3.10/site-packages/airflow/example_dags/example_branch_labels.py
[2024-06-09T12:05:09.572-0300] {logging_mixin.py:188} INFO - [2024-06-09T12:05:09.572-0300] {dag.py:3096} INFO - Sync 1 DAGs
[2024-06-09T12:05:09.582-0300] {logging_mixin.py:188} INFO - [2024-06-09T12:05:09.582-0300] {dag.py:3954} INFO - Setting next_dagrun for example_branch_labels to 2024-06-08 00:00:00+00:00, run_after=2024-06-09 00:00:00+00:00
[2024-06-09T12:05:09.599-0300] {processor.py:183} INFO - Processing /home/pedro/.local/lib/python3.10/site-packages/airflow/example_dags/example_branch_labels.py took 0.059 seconds
[2024-06-09T12:07:14.417-0300] {processor.py:161} INFO - Started process (PID=12491) to work on /home/pedro/.local/lib/python3.10/site-packages/airflow/example_dags/example_branch_labels.py
[2024-06-09T12:07:14.420-0300] {processor.py:830} INFO - Processing file /home/pedro/.local/lib/python3.10/site-packages/airflow/example_dags/example_branch_labels.py for tasks to queue
[2024-06-09T12:07:14.422-0300] {logging_mixin.py:188} INFO - [2024-06-09T12:07:14.422-0300] {dagbag.py:545} INFO - Filling up the DagBag from /home/pedro/.local/lib/python3.10/site-packages/airflow/example_dags/example_branch_labels.py
[2024-06-09T12:07:14.431-0300] {processor.py:840} INFO - DAG(s) 'example_branch_labels' retrieved from /home/pedro/.local/lib/python3.10/site-packages/airflow/example_dags/example_branch_labels.py
[2024-06-09T12:07:14.439-0300] {logging_mixin.py:188} INFO - [2024-06-09T12:07:14.439-0300] {dag.py:3096} INFO - Sync 1 DAGs
[2024-06-09T12:07:14.451-0300] {logging_mixin.py:188} INFO - [2024-06-09T12:07:14.451-0300] {dag.py:3954} INFO - Setting next_dagrun for example_branch_labels to 2024-06-08 00:00:00+00:00, run_after=2024-06-09 00:00:00+00:00
[2024-06-09T12:07:14.525-0300] {processor.py:183} INFO - Processing /home/pedro/.local/lib/python3.10/site-packages/airflow/example_dags/example_branch_labels.py took 0.111 seconds
[2024-06-09T12:08:29.225-0300] {processor.py:161} INFO - Started process (PID=12637) to work on /home/pedro/.local/lib/python3.10/site-packages/airflow/example_dags/example_branch_labels.py
[2024-06-09T12:08:29.228-0300] {processor.py:830} INFO - Processing file /home/pedro/.local/lib/python3.10/site-packages/airflow/example_dags/example_branch_labels.py for tasks to queue
[2024-06-09T12:08:29.230-0300] {logging_mixin.py:188} INFO - [2024-06-09T12:08:29.230-0300] {dagbag.py:545} INFO - Filling up the DagBag from /home/pedro/.local/lib/python3.10/site-packages/airflow/example_dags/example_branch_labels.py
[2024-06-09T12:08:29.238-0300] {processor.py:840} INFO - DAG(s) 'example_branch_labels' retrieved from /home/pedro/.local/lib/python3.10/site-packages/airflow/example_dags/example_branch_labels.py
[2024-06-09T12:08:29.246-0300] {logging_mixin.py:188} INFO - [2024-06-09T12:08:29.246-0300] {dag.py:3096} INFO - Sync 1 DAGs
[2024-06-09T12:08:29.259-0300] {logging_mixin.py:188} INFO - [2024-06-09T12:08:29.258-0300] {dag.py:3954} INFO - Setting next_dagrun for example_branch_labels to 2024-06-08 00:00:00+00:00, run_after=2024-06-09 00:00:00+00:00
[2024-06-09T12:08:29.274-0300] {processor.py:183} INFO - Processing /home/pedro/.local/lib/python3.10/site-packages/airflow/example_dags/example_branch_labels.py took 0.053 seconds
[2024-06-09T12:09:34.549-0300] {processor.py:161} INFO - Started process (PID=12762) to work on /home/pedro/.local/lib/python3.10/site-packages/airflow/example_dags/example_branch_labels.py
[2024-06-09T12:09:34.553-0300] {processor.py:830} INFO - Processing file /home/pedro/.local/lib/python3.10/site-packages/airflow/example_dags/example_branch_labels.py for tasks to queue
[2024-06-09T12:09:34.555-0300] {logging_mixin.py:188} INFO - [2024-06-09T12:09:34.554-0300] {dagbag.py:545} INFO - Filling up the DagBag from /home/pedro/.local/lib/python3.10/site-packages/airflow/example_dags/example_branch_labels.py
[2024-06-09T12:09:34.562-0300] {processor.py:840} INFO - DAG(s) 'example_branch_labels' retrieved from /home/pedro/.local/lib/python3.10/site-packages/airflow/example_dags/example_branch_labels.py
[2024-06-09T12:09:34.571-0300] {logging_mixin.py:188} INFO - [2024-06-09T12:09:34.571-0300] {dag.py:3096} INFO - Sync 1 DAGs
[2024-06-09T12:09:34.582-0300] {logging_mixin.py:188} INFO - [2024-06-09T12:09:34.582-0300] {dag.py:3954} INFO - Setting next_dagrun for example_branch_labels to 2024-06-08 00:00:00+00:00, run_after=2024-06-09 00:00:00+00:00
[2024-06-09T12:09:34.599-0300] {processor.py:183} INFO - Processing /home/pedro/.local/lib/python3.10/site-packages/airflow/example_dags/example_branch_labels.py took 0.059 seconds
[2024-06-09T12:10:37.004-0300] {processor.py:161} INFO - Started process (PID=12883) to work on /home/pedro/.local/lib/python3.10/site-packages/airflow/example_dags/example_branch_labels.py
[2024-06-09T12:10:37.008-0300] {processor.py:830} INFO - Processing file /home/pedro/.local/lib/python3.10/site-packages/airflow/example_dags/example_branch_labels.py for tasks to queue
[2024-06-09T12:10:37.011-0300] {logging_mixin.py:188} INFO - [2024-06-09T12:10:37.010-0300] {dagbag.py:545} INFO - Filling up the DagBag from /home/pedro/.local/lib/python3.10/site-packages/airflow/example_dags/example_branch_labels.py
[2024-06-09T12:10:37.019-0300] {processor.py:840} INFO - DAG(s) 'example_branch_labels' retrieved from /home/pedro/.local/lib/python3.10/site-packages/airflow/example_dags/example_branch_labels.py
[2024-06-09T12:10:37.029-0300] {logging_mixin.py:188} INFO - [2024-06-09T12:10:37.029-0300] {dag.py:3096} INFO - Sync 1 DAGs
[2024-06-09T12:10:37.040-0300] {logging_mixin.py:188} INFO - [2024-06-09T12:10:37.040-0300] {dag.py:3954} INFO - Setting next_dagrun for example_branch_labels to 2024-06-08 00:00:00+00:00, run_after=2024-06-09 00:00:00+00:00
[2024-06-09T12:10:37.058-0300] {processor.py:183} INFO - Processing /home/pedro/.local/lib/python3.10/site-packages/airflow/example_dags/example_branch_labels.py took 0.060 seconds
[2024-06-09T12:12:29.319-0300] {processor.py:161} INFO - Started process (PID=13054) to work on /home/pedro/.local/lib/python3.10/site-packages/airflow/example_dags/example_branch_labels.py
[2024-06-09T12:12:29.323-0300] {processor.py:830} INFO - Processing file /home/pedro/.local/lib/python3.10/site-packages/airflow/example_dags/example_branch_labels.py for tasks to queue
[2024-06-09T12:12:29.325-0300] {logging_mixin.py:188} INFO - [2024-06-09T12:12:29.325-0300] {dagbag.py:545} INFO - Filling up the DagBag from /home/pedro/.local/lib/python3.10/site-packages/airflow/example_dags/example_branch_labels.py
[2024-06-09T12:12:29.332-0300] {processor.py:840} INFO - DAG(s) 'example_branch_labels' retrieved from /home/pedro/.local/lib/python3.10/site-packages/airflow/example_dags/example_branch_labels.py
[2024-06-09T12:12:29.341-0300] {logging_mixin.py:188} INFO - [2024-06-09T12:12:29.341-0300] {dag.py:3096} INFO - Sync 1 DAGs
[2024-06-09T12:12:29.352-0300] {logging_mixin.py:188} INFO - [2024-06-09T12:12:29.352-0300] {dag.py:3954} INFO - Setting next_dagrun for example_branch_labels to 2024-06-08 00:00:00+00:00, run_after=2024-06-09 00:00:00+00:00
[2024-06-09T12:12:29.427-0300] {processor.py:183} INFO - Processing /home/pedro/.local/lib/python3.10/site-packages/airflow/example_dags/example_branch_labels.py took 0.117 seconds
[2024-06-09T12:13:40.755-0300] {processor.py:161} INFO - Started process (PID=13170) to work on /home/pedro/.local/lib/python3.10/site-packages/airflow/example_dags/example_branch_labels.py
[2024-06-09T12:13:40.758-0300] {processor.py:830} INFO - Processing file /home/pedro/.local/lib/python3.10/site-packages/airflow/example_dags/example_branch_labels.py for tasks to queue
[2024-06-09T12:13:40.759-0300] {logging_mixin.py:188} INFO - [2024-06-09T12:13:40.759-0300] {dagbag.py:545} INFO - Filling up the DagBag from /home/pedro/.local/lib/python3.10/site-packages/airflow/example_dags/example_branch_labels.py
[2024-06-09T12:13:40.765-0300] {processor.py:840} INFO - DAG(s) 'example_branch_labels' retrieved from /home/pedro/.local/lib/python3.10/site-packages/airflow/example_dags/example_branch_labels.py
[2024-06-09T12:13:40.774-0300] {logging_mixin.py:188} INFO - [2024-06-09T12:13:40.774-0300] {dag.py:3096} INFO - Sync 1 DAGs
[2024-06-09T12:13:40.786-0300] {logging_mixin.py:188} INFO - [2024-06-09T12:13:40.786-0300] {dag.py:3954} INFO - Setting next_dagrun for example_branch_labels to 2024-06-08 00:00:00+00:00, run_after=2024-06-09 00:00:00+00:00
[2024-06-09T12:13:40.803-0300] {processor.py:183} INFO - Processing /home/pedro/.local/lib/python3.10/site-packages/airflow/example_dags/example_branch_labels.py took 0.051 seconds
[2024-06-09T12:14:43.519-0300] {processor.py:161} INFO - Started process (PID=13276) to work on /home/pedro/.local/lib/python3.10/site-packages/airflow/example_dags/example_branch_labels.py
[2024-06-09T12:14:43.522-0300] {processor.py:830} INFO - Processing file /home/pedro/.local/lib/python3.10/site-packages/airflow/example_dags/example_branch_labels.py for tasks to queue
[2024-06-09T12:14:43.524-0300] {logging_mixin.py:188} INFO - [2024-06-09T12:14:43.524-0300] {dagbag.py:545} INFO - Filling up the DagBag from /home/pedro/.local/lib/python3.10/site-packages/airflow/example_dags/example_branch_labels.py
[2024-06-09T12:14:43.532-0300] {processor.py:840} INFO - DAG(s) 'example_branch_labels' retrieved from /home/pedro/.local/lib/python3.10/site-packages/airflow/example_dags/example_branch_labels.py
[2024-06-09T12:14:43.541-0300] {logging_mixin.py:188} INFO - [2024-06-09T12:14:43.541-0300] {dag.py:3096} INFO - Sync 1 DAGs
[2024-06-09T12:14:43.553-0300] {logging_mixin.py:188} INFO - [2024-06-09T12:14:43.552-0300] {dag.py:3954} INFO - Setting next_dagrun for example_branch_labels to 2024-06-08 00:00:00+00:00, run_after=2024-06-09 00:00:00+00:00
[2024-06-09T12:14:43.568-0300] {processor.py:183} INFO - Processing /home/pedro/.local/lib/python3.10/site-packages/airflow/example_dags/example_branch_labels.py took 0.058 seconds
[2024-06-09T12:15:42.517-0300] {processor.py:161} INFO - Started process (PID=13378) to work on /home/pedro/.local/lib/python3.10/site-packages/airflow/example_dags/example_branch_labels.py
[2024-06-09T12:15:42.520-0300] {processor.py:830} INFO - Processing file /home/pedro/.local/lib/python3.10/site-packages/airflow/example_dags/example_branch_labels.py for tasks to queue
[2024-06-09T12:15:42.521-0300] {logging_mixin.py:188} INFO - [2024-06-09T12:15:42.521-0300] {dagbag.py:545} INFO - Filling up the DagBag from /home/pedro/.local/lib/python3.10/site-packages/airflow/example_dags/example_branch_labels.py
[2024-06-09T12:15:42.526-0300] {processor.py:840} INFO - DAG(s) 'example_branch_labels' retrieved from /home/pedro/.local/lib/python3.10/site-packages/airflow/example_dags/example_branch_labels.py
[2024-06-09T12:15:42.536-0300] {logging_mixin.py:188} INFO - [2024-06-09T12:15:42.536-0300] {dag.py:3096} INFO - Sync 1 DAGs
[2024-06-09T12:15:42.548-0300] {logging_mixin.py:188} INFO - [2024-06-09T12:15:42.548-0300] {dag.py:3954} INFO - Setting next_dagrun for example_branch_labels to 2024-06-08 00:00:00+00:00, run_after=2024-06-09 00:00:00+00:00
[2024-06-09T12:15:42.618-0300] {processor.py:183} INFO - Processing /home/pedro/.local/lib/python3.10/site-packages/airflow/example_dags/example_branch_labels.py took 0.104 seconds
[2024-06-09T12:20:30.709-0300] {processor.py:161} INFO - Started process (PID=13655) to work on /home/pedro/.local/lib/python3.10/site-packages/airflow/example_dags/example_branch_labels.py
[2024-06-09T12:20:30.713-0300] {processor.py:830} INFO - Processing file /home/pedro/.local/lib/python3.10/site-packages/airflow/example_dags/example_branch_labels.py for tasks to queue
[2024-06-09T12:20:30.714-0300] {logging_mixin.py:188} INFO - [2024-06-09T12:20:30.714-0300] {dagbag.py:545} INFO - Filling up the DagBag from /home/pedro/.local/lib/python3.10/site-packages/airflow/example_dags/example_branch_labels.py
[2024-06-09T12:20:30.722-0300] {processor.py:840} INFO - DAG(s) 'example_branch_labels' retrieved from /home/pedro/.local/lib/python3.10/site-packages/airflow/example_dags/example_branch_labels.py
[2024-06-09T12:20:30.730-0300] {logging_mixin.py:188} INFO - [2024-06-09T12:20:30.730-0300] {dag.py:3096} INFO - Sync 1 DAGs
[2024-06-09T12:20:30.740-0300] {logging_mixin.py:188} INFO - [2024-06-09T12:20:30.740-0300] {dag.py:3954} INFO - Setting next_dagrun for example_branch_labels to 2024-06-08 00:00:00+00:00, run_after=2024-06-09 00:00:00+00:00
[2024-06-09T12:20:30.807-0300] {processor.py:183} INFO - Processing /home/pedro/.local/lib/python3.10/site-packages/airflow/example_dags/example_branch_labels.py took 0.106 seconds
[2024-06-09T12:21:35.674-0300] {processor.py:161} INFO - Started process (PID=13796) to work on /home/pedro/.local/lib/python3.10/site-packages/airflow/example_dags/example_branch_labels.py
[2024-06-09T12:21:35.677-0300] {processor.py:830} INFO - Processing file /home/pedro/.local/lib/python3.10/site-packages/airflow/example_dags/example_branch_labels.py for tasks to queue
[2024-06-09T12:21:35.680-0300] {logging_mixin.py:188} INFO - [2024-06-09T12:21:35.679-0300] {dagbag.py:545} INFO - Filling up the DagBag from /home/pedro/.local/lib/python3.10/site-packages/airflow/example_dags/example_branch_labels.py
[2024-06-09T12:21:35.689-0300] {processor.py:840} INFO - DAG(s) 'example_branch_labels' retrieved from /home/pedro/.local/lib/python3.10/site-packages/airflow/example_dags/example_branch_labels.py
[2024-06-09T12:21:35.698-0300] {logging_mixin.py:188} INFO - [2024-06-09T12:21:35.698-0300] {dag.py:3096} INFO - Sync 1 DAGs
[2024-06-09T12:21:35.709-0300] {logging_mixin.py:188} INFO - [2024-06-09T12:21:35.708-0300] {dag.py:3954} INFO - Setting next_dagrun for example_branch_labels to 2024-06-08 00:00:00+00:00, run_after=2024-06-09 00:00:00+00:00
[2024-06-09T12:21:35.724-0300] {processor.py:183} INFO - Processing /home/pedro/.local/lib/python3.10/site-packages/airflow/example_dags/example_branch_labels.py took 0.055 seconds
[2024-06-09T12:22:34.231-0300] {processor.py:161} INFO - Started process (PID=13904) to work on /home/pedro/.local/lib/python3.10/site-packages/airflow/example_dags/example_branch_labels.py
[2024-06-09T12:22:34.234-0300] {processor.py:830} INFO - Processing file /home/pedro/.local/lib/python3.10/site-packages/airflow/example_dags/example_branch_labels.py for tasks to queue
[2024-06-09T12:22:34.236-0300] {logging_mixin.py:188} INFO - [2024-06-09T12:22:34.236-0300] {dagbag.py:545} INFO - Filling up the DagBag from /home/pedro/.local/lib/python3.10/site-packages/airflow/example_dags/example_branch_labels.py
[2024-06-09T12:22:34.245-0300] {processor.py:840} INFO - DAG(s) 'example_branch_labels' retrieved from /home/pedro/.local/lib/python3.10/site-packages/airflow/example_dags/example_branch_labels.py
[2024-06-09T12:22:34.253-0300] {logging_mixin.py:188} INFO - [2024-06-09T12:22:34.253-0300] {dag.py:3096} INFO - Sync 1 DAGs
[2024-06-09T12:22:34.264-0300] {logging_mixin.py:188} INFO - [2024-06-09T12:22:34.263-0300] {dag.py:3954} INFO - Setting next_dagrun for example_branch_labels to 2024-06-08 00:00:00+00:00, run_after=2024-06-09 00:00:00+00:00
[2024-06-09T12:22:34.279-0300] {processor.py:183} INFO - Processing /home/pedro/.local/lib/python3.10/site-packages/airflow/example_dags/example_branch_labels.py took 0.051 seconds
[2024-06-09T12:23:39.579-0300] {processor.py:161} INFO - Started process (PID=14043) to work on /home/pedro/.local/lib/python3.10/site-packages/airflow/example_dags/example_branch_labels.py
[2024-06-09T12:23:39.581-0300] {processor.py:830} INFO - Processing file /home/pedro/.local/lib/python3.10/site-packages/airflow/example_dags/example_branch_labels.py for tasks to queue
[2024-06-09T12:23:39.582-0300] {logging_mixin.py:188} INFO - [2024-06-09T12:23:39.581-0300] {dagbag.py:545} INFO - Filling up the DagBag from /home/pedro/.local/lib/python3.10/site-packages/airflow/example_dags/example_branch_labels.py
[2024-06-09T12:23:39.588-0300] {processor.py:840} INFO - DAG(s) 'example_branch_labels' retrieved from /home/pedro/.local/lib/python3.10/site-packages/airflow/example_dags/example_branch_labels.py
[2024-06-09T12:23:39.598-0300] {logging_mixin.py:188} INFO - [2024-06-09T12:23:39.598-0300] {dag.py:3096} INFO - Sync 1 DAGs
[2024-06-09T12:23:39.611-0300] {logging_mixin.py:188} INFO - [2024-06-09T12:23:39.610-0300] {dag.py:3954} INFO - Setting next_dagrun for example_branch_labels to 2024-06-08 00:00:00+00:00, run_after=2024-06-09 00:00:00+00:00
[2024-06-09T12:23:39.626-0300] {processor.py:183} INFO - Processing /home/pedro/.local/lib/python3.10/site-packages/airflow/example_dags/example_branch_labels.py took 0.052 seconds
[2024-06-09T16:27:26.879-0300] {processor.py:161} INFO - Started process (PID=5142) to work on /home/pedro/.local/lib/python3.10/site-packages/airflow/example_dags/example_branch_labels.py
[2024-06-09T16:27:26.880-0300] {processor.py:830} INFO - Processing file /home/pedro/.local/lib/python3.10/site-packages/airflow/example_dags/example_branch_labels.py for tasks to queue
[2024-06-09T16:27:26.881-0300] {logging_mixin.py:188} INFO - [2024-06-09T16:27:26.880-0300] {dagbag.py:545} INFO - Filling up the DagBag from /home/pedro/.local/lib/python3.10/site-packages/airflow/example_dags/example_branch_labels.py
[2024-06-09T16:27:26.885-0300] {processor.py:840} INFO - DAG(s) 'example_branch_labels' retrieved from /home/pedro/.local/lib/python3.10/site-packages/airflow/example_dags/example_branch_labels.py
[2024-06-09T16:27:26.895-0300] {logging_mixin.py:188} INFO - [2024-06-09T16:27:26.894-0300] {dag.py:3096} INFO - Sync 1 DAGs
[2024-06-09T16:27:26.905-0300] {logging_mixin.py:188} INFO - [2024-06-09T16:27:26.905-0300] {dag.py:3954} INFO - Setting next_dagrun for example_branch_labels to 2024-06-08 00:00:00+00:00, run_after=2024-06-09 00:00:00+00:00
[2024-06-09T16:27:26.971-0300] {processor.py:183} INFO - Processing /home/pedro/.local/lib/python3.10/site-packages/airflow/example_dags/example_branch_labels.py took 0.095 seconds
[2024-06-09T16:31:54.371-0300] {processor.py:161} INFO - Started process (PID=7862) to work on /home/pedro/.local/lib/python3.10/site-packages/airflow/example_dags/example_branch_labels.py
[2024-06-09T16:31:54.372-0300] {processor.py:830} INFO - Processing file /home/pedro/.local/lib/python3.10/site-packages/airflow/example_dags/example_branch_labels.py for tasks to queue
[2024-06-09T16:31:54.374-0300] {logging_mixin.py:188} INFO - [2024-06-09T16:31:54.373-0300] {dagbag.py:545} INFO - Filling up the DagBag from /home/pedro/.local/lib/python3.10/site-packages/airflow/example_dags/example_branch_labels.py
[2024-06-09T16:31:54.380-0300] {processor.py:840} INFO - DAG(s) 'example_branch_labels' retrieved from /home/pedro/.local/lib/python3.10/site-packages/airflow/example_dags/example_branch_labels.py
[2024-06-09T16:31:54.388-0300] {logging_mixin.py:188} INFO - [2024-06-09T16:31:54.388-0300] {dag.py:3096} INFO - Sync 1 DAGs
[2024-06-09T16:31:54.399-0300] {logging_mixin.py:188} INFO - [2024-06-09T16:31:54.399-0300] {dag.py:3954} INFO - Setting next_dagrun for example_branch_labels to 2024-06-08 00:00:00+00:00, run_after=2024-06-09 00:00:00+00:00
[2024-06-09T16:31:54.412-0300] {processor.py:183} INFO - Processing /home/pedro/.local/lib/python3.10/site-packages/airflow/example_dags/example_branch_labels.py took 0.049 seconds
[2024-06-09T16:35:55.792-0300] {processor.py:161} INFO - Started process (PID=9200) to work on /home/pedro/.local/lib/python3.10/site-packages/airflow/example_dags/example_branch_labels.py
[2024-06-09T16:35:55.792-0300] {processor.py:830} INFO - Processing file /home/pedro/.local/lib/python3.10/site-packages/airflow/example_dags/example_branch_labels.py for tasks to queue
[2024-06-09T16:35:55.793-0300] {logging_mixin.py:188} INFO - [2024-06-09T16:35:55.793-0300] {dagbag.py:545} INFO - Filling up the DagBag from /home/pedro/.local/lib/python3.10/site-packages/airflow/example_dags/example_branch_labels.py
[2024-06-09T16:35:55.800-0300] {processor.py:840} INFO - DAG(s) 'example_branch_labels' retrieved from /home/pedro/.local/lib/python3.10/site-packages/airflow/example_dags/example_branch_labels.py
[2024-06-09T16:35:55.809-0300] {logging_mixin.py:188} INFO - [2024-06-09T16:35:55.809-0300] {dag.py:3096} INFO - Sync 1 DAGs
[2024-06-09T16:35:55.819-0300] {logging_mixin.py:188} INFO - [2024-06-09T16:35:55.818-0300] {dag.py:3954} INFO - Setting next_dagrun for example_branch_labels to 2024-06-08 00:00:00+00:00, run_after=2024-06-09 00:00:00+00:00
[2024-06-09T16:35:55.833-0300] {processor.py:183} INFO - Processing /home/pedro/.local/lib/python3.10/site-packages/airflow/example_dags/example_branch_labels.py took 0.046 seconds
[2024-06-09T16:39:48.123-0300] {processor.py:161} INFO - Started process (PID=10622) to work on /home/pedro/.local/lib/python3.10/site-packages/airflow/example_dags/example_branch_labels.py
[2024-06-09T16:39:48.126-0300] {processor.py:830} INFO - Processing file /home/pedro/.local/lib/python3.10/site-packages/airflow/example_dags/example_branch_labels.py for tasks to queue
[2024-06-09T16:39:48.127-0300] {logging_mixin.py:188} INFO - [2024-06-09T16:39:48.127-0300] {dagbag.py:545} INFO - Filling up the DagBag from /home/pedro/.local/lib/python3.10/site-packages/airflow/example_dags/example_branch_labels.py
[2024-06-09T16:39:48.133-0300] {processor.py:840} INFO - DAG(s) 'example_branch_labels' retrieved from /home/pedro/.local/lib/python3.10/site-packages/airflow/example_dags/example_branch_labels.py
[2024-06-09T16:39:48.142-0300] {logging_mixin.py:188} INFO - [2024-06-09T16:39:48.142-0300] {dag.py:3096} INFO - Sync 1 DAGs
[2024-06-09T16:39:48.154-0300] {logging_mixin.py:188} INFO - [2024-06-09T16:39:48.154-0300] {dag.py:3954} INFO - Setting next_dagrun for example_branch_labels to 2024-06-08 00:00:00+00:00, run_after=2024-06-09 00:00:00+00:00
[2024-06-09T16:39:48.170-0300] {processor.py:183} INFO - Processing /home/pedro/.local/lib/python3.10/site-packages/airflow/example_dags/example_branch_labels.py took 0.050 seconds
[2024-06-09T16:43:41.374-0300] {processor.py:161} INFO - Started process (PID=12011) to work on /home/pedro/.local/lib/python3.10/site-packages/airflow/example_dags/example_branch_labels.py
[2024-06-09T16:43:41.377-0300] {processor.py:830} INFO - Processing file /home/pedro/.local/lib/python3.10/site-packages/airflow/example_dags/example_branch_labels.py for tasks to queue
[2024-06-09T16:43:41.378-0300] {logging_mixin.py:188} INFO - [2024-06-09T16:43:41.378-0300] {dagbag.py:545} INFO - Filling up the DagBag from /home/pedro/.local/lib/python3.10/site-packages/airflow/example_dags/example_branch_labels.py
[2024-06-09T16:43:41.385-0300] {processor.py:840} INFO - DAG(s) 'example_branch_labels' retrieved from /home/pedro/.local/lib/python3.10/site-packages/airflow/example_dags/example_branch_labels.py
[2024-06-09T16:43:41.394-0300] {logging_mixin.py:188} INFO - [2024-06-09T16:43:41.394-0300] {dag.py:3096} INFO - Sync 1 DAGs
[2024-06-09T16:43:41.405-0300] {logging_mixin.py:188} INFO - [2024-06-09T16:43:41.405-0300] {dag.py:3954} INFO - Setting next_dagrun for example_branch_labels to 2024-06-08 00:00:00+00:00, run_after=2024-06-09 00:00:00+00:00
[2024-06-09T16:43:41.422-0300] {processor.py:183} INFO - Processing /home/pedro/.local/lib/python3.10/site-packages/airflow/example_dags/example_branch_labels.py took 0.051 seconds
[2024-06-09T16:48:02.975-0300] {processor.py:161} INFO - Started process (PID=13492) to work on /home/pedro/.local/lib/python3.10/site-packages/airflow/example_dags/example_branch_labels.py
[2024-06-09T16:48:02.978-0300] {processor.py:830} INFO - Processing file /home/pedro/.local/lib/python3.10/site-packages/airflow/example_dags/example_branch_labels.py for tasks to queue
[2024-06-09T16:48:02.979-0300] {logging_mixin.py:188} INFO - [2024-06-09T16:48:02.979-0300] {dagbag.py:545} INFO - Filling up the DagBag from /home/pedro/.local/lib/python3.10/site-packages/airflow/example_dags/example_branch_labels.py
[2024-06-09T16:48:02.984-0300] {processor.py:840} INFO - DAG(s) 'example_branch_labels' retrieved from /home/pedro/.local/lib/python3.10/site-packages/airflow/example_dags/example_branch_labels.py
[2024-06-09T16:48:02.992-0300] {logging_mixin.py:188} INFO - [2024-06-09T16:48:02.992-0300] {dag.py:3096} INFO - Sync 1 DAGs
[2024-06-09T16:48:03.003-0300] {logging_mixin.py:188} INFO - [2024-06-09T16:48:03.003-0300] {dag.py:3954} INFO - Setting next_dagrun for example_branch_labels to 2024-06-08 00:00:00+00:00, run_after=2024-06-09 00:00:00+00:00
[2024-06-09T16:48:03.019-0300] {processor.py:183} INFO - Processing /home/pedro/.local/lib/python3.10/site-packages/airflow/example_dags/example_branch_labels.py took 0.047 seconds
[2024-06-09T16:52:03.500-0300] {processor.py:161} INFO - Started process (PID=14958) to work on /home/pedro/.local/lib/python3.10/site-packages/airflow/example_dags/example_branch_labels.py
[2024-06-09T16:52:03.500-0300] {processor.py:830} INFO - Processing file /home/pedro/.local/lib/python3.10/site-packages/airflow/example_dags/example_branch_labels.py for tasks to queue
[2024-06-09T16:52:03.501-0300] {logging_mixin.py:188} INFO - [2024-06-09T16:52:03.501-0300] {dagbag.py:545} INFO - Filling up the DagBag from /home/pedro/.local/lib/python3.10/site-packages/airflow/example_dags/example_branch_labels.py
[2024-06-09T16:52:03.506-0300] {processor.py:840} INFO - DAG(s) 'example_branch_labels' retrieved from /home/pedro/.local/lib/python3.10/site-packages/airflow/example_dags/example_branch_labels.py
[2024-06-09T16:52:03.515-0300] {logging_mixin.py:188} INFO - [2024-06-09T16:52:03.514-0300] {dag.py:3096} INFO - Sync 1 DAGs
[2024-06-09T16:52:03.525-0300] {logging_mixin.py:188} INFO - [2024-06-09T16:52:03.525-0300] {dag.py:3954} INFO - Setting next_dagrun for example_branch_labels to 2024-06-08 00:00:00+00:00, run_after=2024-06-09 00:00:00+00:00
[2024-06-09T16:52:03.538-0300] {processor.py:183} INFO - Processing /home/pedro/.local/lib/python3.10/site-packages/airflow/example_dags/example_branch_labels.py took 0.042 seconds
[2024-06-09T16:56:18.071-0300] {processor.py:161} INFO - Started process (PID=16416) to work on /home/pedro/.local/lib/python3.10/site-packages/airflow/example_dags/example_branch_labels.py
[2024-06-09T16:56:18.074-0300] {processor.py:830} INFO - Processing file /home/pedro/.local/lib/python3.10/site-packages/airflow/example_dags/example_branch_labels.py for tasks to queue
[2024-06-09T16:56:18.075-0300] {logging_mixin.py:188} INFO - [2024-06-09T16:56:18.075-0300] {dagbag.py:545} INFO - Filling up the DagBag from /home/pedro/.local/lib/python3.10/site-packages/airflow/example_dags/example_branch_labels.py
[2024-06-09T16:56:18.083-0300] {processor.py:840} INFO - DAG(s) 'example_branch_labels' retrieved from /home/pedro/.local/lib/python3.10/site-packages/airflow/example_dags/example_branch_labels.py
[2024-06-09T16:56:18.093-0300] {logging_mixin.py:188} INFO - [2024-06-09T16:56:18.093-0300] {dag.py:3096} INFO - Sync 1 DAGs
[2024-06-09T16:56:18.108-0300] {logging_mixin.py:188} INFO - [2024-06-09T16:56:18.108-0300] {dag.py:3954} INFO - Setting next_dagrun for example_branch_labels to 2024-06-08 00:00:00+00:00, run_after=2024-06-09 00:00:00+00:00
[2024-06-09T16:56:18.125-0300] {processor.py:183} INFO - Processing /home/pedro/.local/lib/python3.10/site-packages/airflow/example_dags/example_branch_labels.py took 0.060 seconds
