[2024-06-09T11:45:57.247-0300] {processor.py:161} INFO - Started process (PID=6139) to work on /home/pedro/.local/lib/python3.10/site-packages/airflow/example_dags/example_branch_python_dop_operator_3.py
[2024-06-09T11:45:57.247-0300] {processor.py:830} INFO - Processing file /home/pedro/.local/lib/python3.10/site-packages/airflow/example_dags/example_branch_python_dop_operator_3.py for tasks to queue
[2024-06-09T11:45:57.248-0300] {logging_mixin.py:188} INFO - [2024-06-09T11:45:57.248-0300] {dagbag.py:545} INFO - Filling up the DagBag from /home/pedro/.local/lib/python3.10/site-packages/airflow/example_dags/example_branch_python_dop_operator_3.py
[2024-06-09T11:45:57.254-0300] {processor.py:840} INFO - DAG(s) 'example_branch_dop_operator_v3' retrieved from /home/pedro/.local/lib/python3.10/site-packages/airflow/example_dags/example_branch_python_dop_operator_3.py
[2024-06-09T11:45:57.263-0300] {logging_mixin.py:188} INFO - [2024-06-09T11:45:57.263-0300] {dag.py:3096} INFO - Sync 1 DAGs
[2024-06-09T11:45:57.278-0300] {logging_mixin.py:188} INFO - [2024-06-09T11:45:57.278-0300] {dag.py:3954} INFO - Setting next_dagrun for example_branch_dop_operator_v3 to 2024-06-09 14:44:00+00:00, run_after=2024-06-09 14:45:00+00:00
[2024-06-09T11:45:57.352-0300] {processor.py:183} INFO - Processing /home/pedro/.local/lib/python3.10/site-packages/airflow/example_dags/example_branch_python_dop_operator_3.py took 0.109 seconds
[2024-06-09T11:47:05.266-0300] {processor.py:161} INFO - Started process (PID=7347) to work on /home/pedro/.local/lib/python3.10/site-packages/airflow/example_dags/example_branch_python_dop_operator_3.py
[2024-06-09T11:47:05.270-0300] {processor.py:830} INFO - Processing file /home/pedro/.local/lib/python3.10/site-packages/airflow/example_dags/example_branch_python_dop_operator_3.py for tasks to queue
[2024-06-09T11:47:05.272-0300] {logging_mixin.py:188} INFO - [2024-06-09T11:47:05.272-0300] {dagbag.py:545} INFO - Filling up the DagBag from /home/pedro/.local/lib/python3.10/site-packages/airflow/example_dags/example_branch_python_dop_operator_3.py
[2024-06-09T11:47:05.282-0300] {processor.py:840} INFO - DAG(s) 'example_branch_dop_operator_v3' retrieved from /home/pedro/.local/lib/python3.10/site-packages/airflow/example_dags/example_branch_python_dop_operator_3.py
[2024-06-09T11:47:05.289-0300] {logging_mixin.py:188} INFO - [2024-06-09T11:47:05.289-0300] {dag.py:3096} INFO - Sync 1 DAGs
[2024-06-09T11:47:05.302-0300] {logging_mixin.py:188} INFO - [2024-06-09T11:47:05.301-0300] {dag.py:3954} INFO - Setting next_dagrun for example_branch_dop_operator_v3 to 2024-06-09 14:46:00+00:00, run_after=2024-06-09 14:47:00+00:00
[2024-06-09T11:47:05.316-0300] {processor.py:183} INFO - Processing /home/pedro/.local/lib/python3.10/site-packages/airflow/example_dags/example_branch_python_dop_operator_3.py took 0.054 seconds
[2024-06-09T11:48:08.389-0300] {processor.py:161} INFO - Started process (PID=7462) to work on /home/pedro/.local/lib/python3.10/site-packages/airflow/example_dags/example_branch_python_dop_operator_3.py
[2024-06-09T11:48:08.393-0300] {processor.py:830} INFO - Processing file /home/pedro/.local/lib/python3.10/site-packages/airflow/example_dags/example_branch_python_dop_operator_3.py for tasks to queue
[2024-06-09T11:48:08.395-0300] {logging_mixin.py:188} INFO - [2024-06-09T11:48:08.395-0300] {dagbag.py:545} INFO - Filling up the DagBag from /home/pedro/.local/lib/python3.10/site-packages/airflow/example_dags/example_branch_python_dop_operator_3.py
[2024-06-09T11:48:08.405-0300] {processor.py:840} INFO - DAG(s) 'example_branch_dop_operator_v3' retrieved from /home/pedro/.local/lib/python3.10/site-packages/airflow/example_dags/example_branch_python_dop_operator_3.py
[2024-06-09T11:48:08.413-0300] {logging_mixin.py:188} INFO - [2024-06-09T11:48:08.413-0300] {dag.py:3096} INFO - Sync 1 DAGs
[2024-06-09T11:48:08.424-0300] {logging_mixin.py:188} INFO - [2024-06-09T11:48:08.424-0300] {dag.py:3954} INFO - Setting next_dagrun for example_branch_dop_operator_v3 to 2024-06-09 14:47:00+00:00, run_after=2024-06-09 14:48:00+00:00
[2024-06-09T11:48:08.439-0300] {processor.py:183} INFO - Processing /home/pedro/.local/lib/python3.10/site-packages/airflow/example_dags/example_branch_python_dop_operator_3.py took 0.056 seconds
[2024-06-09T11:49:11.327-0300] {processor.py:161} INFO - Started process (PID=7732) to work on /home/pedro/.local/lib/python3.10/site-packages/airflow/example_dags/example_branch_python_dop_operator_3.py
[2024-06-09T11:49:11.330-0300] {processor.py:830} INFO - Processing file /home/pedro/.local/lib/python3.10/site-packages/airflow/example_dags/example_branch_python_dop_operator_3.py for tasks to queue
[2024-06-09T11:49:11.332-0300] {logging_mixin.py:188} INFO - [2024-06-09T11:49:11.332-0300] {dagbag.py:545} INFO - Filling up the DagBag from /home/pedro/.local/lib/python3.10/site-packages/airflow/example_dags/example_branch_python_dop_operator_3.py
[2024-06-09T11:49:11.340-0300] {processor.py:840} INFO - DAG(s) 'example_branch_dop_operator_v3' retrieved from /home/pedro/.local/lib/python3.10/site-packages/airflow/example_dags/example_branch_python_dop_operator_3.py
[2024-06-09T11:49:11.347-0300] {logging_mixin.py:188} INFO - [2024-06-09T11:49:11.347-0300] {dag.py:3096} INFO - Sync 1 DAGs
[2024-06-09T11:49:11.359-0300] {logging_mixin.py:188} INFO - [2024-06-09T11:49:11.359-0300] {dag.py:3954} INFO - Setting next_dagrun for example_branch_dop_operator_v3 to 2024-06-09 14:48:00+00:00, run_after=2024-06-09 14:49:00+00:00
[2024-06-09T11:49:11.373-0300] {processor.py:183} INFO - Processing /home/pedro/.local/lib/python3.10/site-packages/airflow/example_dags/example_branch_python_dop_operator_3.py took 0.057 seconds
[2024-06-09T11:50:17.054-0300] {processor.py:161} INFO - Started process (PID=7972) to work on /home/pedro/.local/lib/python3.10/site-packages/airflow/example_dags/example_branch_python_dop_operator_3.py
[2024-06-09T11:50:17.058-0300] {processor.py:830} INFO - Processing file /home/pedro/.local/lib/python3.10/site-packages/airflow/example_dags/example_branch_python_dop_operator_3.py for tasks to queue
[2024-06-09T11:50:17.059-0300] {logging_mixin.py:188} INFO - [2024-06-09T11:50:17.058-0300] {dagbag.py:545} INFO - Filling up the DagBag from /home/pedro/.local/lib/python3.10/site-packages/airflow/example_dags/example_branch_python_dop_operator_3.py
[2024-06-09T11:50:17.065-0300] {processor.py:840} INFO - DAG(s) 'example_branch_dop_operator_v3' retrieved from /home/pedro/.local/lib/python3.10/site-packages/airflow/example_dags/example_branch_python_dop_operator_3.py
[2024-06-09T11:50:17.072-0300] {logging_mixin.py:188} INFO - [2024-06-09T11:50:17.072-0300] {dag.py:3096} INFO - Sync 1 DAGs
[2024-06-09T11:50:17.084-0300] {logging_mixin.py:188} INFO - [2024-06-09T11:50:17.084-0300] {dag.py:3954} INFO - Setting next_dagrun for example_branch_dop_operator_v3 to 2024-06-09 14:49:00+00:00, run_after=2024-06-09 14:50:00+00:00
[2024-06-09T11:50:17.101-0300] {processor.py:183} INFO - Processing /home/pedro/.local/lib/python3.10/site-packages/airflow/example_dags/example_branch_python_dop_operator_3.py took 0.058 seconds
[2024-06-09T11:51:25.827-0300] {processor.py:161} INFO - Started process (PID=8210) to work on /home/pedro/.local/lib/python3.10/site-packages/airflow/example_dags/example_branch_python_dop_operator_3.py
[2024-06-09T11:51:25.828-0300] {processor.py:830} INFO - Processing file /home/pedro/.local/lib/python3.10/site-packages/airflow/example_dags/example_branch_python_dop_operator_3.py for tasks to queue
[2024-06-09T11:51:25.829-0300] {logging_mixin.py:188} INFO - [2024-06-09T11:51:25.829-0300] {dagbag.py:545} INFO - Filling up the DagBag from /home/pedro/.local/lib/python3.10/site-packages/airflow/example_dags/example_branch_python_dop_operator_3.py
[2024-06-09T11:51:25.836-0300] {processor.py:840} INFO - DAG(s) 'example_branch_dop_operator_v3' retrieved from /home/pedro/.local/lib/python3.10/site-packages/airflow/example_dags/example_branch_python_dop_operator_3.py
[2024-06-09T11:51:25.844-0300] {logging_mixin.py:188} INFO - [2024-06-09T11:51:25.844-0300] {dag.py:3096} INFO - Sync 1 DAGs
[2024-06-09T11:51:25.855-0300] {logging_mixin.py:188} INFO - [2024-06-09T11:51:25.855-0300] {dag.py:3954} INFO - Setting next_dagrun for example_branch_dop_operator_v3 to 2024-06-09 14:50:00+00:00, run_after=2024-06-09 14:51:00+00:00
[2024-06-09T11:51:25.869-0300] {processor.py:183} INFO - Processing /home/pedro/.local/lib/python3.10/site-packages/airflow/example_dags/example_branch_python_dop_operator_3.py took 0.046 seconds
[2024-06-09T11:52:29.681-0300] {processor.py:161} INFO - Started process (PID=8361) to work on /home/pedro/.local/lib/python3.10/site-packages/airflow/example_dags/example_branch_python_dop_operator_3.py
[2024-06-09T11:52:29.684-0300] {processor.py:830} INFO - Processing file /home/pedro/.local/lib/python3.10/site-packages/airflow/example_dags/example_branch_python_dop_operator_3.py for tasks to queue
[2024-06-09T11:52:29.685-0300] {logging_mixin.py:188} INFO - [2024-06-09T11:52:29.684-0300] {dagbag.py:545} INFO - Filling up the DagBag from /home/pedro/.local/lib/python3.10/site-packages/airflow/example_dags/example_branch_python_dop_operator_3.py
[2024-06-09T11:52:29.694-0300] {processor.py:840} INFO - DAG(s) 'example_branch_dop_operator_v3' retrieved from /home/pedro/.local/lib/python3.10/site-packages/airflow/example_dags/example_branch_python_dop_operator_3.py
[2024-06-09T11:52:29.701-0300] {logging_mixin.py:188} INFO - [2024-06-09T11:52:29.701-0300] {dag.py:3096} INFO - Sync 1 DAGs
[2024-06-09T11:52:29.713-0300] {logging_mixin.py:188} INFO - [2024-06-09T11:52:29.713-0300] {dag.py:3954} INFO - Setting next_dagrun for example_branch_dop_operator_v3 to 2024-06-09 14:51:00+00:00, run_after=2024-06-09 14:52:00+00:00
[2024-06-09T11:52:29.727-0300] {processor.py:183} INFO - Processing /home/pedro/.local/lib/python3.10/site-packages/airflow/example_dags/example_branch_python_dop_operator_3.py took 0.051 seconds
[2024-06-09T11:53:28.985-0300] {processor.py:161} INFO - Started process (PID=8515) to work on /home/pedro/.local/lib/python3.10/site-packages/airflow/example_dags/example_branch_python_dop_operator_3.py
[2024-06-09T11:53:28.988-0300] {processor.py:830} INFO - Processing file /home/pedro/.local/lib/python3.10/site-packages/airflow/example_dags/example_branch_python_dop_operator_3.py for tasks to queue
[2024-06-09T11:53:28.990-0300] {logging_mixin.py:188} INFO - [2024-06-09T11:53:28.989-0300] {dagbag.py:545} INFO - Filling up the DagBag from /home/pedro/.local/lib/python3.10/site-packages/airflow/example_dags/example_branch_python_dop_operator_3.py
[2024-06-09T11:53:28.996-0300] {processor.py:840} INFO - DAG(s) 'example_branch_dop_operator_v3' retrieved from /home/pedro/.local/lib/python3.10/site-packages/airflow/example_dags/example_branch_python_dop_operator_3.py
[2024-06-09T11:53:29.007-0300] {logging_mixin.py:188} INFO - [2024-06-09T11:53:29.007-0300] {dag.py:3096} INFO - Sync 1 DAGs
[2024-06-09T11:53:29.023-0300] {logging_mixin.py:188} INFO - [2024-06-09T11:53:29.022-0300] {dag.py:3954} INFO - Setting next_dagrun for example_branch_dop_operator_v3 to 2024-06-09 14:52:00+00:00, run_after=2024-06-09 14:53:00+00:00
[2024-06-09T11:53:29.037-0300] {processor.py:183} INFO - Processing /home/pedro/.local/lib/python3.10/site-packages/airflow/example_dags/example_branch_python_dop_operator_3.py took 0.060 seconds
[2024-06-09T11:54:30.888-0300] {processor.py:161} INFO - Started process (PID=8629) to work on /home/pedro/.local/lib/python3.10/site-packages/airflow/example_dags/example_branch_python_dop_operator_3.py
[2024-06-09T11:54:30.891-0300] {processor.py:830} INFO - Processing file /home/pedro/.local/lib/python3.10/site-packages/airflow/example_dags/example_branch_python_dop_operator_3.py for tasks to queue
[2024-06-09T11:54:30.894-0300] {logging_mixin.py:188} INFO - [2024-06-09T11:54:30.893-0300] {dagbag.py:545} INFO - Filling up the DagBag from /home/pedro/.local/lib/python3.10/site-packages/airflow/example_dags/example_branch_python_dop_operator_3.py
[2024-06-09T11:54:30.902-0300] {processor.py:840} INFO - DAG(s) 'example_branch_dop_operator_v3' retrieved from /home/pedro/.local/lib/python3.10/site-packages/airflow/example_dags/example_branch_python_dop_operator_3.py
[2024-06-09T11:54:30.910-0300] {logging_mixin.py:188} INFO - [2024-06-09T11:54:30.910-0300] {dag.py:3096} INFO - Sync 1 DAGs
[2024-06-09T11:54:30.922-0300] {logging_mixin.py:188} INFO - [2024-06-09T11:54:30.922-0300] {dag.py:3954} INFO - Setting next_dagrun for example_branch_dop_operator_v3 to 2024-06-09 14:53:00+00:00, run_after=2024-06-09 14:54:00+00:00
[2024-06-09T11:54:30.936-0300] {processor.py:183} INFO - Processing /home/pedro/.local/lib/python3.10/site-packages/airflow/example_dags/example_branch_python_dop_operator_3.py took 0.053 seconds
[2024-06-09T11:55:29.855-0300] {processor.py:161} INFO - Started process (PID=8762) to work on /home/pedro/.local/lib/python3.10/site-packages/airflow/example_dags/example_branch_python_dop_operator_3.py
[2024-06-09T11:55:29.859-0300] {processor.py:830} INFO - Processing file /home/pedro/.local/lib/python3.10/site-packages/airflow/example_dags/example_branch_python_dop_operator_3.py for tasks to queue
[2024-06-09T11:55:29.861-0300] {logging_mixin.py:188} INFO - [2024-06-09T11:55:29.860-0300] {dagbag.py:545} INFO - Filling up the DagBag from /home/pedro/.local/lib/python3.10/site-packages/airflow/example_dags/example_branch_python_dop_operator_3.py
[2024-06-09T11:55:29.868-0300] {processor.py:840} INFO - DAG(s) 'example_branch_dop_operator_v3' retrieved from /home/pedro/.local/lib/python3.10/site-packages/airflow/example_dags/example_branch_python_dop_operator_3.py
[2024-06-09T11:55:29.877-0300] {logging_mixin.py:188} INFO - [2024-06-09T11:55:29.877-0300] {dag.py:3096} INFO - Sync 1 DAGs
[2024-06-09T11:55:29.890-0300] {logging_mixin.py:188} INFO - [2024-06-09T11:55:29.890-0300] {dag.py:3954} INFO - Setting next_dagrun for example_branch_dop_operator_v3 to 2024-06-09 14:54:00+00:00, run_after=2024-06-09 14:55:00+00:00
[2024-06-09T11:55:29.905-0300] {processor.py:183} INFO - Processing /home/pedro/.local/lib/python3.10/site-packages/airflow/example_dags/example_branch_python_dop_operator_3.py took 0.060 seconds
[2024-06-09T11:58:19.361-0300] {processor.py:161} INFO - Started process (PID=9887) to work on /home/pedro/.local/lib/python3.10/site-packages/airflow/example_dags/example_branch_python_dop_operator_3.py
[2024-06-09T11:58:19.365-0300] {processor.py:830} INFO - Processing file /home/pedro/.local/lib/python3.10/site-packages/airflow/example_dags/example_branch_python_dop_operator_3.py for tasks to queue
[2024-06-09T11:58:19.366-0300] {logging_mixin.py:188} INFO - [2024-06-09T11:58:19.366-0300] {dagbag.py:545} INFO - Filling up the DagBag from /home/pedro/.local/lib/python3.10/site-packages/airflow/example_dags/example_branch_python_dop_operator_3.py
[2024-06-09T11:58:19.373-0300] {processor.py:840} INFO - DAG(s) 'example_branch_dop_operator_v3' retrieved from /home/pedro/.local/lib/python3.10/site-packages/airflow/example_dags/example_branch_python_dop_operator_3.py
[2024-06-09T11:58:19.383-0300] {logging_mixin.py:188} INFO - [2024-06-09T11:58:19.383-0300] {dag.py:3096} INFO - Sync 1 DAGs
[2024-06-09T11:58:19.399-0300] {logging_mixin.py:188} INFO - [2024-06-09T11:58:19.399-0300] {dag.py:3954} INFO - Setting next_dagrun for example_branch_dop_operator_v3 to 2024-06-09 14:57:00+00:00, run_after=2024-06-09 14:58:00+00:00
[2024-06-09T11:58:19.489-0300] {processor.py:183} INFO - Processing /home/pedro/.local/lib/python3.10/site-packages/airflow/example_dags/example_branch_python_dop_operator_3.py took 0.133 seconds
[2024-06-09T11:59:47.413-0300] {processor.py:161} INFO - Started process (PID=10768) to work on /home/pedro/.local/lib/python3.10/site-packages/airflow/example_dags/example_branch_python_dop_operator_3.py
[2024-06-09T11:59:47.416-0300] {processor.py:830} INFO - Processing file /home/pedro/.local/lib/python3.10/site-packages/airflow/example_dags/example_branch_python_dop_operator_3.py for tasks to queue
[2024-06-09T11:59:47.418-0300] {logging_mixin.py:188} INFO - [2024-06-09T11:59:47.418-0300] {dagbag.py:545} INFO - Filling up the DagBag from /home/pedro/.local/lib/python3.10/site-packages/airflow/example_dags/example_branch_python_dop_operator_3.py
[2024-06-09T11:59:47.427-0300] {processor.py:840} INFO - DAG(s) 'example_branch_dop_operator_v3' retrieved from /home/pedro/.local/lib/python3.10/site-packages/airflow/example_dags/example_branch_python_dop_operator_3.py
[2024-06-09T11:59:47.434-0300] {logging_mixin.py:188} INFO - [2024-06-09T11:59:47.434-0300] {dag.py:3096} INFO - Sync 1 DAGs
[2024-06-09T11:59:47.446-0300] {logging_mixin.py:188} INFO - [2024-06-09T11:59:47.446-0300] {dag.py:3954} INFO - Setting next_dagrun for example_branch_dop_operator_v3 to 2024-06-09 14:58:00+00:00, run_after=2024-06-09 14:59:00+00:00
[2024-06-09T11:59:47.524-0300] {processor.py:183} INFO - Processing /home/pedro/.local/lib/python3.10/site-packages/airflow/example_dags/example_branch_python_dop_operator_3.py took 0.119 seconds
[2024-06-09T12:00:54.569-0300] {processor.py:161} INFO - Started process (PID=10870) to work on /home/pedro/.local/lib/python3.10/site-packages/airflow/example_dags/example_branch_python_dop_operator_3.py
[2024-06-09T12:00:54.572-0300] {processor.py:830} INFO - Processing file /home/pedro/.local/lib/python3.10/site-packages/airflow/example_dags/example_branch_python_dop_operator_3.py for tasks to queue
[2024-06-09T12:00:54.574-0300] {logging_mixin.py:188} INFO - [2024-06-09T12:00:54.573-0300] {dagbag.py:545} INFO - Filling up the DagBag from /home/pedro/.local/lib/python3.10/site-packages/airflow/example_dags/example_branch_python_dop_operator_3.py
[2024-06-09T12:00:54.580-0300] {processor.py:840} INFO - DAG(s) 'example_branch_dop_operator_v3' retrieved from /home/pedro/.local/lib/python3.10/site-packages/airflow/example_dags/example_branch_python_dop_operator_3.py
[2024-06-09T12:00:54.590-0300] {logging_mixin.py:188} INFO - [2024-06-09T12:00:54.590-0300] {dag.py:3096} INFO - Sync 1 DAGs
[2024-06-09T12:00:54.605-0300] {logging_mixin.py:188} INFO - [2024-06-09T12:00:54.604-0300] {dag.py:3954} INFO - Setting next_dagrun for example_branch_dop_operator_v3 to 2024-06-09 14:59:00+00:00, run_after=2024-06-09 15:00:00+00:00
[2024-06-09T12:00:54.627-0300] {processor.py:183} INFO - Processing /home/pedro/.local/lib/python3.10/site-packages/airflow/example_dags/example_branch_python_dop_operator_3.py took 0.061 seconds
[2024-06-09T12:01:58.763-0300] {processor.py:161} INFO - Started process (PID=11208) to work on /home/pedro/.local/lib/python3.10/site-packages/airflow/example_dags/example_branch_python_dop_operator_3.py
[2024-06-09T12:01:58.766-0300] {processor.py:830} INFO - Processing file /home/pedro/.local/lib/python3.10/site-packages/airflow/example_dags/example_branch_python_dop_operator_3.py for tasks to queue
[2024-06-09T12:01:58.768-0300] {logging_mixin.py:188} INFO - [2024-06-09T12:01:58.768-0300] {dagbag.py:545} INFO - Filling up the DagBag from /home/pedro/.local/lib/python3.10/site-packages/airflow/example_dags/example_branch_python_dop_operator_3.py
[2024-06-09T12:01:58.776-0300] {processor.py:840} INFO - DAG(s) 'example_branch_dop_operator_v3' retrieved from /home/pedro/.local/lib/python3.10/site-packages/airflow/example_dags/example_branch_python_dop_operator_3.py
[2024-06-09T12:01:58.785-0300] {logging_mixin.py:188} INFO - [2024-06-09T12:01:58.785-0300] {dag.py:3096} INFO - Sync 1 DAGs
[2024-06-09T12:01:58.798-0300] {logging_mixin.py:188} INFO - [2024-06-09T12:01:58.798-0300] {dag.py:3954} INFO - Setting next_dagrun for example_branch_dop_operator_v3 to 2024-06-09 15:00:00+00:00, run_after=2024-06-09 15:01:00+00:00
[2024-06-09T12:01:58.816-0300] {processor.py:183} INFO - Processing /home/pedro/.local/lib/python3.10/site-packages/airflow/example_dags/example_branch_python_dop_operator_3.py took 0.061 seconds
[2024-06-09T12:03:05.869-0300] {processor.py:161} INFO - Started process (PID=11337) to work on /home/pedro/.local/lib/python3.10/site-packages/airflow/example_dags/example_branch_python_dop_operator_3.py
[2024-06-09T12:03:05.872-0300] {processor.py:830} INFO - Processing file /home/pedro/.local/lib/python3.10/site-packages/airflow/example_dags/example_branch_python_dop_operator_3.py for tasks to queue
[2024-06-09T12:03:05.875-0300] {logging_mixin.py:188} INFO - [2024-06-09T12:03:05.874-0300] {dagbag.py:545} INFO - Filling up the DagBag from /home/pedro/.local/lib/python3.10/site-packages/airflow/example_dags/example_branch_python_dop_operator_3.py
[2024-06-09T12:03:05.883-0300] {processor.py:840} INFO - DAG(s) 'example_branch_dop_operator_v3' retrieved from /home/pedro/.local/lib/python3.10/site-packages/airflow/example_dags/example_branch_python_dop_operator_3.py
[2024-06-09T12:03:05.892-0300] {logging_mixin.py:188} INFO - [2024-06-09T12:03:05.892-0300] {dag.py:3096} INFO - Sync 1 DAGs
[2024-06-09T12:03:05.904-0300] {logging_mixin.py:188} INFO - [2024-06-09T12:03:05.904-0300] {dag.py:3954} INFO - Setting next_dagrun for example_branch_dop_operator_v3 to 2024-06-09 15:02:00+00:00, run_after=2024-06-09 15:03:00+00:00
[2024-06-09T12:03:05.921-0300] {processor.py:183} INFO - Processing /home/pedro/.local/lib/python3.10/site-packages/airflow/example_dags/example_branch_python_dop_operator_3.py took 0.061 seconds
[2024-06-09T12:04:05.679-0300] {processor.py:161} INFO - Started process (PID=11474) to work on /home/pedro/.local/lib/python3.10/site-packages/airflow/example_dags/example_branch_python_dop_operator_3.py
[2024-06-09T12:04:05.682-0300] {processor.py:830} INFO - Processing file /home/pedro/.local/lib/python3.10/site-packages/airflow/example_dags/example_branch_python_dop_operator_3.py for tasks to queue
[2024-06-09T12:04:05.684-0300] {logging_mixin.py:188} INFO - [2024-06-09T12:04:05.684-0300] {dagbag.py:545} INFO - Filling up the DagBag from /home/pedro/.local/lib/python3.10/site-packages/airflow/example_dags/example_branch_python_dop_operator_3.py
[2024-06-09T12:04:05.692-0300] {processor.py:840} INFO - DAG(s) 'example_branch_dop_operator_v3' retrieved from /home/pedro/.local/lib/python3.10/site-packages/airflow/example_dags/example_branch_python_dop_operator_3.py
[2024-06-09T12:04:05.701-0300] {logging_mixin.py:188} INFO - [2024-06-09T12:04:05.701-0300] {dag.py:3096} INFO - Sync 1 DAGs
[2024-06-09T12:04:05.714-0300] {logging_mixin.py:188} INFO - [2024-06-09T12:04:05.714-0300] {dag.py:3954} INFO - Setting next_dagrun for example_branch_dop_operator_v3 to 2024-06-09 15:03:00+00:00, run_after=2024-06-09 15:04:00+00:00
[2024-06-09T12:04:05.732-0300] {processor.py:183} INFO - Processing /home/pedro/.local/lib/python3.10/site-packages/airflow/example_dags/example_branch_python_dop_operator_3.py took 0.060 seconds
[2024-06-09T12:05:06.968-0300] {processor.py:161} INFO - Started process (PID=11596) to work on /home/pedro/.local/lib/python3.10/site-packages/airflow/example_dags/example_branch_python_dop_operator_3.py
[2024-06-09T12:05:06.971-0300] {processor.py:830} INFO - Processing file /home/pedro/.local/lib/python3.10/site-packages/airflow/example_dags/example_branch_python_dop_operator_3.py for tasks to queue
[2024-06-09T12:05:06.974-0300] {logging_mixin.py:188} INFO - [2024-06-09T12:05:06.973-0300] {dagbag.py:545} INFO - Filling up the DagBag from /home/pedro/.local/lib/python3.10/site-packages/airflow/example_dags/example_branch_python_dop_operator_3.py
[2024-06-09T12:05:06.981-0300] {processor.py:840} INFO - DAG(s) 'example_branch_dop_operator_v3' retrieved from /home/pedro/.local/lib/python3.10/site-packages/airflow/example_dags/example_branch_python_dop_operator_3.py
[2024-06-09T12:05:06.991-0300] {logging_mixin.py:188} INFO - [2024-06-09T12:05:06.991-0300] {dag.py:3096} INFO - Sync 1 DAGs
[2024-06-09T12:05:07.004-0300] {logging_mixin.py:188} INFO - [2024-06-09T12:05:07.004-0300] {dag.py:3954} INFO - Setting next_dagrun for example_branch_dop_operator_v3 to 2024-06-09 15:04:00+00:00, run_after=2024-06-09 15:05:00+00:00
[2024-06-09T12:05:07.022-0300] {processor.py:183} INFO - Processing /home/pedro/.local/lib/python3.10/site-packages/airflow/example_dags/example_branch_python_dop_operator_3.py took 0.063 seconds
[2024-06-09T12:07:10.670-0300] {processor.py:161} INFO - Started process (PID=12488) to work on /home/pedro/.local/lib/python3.10/site-packages/airflow/example_dags/example_branch_python_dop_operator_3.py
[2024-06-09T12:07:10.672-0300] {processor.py:830} INFO - Processing file /home/pedro/.local/lib/python3.10/site-packages/airflow/example_dags/example_branch_python_dop_operator_3.py for tasks to queue
[2024-06-09T12:07:10.673-0300] {logging_mixin.py:188} INFO - [2024-06-09T12:07:10.673-0300] {dagbag.py:545} INFO - Filling up the DagBag from /home/pedro/.local/lib/python3.10/site-packages/airflow/example_dags/example_branch_python_dop_operator_3.py
[2024-06-09T12:07:10.681-0300] {processor.py:840} INFO - DAG(s) 'example_branch_dop_operator_v3' retrieved from /home/pedro/.local/lib/python3.10/site-packages/airflow/example_dags/example_branch_python_dop_operator_3.py
[2024-06-09T12:07:10.689-0300] {logging_mixin.py:188} INFO - [2024-06-09T12:07:10.689-0300] {dag.py:3096} INFO - Sync 1 DAGs
[2024-06-09T12:07:10.702-0300] {logging_mixin.py:188} INFO - [2024-06-09T12:07:10.702-0300] {dag.py:3954} INFO - Setting next_dagrun for example_branch_dop_operator_v3 to 2024-06-09 15:06:00+00:00, run_after=2024-06-09 15:07:00+00:00
[2024-06-09T12:07:10.774-0300] {processor.py:183} INFO - Processing /home/pedro/.local/lib/python3.10/site-packages/airflow/example_dags/example_branch_python_dop_operator_3.py took 0.113 seconds
[2024-06-09T12:08:07.395-0300] {processor.py:161} INFO - Started process (PID=12590) to work on /home/pedro/.local/lib/python3.10/site-packages/airflow/example_dags/example_branch_python_dop_operator_3.py
[2024-06-09T12:08:07.399-0300] {processor.py:830} INFO - Processing file /home/pedro/.local/lib/python3.10/site-packages/airflow/example_dags/example_branch_python_dop_operator_3.py for tasks to queue
[2024-06-09T12:08:07.400-0300] {logging_mixin.py:188} INFO - [2024-06-09T12:08:07.400-0300] {dagbag.py:545} INFO - Filling up the DagBag from /home/pedro/.local/lib/python3.10/site-packages/airflow/example_dags/example_branch_python_dop_operator_3.py
[2024-06-09T12:08:07.408-0300] {processor.py:840} INFO - DAG(s) 'example_branch_dop_operator_v3' retrieved from /home/pedro/.local/lib/python3.10/site-packages/airflow/example_dags/example_branch_python_dop_operator_3.py
[2024-06-09T12:08:07.416-0300] {logging_mixin.py:188} INFO - [2024-06-09T12:08:07.415-0300] {dag.py:3096} INFO - Sync 1 DAGs
[2024-06-09T12:08:07.429-0300] {logging_mixin.py:188} INFO - [2024-06-09T12:08:07.428-0300] {dag.py:3954} INFO - Setting next_dagrun for example_branch_dop_operator_v3 to 2024-06-09 15:07:00+00:00, run_after=2024-06-09 15:08:00+00:00
[2024-06-09T12:08:07.446-0300] {processor.py:183} INFO - Processing /home/pedro/.local/lib/python3.10/site-packages/airflow/example_dags/example_branch_python_dop_operator_3.py took 0.060 seconds
[2024-06-09T12:09:12.661-0300] {processor.py:161} INFO - Started process (PID=12716) to work on /home/pedro/.local/lib/python3.10/site-packages/airflow/example_dags/example_branch_python_dop_operator_3.py
[2024-06-09T12:09:12.664-0300] {processor.py:830} INFO - Processing file /home/pedro/.local/lib/python3.10/site-packages/airflow/example_dags/example_branch_python_dop_operator_3.py for tasks to queue
[2024-06-09T12:09:12.666-0300] {logging_mixin.py:188} INFO - [2024-06-09T12:09:12.666-0300] {dagbag.py:545} INFO - Filling up the DagBag from /home/pedro/.local/lib/python3.10/site-packages/airflow/example_dags/example_branch_python_dop_operator_3.py
[2024-06-09T12:09:12.674-0300] {processor.py:840} INFO - DAG(s) 'example_branch_dop_operator_v3' retrieved from /home/pedro/.local/lib/python3.10/site-packages/airflow/example_dags/example_branch_python_dop_operator_3.py
[2024-06-09T12:09:12.683-0300] {logging_mixin.py:188} INFO - [2024-06-09T12:09:12.683-0300] {dag.py:3096} INFO - Sync 1 DAGs
[2024-06-09T12:09:12.695-0300] {logging_mixin.py:188} INFO - [2024-06-09T12:09:12.695-0300] {dag.py:3954} INFO - Setting next_dagrun for example_branch_dop_operator_v3 to 2024-06-09 15:08:00+00:00, run_after=2024-06-09 15:09:00+00:00
[2024-06-09T12:09:12.713-0300] {processor.py:183} INFO - Processing /home/pedro/.local/lib/python3.10/site-packages/airflow/example_dags/example_branch_python_dop_operator_3.py took 0.056 seconds
[2024-06-09T12:10:15.512-0300] {processor.py:161} INFO - Started process (PID=12829) to work on /home/pedro/.local/lib/python3.10/site-packages/airflow/example_dags/example_branch_python_dop_operator_3.py
[2024-06-09T12:10:15.516-0300] {processor.py:830} INFO - Processing file /home/pedro/.local/lib/python3.10/site-packages/airflow/example_dags/example_branch_python_dop_operator_3.py for tasks to queue
[2024-06-09T12:10:15.518-0300] {logging_mixin.py:188} INFO - [2024-06-09T12:10:15.517-0300] {dagbag.py:545} INFO - Filling up the DagBag from /home/pedro/.local/lib/python3.10/site-packages/airflow/example_dags/example_branch_python_dop_operator_3.py
[2024-06-09T12:10:15.527-0300] {processor.py:840} INFO - DAG(s) 'example_branch_dop_operator_v3' retrieved from /home/pedro/.local/lib/python3.10/site-packages/airflow/example_dags/example_branch_python_dop_operator_3.py
[2024-06-09T12:10:15.535-0300] {logging_mixin.py:188} INFO - [2024-06-09T12:10:15.535-0300] {dag.py:3096} INFO - Sync 1 DAGs
[2024-06-09T12:10:15.548-0300] {logging_mixin.py:188} INFO - [2024-06-09T12:10:15.548-0300] {dag.py:3954} INFO - Setting next_dagrun for example_branch_dop_operator_v3 to 2024-06-09 15:09:00+00:00, run_after=2024-06-09 15:10:00+00:00
[2024-06-09T12:10:15.564-0300] {processor.py:183} INFO - Processing /home/pedro/.local/lib/python3.10/site-packages/airflow/example_dags/example_branch_python_dop_operator_3.py took 0.061 seconds
[2024-06-09T12:12:25.569-0300] {processor.py:161} INFO - Started process (PID=13051) to work on /home/pedro/.local/lib/python3.10/site-packages/airflow/example_dags/example_branch_python_dop_operator_3.py
[2024-06-09T12:12:25.572-0300] {processor.py:830} INFO - Processing file /home/pedro/.local/lib/python3.10/site-packages/airflow/example_dags/example_branch_python_dop_operator_3.py for tasks to queue
[2024-06-09T12:12:25.575-0300] {logging_mixin.py:188} INFO - [2024-06-09T12:12:25.574-0300] {dagbag.py:545} INFO - Filling up the DagBag from /home/pedro/.local/lib/python3.10/site-packages/airflow/example_dags/example_branch_python_dop_operator_3.py
[2024-06-09T12:12:25.583-0300] {processor.py:840} INFO - DAG(s) 'example_branch_dop_operator_v3' retrieved from /home/pedro/.local/lib/python3.10/site-packages/airflow/example_dags/example_branch_python_dop_operator_3.py
[2024-06-09T12:12:25.591-0300] {logging_mixin.py:188} INFO - [2024-06-09T12:12:25.590-0300] {dag.py:3096} INFO - Sync 1 DAGs
[2024-06-09T12:12:25.603-0300] {logging_mixin.py:188} INFO - [2024-06-09T12:12:25.602-0300] {dag.py:3954} INFO - Setting next_dagrun for example_branch_dop_operator_v3 to 2024-06-09 15:11:00+00:00, run_after=2024-06-09 15:12:00+00:00
[2024-06-09T12:12:25.679-0300] {processor.py:183} INFO - Processing /home/pedro/.local/lib/python3.10/site-packages/airflow/example_dags/example_branch_python_dop_operator_3.py took 0.119 seconds
[2024-06-09T12:13:20.086-0300] {processor.py:161} INFO - Started process (PID=13138) to work on /home/pedro/.local/lib/python3.10/site-packages/airflow/example_dags/example_branch_python_dop_operator_3.py
[2024-06-09T12:13:20.090-0300] {processor.py:830} INFO - Processing file /home/pedro/.local/lib/python3.10/site-packages/airflow/example_dags/example_branch_python_dop_operator_3.py for tasks to queue
[2024-06-09T12:13:20.092-0300] {logging_mixin.py:188} INFO - [2024-06-09T12:13:20.091-0300] {dagbag.py:545} INFO - Filling up the DagBag from /home/pedro/.local/lib/python3.10/site-packages/airflow/example_dags/example_branch_python_dop_operator_3.py
[2024-06-09T12:13:20.100-0300] {processor.py:840} INFO - DAG(s) 'example_branch_dop_operator_v3' retrieved from /home/pedro/.local/lib/python3.10/site-packages/airflow/example_dags/example_branch_python_dop_operator_3.py
[2024-06-09T12:13:20.108-0300] {logging_mixin.py:188} INFO - [2024-06-09T12:13:20.108-0300] {dag.py:3096} INFO - Sync 1 DAGs
[2024-06-09T12:13:20.122-0300] {logging_mixin.py:188} INFO - [2024-06-09T12:13:20.122-0300] {dag.py:3954} INFO - Setting next_dagrun for example_branch_dop_operator_v3 to 2024-06-09 15:12:00+00:00, run_after=2024-06-09 15:13:00+00:00
[2024-06-09T12:13:20.137-0300] {processor.py:183} INFO - Processing /home/pedro/.local/lib/python3.10/site-packages/airflow/example_dags/example_branch_python_dop_operator_3.py took 0.060 seconds
[2024-06-09T12:14:24.776-0300] {processor.py:161} INFO - Started process (PID=13230) to work on /home/pedro/.local/lib/python3.10/site-packages/airflow/example_dags/example_branch_python_dop_operator_3.py
[2024-06-09T12:14:24.780-0300] {processor.py:830} INFO - Processing file /home/pedro/.local/lib/python3.10/site-packages/airflow/example_dags/example_branch_python_dop_operator_3.py for tasks to queue
[2024-06-09T12:14:24.782-0300] {logging_mixin.py:188} INFO - [2024-06-09T12:14:24.781-0300] {dagbag.py:545} INFO - Filling up the DagBag from /home/pedro/.local/lib/python3.10/site-packages/airflow/example_dags/example_branch_python_dop_operator_3.py
[2024-06-09T12:14:24.788-0300] {processor.py:840} INFO - DAG(s) 'example_branch_dop_operator_v3' retrieved from /home/pedro/.local/lib/python3.10/site-packages/airflow/example_dags/example_branch_python_dop_operator_3.py
[2024-06-09T12:14:24.797-0300] {logging_mixin.py:188} INFO - [2024-06-09T12:14:24.797-0300] {dag.py:3096} INFO - Sync 1 DAGs
[2024-06-09T12:14:24.810-0300] {logging_mixin.py:188} INFO - [2024-06-09T12:14:24.810-0300] {dag.py:3954} INFO - Setting next_dagrun for example_branch_dop_operator_v3 to 2024-06-09 15:13:00+00:00, run_after=2024-06-09 15:14:00+00:00
[2024-06-09T12:14:24.827-0300] {processor.py:183} INFO - Processing /home/pedro/.local/lib/python3.10/site-packages/airflow/example_dags/example_branch_python_dop_operator_3.py took 0.060 seconds
[2024-06-09T12:15:38.791-0300] {processor.py:161} INFO - Started process (PID=13375) to work on /home/pedro/.local/lib/python3.10/site-packages/airflow/example_dags/example_branch_python_dop_operator_3.py
[2024-06-09T12:15:38.794-0300] {processor.py:830} INFO - Processing file /home/pedro/.local/lib/python3.10/site-packages/airflow/example_dags/example_branch_python_dop_operator_3.py for tasks to queue
[2024-06-09T12:15:38.795-0300] {logging_mixin.py:188} INFO - [2024-06-09T12:15:38.795-0300] {dagbag.py:545} INFO - Filling up the DagBag from /home/pedro/.local/lib/python3.10/site-packages/airflow/example_dags/example_branch_python_dop_operator_3.py
[2024-06-09T12:15:38.803-0300] {processor.py:840} INFO - DAG(s) 'example_branch_dop_operator_v3' retrieved from /home/pedro/.local/lib/python3.10/site-packages/airflow/example_dags/example_branch_python_dop_operator_3.py
[2024-06-09T12:15:38.813-0300] {logging_mixin.py:188} INFO - [2024-06-09T12:15:38.812-0300] {dag.py:3096} INFO - Sync 1 DAGs
[2024-06-09T12:15:38.827-0300] {logging_mixin.py:188} INFO - [2024-06-09T12:15:38.827-0300] {dag.py:3954} INFO - Setting next_dagrun for example_branch_dop_operator_v3 to 2024-06-09 15:14:00+00:00, run_after=2024-06-09 15:15:00+00:00
[2024-06-09T12:15:38.902-0300] {processor.py:183} INFO - Processing /home/pedro/.local/lib/python3.10/site-packages/airflow/example_dags/example_branch_python_dop_operator_3.py took 0.115 seconds
[2024-06-09T12:20:26.964-0300] {processor.py:161} INFO - Started process (PID=13648) to work on /home/pedro/.local/lib/python3.10/site-packages/airflow/example_dags/example_branch_python_dop_operator_3.py
[2024-06-09T12:20:26.967-0300] {processor.py:830} INFO - Processing file /home/pedro/.local/lib/python3.10/site-packages/airflow/example_dags/example_branch_python_dop_operator_3.py for tasks to queue
[2024-06-09T12:20:26.968-0300] {logging_mixin.py:188} INFO - [2024-06-09T12:20:26.968-0300] {dagbag.py:545} INFO - Filling up the DagBag from /home/pedro/.local/lib/python3.10/site-packages/airflow/example_dags/example_branch_python_dop_operator_3.py
[2024-06-09T12:20:26.974-0300] {processor.py:840} INFO - DAG(s) 'example_branch_dop_operator_v3' retrieved from /home/pedro/.local/lib/python3.10/site-packages/airflow/example_dags/example_branch_python_dop_operator_3.py
[2024-06-09T12:20:26.983-0300] {logging_mixin.py:188} INFO - [2024-06-09T12:20:26.983-0300] {dag.py:3096} INFO - Sync 1 DAGs
[2024-06-09T12:20:26.996-0300] {logging_mixin.py:188} INFO - [2024-06-09T12:20:26.996-0300] {dag.py:3954} INFO - Setting next_dagrun for example_branch_dop_operator_v3 to 2024-06-09 15:19:00+00:00, run_after=2024-06-09 15:20:00+00:00
[2024-06-09T12:20:27.076-0300] {processor.py:183} INFO - Processing /home/pedro/.local/lib/python3.10/site-packages/airflow/example_dags/example_branch_python_dop_operator_3.py took 0.118 seconds
[2024-06-09T12:21:33.151-0300] {processor.py:161} INFO - Started process (PID=13792) to work on /home/pedro/.local/lib/python3.10/site-packages/airflow/example_dags/example_branch_python_dop_operator_3.py
[2024-06-09T12:21:33.154-0300] {processor.py:830} INFO - Processing file /home/pedro/.local/lib/python3.10/site-packages/airflow/example_dags/example_branch_python_dop_operator_3.py for tasks to queue
[2024-06-09T12:21:33.156-0300] {logging_mixin.py:188} INFO - [2024-06-09T12:21:33.155-0300] {dagbag.py:545} INFO - Filling up the DagBag from /home/pedro/.local/lib/python3.10/site-packages/airflow/example_dags/example_branch_python_dop_operator_3.py
[2024-06-09T12:21:33.165-0300] {processor.py:840} INFO - DAG(s) 'example_branch_dop_operator_v3' retrieved from /home/pedro/.local/lib/python3.10/site-packages/airflow/example_dags/example_branch_python_dop_operator_3.py
[2024-06-09T12:21:33.173-0300] {logging_mixin.py:188} INFO - [2024-06-09T12:21:33.173-0300] {dag.py:3096} INFO - Sync 1 DAGs
[2024-06-09T12:21:33.185-0300] {logging_mixin.py:188} INFO - [2024-06-09T12:21:33.184-0300] {dag.py:3954} INFO - Setting next_dagrun for example_branch_dop_operator_v3 to 2024-06-09 15:20:00+00:00, run_after=2024-06-09 15:21:00+00:00
[2024-06-09T12:21:33.200-0300] {processor.py:183} INFO - Processing /home/pedro/.local/lib/python3.10/site-packages/airflow/example_dags/example_branch_python_dop_operator_3.py took 0.052 seconds
[2024-06-09T12:22:31.821-0300] {processor.py:161} INFO - Started process (PID=13901) to work on /home/pedro/.local/lib/python3.10/site-packages/airflow/example_dags/example_branch_python_dop_operator_3.py
[2024-06-09T12:22:31.824-0300] {processor.py:830} INFO - Processing file /home/pedro/.local/lib/python3.10/site-packages/airflow/example_dags/example_branch_python_dop_operator_3.py for tasks to queue
[2024-06-09T12:22:31.826-0300] {logging_mixin.py:188} INFO - [2024-06-09T12:22:31.826-0300] {dagbag.py:545} INFO - Filling up the DagBag from /home/pedro/.local/lib/python3.10/site-packages/airflow/example_dags/example_branch_python_dop_operator_3.py
[2024-06-09T12:22:31.836-0300] {processor.py:840} INFO - DAG(s) 'example_branch_dop_operator_v3' retrieved from /home/pedro/.local/lib/python3.10/site-packages/airflow/example_dags/example_branch_python_dop_operator_3.py
[2024-06-09T12:22:31.844-0300] {logging_mixin.py:188} INFO - [2024-06-09T12:22:31.844-0300] {dag.py:3096} INFO - Sync 1 DAGs
[2024-06-09T12:22:31.856-0300] {logging_mixin.py:188} INFO - [2024-06-09T12:22:31.856-0300] {dag.py:3954} INFO - Setting next_dagrun for example_branch_dop_operator_v3 to 2024-06-09 15:21:00+00:00, run_after=2024-06-09 15:22:00+00:00
[2024-06-09T12:22:31.871-0300] {processor.py:183} INFO - Processing /home/pedro/.local/lib/python3.10/site-packages/airflow/example_dags/example_branch_python_dop_operator_3.py took 0.055 seconds
[2024-06-09T12:23:36.176-0300] {processor.py:161} INFO - Started process (PID=14040) to work on /home/pedro/.local/lib/python3.10/site-packages/airflow/example_dags/example_branch_python_dop_operator_3.py
[2024-06-09T12:23:36.180-0300] {processor.py:830} INFO - Processing file /home/pedro/.local/lib/python3.10/site-packages/airflow/example_dags/example_branch_python_dop_operator_3.py for tasks to queue
[2024-06-09T12:23:36.182-0300] {logging_mixin.py:188} INFO - [2024-06-09T12:23:36.181-0300] {dagbag.py:545} INFO - Filling up the DagBag from /home/pedro/.local/lib/python3.10/site-packages/airflow/example_dags/example_branch_python_dop_operator_3.py
[2024-06-09T12:23:36.191-0300] {processor.py:840} INFO - DAG(s) 'example_branch_dop_operator_v3' retrieved from /home/pedro/.local/lib/python3.10/site-packages/airflow/example_dags/example_branch_python_dop_operator_3.py
[2024-06-09T12:23:36.200-0300] {logging_mixin.py:188} INFO - [2024-06-09T12:23:36.199-0300] {dag.py:3096} INFO - Sync 1 DAGs
[2024-06-09T12:23:36.211-0300] {logging_mixin.py:188} INFO - [2024-06-09T12:23:36.211-0300] {dag.py:3954} INFO - Setting next_dagrun for example_branch_dop_operator_v3 to 2024-06-09 15:22:00+00:00, run_after=2024-06-09 15:23:00+00:00
[2024-06-09T12:23:36.227-0300] {processor.py:183} INFO - Processing /home/pedro/.local/lib/python3.10/site-packages/airflow/example_dags/example_branch_python_dop_operator_3.py took 0.055 seconds
[2024-06-09T16:27:14.054-0300] {processor.py:161} INFO - Started process (PID=5056) to work on /home/pedro/.local/lib/python3.10/site-packages/airflow/example_dags/example_branch_python_dop_operator_3.py
[2024-06-09T16:27:14.055-0300] {processor.py:830} INFO - Processing file /home/pedro/.local/lib/python3.10/site-packages/airflow/example_dags/example_branch_python_dop_operator_3.py for tasks to queue
[2024-06-09T16:27:14.056-0300] {logging_mixin.py:188} INFO - [2024-06-09T16:27:14.056-0300] {dagbag.py:545} INFO - Filling up the DagBag from /home/pedro/.local/lib/python3.10/site-packages/airflow/example_dags/example_branch_python_dop_operator_3.py
[2024-06-09T16:27:14.063-0300] {processor.py:840} INFO - DAG(s) 'example_branch_dop_operator_v3' retrieved from /home/pedro/.local/lib/python3.10/site-packages/airflow/example_dags/example_branch_python_dop_operator_3.py
[2024-06-09T16:27:14.073-0300] {logging_mixin.py:188} INFO - [2024-06-09T16:27:14.073-0300] {dag.py:3096} INFO - Sync 1 DAGs
[2024-06-09T16:27:14.089-0300] {logging_mixin.py:188} INFO - [2024-06-09T16:27:14.089-0300] {dag.py:3954} INFO - Setting next_dagrun for example_branch_dop_operator_v3 to 2024-06-09 19:26:00+00:00, run_after=2024-06-09 19:27:00+00:00
[2024-06-09T16:27:14.198-0300] {processor.py:183} INFO - Processing /home/pedro/.local/lib/python3.10/site-packages/airflow/example_dags/example_branch_python_dop_operator_3.py took 0.150 seconds
[2024-06-09T16:31:40.184-0300] {processor.py:161} INFO - Started process (PID=7784) to work on /home/pedro/.local/lib/python3.10/site-packages/airflow/example_dags/example_branch_python_dop_operator_3.py
[2024-06-09T16:31:40.188-0300] {processor.py:830} INFO - Processing file /home/pedro/.local/lib/python3.10/site-packages/airflow/example_dags/example_branch_python_dop_operator_3.py for tasks to queue
[2024-06-09T16:31:40.189-0300] {logging_mixin.py:188} INFO - [2024-06-09T16:31:40.189-0300] {dagbag.py:545} INFO - Filling up the DagBag from /home/pedro/.local/lib/python3.10/site-packages/airflow/example_dags/example_branch_python_dop_operator_3.py
[2024-06-09T16:31:40.196-0300] {processor.py:840} INFO - DAG(s) 'example_branch_dop_operator_v3' retrieved from /home/pedro/.local/lib/python3.10/site-packages/airflow/example_dags/example_branch_python_dop_operator_3.py
[2024-06-09T16:31:40.204-0300] {logging_mixin.py:188} INFO - [2024-06-09T16:31:40.204-0300] {dag.py:3096} INFO - Sync 1 DAGs
[2024-06-09T16:31:40.217-0300] {logging_mixin.py:188} INFO - [2024-06-09T16:31:40.216-0300] {dag.py:3954} INFO - Setting next_dagrun for example_branch_dop_operator_v3 to 2024-06-09 19:30:00+00:00, run_after=2024-06-09 19:31:00+00:00
[2024-06-09T16:31:40.234-0300] {processor.py:183} INFO - Processing /home/pedro/.local/lib/python3.10/site-packages/airflow/example_dags/example_branch_python_dop_operator_3.py took 0.053 seconds
[2024-06-09T16:35:47.396-0300] {processor.py:161} INFO - Started process (PID=9158) to work on /home/pedro/.local/lib/python3.10/site-packages/airflow/example_dags/example_branch_python_dop_operator_3.py
[2024-06-09T16:35:47.397-0300] {processor.py:830} INFO - Processing file /home/pedro/.local/lib/python3.10/site-packages/airflow/example_dags/example_branch_python_dop_operator_3.py for tasks to queue
[2024-06-09T16:35:47.398-0300] {logging_mixin.py:188} INFO - [2024-06-09T16:35:47.398-0300] {dagbag.py:545} INFO - Filling up the DagBag from /home/pedro/.local/lib/python3.10/site-packages/airflow/example_dags/example_branch_python_dop_operator_3.py
[2024-06-09T16:35:47.405-0300] {processor.py:840} INFO - DAG(s) 'example_branch_dop_operator_v3' retrieved from /home/pedro/.local/lib/python3.10/site-packages/airflow/example_dags/example_branch_python_dop_operator_3.py
[2024-06-09T16:35:47.416-0300] {logging_mixin.py:188} INFO - [2024-06-09T16:35:47.416-0300] {dag.py:3096} INFO - Sync 1 DAGs
[2024-06-09T16:35:47.432-0300] {logging_mixin.py:188} INFO - [2024-06-09T16:35:47.432-0300] {dag.py:3954} INFO - Setting next_dagrun for example_branch_dop_operator_v3 to 2024-06-09 19:34:00+00:00, run_after=2024-06-09 19:35:00+00:00
[2024-06-09T16:35:47.449-0300] {processor.py:183} INFO - Processing /home/pedro/.local/lib/python3.10/site-packages/airflow/example_dags/example_branch_python_dop_operator_3.py took 0.058 seconds
[2024-06-09T16:39:39.767-0300] {processor.py:161} INFO - Started process (PID=10581) to work on /home/pedro/.local/lib/python3.10/site-packages/airflow/example_dags/example_branch_python_dop_operator_3.py
[2024-06-09T16:39:39.769-0300] {processor.py:830} INFO - Processing file /home/pedro/.local/lib/python3.10/site-packages/airflow/example_dags/example_branch_python_dop_operator_3.py for tasks to queue
[2024-06-09T16:39:39.770-0300] {logging_mixin.py:188} INFO - [2024-06-09T16:39:39.769-0300] {dagbag.py:545} INFO - Filling up the DagBag from /home/pedro/.local/lib/python3.10/site-packages/airflow/example_dags/example_branch_python_dop_operator_3.py
[2024-06-09T16:39:39.775-0300] {processor.py:840} INFO - DAG(s) 'example_branch_dop_operator_v3' retrieved from /home/pedro/.local/lib/python3.10/site-packages/airflow/example_dags/example_branch_python_dop_operator_3.py
[2024-06-09T16:39:39.783-0300] {logging_mixin.py:188} INFO - [2024-06-09T16:39:39.782-0300] {dag.py:3096} INFO - Sync 1 DAGs
[2024-06-09T16:39:39.794-0300] {logging_mixin.py:188} INFO - [2024-06-09T16:39:39.794-0300] {dag.py:3954} INFO - Setting next_dagrun for example_branch_dop_operator_v3 to 2024-06-09 19:38:00+00:00, run_after=2024-06-09 19:39:00+00:00
[2024-06-09T16:39:39.808-0300] {processor.py:183} INFO - Processing /home/pedro/.local/lib/python3.10/site-packages/airflow/example_dags/example_branch_python_dop_operator_3.py took 0.044 seconds
[2024-06-09T16:43:32.655-0300] {processor.py:161} INFO - Started process (PID=11950) to work on /home/pedro/.local/lib/python3.10/site-packages/airflow/example_dags/example_branch_python_dop_operator_3.py
[2024-06-09T16:43:32.659-0300] {processor.py:830} INFO - Processing file /home/pedro/.local/lib/python3.10/site-packages/airflow/example_dags/example_branch_python_dop_operator_3.py for tasks to queue
[2024-06-09T16:43:32.661-0300] {logging_mixin.py:188} INFO - [2024-06-09T16:43:32.660-0300] {dagbag.py:545} INFO - Filling up the DagBag from /home/pedro/.local/lib/python3.10/site-packages/airflow/example_dags/example_branch_python_dop_operator_3.py
[2024-06-09T16:43:32.669-0300] {processor.py:840} INFO - DAG(s) 'example_branch_dop_operator_v3' retrieved from /home/pedro/.local/lib/python3.10/site-packages/airflow/example_dags/example_branch_python_dop_operator_3.py
[2024-06-09T16:43:32.677-0300] {logging_mixin.py:188} INFO - [2024-06-09T16:43:32.677-0300] {dag.py:3096} INFO - Sync 1 DAGs
[2024-06-09T16:43:32.689-0300] {logging_mixin.py:188} INFO - [2024-06-09T16:43:32.689-0300] {dag.py:3954} INFO - Setting next_dagrun for example_branch_dop_operator_v3 to 2024-06-09 19:42:00+00:00, run_after=2024-06-09 19:43:00+00:00
[2024-06-09T16:43:32.704-0300] {processor.py:183} INFO - Processing /home/pedro/.local/lib/python3.10/site-packages/airflow/example_dags/example_branch_python_dop_operator_3.py took 0.057 seconds
[2024-06-09T16:47:54.666-0300] {processor.py:161} INFO - Started process (PID=13451) to work on /home/pedro/.local/lib/python3.10/site-packages/airflow/example_dags/example_branch_python_dop_operator_3.py
[2024-06-09T16:47:54.669-0300] {processor.py:830} INFO - Processing file /home/pedro/.local/lib/python3.10/site-packages/airflow/example_dags/example_branch_python_dop_operator_3.py for tasks to queue
[2024-06-09T16:47:54.671-0300] {logging_mixin.py:188} INFO - [2024-06-09T16:47:54.670-0300] {dagbag.py:545} INFO - Filling up the DagBag from /home/pedro/.local/lib/python3.10/site-packages/airflow/example_dags/example_branch_python_dop_operator_3.py
[2024-06-09T16:47:54.678-0300] {processor.py:840} INFO - DAG(s) 'example_branch_dop_operator_v3' retrieved from /home/pedro/.local/lib/python3.10/site-packages/airflow/example_dags/example_branch_python_dop_operator_3.py
[2024-06-09T16:47:54.688-0300] {logging_mixin.py:188} INFO - [2024-06-09T16:47:54.688-0300] {dag.py:3096} INFO - Sync 1 DAGs
[2024-06-09T16:47:54.703-0300] {logging_mixin.py:188} INFO - [2024-06-09T16:47:54.702-0300] {dag.py:3954} INFO - Setting next_dagrun for example_branch_dop_operator_v3 to 2024-06-09 19:46:00+00:00, run_after=2024-06-09 19:47:00+00:00
[2024-06-09T16:47:54.721-0300] {processor.py:183} INFO - Processing /home/pedro/.local/lib/python3.10/site-packages/airflow/example_dags/example_branch_python_dop_operator_3.py took 0.060 seconds
[2024-06-09T16:51:55.082-0300] {processor.py:161} INFO - Started process (PID=14916) to work on /home/pedro/.local/lib/python3.10/site-packages/airflow/example_dags/example_branch_python_dop_operator_3.py
[2024-06-09T16:51:55.083-0300] {processor.py:830} INFO - Processing file /home/pedro/.local/lib/python3.10/site-packages/airflow/example_dags/example_branch_python_dop_operator_3.py for tasks to queue
[2024-06-09T16:51:55.085-0300] {logging_mixin.py:188} INFO - [2024-06-09T16:51:55.084-0300] {dagbag.py:545} INFO - Filling up the DagBag from /home/pedro/.local/lib/python3.10/site-packages/airflow/example_dags/example_branch_python_dop_operator_3.py
[2024-06-09T16:51:55.091-0300] {processor.py:840} INFO - DAG(s) 'example_branch_dop_operator_v3' retrieved from /home/pedro/.local/lib/python3.10/site-packages/airflow/example_dags/example_branch_python_dop_operator_3.py
[2024-06-09T16:51:55.099-0300] {logging_mixin.py:188} INFO - [2024-06-09T16:51:55.099-0300] {dag.py:3096} INFO - Sync 1 DAGs
[2024-06-09T16:51:55.113-0300] {logging_mixin.py:188} INFO - [2024-06-09T16:51:55.113-0300] {dag.py:3954} INFO - Setting next_dagrun for example_branch_dop_operator_v3 to 2024-06-09 19:50:00+00:00, run_after=2024-06-09 19:51:00+00:00
[2024-06-09T16:51:55.128-0300] {processor.py:183} INFO - Processing /home/pedro/.local/lib/python3.10/site-packages/airflow/example_dags/example_branch_python_dop_operator_3.py took 0.051 seconds
[2024-06-09T16:56:09.137-0300] {processor.py:161} INFO - Started process (PID=16375) to work on /home/pedro/.local/lib/python3.10/site-packages/airflow/example_dags/example_branch_python_dop_operator_3.py
[2024-06-09T16:56:09.140-0300] {processor.py:830} INFO - Processing file /home/pedro/.local/lib/python3.10/site-packages/airflow/example_dags/example_branch_python_dop_operator_3.py for tasks to queue
[2024-06-09T16:56:09.141-0300] {logging_mixin.py:188} INFO - [2024-06-09T16:56:09.141-0300] {dagbag.py:545} INFO - Filling up the DagBag from /home/pedro/.local/lib/python3.10/site-packages/airflow/example_dags/example_branch_python_dop_operator_3.py
[2024-06-09T16:56:09.146-0300] {processor.py:840} INFO - DAG(s) 'example_branch_dop_operator_v3' retrieved from /home/pedro/.local/lib/python3.10/site-packages/airflow/example_dags/example_branch_python_dop_operator_3.py
[2024-06-09T16:56:09.154-0300] {logging_mixin.py:188} INFO - [2024-06-09T16:56:09.153-0300] {dag.py:3096} INFO - Sync 1 DAGs
[2024-06-09T16:56:09.166-0300] {logging_mixin.py:188} INFO - [2024-06-09T16:56:09.166-0300] {dag.py:3954} INFO - Setting next_dagrun for example_branch_dop_operator_v3 to 2024-06-09 19:55:00+00:00, run_after=2024-06-09 19:56:00+00:00
[2024-06-09T16:56:09.182-0300] {processor.py:183} INFO - Processing /home/pedro/.local/lib/python3.10/site-packages/airflow/example_dags/example_branch_python_dop_operator_3.py took 0.049 seconds
