[2024-06-09T11:45:12.432-0300] {processor.py:161} INFO - Started process (PID=5789) to work on /home/pedro/.local/lib/python3.10/site-packages/airflow/example_dags/tutorial_taskflow_api_virtualenv.py
[2024-06-09T11:45:12.433-0300] {processor.py:830} INFO - Processing file /home/pedro/.local/lib/python3.10/site-packages/airflow/example_dags/tutorial_taskflow_api_virtualenv.py for tasks to queue
[2024-06-09T11:45:12.433-0300] {logging_mixin.py:188} INFO - [2024-06-09T11:45:12.433-0300] {dagbag.py:545} INFO - Filling up the DagBag from /home/pedro/.local/lib/python3.10/site-packages/airflow/example_dags/tutorial_taskflow_api_virtualenv.py
[2024-06-09T11:45:12.439-0300] {processor.py:840} INFO - DAG(s) 'tutorial_taskflow_api_virtualenv' retrieved from /home/pedro/.local/lib/python3.10/site-packages/airflow/example_dags/tutorial_taskflow_api_virtualenv.py
[2024-06-09T11:45:12.487-0300] {logging_mixin.py:188} INFO - [2024-06-09T11:45:12.486-0300] {dag.py:3096} INFO - Sync 1 DAGs
[2024-06-09T11:45:12.491-0300] {logging_mixin.py:188} INFO - [2024-06-09T11:45:12.491-0300] {dag.py:3954} INFO - Setting next_dagrun for tutorial_taskflow_api_virtualenv to None, run_after=None
[2024-06-09T11:45:12.507-0300] {processor.py:183} INFO - Processing /home/pedro/.local/lib/python3.10/site-packages/airflow/example_dags/tutorial_taskflow_api_virtualenv.py took 0.077 seconds
[2024-06-09T11:46:05.079-0300] {processor.py:161} INFO - Started process (PID=7171) to work on /home/pedro/.local/lib/python3.10/site-packages/airflow/example_dags/tutorial_taskflow_api_virtualenv.py
[2024-06-09T11:46:05.082-0300] {processor.py:830} INFO - Processing file /home/pedro/.local/lib/python3.10/site-packages/airflow/example_dags/tutorial_taskflow_api_virtualenv.py for tasks to queue
[2024-06-09T11:46:05.083-0300] {logging_mixin.py:188} INFO - [2024-06-09T11:46:05.082-0300] {dagbag.py:545} INFO - Filling up the DagBag from /home/pedro/.local/lib/python3.10/site-packages/airflow/example_dags/tutorial_taskflow_api_virtualenv.py
[2024-06-09T11:46:05.088-0300] {processor.py:840} INFO - DAG(s) 'tutorial_taskflow_api_virtualenv' retrieved from /home/pedro/.local/lib/python3.10/site-packages/airflow/example_dags/tutorial_taskflow_api_virtualenv.py
[2024-06-09T11:46:05.096-0300] {logging_mixin.py:188} INFO - [2024-06-09T11:46:05.096-0300] {dag.py:3096} INFO - Sync 1 DAGs
[2024-06-09T11:46:05.160-0300] {logging_mixin.py:188} INFO - [2024-06-09T11:46:05.160-0300] {dag.py:3954} INFO - Setting next_dagrun for tutorial_taskflow_api_virtualenv to None, run_after=None
[2024-06-09T11:46:05.174-0300] {processor.py:183} INFO - Processing /home/pedro/.local/lib/python3.10/site-packages/airflow/example_dags/tutorial_taskflow_api_virtualenv.py took 0.098 seconds
[2024-06-09T11:46:50.950-0300] {processor.py:161} INFO - Started process (PID=7315) to work on /home/pedro/.local/lib/python3.10/site-packages/airflow/example_dags/tutorial_taskflow_api_virtualenv.py
[2024-06-09T11:46:50.953-0300] {processor.py:830} INFO - Processing file /home/pedro/.local/lib/python3.10/site-packages/airflow/example_dags/tutorial_taskflow_api_virtualenv.py for tasks to queue
[2024-06-09T11:46:50.955-0300] {logging_mixin.py:188} INFO - [2024-06-09T11:46:50.955-0300] {dagbag.py:545} INFO - Filling up the DagBag from /home/pedro/.local/lib/python3.10/site-packages/airflow/example_dags/tutorial_taskflow_api_virtualenv.py
[2024-06-09T11:46:50.965-0300] {processor.py:840} INFO - DAG(s) 'tutorial_taskflow_api_virtualenv' retrieved from /home/pedro/.local/lib/python3.10/site-packages/airflow/example_dags/tutorial_taskflow_api_virtualenv.py
[2024-06-09T11:46:50.973-0300] {logging_mixin.py:188} INFO - [2024-06-09T11:46:50.973-0300] {dag.py:3096} INFO - Sync 1 DAGs
[2024-06-09T11:46:50.979-0300] {logging_mixin.py:188} INFO - [2024-06-09T11:46:50.979-0300] {dag.py:3954} INFO - Setting next_dagrun for tutorial_taskflow_api_virtualenv to None, run_after=None
[2024-06-09T11:46:50.995-0300] {processor.py:183} INFO - Processing /home/pedro/.local/lib/python3.10/site-packages/airflow/example_dags/tutorial_taskflow_api_virtualenv.py took 0.051 seconds
[2024-06-09T11:47:32.146-0300] {processor.py:161} INFO - Started process (PID=7401) to work on /home/pedro/.local/lib/python3.10/site-packages/airflow/example_dags/tutorial_taskflow_api_virtualenv.py
[2024-06-09T11:47:32.150-0300] {processor.py:830} INFO - Processing file /home/pedro/.local/lib/python3.10/site-packages/airflow/example_dags/tutorial_taskflow_api_virtualenv.py for tasks to queue
[2024-06-09T11:47:32.152-0300] {logging_mixin.py:188} INFO - [2024-06-09T11:47:32.151-0300] {dagbag.py:545} INFO - Filling up the DagBag from /home/pedro/.local/lib/python3.10/site-packages/airflow/example_dags/tutorial_taskflow_api_virtualenv.py
[2024-06-09T11:47:32.162-0300] {processor.py:840} INFO - DAG(s) 'tutorial_taskflow_api_virtualenv' retrieved from /home/pedro/.local/lib/python3.10/site-packages/airflow/example_dags/tutorial_taskflow_api_virtualenv.py
[2024-06-09T11:47:32.170-0300] {logging_mixin.py:188} INFO - [2024-06-09T11:47:32.169-0300] {dag.py:3096} INFO - Sync 1 DAGs
[2024-06-09T11:47:32.175-0300] {logging_mixin.py:188} INFO - [2024-06-09T11:47:32.175-0300] {dag.py:3954} INFO - Setting next_dagrun for tutorial_taskflow_api_virtualenv to None, run_after=None
[2024-06-09T11:47:32.189-0300] {processor.py:183} INFO - Processing /home/pedro/.local/lib/python3.10/site-packages/airflow/example_dags/tutorial_taskflow_api_virtualenv.py took 0.047 seconds
[2024-06-09T11:48:14.784-0300] {processor.py:161} INFO - Started process (PID=7476) to work on /home/pedro/.local/lib/python3.10/site-packages/airflow/example_dags/tutorial_taskflow_api_virtualenv.py
[2024-06-09T11:48:14.788-0300] {processor.py:830} INFO - Processing file /home/pedro/.local/lib/python3.10/site-packages/airflow/example_dags/tutorial_taskflow_api_virtualenv.py for tasks to queue
[2024-06-09T11:48:14.790-0300] {logging_mixin.py:188} INFO - [2024-06-09T11:48:14.789-0300] {dagbag.py:545} INFO - Filling up the DagBag from /home/pedro/.local/lib/python3.10/site-packages/airflow/example_dags/tutorial_taskflow_api_virtualenv.py
[2024-06-09T11:48:14.799-0300] {processor.py:840} INFO - DAG(s) 'tutorial_taskflow_api_virtualenv' retrieved from /home/pedro/.local/lib/python3.10/site-packages/airflow/example_dags/tutorial_taskflow_api_virtualenv.py
[2024-06-09T11:48:14.807-0300] {logging_mixin.py:188} INFO - [2024-06-09T11:48:14.807-0300] {dag.py:3096} INFO - Sync 1 DAGs
[2024-06-09T11:48:14.813-0300] {logging_mixin.py:188} INFO - [2024-06-09T11:48:14.813-0300] {dag.py:3954} INFO - Setting next_dagrun for tutorial_taskflow_api_virtualenv to None, run_after=None
[2024-06-09T11:48:14.828-0300] {processor.py:183} INFO - Processing /home/pedro/.local/lib/python3.10/site-packages/airflow/example_dags/tutorial_taskflow_api_virtualenv.py took 0.048 seconds
[2024-06-09T11:48:57.865-0300] {processor.py:161} INFO - Started process (PID=7614) to work on /home/pedro/.local/lib/python3.10/site-packages/airflow/example_dags/tutorial_taskflow_api_virtualenv.py
[2024-06-09T11:48:57.869-0300] {processor.py:830} INFO - Processing file /home/pedro/.local/lib/python3.10/site-packages/airflow/example_dags/tutorial_taskflow_api_virtualenv.py for tasks to queue
[2024-06-09T11:48:57.870-0300] {logging_mixin.py:188} INFO - [2024-06-09T11:48:57.870-0300] {dagbag.py:545} INFO - Filling up the DagBag from /home/pedro/.local/lib/python3.10/site-packages/airflow/example_dags/tutorial_taskflow_api_virtualenv.py
[2024-06-09T11:48:57.878-0300] {processor.py:840} INFO - DAG(s) 'tutorial_taskflow_api_virtualenv' retrieved from /home/pedro/.local/lib/python3.10/site-packages/airflow/example_dags/tutorial_taskflow_api_virtualenv.py
[2024-06-09T11:48:57.886-0300] {logging_mixin.py:188} INFO - [2024-06-09T11:48:57.886-0300] {dag.py:3096} INFO - Sync 1 DAGs
[2024-06-09T11:48:57.892-0300] {logging_mixin.py:188} INFO - [2024-06-09T11:48:57.892-0300] {dag.py:3954} INFO - Setting next_dagrun for tutorial_taskflow_api_virtualenv to None, run_after=None
[2024-06-09T11:48:57.909-0300] {processor.py:183} INFO - Processing /home/pedro/.local/lib/python3.10/site-packages/airflow/example_dags/tutorial_taskflow_api_virtualenv.py took 0.052 seconds
[2024-06-09T11:49:39.452-0300] {processor.py:161} INFO - Started process (PID=7923) to work on /home/pedro/.local/lib/python3.10/site-packages/airflow/example_dags/tutorial_taskflow_api_virtualenv.py
[2024-06-09T11:49:39.455-0300] {processor.py:830} INFO - Processing file /home/pedro/.local/lib/python3.10/site-packages/airflow/example_dags/tutorial_taskflow_api_virtualenv.py for tasks to queue
[2024-06-09T11:49:39.457-0300] {logging_mixin.py:188} INFO - [2024-06-09T11:49:39.457-0300] {dagbag.py:545} INFO - Filling up the DagBag from /home/pedro/.local/lib/python3.10/site-packages/airflow/example_dags/tutorial_taskflow_api_virtualenv.py
[2024-06-09T11:49:39.466-0300] {processor.py:840} INFO - DAG(s) 'tutorial_taskflow_api_virtualenv' retrieved from /home/pedro/.local/lib/python3.10/site-packages/airflow/example_dags/tutorial_taskflow_api_virtualenv.py
[2024-06-09T11:49:39.474-0300] {logging_mixin.py:188} INFO - [2024-06-09T11:49:39.474-0300] {dag.py:3096} INFO - Sync 1 DAGs
[2024-06-09T11:49:39.480-0300] {logging_mixin.py:188} INFO - [2024-06-09T11:49:39.479-0300] {dag.py:3954} INFO - Setting next_dagrun for tutorial_taskflow_api_virtualenv to None, run_after=None
[2024-06-09T11:49:39.496-0300] {processor.py:183} INFO - Processing /home/pedro/.local/lib/python3.10/site-packages/airflow/example_dags/tutorial_taskflow_api_virtualenv.py took 0.048 seconds
[2024-06-09T11:50:24.681-0300] {processor.py:161} INFO - Started process (PID=7986) to work on /home/pedro/.local/lib/python3.10/site-packages/airflow/example_dags/tutorial_taskflow_api_virtualenv.py
[2024-06-09T11:50:24.685-0300] {processor.py:830} INFO - Processing file /home/pedro/.local/lib/python3.10/site-packages/airflow/example_dags/tutorial_taskflow_api_virtualenv.py for tasks to queue
[2024-06-09T11:50:24.686-0300] {logging_mixin.py:188} INFO - [2024-06-09T11:50:24.686-0300] {dagbag.py:545} INFO - Filling up the DagBag from /home/pedro/.local/lib/python3.10/site-packages/airflow/example_dags/tutorial_taskflow_api_virtualenv.py
[2024-06-09T11:50:24.694-0300] {processor.py:840} INFO - DAG(s) 'tutorial_taskflow_api_virtualenv' retrieved from /home/pedro/.local/lib/python3.10/site-packages/airflow/example_dags/tutorial_taskflow_api_virtualenv.py
[2024-06-09T11:50:24.703-0300] {logging_mixin.py:188} INFO - [2024-06-09T11:50:24.703-0300] {dag.py:3096} INFO - Sync 1 DAGs
[2024-06-09T11:50:24.709-0300] {logging_mixin.py:188} INFO - [2024-06-09T11:50:24.708-0300] {dag.py:3954} INFO - Setting next_dagrun for tutorial_taskflow_api_virtualenv to None, run_after=None
[2024-06-09T11:50:24.725-0300] {processor.py:183} INFO - Processing /home/pedro/.local/lib/python3.10/site-packages/airflow/example_dags/tutorial_taskflow_api_virtualenv.py took 0.050 seconds
[2024-06-09T11:51:11.064-0300] {processor.py:161} INFO - Started process (PID=8195) to work on /home/pedro/.local/lib/python3.10/site-packages/airflow/example_dags/tutorial_taskflow_api_virtualenv.py
[2024-06-09T11:51:11.068-0300] {processor.py:830} INFO - Processing file /home/pedro/.local/lib/python3.10/site-packages/airflow/example_dags/tutorial_taskflow_api_virtualenv.py for tasks to queue
[2024-06-09T11:51:11.070-0300] {logging_mixin.py:188} INFO - [2024-06-09T11:51:11.069-0300] {dagbag.py:545} INFO - Filling up the DagBag from /home/pedro/.local/lib/python3.10/site-packages/airflow/example_dags/tutorial_taskflow_api_virtualenv.py
[2024-06-09T11:51:11.079-0300] {processor.py:840} INFO - DAG(s) 'tutorial_taskflow_api_virtualenv' retrieved from /home/pedro/.local/lib/python3.10/site-packages/airflow/example_dags/tutorial_taskflow_api_virtualenv.py
[2024-06-09T11:51:11.087-0300] {logging_mixin.py:188} INFO - [2024-06-09T11:51:11.087-0300] {dag.py:3096} INFO - Sync 1 DAGs
[2024-06-09T11:51:11.093-0300] {logging_mixin.py:188} INFO - [2024-06-09T11:51:11.093-0300] {dag.py:3954} INFO - Setting next_dagrun for tutorial_taskflow_api_virtualenv to None, run_after=None
[2024-06-09T11:51:11.108-0300] {processor.py:183} INFO - Processing /home/pedro/.local/lib/python3.10/site-packages/airflow/example_dags/tutorial_taskflow_api_virtualenv.py took 0.048 seconds
[2024-06-09T11:51:56.124-0300] {processor.py:161} INFO - Started process (PID=8284) to work on /home/pedro/.local/lib/python3.10/site-packages/airflow/example_dags/tutorial_taskflow_api_virtualenv.py
[2024-06-09T11:51:56.128-0300] {processor.py:830} INFO - Processing file /home/pedro/.local/lib/python3.10/site-packages/airflow/example_dags/tutorial_taskflow_api_virtualenv.py for tasks to queue
[2024-06-09T11:51:56.131-0300] {logging_mixin.py:188} INFO - [2024-06-09T11:51:56.130-0300] {dagbag.py:545} INFO - Filling up the DagBag from /home/pedro/.local/lib/python3.10/site-packages/airflow/example_dags/tutorial_taskflow_api_virtualenv.py
[2024-06-09T11:51:56.140-0300] {processor.py:840} INFO - DAG(s) 'tutorial_taskflow_api_virtualenv' retrieved from /home/pedro/.local/lib/python3.10/site-packages/airflow/example_dags/tutorial_taskflow_api_virtualenv.py
[2024-06-09T11:51:56.150-0300] {logging_mixin.py:188} INFO - [2024-06-09T11:51:56.150-0300] {dag.py:3096} INFO - Sync 1 DAGs
[2024-06-09T11:51:56.157-0300] {logging_mixin.py:188} INFO - [2024-06-09T11:51:56.157-0300] {dag.py:3954} INFO - Setting next_dagrun for tutorial_taskflow_api_virtualenv to None, run_after=None
[2024-06-09T11:51:56.171-0300] {processor.py:183} INFO - Processing /home/pedro/.local/lib/python3.10/site-packages/airflow/example_dags/tutorial_taskflow_api_virtualenv.py took 0.056 seconds
[2024-06-09T11:52:36.909-0300] {processor.py:161} INFO - Started process (PID=8398) to work on /home/pedro/.local/lib/python3.10/site-packages/airflow/example_dags/tutorial_taskflow_api_virtualenv.py
[2024-06-09T11:52:36.912-0300] {processor.py:830} INFO - Processing file /home/pedro/.local/lib/python3.10/site-packages/airflow/example_dags/tutorial_taskflow_api_virtualenv.py for tasks to queue
[2024-06-09T11:52:36.915-0300] {logging_mixin.py:188} INFO - [2024-06-09T11:52:36.914-0300] {dagbag.py:545} INFO - Filling up the DagBag from /home/pedro/.local/lib/python3.10/site-packages/airflow/example_dags/tutorial_taskflow_api_virtualenv.py
[2024-06-09T11:52:36.923-0300] {processor.py:840} INFO - DAG(s) 'tutorial_taskflow_api_virtualenv' retrieved from /home/pedro/.local/lib/python3.10/site-packages/airflow/example_dags/tutorial_taskflow_api_virtualenv.py
[2024-06-09T11:52:36.931-0300] {logging_mixin.py:188} INFO - [2024-06-09T11:52:36.931-0300] {dag.py:3096} INFO - Sync 1 DAGs
[2024-06-09T11:52:36.937-0300] {logging_mixin.py:188} INFO - [2024-06-09T11:52:36.936-0300] {dag.py:3954} INFO - Setting next_dagrun for tutorial_taskflow_api_virtualenv to None, run_after=None
[2024-06-09T11:52:36.951-0300] {processor.py:183} INFO - Processing /home/pedro/.local/lib/python3.10/site-packages/airflow/example_dags/tutorial_taskflow_api_virtualenv.py took 0.052 seconds
[2024-06-09T11:53:16.126-0300] {processor.py:161} INFO - Started process (PID=8495) to work on /home/pedro/.local/lib/python3.10/site-packages/airflow/example_dags/tutorial_taskflow_api_virtualenv.py
[2024-06-09T11:53:16.130-0300] {processor.py:830} INFO - Processing file /home/pedro/.local/lib/python3.10/site-packages/airflow/example_dags/tutorial_taskflow_api_virtualenv.py for tasks to queue
[2024-06-09T11:53:16.132-0300] {logging_mixin.py:188} INFO - [2024-06-09T11:53:16.132-0300] {dagbag.py:545} INFO - Filling up the DagBag from /home/pedro/.local/lib/python3.10/site-packages/airflow/example_dags/tutorial_taskflow_api_virtualenv.py
[2024-06-09T11:53:16.141-0300] {processor.py:840} INFO - DAG(s) 'tutorial_taskflow_api_virtualenv' retrieved from /home/pedro/.local/lib/python3.10/site-packages/airflow/example_dags/tutorial_taskflow_api_virtualenv.py
[2024-06-09T11:53:16.149-0300] {logging_mixin.py:188} INFO - [2024-06-09T11:53:16.149-0300] {dag.py:3096} INFO - Sync 1 DAGs
[2024-06-09T11:53:16.155-0300] {logging_mixin.py:188} INFO - [2024-06-09T11:53:16.155-0300] {dag.py:3954} INFO - Setting next_dagrun for tutorial_taskflow_api_virtualenv to None, run_after=None
[2024-06-09T11:53:16.177-0300] {processor.py:183} INFO - Processing /home/pedro/.local/lib/python3.10/site-packages/airflow/example_dags/tutorial_taskflow_api_virtualenv.py took 0.060 seconds
[2024-06-09T11:53:55.852-0300] {processor.py:161} INFO - Started process (PID=8576) to work on /home/pedro/.local/lib/python3.10/site-packages/airflow/example_dags/tutorial_taskflow_api_virtualenv.py
[2024-06-09T11:53:55.856-0300] {processor.py:830} INFO - Processing file /home/pedro/.local/lib/python3.10/site-packages/airflow/example_dags/tutorial_taskflow_api_virtualenv.py for tasks to queue
[2024-06-09T11:53:55.858-0300] {logging_mixin.py:188} INFO - [2024-06-09T11:53:55.857-0300] {dagbag.py:545} INFO - Filling up the DagBag from /home/pedro/.local/lib/python3.10/site-packages/airflow/example_dags/tutorial_taskflow_api_virtualenv.py
[2024-06-09T11:53:55.867-0300] {processor.py:840} INFO - DAG(s) 'tutorial_taskflow_api_virtualenv' retrieved from /home/pedro/.local/lib/python3.10/site-packages/airflow/example_dags/tutorial_taskflow_api_virtualenv.py
[2024-06-09T11:53:55.875-0300] {logging_mixin.py:188} INFO - [2024-06-09T11:53:55.875-0300] {dag.py:3096} INFO - Sync 1 DAGs
[2024-06-09T11:53:55.881-0300] {logging_mixin.py:188} INFO - [2024-06-09T11:53:55.881-0300] {dag.py:3954} INFO - Setting next_dagrun for tutorial_taskflow_api_virtualenv to None, run_after=None
[2024-06-09T11:53:55.895-0300] {processor.py:183} INFO - Processing /home/pedro/.local/lib/python3.10/site-packages/airflow/example_dags/tutorial_taskflow_api_virtualenv.py took 0.045 seconds
[2024-06-09T11:54:38.075-0300] {processor.py:161} INFO - Started process (PID=8646) to work on /home/pedro/.local/lib/python3.10/site-packages/airflow/example_dags/tutorial_taskflow_api_virtualenv.py
[2024-06-09T11:54:38.079-0300] {processor.py:830} INFO - Processing file /home/pedro/.local/lib/python3.10/site-packages/airflow/example_dags/tutorial_taskflow_api_virtualenv.py for tasks to queue
[2024-06-09T11:54:38.080-0300] {logging_mixin.py:188} INFO - [2024-06-09T11:54:38.080-0300] {dagbag.py:545} INFO - Filling up the DagBag from /home/pedro/.local/lib/python3.10/site-packages/airflow/example_dags/tutorial_taskflow_api_virtualenv.py
[2024-06-09T11:54:38.088-0300] {processor.py:840} INFO - DAG(s) 'tutorial_taskflow_api_virtualenv' retrieved from /home/pedro/.local/lib/python3.10/site-packages/airflow/example_dags/tutorial_taskflow_api_virtualenv.py
[2024-06-09T11:54:38.096-0300] {logging_mixin.py:188} INFO - [2024-06-09T11:54:38.096-0300] {dag.py:3096} INFO - Sync 1 DAGs
[2024-06-09T11:54:38.104-0300] {logging_mixin.py:188} INFO - [2024-06-09T11:54:38.104-0300] {dag.py:3954} INFO - Setting next_dagrun for tutorial_taskflow_api_virtualenv to None, run_after=None
[2024-06-09T11:54:38.120-0300] {processor.py:183} INFO - Processing /home/pedro/.local/lib/python3.10/site-packages/airflow/example_dags/tutorial_taskflow_api_virtualenv.py took 0.054 seconds
[2024-06-09T11:55:16.882-0300] {processor.py:161} INFO - Started process (PID=8705) to work on /home/pedro/.local/lib/python3.10/site-packages/airflow/example_dags/tutorial_taskflow_api_virtualenv.py
[2024-06-09T11:55:16.885-0300] {processor.py:830} INFO - Processing file /home/pedro/.local/lib/python3.10/site-packages/airflow/example_dags/tutorial_taskflow_api_virtualenv.py for tasks to queue
[2024-06-09T11:55:16.887-0300] {logging_mixin.py:188} INFO - [2024-06-09T11:55:16.887-0300] {dagbag.py:545} INFO - Filling up the DagBag from /home/pedro/.local/lib/python3.10/site-packages/airflow/example_dags/tutorial_taskflow_api_virtualenv.py
[2024-06-09T11:55:16.897-0300] {processor.py:840} INFO - DAG(s) 'tutorial_taskflow_api_virtualenv' retrieved from /home/pedro/.local/lib/python3.10/site-packages/airflow/example_dags/tutorial_taskflow_api_virtualenv.py
[2024-06-09T11:55:16.904-0300] {logging_mixin.py:188} INFO - [2024-06-09T11:55:16.904-0300] {dag.py:3096} INFO - Sync 1 DAGs
[2024-06-09T11:55:16.910-0300] {logging_mixin.py:188} INFO - [2024-06-09T11:55:16.910-0300] {dag.py:3954} INFO - Setting next_dagrun for tutorial_taskflow_api_virtualenv to None, run_after=None
[2024-06-09T11:55:16.925-0300] {processor.py:183} INFO - Processing /home/pedro/.local/lib/python3.10/site-packages/airflow/example_dags/tutorial_taskflow_api_virtualenv.py took 0.046 seconds
[2024-06-09T11:55:55.605-0300] {processor.py:161} INFO - Started process (PID=8928) to work on /home/pedro/.local/lib/python3.10/site-packages/airflow/example_dags/tutorial_taskflow_api_virtualenv.py
[2024-06-09T11:55:55.609-0300] {processor.py:830} INFO - Processing file /home/pedro/.local/lib/python3.10/site-packages/airflow/example_dags/tutorial_taskflow_api_virtualenv.py for tasks to queue
[2024-06-09T11:55:55.611-0300] {logging_mixin.py:188} INFO - [2024-06-09T11:55:55.610-0300] {dagbag.py:545} INFO - Filling up the DagBag from /home/pedro/.local/lib/python3.10/site-packages/airflow/example_dags/tutorial_taskflow_api_virtualenv.py
[2024-06-09T11:55:55.619-0300] {processor.py:840} INFO - DAG(s) 'tutorial_taskflow_api_virtualenv' retrieved from /home/pedro/.local/lib/python3.10/site-packages/airflow/example_dags/tutorial_taskflow_api_virtualenv.py
[2024-06-09T11:55:55.627-0300] {logging_mixin.py:188} INFO - [2024-06-09T11:55:55.627-0300] {dag.py:3096} INFO - Sync 1 DAGs
[2024-06-09T11:55:55.633-0300] {logging_mixin.py:188} INFO - [2024-06-09T11:55:55.633-0300] {dag.py:3954} INFO - Setting next_dagrun for tutorial_taskflow_api_virtualenv to None, run_after=None
[2024-06-09T11:55:55.647-0300] {processor.py:183} INFO - Processing /home/pedro/.local/lib/python3.10/site-packages/airflow/example_dags/tutorial_taskflow_api_virtualenv.py took 0.052 seconds
[2024-06-09T11:57:36.092-0300] {processor.py:161} INFO - Started process (PID=9575) to work on /home/pedro/.local/lib/python3.10/site-packages/airflow/example_dags/tutorial_taskflow_api_virtualenv.py
[2024-06-09T11:57:36.095-0300] {processor.py:830} INFO - Processing file /home/pedro/.local/lib/python3.10/site-packages/airflow/example_dags/tutorial_taskflow_api_virtualenv.py for tasks to queue
[2024-06-09T11:57:36.096-0300] {logging_mixin.py:188} INFO - [2024-06-09T11:57:36.096-0300] {dagbag.py:545} INFO - Filling up the DagBag from /home/pedro/.local/lib/python3.10/site-packages/airflow/example_dags/tutorial_taskflow_api_virtualenv.py
[2024-06-09T11:57:36.102-0300] {processor.py:840} INFO - DAG(s) 'tutorial_taskflow_api_virtualenv' retrieved from /home/pedro/.local/lib/python3.10/site-packages/airflow/example_dags/tutorial_taskflow_api_virtualenv.py
[2024-06-09T11:57:36.150-0300] {logging_mixin.py:188} INFO - [2024-06-09T11:57:36.149-0300] {dag.py:3096} INFO - Sync 1 DAGs
[2024-06-09T11:57:36.154-0300] {logging_mixin.py:188} INFO - [2024-06-09T11:57:36.154-0300] {dag.py:3954} INFO - Setting next_dagrun for tutorial_taskflow_api_virtualenv to None, run_after=None
[2024-06-09T11:57:36.169-0300] {processor.py:183} INFO - Processing /home/pedro/.local/lib/python3.10/site-packages/airflow/example_dags/tutorial_taskflow_api_virtualenv.py took 0.080 seconds
[2024-06-09T11:58:26.139-0300] {processor.py:161} INFO - Started process (PID=9916) to work on /home/pedro/.local/lib/python3.10/site-packages/airflow/example_dags/tutorial_taskflow_api_virtualenv.py
[2024-06-09T11:58:26.142-0300] {processor.py:830} INFO - Processing file /home/pedro/.local/lib/python3.10/site-packages/airflow/example_dags/tutorial_taskflow_api_virtualenv.py for tasks to queue
[2024-06-09T11:58:26.144-0300] {logging_mixin.py:188} INFO - [2024-06-09T11:58:26.143-0300] {dagbag.py:545} INFO - Filling up the DagBag from /home/pedro/.local/lib/python3.10/site-packages/airflow/example_dags/tutorial_taskflow_api_virtualenv.py
[2024-06-09T11:58:26.151-0300] {processor.py:840} INFO - DAG(s) 'tutorial_taskflow_api_virtualenv' retrieved from /home/pedro/.local/lib/python3.10/site-packages/airflow/example_dags/tutorial_taskflow_api_virtualenv.py
[2024-06-09T11:58:26.162-0300] {logging_mixin.py:188} INFO - [2024-06-09T11:58:26.162-0300] {dag.py:3096} INFO - Sync 1 DAGs
[2024-06-09T11:58:26.244-0300] {logging_mixin.py:188} INFO - [2024-06-09T11:58:26.244-0300] {dag.py:3954} INFO - Setting next_dagrun for tutorial_taskflow_api_virtualenv to None, run_after=None
[2024-06-09T11:58:26.262-0300] {processor.py:183} INFO - Processing /home/pedro/.local/lib/python3.10/site-packages/airflow/example_dags/tutorial_taskflow_api_virtualenv.py took 0.130 seconds
[2024-06-09T11:59:04.056-0300] {processor.py:161} INFO - Started process (PID=10588) to work on /home/pedro/.local/lib/python3.10/site-packages/airflow/example_dags/tutorial_taskflow_api_virtualenv.py
[2024-06-09T11:59:04.059-0300] {processor.py:830} INFO - Processing file /home/pedro/.local/lib/python3.10/site-packages/airflow/example_dags/tutorial_taskflow_api_virtualenv.py for tasks to queue
[2024-06-09T11:59:04.060-0300] {logging_mixin.py:188} INFO - [2024-06-09T11:59:04.059-0300] {dagbag.py:545} INFO - Filling up the DagBag from /home/pedro/.local/lib/python3.10/site-packages/airflow/example_dags/tutorial_taskflow_api_virtualenv.py
[2024-06-09T11:59:04.070-0300] {processor.py:840} INFO - DAG(s) 'tutorial_taskflow_api_virtualenv' retrieved from /home/pedro/.local/lib/python3.10/site-packages/airflow/example_dags/tutorial_taskflow_api_virtualenv.py
[2024-06-09T11:59:04.118-0300] {logging_mixin.py:188} INFO - [2024-06-09T11:59:04.118-0300] {dag.py:3096} INFO - Sync 1 DAGs
[2024-06-09T11:59:04.123-0300] {logging_mixin.py:188} INFO - [2024-06-09T11:59:04.122-0300] {dag.py:3954} INFO - Setting next_dagrun for tutorial_taskflow_api_virtualenv to None, run_after=None
[2024-06-09T11:59:04.141-0300] {processor.py:183} INFO - Processing /home/pedro/.local/lib/python3.10/site-packages/airflow/example_dags/tutorial_taskflow_api_virtualenv.py took 0.088 seconds
[2024-06-09T11:59:54.209-0300] {processor.py:161} INFO - Started process (PID=10782) to work on /home/pedro/.local/lib/python3.10/site-packages/airflow/example_dags/tutorial_taskflow_api_virtualenv.py
[2024-06-09T11:59:54.213-0300] {processor.py:830} INFO - Processing file /home/pedro/.local/lib/python3.10/site-packages/airflow/example_dags/tutorial_taskflow_api_virtualenv.py for tasks to queue
[2024-06-09T11:59:54.215-0300] {logging_mixin.py:188} INFO - [2024-06-09T11:59:54.215-0300] {dagbag.py:545} INFO - Filling up the DagBag from /home/pedro/.local/lib/python3.10/site-packages/airflow/example_dags/tutorial_taskflow_api_virtualenv.py
[2024-06-09T11:59:54.225-0300] {processor.py:840} INFO - DAG(s) 'tutorial_taskflow_api_virtualenv' retrieved from /home/pedro/.local/lib/python3.10/site-packages/airflow/example_dags/tutorial_taskflow_api_virtualenv.py
[2024-06-09T11:59:54.237-0300] {logging_mixin.py:188} INFO - [2024-06-09T11:59:54.237-0300] {dag.py:3096} INFO - Sync 1 DAGs
[2024-06-09T11:59:54.316-0300] {logging_mixin.py:188} INFO - [2024-06-09T11:59:54.316-0300] {dag.py:3954} INFO - Setting next_dagrun for tutorial_taskflow_api_virtualenv to None, run_after=None
[2024-06-09T11:59:54.331-0300] {processor.py:183} INFO - Processing /home/pedro/.local/lib/python3.10/site-packages/airflow/example_dags/tutorial_taskflow_api_virtualenv.py took 0.129 seconds
[2024-06-09T12:00:40.873-0300] {processor.py:161} INFO - Started process (PID=10855) to work on /home/pedro/.local/lib/python3.10/site-packages/airflow/example_dags/tutorial_taskflow_api_virtualenv.py
[2024-06-09T12:00:40.876-0300] {processor.py:830} INFO - Processing file /home/pedro/.local/lib/python3.10/site-packages/airflow/example_dags/tutorial_taskflow_api_virtualenv.py for tasks to queue
[2024-06-09T12:00:40.879-0300] {logging_mixin.py:188} INFO - [2024-06-09T12:00:40.878-0300] {dagbag.py:545} INFO - Filling up the DagBag from /home/pedro/.local/lib/python3.10/site-packages/airflow/example_dags/tutorial_taskflow_api_virtualenv.py
[2024-06-09T12:00:40.887-0300] {processor.py:840} INFO - DAG(s) 'tutorial_taskflow_api_virtualenv' retrieved from /home/pedro/.local/lib/python3.10/site-packages/airflow/example_dags/tutorial_taskflow_api_virtualenv.py
[2024-06-09T12:00:40.895-0300] {logging_mixin.py:188} INFO - [2024-06-09T12:00:40.894-0300] {dag.py:3096} INFO - Sync 1 DAGs
[2024-06-09T12:00:40.900-0300] {logging_mixin.py:188} INFO - [2024-06-09T12:00:40.900-0300] {dag.py:3954} INFO - Setting next_dagrun for tutorial_taskflow_api_virtualenv to None, run_after=None
[2024-06-09T12:00:40.916-0300] {processor.py:183} INFO - Processing /home/pedro/.local/lib/python3.10/site-packages/airflow/example_dags/tutorial_taskflow_api_virtualenv.py took 0.051 seconds
[2024-06-09T12:01:22.672-0300] {processor.py:161} INFO - Started process (PID=11139) to work on /home/pedro/.local/lib/python3.10/site-packages/airflow/example_dags/tutorial_taskflow_api_virtualenv.py
[2024-06-09T12:01:22.676-0300] {processor.py:830} INFO - Processing file /home/pedro/.local/lib/python3.10/site-packages/airflow/example_dags/tutorial_taskflow_api_virtualenv.py for tasks to queue
[2024-06-09T12:01:22.678-0300] {logging_mixin.py:188} INFO - [2024-06-09T12:01:22.677-0300] {dagbag.py:545} INFO - Filling up the DagBag from /home/pedro/.local/lib/python3.10/site-packages/airflow/example_dags/tutorial_taskflow_api_virtualenv.py
[2024-06-09T12:01:22.687-0300] {processor.py:840} INFO - DAG(s) 'tutorial_taskflow_api_virtualenv' retrieved from /home/pedro/.local/lib/python3.10/site-packages/airflow/example_dags/tutorial_taskflow_api_virtualenv.py
[2024-06-09T12:01:22.695-0300] {logging_mixin.py:188} INFO - [2024-06-09T12:01:22.695-0300] {dag.py:3096} INFO - Sync 1 DAGs
[2024-06-09T12:01:22.701-0300] {logging_mixin.py:188} INFO - [2024-06-09T12:01:22.701-0300] {dag.py:3954} INFO - Setting next_dagrun for tutorial_taskflow_api_virtualenv to None, run_after=None
[2024-06-09T12:01:22.717-0300] {processor.py:183} INFO - Processing /home/pedro/.local/lib/python3.10/site-packages/airflow/example_dags/tutorial_taskflow_api_virtualenv.py took 0.050 seconds
[2024-06-09T12:02:05.555-0300] {processor.py:161} INFO - Started process (PID=11222) to work on /home/pedro/.local/lib/python3.10/site-packages/airflow/example_dags/tutorial_taskflow_api_virtualenv.py
[2024-06-09T12:02:05.559-0300] {processor.py:830} INFO - Processing file /home/pedro/.local/lib/python3.10/site-packages/airflow/example_dags/tutorial_taskflow_api_virtualenv.py for tasks to queue
[2024-06-09T12:02:05.561-0300] {logging_mixin.py:188} INFO - [2024-06-09T12:02:05.561-0300] {dagbag.py:545} INFO - Filling up the DagBag from /home/pedro/.local/lib/python3.10/site-packages/airflow/example_dags/tutorial_taskflow_api_virtualenv.py
[2024-06-09T12:02:05.569-0300] {processor.py:840} INFO - DAG(s) 'tutorial_taskflow_api_virtualenv' retrieved from /home/pedro/.local/lib/python3.10/site-packages/airflow/example_dags/tutorial_taskflow_api_virtualenv.py
[2024-06-09T12:02:05.579-0300] {logging_mixin.py:188} INFO - [2024-06-09T12:02:05.578-0300] {dag.py:3096} INFO - Sync 1 DAGs
[2024-06-09T12:02:05.584-0300] {logging_mixin.py:188} INFO - [2024-06-09T12:02:05.584-0300] {dag.py:3954} INFO - Setting next_dagrun for tutorial_taskflow_api_virtualenv to None, run_after=None
[2024-06-09T12:02:05.601-0300] {processor.py:183} INFO - Processing /home/pedro/.local/lib/python3.10/site-packages/airflow/example_dags/tutorial_taskflow_api_virtualenv.py took 0.053 seconds
[2024-06-09T12:02:51.557-0300] {processor.py:161} INFO - Started process (PID=11322) to work on /home/pedro/.local/lib/python3.10/site-packages/airflow/example_dags/tutorial_taskflow_api_virtualenv.py
[2024-06-09T12:02:51.561-0300] {processor.py:830} INFO - Processing file /home/pedro/.local/lib/python3.10/site-packages/airflow/example_dags/tutorial_taskflow_api_virtualenv.py for tasks to queue
[2024-06-09T12:02:51.563-0300] {logging_mixin.py:188} INFO - [2024-06-09T12:02:51.563-0300] {dagbag.py:545} INFO - Filling up the DagBag from /home/pedro/.local/lib/python3.10/site-packages/airflow/example_dags/tutorial_taskflow_api_virtualenv.py
[2024-06-09T12:02:51.572-0300] {processor.py:840} INFO - DAG(s) 'tutorial_taskflow_api_virtualenv' retrieved from /home/pedro/.local/lib/python3.10/site-packages/airflow/example_dags/tutorial_taskflow_api_virtualenv.py
[2024-06-09T12:02:51.581-0300] {logging_mixin.py:188} INFO - [2024-06-09T12:02:51.581-0300] {dag.py:3096} INFO - Sync 1 DAGs
[2024-06-09T12:02:51.587-0300] {logging_mixin.py:188} INFO - [2024-06-09T12:02:51.587-0300] {dag.py:3954} INFO - Setting next_dagrun for tutorial_taskflow_api_virtualenv to None, run_after=None
[2024-06-09T12:02:51.602-0300] {processor.py:183} INFO - Processing /home/pedro/.local/lib/python3.10/site-packages/airflow/example_dags/tutorial_taskflow_api_virtualenv.py took 0.050 seconds
[2024-06-09T12:03:34.142-0300] {processor.py:161} INFO - Started process (PID=11389) to work on /home/pedro/.local/lib/python3.10/site-packages/airflow/example_dags/tutorial_taskflow_api_virtualenv.py
[2024-06-09T12:03:34.146-0300] {processor.py:830} INFO - Processing file /home/pedro/.local/lib/python3.10/site-packages/airflow/example_dags/tutorial_taskflow_api_virtualenv.py for tasks to queue
[2024-06-09T12:03:34.148-0300] {logging_mixin.py:188} INFO - [2024-06-09T12:03:34.148-0300] {dagbag.py:545} INFO - Filling up the DagBag from /home/pedro/.local/lib/python3.10/site-packages/airflow/example_dags/tutorial_taskflow_api_virtualenv.py
[2024-06-09T12:03:34.155-0300] {processor.py:840} INFO - DAG(s) 'tutorial_taskflow_api_virtualenv' retrieved from /home/pedro/.local/lib/python3.10/site-packages/airflow/example_dags/tutorial_taskflow_api_virtualenv.py
[2024-06-09T12:03:34.164-0300] {logging_mixin.py:188} INFO - [2024-06-09T12:03:34.164-0300] {dag.py:3096} INFO - Sync 1 DAGs
[2024-06-09T12:03:34.170-0300] {logging_mixin.py:188} INFO - [2024-06-09T12:03:34.170-0300] {dag.py:3954} INFO - Setting next_dagrun for tutorial_taskflow_api_virtualenv to None, run_after=None
[2024-06-09T12:03:34.186-0300] {processor.py:183} INFO - Processing /home/pedro/.local/lib/python3.10/site-packages/airflow/example_dags/tutorial_taskflow_api_virtualenv.py took 0.052 seconds
[2024-06-09T12:04:12.384-0300] {processor.py:161} INFO - Started process (PID=11488) to work on /home/pedro/.local/lib/python3.10/site-packages/airflow/example_dags/tutorial_taskflow_api_virtualenv.py
[2024-06-09T12:04:12.388-0300] {processor.py:830} INFO - Processing file /home/pedro/.local/lib/python3.10/site-packages/airflow/example_dags/tutorial_taskflow_api_virtualenv.py for tasks to queue
[2024-06-09T12:04:12.389-0300] {logging_mixin.py:188} INFO - [2024-06-09T12:04:12.389-0300] {dagbag.py:545} INFO - Filling up the DagBag from /home/pedro/.local/lib/python3.10/site-packages/airflow/example_dags/tutorial_taskflow_api_virtualenv.py
[2024-06-09T12:04:12.398-0300] {processor.py:840} INFO - DAG(s) 'tutorial_taskflow_api_virtualenv' retrieved from /home/pedro/.local/lib/python3.10/site-packages/airflow/example_dags/tutorial_taskflow_api_virtualenv.py
[2024-06-09T12:04:12.407-0300] {logging_mixin.py:188} INFO - [2024-06-09T12:04:12.407-0300] {dag.py:3096} INFO - Sync 1 DAGs
[2024-06-09T12:04:12.413-0300] {logging_mixin.py:188} INFO - [2024-06-09T12:04:12.413-0300] {dag.py:3954} INFO - Setting next_dagrun for tutorial_taskflow_api_virtualenv to None, run_after=None
[2024-06-09T12:04:12.431-0300] {processor.py:183} INFO - Processing /home/pedro/.local/lib/python3.10/site-packages/airflow/example_dags/tutorial_taskflow_api_virtualenv.py took 0.051 seconds
[2024-06-09T12:04:52.964-0300] {processor.py:161} INFO - Started process (PID=11559) to work on /home/pedro/.local/lib/python3.10/site-packages/airflow/example_dags/tutorial_taskflow_api_virtualenv.py
[2024-06-09T12:04:52.967-0300] {processor.py:830} INFO - Processing file /home/pedro/.local/lib/python3.10/site-packages/airflow/example_dags/tutorial_taskflow_api_virtualenv.py for tasks to queue
[2024-06-09T12:04:52.969-0300] {logging_mixin.py:188} INFO - [2024-06-09T12:04:52.969-0300] {dagbag.py:545} INFO - Filling up the DagBag from /home/pedro/.local/lib/python3.10/site-packages/airflow/example_dags/tutorial_taskflow_api_virtualenv.py
[2024-06-09T12:04:52.978-0300] {processor.py:840} INFO - DAG(s) 'tutorial_taskflow_api_virtualenv' retrieved from /home/pedro/.local/lib/python3.10/site-packages/airflow/example_dags/tutorial_taskflow_api_virtualenv.py
[2024-06-09T12:04:52.985-0300] {logging_mixin.py:188} INFO - [2024-06-09T12:04:52.985-0300] {dag.py:3096} INFO - Sync 1 DAGs
[2024-06-09T12:04:52.992-0300] {logging_mixin.py:188} INFO - [2024-06-09T12:04:52.992-0300] {dag.py:3954} INFO - Setting next_dagrun for tutorial_taskflow_api_virtualenv to None, run_after=None
[2024-06-09T12:04:53.010-0300] {processor.py:183} INFO - Processing /home/pedro/.local/lib/python3.10/site-packages/airflow/example_dags/tutorial_taskflow_api_virtualenv.py took 0.050 seconds
[2024-06-09T12:05:34.975-0300] {processor.py:161} INFO - Started process (PID=11649) to work on /home/pedro/.local/lib/python3.10/site-packages/airflow/example_dags/tutorial_taskflow_api_virtualenv.py
[2024-06-09T12:05:34.976-0300] {processor.py:830} INFO - Processing file /home/pedro/.local/lib/python3.10/site-packages/airflow/example_dags/tutorial_taskflow_api_virtualenv.py for tasks to queue
[2024-06-09T12:05:34.978-0300] {logging_mixin.py:188} INFO - [2024-06-09T12:05:34.978-0300] {dagbag.py:545} INFO - Filling up the DagBag from /home/pedro/.local/lib/python3.10/site-packages/airflow/example_dags/tutorial_taskflow_api_virtualenv.py
[2024-06-09T12:05:34.986-0300] {processor.py:840} INFO - DAG(s) 'tutorial_taskflow_api_virtualenv' retrieved from /home/pedro/.local/lib/python3.10/site-packages/airflow/example_dags/tutorial_taskflow_api_virtualenv.py
[2024-06-09T12:05:34.995-0300] {logging_mixin.py:188} INFO - [2024-06-09T12:05:34.994-0300] {dag.py:3096} INFO - Sync 1 DAGs
[2024-06-09T12:05:35.002-0300] {logging_mixin.py:188} INFO - [2024-06-09T12:05:35.002-0300] {dag.py:3954} INFO - Setting next_dagrun for tutorial_taskflow_api_virtualenv to None, run_after=None
[2024-06-09T12:05:35.015-0300] {processor.py:183} INFO - Processing /home/pedro/.local/lib/python3.10/site-packages/airflow/example_dags/tutorial_taskflow_api_virtualenv.py took 0.050 seconds
[2024-06-09T12:06:26.158-0300] {processor.py:161} INFO - Started process (PID=12408) to work on /home/pedro/.local/lib/python3.10/site-packages/airflow/example_dags/tutorial_taskflow_api_virtualenv.py
[2024-06-09T12:06:26.161-0300] {processor.py:830} INFO - Processing file /home/pedro/.local/lib/python3.10/site-packages/airflow/example_dags/tutorial_taskflow_api_virtualenv.py for tasks to queue
[2024-06-09T12:06:26.162-0300] {logging_mixin.py:188} INFO - [2024-06-09T12:06:26.161-0300] {dagbag.py:545} INFO - Filling up the DagBag from /home/pedro/.local/lib/python3.10/site-packages/airflow/example_dags/tutorial_taskflow_api_virtualenv.py
[2024-06-09T12:06:26.171-0300] {processor.py:840} INFO - DAG(s) 'tutorial_taskflow_api_virtualenv' retrieved from /home/pedro/.local/lib/python3.10/site-packages/airflow/example_dags/tutorial_taskflow_api_virtualenv.py
[2024-06-09T12:06:26.222-0300] {logging_mixin.py:188} INFO - [2024-06-09T12:06:26.222-0300] {dag.py:3096} INFO - Sync 1 DAGs
[2024-06-09T12:06:26.227-0300] {logging_mixin.py:188} INFO - [2024-06-09T12:06:26.227-0300] {dag.py:3954} INFO - Setting next_dagrun for tutorial_taskflow_api_virtualenv to None, run_after=None
[2024-06-09T12:06:26.243-0300] {processor.py:183} INFO - Processing /home/pedro/.local/lib/python3.10/site-packages/airflow/example_dags/tutorial_taskflow_api_virtualenv.py took 0.089 seconds
[2024-06-09T12:07:18.523-0300] {processor.py:161} INFO - Started process (PID=12502) to work on /home/pedro/.local/lib/python3.10/site-packages/airflow/example_dags/tutorial_taskflow_api_virtualenv.py
[2024-06-09T12:07:18.527-0300] {processor.py:830} INFO - Processing file /home/pedro/.local/lib/python3.10/site-packages/airflow/example_dags/tutorial_taskflow_api_virtualenv.py for tasks to queue
[2024-06-09T12:07:18.529-0300] {logging_mixin.py:188} INFO - [2024-06-09T12:07:18.529-0300] {dagbag.py:545} INFO - Filling up the DagBag from /home/pedro/.local/lib/python3.10/site-packages/airflow/example_dags/tutorial_taskflow_api_virtualenv.py
[2024-06-09T12:07:18.538-0300] {processor.py:840} INFO - DAG(s) 'tutorial_taskflow_api_virtualenv' retrieved from /home/pedro/.local/lib/python3.10/site-packages/airflow/example_dags/tutorial_taskflow_api_virtualenv.py
[2024-06-09T12:07:18.547-0300] {logging_mixin.py:188} INFO - [2024-06-09T12:07:18.547-0300] {dag.py:3096} INFO - Sync 1 DAGs
[2024-06-09T12:07:18.610-0300] {logging_mixin.py:188} INFO - [2024-06-09T12:07:18.610-0300] {dag.py:3954} INFO - Setting next_dagrun for tutorial_taskflow_api_virtualenv to None, run_after=None
[2024-06-09T12:07:18.627-0300] {processor.py:183} INFO - Processing /home/pedro/.local/lib/python3.10/site-packages/airflow/example_dags/tutorial_taskflow_api_virtualenv.py took 0.112 seconds
[2024-06-09T12:08:12.103-0300] {processor.py:161} INFO - Started process (PID=12601) to work on /home/pedro/.local/lib/python3.10/site-packages/airflow/example_dags/tutorial_taskflow_api_virtualenv.py
[2024-06-09T12:08:12.104-0300] {processor.py:830} INFO - Processing file /home/pedro/.local/lib/python3.10/site-packages/airflow/example_dags/tutorial_taskflow_api_virtualenv.py for tasks to queue
[2024-06-09T12:08:12.106-0300] {logging_mixin.py:188} INFO - [2024-06-09T12:08:12.106-0300] {dagbag.py:545} INFO - Filling up the DagBag from /home/pedro/.local/lib/python3.10/site-packages/airflow/example_dags/tutorial_taskflow_api_virtualenv.py
[2024-06-09T12:08:12.114-0300] {processor.py:840} INFO - DAG(s) 'tutorial_taskflow_api_virtualenv' retrieved from /home/pedro/.local/lib/python3.10/site-packages/airflow/example_dags/tutorial_taskflow_api_virtualenv.py
[2024-06-09T12:08:12.122-0300] {logging_mixin.py:188} INFO - [2024-06-09T12:08:12.122-0300] {dag.py:3096} INFO - Sync 1 DAGs
[2024-06-09T12:08:12.129-0300] {logging_mixin.py:188} INFO - [2024-06-09T12:08:12.129-0300] {dag.py:3954} INFO - Setting next_dagrun for tutorial_taskflow_api_virtualenv to None, run_after=None
[2024-06-09T12:08:12.144-0300] {processor.py:183} INFO - Processing /home/pedro/.local/lib/python3.10/site-packages/airflow/example_dags/tutorial_taskflow_api_virtualenv.py took 0.050 seconds
[2024-06-09T12:08:55.212-0300] {processor.py:161} INFO - Started process (PID=12683) to work on /home/pedro/.local/lib/python3.10/site-packages/airflow/example_dags/tutorial_taskflow_api_virtualenv.py
[2024-06-09T12:08:55.216-0300] {processor.py:830} INFO - Processing file /home/pedro/.local/lib/python3.10/site-packages/airflow/example_dags/tutorial_taskflow_api_virtualenv.py for tasks to queue
[2024-06-09T12:08:55.217-0300] {logging_mixin.py:188} INFO - [2024-06-09T12:08:55.217-0300] {dagbag.py:545} INFO - Filling up the DagBag from /home/pedro/.local/lib/python3.10/site-packages/airflow/example_dags/tutorial_taskflow_api_virtualenv.py
[2024-06-09T12:08:55.226-0300] {processor.py:840} INFO - DAG(s) 'tutorial_taskflow_api_virtualenv' retrieved from /home/pedro/.local/lib/python3.10/site-packages/airflow/example_dags/tutorial_taskflow_api_virtualenv.py
[2024-06-09T12:08:55.234-0300] {logging_mixin.py:188} INFO - [2024-06-09T12:08:55.234-0300] {dag.py:3096} INFO - Sync 1 DAGs
[2024-06-09T12:08:55.240-0300] {logging_mixin.py:188} INFO - [2024-06-09T12:08:55.240-0300] {dag.py:3954} INFO - Setting next_dagrun for tutorial_taskflow_api_virtualenv to None, run_after=None
[2024-06-09T12:08:55.256-0300] {processor.py:183} INFO - Processing /home/pedro/.local/lib/python3.10/site-packages/airflow/example_dags/tutorial_taskflow_api_virtualenv.py took 0.052 seconds
[2024-06-09T12:09:37.850-0300] {processor.py:161} INFO - Started process (PID=12774) to work on /home/pedro/.local/lib/python3.10/site-packages/airflow/example_dags/tutorial_taskflow_api_virtualenv.py
[2024-06-09T12:09:37.854-0300] {processor.py:830} INFO - Processing file /home/pedro/.local/lib/python3.10/site-packages/airflow/example_dags/tutorial_taskflow_api_virtualenv.py for tasks to queue
[2024-06-09T12:09:37.856-0300] {logging_mixin.py:188} INFO - [2024-06-09T12:09:37.856-0300] {dagbag.py:545} INFO - Filling up the DagBag from /home/pedro/.local/lib/python3.10/site-packages/airflow/example_dags/tutorial_taskflow_api_virtualenv.py
[2024-06-09T12:09:37.865-0300] {processor.py:840} INFO - DAG(s) 'tutorial_taskflow_api_virtualenv' retrieved from /home/pedro/.local/lib/python3.10/site-packages/airflow/example_dags/tutorial_taskflow_api_virtualenv.py
[2024-06-09T12:09:37.873-0300] {logging_mixin.py:188} INFO - [2024-06-09T12:09:37.873-0300] {dag.py:3096} INFO - Sync 1 DAGs
[2024-06-09T12:09:37.880-0300] {logging_mixin.py:188} INFO - [2024-06-09T12:09:37.880-0300] {dag.py:3954} INFO - Setting next_dagrun for tutorial_taskflow_api_virtualenv to None, run_after=None
[2024-06-09T12:09:37.898-0300] {processor.py:183} INFO - Processing /home/pedro/.local/lib/python3.10/site-packages/airflow/example_dags/tutorial_taskflow_api_virtualenv.py took 0.057 seconds
[2024-06-09T12:10:19.732-0300] {processor.py:161} INFO - Started process (PID=12840) to work on /home/pedro/.local/lib/python3.10/site-packages/airflow/example_dags/tutorial_taskflow_api_virtualenv.py
[2024-06-09T12:10:19.735-0300] {processor.py:830} INFO - Processing file /home/pedro/.local/lib/python3.10/site-packages/airflow/example_dags/tutorial_taskflow_api_virtualenv.py for tasks to queue
[2024-06-09T12:10:19.737-0300] {logging_mixin.py:188} INFO - [2024-06-09T12:10:19.736-0300] {dagbag.py:545} INFO - Filling up the DagBag from /home/pedro/.local/lib/python3.10/site-packages/airflow/example_dags/tutorial_taskflow_api_virtualenv.py
[2024-06-09T12:10:19.746-0300] {processor.py:840} INFO - DAG(s) 'tutorial_taskflow_api_virtualenv' retrieved from /home/pedro/.local/lib/python3.10/site-packages/airflow/example_dags/tutorial_taskflow_api_virtualenv.py
[2024-06-09T12:10:19.754-0300] {logging_mixin.py:188} INFO - [2024-06-09T12:10:19.754-0300] {dag.py:3096} INFO - Sync 1 DAGs
[2024-06-09T12:10:19.761-0300] {logging_mixin.py:188} INFO - [2024-06-09T12:10:19.761-0300] {dag.py:3954} INFO - Setting next_dagrun for tutorial_taskflow_api_virtualenv to None, run_after=None
[2024-06-09T12:10:19.779-0300] {processor.py:183} INFO - Processing /home/pedro/.local/lib/python3.10/site-packages/airflow/example_dags/tutorial_taskflow_api_virtualenv.py took 0.050 seconds
[2024-06-09T12:11:01.650-0300] {processor.py:161} INFO - Started process (PID=12916) to work on /home/pedro/.local/lib/python3.10/site-packages/airflow/example_dags/tutorial_taskflow_api_virtualenv.py
[2024-06-09T12:11:01.653-0300] {processor.py:830} INFO - Processing file /home/pedro/.local/lib/python3.10/site-packages/airflow/example_dags/tutorial_taskflow_api_virtualenv.py for tasks to queue
[2024-06-09T12:11:01.654-0300] {logging_mixin.py:188} INFO - [2024-06-09T12:11:01.654-0300] {dagbag.py:545} INFO - Filling up the DagBag from /home/pedro/.local/lib/python3.10/site-packages/airflow/example_dags/tutorial_taskflow_api_virtualenv.py
[2024-06-09T12:11:01.660-0300] {processor.py:840} INFO - DAG(s) 'tutorial_taskflow_api_virtualenv' retrieved from /home/pedro/.local/lib/python3.10/site-packages/airflow/example_dags/tutorial_taskflow_api_virtualenv.py
[2024-06-09T12:11:01.668-0300] {logging_mixin.py:188} INFO - [2024-06-09T12:11:01.668-0300] {dag.py:3096} INFO - Sync 1 DAGs
[2024-06-09T12:11:01.673-0300] {logging_mixin.py:188} INFO - [2024-06-09T12:11:01.673-0300] {dag.py:3954} INFO - Setting next_dagrun for tutorial_taskflow_api_virtualenv to None, run_after=None
[2024-06-09T12:11:01.690-0300] {processor.py:183} INFO - Processing /home/pedro/.local/lib/python3.10/site-packages/airflow/example_dags/tutorial_taskflow_api_virtualenv.py took 0.044 seconds
[2024-06-09T12:11:40.917-0300] {processor.py:161} INFO - Started process (PID=12988) to work on /home/pedro/.local/lib/python3.10/site-packages/airflow/example_dags/tutorial_taskflow_api_virtualenv.py
[2024-06-09T12:11:40.920-0300] {processor.py:830} INFO - Processing file /home/pedro/.local/lib/python3.10/site-packages/airflow/example_dags/tutorial_taskflow_api_virtualenv.py for tasks to queue
[2024-06-09T12:11:40.921-0300] {logging_mixin.py:188} INFO - [2024-06-09T12:11:40.921-0300] {dagbag.py:545} INFO - Filling up the DagBag from /home/pedro/.local/lib/python3.10/site-packages/airflow/example_dags/tutorial_taskflow_api_virtualenv.py
[2024-06-09T12:11:40.930-0300] {processor.py:840} INFO - DAG(s) 'tutorial_taskflow_api_virtualenv' retrieved from /home/pedro/.local/lib/python3.10/site-packages/airflow/example_dags/tutorial_taskflow_api_virtualenv.py
[2024-06-09T12:11:40.983-0300] {logging_mixin.py:188} INFO - [2024-06-09T12:11:40.982-0300] {dag.py:3096} INFO - Sync 1 DAGs
[2024-06-09T12:11:40.988-0300] {logging_mixin.py:188} INFO - [2024-06-09T12:11:40.987-0300] {dag.py:3954} INFO - Setting next_dagrun for tutorial_taskflow_api_virtualenv to None, run_after=None
[2024-06-09T12:11:41.004-0300] {processor.py:183} INFO - Processing /home/pedro/.local/lib/python3.10/site-packages/airflow/example_dags/tutorial_taskflow_api_virtualenv.py took 0.090 seconds
[2024-06-09T12:12:33.524-0300] {processor.py:161} INFO - Started process (PID=13081) to work on /home/pedro/.local/lib/python3.10/site-packages/airflow/example_dags/tutorial_taskflow_api_virtualenv.py
[2024-06-09T12:12:33.527-0300] {processor.py:830} INFO - Processing file /home/pedro/.local/lib/python3.10/site-packages/airflow/example_dags/tutorial_taskflow_api_virtualenv.py for tasks to queue
[2024-06-09T12:12:33.528-0300] {logging_mixin.py:188} INFO - [2024-06-09T12:12:33.528-0300] {dagbag.py:545} INFO - Filling up the DagBag from /home/pedro/.local/lib/python3.10/site-packages/airflow/example_dags/tutorial_taskflow_api_virtualenv.py
[2024-06-09T12:12:33.535-0300] {processor.py:840} INFO - DAG(s) 'tutorial_taskflow_api_virtualenv' retrieved from /home/pedro/.local/lib/python3.10/site-packages/airflow/example_dags/tutorial_taskflow_api_virtualenv.py
[2024-06-09T12:12:33.545-0300] {logging_mixin.py:188} INFO - [2024-06-09T12:12:33.545-0300] {dag.py:3096} INFO - Sync 1 DAGs
[2024-06-09T12:12:33.627-0300] {logging_mixin.py:188} INFO - [2024-06-09T12:12:33.627-0300] {dag.py:3954} INFO - Setting next_dagrun for tutorial_taskflow_api_virtualenv to None, run_after=None
[2024-06-09T12:12:33.645-0300] {processor.py:183} INFO - Processing /home/pedro/.local/lib/python3.10/site-packages/airflow/example_dags/tutorial_taskflow_api_virtualenv.py took 0.126 seconds
[2024-06-09T12:13:22.419-0300] {processor.py:161} INFO - Started process (PID=13147) to work on /home/pedro/.local/lib/python3.10/site-packages/airflow/example_dags/tutorial_taskflow_api_virtualenv.py
[2024-06-09T12:13:22.423-0300] {processor.py:830} INFO - Processing file /home/pedro/.local/lib/python3.10/site-packages/airflow/example_dags/tutorial_taskflow_api_virtualenv.py for tasks to queue
[2024-06-09T12:13:22.424-0300] {logging_mixin.py:188} INFO - [2024-06-09T12:13:22.424-0300] {dagbag.py:545} INFO - Filling up the DagBag from /home/pedro/.local/lib/python3.10/site-packages/airflow/example_dags/tutorial_taskflow_api_virtualenv.py
[2024-06-09T12:13:22.433-0300] {processor.py:840} INFO - DAG(s) 'tutorial_taskflow_api_virtualenv' retrieved from /home/pedro/.local/lib/python3.10/site-packages/airflow/example_dags/tutorial_taskflow_api_virtualenv.py
[2024-06-09T12:13:22.441-0300] {logging_mixin.py:188} INFO - [2024-06-09T12:13:22.441-0300] {dag.py:3096} INFO - Sync 1 DAGs
[2024-06-09T12:13:22.448-0300] {logging_mixin.py:188} INFO - [2024-06-09T12:13:22.447-0300] {dag.py:3954} INFO - Setting next_dagrun for tutorial_taskflow_api_virtualenv to None, run_after=None
[2024-06-09T12:13:22.463-0300] {processor.py:183} INFO - Processing /home/pedro/.local/lib/python3.10/site-packages/airflow/example_dags/tutorial_taskflow_api_virtualenv.py took 0.053 seconds
[2024-06-09T12:14:06.656-0300] {processor.py:161} INFO - Started process (PID=13209) to work on /home/pedro/.local/lib/python3.10/site-packages/airflow/example_dags/tutorial_taskflow_api_virtualenv.py
[2024-06-09T12:14:06.660-0300] {processor.py:830} INFO - Processing file /home/pedro/.local/lib/python3.10/site-packages/airflow/example_dags/tutorial_taskflow_api_virtualenv.py for tasks to queue
[2024-06-09T12:14:06.662-0300] {logging_mixin.py:188} INFO - [2024-06-09T12:14:06.661-0300] {dagbag.py:545} INFO - Filling up the DagBag from /home/pedro/.local/lib/python3.10/site-packages/airflow/example_dags/tutorial_taskflow_api_virtualenv.py
[2024-06-09T12:14:06.671-0300] {processor.py:840} INFO - DAG(s) 'tutorial_taskflow_api_virtualenv' retrieved from /home/pedro/.local/lib/python3.10/site-packages/airflow/example_dags/tutorial_taskflow_api_virtualenv.py
[2024-06-09T12:14:06.680-0300] {logging_mixin.py:188} INFO - [2024-06-09T12:14:06.680-0300] {dag.py:3096} INFO - Sync 1 DAGs
[2024-06-09T12:14:06.686-0300] {logging_mixin.py:188} INFO - [2024-06-09T12:14:06.686-0300] {dag.py:3954} INFO - Setting next_dagrun for tutorial_taskflow_api_virtualenv to None, run_after=None
[2024-06-09T12:14:06.702-0300] {processor.py:183} INFO - Processing /home/pedro/.local/lib/python3.10/site-packages/airflow/example_dags/tutorial_taskflow_api_virtualenv.py took 0.054 seconds
[2024-06-09T12:14:54.079-0300] {processor.py:161} INFO - Started process (PID=13291) to work on /home/pedro/.local/lib/python3.10/site-packages/airflow/example_dags/tutorial_taskflow_api_virtualenv.py
[2024-06-09T12:14:54.083-0300] {processor.py:830} INFO - Processing file /home/pedro/.local/lib/python3.10/site-packages/airflow/example_dags/tutorial_taskflow_api_virtualenv.py for tasks to queue
[2024-06-09T12:14:54.084-0300] {logging_mixin.py:188} INFO - [2024-06-09T12:14:54.083-0300] {dagbag.py:545} INFO - Filling up the DagBag from /home/pedro/.local/lib/python3.10/site-packages/airflow/example_dags/tutorial_taskflow_api_virtualenv.py
[2024-06-09T12:14:54.091-0300] {processor.py:840} INFO - DAG(s) 'tutorial_taskflow_api_virtualenv' retrieved from /home/pedro/.local/lib/python3.10/site-packages/airflow/example_dags/tutorial_taskflow_api_virtualenv.py
[2024-06-09T12:14:54.151-0300] {logging_mixin.py:188} INFO - [2024-06-09T12:14:54.150-0300] {dag.py:3096} INFO - Sync 1 DAGs
[2024-06-09T12:14:54.156-0300] {logging_mixin.py:188} INFO - [2024-06-09T12:14:54.155-0300] {dag.py:3954} INFO - Setting next_dagrun for tutorial_taskflow_api_virtualenv to None, run_after=None
[2024-06-09T12:14:54.172-0300] {processor.py:183} INFO - Processing /home/pedro/.local/lib/python3.10/site-packages/airflow/example_dags/tutorial_taskflow_api_virtualenv.py took 0.097 seconds
[2024-06-09T12:15:46.727-0300] {processor.py:161} INFO - Started process (PID=13389) to work on /home/pedro/.local/lib/python3.10/site-packages/airflow/example_dags/tutorial_taskflow_api_virtualenv.py
[2024-06-09T12:15:46.730-0300] {processor.py:830} INFO - Processing file /home/pedro/.local/lib/python3.10/site-packages/airflow/example_dags/tutorial_taskflow_api_virtualenv.py for tasks to queue
[2024-06-09T12:15:46.731-0300] {logging_mixin.py:188} INFO - [2024-06-09T12:15:46.731-0300] {dagbag.py:545} INFO - Filling up the DagBag from /home/pedro/.local/lib/python3.10/site-packages/airflow/example_dags/tutorial_taskflow_api_virtualenv.py
[2024-06-09T12:15:46.741-0300] {processor.py:840} INFO - DAG(s) 'tutorial_taskflow_api_virtualenv' retrieved from /home/pedro/.local/lib/python3.10/site-packages/airflow/example_dags/tutorial_taskflow_api_virtualenv.py
[2024-06-09T12:15:46.749-0300] {logging_mixin.py:188} INFO - [2024-06-09T12:15:46.749-0300] {dag.py:3096} INFO - Sync 1 DAGs
[2024-06-09T12:15:46.807-0300] {logging_mixin.py:188} INFO - [2024-06-09T12:15:46.807-0300] {dag.py:3954} INFO - Setting next_dagrun for tutorial_taskflow_api_virtualenv to None, run_after=None
[2024-06-09T12:15:46.821-0300] {processor.py:183} INFO - Processing /home/pedro/.local/lib/python3.10/site-packages/airflow/example_dags/tutorial_taskflow_api_virtualenv.py took 0.099 seconds
[2024-06-09T12:19:43.078-0300] {processor.py:161} INFO - Started process (PID=13515) to work on /home/pedro/.local/lib/python3.10/site-packages/airflow/example_dags/tutorial_taskflow_api_virtualenv.py
[2024-06-09T12:19:43.081-0300] {processor.py:830} INFO - Processing file /home/pedro/.local/lib/python3.10/site-packages/airflow/example_dags/tutorial_taskflow_api_virtualenv.py for tasks to queue
[2024-06-09T12:19:43.082-0300] {logging_mixin.py:188} INFO - [2024-06-09T12:19:43.082-0300] {dagbag.py:545} INFO - Filling up the DagBag from /home/pedro/.local/lib/python3.10/site-packages/airflow/example_dags/tutorial_taskflow_api_virtualenv.py
[2024-06-09T12:19:43.091-0300] {processor.py:840} INFO - DAG(s) 'tutorial_taskflow_api_virtualenv' retrieved from /home/pedro/.local/lib/python3.10/site-packages/airflow/example_dags/tutorial_taskflow_api_virtualenv.py
[2024-06-09T12:19:43.140-0300] {logging_mixin.py:188} INFO - [2024-06-09T12:19:43.140-0300] {dag.py:3096} INFO - Sync 1 DAGs
[2024-06-09T12:19:43.144-0300] {logging_mixin.py:188} INFO - [2024-06-09T12:19:43.144-0300] {dag.py:3954} INFO - Setting next_dagrun for tutorial_taskflow_api_virtualenv to None, run_after=None
[2024-06-09T12:19:43.159-0300] {processor.py:183} INFO - Processing /home/pedro/.local/lib/python3.10/site-packages/airflow/example_dags/tutorial_taskflow_api_virtualenv.py took 0.084 seconds
[2024-06-09T12:20:34.801-0300] {processor.py:161} INFO - Started process (PID=13669) to work on /home/pedro/.local/lib/python3.10/site-packages/airflow/example_dags/tutorial_taskflow_api_virtualenv.py
[2024-06-09T12:20:34.805-0300] {processor.py:830} INFO - Processing file /home/pedro/.local/lib/python3.10/site-packages/airflow/example_dags/tutorial_taskflow_api_virtualenv.py for tasks to queue
[2024-06-09T12:20:34.807-0300] {logging_mixin.py:188} INFO - [2024-06-09T12:20:34.806-0300] {dagbag.py:545} INFO - Filling up the DagBag from /home/pedro/.local/lib/python3.10/site-packages/airflow/example_dags/tutorial_taskflow_api_virtualenv.py
[2024-06-09T12:20:34.818-0300] {processor.py:840} INFO - DAG(s) 'tutorial_taskflow_api_virtualenv' retrieved from /home/pedro/.local/lib/python3.10/site-packages/airflow/example_dags/tutorial_taskflow_api_virtualenv.py
[2024-06-09T12:20:34.826-0300] {logging_mixin.py:188} INFO - [2024-06-09T12:20:34.826-0300] {dag.py:3096} INFO - Sync 1 DAGs
[2024-06-09T12:20:34.883-0300] {logging_mixin.py:188} INFO - [2024-06-09T12:20:34.883-0300] {dag.py:3954} INFO - Setting next_dagrun for tutorial_taskflow_api_virtualenv to None, run_after=None
[2024-06-09T12:20:34.898-0300] {processor.py:183} INFO - Processing /home/pedro/.local/lib/python3.10/site-packages/airflow/example_dags/tutorial_taskflow_api_virtualenv.py took 0.101 seconds
[2024-06-09T12:21:19.012-0300] {processor.py:161} INFO - Started process (PID=13773) to work on /home/pedro/.local/lib/python3.10/site-packages/airflow/example_dags/tutorial_taskflow_api_virtualenv.py
[2024-06-09T12:21:19.015-0300] {processor.py:830} INFO - Processing file /home/pedro/.local/lib/python3.10/site-packages/airflow/example_dags/tutorial_taskflow_api_virtualenv.py for tasks to queue
[2024-06-09T12:21:19.016-0300] {logging_mixin.py:188} INFO - [2024-06-09T12:21:19.016-0300] {dagbag.py:545} INFO - Filling up the DagBag from /home/pedro/.local/lib/python3.10/site-packages/airflow/example_dags/tutorial_taskflow_api_virtualenv.py
[2024-06-09T12:21:19.027-0300] {processor.py:840} INFO - DAG(s) 'tutorial_taskflow_api_virtualenv' retrieved from /home/pedro/.local/lib/python3.10/site-packages/airflow/example_dags/tutorial_taskflow_api_virtualenv.py
[2024-06-09T12:21:19.035-0300] {logging_mixin.py:188} INFO - [2024-06-09T12:21:19.034-0300] {dag.py:3096} INFO - Sync 1 DAGs
[2024-06-09T12:21:19.040-0300] {logging_mixin.py:188} INFO - [2024-06-09T12:21:19.040-0300] {dag.py:3954} INFO - Setting next_dagrun for tutorial_taskflow_api_virtualenv to None, run_after=None
[2024-06-09T12:21:19.055-0300] {processor.py:183} INFO - Processing /home/pedro/.local/lib/python3.10/site-packages/airflow/example_dags/tutorial_taskflow_api_virtualenv.py took 0.049 seconds
[2024-06-09T12:21:57.966-0300] {processor.py:161} INFO - Started process (PID=13850) to work on /home/pedro/.local/lib/python3.10/site-packages/airflow/example_dags/tutorial_taskflow_api_virtualenv.py
[2024-06-09T12:21:57.970-0300] {processor.py:830} INFO - Processing file /home/pedro/.local/lib/python3.10/site-packages/airflow/example_dags/tutorial_taskflow_api_virtualenv.py for tasks to queue
[2024-06-09T12:21:57.972-0300] {logging_mixin.py:188} INFO - [2024-06-09T12:21:57.971-0300] {dagbag.py:545} INFO - Filling up the DagBag from /home/pedro/.local/lib/python3.10/site-packages/airflow/example_dags/tutorial_taskflow_api_virtualenv.py
[2024-06-09T12:21:57.982-0300] {processor.py:840} INFO - DAG(s) 'tutorial_taskflow_api_virtualenv' retrieved from /home/pedro/.local/lib/python3.10/site-packages/airflow/example_dags/tutorial_taskflow_api_virtualenv.py
[2024-06-09T12:21:57.990-0300] {logging_mixin.py:188} INFO - [2024-06-09T12:21:57.990-0300] {dag.py:3096} INFO - Sync 1 DAGs
[2024-06-09T12:21:57.995-0300] {logging_mixin.py:188} INFO - [2024-06-09T12:21:57.995-0300] {dag.py:3954} INFO - Setting next_dagrun for tutorial_taskflow_api_virtualenv to None, run_after=None
[2024-06-09T12:21:58.011-0300] {processor.py:183} INFO - Processing /home/pedro/.local/lib/python3.10/site-packages/airflow/example_dags/tutorial_taskflow_api_virtualenv.py took 0.050 seconds
[2024-06-09T12:22:39.008-0300] {processor.py:161} INFO - Started process (PID=13924) to work on /home/pedro/.local/lib/python3.10/site-packages/airflow/example_dags/tutorial_taskflow_api_virtualenv.py
[2024-06-09T12:22:39.011-0300] {processor.py:830} INFO - Processing file /home/pedro/.local/lib/python3.10/site-packages/airflow/example_dags/tutorial_taskflow_api_virtualenv.py for tasks to queue
[2024-06-09T12:22:39.014-0300] {logging_mixin.py:188} INFO - [2024-06-09T12:22:39.013-0300] {dagbag.py:545} INFO - Filling up the DagBag from /home/pedro/.local/lib/python3.10/site-packages/airflow/example_dags/tutorial_taskflow_api_virtualenv.py
[2024-06-09T12:22:39.023-0300] {processor.py:840} INFO - DAG(s) 'tutorial_taskflow_api_virtualenv' retrieved from /home/pedro/.local/lib/python3.10/site-packages/airflow/example_dags/tutorial_taskflow_api_virtualenv.py
[2024-06-09T12:22:39.031-0300] {logging_mixin.py:188} INFO - [2024-06-09T12:22:39.031-0300] {dag.py:3096} INFO - Sync 1 DAGs
[2024-06-09T12:22:39.037-0300] {logging_mixin.py:188} INFO - [2024-06-09T12:22:39.037-0300] {dag.py:3954} INFO - Setting next_dagrun for tutorial_taskflow_api_virtualenv to None, run_after=None
[2024-06-09T12:22:39.053-0300] {processor.py:183} INFO - Processing /home/pedro/.local/lib/python3.10/site-packages/airflow/example_dags/tutorial_taskflow_api_virtualenv.py took 0.049 seconds
[2024-06-09T12:23:22.634-0300] {processor.py:161} INFO - Started process (PID=14016) to work on /home/pedro/.local/lib/python3.10/site-packages/airflow/example_dags/tutorial_taskflow_api_virtualenv.py
[2024-06-09T12:23:22.637-0300] {processor.py:830} INFO - Processing file /home/pedro/.local/lib/python3.10/site-packages/airflow/example_dags/tutorial_taskflow_api_virtualenv.py for tasks to queue
[2024-06-09T12:23:22.640-0300] {logging_mixin.py:188} INFO - [2024-06-09T12:23:22.639-0300] {dagbag.py:545} INFO - Filling up the DagBag from /home/pedro/.local/lib/python3.10/site-packages/airflow/example_dags/tutorial_taskflow_api_virtualenv.py
[2024-06-09T12:23:22.650-0300] {processor.py:840} INFO - DAG(s) 'tutorial_taskflow_api_virtualenv' retrieved from /home/pedro/.local/lib/python3.10/site-packages/airflow/example_dags/tutorial_taskflow_api_virtualenv.py
[2024-06-09T12:23:22.658-0300] {logging_mixin.py:188} INFO - [2024-06-09T12:23:22.658-0300] {dag.py:3096} INFO - Sync 1 DAGs
[2024-06-09T12:23:22.664-0300] {logging_mixin.py:188} INFO - [2024-06-09T12:23:22.663-0300] {dag.py:3954} INFO - Setting next_dagrun for tutorial_taskflow_api_virtualenv to None, run_after=None
[2024-06-09T12:23:22.679-0300] {processor.py:183} INFO - Processing /home/pedro/.local/lib/python3.10/site-packages/airflow/example_dags/tutorial_taskflow_api_virtualenv.py took 0.049 seconds
[2024-06-09T16:25:59.717-0300] {processor.py:161} INFO - Started process (PID=4676) to work on /home/pedro/.local/lib/python3.10/site-packages/airflow/example_dags/tutorial_taskflow_api_virtualenv.py
[2024-06-09T16:25:59.718-0300] {processor.py:830} INFO - Processing file /home/pedro/.local/lib/python3.10/site-packages/airflow/example_dags/tutorial_taskflow_api_virtualenv.py for tasks to queue
[2024-06-09T16:25:59.719-0300] {logging_mixin.py:188} INFO - [2024-06-09T16:25:59.719-0300] {dagbag.py:545} INFO - Filling up the DagBag from /home/pedro/.local/lib/python3.10/site-packages/airflow/example_dags/tutorial_taskflow_api_virtualenv.py
[2024-06-09T16:25:59.727-0300] {processor.py:840} INFO - DAG(s) 'tutorial_taskflow_api_virtualenv' retrieved from /home/pedro/.local/lib/python3.10/site-packages/airflow/example_dags/tutorial_taskflow_api_virtualenv.py
[2024-06-09T16:25:59.779-0300] {logging_mixin.py:188} INFO - [2024-06-09T16:25:59.779-0300] {dag.py:3096} INFO - Sync 1 DAGs
[2024-06-09T16:25:59.784-0300] {logging_mixin.py:188} INFO - [2024-06-09T16:25:59.784-0300] {dag.py:3954} INFO - Setting next_dagrun for tutorial_taskflow_api_virtualenv to None, run_after=None
[2024-06-09T16:26:00.119-0300] {processor.py:183} INFO - Processing /home/pedro/.local/lib/python3.10/site-packages/airflow/example_dags/tutorial_taskflow_api_virtualenv.py took 0.405 seconds
[2024-06-09T16:27:43.034-0300] {processor.py:161} INFO - Started process (PID=5260) to work on /home/pedro/.local/lib/python3.10/site-packages/airflow/example_dags/tutorial_taskflow_api_virtualenv.py
[2024-06-09T16:27:43.037-0300] {processor.py:830} INFO - Processing file /home/pedro/.local/lib/python3.10/site-packages/airflow/example_dags/tutorial_taskflow_api_virtualenv.py for tasks to queue
[2024-06-09T16:27:43.039-0300] {logging_mixin.py:188} INFO - [2024-06-09T16:27:43.038-0300] {dagbag.py:545} INFO - Filling up the DagBag from /home/pedro/.local/lib/python3.10/site-packages/airflow/example_dags/tutorial_taskflow_api_virtualenv.py
[2024-06-09T16:27:43.045-0300] {processor.py:840} INFO - DAG(s) 'tutorial_taskflow_api_virtualenv' retrieved from /home/pedro/.local/lib/python3.10/site-packages/airflow/example_dags/tutorial_taskflow_api_virtualenv.py
[2024-06-09T16:27:43.052-0300] {logging_mixin.py:188} INFO - [2024-06-09T16:27:43.052-0300] {dag.py:3096} INFO - Sync 1 DAGs
[2024-06-09T16:27:43.115-0300] {logging_mixin.py:188} INFO - [2024-06-09T16:27:43.115-0300] {dag.py:3954} INFO - Setting next_dagrun for tutorial_taskflow_api_virtualenv to None, run_after=None
[2024-06-09T16:27:43.131-0300] {processor.py:183} INFO - Processing /home/pedro/.local/lib/python3.10/site-packages/airflow/example_dags/tutorial_taskflow_api_virtualenv.py took 0.101 seconds
[2024-06-09T16:29:57.601-0300] {processor.py:161} INFO - Started process (PID=6151) to work on /home/pedro/.local/lib/python3.10/site-packages/airflow/example_dags/tutorial_taskflow_api_virtualenv.py
[2024-06-09T16:29:57.604-0300] {processor.py:830} INFO - Processing file /home/pedro/.local/lib/python3.10/site-packages/airflow/example_dags/tutorial_taskflow_api_virtualenv.py for tasks to queue
[2024-06-09T16:29:57.606-0300] {logging_mixin.py:188} INFO - [2024-06-09T16:29:57.605-0300] {dagbag.py:545} INFO - Filling up the DagBag from /home/pedro/.local/lib/python3.10/site-packages/airflow/example_dags/tutorial_taskflow_api_virtualenv.py
[2024-06-09T16:29:57.611-0300] {processor.py:840} INFO - DAG(s) 'tutorial_taskflow_api_virtualenv' retrieved from /home/pedro/.local/lib/python3.10/site-packages/airflow/example_dags/tutorial_taskflow_api_virtualenv.py
[2024-06-09T16:29:57.619-0300] {logging_mixin.py:188} INFO - [2024-06-09T16:29:57.619-0300] {dag.py:3096} INFO - Sync 1 DAGs
[2024-06-09T16:29:57.625-0300] {logging_mixin.py:188} INFO - [2024-06-09T16:29:57.625-0300] {dag.py:3954} INFO - Setting next_dagrun for tutorial_taskflow_api_virtualenv to None, run_after=None
[2024-06-09T16:29:57.642-0300] {processor.py:183} INFO - Processing /home/pedro/.local/lib/python3.10/site-packages/airflow/example_dags/tutorial_taskflow_api_virtualenv.py took 0.044 seconds
[2024-06-09T16:32:05.852-0300] {processor.py:161} INFO - Started process (PID=7943) to work on /home/pedro/.local/lib/python3.10/site-packages/airflow/example_dags/tutorial_taskflow_api_virtualenv.py
[2024-06-09T16:32:05.853-0300] {processor.py:830} INFO - Processing file /home/pedro/.local/lib/python3.10/site-packages/airflow/example_dags/tutorial_taskflow_api_virtualenv.py for tasks to queue
[2024-06-09T16:32:05.855-0300] {logging_mixin.py:188} INFO - [2024-06-09T16:32:05.854-0300] {dagbag.py:545} INFO - Filling up the DagBag from /home/pedro/.local/lib/python3.10/site-packages/airflow/example_dags/tutorial_taskflow_api_virtualenv.py
[2024-06-09T16:32:05.863-0300] {processor.py:840} INFO - DAG(s) 'tutorial_taskflow_api_virtualenv' retrieved from /home/pedro/.local/lib/python3.10/site-packages/airflow/example_dags/tutorial_taskflow_api_virtualenv.py
[2024-06-09T16:32:05.873-0300] {logging_mixin.py:188} INFO - [2024-06-09T16:32:05.873-0300] {dag.py:3096} INFO - Sync 1 DAGs
[2024-06-09T16:32:05.879-0300] {logging_mixin.py:188} INFO - [2024-06-09T16:32:05.879-0300] {dag.py:3954} INFO - Setting next_dagrun for tutorial_taskflow_api_virtualenv to None, run_after=None
[2024-06-09T16:32:05.895-0300] {processor.py:183} INFO - Processing /home/pedro/.local/lib/python3.10/site-packages/airflow/example_dags/tutorial_taskflow_api_virtualenv.py took 0.049 seconds
[2024-06-09T16:34:09.139-0300] {processor.py:161} INFO - Started process (PID=8607) to work on /home/pedro/.local/lib/python3.10/site-packages/airflow/example_dags/tutorial_taskflow_api_virtualenv.py
[2024-06-09T16:34:09.140-0300] {processor.py:830} INFO - Processing file /home/pedro/.local/lib/python3.10/site-packages/airflow/example_dags/tutorial_taskflow_api_virtualenv.py for tasks to queue
[2024-06-09T16:34:09.142-0300] {logging_mixin.py:188} INFO - [2024-06-09T16:34:09.141-0300] {dagbag.py:545} INFO - Filling up the DagBag from /home/pedro/.local/lib/python3.10/site-packages/airflow/example_dags/tutorial_taskflow_api_virtualenv.py
[2024-06-09T16:34:09.150-0300] {processor.py:840} INFO - DAG(s) 'tutorial_taskflow_api_virtualenv' retrieved from /home/pedro/.local/lib/python3.10/site-packages/airflow/example_dags/tutorial_taskflow_api_virtualenv.py
[2024-06-09T16:34:09.158-0300] {logging_mixin.py:188} INFO - [2024-06-09T16:34:09.158-0300] {dag.py:3096} INFO - Sync 1 DAGs
[2024-06-09T16:34:09.163-0300] {logging_mixin.py:188} INFO - [2024-06-09T16:34:09.163-0300] {dag.py:3954} INFO - Setting next_dagrun for tutorial_taskflow_api_virtualenv to None, run_after=None
[2024-06-09T16:34:09.178-0300] {processor.py:183} INFO - Processing /home/pedro/.local/lib/python3.10/site-packages/airflow/example_dags/tutorial_taskflow_api_virtualenv.py took 0.043 seconds
[2024-06-09T16:36:07.080-0300] {processor.py:161} INFO - Started process (PID=9288) to work on /home/pedro/.local/lib/python3.10/site-packages/airflow/example_dags/tutorial_taskflow_api_virtualenv.py
[2024-06-09T16:36:07.083-0300] {processor.py:830} INFO - Processing file /home/pedro/.local/lib/python3.10/site-packages/airflow/example_dags/tutorial_taskflow_api_virtualenv.py for tasks to queue
[2024-06-09T16:36:07.084-0300] {logging_mixin.py:188} INFO - [2024-06-09T16:36:07.083-0300] {dagbag.py:545} INFO - Filling up the DagBag from /home/pedro/.local/lib/python3.10/site-packages/airflow/example_dags/tutorial_taskflow_api_virtualenv.py
[2024-06-09T16:36:07.089-0300] {processor.py:840} INFO - DAG(s) 'tutorial_taskflow_api_virtualenv' retrieved from /home/pedro/.local/lib/python3.10/site-packages/airflow/example_dags/tutorial_taskflow_api_virtualenv.py
[2024-06-09T16:36:07.097-0300] {logging_mixin.py:188} INFO - [2024-06-09T16:36:07.097-0300] {dag.py:3096} INFO - Sync 1 DAGs
[2024-06-09T16:36:07.103-0300] {logging_mixin.py:188} INFO - [2024-06-09T16:36:07.103-0300] {dag.py:3954} INFO - Setting next_dagrun for tutorial_taskflow_api_virtualenv to None, run_after=None
[2024-06-09T16:36:07.119-0300] {processor.py:183} INFO - Processing /home/pedro/.local/lib/python3.10/site-packages/airflow/example_dags/tutorial_taskflow_api_virtualenv.py took 0.043 seconds
[2024-06-09T16:38:02.401-0300] {processor.py:161} INFO - Started process (PID=10016) to work on /home/pedro/.local/lib/python3.10/site-packages/airflow/example_dags/tutorial_taskflow_api_virtualenv.py
[2024-06-09T16:38:02.402-0300] {processor.py:830} INFO - Processing file /home/pedro/.local/lib/python3.10/site-packages/airflow/example_dags/tutorial_taskflow_api_virtualenv.py for tasks to queue
[2024-06-09T16:38:02.403-0300] {logging_mixin.py:188} INFO - [2024-06-09T16:38:02.403-0300] {dagbag.py:545} INFO - Filling up the DagBag from /home/pedro/.local/lib/python3.10/site-packages/airflow/example_dags/tutorial_taskflow_api_virtualenv.py
[2024-06-09T16:38:02.409-0300] {processor.py:840} INFO - DAG(s) 'tutorial_taskflow_api_virtualenv' retrieved from /home/pedro/.local/lib/python3.10/site-packages/airflow/example_dags/tutorial_taskflow_api_virtualenv.py
[2024-06-09T16:38:02.417-0300] {logging_mixin.py:188} INFO - [2024-06-09T16:38:02.417-0300] {dag.py:3096} INFO - Sync 1 DAGs
[2024-06-09T16:38:02.424-0300] {logging_mixin.py:188} INFO - [2024-06-09T16:38:02.423-0300] {dag.py:3954} INFO - Setting next_dagrun for tutorial_taskflow_api_virtualenv to None, run_after=None
[2024-06-09T16:38:02.437-0300] {processor.py:183} INFO - Processing /home/pedro/.local/lib/python3.10/site-packages/airflow/example_dags/tutorial_taskflow_api_virtualenv.py took 0.043 seconds
[2024-06-09T16:40:00.143-0300] {processor.py:161} INFO - Started process (PID=10692) to work on /home/pedro/.local/lib/python3.10/site-packages/airflow/example_dags/tutorial_taskflow_api_virtualenv.py
[2024-06-09T16:40:00.144-0300] {processor.py:830} INFO - Processing file /home/pedro/.local/lib/python3.10/site-packages/airflow/example_dags/tutorial_taskflow_api_virtualenv.py for tasks to queue
[2024-06-09T16:40:00.146-0300] {logging_mixin.py:188} INFO - [2024-06-09T16:40:00.145-0300] {dagbag.py:545} INFO - Filling up the DagBag from /home/pedro/.local/lib/python3.10/site-packages/airflow/example_dags/tutorial_taskflow_api_virtualenv.py
[2024-06-09T16:40:00.151-0300] {processor.py:840} INFO - DAG(s) 'tutorial_taskflow_api_virtualenv' retrieved from /home/pedro/.local/lib/python3.10/site-packages/airflow/example_dags/tutorial_taskflow_api_virtualenv.py
[2024-06-09T16:40:00.161-0300] {logging_mixin.py:188} INFO - [2024-06-09T16:40:00.160-0300] {dag.py:3096} INFO - Sync 1 DAGs
[2024-06-09T16:40:00.166-0300] {logging_mixin.py:188} INFO - [2024-06-09T16:40:00.166-0300] {dag.py:3954} INFO - Setting next_dagrun for tutorial_taskflow_api_virtualenv to None, run_after=None
[2024-06-09T16:40:00.180-0300] {processor.py:183} INFO - Processing /home/pedro/.local/lib/python3.10/site-packages/airflow/example_dags/tutorial_taskflow_api_virtualenv.py took 0.042 seconds
[2024-06-09T16:41:59.065-0300] {processor.py:161} INFO - Started process (PID=11426) to work on /home/pedro/.local/lib/python3.10/site-packages/airflow/example_dags/tutorial_taskflow_api_virtualenv.py
[2024-06-09T16:41:59.069-0300] {processor.py:830} INFO - Processing file /home/pedro/.local/lib/python3.10/site-packages/airflow/example_dags/tutorial_taskflow_api_virtualenv.py for tasks to queue
[2024-06-09T16:41:59.071-0300] {logging_mixin.py:188} INFO - [2024-06-09T16:41:59.070-0300] {dagbag.py:545} INFO - Filling up the DagBag from /home/pedro/.local/lib/python3.10/site-packages/airflow/example_dags/tutorial_taskflow_api_virtualenv.py
[2024-06-09T16:41:59.078-0300] {processor.py:840} INFO - DAG(s) 'tutorial_taskflow_api_virtualenv' retrieved from /home/pedro/.local/lib/python3.10/site-packages/airflow/example_dags/tutorial_taskflow_api_virtualenv.py
[2024-06-09T16:41:59.087-0300] {logging_mixin.py:188} INFO - [2024-06-09T16:41:59.087-0300] {dag.py:3096} INFO - Sync 1 DAGs
[2024-06-09T16:41:59.094-0300] {logging_mixin.py:188} INFO - [2024-06-09T16:41:59.094-0300] {dag.py:3954} INFO - Setting next_dagrun for tutorial_taskflow_api_virtualenv to None, run_after=None
[2024-06-09T16:41:59.110-0300] {processor.py:183} INFO - Processing /home/pedro/.local/lib/python3.10/site-packages/airflow/example_dags/tutorial_taskflow_api_virtualenv.py took 0.048 seconds
[2024-06-09T16:43:58.573-0300] {processor.py:161} INFO - Started process (PID=12109) to work on /home/pedro/.local/lib/python3.10/site-packages/airflow/example_dags/tutorial_taskflow_api_virtualenv.py
[2024-06-09T16:43:58.577-0300] {processor.py:830} INFO - Processing file /home/pedro/.local/lib/python3.10/site-packages/airflow/example_dags/tutorial_taskflow_api_virtualenv.py for tasks to queue
[2024-06-09T16:43:58.578-0300] {logging_mixin.py:188} INFO - [2024-06-09T16:43:58.578-0300] {dagbag.py:545} INFO - Filling up the DagBag from /home/pedro/.local/lib/python3.10/site-packages/airflow/example_dags/tutorial_taskflow_api_virtualenv.py
[2024-06-09T16:43:58.585-0300] {processor.py:840} INFO - DAG(s) 'tutorial_taskflow_api_virtualenv' retrieved from /home/pedro/.local/lib/python3.10/site-packages/airflow/example_dags/tutorial_taskflow_api_virtualenv.py
[2024-06-09T16:43:58.596-0300] {logging_mixin.py:188} INFO - [2024-06-09T16:43:58.595-0300] {dag.py:3096} INFO - Sync 1 DAGs
[2024-06-09T16:43:58.602-0300] {logging_mixin.py:188} INFO - [2024-06-09T16:43:58.602-0300] {dag.py:3954} INFO - Setting next_dagrun for tutorial_taskflow_api_virtualenv to None, run_after=None
[2024-06-09T16:43:58.619-0300] {processor.py:183} INFO - Processing /home/pedro/.local/lib/python3.10/site-packages/airflow/example_dags/tutorial_taskflow_api_virtualenv.py took 0.050 seconds
[2024-06-09T16:46:12.296-0300] {processor.py:161} INFO - Started process (PID=12856) to work on /home/pedro/.local/lib/python3.10/site-packages/airflow/example_dags/tutorial_taskflow_api_virtualenv.py
[2024-06-09T16:46:12.297-0300] {processor.py:830} INFO - Processing file /home/pedro/.local/lib/python3.10/site-packages/airflow/example_dags/tutorial_taskflow_api_virtualenv.py for tasks to queue
[2024-06-09T16:46:12.298-0300] {logging_mixin.py:188} INFO - [2024-06-09T16:46:12.298-0300] {dagbag.py:545} INFO - Filling up the DagBag from /home/pedro/.local/lib/python3.10/site-packages/airflow/example_dags/tutorial_taskflow_api_virtualenv.py
[2024-06-09T16:46:12.305-0300] {processor.py:840} INFO - DAG(s) 'tutorial_taskflow_api_virtualenv' retrieved from /home/pedro/.local/lib/python3.10/site-packages/airflow/example_dags/tutorial_taskflow_api_virtualenv.py
[2024-06-09T16:46:12.312-0300] {logging_mixin.py:188} INFO - [2024-06-09T16:46:12.312-0300] {dag.py:3096} INFO - Sync 1 DAGs
[2024-06-09T16:46:12.318-0300] {logging_mixin.py:188} INFO - [2024-06-09T16:46:12.318-0300] {dag.py:3954} INFO - Setting next_dagrun for tutorial_taskflow_api_virtualenv to None, run_after=None
[2024-06-09T16:46:12.332-0300] {processor.py:183} INFO - Processing /home/pedro/.local/lib/python3.10/site-packages/airflow/example_dags/tutorial_taskflow_api_virtualenv.py took 0.044 seconds
[2024-06-09T16:48:15.502-0300] {processor.py:161} INFO - Started process (PID=13563) to work on /home/pedro/.local/lib/python3.10/site-packages/airflow/example_dags/tutorial_taskflow_api_virtualenv.py
[2024-06-09T16:48:15.503-0300] {processor.py:830} INFO - Processing file /home/pedro/.local/lib/python3.10/site-packages/airflow/example_dags/tutorial_taskflow_api_virtualenv.py for tasks to queue
[2024-06-09T16:48:15.504-0300] {logging_mixin.py:188} INFO - [2024-06-09T16:48:15.504-0300] {dagbag.py:545} INFO - Filling up the DagBag from /home/pedro/.local/lib/python3.10/site-packages/airflow/example_dags/tutorial_taskflow_api_virtualenv.py
[2024-06-09T16:48:15.511-0300] {processor.py:840} INFO - DAG(s) 'tutorial_taskflow_api_virtualenv' retrieved from /home/pedro/.local/lib/python3.10/site-packages/airflow/example_dags/tutorial_taskflow_api_virtualenv.py
[2024-06-09T16:48:15.520-0300] {logging_mixin.py:188} INFO - [2024-06-09T16:48:15.520-0300] {dag.py:3096} INFO - Sync 1 DAGs
[2024-06-09T16:48:15.526-0300] {logging_mixin.py:188} INFO - [2024-06-09T16:48:15.526-0300] {dag.py:3954} INFO - Setting next_dagrun for tutorial_taskflow_api_virtualenv to None, run_after=None
[2024-06-09T16:48:15.541-0300] {processor.py:183} INFO - Processing /home/pedro/.local/lib/python3.10/site-packages/airflow/example_dags/tutorial_taskflow_api_virtualenv.py took 0.046 seconds
[2024-06-09T16:50:14.514-0300] {processor.py:161} INFO - Started process (PID=14360) to work on /home/pedro/.local/lib/python3.10/site-packages/airflow/example_dags/tutorial_taskflow_api_virtualenv.py
[2024-06-09T16:50:14.517-0300] {processor.py:830} INFO - Processing file /home/pedro/.local/lib/python3.10/site-packages/airflow/example_dags/tutorial_taskflow_api_virtualenv.py for tasks to queue
[2024-06-09T16:50:14.518-0300] {logging_mixin.py:188} INFO - [2024-06-09T16:50:14.518-0300] {dagbag.py:545} INFO - Filling up the DagBag from /home/pedro/.local/lib/python3.10/site-packages/airflow/example_dags/tutorial_taskflow_api_virtualenv.py
[2024-06-09T16:50:14.525-0300] {processor.py:840} INFO - DAG(s) 'tutorial_taskflow_api_virtualenv' retrieved from /home/pedro/.local/lib/python3.10/site-packages/airflow/example_dags/tutorial_taskflow_api_virtualenv.py
[2024-06-09T16:50:14.533-0300] {logging_mixin.py:188} INFO - [2024-06-09T16:50:14.533-0300] {dag.py:3096} INFO - Sync 1 DAGs
[2024-06-09T16:50:14.540-0300] {logging_mixin.py:188} INFO - [2024-06-09T16:50:14.539-0300] {dag.py:3954} INFO - Setting next_dagrun for tutorial_taskflow_api_virtualenv to None, run_after=None
[2024-06-09T16:50:14.555-0300] {processor.py:183} INFO - Processing /home/pedro/.local/lib/python3.10/site-packages/airflow/example_dags/tutorial_taskflow_api_virtualenv.py took 0.044 seconds
[2024-06-09T16:52:15.832-0300] {processor.py:161} INFO - Started process (PID=15031) to work on /home/pedro/.local/lib/python3.10/site-packages/airflow/example_dags/tutorial_taskflow_api_virtualenv.py
[2024-06-09T16:52:15.835-0300] {processor.py:830} INFO - Processing file /home/pedro/.local/lib/python3.10/site-packages/airflow/example_dags/tutorial_taskflow_api_virtualenv.py for tasks to queue
[2024-06-09T16:52:15.836-0300] {logging_mixin.py:188} INFO - [2024-06-09T16:52:15.836-0300] {dagbag.py:545} INFO - Filling up the DagBag from /home/pedro/.local/lib/python3.10/site-packages/airflow/example_dags/tutorial_taskflow_api_virtualenv.py
[2024-06-09T16:52:15.841-0300] {processor.py:840} INFO - DAG(s) 'tutorial_taskflow_api_virtualenv' retrieved from /home/pedro/.local/lib/python3.10/site-packages/airflow/example_dags/tutorial_taskflow_api_virtualenv.py
[2024-06-09T16:52:15.849-0300] {logging_mixin.py:188} INFO - [2024-06-09T16:52:15.849-0300] {dag.py:3096} INFO - Sync 1 DAGs
[2024-06-09T16:52:15.857-0300] {logging_mixin.py:188} INFO - [2024-06-09T16:52:15.857-0300] {dag.py:3954} INFO - Setting next_dagrun for tutorial_taskflow_api_virtualenv to None, run_after=None
[2024-06-09T16:52:15.874-0300] {processor.py:183} INFO - Processing /home/pedro/.local/lib/python3.10/site-packages/airflow/example_dags/tutorial_taskflow_api_virtualenv.py took 0.046 seconds
[2024-06-09T16:54:23.528-0300] {processor.py:161} INFO - Started process (PID=15763) to work on /home/pedro/.local/lib/python3.10/site-packages/airflow/example_dags/tutorial_taskflow_api_virtualenv.py
[2024-06-09T16:54:23.531-0300] {processor.py:830} INFO - Processing file /home/pedro/.local/lib/python3.10/site-packages/airflow/example_dags/tutorial_taskflow_api_virtualenv.py for tasks to queue
[2024-06-09T16:54:23.532-0300] {logging_mixin.py:188} INFO - [2024-06-09T16:54:23.532-0300] {dagbag.py:545} INFO - Filling up the DagBag from /home/pedro/.local/lib/python3.10/site-packages/airflow/example_dags/tutorial_taskflow_api_virtualenv.py
[2024-06-09T16:54:23.539-0300] {processor.py:840} INFO - DAG(s) 'tutorial_taskflow_api_virtualenv' retrieved from /home/pedro/.local/lib/python3.10/site-packages/airflow/example_dags/tutorial_taskflow_api_virtualenv.py
[2024-06-09T16:54:23.548-0300] {logging_mixin.py:188} INFO - [2024-06-09T16:54:23.548-0300] {dag.py:3096} INFO - Sync 1 DAGs
[2024-06-09T16:54:23.554-0300] {logging_mixin.py:188} INFO - [2024-06-09T16:54:23.554-0300] {dag.py:3954} INFO - Setting next_dagrun for tutorial_taskflow_api_virtualenv to None, run_after=None
[2024-06-09T16:54:23.571-0300] {processor.py:183} INFO - Processing /home/pedro/.local/lib/python3.10/site-packages/airflow/example_dags/tutorial_taskflow_api_virtualenv.py took 0.049 seconds
[2024-06-09T16:56:30.630-0300] {processor.py:161} INFO - Started process (PID=16495) to work on /home/pedro/.local/lib/python3.10/site-packages/airflow/example_dags/tutorial_taskflow_api_virtualenv.py
[2024-06-09T16:56:30.631-0300] {processor.py:830} INFO - Processing file /home/pedro/.local/lib/python3.10/site-packages/airflow/example_dags/tutorial_taskflow_api_virtualenv.py for tasks to queue
[2024-06-09T16:56:30.632-0300] {logging_mixin.py:188} INFO - [2024-06-09T16:56:30.632-0300] {dagbag.py:545} INFO - Filling up the DagBag from /home/pedro/.local/lib/python3.10/site-packages/airflow/example_dags/tutorial_taskflow_api_virtualenv.py
[2024-06-09T16:56:30.638-0300] {processor.py:840} INFO - DAG(s) 'tutorial_taskflow_api_virtualenv' retrieved from /home/pedro/.local/lib/python3.10/site-packages/airflow/example_dags/tutorial_taskflow_api_virtualenv.py
[2024-06-09T16:56:30.646-0300] {logging_mixin.py:188} INFO - [2024-06-09T16:56:30.646-0300] {dag.py:3096} INFO - Sync 1 DAGs
[2024-06-09T16:56:30.653-0300] {logging_mixin.py:188} INFO - [2024-06-09T16:56:30.653-0300] {dag.py:3954} INFO - Setting next_dagrun for tutorial_taskflow_api_virtualenv to None, run_after=None
[2024-06-09T16:56:30.669-0300] {processor.py:183} INFO - Processing /home/pedro/.local/lib/python3.10/site-packages/airflow/example_dags/tutorial_taskflow_api_virtualenv.py took 0.044 seconds
[2024-06-09T16:58:33.483-0300] {processor.py:161} INFO - Started process (PID=17258) to work on /home/pedro/.local/lib/python3.10/site-packages/airflow/example_dags/tutorial_taskflow_api_virtualenv.py
[2024-06-09T16:58:33.486-0300] {processor.py:830} INFO - Processing file /home/pedro/.local/lib/python3.10/site-packages/airflow/example_dags/tutorial_taskflow_api_virtualenv.py for tasks to queue
[2024-06-09T16:58:33.487-0300] {logging_mixin.py:188} INFO - [2024-06-09T16:58:33.487-0300] {dagbag.py:545} INFO - Filling up the DagBag from /home/pedro/.local/lib/python3.10/site-packages/airflow/example_dags/tutorial_taskflow_api_virtualenv.py
[2024-06-09T16:58:33.494-0300] {processor.py:840} INFO - DAG(s) 'tutorial_taskflow_api_virtualenv' retrieved from /home/pedro/.local/lib/python3.10/site-packages/airflow/example_dags/tutorial_taskflow_api_virtualenv.py
[2024-06-09T16:58:33.502-0300] {logging_mixin.py:188} INFO - [2024-06-09T16:58:33.502-0300] {dag.py:3096} INFO - Sync 1 DAGs
[2024-06-09T16:58:33.510-0300] {logging_mixin.py:188} INFO - [2024-06-09T16:58:33.509-0300] {dag.py:3954} INFO - Setting next_dagrun for tutorial_taskflow_api_virtualenv to None, run_after=None
[2024-06-09T16:58:33.527-0300] {processor.py:183} INFO - Processing /home/pedro/.local/lib/python3.10/site-packages/airflow/example_dags/tutorial_taskflow_api_virtualenv.py took 0.048 seconds
