[2024-06-09T11:45:20.790-0300] {processor.py:161} INFO - Started process (PID=5860) to work on /home/pedro/.local/lib/python3.10/site-packages/airflow/example_dags/tutorial.py
[2024-06-09T11:45:20.791-0300] {processor.py:830} INFO - Processing file /home/pedro/.local/lib/python3.10/site-packages/airflow/example_dags/tutorial.py for tasks to queue
[2024-06-09T11:45:20.793-0300] {logging_mixin.py:188} INFO - [2024-06-09T11:45:20.792-0300] {dagbag.py:545} INFO - Filling up the DagBag from /home/pedro/.local/lib/python3.10/site-packages/airflow/example_dags/tutorial.py
[2024-06-09T11:45:20.799-0300] {processor.py:840} INFO - DAG(s) 'tutorial' retrieved from /home/pedro/.local/lib/python3.10/site-packages/airflow/example_dags/tutorial.py
[2024-06-09T11:45:20.810-0300] {logging_mixin.py:188} INFO - [2024-06-09T11:45:20.810-0300] {dag.py:3096} INFO - Sync 1 DAGs
[2024-06-09T11:45:20.821-0300] {logging_mixin.py:188} INFO - [2024-06-09T11:45:20.821-0300] {dag.py:3954} INFO - Setting next_dagrun for tutorial to 2024-06-08 00:00:00+00:00, run_after=2024-06-09 00:00:00+00:00
[2024-06-09T11:45:20.838-0300] {processor.py:183} INFO - Processing /home/pedro/.local/lib/python3.10/site-packages/airflow/example_dags/tutorial.py took 0.057 seconds
[2024-06-09T11:46:12.593-0300] {processor.py:161} INFO - Started process (PID=7193) to work on /home/pedro/.local/lib/python3.10/site-packages/airflow/example_dags/tutorial.py
[2024-06-09T11:46:12.597-0300] {processor.py:830} INFO - Processing file /home/pedro/.local/lib/python3.10/site-packages/airflow/example_dags/tutorial.py for tasks to queue
[2024-06-09T11:46:12.599-0300] {logging_mixin.py:188} INFO - [2024-06-09T11:46:12.598-0300] {dagbag.py:545} INFO - Filling up the DagBag from /home/pedro/.local/lib/python3.10/site-packages/airflow/example_dags/tutorial.py
[2024-06-09T11:46:12.605-0300] {processor.py:840} INFO - DAG(s) 'tutorial' retrieved from /home/pedro/.local/lib/python3.10/site-packages/airflow/example_dags/tutorial.py
[2024-06-09T11:46:12.614-0300] {logging_mixin.py:188} INFO - [2024-06-09T11:46:12.614-0300] {dag.py:3096} INFO - Sync 1 DAGs
[2024-06-09T11:46:12.676-0300] {logging_mixin.py:188} INFO - [2024-06-09T11:46:12.676-0300] {dag.py:3954} INFO - Setting next_dagrun for tutorial to 2024-06-08 00:00:00+00:00, run_after=2024-06-09 00:00:00+00:00
[2024-06-09T11:46:12.690-0300] {processor.py:183} INFO - Processing /home/pedro/.local/lib/python3.10/site-packages/airflow/example_dags/tutorial.py took 0.099 seconds
[2024-06-09T11:46:58.123-0300] {processor.py:161} INFO - Started process (PID=7324) to work on /home/pedro/.local/lib/python3.10/site-packages/airflow/example_dags/tutorial.py
[2024-06-09T11:46:58.126-0300] {processor.py:830} INFO - Processing file /home/pedro/.local/lib/python3.10/site-packages/airflow/example_dags/tutorial.py for tasks to queue
[2024-06-09T11:46:58.128-0300] {logging_mixin.py:188} INFO - [2024-06-09T11:46:58.127-0300] {dagbag.py:545} INFO - Filling up the DagBag from /home/pedro/.local/lib/python3.10/site-packages/airflow/example_dags/tutorial.py
[2024-06-09T11:46:58.135-0300] {processor.py:840} INFO - DAG(s) 'tutorial' retrieved from /home/pedro/.local/lib/python3.10/site-packages/airflow/example_dags/tutorial.py
[2024-06-09T11:46:58.144-0300] {logging_mixin.py:188} INFO - [2024-06-09T11:46:58.144-0300] {dag.py:3096} INFO - Sync 1 DAGs
[2024-06-09T11:46:58.154-0300] {logging_mixin.py:188} INFO - [2024-06-09T11:46:58.154-0300] {dag.py:3954} INFO - Setting next_dagrun for tutorial to 2024-06-08 00:00:00+00:00, run_after=2024-06-09 00:00:00+00:00
[2024-06-09T11:46:58.167-0300] {processor.py:183} INFO - Processing /home/pedro/.local/lib/python3.10/site-packages/airflow/example_dags/tutorial.py took 0.049 seconds
[2024-06-09T11:47:40.727-0300] {processor.py:161} INFO - Started process (PID=7410) to work on /home/pedro/.local/lib/python3.10/site-packages/airflow/example_dags/tutorial.py
[2024-06-09T11:47:40.728-0300] {processor.py:830} INFO - Processing file /home/pedro/.local/lib/python3.10/site-packages/airflow/example_dags/tutorial.py for tasks to queue
[2024-06-09T11:47:40.729-0300] {logging_mixin.py:188} INFO - [2024-06-09T11:47:40.729-0300] {dagbag.py:545} INFO - Filling up the DagBag from /home/pedro/.local/lib/python3.10/site-packages/airflow/example_dags/tutorial.py
[2024-06-09T11:47:40.734-0300] {processor.py:840} INFO - DAG(s) 'tutorial' retrieved from /home/pedro/.local/lib/python3.10/site-packages/airflow/example_dags/tutorial.py
[2024-06-09T11:47:40.742-0300] {logging_mixin.py:188} INFO - [2024-06-09T11:47:40.742-0300] {dag.py:3096} INFO - Sync 1 DAGs
[2024-06-09T11:47:40.752-0300] {logging_mixin.py:188} INFO - [2024-06-09T11:47:40.752-0300] {dag.py:3954} INFO - Setting next_dagrun for tutorial to 2024-06-08 00:00:00+00:00, run_after=2024-06-09 00:00:00+00:00
[2024-06-09T11:47:40.766-0300] {processor.py:183} INFO - Processing /home/pedro/.local/lib/python3.10/site-packages/airflow/example_dags/tutorial.py took 0.042 seconds
[2024-06-09T11:48:22.637-0300] {processor.py:161} INFO - Started process (PID=7484) to work on /home/pedro/.local/lib/python3.10/site-packages/airflow/example_dags/tutorial.py
[2024-06-09T11:48:22.641-0300] {processor.py:830} INFO - Processing file /home/pedro/.local/lib/python3.10/site-packages/airflow/example_dags/tutorial.py for tasks to queue
[2024-06-09T11:48:22.643-0300] {logging_mixin.py:188} INFO - [2024-06-09T11:48:22.642-0300] {dagbag.py:545} INFO - Filling up the DagBag from /home/pedro/.local/lib/python3.10/site-packages/airflow/example_dags/tutorial.py
[2024-06-09T11:48:22.649-0300] {processor.py:840} INFO - DAG(s) 'tutorial' retrieved from /home/pedro/.local/lib/python3.10/site-packages/airflow/example_dags/tutorial.py
[2024-06-09T11:48:22.658-0300] {logging_mixin.py:188} INFO - [2024-06-09T11:48:22.658-0300] {dag.py:3096} INFO - Sync 1 DAGs
[2024-06-09T11:48:22.668-0300] {logging_mixin.py:188} INFO - [2024-06-09T11:48:22.667-0300] {dag.py:3954} INFO - Setting next_dagrun for tutorial to 2024-06-08 00:00:00+00:00, run_after=2024-06-09 00:00:00+00:00
[2024-06-09T11:48:22.682-0300] {processor.py:183} INFO - Processing /home/pedro/.local/lib/python3.10/site-packages/airflow/example_dags/tutorial.py took 0.048 seconds
[2024-06-09T11:49:04.367-0300] {processor.py:161} INFO - Started process (PID=7671) to work on /home/pedro/.local/lib/python3.10/site-packages/airflow/example_dags/tutorial.py
[2024-06-09T11:49:04.370-0300] {processor.py:830} INFO - Processing file /home/pedro/.local/lib/python3.10/site-packages/airflow/example_dags/tutorial.py for tasks to queue
[2024-06-09T11:49:04.372-0300] {logging_mixin.py:188} INFO - [2024-06-09T11:49:04.372-0300] {dagbag.py:545} INFO - Filling up the DagBag from /home/pedro/.local/lib/python3.10/site-packages/airflow/example_dags/tutorial.py
[2024-06-09T11:49:04.377-0300] {processor.py:840} INFO - DAG(s) 'tutorial' retrieved from /home/pedro/.local/lib/python3.10/site-packages/airflow/example_dags/tutorial.py
[2024-06-09T11:49:04.386-0300] {logging_mixin.py:188} INFO - [2024-06-09T11:49:04.386-0300] {dag.py:3096} INFO - Sync 1 DAGs
[2024-06-09T11:49:04.395-0300] {logging_mixin.py:188} INFO - [2024-06-09T11:49:04.395-0300] {dag.py:3954} INFO - Setting next_dagrun for tutorial to 2024-06-08 00:00:00+00:00, run_after=2024-06-09 00:00:00+00:00
[2024-06-09T11:49:04.413-0300] {processor.py:183} INFO - Processing /home/pedro/.local/lib/python3.10/site-packages/airflow/example_dags/tutorial.py took 0.054 seconds
[2024-06-09T11:49:46.139-0300] {processor.py:161} INFO - Started process (PID=7933) to work on /home/pedro/.local/lib/python3.10/site-packages/airflow/example_dags/tutorial.py
[2024-06-09T11:49:46.142-0300] {processor.py:830} INFO - Processing file /home/pedro/.local/lib/python3.10/site-packages/airflow/example_dags/tutorial.py for tasks to queue
[2024-06-09T11:49:46.144-0300] {logging_mixin.py:188} INFO - [2024-06-09T11:49:46.143-0300] {dagbag.py:545} INFO - Filling up the DagBag from /home/pedro/.local/lib/python3.10/site-packages/airflow/example_dags/tutorial.py
[2024-06-09T11:49:46.149-0300] {processor.py:840} INFO - DAG(s) 'tutorial' retrieved from /home/pedro/.local/lib/python3.10/site-packages/airflow/example_dags/tutorial.py
[2024-06-09T11:49:46.159-0300] {logging_mixin.py:188} INFO - [2024-06-09T11:49:46.159-0300] {dag.py:3096} INFO - Sync 1 DAGs
[2024-06-09T11:49:46.170-0300] {logging_mixin.py:188} INFO - [2024-06-09T11:49:46.169-0300] {dag.py:3954} INFO - Setting next_dagrun for tutorial to 2024-06-08 00:00:00+00:00, run_after=2024-06-09 00:00:00+00:00
[2024-06-09T11:49:46.185-0300] {processor.py:183} INFO - Processing /home/pedro/.local/lib/python3.10/site-packages/airflow/example_dags/tutorial.py took 0.050 seconds
[2024-06-09T11:50:32.496-0300] {processor.py:161} INFO - Started process (PID=7994) to work on /home/pedro/.local/lib/python3.10/site-packages/airflow/example_dags/tutorial.py
[2024-06-09T11:50:32.499-0300] {processor.py:830} INFO - Processing file /home/pedro/.local/lib/python3.10/site-packages/airflow/example_dags/tutorial.py for tasks to queue
[2024-06-09T11:50:32.501-0300] {logging_mixin.py:188} INFO - [2024-06-09T11:50:32.500-0300] {dagbag.py:545} INFO - Filling up the DagBag from /home/pedro/.local/lib/python3.10/site-packages/airflow/example_dags/tutorial.py
[2024-06-09T11:50:32.507-0300] {processor.py:840} INFO - DAG(s) 'tutorial' retrieved from /home/pedro/.local/lib/python3.10/site-packages/airflow/example_dags/tutorial.py
[2024-06-09T11:50:32.516-0300] {logging_mixin.py:188} INFO - [2024-06-09T11:50:32.516-0300] {dag.py:3096} INFO - Sync 1 DAGs
[2024-06-09T11:50:32.526-0300] {logging_mixin.py:188} INFO - [2024-06-09T11:50:32.526-0300] {dag.py:3954} INFO - Setting next_dagrun for tutorial to 2024-06-08 00:00:00+00:00, run_after=2024-06-09 00:00:00+00:00
[2024-06-09T11:50:32.541-0300] {processor.py:183} INFO - Processing /home/pedro/.local/lib/python3.10/site-packages/airflow/example_dags/tutorial.py took 0.051 seconds
[2024-06-09T11:51:18.894-0300] {processor.py:161} INFO - Started process (PID=8203) to work on /home/pedro/.local/lib/python3.10/site-packages/airflow/example_dags/tutorial.py
[2024-06-09T11:51:18.897-0300] {processor.py:830} INFO - Processing file /home/pedro/.local/lib/python3.10/site-packages/airflow/example_dags/tutorial.py for tasks to queue
[2024-06-09T11:51:18.900-0300] {logging_mixin.py:188} INFO - [2024-06-09T11:51:18.899-0300] {dagbag.py:545} INFO - Filling up the DagBag from /home/pedro/.local/lib/python3.10/site-packages/airflow/example_dags/tutorial.py
[2024-06-09T11:51:18.906-0300] {processor.py:840} INFO - DAG(s) 'tutorial' retrieved from /home/pedro/.local/lib/python3.10/site-packages/airflow/example_dags/tutorial.py
[2024-06-09T11:51:18.914-0300] {logging_mixin.py:188} INFO - [2024-06-09T11:51:18.914-0300] {dag.py:3096} INFO - Sync 1 DAGs
[2024-06-09T11:51:18.923-0300] {logging_mixin.py:188} INFO - [2024-06-09T11:51:18.923-0300] {dag.py:3954} INFO - Setting next_dagrun for tutorial to 2024-06-08 00:00:00+00:00, run_after=2024-06-09 00:00:00+00:00
[2024-06-09T11:51:18.937-0300] {processor.py:183} INFO - Processing /home/pedro/.local/lib/python3.10/site-packages/airflow/example_dags/tutorial.py took 0.052 seconds
[2024-06-09T11:52:03.360-0300] {processor.py:161} INFO - Started process (PID=8311) to work on /home/pedro/.local/lib/python3.10/site-packages/airflow/example_dags/tutorial.py
[2024-06-09T11:52:03.363-0300] {processor.py:830} INFO - Processing file /home/pedro/.local/lib/python3.10/site-packages/airflow/example_dags/tutorial.py for tasks to queue
[2024-06-09T11:52:03.364-0300] {logging_mixin.py:188} INFO - [2024-06-09T11:52:03.364-0300] {dagbag.py:545} INFO - Filling up the DagBag from /home/pedro/.local/lib/python3.10/site-packages/airflow/example_dags/tutorial.py
[2024-06-09T11:52:03.369-0300] {processor.py:840} INFO - DAG(s) 'tutorial' retrieved from /home/pedro/.local/lib/python3.10/site-packages/airflow/example_dags/tutorial.py
[2024-06-09T11:52:03.380-0300] {logging_mixin.py:188} INFO - [2024-06-09T11:52:03.380-0300] {dag.py:3096} INFO - Sync 1 DAGs
[2024-06-09T11:52:03.393-0300] {logging_mixin.py:188} INFO - [2024-06-09T11:52:03.393-0300] {dag.py:3954} INFO - Setting next_dagrun for tutorial to 2024-06-08 00:00:00+00:00, run_after=2024-06-09 00:00:00+00:00
[2024-06-09T11:52:03.410-0300] {processor.py:183} INFO - Processing /home/pedro/.local/lib/python3.10/site-packages/airflow/example_dags/tutorial.py took 0.053 seconds
[2024-06-09T11:52:45.107-0300] {processor.py:161} INFO - Started process (PID=8413) to work on /home/pedro/.local/lib/python3.10/site-packages/airflow/example_dags/tutorial.py
[2024-06-09T11:52:45.111-0300] {processor.py:830} INFO - Processing file /home/pedro/.local/lib/python3.10/site-packages/airflow/example_dags/tutorial.py for tasks to queue
[2024-06-09T11:52:45.114-0300] {logging_mixin.py:188} INFO - [2024-06-09T11:52:45.113-0300] {dagbag.py:545} INFO - Filling up the DagBag from /home/pedro/.local/lib/python3.10/site-packages/airflow/example_dags/tutorial.py
[2024-06-09T11:52:45.120-0300] {processor.py:840} INFO - DAG(s) 'tutorial' retrieved from /home/pedro/.local/lib/python3.10/site-packages/airflow/example_dags/tutorial.py
[2024-06-09T11:52:45.129-0300] {logging_mixin.py:188} INFO - [2024-06-09T11:52:45.129-0300] {dag.py:3096} INFO - Sync 1 DAGs
[2024-06-09T11:52:45.138-0300] {logging_mixin.py:188} INFO - [2024-06-09T11:52:45.138-0300] {dag.py:3954} INFO - Setting next_dagrun for tutorial to 2024-06-08 00:00:00+00:00, run_after=2024-06-09 00:00:00+00:00
[2024-06-09T11:52:45.153-0300] {processor.py:183} INFO - Processing /home/pedro/.local/lib/python3.10/site-packages/airflow/example_dags/tutorial.py took 0.052 seconds
[2024-06-09T11:53:23.593-0300] {processor.py:161} INFO - Started process (PID=8506) to work on /home/pedro/.local/lib/python3.10/site-packages/airflow/example_dags/tutorial.py
[2024-06-09T11:53:23.593-0300] {processor.py:830} INFO - Processing file /home/pedro/.local/lib/python3.10/site-packages/airflow/example_dags/tutorial.py for tasks to queue
[2024-06-09T11:53:23.594-0300] {logging_mixin.py:188} INFO - [2024-06-09T11:53:23.594-0300] {dagbag.py:545} INFO - Filling up the DagBag from /home/pedro/.local/lib/python3.10/site-packages/airflow/example_dags/tutorial.py
[2024-06-09T11:53:23.598-0300] {processor.py:840} INFO - DAG(s) 'tutorial' retrieved from /home/pedro/.local/lib/python3.10/site-packages/airflow/example_dags/tutorial.py
[2024-06-09T11:53:23.606-0300] {logging_mixin.py:188} INFO - [2024-06-09T11:53:23.606-0300] {dag.py:3096} INFO - Sync 1 DAGs
[2024-06-09T11:53:23.616-0300] {logging_mixin.py:188} INFO - [2024-06-09T11:53:23.616-0300] {dag.py:3954} INFO - Setting next_dagrun for tutorial to 2024-06-08 00:00:00+00:00, run_after=2024-06-09 00:00:00+00:00
[2024-06-09T11:53:23.628-0300] {processor.py:183} INFO - Processing /home/pedro/.local/lib/python3.10/site-packages/airflow/example_dags/tutorial.py took 0.039 seconds
[2024-06-09T11:54:03.656-0300] {processor.py:161} INFO - Started process (PID=8584) to work on /home/pedro/.local/lib/python3.10/site-packages/airflow/example_dags/tutorial.py
[2024-06-09T11:54:03.659-0300] {processor.py:830} INFO - Processing file /home/pedro/.local/lib/python3.10/site-packages/airflow/example_dags/tutorial.py for tasks to queue
[2024-06-09T11:54:03.662-0300] {logging_mixin.py:188} INFO - [2024-06-09T11:54:03.661-0300] {dagbag.py:545} INFO - Filling up the DagBag from /home/pedro/.local/lib/python3.10/site-packages/airflow/example_dags/tutorial.py
[2024-06-09T11:54:03.668-0300] {processor.py:840} INFO - DAG(s) 'tutorial' retrieved from /home/pedro/.local/lib/python3.10/site-packages/airflow/example_dags/tutorial.py
[2024-06-09T11:54:03.678-0300] {logging_mixin.py:188} INFO - [2024-06-09T11:54:03.678-0300] {dag.py:3096} INFO - Sync 1 DAGs
[2024-06-09T11:54:03.691-0300] {logging_mixin.py:188} INFO - [2024-06-09T11:54:03.690-0300] {dag.py:3954} INFO - Setting next_dagrun for tutorial to 2024-06-08 00:00:00+00:00, run_after=2024-06-09 00:00:00+00:00
[2024-06-09T11:54:03.706-0300] {processor.py:183} INFO - Processing /home/pedro/.local/lib/python3.10/site-packages/airflow/example_dags/tutorial.py took 0.053 seconds
[2024-06-09T11:54:44.770-0300] {processor.py:161} INFO - Started process (PID=8654) to work on /home/pedro/.local/lib/python3.10/site-packages/airflow/example_dags/tutorial.py
[2024-06-09T11:54:44.773-0300] {processor.py:830} INFO - Processing file /home/pedro/.local/lib/python3.10/site-packages/airflow/example_dags/tutorial.py for tasks to queue
[2024-06-09T11:54:44.775-0300] {logging_mixin.py:188} INFO - [2024-06-09T11:54:44.774-0300] {dagbag.py:545} INFO - Filling up the DagBag from /home/pedro/.local/lib/python3.10/site-packages/airflow/example_dags/tutorial.py
[2024-06-09T11:54:44.781-0300] {processor.py:840} INFO - DAG(s) 'tutorial' retrieved from /home/pedro/.local/lib/python3.10/site-packages/airflow/example_dags/tutorial.py
[2024-06-09T11:54:44.790-0300] {logging_mixin.py:188} INFO - [2024-06-09T11:54:44.790-0300] {dag.py:3096} INFO - Sync 1 DAGs
[2024-06-09T11:54:44.799-0300] {logging_mixin.py:188} INFO - [2024-06-09T11:54:44.799-0300] {dag.py:3954} INFO - Setting next_dagrun for tutorial to 2024-06-08 00:00:00+00:00, run_after=2024-06-09 00:00:00+00:00
[2024-06-09T11:54:44.814-0300] {processor.py:183} INFO - Processing /home/pedro/.local/lib/python3.10/site-packages/airflow/example_dags/tutorial.py took 0.047 seconds
[2024-06-09T11:55:24.108-0300] {processor.py:161} INFO - Started process (PID=8723) to work on /home/pedro/.local/lib/python3.10/site-packages/airflow/example_dags/tutorial.py
[2024-06-09T11:55:24.111-0300] {processor.py:830} INFO - Processing file /home/pedro/.local/lib/python3.10/site-packages/airflow/example_dags/tutorial.py for tasks to queue
[2024-06-09T11:55:24.113-0300] {logging_mixin.py:188} INFO - [2024-06-09T11:55:24.113-0300] {dagbag.py:545} INFO - Filling up the DagBag from /home/pedro/.local/lib/python3.10/site-packages/airflow/example_dags/tutorial.py
[2024-06-09T11:55:24.120-0300] {processor.py:840} INFO - DAG(s) 'tutorial' retrieved from /home/pedro/.local/lib/python3.10/site-packages/airflow/example_dags/tutorial.py
[2024-06-09T11:55:24.129-0300] {logging_mixin.py:188} INFO - [2024-06-09T11:55:24.129-0300] {dag.py:3096} INFO - Sync 1 DAGs
[2024-06-09T11:55:24.140-0300] {logging_mixin.py:188} INFO - [2024-06-09T11:55:24.140-0300] {dag.py:3954} INFO - Setting next_dagrun for tutorial to 2024-06-08 00:00:00+00:00, run_after=2024-06-09 00:00:00+00:00
[2024-06-09T11:55:24.155-0300] {processor.py:183} INFO - Processing /home/pedro/.local/lib/python3.10/site-packages/airflow/example_dags/tutorial.py took 0.051 seconds
[2024-06-09T11:56:03.818-0300] {processor.py:161} INFO - Started process (PID=8956) to work on /home/pedro/.local/lib/python3.10/site-packages/airflow/example_dags/tutorial.py
[2024-06-09T11:56:03.820-0300] {processor.py:830} INFO - Processing file /home/pedro/.local/lib/python3.10/site-packages/airflow/example_dags/tutorial.py for tasks to queue
[2024-06-09T11:56:03.821-0300] {logging_mixin.py:188} INFO - [2024-06-09T11:56:03.821-0300] {dagbag.py:545} INFO - Filling up the DagBag from /home/pedro/.local/lib/python3.10/site-packages/airflow/example_dags/tutorial.py
[2024-06-09T11:56:03.825-0300] {processor.py:840} INFO - DAG(s) 'tutorial' retrieved from /home/pedro/.local/lib/python3.10/site-packages/airflow/example_dags/tutorial.py
[2024-06-09T11:56:03.836-0300] {logging_mixin.py:188} INFO - [2024-06-09T11:56:03.835-0300] {dag.py:3096} INFO - Sync 1 DAGs
[2024-06-09T11:56:03.847-0300] {logging_mixin.py:188} INFO - [2024-06-09T11:56:03.847-0300] {dag.py:3954} INFO - Setting next_dagrun for tutorial to 2024-06-08 00:00:00+00:00, run_after=2024-06-09 00:00:00+00:00
[2024-06-09T11:56:03.863-0300] {processor.py:183} INFO - Processing /home/pedro/.local/lib/python3.10/site-packages/airflow/example_dags/tutorial.py took 0.050 seconds
[2024-06-09T11:57:44.349-0300] {processor.py:161} INFO - Started process (PID=9662) to work on /home/pedro/.local/lib/python3.10/site-packages/airflow/example_dags/tutorial.py
[2024-06-09T11:57:44.352-0300] {processor.py:830} INFO - Processing file /home/pedro/.local/lib/python3.10/site-packages/airflow/example_dags/tutorial.py for tasks to queue
[2024-06-09T11:57:44.354-0300] {logging_mixin.py:188} INFO - [2024-06-09T11:57:44.354-0300] {dagbag.py:545} INFO - Filling up the DagBag from /home/pedro/.local/lib/python3.10/site-packages/airflow/example_dags/tutorial.py
[2024-06-09T11:57:44.362-0300] {processor.py:840} INFO - DAG(s) 'tutorial' retrieved from /home/pedro/.local/lib/python3.10/site-packages/airflow/example_dags/tutorial.py
[2024-06-09T11:57:44.374-0300] {logging_mixin.py:188} INFO - [2024-06-09T11:57:44.374-0300] {dag.py:3096} INFO - Sync 1 DAGs
[2024-06-09T11:57:44.383-0300] {logging_mixin.py:188} INFO - [2024-06-09T11:57:44.383-0300] {dag.py:3954} INFO - Setting next_dagrun for tutorial to 2024-06-08 00:00:00+00:00, run_after=2024-06-09 00:00:00+00:00
[2024-06-09T11:57:44.398-0300] {processor.py:183} INFO - Processing /home/pedro/.local/lib/python3.10/site-packages/airflow/example_dags/tutorial.py took 0.054 seconds
[2024-06-09T11:59:12.330-0300] {processor.py:161} INFO - Started process (PID=10639) to work on /home/pedro/.local/lib/python3.10/site-packages/airflow/example_dags/tutorial.py
[2024-06-09T11:59:12.333-0300] {processor.py:830} INFO - Processing file /home/pedro/.local/lib/python3.10/site-packages/airflow/example_dags/tutorial.py for tasks to queue
[2024-06-09T11:59:12.334-0300] {logging_mixin.py:188} INFO - [2024-06-09T11:59:12.334-0300] {dagbag.py:545} INFO - Filling up the DagBag from /home/pedro/.local/lib/python3.10/site-packages/airflow/example_dags/tutorial.py
[2024-06-09T11:59:12.340-0300] {processor.py:840} INFO - DAG(s) 'tutorial' retrieved from /home/pedro/.local/lib/python3.10/site-packages/airflow/example_dags/tutorial.py
[2024-06-09T11:59:12.355-0300] {logging_mixin.py:188} INFO - [2024-06-09T11:59:12.354-0300] {dag.py:3096} INFO - Sync 1 DAGs
[2024-06-09T11:59:12.379-0300] {logging_mixin.py:188} INFO - [2024-06-09T11:59:12.379-0300] {dag.py:3954} INFO - Setting next_dagrun for tutorial to 2024-06-08 00:00:00+00:00, run_after=2024-06-09 00:00:00+00:00
[2024-06-09T11:59:12.413-0300] {processor.py:183} INFO - Processing /home/pedro/.local/lib/python3.10/site-packages/airflow/example_dags/tutorial.py took 0.087 seconds
[2024-06-09T12:00:02.676-0300] {processor.py:161} INFO - Started process (PID=10791) to work on /home/pedro/.local/lib/python3.10/site-packages/airflow/example_dags/tutorial.py
[2024-06-09T12:00:02.679-0300] {processor.py:830} INFO - Processing file /home/pedro/.local/lib/python3.10/site-packages/airflow/example_dags/tutorial.py for tasks to queue
[2024-06-09T12:00:02.681-0300] {logging_mixin.py:188} INFO - [2024-06-09T12:00:02.680-0300] {dagbag.py:545} INFO - Filling up the DagBag from /home/pedro/.local/lib/python3.10/site-packages/airflow/example_dags/tutorial.py
[2024-06-09T12:00:02.686-0300] {processor.py:840} INFO - DAG(s) 'tutorial' retrieved from /home/pedro/.local/lib/python3.10/site-packages/airflow/example_dags/tutorial.py
[2024-06-09T12:00:02.696-0300] {logging_mixin.py:188} INFO - [2024-06-09T12:00:02.696-0300] {dag.py:3096} INFO - Sync 1 DAGs
[2024-06-09T12:00:02.775-0300] {logging_mixin.py:188} INFO - [2024-06-09T12:00:02.775-0300] {dag.py:3954} INFO - Setting next_dagrun for tutorial to 2024-06-08 00:00:00+00:00, run_after=2024-06-09 00:00:00+00:00
[2024-06-09T12:00:02.791-0300] {processor.py:183} INFO - Processing /home/pedro/.local/lib/python3.10/site-packages/airflow/example_dags/tutorial.py took 0.125 seconds
[2024-06-09T12:00:48.701-0300] {processor.py:161} INFO - Started process (PID=10863) to work on /home/pedro/.local/lib/python3.10/site-packages/airflow/example_dags/tutorial.py
[2024-06-09T12:00:48.705-0300] {processor.py:830} INFO - Processing file /home/pedro/.local/lib/python3.10/site-packages/airflow/example_dags/tutorial.py for tasks to queue
[2024-06-09T12:00:48.707-0300] {logging_mixin.py:188} INFO - [2024-06-09T12:00:48.707-0300] {dagbag.py:545} INFO - Filling up the DagBag from /home/pedro/.local/lib/python3.10/site-packages/airflow/example_dags/tutorial.py
[2024-06-09T12:00:48.716-0300] {processor.py:840} INFO - DAG(s) 'tutorial' retrieved from /home/pedro/.local/lib/python3.10/site-packages/airflow/example_dags/tutorial.py
[2024-06-09T12:00:48.728-0300] {logging_mixin.py:188} INFO - [2024-06-09T12:00:48.728-0300] {dag.py:3096} INFO - Sync 1 DAGs
[2024-06-09T12:00:48.738-0300] {logging_mixin.py:188} INFO - [2024-06-09T12:00:48.738-0300] {dag.py:3954} INFO - Setting next_dagrun for tutorial to 2024-06-08 00:00:00+00:00, run_after=2024-06-09 00:00:00+00:00
[2024-06-09T12:00:48.755-0300] {processor.py:183} INFO - Processing /home/pedro/.local/lib/python3.10/site-packages/airflow/example_dags/tutorial.py took 0.062 seconds
[2024-06-09T12:01:31.279-0300] {processor.py:161} INFO - Started process (PID=11147) to work on /home/pedro/.local/lib/python3.10/site-packages/airflow/example_dags/tutorial.py
[2024-06-09T12:01:31.282-0300] {processor.py:830} INFO - Processing file /home/pedro/.local/lib/python3.10/site-packages/airflow/example_dags/tutorial.py for tasks to queue
[2024-06-09T12:01:31.284-0300] {logging_mixin.py:188} INFO - [2024-06-09T12:01:31.283-0300] {dagbag.py:545} INFO - Filling up the DagBag from /home/pedro/.local/lib/python3.10/site-packages/airflow/example_dags/tutorial.py
[2024-06-09T12:01:31.289-0300] {processor.py:840} INFO - DAG(s) 'tutorial' retrieved from /home/pedro/.local/lib/python3.10/site-packages/airflow/example_dags/tutorial.py
[2024-06-09T12:01:31.298-0300] {logging_mixin.py:188} INFO - [2024-06-09T12:01:31.298-0300] {dag.py:3096} INFO - Sync 1 DAGs
[2024-06-09T12:01:31.309-0300] {logging_mixin.py:188} INFO - [2024-06-09T12:01:31.308-0300] {dag.py:3954} INFO - Setting next_dagrun for tutorial to 2024-06-08 00:00:00+00:00, run_after=2024-06-09 00:00:00+00:00
[2024-06-09T12:01:31.325-0300] {processor.py:183} INFO - Processing /home/pedro/.local/lib/python3.10/site-packages/airflow/example_dags/tutorial.py took 0.051 seconds
[2024-06-09T12:02:14.138-0300] {processor.py:161} INFO - Started process (PID=11242) to work on /home/pedro/.local/lib/python3.10/site-packages/airflow/example_dags/tutorial.py
[2024-06-09T12:02:14.141-0300] {processor.py:830} INFO - Processing file /home/pedro/.local/lib/python3.10/site-packages/airflow/example_dags/tutorial.py for tasks to queue
[2024-06-09T12:02:14.142-0300] {logging_mixin.py:188} INFO - [2024-06-09T12:02:14.141-0300] {dagbag.py:545} INFO - Filling up the DagBag from /home/pedro/.local/lib/python3.10/site-packages/airflow/example_dags/tutorial.py
[2024-06-09T12:02:14.145-0300] {processor.py:840} INFO - DAG(s) 'tutorial' retrieved from /home/pedro/.local/lib/python3.10/site-packages/airflow/example_dags/tutorial.py
[2024-06-09T12:02:14.156-0300] {logging_mixin.py:188} INFO - [2024-06-09T12:02:14.156-0300] {dag.py:3096} INFO - Sync 1 DAGs
[2024-06-09T12:02:14.171-0300] {logging_mixin.py:188} INFO - [2024-06-09T12:02:14.171-0300] {dag.py:3954} INFO - Setting next_dagrun for tutorial to 2024-06-08 00:00:00+00:00, run_after=2024-06-09 00:00:00+00:00
[2024-06-09T12:02:14.191-0300] {processor.py:183} INFO - Processing /home/pedro/.local/lib/python3.10/site-packages/airflow/example_dags/tutorial.py took 0.060 seconds
[2024-06-09T12:02:59.738-0300] {processor.py:161} INFO - Started process (PID=11330) to work on /home/pedro/.local/lib/python3.10/site-packages/airflow/example_dags/tutorial.py
[2024-06-09T12:02:59.741-0300] {processor.py:830} INFO - Processing file /home/pedro/.local/lib/python3.10/site-packages/airflow/example_dags/tutorial.py for tasks to queue
[2024-06-09T12:02:59.743-0300] {logging_mixin.py:188} INFO - [2024-06-09T12:02:59.743-0300] {dagbag.py:545} INFO - Filling up the DagBag from /home/pedro/.local/lib/python3.10/site-packages/airflow/example_dags/tutorial.py
[2024-06-09T12:02:59.748-0300] {processor.py:840} INFO - DAG(s) 'tutorial' retrieved from /home/pedro/.local/lib/python3.10/site-packages/airflow/example_dags/tutorial.py
[2024-06-09T12:02:59.757-0300] {logging_mixin.py:188} INFO - [2024-06-09T12:02:59.757-0300] {dag.py:3096} INFO - Sync 1 DAGs
[2024-06-09T12:02:59.768-0300] {logging_mixin.py:188} INFO - [2024-06-09T12:02:59.768-0300] {dag.py:3954} INFO - Setting next_dagrun for tutorial to 2024-06-08 00:00:00+00:00, run_after=2024-06-09 00:00:00+00:00
[2024-06-09T12:02:59.783-0300] {processor.py:183} INFO - Processing /home/pedro/.local/lib/python3.10/site-packages/airflow/example_dags/tutorial.py took 0.049 seconds
[2024-06-09T12:03:41.954-0300] {processor.py:161} INFO - Started process (PID=11398) to work on /home/pedro/.local/lib/python3.10/site-packages/airflow/example_dags/tutorial.py
[2024-06-09T12:03:41.957-0300] {processor.py:830} INFO - Processing file /home/pedro/.local/lib/python3.10/site-packages/airflow/example_dags/tutorial.py for tasks to queue
[2024-06-09T12:03:41.960-0300] {logging_mixin.py:188} INFO - [2024-06-09T12:03:41.959-0300] {dagbag.py:545} INFO - Filling up the DagBag from /home/pedro/.local/lib/python3.10/site-packages/airflow/example_dags/tutorial.py
[2024-06-09T12:03:41.965-0300] {processor.py:840} INFO - DAG(s) 'tutorial' retrieved from /home/pedro/.local/lib/python3.10/site-packages/airflow/example_dags/tutorial.py
[2024-06-09T12:03:41.973-0300] {logging_mixin.py:188} INFO - [2024-06-09T12:03:41.973-0300] {dag.py:3096} INFO - Sync 1 DAGs
[2024-06-09T12:03:41.984-0300] {logging_mixin.py:188} INFO - [2024-06-09T12:03:41.984-0300] {dag.py:3954} INFO - Setting next_dagrun for tutorial to 2024-06-08 00:00:00+00:00, run_after=2024-06-09 00:00:00+00:00
[2024-06-09T12:03:42.000-0300] {processor.py:183} INFO - Processing /home/pedro/.local/lib/python3.10/site-packages/airflow/example_dags/tutorial.py took 0.055 seconds
[2024-06-09T12:04:31.667-0300] {processor.py:161} INFO - Started process (PID=11523) to work on /home/pedro/.local/lib/python3.10/site-packages/airflow/example_dags/tutorial.py
[2024-06-09T12:04:31.671-0300] {processor.py:830} INFO - Processing file /home/pedro/.local/lib/python3.10/site-packages/airflow/example_dags/tutorial.py for tasks to queue
[2024-06-09T12:04:31.672-0300] {logging_mixin.py:188} INFO - [2024-06-09T12:04:31.672-0300] {dagbag.py:545} INFO - Filling up the DagBag from /home/pedro/.local/lib/python3.10/site-packages/airflow/example_dags/tutorial.py
[2024-06-09T12:04:31.678-0300] {processor.py:840} INFO - DAG(s) 'tutorial' retrieved from /home/pedro/.local/lib/python3.10/site-packages/airflow/example_dags/tutorial.py
[2024-06-09T12:04:31.687-0300] {logging_mixin.py:188} INFO - [2024-06-09T12:04:31.687-0300] {dag.py:3096} INFO - Sync 1 DAGs
[2024-06-09T12:04:31.698-0300] {logging_mixin.py:188} INFO - [2024-06-09T12:04:31.698-0300] {dag.py:3954} INFO - Setting next_dagrun for tutorial to 2024-06-08 00:00:00+00:00, run_after=2024-06-09 00:00:00+00:00
[2024-06-09T12:04:31.715-0300] {processor.py:183} INFO - Processing /home/pedro/.local/lib/python3.10/site-packages/airflow/example_dags/tutorial.py took 0.053 seconds
[2024-06-09T12:05:14.150-0300] {processor.py:161} INFO - Started process (PID=11603) to work on /home/pedro/.local/lib/python3.10/site-packages/airflow/example_dags/tutorial.py
[2024-06-09T12:05:14.153-0300] {processor.py:830} INFO - Processing file /home/pedro/.local/lib/python3.10/site-packages/airflow/example_dags/tutorial.py for tasks to queue
[2024-06-09T12:05:14.155-0300] {logging_mixin.py:188} INFO - [2024-06-09T12:05:14.155-0300] {dagbag.py:545} INFO - Filling up the DagBag from /home/pedro/.local/lib/python3.10/site-packages/airflow/example_dags/tutorial.py
[2024-06-09T12:05:14.160-0300] {processor.py:840} INFO - DAG(s) 'tutorial' retrieved from /home/pedro/.local/lib/python3.10/site-packages/airflow/example_dags/tutorial.py
[2024-06-09T12:05:14.169-0300] {logging_mixin.py:188} INFO - [2024-06-09T12:05:14.169-0300] {dag.py:3096} INFO - Sync 1 DAGs
[2024-06-09T12:05:14.179-0300] {logging_mixin.py:188} INFO - [2024-06-09T12:05:14.179-0300] {dag.py:3954} INFO - Setting next_dagrun for tutorial to 2024-06-08 00:00:00+00:00, run_after=2024-06-09 00:00:00+00:00
[2024-06-09T12:05:14.196-0300] {processor.py:183} INFO - Processing /home/pedro/.local/lib/python3.10/site-packages/airflow/example_dags/tutorial.py took 0.054 seconds
[2024-06-09T12:05:57.008-0300] {processor.py:161} INFO - Started process (PID=11678) to work on /home/pedro/.local/lib/python3.10/site-packages/airflow/example_dags/tutorial.py
[2024-06-09T12:05:57.011-0300] {processor.py:830} INFO - Processing file /home/pedro/.local/lib/python3.10/site-packages/airflow/example_dags/tutorial.py for tasks to queue
[2024-06-09T12:05:57.013-0300] {logging_mixin.py:188} INFO - [2024-06-09T12:05:57.012-0300] {dagbag.py:545} INFO - Filling up the DagBag from /home/pedro/.local/lib/python3.10/site-packages/airflow/example_dags/tutorial.py
[2024-06-09T12:05:57.019-0300] {processor.py:840} INFO - DAG(s) 'tutorial' retrieved from /home/pedro/.local/lib/python3.10/site-packages/airflow/example_dags/tutorial.py
[2024-06-09T12:05:57.027-0300] {logging_mixin.py:188} INFO - [2024-06-09T12:05:57.027-0300] {dag.py:3096} INFO - Sync 1 DAGs
[2024-06-09T12:05:57.037-0300] {logging_mixin.py:188} INFO - [2024-06-09T12:05:57.037-0300] {dag.py:3954} INFO - Setting next_dagrun for tutorial to 2024-06-08 00:00:00+00:00, run_after=2024-06-09 00:00:00+00:00
[2024-06-09T12:05:57.053-0300] {processor.py:183} INFO - Processing /home/pedro/.local/lib/python3.10/site-packages/airflow/example_dags/tutorial.py took 0.055 seconds
[2024-06-09T12:06:34.452-0300] {processor.py:161} INFO - Started process (PID=12426) to work on /home/pedro/.local/lib/python3.10/site-packages/airflow/example_dags/tutorial.py
[2024-06-09T12:06:34.455-0300] {processor.py:830} INFO - Processing file /home/pedro/.local/lib/python3.10/site-packages/airflow/example_dags/tutorial.py for tasks to queue
[2024-06-09T12:06:34.457-0300] {logging_mixin.py:188} INFO - [2024-06-09T12:06:34.457-0300] {dagbag.py:545} INFO - Filling up the DagBag from /home/pedro/.local/lib/python3.10/site-packages/airflow/example_dags/tutorial.py
[2024-06-09T12:06:34.464-0300] {processor.py:840} INFO - DAG(s) 'tutorial' retrieved from /home/pedro/.local/lib/python3.10/site-packages/airflow/example_dags/tutorial.py
[2024-06-09T12:06:34.476-0300] {logging_mixin.py:188} INFO - [2024-06-09T12:06:34.476-0300] {dag.py:3096} INFO - Sync 1 DAGs
[2024-06-09T12:06:34.489-0300] {logging_mixin.py:188} INFO - [2024-06-09T12:06:34.488-0300] {dag.py:3954} INFO - Setting next_dagrun for tutorial to 2024-06-08 00:00:00+00:00, run_after=2024-06-09 00:00:00+00:00
[2024-06-09T12:06:34.505-0300] {processor.py:183} INFO - Processing /home/pedro/.local/lib/python3.10/site-packages/airflow/example_dags/tutorial.py took 0.062 seconds
[2024-06-09T12:07:27.535-0300] {processor.py:161} INFO - Started process (PID=12526) to work on /home/pedro/.local/lib/python3.10/site-packages/airflow/example_dags/tutorial.py
[2024-06-09T12:07:27.539-0300] {processor.py:830} INFO - Processing file /home/pedro/.local/lib/python3.10/site-packages/airflow/example_dags/tutorial.py for tasks to queue
[2024-06-09T12:07:27.541-0300] {logging_mixin.py:188} INFO - [2024-06-09T12:07:27.541-0300] {dagbag.py:545} INFO - Filling up the DagBag from /home/pedro/.local/lib/python3.10/site-packages/airflow/example_dags/tutorial.py
[2024-06-09T12:07:27.547-0300] {processor.py:840} INFO - DAG(s) 'tutorial' retrieved from /home/pedro/.local/lib/python3.10/site-packages/airflow/example_dags/tutorial.py
[2024-06-09T12:07:27.555-0300] {logging_mixin.py:188} INFO - [2024-06-09T12:07:27.555-0300] {dag.py:3096} INFO - Sync 1 DAGs
[2024-06-09T12:07:27.626-0300] {logging_mixin.py:188} INFO - [2024-06-09T12:07:27.626-0300] {dag.py:3954} INFO - Setting next_dagrun for tutorial to 2024-06-08 00:00:00+00:00, run_after=2024-06-09 00:00:00+00:00
[2024-06-09T12:07:27.640-0300] {processor.py:183} INFO - Processing /home/pedro/.local/lib/python3.10/site-packages/airflow/example_dags/tutorial.py took 0.114 seconds
[2024-06-09T12:08:18.917-0300] {processor.py:161} INFO - Started process (PID=12609) to work on /home/pedro/.local/lib/python3.10/site-packages/airflow/example_dags/tutorial.py
[2024-06-09T12:08:18.920-0300] {processor.py:830} INFO - Processing file /home/pedro/.local/lib/python3.10/site-packages/airflow/example_dags/tutorial.py for tasks to queue
[2024-06-09T12:08:18.921-0300] {logging_mixin.py:188} INFO - [2024-06-09T12:08:18.921-0300] {dagbag.py:545} INFO - Filling up the DagBag from /home/pedro/.local/lib/python3.10/site-packages/airflow/example_dags/tutorial.py
[2024-06-09T12:08:18.927-0300] {processor.py:840} INFO - DAG(s) 'tutorial' retrieved from /home/pedro/.local/lib/python3.10/site-packages/airflow/example_dags/tutorial.py
[2024-06-09T12:08:18.937-0300] {logging_mixin.py:188} INFO - [2024-06-09T12:08:18.936-0300] {dag.py:3096} INFO - Sync 1 DAGs
[2024-06-09T12:08:18.947-0300] {logging_mixin.py:188} INFO - [2024-06-09T12:08:18.947-0300] {dag.py:3954} INFO - Setting next_dagrun for tutorial to 2024-06-08 00:00:00+00:00, run_after=2024-06-09 00:00:00+00:00
[2024-06-09T12:08:18.963-0300] {processor.py:183} INFO - Processing /home/pedro/.local/lib/python3.10/site-packages/airflow/example_dags/tutorial.py took 0.050 seconds
[2024-06-09T12:09:03.804-0300] {processor.py:161} INFO - Started process (PID=12707) to work on /home/pedro/.local/lib/python3.10/site-packages/airflow/example_dags/tutorial.py
[2024-06-09T12:09:03.807-0300] {processor.py:830} INFO - Processing file /home/pedro/.local/lib/python3.10/site-packages/airflow/example_dags/tutorial.py for tasks to queue
[2024-06-09T12:09:03.809-0300] {logging_mixin.py:188} INFO - [2024-06-09T12:09:03.809-0300] {dagbag.py:545} INFO - Filling up the DagBag from /home/pedro/.local/lib/python3.10/site-packages/airflow/example_dags/tutorial.py
[2024-06-09T12:09:03.815-0300] {processor.py:840} INFO - DAG(s) 'tutorial' retrieved from /home/pedro/.local/lib/python3.10/site-packages/airflow/example_dags/tutorial.py
[2024-06-09T12:09:03.824-0300] {logging_mixin.py:188} INFO - [2024-06-09T12:09:03.824-0300] {dag.py:3096} INFO - Sync 1 DAGs
[2024-06-09T12:09:03.834-0300] {logging_mixin.py:188} INFO - [2024-06-09T12:09:03.834-0300] {dag.py:3954} INFO - Setting next_dagrun for tutorial to 2024-06-08 00:00:00+00:00, run_after=2024-06-09 00:00:00+00:00
[2024-06-09T12:09:03.851-0300] {processor.py:183} INFO - Processing /home/pedro/.local/lib/python3.10/site-packages/airflow/example_dags/tutorial.py took 0.057 seconds
[2024-06-09T12:09:45.249-0300] {processor.py:161} INFO - Started process (PID=12782) to work on /home/pedro/.local/lib/python3.10/site-packages/airflow/example_dags/tutorial.py
[2024-06-09T12:09:45.252-0300] {processor.py:830} INFO - Processing file /home/pedro/.local/lib/python3.10/site-packages/airflow/example_dags/tutorial.py for tasks to queue
[2024-06-09T12:09:45.254-0300] {logging_mixin.py:188} INFO - [2024-06-09T12:09:45.254-0300] {dagbag.py:545} INFO - Filling up the DagBag from /home/pedro/.local/lib/python3.10/site-packages/airflow/example_dags/tutorial.py
[2024-06-09T12:09:45.260-0300] {processor.py:840} INFO - DAG(s) 'tutorial' retrieved from /home/pedro/.local/lib/python3.10/site-packages/airflow/example_dags/tutorial.py
[2024-06-09T12:09:45.269-0300] {logging_mixin.py:188} INFO - [2024-06-09T12:09:45.269-0300] {dag.py:3096} INFO - Sync 1 DAGs
[2024-06-09T12:09:45.281-0300] {logging_mixin.py:188} INFO - [2024-06-09T12:09:45.280-0300] {dag.py:3954} INFO - Setting next_dagrun for tutorial to 2024-06-08 00:00:00+00:00, run_after=2024-06-09 00:00:00+00:00
[2024-06-09T12:09:45.297-0300] {processor.py:183} INFO - Processing /home/pedro/.local/lib/python3.10/site-packages/airflow/example_dags/tutorial.py took 0.053 seconds
[2024-06-09T12:10:26.695-0300] {processor.py:161} INFO - Started process (PID=12848) to work on /home/pedro/.local/lib/python3.10/site-packages/airflow/example_dags/tutorial.py
[2024-06-09T12:10:26.699-0300] {processor.py:830} INFO - Processing file /home/pedro/.local/lib/python3.10/site-packages/airflow/example_dags/tutorial.py for tasks to queue
[2024-06-09T12:10:26.701-0300] {logging_mixin.py:188} INFO - [2024-06-09T12:10:26.700-0300] {dagbag.py:545} INFO - Filling up the DagBag from /home/pedro/.local/lib/python3.10/site-packages/airflow/example_dags/tutorial.py
[2024-06-09T12:10:26.708-0300] {processor.py:840} INFO - DAG(s) 'tutorial' retrieved from /home/pedro/.local/lib/python3.10/site-packages/airflow/example_dags/tutorial.py
[2024-06-09T12:10:26.716-0300] {logging_mixin.py:188} INFO - [2024-06-09T12:10:26.716-0300] {dag.py:3096} INFO - Sync 1 DAGs
[2024-06-09T12:10:26.728-0300] {logging_mixin.py:188} INFO - [2024-06-09T12:10:26.727-0300] {dag.py:3954} INFO - Setting next_dagrun for tutorial to 2024-06-08 00:00:00+00:00, run_after=2024-06-09 00:00:00+00:00
[2024-06-09T12:10:26.744-0300] {processor.py:183} INFO - Processing /home/pedro/.local/lib/python3.10/site-packages/airflow/example_dags/tutorial.py took 0.058 seconds
[2024-06-09T12:11:09.313-0300] {processor.py:161} INFO - Started process (PID=12960) to work on /home/pedro/.local/lib/python3.10/site-packages/airflow/example_dags/tutorial.py
[2024-06-09T12:11:09.317-0300] {processor.py:830} INFO - Processing file /home/pedro/.local/lib/python3.10/site-packages/airflow/example_dags/tutorial.py for tasks to queue
[2024-06-09T12:11:09.319-0300] {logging_mixin.py:188} INFO - [2024-06-09T12:11:09.318-0300] {dagbag.py:545} INFO - Filling up the DagBag from /home/pedro/.local/lib/python3.10/site-packages/airflow/example_dags/tutorial.py
[2024-06-09T12:11:09.324-0300] {processor.py:840} INFO - DAG(s) 'tutorial' retrieved from /home/pedro/.local/lib/python3.10/site-packages/airflow/example_dags/tutorial.py
[2024-06-09T12:11:09.334-0300] {logging_mixin.py:188} INFO - [2024-06-09T12:11:09.333-0300] {dag.py:3096} INFO - Sync 1 DAGs
[2024-06-09T12:11:09.345-0300] {logging_mixin.py:188} INFO - [2024-06-09T12:11:09.345-0300] {dag.py:3954} INFO - Setting next_dagrun for tutorial to 2024-06-08 00:00:00+00:00, run_after=2024-06-09 00:00:00+00:00
[2024-06-09T12:11:09.362-0300] {processor.py:183} INFO - Processing /home/pedro/.local/lib/python3.10/site-packages/airflow/example_dags/tutorial.py took 0.057 seconds
[2024-06-09T12:11:49.414-0300] {processor.py:161} INFO - Started process (PID=12996) to work on /home/pedro/.local/lib/python3.10/site-packages/airflow/example_dags/tutorial.py
[2024-06-09T12:11:49.417-0300] {processor.py:830} INFO - Processing file /home/pedro/.local/lib/python3.10/site-packages/airflow/example_dags/tutorial.py for tasks to queue
[2024-06-09T12:11:49.420-0300] {logging_mixin.py:188} INFO - [2024-06-09T12:11:49.419-0300] {dagbag.py:545} INFO - Filling up the DagBag from /home/pedro/.local/lib/python3.10/site-packages/airflow/example_dags/tutorial.py
[2024-06-09T12:11:49.429-0300] {processor.py:840} INFO - DAG(s) 'tutorial' retrieved from /home/pedro/.local/lib/python3.10/site-packages/airflow/example_dags/tutorial.py
[2024-06-09T12:11:49.441-0300] {logging_mixin.py:188} INFO - [2024-06-09T12:11:49.441-0300] {dag.py:3096} INFO - Sync 1 DAGs
[2024-06-09T12:11:49.452-0300] {logging_mixin.py:188} INFO - [2024-06-09T12:11:49.451-0300] {dag.py:3954} INFO - Setting next_dagrun for tutorial to 2024-06-08 00:00:00+00:00, run_after=2024-06-09 00:00:00+00:00
[2024-06-09T12:11:49.469-0300] {processor.py:183} INFO - Processing /home/pedro/.local/lib/python3.10/site-packages/airflow/example_dags/tutorial.py took 0.064 seconds
[2024-06-09T12:12:41.279-0300] {processor.py:161} INFO - Started process (PID=13090) to work on /home/pedro/.local/lib/python3.10/site-packages/airflow/example_dags/tutorial.py
[2024-06-09T12:12:41.283-0300] {processor.py:830} INFO - Processing file /home/pedro/.local/lib/python3.10/site-packages/airflow/example_dags/tutorial.py for tasks to queue
[2024-06-09T12:12:41.284-0300] {logging_mixin.py:188} INFO - [2024-06-09T12:12:41.284-0300] {dagbag.py:545} INFO - Filling up the DagBag from /home/pedro/.local/lib/python3.10/site-packages/airflow/example_dags/tutorial.py
[2024-06-09T12:12:41.289-0300] {processor.py:840} INFO - DAG(s) 'tutorial' retrieved from /home/pedro/.local/lib/python3.10/site-packages/airflow/example_dags/tutorial.py
[2024-06-09T12:12:41.298-0300] {logging_mixin.py:188} INFO - [2024-06-09T12:12:41.298-0300] {dag.py:3096} INFO - Sync 1 DAGs
[2024-06-09T12:12:41.376-0300] {logging_mixin.py:188} INFO - [2024-06-09T12:12:41.376-0300] {dag.py:3954} INFO - Setting next_dagrun for tutorial to 2024-06-08 00:00:00+00:00, run_after=2024-06-09 00:00:00+00:00
[2024-06-09T12:12:41.391-0300] {processor.py:183} INFO - Processing /home/pedro/.local/lib/python3.10/site-packages/airflow/example_dags/tutorial.py took 0.123 seconds
[2024-06-09T12:13:29.251-0300] {processor.py:161} INFO - Started process (PID=13155) to work on /home/pedro/.local/lib/python3.10/site-packages/airflow/example_dags/tutorial.py
[2024-06-09T12:13:29.255-0300] {processor.py:830} INFO - Processing file /home/pedro/.local/lib/python3.10/site-packages/airflow/example_dags/tutorial.py for tasks to queue
[2024-06-09T12:13:29.256-0300] {logging_mixin.py:188} INFO - [2024-06-09T12:13:29.256-0300] {dagbag.py:545} INFO - Filling up the DagBag from /home/pedro/.local/lib/python3.10/site-packages/airflow/example_dags/tutorial.py
[2024-06-09T12:13:29.262-0300] {processor.py:840} INFO - DAG(s) 'tutorial' retrieved from /home/pedro/.local/lib/python3.10/site-packages/airflow/example_dags/tutorial.py
[2024-06-09T12:13:29.272-0300] {logging_mixin.py:188} INFO - [2024-06-09T12:13:29.272-0300] {dag.py:3096} INFO - Sync 1 DAGs
[2024-06-09T12:13:29.285-0300] {logging_mixin.py:188} INFO - [2024-06-09T12:13:29.285-0300] {dag.py:3954} INFO - Setting next_dagrun for tutorial to 2024-06-08 00:00:00+00:00, run_after=2024-06-09 00:00:00+00:00
[2024-06-09T12:13:29.303-0300] {processor.py:183} INFO - Processing /home/pedro/.local/lib/python3.10/site-packages/airflow/example_dags/tutorial.py took 0.060 seconds
[2024-06-09T12:14:14.302-0300] {processor.py:161} INFO - Started process (PID=13217) to work on /home/pedro/.local/lib/python3.10/site-packages/airflow/example_dags/tutorial.py
[2024-06-09T12:14:14.305-0300] {processor.py:830} INFO - Processing file /home/pedro/.local/lib/python3.10/site-packages/airflow/example_dags/tutorial.py for tasks to queue
[2024-06-09T12:14:14.306-0300] {logging_mixin.py:188} INFO - [2024-06-09T12:14:14.306-0300] {dagbag.py:545} INFO - Filling up the DagBag from /home/pedro/.local/lib/python3.10/site-packages/airflow/example_dags/tutorial.py
[2024-06-09T12:14:14.311-0300] {processor.py:840} INFO - DAG(s) 'tutorial' retrieved from /home/pedro/.local/lib/python3.10/site-packages/airflow/example_dags/tutorial.py
[2024-06-09T12:14:14.320-0300] {logging_mixin.py:188} INFO - [2024-06-09T12:14:14.320-0300] {dag.py:3096} INFO - Sync 1 DAGs
[2024-06-09T12:14:14.332-0300] {logging_mixin.py:188} INFO - [2024-06-09T12:14:14.332-0300] {dag.py:3954} INFO - Setting next_dagrun for tutorial to 2024-06-08 00:00:00+00:00, run_after=2024-06-09 00:00:00+00:00
[2024-06-09T12:14:14.349-0300] {processor.py:183} INFO - Processing /home/pedro/.local/lib/python3.10/site-packages/airflow/example_dags/tutorial.py took 0.057 seconds
[2024-06-09T12:15:02.570-0300] {processor.py:161} INFO - Started process (PID=13302) to work on /home/pedro/.local/lib/python3.10/site-packages/airflow/example_dags/tutorial.py
[2024-06-09T12:15:02.574-0300] {processor.py:830} INFO - Processing file /home/pedro/.local/lib/python3.10/site-packages/airflow/example_dags/tutorial.py for tasks to queue
[2024-06-09T12:15:02.576-0300] {logging_mixin.py:188} INFO - [2024-06-09T12:15:02.575-0300] {dagbag.py:545} INFO - Filling up the DagBag from /home/pedro/.local/lib/python3.10/site-packages/airflow/example_dags/tutorial.py
[2024-06-09T12:15:02.583-0300] {processor.py:840} INFO - DAG(s) 'tutorial' retrieved from /home/pedro/.local/lib/python3.10/site-packages/airflow/example_dags/tutorial.py
[2024-06-09T12:15:02.595-0300] {logging_mixin.py:188} INFO - [2024-06-09T12:15:02.595-0300] {dag.py:3096} INFO - Sync 1 DAGs
[2024-06-09T12:15:02.607-0300] {logging_mixin.py:188} INFO - [2024-06-09T12:15:02.607-0300] {dag.py:3954} INFO - Setting next_dagrun for tutorial to 2024-06-08 00:00:00+00:00, run_after=2024-06-09 00:00:00+00:00
[2024-06-09T12:15:02.624-0300] {processor.py:183} INFO - Processing /home/pedro/.local/lib/python3.10/site-packages/airflow/example_dags/tutorial.py took 0.061 seconds
[2024-06-09T12:19:51.388-0300] {processor.py:161} INFO - Started process (PID=13580) to work on /home/pedro/.local/lib/python3.10/site-packages/airflow/example_dags/tutorial.py
[2024-06-09T12:19:51.392-0300] {processor.py:830} INFO - Processing file /home/pedro/.local/lib/python3.10/site-packages/airflow/example_dags/tutorial.py for tasks to queue
[2024-06-09T12:19:51.394-0300] {logging_mixin.py:188} INFO - [2024-06-09T12:19:51.393-0300] {dagbag.py:545} INFO - Filling up the DagBag from /home/pedro/.local/lib/python3.10/site-packages/airflow/example_dags/tutorial.py
[2024-06-09T12:19:51.401-0300] {processor.py:840} INFO - DAG(s) 'tutorial' retrieved from /home/pedro/.local/lib/python3.10/site-packages/airflow/example_dags/tutorial.py
[2024-06-09T12:19:51.413-0300] {logging_mixin.py:188} INFO - [2024-06-09T12:19:51.413-0300] {dag.py:3096} INFO - Sync 1 DAGs
[2024-06-09T12:19:51.424-0300] {logging_mixin.py:188} INFO - [2024-06-09T12:19:51.424-0300] {dag.py:3954} INFO - Setting next_dagrun for tutorial to 2024-06-08 00:00:00+00:00, run_after=2024-06-09 00:00:00+00:00
[2024-06-09T12:19:51.440-0300] {processor.py:183} INFO - Processing /home/pedro/.local/lib/python3.10/site-packages/airflow/example_dags/tutorial.py took 0.060 seconds
[2024-06-09T12:20:42.204-0300] {processor.py:161} INFO - Started process (PID=13681) to work on /home/pedro/.local/lib/python3.10/site-packages/airflow/example_dags/tutorial.py
[2024-06-09T12:20:42.207-0300] {processor.py:830} INFO - Processing file /home/pedro/.local/lib/python3.10/site-packages/airflow/example_dags/tutorial.py for tasks to queue
[2024-06-09T12:20:42.209-0300] {logging_mixin.py:188} INFO - [2024-06-09T12:20:42.209-0300] {dagbag.py:545} INFO - Filling up the DagBag from /home/pedro/.local/lib/python3.10/site-packages/airflow/example_dags/tutorial.py
[2024-06-09T12:20:42.215-0300] {processor.py:840} INFO - DAG(s) 'tutorial' retrieved from /home/pedro/.local/lib/python3.10/site-packages/airflow/example_dags/tutorial.py
[2024-06-09T12:20:42.224-0300] {logging_mixin.py:188} INFO - [2024-06-09T12:20:42.224-0300] {dag.py:3096} INFO - Sync 1 DAGs
[2024-06-09T12:20:42.289-0300] {logging_mixin.py:188} INFO - [2024-06-09T12:20:42.289-0300] {dag.py:3954} INFO - Setting next_dagrun for tutorial to 2024-06-08 00:00:00+00:00, run_after=2024-06-09 00:00:00+00:00
[2024-06-09T12:20:42.305-0300] {processor.py:183} INFO - Processing /home/pedro/.local/lib/python3.10/site-packages/airflow/example_dags/tutorial.py took 0.107 seconds
[2024-06-09T12:21:25.700-0300] {processor.py:161} INFO - Started process (PID=13781) to work on /home/pedro/.local/lib/python3.10/site-packages/airflow/example_dags/tutorial.py
[2024-06-09T12:21:25.701-0300] {processor.py:830} INFO - Processing file /home/pedro/.local/lib/python3.10/site-packages/airflow/example_dags/tutorial.py for tasks to queue
[2024-06-09T12:21:25.702-0300] {logging_mixin.py:188} INFO - [2024-06-09T12:21:25.702-0300] {dagbag.py:545} INFO - Filling up the DagBag from /home/pedro/.local/lib/python3.10/site-packages/airflow/example_dags/tutorial.py
[2024-06-09T12:21:25.706-0300] {processor.py:840} INFO - DAG(s) 'tutorial' retrieved from /home/pedro/.local/lib/python3.10/site-packages/airflow/example_dags/tutorial.py
[2024-06-09T12:21:25.714-0300] {logging_mixin.py:188} INFO - [2024-06-09T12:21:25.714-0300] {dag.py:3096} INFO - Sync 1 DAGs
[2024-06-09T12:21:25.724-0300] {logging_mixin.py:188} INFO - [2024-06-09T12:21:25.724-0300] {dag.py:3954} INFO - Setting next_dagrun for tutorial to 2024-06-08 00:00:00+00:00, run_after=2024-06-09 00:00:00+00:00
[2024-06-09T12:21:25.738-0300] {processor.py:183} INFO - Processing /home/pedro/.local/lib/python3.10/site-packages/airflow/example_dags/tutorial.py took 0.041 seconds
[2024-06-09T12:22:04.953-0300] {processor.py:161} INFO - Started process (PID=13858) to work on /home/pedro/.local/lib/python3.10/site-packages/airflow/example_dags/tutorial.py
[2024-06-09T12:22:04.956-0300] {processor.py:830} INFO - Processing file /home/pedro/.local/lib/python3.10/site-packages/airflow/example_dags/tutorial.py for tasks to queue
[2024-06-09T12:22:04.958-0300] {logging_mixin.py:188} INFO - [2024-06-09T12:22:04.958-0300] {dagbag.py:545} INFO - Filling up the DagBag from /home/pedro/.local/lib/python3.10/site-packages/airflow/example_dags/tutorial.py
[2024-06-09T12:22:04.965-0300] {processor.py:840} INFO - DAG(s) 'tutorial' retrieved from /home/pedro/.local/lib/python3.10/site-packages/airflow/example_dags/tutorial.py
[2024-06-09T12:22:04.974-0300] {logging_mixin.py:188} INFO - [2024-06-09T12:22:04.974-0300] {dag.py:3096} INFO - Sync 1 DAGs
[2024-06-09T12:22:04.983-0300] {logging_mixin.py:188} INFO - [2024-06-09T12:22:04.983-0300] {dag.py:3954} INFO - Setting next_dagrun for tutorial to 2024-06-08 00:00:00+00:00, run_after=2024-06-09 00:00:00+00:00
[2024-06-09T12:22:04.999-0300] {processor.py:183} INFO - Processing /home/pedro/.local/lib/python3.10/site-packages/airflow/example_dags/tutorial.py took 0.051 seconds
[2024-06-09T12:22:46.670-0300] {processor.py:161} INFO - Started process (PID=13954) to work on /home/pedro/.local/lib/python3.10/site-packages/airflow/example_dags/tutorial.py
[2024-06-09T12:22:46.673-0300] {processor.py:830} INFO - Processing file /home/pedro/.local/lib/python3.10/site-packages/airflow/example_dags/tutorial.py for tasks to queue
[2024-06-09T12:22:46.675-0300] {logging_mixin.py:188} INFO - [2024-06-09T12:22:46.675-0300] {dagbag.py:545} INFO - Filling up the DagBag from /home/pedro/.local/lib/python3.10/site-packages/airflow/example_dags/tutorial.py
[2024-06-09T12:22:46.680-0300] {processor.py:840} INFO - DAG(s) 'tutorial' retrieved from /home/pedro/.local/lib/python3.10/site-packages/airflow/example_dags/tutorial.py
[2024-06-09T12:22:46.690-0300] {logging_mixin.py:188} INFO - [2024-06-09T12:22:46.690-0300] {dag.py:3096} INFO - Sync 1 DAGs
[2024-06-09T12:22:46.701-0300] {logging_mixin.py:188} INFO - [2024-06-09T12:22:46.700-0300] {dag.py:3954} INFO - Setting next_dagrun for tutorial to 2024-06-08 00:00:00+00:00, run_after=2024-06-09 00:00:00+00:00
[2024-06-09T12:22:46.717-0300] {processor.py:183} INFO - Processing /home/pedro/.local/lib/python3.10/site-packages/airflow/example_dags/tutorial.py took 0.056 seconds
[2024-06-09T12:23:29.331-0300] {processor.py:161} INFO - Started process (PID=14024) to work on /home/pedro/.local/lib/python3.10/site-packages/airflow/example_dags/tutorial.py
[2024-06-09T12:23:29.335-0300] {processor.py:830} INFO - Processing file /home/pedro/.local/lib/python3.10/site-packages/airflow/example_dags/tutorial.py for tasks to queue
[2024-06-09T12:23:29.337-0300] {logging_mixin.py:188} INFO - [2024-06-09T12:23:29.336-0300] {dagbag.py:545} INFO - Filling up the DagBag from /home/pedro/.local/lib/python3.10/site-packages/airflow/example_dags/tutorial.py
[2024-06-09T12:23:29.343-0300] {processor.py:840} INFO - DAG(s) 'tutorial' retrieved from /home/pedro/.local/lib/python3.10/site-packages/airflow/example_dags/tutorial.py
[2024-06-09T12:23:29.351-0300] {logging_mixin.py:188} INFO - [2024-06-09T12:23:29.351-0300] {dag.py:3096} INFO - Sync 1 DAGs
[2024-06-09T12:23:29.360-0300] {logging_mixin.py:188} INFO - [2024-06-09T12:23:29.360-0300] {dag.py:3954} INFO - Setting next_dagrun for tutorial to 2024-06-08 00:00:00+00:00, run_after=2024-06-09 00:00:00+00:00
[2024-06-09T12:23:29.379-0300] {processor.py:183} INFO - Processing /home/pedro/.local/lib/python3.10/site-packages/airflow/example_dags/tutorial.py took 0.057 seconds
[2024-06-09T16:26:08.082-0300] {processor.py:161} INFO - Started process (PID=4787) to work on /home/pedro/.local/lib/python3.10/site-packages/airflow/example_dags/tutorial.py
[2024-06-09T16:26:08.086-0300] {processor.py:830} INFO - Processing file /home/pedro/.local/lib/python3.10/site-packages/airflow/example_dags/tutorial.py for tasks to queue
[2024-06-09T16:26:08.087-0300] {logging_mixin.py:188} INFO - [2024-06-09T16:26:08.087-0300] {dagbag.py:545} INFO - Filling up the DagBag from /home/pedro/.local/lib/python3.10/site-packages/airflow/example_dags/tutorial.py
[2024-06-09T16:26:08.093-0300] {processor.py:840} INFO - DAG(s) 'tutorial' retrieved from /home/pedro/.local/lib/python3.10/site-packages/airflow/example_dags/tutorial.py
[2024-06-09T16:26:08.105-0300] {logging_mixin.py:188} INFO - [2024-06-09T16:26:08.104-0300] {dag.py:3096} INFO - Sync 1 DAGs
[2024-06-09T16:26:08.118-0300] {logging_mixin.py:188} INFO - [2024-06-09T16:26:08.118-0300] {dag.py:3954} INFO - Setting next_dagrun for tutorial to 2024-06-08 00:00:00+00:00, run_after=2024-06-09 00:00:00+00:00
[2024-06-09T16:26:08.135-0300] {processor.py:183} INFO - Processing /home/pedro/.local/lib/python3.10/site-packages/airflow/example_dags/tutorial.py took 0.062 seconds
[2024-06-09T16:28:06.018-0300] {processor.py:161} INFO - Started process (PID=5416) to work on /home/pedro/.local/lib/python3.10/site-packages/airflow/example_dags/tutorial.py
[2024-06-09T16:28:06.020-0300] {processor.py:830} INFO - Processing file /home/pedro/.local/lib/python3.10/site-packages/airflow/example_dags/tutorial.py for tasks to queue
[2024-06-09T16:28:06.020-0300] {logging_mixin.py:188} INFO - [2024-06-09T16:28:06.020-0300] {dagbag.py:545} INFO - Filling up the DagBag from /home/pedro/.local/lib/python3.10/site-packages/airflow/example_dags/tutorial.py
[2024-06-09T16:28:06.025-0300] {processor.py:840} INFO - DAG(s) 'tutorial' retrieved from /home/pedro/.local/lib/python3.10/site-packages/airflow/example_dags/tutorial.py
[2024-06-09T16:28:06.034-0300] {logging_mixin.py:188} INFO - [2024-06-09T16:28:06.034-0300] {dag.py:3096} INFO - Sync 1 DAGs
[2024-06-09T16:28:06.099-0300] {logging_mixin.py:188} INFO - [2024-06-09T16:28:06.099-0300] {dag.py:3954} INFO - Setting next_dagrun for tutorial to 2024-06-08 00:00:00+00:00, run_after=2024-06-09 00:00:00+00:00
[2024-06-09T16:28:06.114-0300] {processor.py:183} INFO - Processing /home/pedro/.local/lib/python3.10/site-packages/airflow/example_dags/tutorial.py took 0.100 seconds
[2024-06-09T16:30:19.595-0300] {processor.py:161} INFO - Started process (PID=7269) to work on /home/pedro/.local/lib/python3.10/site-packages/airflow/example_dags/tutorial.py
[2024-06-09T16:30:19.598-0300] {processor.py:830} INFO - Processing file /home/pedro/.local/lib/python3.10/site-packages/airflow/example_dags/tutorial.py for tasks to queue
[2024-06-09T16:30:19.599-0300] {logging_mixin.py:188} INFO - [2024-06-09T16:30:19.599-0300] {dagbag.py:545} INFO - Filling up the DagBag from /home/pedro/.local/lib/python3.10/site-packages/airflow/example_dags/tutorial.py
[2024-06-09T16:30:19.603-0300] {processor.py:840} INFO - DAG(s) 'tutorial' retrieved from /home/pedro/.local/lib/python3.10/site-packages/airflow/example_dags/tutorial.py
[2024-06-09T16:30:19.612-0300] {logging_mixin.py:188} INFO - [2024-06-09T16:30:19.612-0300] {dag.py:3096} INFO - Sync 1 DAGs
[2024-06-09T16:30:19.623-0300] {logging_mixin.py:188} INFO - [2024-06-09T16:30:19.623-0300] {dag.py:3954} INFO - Setting next_dagrun for tutorial to 2024-06-08 00:00:00+00:00, run_after=2024-06-09 00:00:00+00:00
[2024-06-09T16:30:19.639-0300] {processor.py:183} INFO - Processing /home/pedro/.local/lib/python3.10/site-packages/airflow/example_dags/tutorial.py took 0.048 seconds
[2024-06-09T16:32:27.692-0300] {processor.py:161} INFO - Started process (PID=8068) to work on /home/pedro/.local/lib/python3.10/site-packages/airflow/example_dags/tutorial.py
[2024-06-09T16:32:27.693-0300] {processor.py:830} INFO - Processing file /home/pedro/.local/lib/python3.10/site-packages/airflow/example_dags/tutorial.py for tasks to queue
[2024-06-09T16:32:27.694-0300] {logging_mixin.py:188} INFO - [2024-06-09T16:32:27.694-0300] {dagbag.py:545} INFO - Filling up the DagBag from /home/pedro/.local/lib/python3.10/site-packages/airflow/example_dags/tutorial.py
[2024-06-09T16:32:27.699-0300] {processor.py:840} INFO - DAG(s) 'tutorial' retrieved from /home/pedro/.local/lib/python3.10/site-packages/airflow/example_dags/tutorial.py
[2024-06-09T16:32:27.711-0300] {logging_mixin.py:188} INFO - [2024-06-09T16:32:27.711-0300] {dag.py:3096} INFO - Sync 1 DAGs
[2024-06-09T16:32:27.725-0300] {logging_mixin.py:188} INFO - [2024-06-09T16:32:27.725-0300] {dag.py:3954} INFO - Setting next_dagrun for tutorial to 2024-06-08 00:00:00+00:00, run_after=2024-06-09 00:00:00+00:00
[2024-06-09T16:32:27.743-0300] {processor.py:183} INFO - Processing /home/pedro/.local/lib/python3.10/site-packages/airflow/example_dags/tutorial.py took 0.055 seconds
[2024-06-09T16:34:30.635-0300] {processor.py:161} INFO - Started process (PID=8727) to work on /home/pedro/.local/lib/python3.10/site-packages/airflow/example_dags/tutorial.py
[2024-06-09T16:34:30.638-0300] {processor.py:830} INFO - Processing file /home/pedro/.local/lib/python3.10/site-packages/airflow/example_dags/tutorial.py for tasks to queue
[2024-06-09T16:34:30.640-0300] {logging_mixin.py:188} INFO - [2024-06-09T16:34:30.639-0300] {dagbag.py:545} INFO - Filling up the DagBag from /home/pedro/.local/lib/python3.10/site-packages/airflow/example_dags/tutorial.py
[2024-06-09T16:34:30.644-0300] {processor.py:840} INFO - DAG(s) 'tutorial' retrieved from /home/pedro/.local/lib/python3.10/site-packages/airflow/example_dags/tutorial.py
[2024-06-09T16:34:30.654-0300] {logging_mixin.py:188} INFO - [2024-06-09T16:34:30.654-0300] {dag.py:3096} INFO - Sync 1 DAGs
[2024-06-09T16:34:30.668-0300] {logging_mixin.py:188} INFO - [2024-06-09T16:34:30.667-0300] {dag.py:3954} INFO - Setting next_dagrun for tutorial to 2024-06-08 00:00:00+00:00, run_after=2024-06-09 00:00:00+00:00
[2024-06-09T16:34:30.684-0300] {processor.py:183} INFO - Processing /home/pedro/.local/lib/python3.10/site-packages/airflow/example_dags/tutorial.py took 0.053 seconds
[2024-06-09T16:36:27.976-0300] {processor.py:161} INFO - Started process (PID=9392) to work on /home/pedro/.local/lib/python3.10/site-packages/airflow/example_dags/tutorial.py
[2024-06-09T16:36:27.978-0300] {processor.py:830} INFO - Processing file /home/pedro/.local/lib/python3.10/site-packages/airflow/example_dags/tutorial.py for tasks to queue
[2024-06-09T16:36:27.979-0300] {logging_mixin.py:188} INFO - [2024-06-09T16:36:27.979-0300] {dagbag.py:545} INFO - Filling up the DagBag from /home/pedro/.local/lib/python3.10/site-packages/airflow/example_dags/tutorial.py
[2024-06-09T16:36:27.984-0300] {processor.py:840} INFO - DAG(s) 'tutorial' retrieved from /home/pedro/.local/lib/python3.10/site-packages/airflow/example_dags/tutorial.py
[2024-06-09T16:36:27.992-0300] {logging_mixin.py:188} INFO - [2024-06-09T16:36:27.992-0300] {dag.py:3096} INFO - Sync 1 DAGs
[2024-06-09T16:36:28.002-0300] {logging_mixin.py:188} INFO - [2024-06-09T16:36:28.002-0300] {dag.py:3954} INFO - Setting next_dagrun for tutorial to 2024-06-08 00:00:00+00:00, run_after=2024-06-09 00:00:00+00:00
[2024-06-09T16:36:28.016-0300] {processor.py:183} INFO - Processing /home/pedro/.local/lib/python3.10/site-packages/airflow/example_dags/tutorial.py took 0.044 seconds
[2024-06-09T16:38:23.831-0300] {processor.py:161} INFO - Started process (PID=10130) to work on /home/pedro/.local/lib/python3.10/site-packages/airflow/example_dags/tutorial.py
[2024-06-09T16:38:23.834-0300] {processor.py:830} INFO - Processing file /home/pedro/.local/lib/python3.10/site-packages/airflow/example_dags/tutorial.py for tasks to queue
[2024-06-09T16:38:23.836-0300] {logging_mixin.py:188} INFO - [2024-06-09T16:38:23.835-0300] {dagbag.py:545} INFO - Filling up the DagBag from /home/pedro/.local/lib/python3.10/site-packages/airflow/example_dags/tutorial.py
[2024-06-09T16:38:23.841-0300] {processor.py:840} INFO - DAG(s) 'tutorial' retrieved from /home/pedro/.local/lib/python3.10/site-packages/airflow/example_dags/tutorial.py
[2024-06-09T16:38:23.850-0300] {logging_mixin.py:188} INFO - [2024-06-09T16:38:23.849-0300] {dag.py:3096} INFO - Sync 1 DAGs
[2024-06-09T16:38:23.860-0300] {logging_mixin.py:188} INFO - [2024-06-09T16:38:23.860-0300] {dag.py:3954} INFO - Setting next_dagrun for tutorial to 2024-06-08 00:00:00+00:00, run_after=2024-06-09 00:00:00+00:00
[2024-06-09T16:38:23.876-0300] {processor.py:183} INFO - Processing /home/pedro/.local/lib/python3.10/site-packages/airflow/example_dags/tutorial.py took 0.054 seconds
[2024-06-09T16:40:22.071-0300] {processor.py:161} INFO - Started process (PID=10826) to work on /home/pedro/.local/lib/python3.10/site-packages/airflow/example_dags/tutorial.py
[2024-06-09T16:40:22.072-0300] {processor.py:830} INFO - Processing file /home/pedro/.local/lib/python3.10/site-packages/airflow/example_dags/tutorial.py for tasks to queue
[2024-06-09T16:40:22.074-0300] {logging_mixin.py:188} INFO - [2024-06-09T16:40:22.074-0300] {dagbag.py:545} INFO - Filling up the DagBag from /home/pedro/.local/lib/python3.10/site-packages/airflow/example_dags/tutorial.py
[2024-06-09T16:40:22.078-0300] {processor.py:840} INFO - DAG(s) 'tutorial' retrieved from /home/pedro/.local/lib/python3.10/site-packages/airflow/example_dags/tutorial.py
[2024-06-09T16:40:22.086-0300] {logging_mixin.py:188} INFO - [2024-06-09T16:40:22.086-0300] {dag.py:3096} INFO - Sync 1 DAGs
[2024-06-09T16:40:22.097-0300] {logging_mixin.py:188} INFO - [2024-06-09T16:40:22.097-0300] {dag.py:3954} INFO - Setting next_dagrun for tutorial to 2024-06-08 00:00:00+00:00, run_after=2024-06-09 00:00:00+00:00
[2024-06-09T16:40:22.111-0300] {processor.py:183} INFO - Processing /home/pedro/.local/lib/python3.10/site-packages/airflow/example_dags/tutorial.py took 0.045 seconds
[2024-06-09T16:42:20.616-0300] {processor.py:161} INFO - Started process (PID=11551) to work on /home/pedro/.local/lib/python3.10/site-packages/airflow/example_dags/tutorial.py
[2024-06-09T16:42:20.617-0300] {processor.py:830} INFO - Processing file /home/pedro/.local/lib/python3.10/site-packages/airflow/example_dags/tutorial.py for tasks to queue
[2024-06-09T16:42:20.618-0300] {logging_mixin.py:188} INFO - [2024-06-09T16:42:20.618-0300] {dagbag.py:545} INFO - Filling up the DagBag from /home/pedro/.local/lib/python3.10/site-packages/airflow/example_dags/tutorial.py
[2024-06-09T16:42:20.623-0300] {processor.py:840} INFO - DAG(s) 'tutorial' retrieved from /home/pedro/.local/lib/python3.10/site-packages/airflow/example_dags/tutorial.py
[2024-06-09T16:42:20.631-0300] {logging_mixin.py:188} INFO - [2024-06-09T16:42:20.631-0300] {dag.py:3096} INFO - Sync 1 DAGs
[2024-06-09T16:42:20.641-0300] {logging_mixin.py:188} INFO - [2024-06-09T16:42:20.641-0300] {dag.py:3954} INFO - Setting next_dagrun for tutorial to 2024-06-08 00:00:00+00:00, run_after=2024-06-09 00:00:00+00:00
[2024-06-09T16:42:20.655-0300] {processor.py:183} INFO - Processing /home/pedro/.local/lib/python3.10/site-packages/airflow/example_dags/tutorial.py took 0.042 seconds
[2024-06-09T16:44:22.301-0300] {processor.py:161} INFO - Started process (PID=12222) to work on /home/pedro/.local/lib/python3.10/site-packages/airflow/example_dags/tutorial.py
[2024-06-09T16:44:22.307-0300] {processor.py:830} INFO - Processing file /home/pedro/.local/lib/python3.10/site-packages/airflow/example_dags/tutorial.py for tasks to queue
[2024-06-09T16:44:22.310-0300] {logging_mixin.py:188} INFO - [2024-06-09T16:44:22.310-0300] {dagbag.py:545} INFO - Filling up the DagBag from /home/pedro/.local/lib/python3.10/site-packages/airflow/example_dags/tutorial.py
[2024-06-09T16:44:22.317-0300] {processor.py:840} INFO - DAG(s) 'tutorial' retrieved from /home/pedro/.local/lib/python3.10/site-packages/airflow/example_dags/tutorial.py
[2024-06-09T16:44:22.331-0300] {logging_mixin.py:188} INFO - [2024-06-09T16:44:22.331-0300] {dag.py:3096} INFO - Sync 1 DAGs
[2024-06-09T16:44:22.346-0300] {logging_mixin.py:188} INFO - [2024-06-09T16:44:22.346-0300] {dag.py:3954} INFO - Setting next_dagrun for tutorial to 2024-06-08 00:00:00+00:00, run_after=2024-06-09 00:00:00+00:00
[2024-06-09T16:44:22.362-0300] {processor.py:183} INFO - Processing /home/pedro/.local/lib/python3.10/site-packages/airflow/example_dags/tutorial.py took 0.068 seconds
[2024-06-09T16:46:33.539-0300] {processor.py:161} INFO - Started process (PID=12969) to work on /home/pedro/.local/lib/python3.10/site-packages/airflow/example_dags/tutorial.py
[2024-06-09T16:46:33.543-0300] {processor.py:830} INFO - Processing file /home/pedro/.local/lib/python3.10/site-packages/airflow/example_dags/tutorial.py for tasks to queue
[2024-06-09T16:46:33.544-0300] {logging_mixin.py:188} INFO - [2024-06-09T16:46:33.543-0300] {dagbag.py:545} INFO - Filling up the DagBag from /home/pedro/.local/lib/python3.10/site-packages/airflow/example_dags/tutorial.py
[2024-06-09T16:46:33.547-0300] {processor.py:840} INFO - DAG(s) 'tutorial' retrieved from /home/pedro/.local/lib/python3.10/site-packages/airflow/example_dags/tutorial.py
[2024-06-09T16:46:33.555-0300] {logging_mixin.py:188} INFO - [2024-06-09T16:46:33.555-0300] {dag.py:3096} INFO - Sync 1 DAGs
[2024-06-09T16:46:33.564-0300] {logging_mixin.py:188} INFO - [2024-06-09T16:46:33.564-0300] {dag.py:3954} INFO - Setting next_dagrun for tutorial to 2024-06-08 00:00:00+00:00, run_after=2024-06-09 00:00:00+00:00
[2024-06-09T16:46:33.580-0300] {processor.py:183} INFO - Processing /home/pedro/.local/lib/python3.10/site-packages/airflow/example_dags/tutorial.py took 0.044 seconds
[2024-06-09T16:48:37.152-0300] {processor.py:161} INFO - Started process (PID=13673) to work on /home/pedro/.local/lib/python3.10/site-packages/airflow/example_dags/tutorial.py
[2024-06-09T16:48:37.155-0300] {processor.py:830} INFO - Processing file /home/pedro/.local/lib/python3.10/site-packages/airflow/example_dags/tutorial.py for tasks to queue
[2024-06-09T16:48:37.156-0300] {logging_mixin.py:188} INFO - [2024-06-09T16:48:37.156-0300] {dagbag.py:545} INFO - Filling up the DagBag from /home/pedro/.local/lib/python3.10/site-packages/airflow/example_dags/tutorial.py
[2024-06-09T16:48:37.159-0300] {processor.py:840} INFO - DAG(s) 'tutorial' retrieved from /home/pedro/.local/lib/python3.10/site-packages/airflow/example_dags/tutorial.py
[2024-06-09T16:48:37.168-0300] {logging_mixin.py:188} INFO - [2024-06-09T16:48:37.168-0300] {dag.py:3096} INFO - Sync 1 DAGs
[2024-06-09T16:48:37.179-0300] {logging_mixin.py:188} INFO - [2024-06-09T16:48:37.179-0300] {dag.py:3954} INFO - Setting next_dagrun for tutorial to 2024-06-08 00:00:00+00:00, run_after=2024-06-09 00:00:00+00:00
[2024-06-09T16:48:37.196-0300] {processor.py:183} INFO - Processing /home/pedro/.local/lib/python3.10/site-packages/airflow/example_dags/tutorial.py took 0.048 seconds
[2024-06-09T16:50:35.894-0300] {processor.py:161} INFO - Started process (PID=14464) to work on /home/pedro/.local/lib/python3.10/site-packages/airflow/example_dags/tutorial.py
[2024-06-09T16:50:35.895-0300] {processor.py:830} INFO - Processing file /home/pedro/.local/lib/python3.10/site-packages/airflow/example_dags/tutorial.py for tasks to queue
[2024-06-09T16:50:35.896-0300] {logging_mixin.py:188} INFO - [2024-06-09T16:50:35.895-0300] {dagbag.py:545} INFO - Filling up the DagBag from /home/pedro/.local/lib/python3.10/site-packages/airflow/example_dags/tutorial.py
[2024-06-09T16:50:35.899-0300] {processor.py:840} INFO - DAG(s) 'tutorial' retrieved from /home/pedro/.local/lib/python3.10/site-packages/airflow/example_dags/tutorial.py
[2024-06-09T16:50:35.908-0300] {logging_mixin.py:188} INFO - [2024-06-09T16:50:35.908-0300] {dag.py:3096} INFO - Sync 1 DAGs
[2024-06-09T16:50:35.918-0300] {logging_mixin.py:188} INFO - [2024-06-09T16:50:35.918-0300] {dag.py:3954} INFO - Setting next_dagrun for tutorial to 2024-06-08 00:00:00+00:00, run_after=2024-06-09 00:00:00+00:00
[2024-06-09T16:50:35.933-0300] {processor.py:183} INFO - Processing /home/pedro/.local/lib/python3.10/site-packages/airflow/example_dags/tutorial.py took 0.043 seconds
[2024-06-09T16:52:38.023-0300] {processor.py:161} INFO - Started process (PID=15158) to work on /home/pedro/.local/lib/python3.10/site-packages/airflow/example_dags/tutorial.py
[2024-06-09T16:52:38.025-0300] {processor.py:830} INFO - Processing file /home/pedro/.local/lib/python3.10/site-packages/airflow/example_dags/tutorial.py for tasks to queue
[2024-06-09T16:52:38.026-0300] {logging_mixin.py:188} INFO - [2024-06-09T16:52:38.026-0300] {dagbag.py:545} INFO - Filling up the DagBag from /home/pedro/.local/lib/python3.10/site-packages/airflow/example_dags/tutorial.py
[2024-06-09T16:52:38.033-0300] {processor.py:840} INFO - DAG(s) 'tutorial' retrieved from /home/pedro/.local/lib/python3.10/site-packages/airflow/example_dags/tutorial.py
[2024-06-09T16:52:38.046-0300] {logging_mixin.py:188} INFO - [2024-06-09T16:52:38.046-0300] {dag.py:3096} INFO - Sync 1 DAGs
[2024-06-09T16:52:38.058-0300] {logging_mixin.py:188} INFO - [2024-06-09T16:52:38.058-0300] {dag.py:3954} INFO - Setting next_dagrun for tutorial to 2024-06-08 00:00:00+00:00, run_after=2024-06-09 00:00:00+00:00
[2024-06-09T16:52:38.075-0300] {processor.py:183} INFO - Processing /home/pedro/.local/lib/python3.10/site-packages/airflow/example_dags/tutorial.py took 0.060 seconds
[2024-06-09T16:54:48.292-0300] {processor.py:161} INFO - Started process (PID=15894) to work on /home/pedro/.local/lib/python3.10/site-packages/airflow/example_dags/tutorial.py
[2024-06-09T16:54:48.293-0300] {processor.py:830} INFO - Processing file /home/pedro/.local/lib/python3.10/site-packages/airflow/example_dags/tutorial.py for tasks to queue
[2024-06-09T16:54:48.295-0300] {logging_mixin.py:188} INFO - [2024-06-09T16:54:48.294-0300] {dagbag.py:545} INFO - Filling up the DagBag from /home/pedro/.local/lib/python3.10/site-packages/airflow/example_dags/tutorial.py
[2024-06-09T16:54:48.300-0300] {processor.py:840} INFO - DAG(s) 'tutorial' retrieved from /home/pedro/.local/lib/python3.10/site-packages/airflow/example_dags/tutorial.py
[2024-06-09T16:54:48.308-0300] {logging_mixin.py:188} INFO - [2024-06-09T16:54:48.308-0300] {dag.py:3096} INFO - Sync 1 DAGs
[2024-06-09T16:54:48.320-0300] {logging_mixin.py:188} INFO - [2024-06-09T16:54:48.320-0300] {dag.py:3954} INFO - Setting next_dagrun for tutorial to 2024-06-08 00:00:00+00:00, run_after=2024-06-09 00:00:00+00:00
[2024-06-09T16:54:48.336-0300] {processor.py:183} INFO - Processing /home/pedro/.local/lib/python3.10/site-packages/airflow/example_dags/tutorial.py took 0.048 seconds
[2024-06-09T16:56:53.149-0300] {processor.py:161} INFO - Started process (PID=16601) to work on /home/pedro/.local/lib/python3.10/site-packages/airflow/example_dags/tutorial.py
[2024-06-09T16:56:53.150-0300] {processor.py:830} INFO - Processing file /home/pedro/.local/lib/python3.10/site-packages/airflow/example_dags/tutorial.py for tasks to queue
[2024-06-09T16:56:53.151-0300] {logging_mixin.py:188} INFO - [2024-06-09T16:56:53.150-0300] {dagbag.py:545} INFO - Filling up the DagBag from /home/pedro/.local/lib/python3.10/site-packages/airflow/example_dags/tutorial.py
[2024-06-09T16:56:53.154-0300] {processor.py:840} INFO - DAG(s) 'tutorial' retrieved from /home/pedro/.local/lib/python3.10/site-packages/airflow/example_dags/tutorial.py
[2024-06-09T16:56:53.162-0300] {logging_mixin.py:188} INFO - [2024-06-09T16:56:53.162-0300] {dag.py:3096} INFO - Sync 1 DAGs
[2024-06-09T16:56:53.172-0300] {logging_mixin.py:188} INFO - [2024-06-09T16:56:53.172-0300] {dag.py:3954} INFO - Setting next_dagrun for tutorial to 2024-06-08 00:00:00+00:00, run_after=2024-06-09 00:00:00+00:00
[2024-06-09T16:56:53.203-0300] {processor.py:183} INFO - Processing /home/pedro/.local/lib/python3.10/site-packages/airflow/example_dags/tutorial.py took 0.058 seconds
