[2024-06-09T11:45:24.399-0300] {processor.py:161} INFO - Started process (PID=5895) to work on /home/pedro/.local/lib/python3.10/site-packages/airflow/example_dags/tutorial_dag.py
[2024-06-09T11:45:24.399-0300] {processor.py:830} INFO - Processing file /home/pedro/.local/lib/python3.10/site-packages/airflow/example_dags/tutorial_dag.py for tasks to queue
[2024-06-09T11:45:24.400-0300] {logging_mixin.py:188} INFO - [2024-06-09T11:45:24.400-0300] {dagbag.py:545} INFO - Filling up the DagBag from /home/pedro/.local/lib/python3.10/site-packages/airflow/example_dags/tutorial_dag.py
[2024-06-09T11:45:24.404-0300] {processor.py:840} INFO - DAG(s) 'tutorial_dag' retrieved from /home/pedro/.local/lib/python3.10/site-packages/airflow/example_dags/tutorial_dag.py
[2024-06-09T11:45:24.414-0300] {logging_mixin.py:188} INFO - [2024-06-09T11:45:24.414-0300] {dag.py:3096} INFO - Sync 1 DAGs
[2024-06-09T11:45:24.420-0300] {logging_mixin.py:188} INFO - [2024-06-09T11:45:24.420-0300] {dag.py:3954} INFO - Setting next_dagrun for tutorial_dag to None, run_after=None
[2024-06-09T11:45:24.436-0300] {processor.py:183} INFO - Processing /home/pedro/.local/lib/python3.10/site-packages/airflow/example_dags/tutorial_dag.py took 0.041 seconds
[2024-06-09T11:46:16.736-0300] {processor.py:161} INFO - Started process (PID=7197) to work on /home/pedro/.local/lib/python3.10/site-packages/airflow/example_dags/tutorial_dag.py
[2024-06-09T11:46:16.739-0300] {processor.py:830} INFO - Processing file /home/pedro/.local/lib/python3.10/site-packages/airflow/example_dags/tutorial_dag.py for tasks to queue
[2024-06-09T11:46:16.740-0300] {logging_mixin.py:188} INFO - [2024-06-09T11:46:16.739-0300] {dagbag.py:545} INFO - Filling up the DagBag from /home/pedro/.local/lib/python3.10/site-packages/airflow/example_dags/tutorial_dag.py
[2024-06-09T11:46:16.746-0300] {processor.py:840} INFO - DAG(s) 'tutorial_dag' retrieved from /home/pedro/.local/lib/python3.10/site-packages/airflow/example_dags/tutorial_dag.py
[2024-06-09T11:46:16.756-0300] {logging_mixin.py:188} INFO - [2024-06-09T11:46:16.756-0300] {dag.py:3096} INFO - Sync 1 DAGs
[2024-06-09T11:46:16.812-0300] {logging_mixin.py:188} INFO - [2024-06-09T11:46:16.812-0300] {dag.py:3954} INFO - Setting next_dagrun for tutorial_dag to None, run_after=None
[2024-06-09T11:46:16.826-0300] {processor.py:183} INFO - Processing /home/pedro/.local/lib/python3.10/site-packages/airflow/example_dags/tutorial_dag.py took 0.094 seconds
[2024-06-09T11:47:02.400-0300] {processor.py:161} INFO - Started process (PID=7344) to work on /home/pedro/.local/lib/python3.10/site-packages/airflow/example_dags/tutorial_dag.py
[2024-06-09T11:47:02.403-0300] {processor.py:830} INFO - Processing file /home/pedro/.local/lib/python3.10/site-packages/airflow/example_dags/tutorial_dag.py for tasks to queue
[2024-06-09T11:47:02.405-0300] {logging_mixin.py:188} INFO - [2024-06-09T11:47:02.404-0300] {dagbag.py:545} INFO - Filling up the DagBag from /home/pedro/.local/lib/python3.10/site-packages/airflow/example_dags/tutorial_dag.py
[2024-06-09T11:47:02.411-0300] {processor.py:840} INFO - DAG(s) 'tutorial_dag' retrieved from /home/pedro/.local/lib/python3.10/site-packages/airflow/example_dags/tutorial_dag.py
[2024-06-09T11:47:02.420-0300] {logging_mixin.py:188} INFO - [2024-06-09T11:47:02.420-0300] {dag.py:3096} INFO - Sync 1 DAGs
[2024-06-09T11:47:02.426-0300] {logging_mixin.py:188} INFO - [2024-06-09T11:47:02.426-0300] {dag.py:3954} INFO - Setting next_dagrun for tutorial_dag to None, run_after=None
[2024-06-09T11:47:02.441-0300] {processor.py:183} INFO - Processing /home/pedro/.local/lib/python3.10/site-packages/airflow/example_dags/tutorial_dag.py took 0.044 seconds
[2024-06-09T11:47:53.129-0300] {processor.py:161} INFO - Started process (PID=7439) to work on /home/pedro/.local/lib/python3.10/site-packages/airflow/example_dags/tutorial_dag.py
[2024-06-09T11:47:53.132-0300] {processor.py:830} INFO - Processing file /home/pedro/.local/lib/python3.10/site-packages/airflow/example_dags/tutorial_dag.py for tasks to queue
[2024-06-09T11:47:53.135-0300] {logging_mixin.py:188} INFO - [2024-06-09T11:47:53.134-0300] {dagbag.py:545} INFO - Filling up the DagBag from /home/pedro/.local/lib/python3.10/site-packages/airflow/example_dags/tutorial_dag.py
[2024-06-09T11:47:53.141-0300] {processor.py:840} INFO - DAG(s) 'tutorial_dag' retrieved from /home/pedro/.local/lib/python3.10/site-packages/airflow/example_dags/tutorial_dag.py
[2024-06-09T11:47:53.150-0300] {logging_mixin.py:188} INFO - [2024-06-09T11:47:53.150-0300] {dag.py:3096} INFO - Sync 1 DAGs
[2024-06-09T11:47:53.156-0300] {logging_mixin.py:188} INFO - [2024-06-09T11:47:53.156-0300] {dag.py:3954} INFO - Setting next_dagrun for tutorial_dag to None, run_after=None
[2024-06-09T11:47:53.171-0300] {processor.py:183} INFO - Processing /home/pedro/.local/lib/python3.10/site-packages/airflow/example_dags/tutorial_dag.py took 0.047 seconds
[2024-06-09T11:48:36.230-0300] {processor.py:161} INFO - Started process (PID=7514) to work on /home/pedro/.local/lib/python3.10/site-packages/airflow/example_dags/tutorial_dag.py
[2024-06-09T11:48:36.234-0300] {processor.py:830} INFO - Processing file /home/pedro/.local/lib/python3.10/site-packages/airflow/example_dags/tutorial_dag.py for tasks to queue
[2024-06-09T11:48:36.236-0300] {logging_mixin.py:188} INFO - [2024-06-09T11:48:36.235-0300] {dagbag.py:545} INFO - Filling up the DagBag from /home/pedro/.local/lib/python3.10/site-packages/airflow/example_dags/tutorial_dag.py
[2024-06-09T11:48:36.242-0300] {processor.py:840} INFO - DAG(s) 'tutorial_dag' retrieved from /home/pedro/.local/lib/python3.10/site-packages/airflow/example_dags/tutorial_dag.py
[2024-06-09T11:48:36.250-0300] {logging_mixin.py:188} INFO - [2024-06-09T11:48:36.250-0300] {dag.py:3096} INFO - Sync 1 DAGs
[2024-06-09T11:48:36.256-0300] {logging_mixin.py:188} INFO - [2024-06-09T11:48:36.256-0300] {dag.py:3954} INFO - Setting next_dagrun for tutorial_dag to None, run_after=None
[2024-06-09T11:48:36.270-0300] {processor.py:183} INFO - Processing /home/pedro/.local/lib/python3.10/site-packages/airflow/example_dags/tutorial_dag.py took 0.049 seconds
[2024-06-09T11:49:17.965-0300] {processor.py:161} INFO - Started process (PID=7770) to work on /home/pedro/.local/lib/python3.10/site-packages/airflow/example_dags/tutorial_dag.py
[2024-06-09T11:49:17.968-0300] {processor.py:830} INFO - Processing file /home/pedro/.local/lib/python3.10/site-packages/airflow/example_dags/tutorial_dag.py for tasks to queue
[2024-06-09T11:49:17.970-0300] {logging_mixin.py:188} INFO - [2024-06-09T11:49:17.969-0300] {dagbag.py:545} INFO - Filling up the DagBag from /home/pedro/.local/lib/python3.10/site-packages/airflow/example_dags/tutorial_dag.py
[2024-06-09T11:49:17.975-0300] {processor.py:840} INFO - DAG(s) 'tutorial_dag' retrieved from /home/pedro/.local/lib/python3.10/site-packages/airflow/example_dags/tutorial_dag.py
[2024-06-09T11:49:17.984-0300] {logging_mixin.py:188} INFO - [2024-06-09T11:49:17.984-0300] {dag.py:3096} INFO - Sync 1 DAGs
[2024-06-09T11:49:17.989-0300] {logging_mixin.py:188} INFO - [2024-06-09T11:49:17.989-0300] {dag.py:3954} INFO - Setting next_dagrun for tutorial_dag to None, run_after=None
[2024-06-09T11:49:18.003-0300] {processor.py:183} INFO - Processing /home/pedro/.local/lib/python3.10/site-packages/airflow/example_dags/tutorial_dag.py took 0.043 seconds
[2024-06-09T11:50:00.448-0300] {processor.py:161} INFO - Started process (PID=7947) to work on /home/pedro/.local/lib/python3.10/site-packages/airflow/example_dags/tutorial_dag.py
[2024-06-09T11:50:00.451-0300] {processor.py:830} INFO - Processing file /home/pedro/.local/lib/python3.10/site-packages/airflow/example_dags/tutorial_dag.py for tasks to queue
[2024-06-09T11:50:00.453-0300] {logging_mixin.py:188} INFO - [2024-06-09T11:50:00.452-0300] {dagbag.py:545} INFO - Filling up the DagBag from /home/pedro/.local/lib/python3.10/site-packages/airflow/example_dags/tutorial_dag.py
[2024-06-09T11:50:00.458-0300] {processor.py:840} INFO - DAG(s) 'tutorial_dag' retrieved from /home/pedro/.local/lib/python3.10/site-packages/airflow/example_dags/tutorial_dag.py
[2024-06-09T11:50:00.467-0300] {logging_mixin.py:188} INFO - [2024-06-09T11:50:00.466-0300] {dag.py:3096} INFO - Sync 1 DAGs
[2024-06-09T11:50:00.473-0300] {logging_mixin.py:188} INFO - [2024-06-09T11:50:00.473-0300] {dag.py:3954} INFO - Setting next_dagrun for tutorial_dag to None, run_after=None
[2024-06-09T11:50:00.489-0300] {processor.py:183} INFO - Processing /home/pedro/.local/lib/python3.10/site-packages/airflow/example_dags/tutorial_dag.py took 0.049 seconds
[2024-06-09T11:50:46.841-0300] {processor.py:161} INFO - Started process (PID=8074) to work on /home/pedro/.local/lib/python3.10/site-packages/airflow/example_dags/tutorial_dag.py
[2024-06-09T11:50:46.845-0300] {processor.py:830} INFO - Processing file /home/pedro/.local/lib/python3.10/site-packages/airflow/example_dags/tutorial_dag.py for tasks to queue
[2024-06-09T11:50:46.847-0300] {logging_mixin.py:188} INFO - [2024-06-09T11:50:46.847-0300] {dagbag.py:545} INFO - Filling up the DagBag from /home/pedro/.local/lib/python3.10/site-packages/airflow/example_dags/tutorial_dag.py
[2024-06-09T11:50:46.853-0300] {processor.py:840} INFO - DAG(s) 'tutorial_dag' retrieved from /home/pedro/.local/lib/python3.10/site-packages/airflow/example_dags/tutorial_dag.py
[2024-06-09T11:50:46.862-0300] {logging_mixin.py:188} INFO - [2024-06-09T11:50:46.862-0300] {dag.py:3096} INFO - Sync 1 DAGs
[2024-06-09T11:50:46.868-0300] {logging_mixin.py:188} INFO - [2024-06-09T11:50:46.868-0300] {dag.py:3954} INFO - Setting next_dagrun for tutorial_dag to None, run_after=None
[2024-06-09T11:50:46.883-0300] {processor.py:183} INFO - Processing /home/pedro/.local/lib/python3.10/site-packages/airflow/example_dags/tutorial_dag.py took 0.048 seconds
[2024-06-09T11:51:33.113-0300] {processor.py:161} INFO - Started process (PID=8235) to work on /home/pedro/.local/lib/python3.10/site-packages/airflow/example_dags/tutorial_dag.py
[2024-06-09T11:51:33.117-0300] {processor.py:830} INFO - Processing file /home/pedro/.local/lib/python3.10/site-packages/airflow/example_dags/tutorial_dag.py for tasks to queue
[2024-06-09T11:51:33.118-0300] {logging_mixin.py:188} INFO - [2024-06-09T11:51:33.118-0300] {dagbag.py:545} INFO - Filling up the DagBag from /home/pedro/.local/lib/python3.10/site-packages/airflow/example_dags/tutorial_dag.py
[2024-06-09T11:51:33.123-0300] {processor.py:840} INFO - DAG(s) 'tutorial_dag' retrieved from /home/pedro/.local/lib/python3.10/site-packages/airflow/example_dags/tutorial_dag.py
[2024-06-09T11:51:33.134-0300] {logging_mixin.py:188} INFO - [2024-06-09T11:51:33.134-0300] {dag.py:3096} INFO - Sync 1 DAGs
[2024-06-09T11:51:33.140-0300] {logging_mixin.py:188} INFO - [2024-06-09T11:51:33.140-0300] {dag.py:3954} INFO - Setting next_dagrun for tutorial_dag to None, run_after=None
[2024-06-09T11:51:33.159-0300] {processor.py:183} INFO - Processing /home/pedro/.local/lib/python3.10/site-packages/airflow/example_dags/tutorial_dag.py took 0.054 seconds
[2024-06-09T11:52:16.229-0300] {processor.py:161} INFO - Started process (PID=8338) to work on /home/pedro/.local/lib/python3.10/site-packages/airflow/example_dags/tutorial_dag.py
[2024-06-09T11:52:16.232-0300] {processor.py:830} INFO - Processing file /home/pedro/.local/lib/python3.10/site-packages/airflow/example_dags/tutorial_dag.py for tasks to queue
[2024-06-09T11:52:16.233-0300] {logging_mixin.py:188} INFO - [2024-06-09T11:52:16.233-0300] {dagbag.py:545} INFO - Filling up the DagBag from /home/pedro/.local/lib/python3.10/site-packages/airflow/example_dags/tutorial_dag.py
[2024-06-09T11:52:16.238-0300] {processor.py:840} INFO - DAG(s) 'tutorial_dag' retrieved from /home/pedro/.local/lib/python3.10/site-packages/airflow/example_dags/tutorial_dag.py
[2024-06-09T11:52:16.246-0300] {logging_mixin.py:188} INFO - [2024-06-09T11:52:16.246-0300] {dag.py:3096} INFO - Sync 1 DAGs
[2024-06-09T11:52:16.254-0300] {logging_mixin.py:188} INFO - [2024-06-09T11:52:16.254-0300] {dag.py:3954} INFO - Setting next_dagrun for tutorial_dag to None, run_after=None
[2024-06-09T11:52:16.269-0300] {processor.py:183} INFO - Processing /home/pedro/.local/lib/python3.10/site-packages/airflow/example_dags/tutorial_dag.py took 0.044 seconds
[2024-06-09T11:52:56.680-0300] {processor.py:161} INFO - Started process (PID=8438) to work on /home/pedro/.local/lib/python3.10/site-packages/airflow/example_dags/tutorial_dag.py
[2024-06-09T11:52:56.681-0300] {processor.py:830} INFO - Processing file /home/pedro/.local/lib/python3.10/site-packages/airflow/example_dags/tutorial_dag.py for tasks to queue
[2024-06-09T11:52:56.682-0300] {logging_mixin.py:188} INFO - [2024-06-09T11:52:56.682-0300] {dagbag.py:545} INFO - Filling up the DagBag from /home/pedro/.local/lib/python3.10/site-packages/airflow/example_dags/tutorial_dag.py
[2024-06-09T11:52:56.687-0300] {processor.py:840} INFO - DAG(s) 'tutorial_dag' retrieved from /home/pedro/.local/lib/python3.10/site-packages/airflow/example_dags/tutorial_dag.py
[2024-06-09T11:52:56.695-0300] {logging_mixin.py:188} INFO - [2024-06-09T11:52:56.695-0300] {dag.py:3096} INFO - Sync 1 DAGs
[2024-06-09T11:52:56.701-0300] {logging_mixin.py:188} INFO - [2024-06-09T11:52:56.701-0300] {dag.py:3954} INFO - Setting next_dagrun for tutorial_dag to None, run_after=None
[2024-06-09T11:52:56.714-0300] {processor.py:183} INFO - Processing /home/pedro/.local/lib/python3.10/site-packages/airflow/example_dags/tutorial_dag.py took 0.038 seconds
[2024-06-09T11:53:36.737-0300] {processor.py:161} INFO - Started process (PID=8527) to work on /home/pedro/.local/lib/python3.10/site-packages/airflow/example_dags/tutorial_dag.py
[2024-06-09T11:53:36.741-0300] {processor.py:830} INFO - Processing file /home/pedro/.local/lib/python3.10/site-packages/airflow/example_dags/tutorial_dag.py for tasks to queue
[2024-06-09T11:53:36.743-0300] {logging_mixin.py:188} INFO - [2024-06-09T11:53:36.742-0300] {dagbag.py:545} INFO - Filling up the DagBag from /home/pedro/.local/lib/python3.10/site-packages/airflow/example_dags/tutorial_dag.py
[2024-06-09T11:53:36.750-0300] {processor.py:840} INFO - DAG(s) 'tutorial_dag' retrieved from /home/pedro/.local/lib/python3.10/site-packages/airflow/example_dags/tutorial_dag.py
[2024-06-09T11:53:36.759-0300] {logging_mixin.py:188} INFO - [2024-06-09T11:53:36.759-0300] {dag.py:3096} INFO - Sync 1 DAGs
[2024-06-09T11:53:36.764-0300] {logging_mixin.py:188} INFO - [2024-06-09T11:53:36.764-0300] {dag.py:3954} INFO - Setting next_dagrun for tutorial_dag to None, run_after=None
[2024-06-09T11:53:36.779-0300] {processor.py:183} INFO - Processing /home/pedro/.local/lib/python3.10/site-packages/airflow/example_dags/tutorial_dag.py took 0.047 seconds
[2024-06-09T11:54:17.955-0300] {processor.py:161} INFO - Started process (PID=8616) to work on /home/pedro/.local/lib/python3.10/site-packages/airflow/example_dags/tutorial_dag.py
[2024-06-09T11:54:17.958-0300] {processor.py:830} INFO - Processing file /home/pedro/.local/lib/python3.10/site-packages/airflow/example_dags/tutorial_dag.py for tasks to queue
[2024-06-09T11:54:17.960-0300] {logging_mixin.py:188} INFO - [2024-06-09T11:54:17.960-0300] {dagbag.py:545} INFO - Filling up the DagBag from /home/pedro/.local/lib/python3.10/site-packages/airflow/example_dags/tutorial_dag.py
[2024-06-09T11:54:17.965-0300] {processor.py:840} INFO - DAG(s) 'tutorial_dag' retrieved from /home/pedro/.local/lib/python3.10/site-packages/airflow/example_dags/tutorial_dag.py
[2024-06-09T11:54:17.974-0300] {logging_mixin.py:188} INFO - [2024-06-09T11:54:17.974-0300] {dag.py:3096} INFO - Sync 1 DAGs
[2024-06-09T11:54:17.980-0300] {logging_mixin.py:188} INFO - [2024-06-09T11:54:17.979-0300] {dag.py:3954} INFO - Setting next_dagrun for tutorial_dag to None, run_after=None
[2024-06-09T11:54:17.994-0300] {processor.py:183} INFO - Processing /home/pedro/.local/lib/python3.10/site-packages/airflow/example_dags/tutorial_dag.py took 0.048 seconds
[2024-06-09T11:54:58.936-0300] {processor.py:161} INFO - Started process (PID=8675) to work on /home/pedro/.local/lib/python3.10/site-packages/airflow/example_dags/tutorial_dag.py
[2024-06-09T11:54:58.939-0300] {processor.py:830} INFO - Processing file /home/pedro/.local/lib/python3.10/site-packages/airflow/example_dags/tutorial_dag.py for tasks to queue
[2024-06-09T11:54:58.941-0300] {logging_mixin.py:188} INFO - [2024-06-09T11:54:58.941-0300] {dagbag.py:545} INFO - Filling up the DagBag from /home/pedro/.local/lib/python3.10/site-packages/airflow/example_dags/tutorial_dag.py
[2024-06-09T11:54:58.946-0300] {processor.py:840} INFO - DAG(s) 'tutorial_dag' retrieved from /home/pedro/.local/lib/python3.10/site-packages/airflow/example_dags/tutorial_dag.py
[2024-06-09T11:54:58.955-0300] {logging_mixin.py:188} INFO - [2024-06-09T11:54:58.955-0300] {dag.py:3096} INFO - Sync 1 DAGs
[2024-06-09T11:54:58.960-0300] {logging_mixin.py:188} INFO - [2024-06-09T11:54:58.960-0300] {dag.py:3954} INFO - Setting next_dagrun for tutorial_dag to None, run_after=None
[2024-06-09T11:54:58.976-0300] {processor.py:183} INFO - Processing /home/pedro/.local/lib/python3.10/site-packages/airflow/example_dags/tutorial_dag.py took 0.049 seconds
[2024-06-09T11:55:38.429-0300] {processor.py:161} INFO - Started process (PID=8819) to work on /home/pedro/.local/lib/python3.10/site-packages/airflow/example_dags/tutorial_dag.py
[2024-06-09T11:55:38.433-0300] {processor.py:830} INFO - Processing file /home/pedro/.local/lib/python3.10/site-packages/airflow/example_dags/tutorial_dag.py for tasks to queue
[2024-06-09T11:55:38.434-0300] {logging_mixin.py:188} INFO - [2024-06-09T11:55:38.434-0300] {dagbag.py:545} INFO - Filling up the DagBag from /home/pedro/.local/lib/python3.10/site-packages/airflow/example_dags/tutorial_dag.py
[2024-06-09T11:55:38.440-0300] {processor.py:840} INFO - DAG(s) 'tutorial_dag' retrieved from /home/pedro/.local/lib/python3.10/site-packages/airflow/example_dags/tutorial_dag.py
[2024-06-09T11:55:38.449-0300] {logging_mixin.py:188} INFO - [2024-06-09T11:55:38.448-0300] {dag.py:3096} INFO - Sync 1 DAGs
[2024-06-09T11:55:38.455-0300] {logging_mixin.py:188} INFO - [2024-06-09T11:55:38.455-0300] {dag.py:3954} INFO - Setting next_dagrun for tutorial_dag to None, run_after=None
[2024-06-09T11:55:38.468-0300] {processor.py:183} INFO - Processing /home/pedro/.local/lib/python3.10/site-packages/airflow/example_dags/tutorial_dag.py took 0.043 seconds
[2024-06-09T11:57:48.166-0300] {processor.py:161} INFO - Started process (PID=9681) to work on /home/pedro/.local/lib/python3.10/site-packages/airflow/example_dags/tutorial_dag.py
[2024-06-09T11:57:48.169-0300] {processor.py:830} INFO - Processing file /home/pedro/.local/lib/python3.10/site-packages/airflow/example_dags/tutorial_dag.py for tasks to queue
[2024-06-09T11:57:48.170-0300] {logging_mixin.py:188} INFO - [2024-06-09T11:57:48.170-0300] {dagbag.py:545} INFO - Filling up the DagBag from /home/pedro/.local/lib/python3.10/site-packages/airflow/example_dags/tutorial_dag.py
[2024-06-09T11:57:48.175-0300] {processor.py:840} INFO - DAG(s) 'tutorial_dag' retrieved from /home/pedro/.local/lib/python3.10/site-packages/airflow/example_dags/tutorial_dag.py
[2024-06-09T11:57:48.188-0300] {logging_mixin.py:188} INFO - [2024-06-09T11:57:48.187-0300] {dag.py:3096} INFO - Sync 1 DAGs
[2024-06-09T11:57:48.195-0300] {logging_mixin.py:188} INFO - [2024-06-09T11:57:48.195-0300] {dag.py:3954} INFO - Setting next_dagrun for tutorial_dag to None, run_after=None
[2024-06-09T11:57:48.211-0300] {processor.py:183} INFO - Processing /home/pedro/.local/lib/python3.10/site-packages/airflow/example_dags/tutorial_dag.py took 0.049 seconds
[2024-06-09T11:59:16.214-0300] {processor.py:161} INFO - Started process (PID=10651) to work on /home/pedro/.local/lib/python3.10/site-packages/airflow/example_dags/tutorial_dag.py
[2024-06-09T11:59:16.217-0300] {processor.py:830} INFO - Processing file /home/pedro/.local/lib/python3.10/site-packages/airflow/example_dags/tutorial_dag.py for tasks to queue
[2024-06-09T11:59:16.218-0300] {logging_mixin.py:188} INFO - [2024-06-09T11:59:16.218-0300] {dagbag.py:545} INFO - Filling up the DagBag from /home/pedro/.local/lib/python3.10/site-packages/airflow/example_dags/tutorial_dag.py
[2024-06-09T11:59:16.224-0300] {processor.py:840} INFO - DAG(s) 'tutorial_dag' retrieved from /home/pedro/.local/lib/python3.10/site-packages/airflow/example_dags/tutorial_dag.py
[2024-06-09T11:59:16.238-0300] {logging_mixin.py:188} INFO - [2024-06-09T11:59:16.238-0300] {dag.py:3096} INFO - Sync 1 DAGs
[2024-06-09T11:59:16.246-0300] {logging_mixin.py:188} INFO - [2024-06-09T11:59:16.246-0300] {dag.py:3954} INFO - Setting next_dagrun for tutorial_dag to None, run_after=None
[2024-06-09T11:59:16.264-0300] {processor.py:183} INFO - Processing /home/pedro/.local/lib/python3.10/site-packages/airflow/example_dags/tutorial_dag.py took 0.060 seconds
[2024-06-09T12:00:05.978-0300] {processor.py:161} INFO - Started process (PID=10795) to work on /home/pedro/.local/lib/python3.10/site-packages/airflow/example_dags/tutorial_dag.py
[2024-06-09T12:00:05.981-0300] {processor.py:830} INFO - Processing file /home/pedro/.local/lib/python3.10/site-packages/airflow/example_dags/tutorial_dag.py for tasks to queue
[2024-06-09T12:00:05.983-0300] {logging_mixin.py:188} INFO - [2024-06-09T12:00:05.982-0300] {dagbag.py:545} INFO - Filling up the DagBag from /home/pedro/.local/lib/python3.10/site-packages/airflow/example_dags/tutorial_dag.py
[2024-06-09T12:00:05.989-0300] {processor.py:840} INFO - DAG(s) 'tutorial_dag' retrieved from /home/pedro/.local/lib/python3.10/site-packages/airflow/example_dags/tutorial_dag.py
[2024-06-09T12:00:05.999-0300] {logging_mixin.py:188} INFO - [2024-06-09T12:00:05.998-0300] {dag.py:3096} INFO - Sync 1 DAGs
[2024-06-09T12:00:06.057-0300] {logging_mixin.py:188} INFO - [2024-06-09T12:00:06.056-0300] {dag.py:3954} INFO - Setting next_dagrun for tutorial_dag to None, run_after=None
[2024-06-09T12:00:06.070-0300] {processor.py:183} INFO - Processing /home/pedro/.local/lib/python3.10/site-packages/airflow/example_dags/tutorial_dag.py took 0.097 seconds
[2024-06-09T12:00:51.554-0300] {processor.py:161} INFO - Started process (PID=10867) to work on /home/pedro/.local/lib/python3.10/site-packages/airflow/example_dags/tutorial_dag.py
[2024-06-09T12:00:51.557-0300] {processor.py:830} INFO - Processing file /home/pedro/.local/lib/python3.10/site-packages/airflow/example_dags/tutorial_dag.py for tasks to queue
[2024-06-09T12:00:51.559-0300] {logging_mixin.py:188} INFO - [2024-06-09T12:00:51.558-0300] {dagbag.py:545} INFO - Filling up the DagBag from /home/pedro/.local/lib/python3.10/site-packages/airflow/example_dags/tutorial_dag.py
[2024-06-09T12:00:51.564-0300] {processor.py:840} INFO - DAG(s) 'tutorial_dag' retrieved from /home/pedro/.local/lib/python3.10/site-packages/airflow/example_dags/tutorial_dag.py
[2024-06-09T12:00:51.572-0300] {logging_mixin.py:188} INFO - [2024-06-09T12:00:51.572-0300] {dag.py:3096} INFO - Sync 1 DAGs
[2024-06-09T12:00:51.579-0300] {logging_mixin.py:188} INFO - [2024-06-09T12:00:51.579-0300] {dag.py:3954} INFO - Setting next_dagrun for tutorial_dag to None, run_after=None
[2024-06-09T12:00:51.595-0300] {processor.py:183} INFO - Processing /home/pedro/.local/lib/python3.10/site-packages/airflow/example_dags/tutorial_dag.py took 0.050 seconds
[2024-06-09T12:01:42.703-0300] {processor.py:161} INFO - Started process (PID=11185) to work on /home/pedro/.local/lib/python3.10/site-packages/airflow/example_dags/tutorial_dag.py
[2024-06-09T12:01:42.706-0300] {processor.py:830} INFO - Processing file /home/pedro/.local/lib/python3.10/site-packages/airflow/example_dags/tutorial_dag.py for tasks to queue
[2024-06-09T12:01:42.707-0300] {logging_mixin.py:188} INFO - [2024-06-09T12:01:42.707-0300] {dagbag.py:545} INFO - Filling up the DagBag from /home/pedro/.local/lib/python3.10/site-packages/airflow/example_dags/tutorial_dag.py
[2024-06-09T12:01:42.711-0300] {processor.py:840} INFO - DAG(s) 'tutorial_dag' retrieved from /home/pedro/.local/lib/python3.10/site-packages/airflow/example_dags/tutorial_dag.py
[2024-06-09T12:01:42.722-0300] {logging_mixin.py:188} INFO - [2024-06-09T12:01:42.722-0300] {dag.py:3096} INFO - Sync 1 DAGs
[2024-06-09T12:01:42.729-0300] {logging_mixin.py:188} INFO - [2024-06-09T12:01:42.729-0300] {dag.py:3954} INFO - Setting next_dagrun for tutorial_dag to None, run_after=None
[2024-06-09T12:01:42.748-0300] {processor.py:183} INFO - Processing /home/pedro/.local/lib/python3.10/site-packages/airflow/example_dags/tutorial_dag.py took 0.050 seconds
[2024-06-09T12:02:28.146-0300] {processor.py:161} INFO - Started process (PID=11261) to work on /home/pedro/.local/lib/python3.10/site-packages/airflow/example_dags/tutorial_dag.py
[2024-06-09T12:02:28.150-0300] {processor.py:830} INFO - Processing file /home/pedro/.local/lib/python3.10/site-packages/airflow/example_dags/tutorial_dag.py for tasks to queue
[2024-06-09T12:02:28.152-0300] {logging_mixin.py:188} INFO - [2024-06-09T12:02:28.151-0300] {dagbag.py:545} INFO - Filling up the DagBag from /home/pedro/.local/lib/python3.10/site-packages/airflow/example_dags/tutorial_dag.py
[2024-06-09T12:02:28.158-0300] {processor.py:840} INFO - DAG(s) 'tutorial_dag' retrieved from /home/pedro/.local/lib/python3.10/site-packages/airflow/example_dags/tutorial_dag.py
[2024-06-09T12:02:28.166-0300] {logging_mixin.py:188} INFO - [2024-06-09T12:02:28.166-0300] {dag.py:3096} INFO - Sync 1 DAGs
[2024-06-09T12:02:28.172-0300] {logging_mixin.py:188} INFO - [2024-06-09T12:02:28.172-0300] {dag.py:3954} INFO - Setting next_dagrun for tutorial_dag to None, run_after=None
[2024-06-09T12:02:28.190-0300] {processor.py:183} INFO - Processing /home/pedro/.local/lib/python3.10/site-packages/airflow/example_dags/tutorial_dag.py took 0.050 seconds
[2024-06-09T12:03:12.188-0300] {processor.py:161} INFO - Started process (PID=11343) to work on /home/pedro/.local/lib/python3.10/site-packages/airflow/example_dags/tutorial_dag.py
[2024-06-09T12:03:12.192-0300] {processor.py:830} INFO - Processing file /home/pedro/.local/lib/python3.10/site-packages/airflow/example_dags/tutorial_dag.py for tasks to queue
[2024-06-09T12:03:12.194-0300] {logging_mixin.py:188} INFO - [2024-06-09T12:03:12.193-0300] {dagbag.py:545} INFO - Filling up the DagBag from /home/pedro/.local/lib/python3.10/site-packages/airflow/example_dags/tutorial_dag.py
[2024-06-09T12:03:12.200-0300] {processor.py:840} INFO - DAG(s) 'tutorial_dag' retrieved from /home/pedro/.local/lib/python3.10/site-packages/airflow/example_dags/tutorial_dag.py
[2024-06-09T12:03:12.210-0300] {logging_mixin.py:188} INFO - [2024-06-09T12:03:12.210-0300] {dag.py:3096} INFO - Sync 1 DAGs
[2024-06-09T12:03:12.216-0300] {logging_mixin.py:188} INFO - [2024-06-09T12:03:12.216-0300] {dag.py:3954} INFO - Setting next_dagrun for tutorial_dag to None, run_after=None
[2024-06-09T12:03:12.233-0300] {processor.py:183} INFO - Processing /home/pedro/.local/lib/python3.10/site-packages/airflow/example_dags/tutorial_dag.py took 0.054 seconds
[2024-06-09T12:03:53.285-0300] {processor.py:161} INFO - Started process (PID=11433) to work on /home/pedro/.local/lib/python3.10/site-packages/airflow/example_dags/tutorial_dag.py
[2024-06-09T12:03:53.288-0300] {processor.py:830} INFO - Processing file /home/pedro/.local/lib/python3.10/site-packages/airflow/example_dags/tutorial_dag.py for tasks to queue
[2024-06-09T12:03:53.290-0300] {logging_mixin.py:188} INFO - [2024-06-09T12:03:53.289-0300] {dagbag.py:545} INFO - Filling up the DagBag from /home/pedro/.local/lib/python3.10/site-packages/airflow/example_dags/tutorial_dag.py
[2024-06-09T12:03:53.295-0300] {processor.py:840} INFO - DAG(s) 'tutorial_dag' retrieved from /home/pedro/.local/lib/python3.10/site-packages/airflow/example_dags/tutorial_dag.py
[2024-06-09T12:03:53.304-0300] {logging_mixin.py:188} INFO - [2024-06-09T12:03:53.304-0300] {dag.py:3096} INFO - Sync 1 DAGs
[2024-06-09T12:03:53.311-0300] {logging_mixin.py:188} INFO - [2024-06-09T12:03:53.311-0300] {dag.py:3954} INFO - Setting next_dagrun for tutorial_dag to None, run_after=None
[2024-06-09T12:03:53.327-0300] {processor.py:183} INFO - Processing /home/pedro/.local/lib/python3.10/site-packages/airflow/example_dags/tutorial_dag.py took 0.045 seconds
[2024-06-09T12:04:35.677-0300] {processor.py:161} INFO - Started process (PID=11528) to work on /home/pedro/.local/lib/python3.10/site-packages/airflow/example_dags/tutorial_dag.py
[2024-06-09T12:04:35.681-0300] {processor.py:830} INFO - Processing file /home/pedro/.local/lib/python3.10/site-packages/airflow/example_dags/tutorial_dag.py for tasks to queue
[2024-06-09T12:04:35.683-0300] {logging_mixin.py:188} INFO - [2024-06-09T12:04:35.682-0300] {dagbag.py:545} INFO - Filling up the DagBag from /home/pedro/.local/lib/python3.10/site-packages/airflow/example_dags/tutorial_dag.py
[2024-06-09T12:04:35.688-0300] {processor.py:840} INFO - DAG(s) 'tutorial_dag' retrieved from /home/pedro/.local/lib/python3.10/site-packages/airflow/example_dags/tutorial_dag.py
[2024-06-09T12:04:35.698-0300] {logging_mixin.py:188} INFO - [2024-06-09T12:04:35.698-0300] {dag.py:3096} INFO - Sync 1 DAGs
[2024-06-09T12:04:35.705-0300] {logging_mixin.py:188} INFO - [2024-06-09T12:04:35.705-0300] {dag.py:3954} INFO - Setting next_dagrun for tutorial_dag to None, run_after=None
[2024-06-09T12:04:35.721-0300] {processor.py:183} INFO - Processing /home/pedro/.local/lib/python3.10/site-packages/airflow/example_dags/tutorial_dag.py took 0.051 seconds
[2024-06-09T12:05:18.156-0300] {processor.py:161} INFO - Started process (PID=11607) to work on /home/pedro/.local/lib/python3.10/site-packages/airflow/example_dags/tutorial_dag.py
[2024-06-09T12:05:18.160-0300] {processor.py:830} INFO - Processing file /home/pedro/.local/lib/python3.10/site-packages/airflow/example_dags/tutorial_dag.py for tasks to queue
[2024-06-09T12:05:18.161-0300] {logging_mixin.py:188} INFO - [2024-06-09T12:05:18.161-0300] {dagbag.py:545} INFO - Filling up the DagBag from /home/pedro/.local/lib/python3.10/site-packages/airflow/example_dags/tutorial_dag.py
[2024-06-09T12:05:18.167-0300] {processor.py:840} INFO - DAG(s) 'tutorial_dag' retrieved from /home/pedro/.local/lib/python3.10/site-packages/airflow/example_dags/tutorial_dag.py
[2024-06-09T12:05:18.176-0300] {logging_mixin.py:188} INFO - [2024-06-09T12:05:18.176-0300] {dag.py:3096} INFO - Sync 1 DAGs
[2024-06-09T12:05:18.182-0300] {logging_mixin.py:188} INFO - [2024-06-09T12:05:18.182-0300] {dag.py:3954} INFO - Setting next_dagrun for tutorial_dag to None, run_after=None
[2024-06-09T12:05:18.198-0300] {processor.py:183} INFO - Processing /home/pedro/.local/lib/python3.10/site-packages/airflow/example_dags/tutorial_dag.py took 0.051 seconds
[2024-06-09T12:06:01.001-0300] {processor.py:161} INFO - Started process (PID=11702) to work on /home/pedro/.local/lib/python3.10/site-packages/airflow/example_dags/tutorial_dag.py
[2024-06-09T12:06:01.004-0300] {processor.py:830} INFO - Processing file /home/pedro/.local/lib/python3.10/site-packages/airflow/example_dags/tutorial_dag.py for tasks to queue
[2024-06-09T12:06:01.006-0300] {logging_mixin.py:188} INFO - [2024-06-09T12:06:01.005-0300] {dagbag.py:545} INFO - Filling up the DagBag from /home/pedro/.local/lib/python3.10/site-packages/airflow/example_dags/tutorial_dag.py
[2024-06-09T12:06:01.012-0300] {processor.py:840} INFO - DAG(s) 'tutorial_dag' retrieved from /home/pedro/.local/lib/python3.10/site-packages/airflow/example_dags/tutorial_dag.py
[2024-06-09T12:06:01.022-0300] {logging_mixin.py:188} INFO - [2024-06-09T12:06:01.022-0300] {dag.py:3096} INFO - Sync 1 DAGs
[2024-06-09T12:06:01.028-0300] {logging_mixin.py:188} INFO - [2024-06-09T12:06:01.028-0300] {dag.py:3954} INFO - Setting next_dagrun for tutorial_dag to None, run_after=None
[2024-06-09T12:06:01.043-0300] {processor.py:183} INFO - Processing /home/pedro/.local/lib/python3.10/site-packages/airflow/example_dags/tutorial_dag.py took 0.045 seconds
[2024-06-09T12:06:38.216-0300] {processor.py:161} INFO - Started process (PID=12435) to work on /home/pedro/.local/lib/python3.10/site-packages/airflow/example_dags/tutorial_dag.py
[2024-06-09T12:06:38.220-0300] {processor.py:830} INFO - Processing file /home/pedro/.local/lib/python3.10/site-packages/airflow/example_dags/tutorial_dag.py for tasks to queue
[2024-06-09T12:06:38.222-0300] {logging_mixin.py:188} INFO - [2024-06-09T12:06:38.221-0300] {dagbag.py:545} INFO - Filling up the DagBag from /home/pedro/.local/lib/python3.10/site-packages/airflow/example_dags/tutorial_dag.py
[2024-06-09T12:06:38.229-0300] {processor.py:840} INFO - DAG(s) 'tutorial_dag' retrieved from /home/pedro/.local/lib/python3.10/site-packages/airflow/example_dags/tutorial_dag.py
[2024-06-09T12:06:38.241-0300] {logging_mixin.py:188} INFO - [2024-06-09T12:06:38.241-0300] {dag.py:3096} INFO - Sync 1 DAGs
[2024-06-09T12:06:38.247-0300] {logging_mixin.py:188} INFO - [2024-06-09T12:06:38.247-0300] {dag.py:3954} INFO - Setting next_dagrun for tutorial_dag to None, run_after=None
[2024-06-09T12:06:38.263-0300] {processor.py:183} INFO - Processing /home/pedro/.local/lib/python3.10/site-packages/airflow/example_dags/tutorial_dag.py took 0.052 seconds
[2024-06-09T12:07:32.535-0300] {processor.py:161} INFO - Started process (PID=12530) to work on /home/pedro/.local/lib/python3.10/site-packages/airflow/example_dags/tutorial_dag.py
[2024-06-09T12:07:32.538-0300] {processor.py:830} INFO - Processing file /home/pedro/.local/lib/python3.10/site-packages/airflow/example_dags/tutorial_dag.py for tasks to queue
[2024-06-09T12:07:32.540-0300] {logging_mixin.py:188} INFO - [2024-06-09T12:07:32.539-0300] {dagbag.py:545} INFO - Filling up the DagBag from /home/pedro/.local/lib/python3.10/site-packages/airflow/example_dags/tutorial_dag.py
[2024-06-09T12:07:32.546-0300] {processor.py:840} INFO - DAG(s) 'tutorial_dag' retrieved from /home/pedro/.local/lib/python3.10/site-packages/airflow/example_dags/tutorial_dag.py
[2024-06-09T12:07:32.555-0300] {logging_mixin.py:188} INFO - [2024-06-09T12:07:32.555-0300] {dag.py:3096} INFO - Sync 1 DAGs
[2024-06-09T12:07:32.620-0300] {logging_mixin.py:188} INFO - [2024-06-09T12:07:32.620-0300] {dag.py:3954} INFO - Setting next_dagrun for tutorial_dag to None, run_after=None
[2024-06-09T12:07:32.637-0300] {processor.py:183} INFO - Processing /home/pedro/.local/lib/python3.10/site-packages/airflow/example_dags/tutorial_dag.py took 0.105 seconds
[2024-06-09T12:08:22.921-0300] {processor.py:161} INFO - Started process (PID=12613) to work on /home/pedro/.local/lib/python3.10/site-packages/airflow/example_dags/tutorial_dag.py
[2024-06-09T12:08:22.922-0300] {processor.py:830} INFO - Processing file /home/pedro/.local/lib/python3.10/site-packages/airflow/example_dags/tutorial_dag.py for tasks to queue
[2024-06-09T12:08:22.925-0300] {logging_mixin.py:188} INFO - [2024-06-09T12:08:22.925-0300] {dagbag.py:545} INFO - Filling up the DagBag from /home/pedro/.local/lib/python3.10/site-packages/airflow/example_dags/tutorial_dag.py
[2024-06-09T12:08:22.929-0300] {processor.py:840} INFO - DAG(s) 'tutorial_dag' retrieved from /home/pedro/.local/lib/python3.10/site-packages/airflow/example_dags/tutorial_dag.py
[2024-06-09T12:08:22.938-0300] {logging_mixin.py:188} INFO - [2024-06-09T12:08:22.938-0300] {dag.py:3096} INFO - Sync 1 DAGs
[2024-06-09T12:08:22.944-0300] {logging_mixin.py:188} INFO - [2024-06-09T12:08:22.944-0300] {dag.py:3954} INFO - Setting next_dagrun for tutorial_dag to None, run_after=None
[2024-06-09T12:08:22.960-0300] {processor.py:183} INFO - Processing /home/pedro/.local/lib/python3.10/site-packages/airflow/example_dags/tutorial_dag.py took 0.048 seconds
[2024-06-09T12:09:07.199-0300] {processor.py:161} INFO - Started process (PID=12711) to work on /home/pedro/.local/lib/python3.10/site-packages/airflow/example_dags/tutorial_dag.py
[2024-06-09T12:09:07.203-0300] {processor.py:830} INFO - Processing file /home/pedro/.local/lib/python3.10/site-packages/airflow/example_dags/tutorial_dag.py for tasks to queue
[2024-06-09T12:09:07.206-0300] {logging_mixin.py:188} INFO - [2024-06-09T12:09:07.206-0300] {dagbag.py:545} INFO - Filling up the DagBag from /home/pedro/.local/lib/python3.10/site-packages/airflow/example_dags/tutorial_dag.py
[2024-06-09T12:09:07.211-0300] {processor.py:840} INFO - DAG(s) 'tutorial_dag' retrieved from /home/pedro/.local/lib/python3.10/site-packages/airflow/example_dags/tutorial_dag.py
[2024-06-09T12:09:07.220-0300] {logging_mixin.py:188} INFO - [2024-06-09T12:09:07.220-0300] {dag.py:3096} INFO - Sync 1 DAGs
[2024-06-09T12:09:07.226-0300] {logging_mixin.py:188} INFO - [2024-06-09T12:09:07.226-0300] {dag.py:3954} INFO - Setting next_dagrun for tutorial_dag to None, run_after=None
[2024-06-09T12:09:07.242-0300] {processor.py:183} INFO - Processing /home/pedro/.local/lib/python3.10/site-packages/airflow/example_dags/tutorial_dag.py took 0.051 seconds
[2024-06-09T12:09:48.002-0300] {processor.py:161} INFO - Started process (PID=12786) to work on /home/pedro/.local/lib/python3.10/site-packages/airflow/example_dags/tutorial_dag.py
[2024-06-09T12:09:48.005-0300] {processor.py:830} INFO - Processing file /home/pedro/.local/lib/python3.10/site-packages/airflow/example_dags/tutorial_dag.py for tasks to queue
[2024-06-09T12:09:48.008-0300] {logging_mixin.py:188} INFO - [2024-06-09T12:09:48.008-0300] {dagbag.py:545} INFO - Filling up the DagBag from /home/pedro/.local/lib/python3.10/site-packages/airflow/example_dags/tutorial_dag.py
[2024-06-09T12:09:48.014-0300] {processor.py:840} INFO - DAG(s) 'tutorial_dag' retrieved from /home/pedro/.local/lib/python3.10/site-packages/airflow/example_dags/tutorial_dag.py
[2024-06-09T12:09:48.022-0300] {logging_mixin.py:188} INFO - [2024-06-09T12:09:48.022-0300] {dag.py:3096} INFO - Sync 1 DAGs
[2024-06-09T12:09:48.029-0300] {logging_mixin.py:188} INFO - [2024-06-09T12:09:48.029-0300] {dag.py:3954} INFO - Setting next_dagrun for tutorial_dag to None, run_after=None
[2024-06-09T12:09:48.046-0300] {processor.py:183} INFO - Processing /home/pedro/.local/lib/python3.10/site-packages/airflow/example_dags/tutorial_dag.py took 0.054 seconds
[2024-06-09T12:10:29.873-0300] {processor.py:161} INFO - Started process (PID=12852) to work on /home/pedro/.local/lib/python3.10/site-packages/airflow/example_dags/tutorial_dag.py
[2024-06-09T12:10:29.877-0300] {processor.py:830} INFO - Processing file /home/pedro/.local/lib/python3.10/site-packages/airflow/example_dags/tutorial_dag.py for tasks to queue
[2024-06-09T12:10:29.879-0300] {logging_mixin.py:188} INFO - [2024-06-09T12:10:29.878-0300] {dagbag.py:545} INFO - Filling up the DagBag from /home/pedro/.local/lib/python3.10/site-packages/airflow/example_dags/tutorial_dag.py
[2024-06-09T12:10:29.883-0300] {processor.py:840} INFO - DAG(s) 'tutorial_dag' retrieved from /home/pedro/.local/lib/python3.10/site-packages/airflow/example_dags/tutorial_dag.py
[2024-06-09T12:10:29.893-0300] {logging_mixin.py:188} INFO - [2024-06-09T12:10:29.893-0300] {dag.py:3096} INFO - Sync 1 DAGs
[2024-06-09T12:10:29.899-0300] {logging_mixin.py:188} INFO - [2024-06-09T12:10:29.899-0300] {dag.py:3954} INFO - Setting next_dagrun for tutorial_dag to None, run_after=None
[2024-06-09T12:10:29.915-0300] {processor.py:183} INFO - Processing /home/pedro/.local/lib/python3.10/site-packages/airflow/example_dags/tutorial_dag.py took 0.051 seconds
[2024-06-09T12:11:13.036-0300] {processor.py:161} INFO - Started process (PID=12964) to work on /home/pedro/.local/lib/python3.10/site-packages/airflow/example_dags/tutorial_dag.py
[2024-06-09T12:11:13.039-0300] {processor.py:830} INFO - Processing file /home/pedro/.local/lib/python3.10/site-packages/airflow/example_dags/tutorial_dag.py for tasks to queue
[2024-06-09T12:11:13.042-0300] {logging_mixin.py:188} INFO - [2024-06-09T12:11:13.041-0300] {dagbag.py:545} INFO - Filling up the DagBag from /home/pedro/.local/lib/python3.10/site-packages/airflow/example_dags/tutorial_dag.py
[2024-06-09T12:11:13.046-0300] {processor.py:840} INFO - DAG(s) 'tutorial_dag' retrieved from /home/pedro/.local/lib/python3.10/site-packages/airflow/example_dags/tutorial_dag.py
[2024-06-09T12:11:13.056-0300] {logging_mixin.py:188} INFO - [2024-06-09T12:11:13.056-0300] {dag.py:3096} INFO - Sync 1 DAGs
[2024-06-09T12:11:13.062-0300] {logging_mixin.py:188} INFO - [2024-06-09T12:11:13.062-0300] {dag.py:3954} INFO - Setting next_dagrun for tutorial_dag to None, run_after=None
[2024-06-09T12:11:13.077-0300] {processor.py:183} INFO - Processing /home/pedro/.local/lib/python3.10/site-packages/airflow/example_dags/tutorial_dag.py took 0.051 seconds
[2024-06-09T12:11:54.013-0300] {processor.py:161} INFO - Started process (PID=13000) to work on /home/pedro/.local/lib/python3.10/site-packages/airflow/example_dags/tutorial_dag.py
[2024-06-09T12:11:54.017-0300] {processor.py:830} INFO - Processing file /home/pedro/.local/lib/python3.10/site-packages/airflow/example_dags/tutorial_dag.py for tasks to queue
[2024-06-09T12:11:54.019-0300] {logging_mixin.py:188} INFO - [2024-06-09T12:11:54.018-0300] {dagbag.py:545} INFO - Filling up the DagBag from /home/pedro/.local/lib/python3.10/site-packages/airflow/example_dags/tutorial_dag.py
[2024-06-09T12:11:54.025-0300] {processor.py:840} INFO - DAG(s) 'tutorial_dag' retrieved from /home/pedro/.local/lib/python3.10/site-packages/airflow/example_dags/tutorial_dag.py
[2024-06-09T12:11:54.038-0300] {logging_mixin.py:188} INFO - [2024-06-09T12:11:54.038-0300] {dag.py:3096} INFO - Sync 1 DAGs
[2024-06-09T12:11:54.044-0300] {logging_mixin.py:188} INFO - [2024-06-09T12:11:54.044-0300] {dag.py:3954} INFO - Setting next_dagrun for tutorial_dag to None, run_after=None
[2024-06-09T12:11:54.061-0300] {processor.py:183} INFO - Processing /home/pedro/.local/lib/python3.10/site-packages/airflow/example_dags/tutorial_dag.py took 0.056 seconds
[2024-06-09T12:12:46.279-0300] {processor.py:161} INFO - Started process (PID=13095) to work on /home/pedro/.local/lib/python3.10/site-packages/airflow/example_dags/tutorial_dag.py
[2024-06-09T12:12:46.282-0300] {processor.py:830} INFO - Processing file /home/pedro/.local/lib/python3.10/site-packages/airflow/example_dags/tutorial_dag.py for tasks to queue
[2024-06-09T12:12:46.284-0300] {logging_mixin.py:188} INFO - [2024-06-09T12:12:46.284-0300] {dagbag.py:545} INFO - Filling up the DagBag from /home/pedro/.local/lib/python3.10/site-packages/airflow/example_dags/tutorial_dag.py
[2024-06-09T12:12:46.290-0300] {processor.py:840} INFO - DAG(s) 'tutorial_dag' retrieved from /home/pedro/.local/lib/python3.10/site-packages/airflow/example_dags/tutorial_dag.py
[2024-06-09T12:12:46.298-0300] {logging_mixin.py:188} INFO - [2024-06-09T12:12:46.298-0300] {dag.py:3096} INFO - Sync 1 DAGs
[2024-06-09T12:12:46.374-0300] {logging_mixin.py:188} INFO - [2024-06-09T12:12:46.374-0300] {dag.py:3954} INFO - Setting next_dagrun for tutorial_dag to None, run_after=None
[2024-06-09T12:12:46.391-0300] {processor.py:183} INFO - Processing /home/pedro/.local/lib/python3.10/site-packages/airflow/example_dags/tutorial_dag.py took 0.120 seconds
[2024-06-09T12:13:33.251-0300] {processor.py:161} INFO - Started process (PID=13159) to work on /home/pedro/.local/lib/python3.10/site-packages/airflow/example_dags/tutorial_dag.py
[2024-06-09T12:13:33.254-0300] {processor.py:830} INFO - Processing file /home/pedro/.local/lib/python3.10/site-packages/airflow/example_dags/tutorial_dag.py for tasks to queue
[2024-06-09T12:13:33.256-0300] {logging_mixin.py:188} INFO - [2024-06-09T12:13:33.256-0300] {dagbag.py:545} INFO - Filling up the DagBag from /home/pedro/.local/lib/python3.10/site-packages/airflow/example_dags/tutorial_dag.py
[2024-06-09T12:13:33.261-0300] {processor.py:840} INFO - DAG(s) 'tutorial_dag' retrieved from /home/pedro/.local/lib/python3.10/site-packages/airflow/example_dags/tutorial_dag.py
[2024-06-09T12:13:33.272-0300] {logging_mixin.py:188} INFO - [2024-06-09T12:13:33.272-0300] {dag.py:3096} INFO - Sync 1 DAGs
[2024-06-09T12:13:33.278-0300] {logging_mixin.py:188} INFO - [2024-06-09T12:13:33.278-0300] {dag.py:3954} INFO - Setting next_dagrun for tutorial_dag to None, run_after=None
[2024-06-09T12:13:33.297-0300] {processor.py:183} INFO - Processing /home/pedro/.local/lib/python3.10/site-packages/airflow/example_dags/tutorial_dag.py took 0.054 seconds
[2024-06-09T12:14:17.906-0300] {processor.py:161} INFO - Started process (PID=13221) to work on /home/pedro/.local/lib/python3.10/site-packages/airflow/example_dags/tutorial_dag.py
[2024-06-09T12:14:17.910-0300] {processor.py:830} INFO - Processing file /home/pedro/.local/lib/python3.10/site-packages/airflow/example_dags/tutorial_dag.py for tasks to queue
[2024-06-09T12:14:17.912-0300] {logging_mixin.py:188} INFO - [2024-06-09T12:14:17.912-0300] {dagbag.py:545} INFO - Filling up the DagBag from /home/pedro/.local/lib/python3.10/site-packages/airflow/example_dags/tutorial_dag.py
[2024-06-09T12:14:17.916-0300] {processor.py:840} INFO - DAG(s) 'tutorial_dag' retrieved from /home/pedro/.local/lib/python3.10/site-packages/airflow/example_dags/tutorial_dag.py
[2024-06-09T12:14:17.925-0300] {logging_mixin.py:188} INFO - [2024-06-09T12:14:17.925-0300] {dag.py:3096} INFO - Sync 1 DAGs
[2024-06-09T12:14:17.933-0300] {logging_mixin.py:188} INFO - [2024-06-09T12:14:17.932-0300] {dag.py:3954} INFO - Setting next_dagrun for tutorial_dag to None, run_after=None
[2024-06-09T12:14:17.947-0300] {processor.py:183} INFO - Processing /home/pedro/.local/lib/python3.10/site-packages/airflow/example_dags/tutorial_dag.py took 0.051 seconds
[2024-06-09T12:15:07.167-0300] {processor.py:161} INFO - Started process (PID=13306) to work on /home/pedro/.local/lib/python3.10/site-packages/airflow/example_dags/tutorial_dag.py
[2024-06-09T12:15:07.170-0300] {processor.py:830} INFO - Processing file /home/pedro/.local/lib/python3.10/site-packages/airflow/example_dags/tutorial_dag.py for tasks to queue
[2024-06-09T12:15:07.172-0300] {logging_mixin.py:188} INFO - [2024-06-09T12:15:07.172-0300] {dagbag.py:545} INFO - Filling up the DagBag from /home/pedro/.local/lib/python3.10/site-packages/airflow/example_dags/tutorial_dag.py
[2024-06-09T12:15:07.179-0300] {processor.py:840} INFO - DAG(s) 'tutorial_dag' retrieved from /home/pedro/.local/lib/python3.10/site-packages/airflow/example_dags/tutorial_dag.py
[2024-06-09T12:15:07.190-0300] {logging_mixin.py:188} INFO - [2024-06-09T12:15:07.190-0300] {dag.py:3096} INFO - Sync 1 DAGs
[2024-06-09T12:15:07.196-0300] {logging_mixin.py:188} INFO - [2024-06-09T12:15:07.196-0300] {dag.py:3954} INFO - Setting next_dagrun for tutorial_dag to None, run_after=None
[2024-06-09T12:15:07.213-0300] {processor.py:183} INFO - Processing /home/pedro/.local/lib/python3.10/site-packages/airflow/example_dags/tutorial_dag.py took 0.056 seconds
[2024-06-09T12:19:54.156-0300] {processor.py:161} INFO - Started process (PID=13585) to work on /home/pedro/.local/lib/python3.10/site-packages/airflow/example_dags/tutorial_dag.py
[2024-06-09T12:19:54.160-0300] {processor.py:830} INFO - Processing file /home/pedro/.local/lib/python3.10/site-packages/airflow/example_dags/tutorial_dag.py for tasks to queue
[2024-06-09T12:19:54.162-0300] {logging_mixin.py:188} INFO - [2024-06-09T12:19:54.162-0300] {dagbag.py:545} INFO - Filling up the DagBag from /home/pedro/.local/lib/python3.10/site-packages/airflow/example_dags/tutorial_dag.py
[2024-06-09T12:19:54.169-0300] {processor.py:840} INFO - DAG(s) 'tutorial_dag' retrieved from /home/pedro/.local/lib/python3.10/site-packages/airflow/example_dags/tutorial_dag.py
[2024-06-09T12:19:54.182-0300] {logging_mixin.py:188} INFO - [2024-06-09T12:19:54.182-0300] {dag.py:3096} INFO - Sync 1 DAGs
[2024-06-09T12:19:54.190-0300] {logging_mixin.py:188} INFO - [2024-06-09T12:19:54.190-0300] {dag.py:3954} INFO - Setting next_dagrun for tutorial_dag to None, run_after=None
[2024-06-09T12:19:54.207-0300] {processor.py:183} INFO - Processing /home/pedro/.local/lib/python3.10/site-packages/airflow/example_dags/tutorial_dag.py took 0.060 seconds
[2024-06-09T12:20:45.323-0300] {processor.py:161} INFO - Started process (PID=13688) to work on /home/pedro/.local/lib/python3.10/site-packages/airflow/example_dags/tutorial_dag.py
[2024-06-09T12:20:45.327-0300] {processor.py:830} INFO - Processing file /home/pedro/.local/lib/python3.10/site-packages/airflow/example_dags/tutorial_dag.py for tasks to queue
[2024-06-09T12:20:45.328-0300] {logging_mixin.py:188} INFO - [2024-06-09T12:20:45.327-0300] {dagbag.py:545} INFO - Filling up the DagBag from /home/pedro/.local/lib/python3.10/site-packages/airflow/example_dags/tutorial_dag.py
[2024-06-09T12:20:45.332-0300] {processor.py:840} INFO - DAG(s) 'tutorial_dag' retrieved from /home/pedro/.local/lib/python3.10/site-packages/airflow/example_dags/tutorial_dag.py
[2024-06-09T12:20:45.342-0300] {logging_mixin.py:188} INFO - [2024-06-09T12:20:45.342-0300] {dag.py:3096} INFO - Sync 1 DAGs
[2024-06-09T12:20:45.412-0300] {logging_mixin.py:188} INFO - [2024-06-09T12:20:45.412-0300] {dag.py:3954} INFO - Setting next_dagrun for tutorial_dag to None, run_after=None
[2024-06-09T12:20:45.430-0300] {processor.py:183} INFO - Processing /home/pedro/.local/lib/python3.10/site-packages/airflow/example_dags/tutorial_dag.py took 0.112 seconds
[2024-06-09T12:21:30.122-0300] {processor.py:161} INFO - Started process (PID=13785) to work on /home/pedro/.local/lib/python3.10/site-packages/airflow/example_dags/tutorial_dag.py
[2024-06-09T12:21:30.125-0300] {processor.py:830} INFO - Processing file /home/pedro/.local/lib/python3.10/site-packages/airflow/example_dags/tutorial_dag.py for tasks to queue
[2024-06-09T12:21:30.128-0300] {logging_mixin.py:188} INFO - [2024-06-09T12:21:30.127-0300] {dagbag.py:545} INFO - Filling up the DagBag from /home/pedro/.local/lib/python3.10/site-packages/airflow/example_dags/tutorial_dag.py
[2024-06-09T12:21:30.134-0300] {processor.py:840} INFO - DAG(s) 'tutorial_dag' retrieved from /home/pedro/.local/lib/python3.10/site-packages/airflow/example_dags/tutorial_dag.py
[2024-06-09T12:21:30.143-0300] {logging_mixin.py:188} INFO - [2024-06-09T12:21:30.143-0300] {dag.py:3096} INFO - Sync 1 DAGs
[2024-06-09T12:21:30.148-0300] {logging_mixin.py:188} INFO - [2024-06-09T12:21:30.148-0300] {dag.py:3954} INFO - Setting next_dagrun for tutorial_dag to None, run_after=None
[2024-06-09T12:21:30.164-0300] {processor.py:183} INFO - Processing /home/pedro/.local/lib/python3.10/site-packages/airflow/example_dags/tutorial_dag.py took 0.045 seconds
[2024-06-09T12:22:19.655-0300] {processor.py:161} INFO - Started process (PID=13888) to work on /home/pedro/.local/lib/python3.10/site-packages/airflow/example_dags/tutorial_dag.py
[2024-06-09T12:22:19.659-0300] {processor.py:830} INFO - Processing file /home/pedro/.local/lib/python3.10/site-packages/airflow/example_dags/tutorial_dag.py for tasks to queue
[2024-06-09T12:22:19.661-0300] {logging_mixin.py:188} INFO - [2024-06-09T12:22:19.660-0300] {dagbag.py:545} INFO - Filling up the DagBag from /home/pedro/.local/lib/python3.10/site-packages/airflow/example_dags/tutorial_dag.py
[2024-06-09T12:22:19.667-0300] {processor.py:840} INFO - DAG(s) 'tutorial_dag' retrieved from /home/pedro/.local/lib/python3.10/site-packages/airflow/example_dags/tutorial_dag.py
[2024-06-09T12:22:19.677-0300] {logging_mixin.py:188} INFO - [2024-06-09T12:22:19.676-0300] {dag.py:3096} INFO - Sync 1 DAGs
[2024-06-09T12:22:19.682-0300] {logging_mixin.py:188} INFO - [2024-06-09T12:22:19.682-0300] {dag.py:3954} INFO - Setting next_dagrun for tutorial_dag to None, run_after=None
[2024-06-09T12:22:19.697-0300] {processor.py:183} INFO - Processing /home/pedro/.local/lib/python3.10/site-packages/airflow/example_dags/tutorial_dag.py took 0.046 seconds
[2024-06-09T12:23:02.121-0300] {processor.py:161} INFO - Started process (PID=13989) to work on /home/pedro/.local/lib/python3.10/site-packages/airflow/example_dags/tutorial_dag.py
[2024-06-09T12:23:02.125-0300] {processor.py:830} INFO - Processing file /home/pedro/.local/lib/python3.10/site-packages/airflow/example_dags/tutorial_dag.py for tasks to queue
[2024-06-09T12:23:02.127-0300] {logging_mixin.py:188} INFO - [2024-06-09T12:23:02.126-0300] {dagbag.py:545} INFO - Filling up the DagBag from /home/pedro/.local/lib/python3.10/site-packages/airflow/example_dags/tutorial_dag.py
[2024-06-09T12:23:02.133-0300] {processor.py:840} INFO - DAG(s) 'tutorial_dag' retrieved from /home/pedro/.local/lib/python3.10/site-packages/airflow/example_dags/tutorial_dag.py
[2024-06-09T12:23:02.143-0300] {logging_mixin.py:188} INFO - [2024-06-09T12:23:02.143-0300] {dag.py:3096} INFO - Sync 1 DAGs
[2024-06-09T12:23:02.149-0300] {logging_mixin.py:188} INFO - [2024-06-09T12:23:02.148-0300] {dag.py:3954} INFO - Setting next_dagrun for tutorial_dag to None, run_after=None
[2024-06-09T12:23:02.166-0300] {processor.py:183} INFO - Processing /home/pedro/.local/lib/python3.10/site-packages/airflow/example_dags/tutorial_dag.py took 0.049 seconds
[2024-06-09T12:23:44.139-0300] {processor.py:161} INFO - Started process (PID=14067) to work on /home/pedro/.local/lib/python3.10/site-packages/airflow/example_dags/tutorial_dag.py
[2024-06-09T12:23:44.142-0300] {processor.py:830} INFO - Processing file /home/pedro/.local/lib/python3.10/site-packages/airflow/example_dags/tutorial_dag.py for tasks to queue
[2024-06-09T12:23:44.144-0300] {logging_mixin.py:188} INFO - [2024-06-09T12:23:44.144-0300] {dagbag.py:545} INFO - Filling up the DagBag from /home/pedro/.local/lib/python3.10/site-packages/airflow/example_dags/tutorial_dag.py
[2024-06-09T12:23:44.151-0300] {processor.py:840} INFO - DAG(s) 'tutorial_dag' retrieved from /home/pedro/.local/lib/python3.10/site-packages/airflow/example_dags/tutorial_dag.py
[2024-06-09T12:23:44.160-0300] {logging_mixin.py:188} INFO - [2024-06-09T12:23:44.160-0300] {dag.py:3096} INFO - Sync 1 DAGs
[2024-06-09T12:23:44.166-0300] {logging_mixin.py:188} INFO - [2024-06-09T12:23:44.166-0300] {dag.py:3954} INFO - Setting next_dagrun for tutorial_dag to None, run_after=None
[2024-06-09T12:23:44.181-0300] {processor.py:183} INFO - Processing /home/pedro/.local/lib/python3.10/site-packages/airflow/example_dags/tutorial_dag.py took 0.047 seconds
[2024-06-09T16:26:11.657-0300] {processor.py:161} INFO - Started process (PID=4807) to work on /home/pedro/.local/lib/python3.10/site-packages/airflow/example_dags/tutorial_dag.py
[2024-06-09T16:26:11.658-0300] {processor.py:830} INFO - Processing file /home/pedro/.local/lib/python3.10/site-packages/airflow/example_dags/tutorial_dag.py for tasks to queue
[2024-06-09T16:26:11.659-0300] {logging_mixin.py:188} INFO - [2024-06-09T16:26:11.658-0300] {dagbag.py:545} INFO - Filling up the DagBag from /home/pedro/.local/lib/python3.10/site-packages/airflow/example_dags/tutorial_dag.py
[2024-06-09T16:26:11.664-0300] {processor.py:840} INFO - DAG(s) 'tutorial_dag' retrieved from /home/pedro/.local/lib/python3.10/site-packages/airflow/example_dags/tutorial_dag.py
[2024-06-09T16:26:11.678-0300] {logging_mixin.py:188} INFO - [2024-06-09T16:26:11.678-0300] {dag.py:3096} INFO - Sync 1 DAGs
[2024-06-09T16:26:11.686-0300] {logging_mixin.py:188} INFO - [2024-06-09T16:26:11.686-0300] {dag.py:3954} INFO - Setting next_dagrun for tutorial_dag to None, run_after=None
[2024-06-09T16:26:11.706-0300] {processor.py:183} INFO - Processing /home/pedro/.local/lib/python3.10/site-packages/airflow/example_dags/tutorial_dag.py took 0.053 seconds
[2024-06-09T16:28:17.282-0300] {processor.py:161} INFO - Started process (PID=5477) to work on /home/pedro/.local/lib/python3.10/site-packages/airflow/example_dags/tutorial_dag.py
[2024-06-09T16:28:17.285-0300] {processor.py:830} INFO - Processing file /home/pedro/.local/lib/python3.10/site-packages/airflow/example_dags/tutorial_dag.py for tasks to queue
[2024-06-09T16:28:17.286-0300] {logging_mixin.py:188} INFO - [2024-06-09T16:28:17.286-0300] {dagbag.py:545} INFO - Filling up the DagBag from /home/pedro/.local/lib/python3.10/site-packages/airflow/example_dags/tutorial_dag.py
[2024-06-09T16:28:17.291-0300] {processor.py:840} INFO - DAG(s) 'tutorial_dag' retrieved from /home/pedro/.local/lib/python3.10/site-packages/airflow/example_dags/tutorial_dag.py
[2024-06-09T16:28:17.300-0300] {logging_mixin.py:188} INFO - [2024-06-09T16:28:17.300-0300] {dag.py:3096} INFO - Sync 1 DAGs
[2024-06-09T16:28:17.360-0300] {logging_mixin.py:188} INFO - [2024-06-09T16:28:17.360-0300] {dag.py:3954} INFO - Setting next_dagrun for tutorial_dag to None, run_after=None
[2024-06-09T16:28:17.375-0300] {processor.py:183} INFO - Processing /home/pedro/.local/lib/python3.10/site-packages/airflow/example_dags/tutorial_dag.py took 0.095 seconds
[2024-06-09T16:30:30.723-0300] {processor.py:161} INFO - Started process (PID=7344) to work on /home/pedro/.local/lib/python3.10/site-packages/airflow/example_dags/tutorial_dag.py
[2024-06-09T16:30:30.726-0300] {processor.py:830} INFO - Processing file /home/pedro/.local/lib/python3.10/site-packages/airflow/example_dags/tutorial_dag.py for tasks to queue
[2024-06-09T16:30:30.727-0300] {logging_mixin.py:188} INFO - [2024-06-09T16:30:30.727-0300] {dagbag.py:545} INFO - Filling up the DagBag from /home/pedro/.local/lib/python3.10/site-packages/airflow/example_dags/tutorial_dag.py
[2024-06-09T16:30:30.730-0300] {processor.py:840} INFO - DAG(s) 'tutorial_dag' retrieved from /home/pedro/.local/lib/python3.10/site-packages/airflow/example_dags/tutorial_dag.py
[2024-06-09T16:30:30.738-0300] {logging_mixin.py:188} INFO - [2024-06-09T16:30:30.738-0300] {dag.py:3096} INFO - Sync 1 DAGs
[2024-06-09T16:30:30.744-0300] {logging_mixin.py:188} INFO - [2024-06-09T16:30:30.744-0300] {dag.py:3954} INFO - Setting next_dagrun for tutorial_dag to None, run_after=None
[2024-06-09T16:30:30.759-0300] {processor.py:183} INFO - Processing /home/pedro/.local/lib/python3.10/site-packages/airflow/example_dags/tutorial_dag.py took 0.040 seconds
[2024-06-09T16:32:41.289-0300] {processor.py:161} INFO - Started process (PID=8129) to work on /home/pedro/.local/lib/python3.10/site-packages/airflow/example_dags/tutorial_dag.py
[2024-06-09T16:32:41.293-0300] {processor.py:830} INFO - Processing file /home/pedro/.local/lib/python3.10/site-packages/airflow/example_dags/tutorial_dag.py for tasks to queue
[2024-06-09T16:32:41.294-0300] {logging_mixin.py:188} INFO - [2024-06-09T16:32:41.294-0300] {dagbag.py:545} INFO - Filling up the DagBag from /home/pedro/.local/lib/python3.10/site-packages/airflow/example_dags/tutorial_dag.py
[2024-06-09T16:32:41.299-0300] {processor.py:840} INFO - DAG(s) 'tutorial_dag' retrieved from /home/pedro/.local/lib/python3.10/site-packages/airflow/example_dags/tutorial_dag.py
[2024-06-09T16:32:41.308-0300] {logging_mixin.py:188} INFO - [2024-06-09T16:32:41.308-0300] {dag.py:3096} INFO - Sync 1 DAGs
[2024-06-09T16:32:41.315-0300] {logging_mixin.py:188} INFO - [2024-06-09T16:32:41.315-0300] {dag.py:3954} INFO - Setting next_dagrun for tutorial_dag to None, run_after=None
[2024-06-09T16:32:41.333-0300] {processor.py:183} INFO - Processing /home/pedro/.local/lib/python3.10/site-packages/airflow/example_dags/tutorial_dag.py took 0.050 seconds
[2024-06-09T16:34:42.485-0300] {processor.py:161} INFO - Started process (PID=8804) to work on /home/pedro/.local/lib/python3.10/site-packages/airflow/example_dags/tutorial_dag.py
[2024-06-09T16:34:42.486-0300] {processor.py:830} INFO - Processing file /home/pedro/.local/lib/python3.10/site-packages/airflow/example_dags/tutorial_dag.py for tasks to queue
[2024-06-09T16:34:42.487-0300] {logging_mixin.py:188} INFO - [2024-06-09T16:34:42.487-0300] {dagbag.py:545} INFO - Filling up the DagBag from /home/pedro/.local/lib/python3.10/site-packages/airflow/example_dags/tutorial_dag.py
[2024-06-09T16:34:42.491-0300] {processor.py:840} INFO - DAG(s) 'tutorial_dag' retrieved from /home/pedro/.local/lib/python3.10/site-packages/airflow/example_dags/tutorial_dag.py
[2024-06-09T16:34:42.500-0300] {logging_mixin.py:188} INFO - [2024-06-09T16:34:42.500-0300] {dag.py:3096} INFO - Sync 1 DAGs
[2024-06-09T16:34:42.508-0300] {logging_mixin.py:188} INFO - [2024-06-09T16:34:42.508-0300] {dag.py:3954} INFO - Setting next_dagrun for tutorial_dag to None, run_after=None
[2024-06-09T16:34:42.526-0300] {processor.py:183} INFO - Processing /home/pedro/.local/lib/python3.10/site-packages/airflow/example_dags/tutorial_dag.py took 0.045 seconds
[2024-06-09T16:36:40.551-0300] {processor.py:161} INFO - Started process (PID=9476) to work on /home/pedro/.local/lib/python3.10/site-packages/airflow/example_dags/tutorial_dag.py
[2024-06-09T16:36:40.554-0300] {processor.py:830} INFO - Processing file /home/pedro/.local/lib/python3.10/site-packages/airflow/example_dags/tutorial_dag.py for tasks to queue
[2024-06-09T16:36:40.556-0300] {logging_mixin.py:188} INFO - [2024-06-09T16:36:40.555-0300] {dagbag.py:545} INFO - Filling up the DagBag from /home/pedro/.local/lib/python3.10/site-packages/airflow/example_dags/tutorial_dag.py
[2024-06-09T16:36:40.560-0300] {processor.py:840} INFO - DAG(s) 'tutorial_dag' retrieved from /home/pedro/.local/lib/python3.10/site-packages/airflow/example_dags/tutorial_dag.py
[2024-06-09T16:36:40.570-0300] {logging_mixin.py:188} INFO - [2024-06-09T16:36:40.570-0300] {dag.py:3096} INFO - Sync 1 DAGs
[2024-06-09T16:36:40.578-0300] {logging_mixin.py:188} INFO - [2024-06-09T16:36:40.578-0300] {dag.py:3954} INFO - Setting next_dagrun for tutorial_dag to None, run_after=None
[2024-06-09T16:36:40.594-0300] {processor.py:183} INFO - Processing /home/pedro/.local/lib/python3.10/site-packages/airflow/example_dags/tutorial_dag.py took 0.047 seconds
[2024-06-09T16:38:36.217-0300] {processor.py:161} INFO - Started process (PID=10193) to work on /home/pedro/.local/lib/python3.10/site-packages/airflow/example_dags/tutorial_dag.py
[2024-06-09T16:38:36.218-0300] {processor.py:830} INFO - Processing file /home/pedro/.local/lib/python3.10/site-packages/airflow/example_dags/tutorial_dag.py for tasks to queue
[2024-06-09T16:38:36.220-0300] {logging_mixin.py:188} INFO - [2024-06-09T16:38:36.220-0300] {dagbag.py:545} INFO - Filling up the DagBag from /home/pedro/.local/lib/python3.10/site-packages/airflow/example_dags/tutorial_dag.py
[2024-06-09T16:38:36.225-0300] {processor.py:840} INFO - DAG(s) 'tutorial_dag' retrieved from /home/pedro/.local/lib/python3.10/site-packages/airflow/example_dags/tutorial_dag.py
[2024-06-09T16:38:36.234-0300] {logging_mixin.py:188} INFO - [2024-06-09T16:38:36.234-0300] {dag.py:3096} INFO - Sync 1 DAGs
[2024-06-09T16:38:36.242-0300] {logging_mixin.py:188} INFO - [2024-06-09T16:38:36.241-0300] {dag.py:3954} INFO - Setting next_dagrun for tutorial_dag to None, run_after=None
[2024-06-09T16:38:36.258-0300] {processor.py:183} INFO - Processing /home/pedro/.local/lib/python3.10/site-packages/airflow/example_dags/tutorial_dag.py took 0.046 seconds
[2024-06-09T16:40:34.238-0300] {processor.py:161} INFO - Started process (PID=10892) to work on /home/pedro/.local/lib/python3.10/site-packages/airflow/example_dags/tutorial_dag.py
[2024-06-09T16:40:34.241-0300] {processor.py:830} INFO - Processing file /home/pedro/.local/lib/python3.10/site-packages/airflow/example_dags/tutorial_dag.py for tasks to queue
[2024-06-09T16:40:34.242-0300] {logging_mixin.py:188} INFO - [2024-06-09T16:40:34.242-0300] {dagbag.py:545} INFO - Filling up the DagBag from /home/pedro/.local/lib/python3.10/site-packages/airflow/example_dags/tutorial_dag.py
[2024-06-09T16:40:34.245-0300] {processor.py:840} INFO - DAG(s) 'tutorial_dag' retrieved from /home/pedro/.local/lib/python3.10/site-packages/airflow/example_dags/tutorial_dag.py
[2024-06-09T16:40:34.254-0300] {logging_mixin.py:188} INFO - [2024-06-09T16:40:34.254-0300] {dag.py:3096} INFO - Sync 1 DAGs
[2024-06-09T16:40:34.260-0300] {logging_mixin.py:188} INFO - [2024-06-09T16:40:34.259-0300] {dag.py:3954} INFO - Setting next_dagrun for tutorial_dag to None, run_after=None
[2024-06-09T16:40:34.276-0300] {processor.py:183} INFO - Processing /home/pedro/.local/lib/python3.10/site-packages/airflow/example_dags/tutorial_dag.py took 0.042 seconds
[2024-06-09T16:42:32.277-0300] {processor.py:161} INFO - Started process (PID=11616) to work on /home/pedro/.local/lib/python3.10/site-packages/airflow/example_dags/tutorial_dag.py
[2024-06-09T16:42:32.280-0300] {processor.py:830} INFO - Processing file /home/pedro/.local/lib/python3.10/site-packages/airflow/example_dags/tutorial_dag.py for tasks to queue
[2024-06-09T16:42:32.281-0300] {logging_mixin.py:188} INFO - [2024-06-09T16:42:32.281-0300] {dagbag.py:545} INFO - Filling up the DagBag from /home/pedro/.local/lib/python3.10/site-packages/airflow/example_dags/tutorial_dag.py
[2024-06-09T16:42:32.285-0300] {processor.py:840} INFO - DAG(s) 'tutorial_dag' retrieved from /home/pedro/.local/lib/python3.10/site-packages/airflow/example_dags/tutorial_dag.py
[2024-06-09T16:42:32.293-0300] {logging_mixin.py:188} INFO - [2024-06-09T16:42:32.293-0300] {dag.py:3096} INFO - Sync 1 DAGs
[2024-06-09T16:42:32.299-0300] {logging_mixin.py:188} INFO - [2024-06-09T16:42:32.299-0300] {dag.py:3954} INFO - Setting next_dagrun for tutorial_dag to None, run_after=None
[2024-06-09T16:42:32.317-0300] {processor.py:183} INFO - Processing /home/pedro/.local/lib/python3.10/site-packages/airflow/example_dags/tutorial_dag.py took 0.043 seconds
[2024-06-09T16:44:35.560-0300] {processor.py:161} INFO - Started process (PID=12299) to work on /home/pedro/.local/lib/python3.10/site-packages/airflow/example_dags/tutorial_dag.py
[2024-06-09T16:44:35.561-0300] {processor.py:830} INFO - Processing file /home/pedro/.local/lib/python3.10/site-packages/airflow/example_dags/tutorial_dag.py for tasks to queue
[2024-06-09T16:44:35.562-0300] {logging_mixin.py:188} INFO - [2024-06-09T16:44:35.561-0300] {dagbag.py:545} INFO - Filling up the DagBag from /home/pedro/.local/lib/python3.10/site-packages/airflow/example_dags/tutorial_dag.py
[2024-06-09T16:44:35.565-0300] {processor.py:840} INFO - DAG(s) 'tutorial_dag' retrieved from /home/pedro/.local/lib/python3.10/site-packages/airflow/example_dags/tutorial_dag.py
[2024-06-09T16:44:35.577-0300] {logging_mixin.py:188} INFO - [2024-06-09T16:44:35.577-0300] {dag.py:3096} INFO - Sync 1 DAGs
[2024-06-09T16:44:35.584-0300] {logging_mixin.py:188} INFO - [2024-06-09T16:44:35.583-0300] {dag.py:3954} INFO - Setting next_dagrun for tutorial_dag to None, run_after=None
[2024-06-09T16:44:35.601-0300] {processor.py:183} INFO - Processing /home/pedro/.local/lib/python3.10/site-packages/airflow/example_dags/tutorial_dag.py took 0.046 seconds
[2024-06-09T16:46:44.830-0300] {processor.py:161} INFO - Started process (PID=13030) to work on /home/pedro/.local/lib/python3.10/site-packages/airflow/example_dags/tutorial_dag.py
[2024-06-09T16:46:44.831-0300] {processor.py:830} INFO - Processing file /home/pedro/.local/lib/python3.10/site-packages/airflow/example_dags/tutorial_dag.py for tasks to queue
[2024-06-09T16:46:44.833-0300] {logging_mixin.py:188} INFO - [2024-06-09T16:46:44.832-0300] {dagbag.py:545} INFO - Filling up the DagBag from /home/pedro/.local/lib/python3.10/site-packages/airflow/example_dags/tutorial_dag.py
[2024-06-09T16:46:44.837-0300] {processor.py:840} INFO - DAG(s) 'tutorial_dag' retrieved from /home/pedro/.local/lib/python3.10/site-packages/airflow/example_dags/tutorial_dag.py
[2024-06-09T16:46:44.846-0300] {logging_mixin.py:188} INFO - [2024-06-09T16:46:44.846-0300] {dag.py:3096} INFO - Sync 1 DAGs
[2024-06-09T16:46:44.852-0300] {logging_mixin.py:188} INFO - [2024-06-09T16:46:44.852-0300] {dag.py:3954} INFO - Setting next_dagrun for tutorial_dag to None, run_after=None
[2024-06-09T16:46:44.866-0300] {processor.py:183} INFO - Processing /home/pedro/.local/lib/python3.10/site-packages/airflow/example_dags/tutorial_dag.py took 0.039 seconds
[2024-06-09T16:48:49.391-0300] {processor.py:161} INFO - Started process (PID=13762) to work on /home/pedro/.local/lib/python3.10/site-packages/airflow/example_dags/tutorial_dag.py
[2024-06-09T16:48:49.392-0300] {processor.py:830} INFO - Processing file /home/pedro/.local/lib/python3.10/site-packages/airflow/example_dags/tutorial_dag.py for tasks to queue
[2024-06-09T16:48:49.394-0300] {logging_mixin.py:188} INFO - [2024-06-09T16:48:49.393-0300] {dagbag.py:545} INFO - Filling up the DagBag from /home/pedro/.local/lib/python3.10/site-packages/airflow/example_dags/tutorial_dag.py
[2024-06-09T16:48:49.398-0300] {processor.py:840} INFO - DAG(s) 'tutorial_dag' retrieved from /home/pedro/.local/lib/python3.10/site-packages/airflow/example_dags/tutorial_dag.py
[2024-06-09T16:48:49.408-0300] {logging_mixin.py:188} INFO - [2024-06-09T16:48:49.407-0300] {dag.py:3096} INFO - Sync 1 DAGs
[2024-06-09T16:48:49.414-0300] {logging_mixin.py:188} INFO - [2024-06-09T16:48:49.414-0300] {dag.py:3954} INFO - Setting next_dagrun for tutorial_dag to None, run_after=None
[2024-06-09T16:48:49.430-0300] {processor.py:183} INFO - Processing /home/pedro/.local/lib/python3.10/site-packages/airflow/example_dags/tutorial_dag.py took 0.043 seconds
[2024-06-09T16:50:48.099-0300] {processor.py:161} INFO - Started process (PID=14525) to work on /home/pedro/.local/lib/python3.10/site-packages/airflow/example_dags/tutorial_dag.py
[2024-06-09T16:50:48.102-0300] {processor.py:830} INFO - Processing file /home/pedro/.local/lib/python3.10/site-packages/airflow/example_dags/tutorial_dag.py for tasks to queue
[2024-06-09T16:50:48.103-0300] {logging_mixin.py:188} INFO - [2024-06-09T16:50:48.103-0300] {dagbag.py:545} INFO - Filling up the DagBag from /home/pedro/.local/lib/python3.10/site-packages/airflow/example_dags/tutorial_dag.py
[2024-06-09T16:50:48.107-0300] {processor.py:840} INFO - DAG(s) 'tutorial_dag' retrieved from /home/pedro/.local/lib/python3.10/site-packages/airflow/example_dags/tutorial_dag.py
[2024-06-09T16:50:48.116-0300] {logging_mixin.py:188} INFO - [2024-06-09T16:50:48.116-0300] {dag.py:3096} INFO - Sync 1 DAGs
[2024-06-09T16:50:48.123-0300] {logging_mixin.py:188} INFO - [2024-06-09T16:50:48.123-0300] {dag.py:3954} INFO - Setting next_dagrun for tutorial_dag to None, run_after=None
[2024-06-09T16:50:48.138-0300] {processor.py:183} INFO - Processing /home/pedro/.local/lib/python3.10/site-packages/airflow/example_dags/tutorial_dag.py took 0.043 seconds
[2024-06-09T16:52:50.362-0300] {processor.py:161} INFO - Started process (PID=15223) to work on /home/pedro/.local/lib/python3.10/site-packages/airflow/example_dags/tutorial_dag.py
[2024-06-09T16:52:50.365-0300] {processor.py:830} INFO - Processing file /home/pedro/.local/lib/python3.10/site-packages/airflow/example_dags/tutorial_dag.py for tasks to queue
[2024-06-09T16:52:50.367-0300] {logging_mixin.py:188} INFO - [2024-06-09T16:52:50.366-0300] {dagbag.py:545} INFO - Filling up the DagBag from /home/pedro/.local/lib/python3.10/site-packages/airflow/example_dags/tutorial_dag.py
[2024-06-09T16:52:50.370-0300] {processor.py:840} INFO - DAG(s) 'tutorial_dag' retrieved from /home/pedro/.local/lib/python3.10/site-packages/airflow/example_dags/tutorial_dag.py
[2024-06-09T16:52:50.380-0300] {logging_mixin.py:188} INFO - [2024-06-09T16:52:50.380-0300] {dag.py:3096} INFO - Sync 1 DAGs
[2024-06-09T16:52:50.386-0300] {logging_mixin.py:188} INFO - [2024-06-09T16:52:50.386-0300] {dag.py:3954} INFO - Setting next_dagrun for tutorial_dag to None, run_after=None
[2024-06-09T16:52:50.401-0300] {processor.py:183} INFO - Processing /home/pedro/.local/lib/python3.10/site-packages/airflow/example_dags/tutorial_dag.py took 0.045 seconds
[2024-06-09T16:55:00.932-0300] {processor.py:161} INFO - Started process (PID=15960) to work on /home/pedro/.local/lib/python3.10/site-packages/airflow/example_dags/tutorial_dag.py
[2024-06-09T16:55:00.935-0300] {processor.py:830} INFO - Processing file /home/pedro/.local/lib/python3.10/site-packages/airflow/example_dags/tutorial_dag.py for tasks to queue
[2024-06-09T16:55:00.937-0300] {logging_mixin.py:188} INFO - [2024-06-09T16:55:00.936-0300] {dagbag.py:545} INFO - Filling up the DagBag from /home/pedro/.local/lib/python3.10/site-packages/airflow/example_dags/tutorial_dag.py
[2024-06-09T16:55:00.940-0300] {processor.py:840} INFO - DAG(s) 'tutorial_dag' retrieved from /home/pedro/.local/lib/python3.10/site-packages/airflow/example_dags/tutorial_dag.py
[2024-06-09T16:55:00.949-0300] {logging_mixin.py:188} INFO - [2024-06-09T16:55:00.949-0300] {dag.py:3096} INFO - Sync 1 DAGs
[2024-06-09T16:55:00.955-0300] {logging_mixin.py:188} INFO - [2024-06-09T16:55:00.955-0300] {dag.py:3954} INFO - Setting next_dagrun for tutorial_dag to None, run_after=None
[2024-06-09T16:55:00.972-0300] {processor.py:183} INFO - Processing /home/pedro/.local/lib/python3.10/site-packages/airflow/example_dags/tutorial_dag.py took 0.043 seconds
[2024-06-09T16:57:05.406-0300] {processor.py:161} INFO - Started process (PID=16663) to work on /home/pedro/.local/lib/python3.10/site-packages/airflow/example_dags/tutorial_dag.py
[2024-06-09T16:57:05.410-0300] {processor.py:830} INFO - Processing file /home/pedro/.local/lib/python3.10/site-packages/airflow/example_dags/tutorial_dag.py for tasks to queue
[2024-06-09T16:57:05.411-0300] {logging_mixin.py:188} INFO - [2024-06-09T16:57:05.410-0300] {dagbag.py:545} INFO - Filling up the DagBag from /home/pedro/.local/lib/python3.10/site-packages/airflow/example_dags/tutorial_dag.py
[2024-06-09T16:57:05.414-0300] {processor.py:840} INFO - DAG(s) 'tutorial_dag' retrieved from /home/pedro/.local/lib/python3.10/site-packages/airflow/example_dags/tutorial_dag.py
[2024-06-09T16:57:05.423-0300] {logging_mixin.py:188} INFO - [2024-06-09T16:57:05.423-0300] {dag.py:3096} INFO - Sync 1 DAGs
[2024-06-09T16:57:05.429-0300] {logging_mixin.py:188} INFO - [2024-06-09T16:57:05.429-0300] {dag.py:3954} INFO - Setting next_dagrun for tutorial_dag to None, run_after=None
[2024-06-09T16:57:05.444-0300] {processor.py:183} INFO - Processing /home/pedro/.local/lib/python3.10/site-packages/airflow/example_dags/tutorial_dag.py took 0.041 seconds
