[2024-06-10T15:17:58.615-0300] {processor.py:161} INFO - Started process (PID=6238) to work on /home/pedro/.local/lib/python3.10/site-packages/airflow/example_dags/subdags/subdag.py
[2024-06-10T15:17:58.616-0300] {processor.py:830} INFO - Processing file /home/pedro/.local/lib/python3.10/site-packages/airflow/example_dags/subdags/subdag.py for tasks to queue
[2024-06-10T15:17:58.618-0300] {logging_mixin.py:188} INFO - [2024-06-10T15:17:58.618-0300] {dagbag.py:545} INFO - Filling up the DagBag from /home/pedro/.local/lib/python3.10/site-packages/airflow/example_dags/subdags/subdag.py
[2024-06-10T15:17:58.620-0300] {processor.py:842} WARNING - No viable dags retrieved from /home/pedro/.local/lib/python3.10/site-packages/airflow/example_dags/subdags/subdag.py
[2024-06-10T15:17:58.627-0300] {processor.py:183} INFO - Processing /home/pedro/.local/lib/python3.10/site-packages/airflow/example_dags/subdags/subdag.py took 0.016 seconds
[2024-06-10T15:20:23.918-0300] {processor.py:161} INFO - Started process (PID=7083) to work on /home/pedro/.local/lib/python3.10/site-packages/airflow/example_dags/subdags/subdag.py
[2024-06-10T15:20:23.921-0300] {processor.py:830} INFO - Processing file /home/pedro/.local/lib/python3.10/site-packages/airflow/example_dags/subdags/subdag.py for tasks to queue
[2024-06-10T15:20:23.922-0300] {logging_mixin.py:188} INFO - [2024-06-10T15:20:23.921-0300] {dagbag.py:545} INFO - Filling up the DagBag from /home/pedro/.local/lib/python3.10/site-packages/airflow/example_dags/subdags/subdag.py
[2024-06-10T15:20:23.923-0300] {processor.py:842} WARNING - No viable dags retrieved from /home/pedro/.local/lib/python3.10/site-packages/airflow/example_dags/subdags/subdag.py
[2024-06-10T15:20:23.933-0300] {processor.py:183} INFO - Processing /home/pedro/.local/lib/python3.10/site-packages/airflow/example_dags/subdags/subdag.py took 0.019 seconds
[2024-06-10T15:24:28.359-0300] {processor.py:161} INFO - Started process (PID=8509) to work on /home/pedro/.local/lib/python3.10/site-packages/airflow/example_dags/subdags/subdag.py
[2024-06-10T15:24:28.362-0300] {processor.py:830} INFO - Processing file /home/pedro/.local/lib/python3.10/site-packages/airflow/example_dags/subdags/subdag.py for tasks to queue
[2024-06-10T15:24:28.364-0300] {logging_mixin.py:188} INFO - [2024-06-10T15:24:28.363-0300] {dagbag.py:545} INFO - Filling up the DagBag from /home/pedro/.local/lib/python3.10/site-packages/airflow/example_dags/subdags/subdag.py
[2024-06-10T15:24:28.366-0300] {processor.py:842} WARNING - No viable dags retrieved from /home/pedro/.local/lib/python3.10/site-packages/airflow/example_dags/subdags/subdag.py
[2024-06-10T15:24:28.373-0300] {processor.py:183} INFO - Processing /home/pedro/.local/lib/python3.10/site-packages/airflow/example_dags/subdags/subdag.py took 0.023 seconds
[2024-06-10T15:25:17.181-0300] {processor.py:161} INFO - Started process (PID=8607) to work on /home/pedro/.local/lib/python3.10/site-packages/airflow/example_dags/subdags/subdag.py
[2024-06-10T15:25:17.182-0300] {processor.py:830} INFO - Processing file /home/pedro/.local/lib/python3.10/site-packages/airflow/example_dags/subdags/subdag.py for tasks to queue
[2024-06-10T15:25:17.183-0300] {logging_mixin.py:188} INFO - [2024-06-10T15:25:17.182-0300] {dagbag.py:545} INFO - Filling up the DagBag from /home/pedro/.local/lib/python3.10/site-packages/airflow/example_dags/subdags/subdag.py
[2024-06-10T15:25:17.184-0300] {processor.py:842} WARNING - No viable dags retrieved from /home/pedro/.local/lib/python3.10/site-packages/airflow/example_dags/subdags/subdag.py
[2024-06-10T15:25:17.191-0300] {processor.py:183} INFO - Processing /home/pedro/.local/lib/python3.10/site-packages/airflow/example_dags/subdags/subdag.py took 0.015 seconds
[2024-06-10T15:26:21.168-0300] {processor.py:161} INFO - Started process (PID=8771) to work on /home/pedro/.local/lib/python3.10/site-packages/airflow/example_dags/subdags/subdag.py
[2024-06-10T15:26:21.171-0300] {processor.py:830} INFO - Processing file /home/pedro/.local/lib/python3.10/site-packages/airflow/example_dags/subdags/subdag.py for tasks to queue
[2024-06-10T15:26:21.172-0300] {logging_mixin.py:188} INFO - [2024-06-10T15:26:21.172-0300] {dagbag.py:545} INFO - Filling up the DagBag from /home/pedro/.local/lib/python3.10/site-packages/airflow/example_dags/subdags/subdag.py
[2024-06-10T15:26:21.175-0300] {processor.py:842} WARNING - No viable dags retrieved from /home/pedro/.local/lib/python3.10/site-packages/airflow/example_dags/subdags/subdag.py
[2024-06-10T15:26:21.183-0300] {processor.py:183} INFO - Processing /home/pedro/.local/lib/python3.10/site-packages/airflow/example_dags/subdags/subdag.py took 0.021 seconds
[2024-06-10T15:27:22.801-0300] {processor.py:161} INFO - Started process (PID=8904) to work on /home/pedro/.local/lib/python3.10/site-packages/airflow/example_dags/subdags/subdag.py
[2024-06-10T15:27:22.804-0300] {processor.py:830} INFO - Processing file /home/pedro/.local/lib/python3.10/site-packages/airflow/example_dags/subdags/subdag.py for tasks to queue
[2024-06-10T15:27:22.805-0300] {logging_mixin.py:188} INFO - [2024-06-10T15:27:22.805-0300] {dagbag.py:545} INFO - Filling up the DagBag from /home/pedro/.local/lib/python3.10/site-packages/airflow/example_dags/subdags/subdag.py
[2024-06-10T15:27:22.809-0300] {processor.py:842} WARNING - No viable dags retrieved from /home/pedro/.local/lib/python3.10/site-packages/airflow/example_dags/subdags/subdag.py
[2024-06-10T15:27:22.817-0300] {processor.py:183} INFO - Processing /home/pedro/.local/lib/python3.10/site-packages/airflow/example_dags/subdags/subdag.py took 0.020 seconds
[2024-06-10T15:28:28.216-0300] {processor.py:161} INFO - Started process (PID=9039) to work on /home/pedro/.local/lib/python3.10/site-packages/airflow/example_dags/subdags/subdag.py
[2024-06-10T15:28:28.218-0300] {processor.py:830} INFO - Processing file /home/pedro/.local/lib/python3.10/site-packages/airflow/example_dags/subdags/subdag.py for tasks to queue
[2024-06-10T15:28:28.220-0300] {logging_mixin.py:188} INFO - [2024-06-10T15:28:28.220-0300] {dagbag.py:545} INFO - Filling up the DagBag from /home/pedro/.local/lib/python3.10/site-packages/airflow/example_dags/subdags/subdag.py
[2024-06-10T15:28:28.223-0300] {processor.py:842} WARNING - No viable dags retrieved from /home/pedro/.local/lib/python3.10/site-packages/airflow/example_dags/subdags/subdag.py
[2024-06-10T15:28:28.230-0300] {processor.py:183} INFO - Processing /home/pedro/.local/lib/python3.10/site-packages/airflow/example_dags/subdags/subdag.py took 0.022 seconds
[2024-06-10T15:29:13.990-0300] {processor.py:161} INFO - Started process (PID=9130) to work on /home/pedro/.local/lib/python3.10/site-packages/airflow/example_dags/subdags/subdag.py
[2024-06-10T15:29:13.994-0300] {processor.py:830} INFO - Processing file /home/pedro/.local/lib/python3.10/site-packages/airflow/example_dags/subdags/subdag.py for tasks to queue
[2024-06-10T15:29:13.996-0300] {logging_mixin.py:188} INFO - [2024-06-10T15:29:13.995-0300] {dagbag.py:545} INFO - Filling up the DagBag from /home/pedro/.local/lib/python3.10/site-packages/airflow/example_dags/subdags/subdag.py
[2024-06-10T15:29:13.999-0300] {processor.py:842} WARNING - No viable dags retrieved from /home/pedro/.local/lib/python3.10/site-packages/airflow/example_dags/subdags/subdag.py
[2024-06-10T15:29:14.007-0300] {processor.py:183} INFO - Processing /home/pedro/.local/lib/python3.10/site-packages/airflow/example_dags/subdags/subdag.py took 0.022 seconds
[2024-06-10T15:30:16.770-0300] {processor.py:161} INFO - Started process (PID=9257) to work on /home/pedro/.local/lib/python3.10/site-packages/airflow/example_dags/subdags/subdag.py
[2024-06-10T15:30:16.773-0300] {processor.py:830} INFO - Processing file /home/pedro/.local/lib/python3.10/site-packages/airflow/example_dags/subdags/subdag.py for tasks to queue
[2024-06-10T15:30:16.776-0300] {logging_mixin.py:188} INFO - [2024-06-10T15:30:16.775-0300] {dagbag.py:545} INFO - Filling up the DagBag from /home/pedro/.local/lib/python3.10/site-packages/airflow/example_dags/subdags/subdag.py
[2024-06-10T15:30:16.778-0300] {processor.py:842} WARNING - No viable dags retrieved from /home/pedro/.local/lib/python3.10/site-packages/airflow/example_dags/subdags/subdag.py
[2024-06-10T15:30:16.787-0300] {processor.py:183} INFO - Processing /home/pedro/.local/lib/python3.10/site-packages/airflow/example_dags/subdags/subdag.py took 0.021 seconds
[2024-06-10T15:31:13.386-0300] {processor.py:161} INFO - Started process (PID=9401) to work on /home/pedro/.local/lib/python3.10/site-packages/airflow/example_dags/subdags/subdag.py
[2024-06-10T15:31:13.390-0300] {processor.py:830} INFO - Processing file /home/pedro/.local/lib/python3.10/site-packages/airflow/example_dags/subdags/subdag.py for tasks to queue
[2024-06-10T15:31:13.392-0300] {logging_mixin.py:188} INFO - [2024-06-10T15:31:13.391-0300] {dagbag.py:545} INFO - Filling up the DagBag from /home/pedro/.local/lib/python3.10/site-packages/airflow/example_dags/subdags/subdag.py
[2024-06-10T15:31:13.394-0300] {processor.py:842} WARNING - No viable dags retrieved from /home/pedro/.local/lib/python3.10/site-packages/airflow/example_dags/subdags/subdag.py
[2024-06-10T15:31:13.402-0300] {processor.py:183} INFO - Processing /home/pedro/.local/lib/python3.10/site-packages/airflow/example_dags/subdags/subdag.py took 0.019 seconds
[2024-06-10T15:32:17.854-0300] {processor.py:161} INFO - Started process (PID=9691) to work on /home/pedro/.local/lib/python3.10/site-packages/airflow/example_dags/subdags/subdag.py
[2024-06-10T15:32:17.855-0300] {processor.py:830} INFO - Processing file /home/pedro/.local/lib/python3.10/site-packages/airflow/example_dags/subdags/subdag.py for tasks to queue
[2024-06-10T15:32:17.857-0300] {logging_mixin.py:188} INFO - [2024-06-10T15:32:17.856-0300] {dagbag.py:545} INFO - Filling up the DagBag from /home/pedro/.local/lib/python3.10/site-packages/airflow/example_dags/subdags/subdag.py
[2024-06-10T15:32:17.858-0300] {processor.py:842} WARNING - No viable dags retrieved from /home/pedro/.local/lib/python3.10/site-packages/airflow/example_dags/subdags/subdag.py
[2024-06-10T15:32:17.866-0300] {processor.py:183} INFO - Processing /home/pedro/.local/lib/python3.10/site-packages/airflow/example_dags/subdags/subdag.py took 0.016 seconds
[2024-06-10T15:33:22.521-0300] {processor.py:161} INFO - Started process (PID=9965) to work on /home/pedro/.local/lib/python3.10/site-packages/airflow/example_dags/subdags/subdag.py
[2024-06-10T15:33:22.525-0300] {processor.py:830} INFO - Processing file /home/pedro/.local/lib/python3.10/site-packages/airflow/example_dags/subdags/subdag.py for tasks to queue
[2024-06-10T15:33:22.526-0300] {logging_mixin.py:188} INFO - [2024-06-10T15:33:22.526-0300] {dagbag.py:545} INFO - Filling up the DagBag from /home/pedro/.local/lib/python3.10/site-packages/airflow/example_dags/subdags/subdag.py
[2024-06-10T15:33:22.529-0300] {processor.py:842} WARNING - No viable dags retrieved from /home/pedro/.local/lib/python3.10/site-packages/airflow/example_dags/subdags/subdag.py
[2024-06-10T15:33:22.536-0300] {processor.py:183} INFO - Processing /home/pedro/.local/lib/python3.10/site-packages/airflow/example_dags/subdags/subdag.py took 0.023 seconds
[2024-06-10T15:34:27.191-0300] {processor.py:161} INFO - Started process (PID=10353) to work on /home/pedro/.local/lib/python3.10/site-packages/airflow/example_dags/subdags/subdag.py
[2024-06-10T15:34:27.191-0300] {processor.py:830} INFO - Processing file /home/pedro/.local/lib/python3.10/site-packages/airflow/example_dags/subdags/subdag.py for tasks to queue
[2024-06-10T15:34:27.192-0300] {logging_mixin.py:188} INFO - [2024-06-10T15:34:27.192-0300] {dagbag.py:545} INFO - Filling up the DagBag from /home/pedro/.local/lib/python3.10/site-packages/airflow/example_dags/subdags/subdag.py
[2024-06-10T15:34:27.194-0300] {processor.py:842} WARNING - No viable dags retrieved from /home/pedro/.local/lib/python3.10/site-packages/airflow/example_dags/subdags/subdag.py
[2024-06-10T15:34:27.202-0300] {processor.py:183} INFO - Processing /home/pedro/.local/lib/python3.10/site-packages/airflow/example_dags/subdags/subdag.py took 0.016 seconds
[2024-06-10T15:35:30.176-0300] {processor.py:161} INFO - Started process (PID=10593) to work on /home/pedro/.local/lib/python3.10/site-packages/airflow/example_dags/subdags/subdag.py
[2024-06-10T15:35:30.180-0300] {processor.py:830} INFO - Processing file /home/pedro/.local/lib/python3.10/site-packages/airflow/example_dags/subdags/subdag.py for tasks to queue
[2024-06-10T15:35:30.182-0300] {logging_mixin.py:188} INFO - [2024-06-10T15:35:30.182-0300] {dagbag.py:545} INFO - Filling up the DagBag from /home/pedro/.local/lib/python3.10/site-packages/airflow/example_dags/subdags/subdag.py
[2024-06-10T15:35:30.185-0300] {processor.py:842} WARNING - No viable dags retrieved from /home/pedro/.local/lib/python3.10/site-packages/airflow/example_dags/subdags/subdag.py
[2024-06-10T15:35:30.193-0300] {processor.py:183} INFO - Processing /home/pedro/.local/lib/python3.10/site-packages/airflow/example_dags/subdags/subdag.py took 0.022 seconds
[2024-06-10T15:36:34.265-0300] {processor.py:161} INFO - Started process (PID=10778) to work on /home/pedro/.local/lib/python3.10/site-packages/airflow/example_dags/subdags/subdag.py
[2024-06-10T15:36:34.269-0300] {processor.py:830} INFO - Processing file /home/pedro/.local/lib/python3.10/site-packages/airflow/example_dags/subdags/subdag.py for tasks to queue
[2024-06-10T15:36:34.271-0300] {logging_mixin.py:188} INFO - [2024-06-10T15:36:34.271-0300] {dagbag.py:545} INFO - Filling up the DagBag from /home/pedro/.local/lib/python3.10/site-packages/airflow/example_dags/subdags/subdag.py
[2024-06-10T15:36:34.274-0300] {processor.py:842} WARNING - No viable dags retrieved from /home/pedro/.local/lib/python3.10/site-packages/airflow/example_dags/subdags/subdag.py
[2024-06-10T15:36:34.283-0300] {processor.py:183} INFO - Processing /home/pedro/.local/lib/python3.10/site-packages/airflow/example_dags/subdags/subdag.py took 0.023 seconds
[2024-06-10T15:37:36.013-0300] {processor.py:161} INFO - Started process (PID=10909) to work on /home/pedro/.local/lib/python3.10/site-packages/airflow/example_dags/subdags/subdag.py
[2024-06-10T15:37:36.016-0300] {processor.py:830} INFO - Processing file /home/pedro/.local/lib/python3.10/site-packages/airflow/example_dags/subdags/subdag.py for tasks to queue
[2024-06-10T15:37:36.018-0300] {logging_mixin.py:188} INFO - [2024-06-10T15:37:36.018-0300] {dagbag.py:545} INFO - Filling up the DagBag from /home/pedro/.local/lib/python3.10/site-packages/airflow/example_dags/subdags/subdag.py
[2024-06-10T15:37:36.021-0300] {processor.py:842} WARNING - No viable dags retrieved from /home/pedro/.local/lib/python3.10/site-packages/airflow/example_dags/subdags/subdag.py
[2024-06-10T15:37:36.029-0300] {processor.py:183} INFO - Processing /home/pedro/.local/lib/python3.10/site-packages/airflow/example_dags/subdags/subdag.py took 0.022 seconds
[2024-06-10T15:38:39.364-0300] {processor.py:161} INFO - Started process (PID=11041) to work on /home/pedro/.local/lib/python3.10/site-packages/airflow/example_dags/subdags/subdag.py
[2024-06-10T15:38:39.365-0300] {processor.py:830} INFO - Processing file /home/pedro/.local/lib/python3.10/site-packages/airflow/example_dags/subdags/subdag.py for tasks to queue
[2024-06-10T15:38:39.367-0300] {logging_mixin.py:188} INFO - [2024-06-10T15:38:39.366-0300] {dagbag.py:545} INFO - Filling up the DagBag from /home/pedro/.local/lib/python3.10/site-packages/airflow/example_dags/subdags/subdag.py
[2024-06-10T15:38:39.369-0300] {processor.py:842} WARNING - No viable dags retrieved from /home/pedro/.local/lib/python3.10/site-packages/airflow/example_dags/subdags/subdag.py
[2024-06-10T15:38:39.376-0300] {processor.py:183} INFO - Processing /home/pedro/.local/lib/python3.10/site-packages/airflow/example_dags/subdags/subdag.py took 0.016 seconds
[2024-06-10T15:39:40.512-0300] {processor.py:161} INFO - Started process (PID=11168) to work on /home/pedro/.local/lib/python3.10/site-packages/airflow/example_dags/subdags/subdag.py
[2024-06-10T15:39:40.515-0300] {processor.py:830} INFO - Processing file /home/pedro/.local/lib/python3.10/site-packages/airflow/example_dags/subdags/subdag.py for tasks to queue
[2024-06-10T15:39:40.516-0300] {logging_mixin.py:188} INFO - [2024-06-10T15:39:40.516-0300] {dagbag.py:545} INFO - Filling up the DagBag from /home/pedro/.local/lib/python3.10/site-packages/airflow/example_dags/subdags/subdag.py
[2024-06-10T15:39:40.519-0300] {processor.py:842} WARNING - No viable dags retrieved from /home/pedro/.local/lib/python3.10/site-packages/airflow/example_dags/subdags/subdag.py
[2024-06-10T15:39:40.528-0300] {processor.py:183} INFO - Processing /home/pedro/.local/lib/python3.10/site-packages/airflow/example_dags/subdags/subdag.py took 0.021 seconds
[2024-06-10T15:40:43.622-0300] {processor.py:161} INFO - Started process (PID=11297) to work on /home/pedro/.local/lib/python3.10/site-packages/airflow/example_dags/subdags/subdag.py
[2024-06-10T15:40:43.625-0300] {processor.py:830} INFO - Processing file /home/pedro/.local/lib/python3.10/site-packages/airflow/example_dags/subdags/subdag.py for tasks to queue
[2024-06-10T15:40:43.627-0300] {logging_mixin.py:188} INFO - [2024-06-10T15:40:43.626-0300] {dagbag.py:545} INFO - Filling up the DagBag from /home/pedro/.local/lib/python3.10/site-packages/airflow/example_dags/subdags/subdag.py
[2024-06-10T15:40:43.629-0300] {processor.py:842} WARNING - No viable dags retrieved from /home/pedro/.local/lib/python3.10/site-packages/airflow/example_dags/subdags/subdag.py
[2024-06-10T15:40:43.638-0300] {processor.py:183} INFO - Processing /home/pedro/.local/lib/python3.10/site-packages/airflow/example_dags/subdags/subdag.py took 0.021 seconds
[2024-06-10T15:41:45.739-0300] {processor.py:161} INFO - Started process (PID=11456) to work on /home/pedro/.local/lib/python3.10/site-packages/airflow/example_dags/subdags/subdag.py
[2024-06-10T15:41:45.742-0300] {processor.py:830} INFO - Processing file /home/pedro/.local/lib/python3.10/site-packages/airflow/example_dags/subdags/subdag.py for tasks to queue
[2024-06-10T15:41:45.744-0300] {logging_mixin.py:188} INFO - [2024-06-10T15:41:45.744-0300] {dagbag.py:545} INFO - Filling up the DagBag from /home/pedro/.local/lib/python3.10/site-packages/airflow/example_dags/subdags/subdag.py
[2024-06-10T15:41:45.747-0300] {processor.py:842} WARNING - No viable dags retrieved from /home/pedro/.local/lib/python3.10/site-packages/airflow/example_dags/subdags/subdag.py
[2024-06-10T15:41:45.755-0300] {processor.py:183} INFO - Processing /home/pedro/.local/lib/python3.10/site-packages/airflow/example_dags/subdags/subdag.py took 0.019 seconds
[2024-06-10T15:42:49.671-0300] {processor.py:161} INFO - Started process (PID=11583) to work on /home/pedro/.local/lib/python3.10/site-packages/airflow/example_dags/subdags/subdag.py
[2024-06-10T15:42:49.674-0300] {processor.py:830} INFO - Processing file /home/pedro/.local/lib/python3.10/site-packages/airflow/example_dags/subdags/subdag.py for tasks to queue
[2024-06-10T15:42:49.677-0300] {logging_mixin.py:188} INFO - [2024-06-10T15:42:49.676-0300] {dagbag.py:545} INFO - Filling up the DagBag from /home/pedro/.local/lib/python3.10/site-packages/airflow/example_dags/subdags/subdag.py
[2024-06-10T15:42:49.679-0300] {processor.py:842} WARNING - No viable dags retrieved from /home/pedro/.local/lib/python3.10/site-packages/airflow/example_dags/subdags/subdag.py
[2024-06-10T15:42:49.688-0300] {processor.py:183} INFO - Processing /home/pedro/.local/lib/python3.10/site-packages/airflow/example_dags/subdags/subdag.py took 0.021 seconds
[2024-06-10T15:43:56.794-0300] {processor.py:161} INFO - Started process (PID=11896) to work on /home/pedro/.local/lib/python3.10/site-packages/airflow/example_dags/subdags/subdag.py
[2024-06-10T15:43:56.797-0300] {processor.py:830} INFO - Processing file /home/pedro/.local/lib/python3.10/site-packages/airflow/example_dags/subdags/subdag.py for tasks to queue
[2024-06-10T15:43:56.800-0300] {logging_mixin.py:188} INFO - [2024-06-10T15:43:56.799-0300] {dagbag.py:545} INFO - Filling up the DagBag from /home/pedro/.local/lib/python3.10/site-packages/airflow/example_dags/subdags/subdag.py
[2024-06-10T15:43:56.802-0300] {processor.py:842} WARNING - No viable dags retrieved from /home/pedro/.local/lib/python3.10/site-packages/airflow/example_dags/subdags/subdag.py
[2024-06-10T15:43:56.810-0300] {processor.py:183} INFO - Processing /home/pedro/.local/lib/python3.10/site-packages/airflow/example_dags/subdags/subdag.py took 0.019 seconds
[2024-06-10T15:44:59.969-0300] {processor.py:161} INFO - Started process (PID=12108) to work on /home/pedro/.local/lib/python3.10/site-packages/airflow/example_dags/subdags/subdag.py
[2024-06-10T15:44:59.972-0300] {processor.py:830} INFO - Processing file /home/pedro/.local/lib/python3.10/site-packages/airflow/example_dags/subdags/subdag.py for tasks to queue
[2024-06-10T15:44:59.974-0300] {logging_mixin.py:188} INFO - [2024-06-10T15:44:59.974-0300] {dagbag.py:545} INFO - Filling up the DagBag from /home/pedro/.local/lib/python3.10/site-packages/airflow/example_dags/subdags/subdag.py
[2024-06-10T15:44:59.977-0300] {processor.py:842} WARNING - No viable dags retrieved from /home/pedro/.local/lib/python3.10/site-packages/airflow/example_dags/subdags/subdag.py
[2024-06-10T15:44:59.986-0300] {processor.py:183} INFO - Processing /home/pedro/.local/lib/python3.10/site-packages/airflow/example_dags/subdags/subdag.py took 0.022 seconds
[2024-06-10T15:46:04.606-0300] {processor.py:161} INFO - Started process (PID=12262) to work on /home/pedro/.local/lib/python3.10/site-packages/airflow/example_dags/subdags/subdag.py
[2024-06-10T15:46:04.609-0300] {processor.py:830} INFO - Processing file /home/pedro/.local/lib/python3.10/site-packages/airflow/example_dags/subdags/subdag.py for tasks to queue
[2024-06-10T15:46:04.611-0300] {logging_mixin.py:188} INFO - [2024-06-10T15:46:04.611-0300] {dagbag.py:545} INFO - Filling up the DagBag from /home/pedro/.local/lib/python3.10/site-packages/airflow/example_dags/subdags/subdag.py
[2024-06-10T15:46:04.614-0300] {processor.py:842} WARNING - No viable dags retrieved from /home/pedro/.local/lib/python3.10/site-packages/airflow/example_dags/subdags/subdag.py
[2024-06-10T15:46:04.622-0300] {processor.py:183} INFO - Processing /home/pedro/.local/lib/python3.10/site-packages/airflow/example_dags/subdags/subdag.py took 0.021 seconds
[2024-06-10T15:47:04.341-0300] {processor.py:161} INFO - Started process (PID=12400) to work on /home/pedro/.local/lib/python3.10/site-packages/airflow/example_dags/subdags/subdag.py
[2024-06-10T15:47:04.344-0300] {processor.py:830} INFO - Processing file /home/pedro/.local/lib/python3.10/site-packages/airflow/example_dags/subdags/subdag.py for tasks to queue
[2024-06-10T15:47:04.346-0300] {logging_mixin.py:188} INFO - [2024-06-10T15:47:04.345-0300] {dagbag.py:545} INFO - Filling up the DagBag from /home/pedro/.local/lib/python3.10/site-packages/airflow/example_dags/subdags/subdag.py
[2024-06-10T15:47:04.348-0300] {processor.py:842} WARNING - No viable dags retrieved from /home/pedro/.local/lib/python3.10/site-packages/airflow/example_dags/subdags/subdag.py
[2024-06-10T15:47:04.355-0300] {processor.py:183} INFO - Processing /home/pedro/.local/lib/python3.10/site-packages/airflow/example_dags/subdags/subdag.py took 0.023 seconds
[2024-06-10T15:48:05.998-0300] {processor.py:161} INFO - Started process (PID=12728) to work on /home/pedro/.local/lib/python3.10/site-packages/airflow/example_dags/subdags/subdag.py
[2024-06-10T15:48:06.001-0300] {processor.py:830} INFO - Processing file /home/pedro/.local/lib/python3.10/site-packages/airflow/example_dags/subdags/subdag.py for tasks to queue
[2024-06-10T15:48:06.003-0300] {logging_mixin.py:188} INFO - [2024-06-10T15:48:06.002-0300] {dagbag.py:545} INFO - Filling up the DagBag from /home/pedro/.local/lib/python3.10/site-packages/airflow/example_dags/subdags/subdag.py
[2024-06-10T15:48:06.006-0300] {processor.py:842} WARNING - No viable dags retrieved from /home/pedro/.local/lib/python3.10/site-packages/airflow/example_dags/subdags/subdag.py
[2024-06-10T15:48:06.014-0300] {processor.py:183} INFO - Processing /home/pedro/.local/lib/python3.10/site-packages/airflow/example_dags/subdags/subdag.py took 0.022 seconds
[2024-06-10T15:49:12.314-0300] {processor.py:161} INFO - Started process (PID=12926) to work on /home/pedro/.local/lib/python3.10/site-packages/airflow/example_dags/subdags/subdag.py
[2024-06-10T15:49:12.317-0300] {processor.py:830} INFO - Processing file /home/pedro/.local/lib/python3.10/site-packages/airflow/example_dags/subdags/subdag.py for tasks to queue
[2024-06-10T15:49:12.319-0300] {logging_mixin.py:188} INFO - [2024-06-10T15:49:12.319-0300] {dagbag.py:545} INFO - Filling up the DagBag from /home/pedro/.local/lib/python3.10/site-packages/airflow/example_dags/subdags/subdag.py
[2024-06-10T15:49:12.322-0300] {processor.py:842} WARNING - No viable dags retrieved from /home/pedro/.local/lib/python3.10/site-packages/airflow/example_dags/subdags/subdag.py
[2024-06-10T15:49:12.330-0300] {processor.py:183} INFO - Processing /home/pedro/.local/lib/python3.10/site-packages/airflow/example_dags/subdags/subdag.py took 0.021 seconds
[2024-06-10T15:50:14.084-0300] {processor.py:161} INFO - Started process (PID=13067) to work on /home/pedro/.local/lib/python3.10/site-packages/airflow/example_dags/subdags/subdag.py
[2024-06-10T15:50:14.087-0300] {processor.py:830} INFO - Processing file /home/pedro/.local/lib/python3.10/site-packages/airflow/example_dags/subdags/subdag.py for tasks to queue
[2024-06-10T15:50:14.089-0300] {logging_mixin.py:188} INFO - [2024-06-10T15:50:14.089-0300] {dagbag.py:545} INFO - Filling up the DagBag from /home/pedro/.local/lib/python3.10/site-packages/airflow/example_dags/subdags/subdag.py
[2024-06-10T15:50:14.092-0300] {processor.py:842} WARNING - No viable dags retrieved from /home/pedro/.local/lib/python3.10/site-packages/airflow/example_dags/subdags/subdag.py
[2024-06-10T15:50:14.099-0300] {processor.py:183} INFO - Processing /home/pedro/.local/lib/python3.10/site-packages/airflow/example_dags/subdags/subdag.py took 0.019 seconds
[2024-06-10T15:51:19.249-0300] {processor.py:161} INFO - Started process (PID=13232) to work on /home/pedro/.local/lib/python3.10/site-packages/airflow/example_dags/subdags/subdag.py
[2024-06-10T15:51:19.252-0300] {processor.py:830} INFO - Processing file /home/pedro/.local/lib/python3.10/site-packages/airflow/example_dags/subdags/subdag.py for tasks to queue
[2024-06-10T15:51:19.253-0300] {logging_mixin.py:188} INFO - [2024-06-10T15:51:19.252-0300] {dagbag.py:545} INFO - Filling up the DagBag from /home/pedro/.local/lib/python3.10/site-packages/airflow/example_dags/subdags/subdag.py
[2024-06-10T15:51:19.255-0300] {processor.py:842} WARNING - No viable dags retrieved from /home/pedro/.local/lib/python3.10/site-packages/airflow/example_dags/subdags/subdag.py
[2024-06-10T15:51:19.264-0300] {processor.py:183} INFO - Processing /home/pedro/.local/lib/python3.10/site-packages/airflow/example_dags/subdags/subdag.py took 0.021 seconds
[2024-06-10T15:52:21.812-0300] {processor.py:161} INFO - Started process (PID=13375) to work on /home/pedro/.local/lib/python3.10/site-packages/airflow/example_dags/subdags/subdag.py
[2024-06-10T15:52:21.816-0300] {processor.py:830} INFO - Processing file /home/pedro/.local/lib/python3.10/site-packages/airflow/example_dags/subdags/subdag.py for tasks to queue
[2024-06-10T15:52:21.818-0300] {logging_mixin.py:188} INFO - [2024-06-10T15:52:21.817-0300] {dagbag.py:545} INFO - Filling up the DagBag from /home/pedro/.local/lib/python3.10/site-packages/airflow/example_dags/subdags/subdag.py
[2024-06-10T15:52:21.821-0300] {processor.py:842} WARNING - No viable dags retrieved from /home/pedro/.local/lib/python3.10/site-packages/airflow/example_dags/subdags/subdag.py
[2024-06-10T15:52:21.829-0300] {processor.py:183} INFO - Processing /home/pedro/.local/lib/python3.10/site-packages/airflow/example_dags/subdags/subdag.py took 0.021 seconds
[2024-06-10T15:53:24.558-0300] {processor.py:161} INFO - Started process (PID=13521) to work on /home/pedro/.local/lib/python3.10/site-packages/airflow/example_dags/subdags/subdag.py
[2024-06-10T15:53:24.562-0300] {processor.py:830} INFO - Processing file /home/pedro/.local/lib/python3.10/site-packages/airflow/example_dags/subdags/subdag.py for tasks to queue
[2024-06-10T15:53:24.563-0300] {logging_mixin.py:188} INFO - [2024-06-10T15:53:24.563-0300] {dagbag.py:545} INFO - Filling up the DagBag from /home/pedro/.local/lib/python3.10/site-packages/airflow/example_dags/subdags/subdag.py
[2024-06-10T15:53:24.565-0300] {processor.py:842} WARNING - No viable dags retrieved from /home/pedro/.local/lib/python3.10/site-packages/airflow/example_dags/subdags/subdag.py
[2024-06-10T15:53:24.572-0300] {processor.py:183} INFO - Processing /home/pedro/.local/lib/python3.10/site-packages/airflow/example_dags/subdags/subdag.py took 0.021 seconds
[2024-06-10T15:54:28.309-0300] {processor.py:161} INFO - Started process (PID=13683) to work on /home/pedro/.local/lib/python3.10/site-packages/airflow/example_dags/subdags/subdag.py
[2024-06-10T15:54:28.312-0300] {processor.py:830} INFO - Processing file /home/pedro/.local/lib/python3.10/site-packages/airflow/example_dags/subdags/subdag.py for tasks to queue
[2024-06-10T15:54:28.314-0300] {logging_mixin.py:188} INFO - [2024-06-10T15:54:28.313-0300] {dagbag.py:545} INFO - Filling up the DagBag from /home/pedro/.local/lib/python3.10/site-packages/airflow/example_dags/subdags/subdag.py
[2024-06-10T15:54:28.316-0300] {processor.py:842} WARNING - No viable dags retrieved from /home/pedro/.local/lib/python3.10/site-packages/airflow/example_dags/subdags/subdag.py
[2024-06-10T15:54:28.324-0300] {processor.py:183} INFO - Processing /home/pedro/.local/lib/python3.10/site-packages/airflow/example_dags/subdags/subdag.py took 0.018 seconds
[2024-06-10T15:55:12.514-0300] {processor.py:161} INFO - Started process (PID=13790) to work on /home/pedro/.local/lib/python3.10/site-packages/airflow/example_dags/subdags/subdag.py
[2024-06-10T15:55:12.517-0300] {processor.py:830} INFO - Processing file /home/pedro/.local/lib/python3.10/site-packages/airflow/example_dags/subdags/subdag.py for tasks to queue
[2024-06-10T15:55:12.518-0300] {logging_mixin.py:188} INFO - [2024-06-10T15:55:12.518-0300] {dagbag.py:545} INFO - Filling up the DagBag from /home/pedro/.local/lib/python3.10/site-packages/airflow/example_dags/subdags/subdag.py
[2024-06-10T15:55:12.521-0300] {processor.py:842} WARNING - No viable dags retrieved from /home/pedro/.local/lib/python3.10/site-packages/airflow/example_dags/subdags/subdag.py
[2024-06-10T15:55:12.529-0300] {processor.py:183} INFO - Processing /home/pedro/.local/lib/python3.10/site-packages/airflow/example_dags/subdags/subdag.py took 0.020 seconds
[2024-06-10T15:56:14.732-0300] {processor.py:161} INFO - Started process (PID=13945) to work on /home/pedro/.local/lib/python3.10/site-packages/airflow/example_dags/subdags/subdag.py
[2024-06-10T15:56:14.735-0300] {processor.py:830} INFO - Processing file /home/pedro/.local/lib/python3.10/site-packages/airflow/example_dags/subdags/subdag.py for tasks to queue
[2024-06-10T15:56:14.737-0300] {logging_mixin.py:188} INFO - [2024-06-10T15:56:14.736-0300] {dagbag.py:545} INFO - Filling up the DagBag from /home/pedro/.local/lib/python3.10/site-packages/airflow/example_dags/subdags/subdag.py
[2024-06-10T15:56:14.739-0300] {processor.py:842} WARNING - No viable dags retrieved from /home/pedro/.local/lib/python3.10/site-packages/airflow/example_dags/subdags/subdag.py
[2024-06-10T15:56:14.747-0300] {processor.py:183} INFO - Processing /home/pedro/.local/lib/python3.10/site-packages/airflow/example_dags/subdags/subdag.py took 0.019 seconds
[2024-06-10T15:57:19.577-0300] {processor.py:161} INFO - Started process (PID=14091) to work on /home/pedro/.local/lib/python3.10/site-packages/airflow/example_dags/subdags/subdag.py
[2024-06-10T15:57:19.579-0300] {processor.py:830} INFO - Processing file /home/pedro/.local/lib/python3.10/site-packages/airflow/example_dags/subdags/subdag.py for tasks to queue
[2024-06-10T15:57:19.581-0300] {logging_mixin.py:188} INFO - [2024-06-10T15:57:19.580-0300] {dagbag.py:545} INFO - Filling up the DagBag from /home/pedro/.local/lib/python3.10/site-packages/airflow/example_dags/subdags/subdag.py
[2024-06-10T15:57:19.583-0300] {processor.py:842} WARNING - No viable dags retrieved from /home/pedro/.local/lib/python3.10/site-packages/airflow/example_dags/subdags/subdag.py
[2024-06-10T15:57:19.589-0300] {processor.py:183} INFO - Processing /home/pedro/.local/lib/python3.10/site-packages/airflow/example_dags/subdags/subdag.py took 0.020 seconds
[2024-06-10T15:58:04.868-0300] {processor.py:161} INFO - Started process (PID=14186) to work on /home/pedro/.local/lib/python3.10/site-packages/airflow/example_dags/subdags/subdag.py
[2024-06-10T15:58:04.871-0300] {processor.py:830} INFO - Processing file /home/pedro/.local/lib/python3.10/site-packages/airflow/example_dags/subdags/subdag.py for tasks to queue
[2024-06-10T15:58:04.873-0300] {logging_mixin.py:188} INFO - [2024-06-10T15:58:04.873-0300] {dagbag.py:545} INFO - Filling up the DagBag from /home/pedro/.local/lib/python3.10/site-packages/airflow/example_dags/subdags/subdag.py
[2024-06-10T15:58:04.876-0300] {processor.py:842} WARNING - No viable dags retrieved from /home/pedro/.local/lib/python3.10/site-packages/airflow/example_dags/subdags/subdag.py
[2024-06-10T15:58:04.885-0300] {processor.py:183} INFO - Processing /home/pedro/.local/lib/python3.10/site-packages/airflow/example_dags/subdags/subdag.py took 0.022 seconds
[2024-06-10T15:59:10.491-0300] {processor.py:161} INFO - Started process (PID=14322) to work on /home/pedro/.local/lib/python3.10/site-packages/airflow/example_dags/subdags/subdag.py
[2024-06-10T15:59:10.494-0300] {processor.py:830} INFO - Processing file /home/pedro/.local/lib/python3.10/site-packages/airflow/example_dags/subdags/subdag.py for tasks to queue
[2024-06-10T15:59:10.496-0300] {logging_mixin.py:188} INFO - [2024-06-10T15:59:10.496-0300] {dagbag.py:545} INFO - Filling up the DagBag from /home/pedro/.local/lib/python3.10/site-packages/airflow/example_dags/subdags/subdag.py
[2024-06-10T15:59:10.499-0300] {processor.py:842} WARNING - No viable dags retrieved from /home/pedro/.local/lib/python3.10/site-packages/airflow/example_dags/subdags/subdag.py
[2024-06-10T15:59:10.507-0300] {processor.py:183} INFO - Processing /home/pedro/.local/lib/python3.10/site-packages/airflow/example_dags/subdags/subdag.py took 0.019 seconds
[2024-06-10T16:00:12.236-0300] {processor.py:161} INFO - Started process (PID=14484) to work on /home/pedro/.local/lib/python3.10/site-packages/airflow/example_dags/subdags/subdag.py
[2024-06-10T16:00:12.237-0300] {processor.py:830} INFO - Processing file /home/pedro/.local/lib/python3.10/site-packages/airflow/example_dags/subdags/subdag.py for tasks to queue
[2024-06-10T16:00:12.238-0300] {logging_mixin.py:188} INFO - [2024-06-10T16:00:12.238-0300] {dagbag.py:545} INFO - Filling up the DagBag from /home/pedro/.local/lib/python3.10/site-packages/airflow/example_dags/subdags/subdag.py
[2024-06-10T16:00:12.240-0300] {processor.py:842} WARNING - No viable dags retrieved from /home/pedro/.local/lib/python3.10/site-packages/airflow/example_dags/subdags/subdag.py
[2024-06-10T16:00:12.246-0300] {processor.py:183} INFO - Processing /home/pedro/.local/lib/python3.10/site-packages/airflow/example_dags/subdags/subdag.py took 0.019 seconds
[2024-06-10T16:01:18.812-0300] {processor.py:161} INFO - Started process (PID=14651) to work on /home/pedro/.local/lib/python3.10/site-packages/airflow/example_dags/subdags/subdag.py
[2024-06-10T16:01:18.816-0300] {processor.py:830} INFO - Processing file /home/pedro/.local/lib/python3.10/site-packages/airflow/example_dags/subdags/subdag.py for tasks to queue
[2024-06-10T16:01:18.817-0300] {logging_mixin.py:188} INFO - [2024-06-10T16:01:18.817-0300] {dagbag.py:545} INFO - Filling up the DagBag from /home/pedro/.local/lib/python3.10/site-packages/airflow/example_dags/subdags/subdag.py
[2024-06-10T16:01:18.819-0300] {processor.py:842} WARNING - No viable dags retrieved from /home/pedro/.local/lib/python3.10/site-packages/airflow/example_dags/subdags/subdag.py
[2024-06-10T16:01:18.827-0300] {processor.py:183} INFO - Processing /home/pedro/.local/lib/python3.10/site-packages/airflow/example_dags/subdags/subdag.py took 0.019 seconds
[2024-06-10T16:02:26.136-0300] {processor.py:161} INFO - Started process (PID=14826) to work on /home/pedro/.local/lib/python3.10/site-packages/airflow/example_dags/subdags/subdag.py
[2024-06-10T16:02:26.139-0300] {processor.py:830} INFO - Processing file /home/pedro/.local/lib/python3.10/site-packages/airflow/example_dags/subdags/subdag.py for tasks to queue
[2024-06-10T16:02:26.142-0300] {logging_mixin.py:188} INFO - [2024-06-10T16:02:26.141-0300] {dagbag.py:545} INFO - Filling up the DagBag from /home/pedro/.local/lib/python3.10/site-packages/airflow/example_dags/subdags/subdag.py
[2024-06-10T16:02:26.144-0300] {processor.py:842} WARNING - No viable dags retrieved from /home/pedro/.local/lib/python3.10/site-packages/airflow/example_dags/subdags/subdag.py
[2024-06-10T16:02:26.150-0300] {processor.py:183} INFO - Processing /home/pedro/.local/lib/python3.10/site-packages/airflow/example_dags/subdags/subdag.py took 0.024 seconds
[2024-06-10T16:03:29.485-0300] {processor.py:161} INFO - Started process (PID=14963) to work on /home/pedro/.local/lib/python3.10/site-packages/airflow/example_dags/subdags/subdag.py
[2024-06-10T16:03:29.488-0300] {processor.py:830} INFO - Processing file /home/pedro/.local/lib/python3.10/site-packages/airflow/example_dags/subdags/subdag.py for tasks to queue
[2024-06-10T16:03:29.490-0300] {logging_mixin.py:188} INFO - [2024-06-10T16:03:29.490-0300] {dagbag.py:545} INFO - Filling up the DagBag from /home/pedro/.local/lib/python3.10/site-packages/airflow/example_dags/subdags/subdag.py
[2024-06-10T16:03:29.492-0300] {processor.py:842} WARNING - No viable dags retrieved from /home/pedro/.local/lib/python3.10/site-packages/airflow/example_dags/subdags/subdag.py
[2024-06-10T16:03:29.499-0300] {processor.py:183} INFO - Processing /home/pedro/.local/lib/python3.10/site-packages/airflow/example_dags/subdags/subdag.py took 0.018 seconds
[2024-06-10T16:04:31.108-0300] {processor.py:161} INFO - Started process (PID=15109) to work on /home/pedro/.local/lib/python3.10/site-packages/airflow/example_dags/subdags/subdag.py
[2024-06-10T16:04:31.112-0300] {processor.py:830} INFO - Processing file /home/pedro/.local/lib/python3.10/site-packages/airflow/example_dags/subdags/subdag.py for tasks to queue
[2024-06-10T16:04:31.114-0300] {logging_mixin.py:188} INFO - [2024-06-10T16:04:31.113-0300] {dagbag.py:545} INFO - Filling up the DagBag from /home/pedro/.local/lib/python3.10/site-packages/airflow/example_dags/subdags/subdag.py
[2024-06-10T16:04:31.116-0300] {processor.py:842} WARNING - No viable dags retrieved from /home/pedro/.local/lib/python3.10/site-packages/airflow/example_dags/subdags/subdag.py
[2024-06-10T16:04:31.125-0300] {processor.py:183} INFO - Processing /home/pedro/.local/lib/python3.10/site-packages/airflow/example_dags/subdags/subdag.py took 0.022 seconds
[2024-06-10T16:05:36.285-0300] {processor.py:161} INFO - Started process (PID=15266) to work on /home/pedro/.local/lib/python3.10/site-packages/airflow/example_dags/subdags/subdag.py
[2024-06-10T16:05:36.289-0300] {processor.py:830} INFO - Processing file /home/pedro/.local/lib/python3.10/site-packages/airflow/example_dags/subdags/subdag.py for tasks to queue
[2024-06-10T16:05:36.290-0300] {logging_mixin.py:188} INFO - [2024-06-10T16:05:36.290-0300] {dagbag.py:545} INFO - Filling up the DagBag from /home/pedro/.local/lib/python3.10/site-packages/airflow/example_dags/subdags/subdag.py
[2024-06-10T16:05:36.291-0300] {processor.py:842} WARNING - No viable dags retrieved from /home/pedro/.local/lib/python3.10/site-packages/airflow/example_dags/subdags/subdag.py
[2024-06-10T16:05:36.296-0300] {processor.py:183} INFO - Processing /home/pedro/.local/lib/python3.10/site-packages/airflow/example_dags/subdags/subdag.py took 0.015 seconds
[2024-06-10T16:06:38.971-0300] {processor.py:161} INFO - Started process (PID=15458) to work on /home/pedro/.local/lib/python3.10/site-packages/airflow/example_dags/subdags/subdag.py
[2024-06-10T16:06:38.975-0300] {processor.py:830} INFO - Processing file /home/pedro/.local/lib/python3.10/site-packages/airflow/example_dags/subdags/subdag.py for tasks to queue
[2024-06-10T16:06:38.978-0300] {logging_mixin.py:188} INFO - [2024-06-10T16:06:38.977-0300] {dagbag.py:545} INFO - Filling up the DagBag from /home/pedro/.local/lib/python3.10/site-packages/airflow/example_dags/subdags/subdag.py
[2024-06-10T16:06:38.980-0300] {processor.py:842} WARNING - No viable dags retrieved from /home/pedro/.local/lib/python3.10/site-packages/airflow/example_dags/subdags/subdag.py
[2024-06-10T16:06:38.987-0300] {processor.py:183} INFO - Processing /home/pedro/.local/lib/python3.10/site-packages/airflow/example_dags/subdags/subdag.py took 0.024 seconds
[2024-06-10T16:07:39.923-0300] {processor.py:161} INFO - Started process (PID=15592) to work on /home/pedro/.local/lib/python3.10/site-packages/airflow/example_dags/subdags/subdag.py
[2024-06-10T16:07:39.926-0300] {processor.py:830} INFO - Processing file /home/pedro/.local/lib/python3.10/site-packages/airflow/example_dags/subdags/subdag.py for tasks to queue
[2024-06-10T16:07:39.928-0300] {logging_mixin.py:188} INFO - [2024-06-10T16:07:39.927-0300] {dagbag.py:545} INFO - Filling up the DagBag from /home/pedro/.local/lib/python3.10/site-packages/airflow/example_dags/subdags/subdag.py
[2024-06-10T16:07:39.931-0300] {processor.py:842} WARNING - No viable dags retrieved from /home/pedro/.local/lib/python3.10/site-packages/airflow/example_dags/subdags/subdag.py
[2024-06-10T16:07:39.939-0300] {processor.py:183} INFO - Processing /home/pedro/.local/lib/python3.10/site-packages/airflow/example_dags/subdags/subdag.py took 0.021 seconds
[2024-06-10T16:08:24.589-0300] {processor.py:161} INFO - Started process (PID=15687) to work on /home/pedro/.local/lib/python3.10/site-packages/airflow/example_dags/subdags/subdag.py
[2024-06-10T16:08:24.590-0300] {processor.py:830} INFO - Processing file /home/pedro/.local/lib/python3.10/site-packages/airflow/example_dags/subdags/subdag.py for tasks to queue
[2024-06-10T16:08:24.592-0300] {logging_mixin.py:188} INFO - [2024-06-10T16:08:24.591-0300] {dagbag.py:545} INFO - Filling up the DagBag from /home/pedro/.local/lib/python3.10/site-packages/airflow/example_dags/subdags/subdag.py
[2024-06-10T16:08:24.594-0300] {processor.py:842} WARNING - No viable dags retrieved from /home/pedro/.local/lib/python3.10/site-packages/airflow/example_dags/subdags/subdag.py
[2024-06-10T16:08:24.602-0300] {processor.py:183} INFO - Processing /home/pedro/.local/lib/python3.10/site-packages/airflow/example_dags/subdags/subdag.py took 0.018 seconds
[2024-06-10T16:09:09.259-0300] {processor.py:161} INFO - Started process (PID=15788) to work on /home/pedro/.local/lib/python3.10/site-packages/airflow/example_dags/subdags/subdag.py
[2024-06-10T16:09:09.263-0300] {processor.py:830} INFO - Processing file /home/pedro/.local/lib/python3.10/site-packages/airflow/example_dags/subdags/subdag.py for tasks to queue
[2024-06-10T16:09:09.264-0300] {logging_mixin.py:188} INFO - [2024-06-10T16:09:09.263-0300] {dagbag.py:545} INFO - Filling up the DagBag from /home/pedro/.local/lib/python3.10/site-packages/airflow/example_dags/subdags/subdag.py
[2024-06-10T16:09:09.266-0300] {processor.py:842} WARNING - No viable dags retrieved from /home/pedro/.local/lib/python3.10/site-packages/airflow/example_dags/subdags/subdag.py
[2024-06-10T16:09:09.275-0300] {processor.py:183} INFO - Processing /home/pedro/.local/lib/python3.10/site-packages/airflow/example_dags/subdags/subdag.py took 0.019 seconds
[2024-06-10T16:10:13.482-0300] {processor.py:161} INFO - Started process (PID=16018) to work on /home/pedro/.local/lib/python3.10/site-packages/airflow/example_dags/subdags/subdag.py
[2024-06-10T16:10:13.486-0300] {processor.py:830} INFO - Processing file /home/pedro/.local/lib/python3.10/site-packages/airflow/example_dags/subdags/subdag.py for tasks to queue
[2024-06-10T16:10:13.488-0300] {logging_mixin.py:188} INFO - [2024-06-10T16:10:13.487-0300] {dagbag.py:545} INFO - Filling up the DagBag from /home/pedro/.local/lib/python3.10/site-packages/airflow/example_dags/subdags/subdag.py
[2024-06-10T16:10:13.490-0300] {processor.py:842} WARNING - No viable dags retrieved from /home/pedro/.local/lib/python3.10/site-packages/airflow/example_dags/subdags/subdag.py
[2024-06-10T16:10:13.499-0300] {processor.py:183} INFO - Processing /home/pedro/.local/lib/python3.10/site-packages/airflow/example_dags/subdags/subdag.py took 0.021 seconds
[2024-06-10T16:12:01.671-0300] {processor.py:161} INFO - Started process (PID=16831) to work on /home/pedro/.local/lib/python3.10/site-packages/airflow/example_dags/subdags/subdag.py
[2024-06-10T16:12:01.674-0300] {processor.py:830} INFO - Processing file /home/pedro/.local/lib/python3.10/site-packages/airflow/example_dags/subdags/subdag.py for tasks to queue
[2024-06-10T16:12:01.677-0300] {logging_mixin.py:188} INFO - [2024-06-10T16:12:01.676-0300] {dagbag.py:545} INFO - Filling up the DagBag from /home/pedro/.local/lib/python3.10/site-packages/airflow/example_dags/subdags/subdag.py
[2024-06-10T16:12:01.679-0300] {processor.py:842} WARNING - No viable dags retrieved from /home/pedro/.local/lib/python3.10/site-packages/airflow/example_dags/subdags/subdag.py
[2024-06-10T16:12:01.686-0300] {processor.py:183} INFO - Processing /home/pedro/.local/lib/python3.10/site-packages/airflow/example_dags/subdags/subdag.py took 0.025 seconds
[2024-06-10T16:13:06.192-0300] {processor.py:161} INFO - Started process (PID=17111) to work on /home/pedro/.local/lib/python3.10/site-packages/airflow/example_dags/subdags/subdag.py
[2024-06-10T16:13:06.193-0300] {processor.py:830} INFO - Processing file /home/pedro/.local/lib/python3.10/site-packages/airflow/example_dags/subdags/subdag.py for tasks to queue
[2024-06-10T16:13:06.194-0300] {logging_mixin.py:188} INFO - [2024-06-10T16:13:06.194-0300] {dagbag.py:545} INFO - Filling up the DagBag from /home/pedro/.local/lib/python3.10/site-packages/airflow/example_dags/subdags/subdag.py
[2024-06-10T16:13:06.195-0300] {processor.py:842} WARNING - No viable dags retrieved from /home/pedro/.local/lib/python3.10/site-packages/airflow/example_dags/subdags/subdag.py
[2024-06-10T16:13:06.256-0300] {processor.py:183} INFO - Processing /home/pedro/.local/lib/python3.10/site-packages/airflow/example_dags/subdags/subdag.py took 0.067 seconds
[2024-06-10T16:14:49.216-0300] {processor.py:161} INFO - Started process (PID=17865) to work on /home/pedro/.local/lib/python3.10/site-packages/airflow/example_dags/subdags/subdag.py
[2024-06-10T16:14:49.220-0300] {processor.py:830} INFO - Processing file /home/pedro/.local/lib/python3.10/site-packages/airflow/example_dags/subdags/subdag.py for tasks to queue
[2024-06-10T16:14:49.220-0300] {logging_mixin.py:188} INFO - [2024-06-10T16:14:49.220-0300] {dagbag.py:545} INFO - Filling up the DagBag from /home/pedro/.local/lib/python3.10/site-packages/airflow/example_dags/subdags/subdag.py
[2024-06-10T16:14:49.222-0300] {processor.py:842} WARNING - No viable dags retrieved from /home/pedro/.local/lib/python3.10/site-packages/airflow/example_dags/subdags/subdag.py
[2024-06-10T16:14:49.227-0300] {processor.py:183} INFO - Processing /home/pedro/.local/lib/python3.10/site-packages/airflow/example_dags/subdags/subdag.py took 0.014 seconds
[2024-06-10T16:16:35.374-0300] {processor.py:161} INFO - Started process (PID=18653) to work on /home/pedro/.local/lib/python3.10/site-packages/airflow/example_dags/subdags/subdag.py
[2024-06-10T16:16:35.377-0300] {processor.py:830} INFO - Processing file /home/pedro/.local/lib/python3.10/site-packages/airflow/example_dags/subdags/subdag.py for tasks to queue
[2024-06-10T16:16:35.379-0300] {logging_mixin.py:188} INFO - [2024-06-10T16:16:35.379-0300] {dagbag.py:545} INFO - Filling up the DagBag from /home/pedro/.local/lib/python3.10/site-packages/airflow/example_dags/subdags/subdag.py
[2024-06-10T16:16:35.381-0300] {processor.py:842} WARNING - No viable dags retrieved from /home/pedro/.local/lib/python3.10/site-packages/airflow/example_dags/subdags/subdag.py
[2024-06-10T16:16:35.387-0300] {processor.py:183} INFO - Processing /home/pedro/.local/lib/python3.10/site-packages/airflow/example_dags/subdags/subdag.py took 0.019 seconds
[2024-06-10T16:18:19.871-0300] {processor.py:161} INFO - Started process (PID=19445) to work on /home/pedro/.local/lib/python3.10/site-packages/airflow/example_dags/subdags/subdag.py
[2024-06-10T16:18:19.874-0300] {processor.py:830} INFO - Processing file /home/pedro/.local/lib/python3.10/site-packages/airflow/example_dags/subdags/subdag.py for tasks to queue
[2024-06-10T16:18:19.875-0300] {logging_mixin.py:188} INFO - [2024-06-10T16:18:19.875-0300] {dagbag.py:545} INFO - Filling up the DagBag from /home/pedro/.local/lib/python3.10/site-packages/airflow/example_dags/subdags/subdag.py
[2024-06-10T16:18:19.876-0300] {processor.py:842} WARNING - No viable dags retrieved from /home/pedro/.local/lib/python3.10/site-packages/airflow/example_dags/subdags/subdag.py
[2024-06-10T16:18:19.882-0300] {processor.py:183} INFO - Processing /home/pedro/.local/lib/python3.10/site-packages/airflow/example_dags/subdags/subdag.py took 0.014 seconds
[2024-06-10T16:19:57.909-0300] {processor.py:161} INFO - Started process (PID=20214) to work on /home/pedro/.local/lib/python3.10/site-packages/airflow/example_dags/subdags/subdag.py
[2024-06-10T16:19:57.912-0300] {processor.py:830} INFO - Processing file /home/pedro/.local/lib/python3.10/site-packages/airflow/example_dags/subdags/subdag.py for tasks to queue
[2024-06-10T16:19:57.914-0300] {logging_mixin.py:188} INFO - [2024-06-10T16:19:57.913-0300] {dagbag.py:545} INFO - Filling up the DagBag from /home/pedro/.local/lib/python3.10/site-packages/airflow/example_dags/subdags/subdag.py
[2024-06-10T16:19:57.916-0300] {processor.py:842} WARNING - No viable dags retrieved from /home/pedro/.local/lib/python3.10/site-packages/airflow/example_dags/subdags/subdag.py
[2024-06-10T16:19:57.924-0300] {processor.py:183} INFO - Processing /home/pedro/.local/lib/python3.10/site-packages/airflow/example_dags/subdags/subdag.py took 0.018 seconds
[2024-06-10T16:21:34.986-0300] {processor.py:161} INFO - Started process (PID=20991) to work on /home/pedro/.local/lib/python3.10/site-packages/airflow/example_dags/subdags/subdag.py
[2024-06-10T16:21:34.989-0300] {processor.py:830} INFO - Processing file /home/pedro/.local/lib/python3.10/site-packages/airflow/example_dags/subdags/subdag.py for tasks to queue
[2024-06-10T16:21:34.990-0300] {logging_mixin.py:188} INFO - [2024-06-10T16:21:34.990-0300] {dagbag.py:545} INFO - Filling up the DagBag from /home/pedro/.local/lib/python3.10/site-packages/airflow/example_dags/subdags/subdag.py
[2024-06-10T16:21:34.992-0300] {processor.py:842} WARNING - No viable dags retrieved from /home/pedro/.local/lib/python3.10/site-packages/airflow/example_dags/subdags/subdag.py
[2024-06-10T16:21:34.997-0300] {processor.py:183} INFO - Processing /home/pedro/.local/lib/python3.10/site-packages/airflow/example_dags/subdags/subdag.py took 0.014 seconds
[2024-06-10T16:23:12.938-0300] {processor.py:161} INFO - Started process (PID=21760) to work on /home/pedro/.local/lib/python3.10/site-packages/airflow/example_dags/subdags/subdag.py
[2024-06-10T16:23:12.939-0300] {processor.py:830} INFO - Processing file /home/pedro/.local/lib/python3.10/site-packages/airflow/example_dags/subdags/subdag.py for tasks to queue
[2024-06-10T16:23:12.939-0300] {logging_mixin.py:188} INFO - [2024-06-10T16:23:12.939-0300] {dagbag.py:545} INFO - Filling up the DagBag from /home/pedro/.local/lib/python3.10/site-packages/airflow/example_dags/subdags/subdag.py
[2024-06-10T16:23:12.940-0300] {processor.py:842} WARNING - No viable dags retrieved from /home/pedro/.local/lib/python3.10/site-packages/airflow/example_dags/subdags/subdag.py
[2024-06-10T16:23:12.947-0300] {processor.py:183} INFO - Processing /home/pedro/.local/lib/python3.10/site-packages/airflow/example_dags/subdags/subdag.py took 0.014 seconds
[2024-06-10T16:24:48.957-0300] {processor.py:161} INFO - Started process (PID=22498) to work on /home/pedro/.local/lib/python3.10/site-packages/airflow/example_dags/subdags/subdag.py
[2024-06-10T16:24:48.958-0300] {processor.py:830} INFO - Processing file /home/pedro/.local/lib/python3.10/site-packages/airflow/example_dags/subdags/subdag.py for tasks to queue
[2024-06-10T16:24:48.959-0300] {logging_mixin.py:188} INFO - [2024-06-10T16:24:48.959-0300] {dagbag.py:545} INFO - Filling up the DagBag from /home/pedro/.local/lib/python3.10/site-packages/airflow/example_dags/subdags/subdag.py
[2024-06-10T16:24:48.961-0300] {processor.py:842} WARNING - No viable dags retrieved from /home/pedro/.local/lib/python3.10/site-packages/airflow/example_dags/subdags/subdag.py
[2024-06-10T16:24:48.966-0300] {processor.py:183} INFO - Processing /home/pedro/.local/lib/python3.10/site-packages/airflow/example_dags/subdags/subdag.py took 0.016 seconds
[2024-06-10T16:26:23.473-0300] {processor.py:161} INFO - Started process (PID=23269) to work on /home/pedro/.local/lib/python3.10/site-packages/airflow/example_dags/subdags/subdag.py
[2024-06-10T16:26:23.476-0300] {processor.py:830} INFO - Processing file /home/pedro/.local/lib/python3.10/site-packages/airflow/example_dags/subdags/subdag.py for tasks to queue
[2024-06-10T16:26:23.477-0300] {logging_mixin.py:188} INFO - [2024-06-10T16:26:23.477-0300] {dagbag.py:545} INFO - Filling up the DagBag from /home/pedro/.local/lib/python3.10/site-packages/airflow/example_dags/subdags/subdag.py
[2024-06-10T16:26:23.478-0300] {processor.py:842} WARNING - No viable dags retrieved from /home/pedro/.local/lib/python3.10/site-packages/airflow/example_dags/subdags/subdag.py
[2024-06-10T16:26:23.483-0300] {processor.py:183} INFO - Processing /home/pedro/.local/lib/python3.10/site-packages/airflow/example_dags/subdags/subdag.py took 0.014 seconds
[2024-06-10T16:28:01.142-0300] {processor.py:161} INFO - Started process (PID=24036) to work on /home/pedro/.local/lib/python3.10/site-packages/airflow/example_dags/subdags/subdag.py
[2024-06-10T16:28:01.145-0300] {processor.py:830} INFO - Processing file /home/pedro/.local/lib/python3.10/site-packages/airflow/example_dags/subdags/subdag.py for tasks to queue
[2024-06-10T16:28:01.146-0300] {logging_mixin.py:188} INFO - [2024-06-10T16:28:01.146-0300] {dagbag.py:545} INFO - Filling up the DagBag from /home/pedro/.local/lib/python3.10/site-packages/airflow/example_dags/subdags/subdag.py
[2024-06-10T16:28:01.148-0300] {processor.py:842} WARNING - No viable dags retrieved from /home/pedro/.local/lib/python3.10/site-packages/airflow/example_dags/subdags/subdag.py
[2024-06-10T16:28:01.155-0300] {processor.py:183} INFO - Processing /home/pedro/.local/lib/python3.10/site-packages/airflow/example_dags/subdags/subdag.py took 0.016 seconds
[2024-06-10T16:29:38.505-0300] {processor.py:161} INFO - Started process (PID=24799) to work on /home/pedro/.local/lib/python3.10/site-packages/airflow/example_dags/subdags/subdag.py
[2024-06-10T16:29:38.508-0300] {processor.py:830} INFO - Processing file /home/pedro/.local/lib/python3.10/site-packages/airflow/example_dags/subdags/subdag.py for tasks to queue
[2024-06-10T16:29:38.509-0300] {logging_mixin.py:188} INFO - [2024-06-10T16:29:38.509-0300] {dagbag.py:545} INFO - Filling up the DagBag from /home/pedro/.local/lib/python3.10/site-packages/airflow/example_dags/subdags/subdag.py
[2024-06-10T16:29:38.510-0300] {processor.py:842} WARNING - No viable dags retrieved from /home/pedro/.local/lib/python3.10/site-packages/airflow/example_dags/subdags/subdag.py
[2024-06-10T16:29:38.515-0300] {processor.py:183} INFO - Processing /home/pedro/.local/lib/python3.10/site-packages/airflow/example_dags/subdags/subdag.py took 0.014 seconds
[2024-06-10T16:31:14.487-0300] {processor.py:161} INFO - Started process (PID=25608) to work on /home/pedro/.local/lib/python3.10/site-packages/airflow/example_dags/subdags/subdag.py
[2024-06-10T16:31:14.490-0300] {processor.py:830} INFO - Processing file /home/pedro/.local/lib/python3.10/site-packages/airflow/example_dags/subdags/subdag.py for tasks to queue
[2024-06-10T16:31:14.491-0300] {logging_mixin.py:188} INFO - [2024-06-10T16:31:14.491-0300] {dagbag.py:545} INFO - Filling up the DagBag from /home/pedro/.local/lib/python3.10/site-packages/airflow/example_dags/subdags/subdag.py
[2024-06-10T16:31:14.493-0300] {processor.py:842} WARNING - No viable dags retrieved from /home/pedro/.local/lib/python3.10/site-packages/airflow/example_dags/subdags/subdag.py
[2024-06-10T16:31:14.501-0300] {processor.py:183} INFO - Processing /home/pedro/.local/lib/python3.10/site-packages/airflow/example_dags/subdags/subdag.py took 0.018 seconds
[2024-06-10T16:32:41.799-0300] {processor.py:161} INFO - Started process (PID=26239) to work on /home/pedro/.local/lib/python3.10/site-packages/airflow/example_dags/subdags/subdag.py
[2024-06-10T16:32:41.802-0300] {processor.py:830} INFO - Processing file /home/pedro/.local/lib/python3.10/site-packages/airflow/example_dags/subdags/subdag.py for tasks to queue
[2024-06-10T16:32:41.805-0300] {logging_mixin.py:188} INFO - [2024-06-10T16:32:41.804-0300] {dagbag.py:545} INFO - Filling up the DagBag from /home/pedro/.local/lib/python3.10/site-packages/airflow/example_dags/subdags/subdag.py
[2024-06-10T16:32:41.807-0300] {processor.py:842} WARNING - No viable dags retrieved from /home/pedro/.local/lib/python3.10/site-packages/airflow/example_dags/subdags/subdag.py
[2024-06-10T16:32:41.815-0300] {processor.py:183} INFO - Processing /home/pedro/.local/lib/python3.10/site-packages/airflow/example_dags/subdags/subdag.py took 0.021 seconds
[2024-06-10T16:33:35.413-0300] {processor.py:161} INFO - Started process (PID=26359) to work on /home/pedro/.local/lib/python3.10/site-packages/airflow/example_dags/subdags/subdag.py
[2024-06-10T16:33:35.417-0300] {processor.py:830} INFO - Processing file /home/pedro/.local/lib/python3.10/site-packages/airflow/example_dags/subdags/subdag.py for tasks to queue
[2024-06-10T16:33:35.419-0300] {logging_mixin.py:188} INFO - [2024-06-10T16:33:35.418-0300] {dagbag.py:545} INFO - Filling up the DagBag from /home/pedro/.local/lib/python3.10/site-packages/airflow/example_dags/subdags/subdag.py
[2024-06-10T16:33:35.421-0300] {processor.py:842} WARNING - No viable dags retrieved from /home/pedro/.local/lib/python3.10/site-packages/airflow/example_dags/subdags/subdag.py
[2024-06-10T16:33:35.430-0300] {processor.py:183} INFO - Processing /home/pedro/.local/lib/python3.10/site-packages/airflow/example_dags/subdags/subdag.py took 0.021 seconds
[2024-06-10T16:34:21.926-0300] {processor.py:161} INFO - Started process (PID=26462) to work on /home/pedro/.local/lib/python3.10/site-packages/airflow/example_dags/subdags/subdag.py
[2024-06-10T16:34:21.929-0300] {processor.py:830} INFO - Processing file /home/pedro/.local/lib/python3.10/site-packages/airflow/example_dags/subdags/subdag.py for tasks to queue
[2024-06-10T16:34:21.931-0300] {logging_mixin.py:188} INFO - [2024-06-10T16:34:21.931-0300] {dagbag.py:545} INFO - Filling up the DagBag from /home/pedro/.local/lib/python3.10/site-packages/airflow/example_dags/subdags/subdag.py
[2024-06-10T16:34:21.934-0300] {processor.py:842} WARNING - No viable dags retrieved from /home/pedro/.local/lib/python3.10/site-packages/airflow/example_dags/subdags/subdag.py
[2024-06-10T16:34:21.942-0300] {processor.py:183} INFO - Processing /home/pedro/.local/lib/python3.10/site-packages/airflow/example_dags/subdags/subdag.py took 0.019 seconds
[2024-06-10T16:35:26.313-0300] {processor.py:161} INFO - Started process (PID=26606) to work on /home/pedro/.local/lib/python3.10/site-packages/airflow/example_dags/subdags/subdag.py
[2024-06-10T16:35:26.317-0300] {processor.py:830} INFO - Processing file /home/pedro/.local/lib/python3.10/site-packages/airflow/example_dags/subdags/subdag.py for tasks to queue
[2024-06-10T16:35:26.319-0300] {logging_mixin.py:188} INFO - [2024-06-10T16:35:26.319-0300] {dagbag.py:545} INFO - Filling up the DagBag from /home/pedro/.local/lib/python3.10/site-packages/airflow/example_dags/subdags/subdag.py
[2024-06-10T16:35:26.322-0300] {processor.py:842} WARNING - No viable dags retrieved from /home/pedro/.local/lib/python3.10/site-packages/airflow/example_dags/subdags/subdag.py
[2024-06-10T16:35:26.330-0300] {processor.py:183} INFO - Processing /home/pedro/.local/lib/python3.10/site-packages/airflow/example_dags/subdags/subdag.py took 0.026 seconds
[2024-06-10T16:36:33.175-0300] {processor.py:161} INFO - Started process (PID=26854) to work on /home/pedro/.local/lib/python3.10/site-packages/airflow/example_dags/subdags/subdag.py
[2024-06-10T16:36:33.179-0300] {processor.py:830} INFO - Processing file /home/pedro/.local/lib/python3.10/site-packages/airflow/example_dags/subdags/subdag.py for tasks to queue
[2024-06-10T16:36:33.182-0300] {logging_mixin.py:188} INFO - [2024-06-10T16:36:33.182-0300] {dagbag.py:545} INFO - Filling up the DagBag from /home/pedro/.local/lib/python3.10/site-packages/airflow/example_dags/subdags/subdag.py
[2024-06-10T16:36:33.185-0300] {processor.py:842} WARNING - No viable dags retrieved from /home/pedro/.local/lib/python3.10/site-packages/airflow/example_dags/subdags/subdag.py
[2024-06-10T16:36:33.191-0300] {processor.py:183} INFO - Processing /home/pedro/.local/lib/python3.10/site-packages/airflow/example_dags/subdags/subdag.py took 0.026 seconds
[2024-06-10T16:37:30.073-0300] {processor.py:161} INFO - Started process (PID=26990) to work on /home/pedro/.local/lib/python3.10/site-packages/airflow/example_dags/subdags/subdag.py
[2024-06-10T16:37:30.077-0300] {processor.py:830} INFO - Processing file /home/pedro/.local/lib/python3.10/site-packages/airflow/example_dags/subdags/subdag.py for tasks to queue
[2024-06-10T16:37:30.079-0300] {logging_mixin.py:188} INFO - [2024-06-10T16:37:30.078-0300] {dagbag.py:545} INFO - Filling up the DagBag from /home/pedro/.local/lib/python3.10/site-packages/airflow/example_dags/subdags/subdag.py
[2024-06-10T16:37:30.081-0300] {processor.py:842} WARNING - No viable dags retrieved from /home/pedro/.local/lib/python3.10/site-packages/airflow/example_dags/subdags/subdag.py
[2024-06-10T16:37:30.090-0300] {processor.py:183} INFO - Processing /home/pedro/.local/lib/python3.10/site-packages/airflow/example_dags/subdags/subdag.py took 0.021 seconds
[2024-06-10T16:38:28.219-0300] {processor.py:161} INFO - Started process (PID=27129) to work on /home/pedro/.local/lib/python3.10/site-packages/airflow/example_dags/subdags/subdag.py
[2024-06-10T16:38:28.222-0300] {processor.py:830} INFO - Processing file /home/pedro/.local/lib/python3.10/site-packages/airflow/example_dags/subdags/subdag.py for tasks to queue
[2024-06-10T16:38:28.224-0300] {logging_mixin.py:188} INFO - [2024-06-10T16:38:28.223-0300] {dagbag.py:545} INFO - Filling up the DagBag from /home/pedro/.local/lib/python3.10/site-packages/airflow/example_dags/subdags/subdag.py
[2024-06-10T16:38:28.226-0300] {processor.py:842} WARNING - No viable dags retrieved from /home/pedro/.local/lib/python3.10/site-packages/airflow/example_dags/subdags/subdag.py
[2024-06-10T16:38:28.235-0300] {processor.py:183} INFO - Processing /home/pedro/.local/lib/python3.10/site-packages/airflow/example_dags/subdags/subdag.py took 0.021 seconds
[2024-06-10T16:39:13.363-0300] {processor.py:161} INFO - Started process (PID=27231) to work on /home/pedro/.local/lib/python3.10/site-packages/airflow/example_dags/subdags/subdag.py
[2024-06-10T16:39:13.366-0300] {processor.py:830} INFO - Processing file /home/pedro/.local/lib/python3.10/site-packages/airflow/example_dags/subdags/subdag.py for tasks to queue
[2024-06-10T16:39:13.368-0300] {logging_mixin.py:188} INFO - [2024-06-10T16:39:13.368-0300] {dagbag.py:545} INFO - Filling up the DagBag from /home/pedro/.local/lib/python3.10/site-packages/airflow/example_dags/subdags/subdag.py
[2024-06-10T16:39:13.370-0300] {processor.py:842} WARNING - No viable dags retrieved from /home/pedro/.local/lib/python3.10/site-packages/airflow/example_dags/subdags/subdag.py
[2024-06-10T16:39:13.378-0300] {processor.py:183} INFO - Processing /home/pedro/.local/lib/python3.10/site-packages/airflow/example_dags/subdags/subdag.py took 0.024 seconds
[2024-06-10T16:39:59.131-0300] {processor.py:161} INFO - Started process (PID=27331) to work on /home/pedro/.local/lib/python3.10/site-packages/airflow/example_dags/subdags/subdag.py
[2024-06-10T16:39:59.135-0300] {processor.py:830} INFO - Processing file /home/pedro/.local/lib/python3.10/site-packages/airflow/example_dags/subdags/subdag.py for tasks to queue
[2024-06-10T16:39:59.137-0300] {logging_mixin.py:188} INFO - [2024-06-10T16:39:59.136-0300] {dagbag.py:545} INFO - Filling up the DagBag from /home/pedro/.local/lib/python3.10/site-packages/airflow/example_dags/subdags/subdag.py
[2024-06-10T16:39:59.140-0300] {processor.py:842} WARNING - No viable dags retrieved from /home/pedro/.local/lib/python3.10/site-packages/airflow/example_dags/subdags/subdag.py
[2024-06-10T16:39:59.148-0300] {processor.py:183} INFO - Processing /home/pedro/.local/lib/python3.10/site-packages/airflow/example_dags/subdags/subdag.py took 0.023 seconds
[2024-06-10T16:41:04.921-0300] {processor.py:161} INFO - Started process (PID=27505) to work on /home/pedro/.local/lib/python3.10/site-packages/airflow/example_dags/subdags/subdag.py
[2024-06-10T16:41:04.924-0300] {processor.py:830} INFO - Processing file /home/pedro/.local/lib/python3.10/site-packages/airflow/example_dags/subdags/subdag.py for tasks to queue
[2024-06-10T16:41:04.926-0300] {logging_mixin.py:188} INFO - [2024-06-10T16:41:04.926-0300] {dagbag.py:545} INFO - Filling up the DagBag from /home/pedro/.local/lib/python3.10/site-packages/airflow/example_dags/subdags/subdag.py
[2024-06-10T16:41:04.929-0300] {processor.py:842} WARNING - No viable dags retrieved from /home/pedro/.local/lib/python3.10/site-packages/airflow/example_dags/subdags/subdag.py
[2024-06-10T16:41:04.937-0300] {processor.py:183} INFO - Processing /home/pedro/.local/lib/python3.10/site-packages/airflow/example_dags/subdags/subdag.py took 0.019 seconds
[2024-06-10T16:42:08.278-0300] {processor.py:161} INFO - Started process (PID=27658) to work on /home/pedro/.local/lib/python3.10/site-packages/airflow/example_dags/subdags/subdag.py
[2024-06-10T16:42:08.281-0300] {processor.py:830} INFO - Processing file /home/pedro/.local/lib/python3.10/site-packages/airflow/example_dags/subdags/subdag.py for tasks to queue
[2024-06-10T16:42:08.283-0300] {logging_mixin.py:188} INFO - [2024-06-10T16:42:08.282-0300] {dagbag.py:545} INFO - Filling up the DagBag from /home/pedro/.local/lib/python3.10/site-packages/airflow/example_dags/subdags/subdag.py
[2024-06-10T16:42:08.286-0300] {processor.py:842} WARNING - No viable dags retrieved from /home/pedro/.local/lib/python3.10/site-packages/airflow/example_dags/subdags/subdag.py
[2024-06-10T16:42:08.294-0300] {processor.py:183} INFO - Processing /home/pedro/.local/lib/python3.10/site-packages/airflow/example_dags/subdags/subdag.py took 0.022 seconds
[2024-06-10T16:42:54.735-0300] {processor.py:161} INFO - Started process (PID=27762) to work on /home/pedro/.local/lib/python3.10/site-packages/airflow/example_dags/subdags/subdag.py
[2024-06-10T16:42:54.738-0300] {processor.py:830} INFO - Processing file /home/pedro/.local/lib/python3.10/site-packages/airflow/example_dags/subdags/subdag.py for tasks to queue
[2024-06-10T16:42:54.740-0300] {logging_mixin.py:188} INFO - [2024-06-10T16:42:54.740-0300] {dagbag.py:545} INFO - Filling up the DagBag from /home/pedro/.local/lib/python3.10/site-packages/airflow/example_dags/subdags/subdag.py
[2024-06-10T16:42:54.743-0300] {processor.py:842} WARNING - No viable dags retrieved from /home/pedro/.local/lib/python3.10/site-packages/airflow/example_dags/subdags/subdag.py
[2024-06-10T16:42:54.751-0300] {processor.py:183} INFO - Processing /home/pedro/.local/lib/python3.10/site-packages/airflow/example_dags/subdags/subdag.py took 0.021 seconds
[2024-06-10T16:43:59.162-0300] {processor.py:161} INFO - Started process (PID=27911) to work on /home/pedro/.local/lib/python3.10/site-packages/airflow/example_dags/subdags/subdag.py
[2024-06-10T16:43:59.165-0300] {processor.py:830} INFO - Processing file /home/pedro/.local/lib/python3.10/site-packages/airflow/example_dags/subdags/subdag.py for tasks to queue
[2024-06-10T16:43:59.167-0300] {logging_mixin.py:188} INFO - [2024-06-10T16:43:59.167-0300] {dagbag.py:545} INFO - Filling up the DagBag from /home/pedro/.local/lib/python3.10/site-packages/airflow/example_dags/subdags/subdag.py
[2024-06-10T16:43:59.170-0300] {processor.py:842} WARNING - No viable dags retrieved from /home/pedro/.local/lib/python3.10/site-packages/airflow/example_dags/subdags/subdag.py
[2024-06-10T16:43:59.178-0300] {processor.py:183} INFO - Processing /home/pedro/.local/lib/python3.10/site-packages/airflow/example_dags/subdags/subdag.py took 0.021 seconds
[2024-06-10T16:44:45.740-0300] {processor.py:161} INFO - Started process (PID=28026) to work on /home/pedro/.local/lib/python3.10/site-packages/airflow/example_dags/subdags/subdag.py
[2024-06-10T16:44:45.743-0300] {processor.py:830} INFO - Processing file /home/pedro/.local/lib/python3.10/site-packages/airflow/example_dags/subdags/subdag.py for tasks to queue
[2024-06-10T16:44:45.744-0300] {logging_mixin.py:188} INFO - [2024-06-10T16:44:45.744-0300] {dagbag.py:545} INFO - Filling up the DagBag from /home/pedro/.local/lib/python3.10/site-packages/airflow/example_dags/subdags/subdag.py
[2024-06-10T16:44:45.746-0300] {processor.py:842} WARNING - No viable dags retrieved from /home/pedro/.local/lib/python3.10/site-packages/airflow/example_dags/subdags/subdag.py
[2024-06-10T16:44:45.755-0300] {processor.py:183} INFO - Processing /home/pedro/.local/lib/python3.10/site-packages/airflow/example_dags/subdags/subdag.py took 0.020 seconds
[2024-06-10T16:45:31.871-0300] {processor.py:161} INFO - Started process (PID=28154) to work on /home/pedro/.local/lib/python3.10/site-packages/airflow/example_dags/subdags/subdag.py
[2024-06-10T16:45:31.874-0300] {processor.py:830} INFO - Processing file /home/pedro/.local/lib/python3.10/site-packages/airflow/example_dags/subdags/subdag.py for tasks to queue
[2024-06-10T16:45:31.877-0300] {logging_mixin.py:188} INFO - [2024-06-10T16:45:31.876-0300] {dagbag.py:545} INFO - Filling up the DagBag from /home/pedro/.local/lib/python3.10/site-packages/airflow/example_dags/subdags/subdag.py
[2024-06-10T16:45:31.879-0300] {processor.py:842} WARNING - No viable dags retrieved from /home/pedro/.local/lib/python3.10/site-packages/airflow/example_dags/subdags/subdag.py
[2024-06-10T16:45:31.888-0300] {processor.py:183} INFO - Processing /home/pedro/.local/lib/python3.10/site-packages/airflow/example_dags/subdags/subdag.py took 0.022 seconds
[2024-06-10T16:46:36.054-0300] {processor.py:161} INFO - Started process (PID=28335) to work on /home/pedro/.local/lib/python3.10/site-packages/airflow/example_dags/subdags/subdag.py
[2024-06-10T16:46:36.058-0300] {processor.py:830} INFO - Processing file /home/pedro/.local/lib/python3.10/site-packages/airflow/example_dags/subdags/subdag.py for tasks to queue
[2024-06-10T16:46:36.060-0300] {logging_mixin.py:188} INFO - [2024-06-10T16:46:36.059-0300] {dagbag.py:545} INFO - Filling up the DagBag from /home/pedro/.local/lib/python3.10/site-packages/airflow/example_dags/subdags/subdag.py
[2024-06-10T16:46:36.062-0300] {processor.py:842} WARNING - No viable dags retrieved from /home/pedro/.local/lib/python3.10/site-packages/airflow/example_dags/subdags/subdag.py
[2024-06-10T16:46:36.070-0300] {processor.py:183} INFO - Processing /home/pedro/.local/lib/python3.10/site-packages/airflow/example_dags/subdags/subdag.py took 0.021 seconds
[2024-06-10T16:47:42.932-0300] {processor.py:161} INFO - Started process (PID=28499) to work on /home/pedro/.local/lib/python3.10/site-packages/airflow/example_dags/subdags/subdag.py
[2024-06-10T16:47:42.933-0300] {processor.py:830} INFO - Processing file /home/pedro/.local/lib/python3.10/site-packages/airflow/example_dags/subdags/subdag.py for tasks to queue
[2024-06-10T16:47:42.933-0300] {logging_mixin.py:188} INFO - [2024-06-10T16:47:42.933-0300] {dagbag.py:545} INFO - Filling up the DagBag from /home/pedro/.local/lib/python3.10/site-packages/airflow/example_dags/subdags/subdag.py
[2024-06-10T16:47:42.934-0300] {processor.py:842} WARNING - No viable dags retrieved from /home/pedro/.local/lib/python3.10/site-packages/airflow/example_dags/subdags/subdag.py
[2024-06-10T16:47:42.941-0300] {processor.py:183} INFO - Processing /home/pedro/.local/lib/python3.10/site-packages/airflow/example_dags/subdags/subdag.py took 0.015 seconds
[2024-06-10T16:48:46.727-0300] {processor.py:161} INFO - Started process (PID=28643) to work on /home/pedro/.local/lib/python3.10/site-packages/airflow/example_dags/subdags/subdag.py
[2024-06-10T16:48:46.730-0300] {processor.py:830} INFO - Processing file /home/pedro/.local/lib/python3.10/site-packages/airflow/example_dags/subdags/subdag.py for tasks to queue
[2024-06-10T16:48:46.732-0300] {logging_mixin.py:188} INFO - [2024-06-10T16:48:46.732-0300] {dagbag.py:545} INFO - Filling up the DagBag from /home/pedro/.local/lib/python3.10/site-packages/airflow/example_dags/subdags/subdag.py
[2024-06-10T16:48:46.735-0300] {processor.py:842} WARNING - No viable dags retrieved from /home/pedro/.local/lib/python3.10/site-packages/airflow/example_dags/subdags/subdag.py
[2024-06-10T16:48:46.743-0300] {processor.py:183} INFO - Processing /home/pedro/.local/lib/python3.10/site-packages/airflow/example_dags/subdags/subdag.py took 0.021 seconds
[2024-06-10T16:49:50.865-0300] {processor.py:161} INFO - Started process (PID=28810) to work on /home/pedro/.local/lib/python3.10/site-packages/airflow/example_dags/subdags/subdag.py
[2024-06-10T16:49:50.869-0300] {processor.py:830} INFO - Processing file /home/pedro/.local/lib/python3.10/site-packages/airflow/example_dags/subdags/subdag.py for tasks to queue
[2024-06-10T16:49:50.871-0300] {logging_mixin.py:188} INFO - [2024-06-10T16:49:50.870-0300] {dagbag.py:545} INFO - Filling up the DagBag from /home/pedro/.local/lib/python3.10/site-packages/airflow/example_dags/subdags/subdag.py
[2024-06-10T16:49:50.873-0300] {processor.py:842} WARNING - No viable dags retrieved from /home/pedro/.local/lib/python3.10/site-packages/airflow/example_dags/subdags/subdag.py
[2024-06-10T16:49:50.881-0300] {processor.py:183} INFO - Processing /home/pedro/.local/lib/python3.10/site-packages/airflow/example_dags/subdags/subdag.py took 0.019 seconds
[2024-06-10T16:50:38.743-0300] {processor.py:161} INFO - Started process (PID=28916) to work on /home/pedro/.local/lib/python3.10/site-packages/airflow/example_dags/subdags/subdag.py
[2024-06-10T16:50:38.744-0300] {processor.py:830} INFO - Processing file /home/pedro/.local/lib/python3.10/site-packages/airflow/example_dags/subdags/subdag.py for tasks to queue
[2024-06-10T16:50:38.745-0300] {logging_mixin.py:188} INFO - [2024-06-10T16:50:38.745-0300] {dagbag.py:545} INFO - Filling up the DagBag from /home/pedro/.local/lib/python3.10/site-packages/airflow/example_dags/subdags/subdag.py
[2024-06-10T16:50:38.747-0300] {processor.py:842} WARNING - No viable dags retrieved from /home/pedro/.local/lib/python3.10/site-packages/airflow/example_dags/subdags/subdag.py
[2024-06-10T16:50:38.754-0300] {processor.py:183} INFO - Processing /home/pedro/.local/lib/python3.10/site-packages/airflow/example_dags/subdags/subdag.py took 0.014 seconds
[2024-06-10T16:51:25.994-0300] {processor.py:161} INFO - Started process (PID=29047) to work on /home/pedro/.local/lib/python3.10/site-packages/airflow/example_dags/subdags/subdag.py
[2024-06-10T16:51:25.997-0300] {processor.py:830} INFO - Processing file /home/pedro/.local/lib/python3.10/site-packages/airflow/example_dags/subdags/subdag.py for tasks to queue
[2024-06-10T16:51:25.999-0300] {logging_mixin.py:188} INFO - [2024-06-10T16:51:25.999-0300] {dagbag.py:545} INFO - Filling up the DagBag from /home/pedro/.local/lib/python3.10/site-packages/airflow/example_dags/subdags/subdag.py
[2024-06-10T16:51:26.002-0300] {processor.py:842} WARNING - No viable dags retrieved from /home/pedro/.local/lib/python3.10/site-packages/airflow/example_dags/subdags/subdag.py
[2024-06-10T16:51:26.010-0300] {processor.py:183} INFO - Processing /home/pedro/.local/lib/python3.10/site-packages/airflow/example_dags/subdags/subdag.py took 0.020 seconds
[2024-06-10T16:52:33.016-0300] {processor.py:161} INFO - Started process (PID=29208) to work on /home/pedro/.local/lib/python3.10/site-packages/airflow/example_dags/subdags/subdag.py
[2024-06-10T16:52:33.019-0300] {processor.py:830} INFO - Processing file /home/pedro/.local/lib/python3.10/site-packages/airflow/example_dags/subdags/subdag.py for tasks to queue
[2024-06-10T16:52:33.021-0300] {logging_mixin.py:188} INFO - [2024-06-10T16:52:33.020-0300] {dagbag.py:545} INFO - Filling up the DagBag from /home/pedro/.local/lib/python3.10/site-packages/airflow/example_dags/subdags/subdag.py
[2024-06-10T16:52:33.024-0300] {processor.py:842} WARNING - No viable dags retrieved from /home/pedro/.local/lib/python3.10/site-packages/airflow/example_dags/subdags/subdag.py
[2024-06-10T16:52:33.032-0300] {processor.py:183} INFO - Processing /home/pedro/.local/lib/python3.10/site-packages/airflow/example_dags/subdags/subdag.py took 0.021 seconds
[2024-06-10T16:53:39.832-0300] {processor.py:161} INFO - Started process (PID=29352) to work on /home/pedro/.local/lib/python3.10/site-packages/airflow/example_dags/subdags/subdag.py
[2024-06-10T16:53:39.835-0300] {processor.py:830} INFO - Processing file /home/pedro/.local/lib/python3.10/site-packages/airflow/example_dags/subdags/subdag.py for tasks to queue
[2024-06-10T16:53:39.837-0300] {logging_mixin.py:188} INFO - [2024-06-10T16:53:39.836-0300] {dagbag.py:545} INFO - Filling up the DagBag from /home/pedro/.local/lib/python3.10/site-packages/airflow/example_dags/subdags/subdag.py
[2024-06-10T16:53:39.840-0300] {processor.py:842} WARNING - No viable dags retrieved from /home/pedro/.local/lib/python3.10/site-packages/airflow/example_dags/subdags/subdag.py
[2024-06-10T16:53:39.848-0300] {processor.py:183} INFO - Processing /home/pedro/.local/lib/python3.10/site-packages/airflow/example_dags/subdags/subdag.py took 0.021 seconds
[2024-06-10T16:54:39.159-0300] {processor.py:161} INFO - Started process (PID=29508) to work on /home/pedro/.local/lib/python3.10/site-packages/airflow/example_dags/subdags/subdag.py
[2024-06-10T16:54:39.163-0300] {processor.py:830} INFO - Processing file /home/pedro/.local/lib/python3.10/site-packages/airflow/example_dags/subdags/subdag.py for tasks to queue
[2024-06-10T16:54:39.165-0300] {logging_mixin.py:188} INFO - [2024-06-10T16:54:39.164-0300] {dagbag.py:545} INFO - Filling up the DagBag from /home/pedro/.local/lib/python3.10/site-packages/airflow/example_dags/subdags/subdag.py
[2024-06-10T16:54:39.168-0300] {processor.py:842} WARNING - No viable dags retrieved from /home/pedro/.local/lib/python3.10/site-packages/airflow/example_dags/subdags/subdag.py
[2024-06-10T16:54:39.176-0300] {processor.py:183} INFO - Processing /home/pedro/.local/lib/python3.10/site-packages/airflow/example_dags/subdags/subdag.py took 0.022 seconds
[2024-06-10T16:55:45.990-0300] {processor.py:161} INFO - Started process (PID=29667) to work on /home/pedro/.local/lib/python3.10/site-packages/airflow/example_dags/subdags/subdag.py
[2024-06-10T16:55:45.994-0300] {processor.py:830} INFO - Processing file /home/pedro/.local/lib/python3.10/site-packages/airflow/example_dags/subdags/subdag.py for tasks to queue
[2024-06-10T16:55:45.996-0300] {logging_mixin.py:188} INFO - [2024-06-10T16:55:45.996-0300] {dagbag.py:545} INFO - Filling up the DagBag from /home/pedro/.local/lib/python3.10/site-packages/airflow/example_dags/subdags/subdag.py
[2024-06-10T16:55:45.999-0300] {processor.py:842} WARNING - No viable dags retrieved from /home/pedro/.local/lib/python3.10/site-packages/airflow/example_dags/subdags/subdag.py
[2024-06-10T16:55:46.007-0300] {processor.py:183} INFO - Processing /home/pedro/.local/lib/python3.10/site-packages/airflow/example_dags/subdags/subdag.py took 0.022 seconds
[2024-06-10T16:56:31.368-0300] {processor.py:161} INFO - Started process (PID=29800) to work on /home/pedro/.local/lib/python3.10/site-packages/airflow/example_dags/subdags/subdag.py
[2024-06-10T16:56:31.372-0300] {processor.py:830} INFO - Processing file /home/pedro/.local/lib/python3.10/site-packages/airflow/example_dags/subdags/subdag.py for tasks to queue
[2024-06-10T16:56:31.374-0300] {logging_mixin.py:188} INFO - [2024-06-10T16:56:31.373-0300] {dagbag.py:545} INFO - Filling up the DagBag from /home/pedro/.local/lib/python3.10/site-packages/airflow/example_dags/subdags/subdag.py
[2024-06-10T16:56:31.376-0300] {processor.py:842} WARNING - No viable dags retrieved from /home/pedro/.local/lib/python3.10/site-packages/airflow/example_dags/subdags/subdag.py
[2024-06-10T16:56:31.384-0300] {processor.py:183} INFO - Processing /home/pedro/.local/lib/python3.10/site-packages/airflow/example_dags/subdags/subdag.py took 0.020 seconds
[2024-06-10T16:57:37.166-0300] {processor.py:161} INFO - Started process (PID=29962) to work on /home/pedro/.local/lib/python3.10/site-packages/airflow/example_dags/subdags/subdag.py
[2024-06-10T16:57:37.169-0300] {processor.py:830} INFO - Processing file /home/pedro/.local/lib/python3.10/site-packages/airflow/example_dags/subdags/subdag.py for tasks to queue
[2024-06-10T16:57:37.171-0300] {logging_mixin.py:188} INFO - [2024-06-10T16:57:37.171-0300] {dagbag.py:545} INFO - Filling up the DagBag from /home/pedro/.local/lib/python3.10/site-packages/airflow/example_dags/subdags/subdag.py
[2024-06-10T16:57:37.174-0300] {processor.py:842} WARNING - No viable dags retrieved from /home/pedro/.local/lib/python3.10/site-packages/airflow/example_dags/subdags/subdag.py
[2024-06-10T16:57:37.183-0300] {processor.py:183} INFO - Processing /home/pedro/.local/lib/python3.10/site-packages/airflow/example_dags/subdags/subdag.py took 0.022 seconds
[2024-06-10T16:58:23.741-0300] {processor.py:161} INFO - Started process (PID=30086) to work on /home/pedro/.local/lib/python3.10/site-packages/airflow/example_dags/subdags/subdag.py
[2024-06-10T16:58:23.743-0300] {processor.py:830} INFO - Processing file /home/pedro/.local/lib/python3.10/site-packages/airflow/example_dags/subdags/subdag.py for tasks to queue
[2024-06-10T16:58:23.745-0300] {logging_mixin.py:188} INFO - [2024-06-10T16:58:23.744-0300] {dagbag.py:545} INFO - Filling up the DagBag from /home/pedro/.local/lib/python3.10/site-packages/airflow/example_dags/subdags/subdag.py
[2024-06-10T16:58:23.747-0300] {processor.py:842} WARNING - No viable dags retrieved from /home/pedro/.local/lib/python3.10/site-packages/airflow/example_dags/subdags/subdag.py
[2024-06-10T16:58:23.754-0300] {processor.py:183} INFO - Processing /home/pedro/.local/lib/python3.10/site-packages/airflow/example_dags/subdags/subdag.py took 0.017 seconds
[2024-06-10T16:59:09.827-0300] {processor.py:161} INFO - Started process (PID=30230) to work on /home/pedro/.local/lib/python3.10/site-packages/airflow/example_dags/subdags/subdag.py
[2024-06-10T16:59:09.828-0300] {processor.py:830} INFO - Processing file /home/pedro/.local/lib/python3.10/site-packages/airflow/example_dags/subdags/subdag.py for tasks to queue
[2024-06-10T16:59:09.830-0300] {logging_mixin.py:188} INFO - [2024-06-10T16:59:09.829-0300] {dagbag.py:545} INFO - Filling up the DagBag from /home/pedro/.local/lib/python3.10/site-packages/airflow/example_dags/subdags/subdag.py
[2024-06-10T16:59:09.831-0300] {processor.py:842} WARNING - No viable dags retrieved from /home/pedro/.local/lib/python3.10/site-packages/airflow/example_dags/subdags/subdag.py
[2024-06-10T16:59:09.836-0300] {processor.py:183} INFO - Processing /home/pedro/.local/lib/python3.10/site-packages/airflow/example_dags/subdags/subdag.py took 0.015 seconds
[2024-06-10T16:59:57.475-0300] {processor.py:161} INFO - Started process (PID=30358) to work on /home/pedro/.local/lib/python3.10/site-packages/airflow/example_dags/subdags/subdag.py
[2024-06-10T16:59:57.478-0300] {processor.py:830} INFO - Processing file /home/pedro/.local/lib/python3.10/site-packages/airflow/example_dags/subdags/subdag.py for tasks to queue
[2024-06-10T16:59:57.479-0300] {logging_mixin.py:188} INFO - [2024-06-10T16:59:57.479-0300] {dagbag.py:545} INFO - Filling up the DagBag from /home/pedro/.local/lib/python3.10/site-packages/airflow/example_dags/subdags/subdag.py
[2024-06-10T16:59:57.480-0300] {processor.py:842} WARNING - No viable dags retrieved from /home/pedro/.local/lib/python3.10/site-packages/airflow/example_dags/subdags/subdag.py
[2024-06-10T16:59:57.486-0300] {processor.py:183} INFO - Processing /home/pedro/.local/lib/python3.10/site-packages/airflow/example_dags/subdags/subdag.py took 0.016 seconds
[2024-06-10T17:01:05.916-0300] {processor.py:161} INFO - Started process (PID=30546) to work on /home/pedro/.local/lib/python3.10/site-packages/airflow/example_dags/subdags/subdag.py
[2024-06-10T17:01:05.919-0300] {processor.py:830} INFO - Processing file /home/pedro/.local/lib/python3.10/site-packages/airflow/example_dags/subdags/subdag.py for tasks to queue
[2024-06-10T17:01:05.921-0300] {logging_mixin.py:188} INFO - [2024-06-10T17:01:05.921-0300] {dagbag.py:545} INFO - Filling up the DagBag from /home/pedro/.local/lib/python3.10/site-packages/airflow/example_dags/subdags/subdag.py
[2024-06-10T17:01:05.924-0300] {processor.py:842} WARNING - No viable dags retrieved from /home/pedro/.local/lib/python3.10/site-packages/airflow/example_dags/subdags/subdag.py
[2024-06-10T17:01:05.932-0300] {processor.py:183} INFO - Processing /home/pedro/.local/lib/python3.10/site-packages/airflow/example_dags/subdags/subdag.py took 0.021 seconds
[2024-06-10T17:02:11.606-0300] {processor.py:161} INFO - Started process (PID=30706) to work on /home/pedro/.local/lib/python3.10/site-packages/airflow/example_dags/subdags/subdag.py
[2024-06-10T17:02:11.609-0300] {processor.py:830} INFO - Processing file /home/pedro/.local/lib/python3.10/site-packages/airflow/example_dags/subdags/subdag.py for tasks to queue
[2024-06-10T17:02:11.611-0300] {logging_mixin.py:188} INFO - [2024-06-10T17:02:11.610-0300] {dagbag.py:545} INFO - Filling up the DagBag from /home/pedro/.local/lib/python3.10/site-packages/airflow/example_dags/subdags/subdag.py
[2024-06-10T17:02:11.613-0300] {processor.py:842} WARNING - No viable dags retrieved from /home/pedro/.local/lib/python3.10/site-packages/airflow/example_dags/subdags/subdag.py
[2024-06-10T17:02:11.622-0300] {processor.py:183} INFO - Processing /home/pedro/.local/lib/python3.10/site-packages/airflow/example_dags/subdags/subdag.py took 0.019 seconds
[2024-06-10T17:02:56.296-0300] {processor.py:161} INFO - Started process (PID=30790) to work on /home/pedro/.local/lib/python3.10/site-packages/airflow/example_dags/subdags/subdag.py
[2024-06-10T17:02:56.299-0300] {processor.py:830} INFO - Processing file /home/pedro/.local/lib/python3.10/site-packages/airflow/example_dags/subdags/subdag.py for tasks to queue
[2024-06-10T17:02:56.302-0300] {logging_mixin.py:188} INFO - [2024-06-10T17:02:56.301-0300] {dagbag.py:545} INFO - Filling up the DagBag from /home/pedro/.local/lib/python3.10/site-packages/airflow/example_dags/subdags/subdag.py
[2024-06-10T17:02:56.304-0300] {processor.py:842} WARNING - No viable dags retrieved from /home/pedro/.local/lib/python3.10/site-packages/airflow/example_dags/subdags/subdag.py
[2024-06-10T17:02:56.313-0300] {processor.py:183} INFO - Processing /home/pedro/.local/lib/python3.10/site-packages/airflow/example_dags/subdags/subdag.py took 0.021 seconds
[2024-06-10T17:04:00.496-0300] {processor.py:161} INFO - Started process (PID=30904) to work on /home/pedro/.local/lib/python3.10/site-packages/airflow/example_dags/subdags/subdag.py
[2024-06-10T17:04:00.499-0300] {processor.py:830} INFO - Processing file /home/pedro/.local/lib/python3.10/site-packages/airflow/example_dags/subdags/subdag.py for tasks to queue
[2024-06-10T17:04:00.500-0300] {logging_mixin.py:188} INFO - [2024-06-10T17:04:00.500-0300] {dagbag.py:545} INFO - Filling up the DagBag from /home/pedro/.local/lib/python3.10/site-packages/airflow/example_dags/subdags/subdag.py
[2024-06-10T17:04:00.501-0300] {processor.py:842} WARNING - No viable dags retrieved from /home/pedro/.local/lib/python3.10/site-packages/airflow/example_dags/subdags/subdag.py
[2024-06-10T17:04:00.509-0300] {processor.py:183} INFO - Processing /home/pedro/.local/lib/python3.10/site-packages/airflow/example_dags/subdags/subdag.py took 0.017 seconds
[2024-06-10T17:05:03.438-0300] {processor.py:161} INFO - Started process (PID=31047) to work on /home/pedro/.local/lib/python3.10/site-packages/airflow/example_dags/subdags/subdag.py
[2024-06-10T17:05:03.442-0300] {processor.py:830} INFO - Processing file /home/pedro/.local/lib/python3.10/site-packages/airflow/example_dags/subdags/subdag.py for tasks to queue
[2024-06-10T17:05:03.443-0300] {logging_mixin.py:188} INFO - [2024-06-10T17:05:03.442-0300] {dagbag.py:545} INFO - Filling up the DagBag from /home/pedro/.local/lib/python3.10/site-packages/airflow/example_dags/subdags/subdag.py
[2024-06-10T17:05:03.444-0300] {processor.py:842} WARNING - No viable dags retrieved from /home/pedro/.local/lib/python3.10/site-packages/airflow/example_dags/subdags/subdag.py
[2024-06-10T17:05:03.450-0300] {processor.py:183} INFO - Processing /home/pedro/.local/lib/python3.10/site-packages/airflow/example_dags/subdags/subdag.py took 0.015 seconds
[2024-06-10T17:05:49.900-0300] {processor.py:161} INFO - Started process (PID=31152) to work on /home/pedro/.local/lib/python3.10/site-packages/airflow/example_dags/subdags/subdag.py
[2024-06-10T17:05:49.903-0300] {processor.py:830} INFO - Processing file /home/pedro/.local/lib/python3.10/site-packages/airflow/example_dags/subdags/subdag.py for tasks to queue
[2024-06-10T17:05:49.905-0300] {logging_mixin.py:188} INFO - [2024-06-10T17:05:49.905-0300] {dagbag.py:545} INFO - Filling up the DagBag from /home/pedro/.local/lib/python3.10/site-packages/airflow/example_dags/subdags/subdag.py
[2024-06-10T17:05:49.908-0300] {processor.py:842} WARNING - No viable dags retrieved from /home/pedro/.local/lib/python3.10/site-packages/airflow/example_dags/subdags/subdag.py
[2024-06-10T17:05:49.916-0300] {processor.py:183} INFO - Processing /home/pedro/.local/lib/python3.10/site-packages/airflow/example_dags/subdags/subdag.py took 0.022 seconds
[2024-06-10T17:06:54.689-0300] {processor.py:161} INFO - Started process (PID=31283) to work on /home/pedro/.local/lib/python3.10/site-packages/airflow/example_dags/subdags/subdag.py
[2024-06-10T17:06:54.693-0300] {processor.py:830} INFO - Processing file /home/pedro/.local/lib/python3.10/site-packages/airflow/example_dags/subdags/subdag.py for tasks to queue
[2024-06-10T17:06:54.695-0300] {logging_mixin.py:188} INFO - [2024-06-10T17:06:54.694-0300] {dagbag.py:545} INFO - Filling up the DagBag from /home/pedro/.local/lib/python3.10/site-packages/airflow/example_dags/subdags/subdag.py
[2024-06-10T17:06:54.698-0300] {processor.py:842} WARNING - No viable dags retrieved from /home/pedro/.local/lib/python3.10/site-packages/airflow/example_dags/subdags/subdag.py
[2024-06-10T17:06:54.706-0300] {processor.py:183} INFO - Processing /home/pedro/.local/lib/python3.10/site-packages/airflow/example_dags/subdags/subdag.py took 0.026 seconds
[2024-06-10T17:07:41.081-0300] {processor.py:161} INFO - Started process (PID=31365) to work on /home/pedro/.local/lib/python3.10/site-packages/airflow/example_dags/subdags/subdag.py
[2024-06-10T17:07:41.084-0300] {processor.py:830} INFO - Processing file /home/pedro/.local/lib/python3.10/site-packages/airflow/example_dags/subdags/subdag.py for tasks to queue
[2024-06-10T17:07:41.087-0300] {logging_mixin.py:188} INFO - [2024-06-10T17:07:41.086-0300] {dagbag.py:545} INFO - Filling up the DagBag from /home/pedro/.local/lib/python3.10/site-packages/airflow/example_dags/subdags/subdag.py
[2024-06-10T17:07:41.089-0300] {processor.py:842} WARNING - No viable dags retrieved from /home/pedro/.local/lib/python3.10/site-packages/airflow/example_dags/subdags/subdag.py
[2024-06-10T17:07:41.098-0300] {processor.py:183} INFO - Processing /home/pedro/.local/lib/python3.10/site-packages/airflow/example_dags/subdags/subdag.py took 0.021 seconds
[2024-06-10T17:08:47.142-0300] {processor.py:161} INFO - Started process (PID=31483) to work on /home/pedro/.local/lib/python3.10/site-packages/airflow/example_dags/subdags/subdag.py
[2024-06-10T17:08:47.144-0300] {processor.py:830} INFO - Processing file /home/pedro/.local/lib/python3.10/site-packages/airflow/example_dags/subdags/subdag.py for tasks to queue
[2024-06-10T17:08:47.145-0300] {logging_mixin.py:188} INFO - [2024-06-10T17:08:47.145-0300] {dagbag.py:545} INFO - Filling up the DagBag from /home/pedro/.local/lib/python3.10/site-packages/airflow/example_dags/subdags/subdag.py
[2024-06-10T17:08:47.148-0300] {processor.py:842} WARNING - No viable dags retrieved from /home/pedro/.local/lib/python3.10/site-packages/airflow/example_dags/subdags/subdag.py
[2024-06-10T17:08:47.154-0300] {processor.py:183} INFO - Processing /home/pedro/.local/lib/python3.10/site-packages/airflow/example_dags/subdags/subdag.py took 0.018 seconds
[2024-06-10T17:09:50.881-0300] {processor.py:161} INFO - Started process (PID=31586) to work on /home/pedro/.local/lib/python3.10/site-packages/airflow/example_dags/subdags/subdag.py
[2024-06-10T17:09:50.885-0300] {processor.py:830} INFO - Processing file /home/pedro/.local/lib/python3.10/site-packages/airflow/example_dags/subdags/subdag.py for tasks to queue
[2024-06-10T17:09:50.887-0300] {logging_mixin.py:188} INFO - [2024-06-10T17:09:50.887-0300] {dagbag.py:545} INFO - Filling up the DagBag from /home/pedro/.local/lib/python3.10/site-packages/airflow/example_dags/subdags/subdag.py
[2024-06-10T17:09:50.890-0300] {processor.py:842} WARNING - No viable dags retrieved from /home/pedro/.local/lib/python3.10/site-packages/airflow/example_dags/subdags/subdag.py
[2024-06-10T17:09:50.899-0300] {processor.py:183} INFO - Processing /home/pedro/.local/lib/python3.10/site-packages/airflow/example_dags/subdags/subdag.py took 0.023 seconds
[2024-06-10T17:10:38.947-0300] {processor.py:161} INFO - Started process (PID=32677) to work on /home/pedro/.local/lib/python3.10/site-packages/airflow/example_dags/subdags/subdag.py
[2024-06-10T17:10:38.950-0300] {processor.py:830} INFO - Processing file /home/pedro/.local/lib/python3.10/site-packages/airflow/example_dags/subdags/subdag.py for tasks to queue
[2024-06-10T17:10:38.951-0300] {logging_mixin.py:188} INFO - [2024-06-10T17:10:38.951-0300] {dagbag.py:545} INFO - Filling up the DagBag from /home/pedro/.local/lib/python3.10/site-packages/airflow/example_dags/subdags/subdag.py
[2024-06-10T17:10:38.953-0300] {processor.py:842} WARNING - No viable dags retrieved from /home/pedro/.local/lib/python3.10/site-packages/airflow/example_dags/subdags/subdag.py
[2024-06-10T17:10:38.962-0300] {processor.py:183} INFO - Processing /home/pedro/.local/lib/python3.10/site-packages/airflow/example_dags/subdags/subdag.py took 0.020 seconds
[2024-06-10T17:11:27.551-0300] {processor.py:161} INFO - Started process (PID=32781) to work on /home/pedro/.local/lib/python3.10/site-packages/airflow/example_dags/subdags/subdag.py
[2024-06-10T17:11:27.554-0300] {processor.py:830} INFO - Processing file /home/pedro/.local/lib/python3.10/site-packages/airflow/example_dags/subdags/subdag.py for tasks to queue
[2024-06-10T17:11:27.557-0300] {logging_mixin.py:188} INFO - [2024-06-10T17:11:27.556-0300] {dagbag.py:545} INFO - Filling up the DagBag from /home/pedro/.local/lib/python3.10/site-packages/airflow/example_dags/subdags/subdag.py
[2024-06-10T17:11:27.559-0300] {processor.py:842} WARNING - No viable dags retrieved from /home/pedro/.local/lib/python3.10/site-packages/airflow/example_dags/subdags/subdag.py
[2024-06-10T17:11:27.568-0300] {processor.py:183} INFO - Processing /home/pedro/.local/lib/python3.10/site-packages/airflow/example_dags/subdags/subdag.py took 0.021 seconds
[2024-06-10T17:12:33.595-0300] {processor.py:161} INFO - Started process (PID=32898) to work on /home/pedro/.local/lib/python3.10/site-packages/airflow/example_dags/subdags/subdag.py
[2024-06-10T17:12:33.598-0300] {processor.py:830} INFO - Processing file /home/pedro/.local/lib/python3.10/site-packages/airflow/example_dags/subdags/subdag.py for tasks to queue
[2024-06-10T17:12:33.600-0300] {logging_mixin.py:188} INFO - [2024-06-10T17:12:33.599-0300] {dagbag.py:545} INFO - Filling up the DagBag from /home/pedro/.local/lib/python3.10/site-packages/airflow/example_dags/subdags/subdag.py
[2024-06-10T17:12:33.603-0300] {processor.py:842} WARNING - No viable dags retrieved from /home/pedro/.local/lib/python3.10/site-packages/airflow/example_dags/subdags/subdag.py
[2024-06-10T17:12:33.611-0300] {processor.py:183} INFO - Processing /home/pedro/.local/lib/python3.10/site-packages/airflow/example_dags/subdags/subdag.py took 0.021 seconds
