[2024-06-11T22:07:34.239-0300] {local_task_job_runner.py:120} INFO - ::group::Pre task execution logs
[2024-06-11T22:07:34.252-0300] {taskinstance.py:2076} INFO - Dependencies all met for dep_context=non-requeueable deps ti=<TaskInstance: data_pipeline.transform_save manual__2024-06-12T01:07:22.637280+00:00 [queued]>
[2024-06-11T22:07:34.256-0300] {taskinstance.py:2076} INFO - Dependencies all met for dep_context=requeueable deps ti=<TaskInstance: data_pipeline.transform_save manual__2024-06-12T01:07:22.637280+00:00 [queued]>
[2024-06-11T22:07:34.256-0300] {taskinstance.py:2306} INFO - Starting attempt 1 of 1
[2024-06-11T22:07:34.267-0300] {taskinstance.py:2330} INFO - Executing <Task(PythonOperator): transform_save> on 2024-06-12 01:07:22.637280+00:00
[2024-06-11T22:07:34.271-0300] {standard_task_runner.py:63} INFO - Started process 35735 to run task
[2024-06-11T22:07:34.274-0300] {standard_task_runner.py:90} INFO - Running: ['airflow', 'tasks', 'run', 'data_pipeline', 'transform_save', 'manual__2024-06-12T01:07:22.637280+00:00', '--job-id', '1776', '--raw', '--subdir', 'DAGS_FOLDER/dag_extracao_daily.py', '--cfg-path', '/tmp/tmpt1h2za30']
[2024-06-11T22:07:34.275-0300] {standard_task_runner.py:91} INFO - Job 1776: Subtask transform_save
[2024-06-11T22:07:34.303-0300] {task_command.py:426} INFO - Running <TaskInstance: data_pipeline.transform_save manual__2024-06-12T01:07:22.637280+00:00 [running]> on host Pedro-Conrado
[2024-06-11T22:07:34.366-0300] {taskinstance.py:2648} INFO - Exporting env vars: AIRFLOW_CTX_DAG_OWNER='airflow' AIRFLOW_CTX_DAG_ID='data_pipeline' AIRFLOW_CTX_TASK_ID='transform_save' AIRFLOW_CTX_EXECUTION_DATE='2024-06-12T01:07:22.637280+00:00' AIRFLOW_CTX_TRY_NUMBER='1' AIRFLOW_CTX_DAG_RUN_ID='manual__2024-06-12T01:07:22.637280+00:00'
[2024-06-11T22:07:34.366-0300] {taskinstance.py:430} INFO - ::endgroup::
[2024-06-11T22:07:34.374-0300] {logging_mixin.py:188} INFO - /home/pedro/airflow
[2024-06-11T22:07:34.384-0300] {logging_mixin.py:188} INFO - Colunas em orders: Index(['order_id', 'customer_id', 'employee_id', 'order_date', 'required_date',
       'shipped_date', 'ship_via', 'freight', 'ship_name', 'ship_address',
       'ship_city', 'ship_region', 'ship_postal_code', 'ship_country'],
      dtype='object')
[2024-06-11T22:07:34.384-0300] {logging_mixin.py:188} INFO - Colunas em products: Index(['product_id', 'product_name', 'supplier_id', 'category_id',
       'quantity_per_unit', 'unit_price', 'units_in_stock', 'units_on_order',
       'reorder_level', 'discontinued'],
      dtype='object')
[2024-06-11T22:07:34.384-0300] {logging_mixin.py:188} INFO - Colunas em customers: Index(['customer_id', 'company_name', 'contact_name', 'contact_title',
       'address', 'city', 'region', 'postal_code', 'country', 'phone', 'fax'],
      dtype='object')
[2024-06-11T22:07:34.384-0300] {logging_mixin.py:188} INFO - Colunas em order_details: Index(['order_id', 'product_id', 'unit_price', 'quantity', 'discount'], dtype='object')
[2024-06-11T22:07:34.393-0300] {logging_mixin.py:188} INFO - Conex達o estabelecida com sucesso!
[2024-06-11T22:07:34.456-0300] {logging_mixin.py:188} INFO - Conex達o estabelecida com sucesso!
[2024-06-11T22:07:34.489-0300] {logging_mixin.py:188} INFO - Conex達o estabelecida com sucesso!
[2024-06-11T22:07:34.529-0300] {logging_mixin.py:188} INFO - Conex達o estabelecida com sucesso!
[2024-06-11T22:07:34.606-0300] {python.py:237} INFO - Done. Returned value was: None
[2024-06-11T22:07:34.607-0300] {taskinstance.py:441} INFO - ::group::Post task execution logs
[2024-06-11T22:07:34.611-0300] {taskinstance.py:1206} INFO - Marking task as SUCCESS. dag_id=data_pipeline, task_id=transform_save, run_id=manual__2024-06-12T01:07:22.637280+00:00, execution_date=20240612T010722, start_date=20240612T010734, end_date=20240612T010734
[2024-06-11T22:07:34.646-0300] {local_task_job_runner.py:240} INFO - Task exited with return code 0
[2024-06-11T22:07:34.653-0300] {taskinstance.py:3498} INFO - 0 downstream tasks scheduled from follow-on schedule check
[2024-06-11T22:07:34.653-0300] {local_task_job_runner.py:222} INFO - ::endgroup::
