[2024-06-08T20:25:15.514-0300] {processor.py:161} INFO - Started process (PID=8599) to work on /home/pedro/.local/lib/python3.10/site-packages/airflow/example_dags/example_python_operator.py
[2024-06-08T20:25:15.515-0300] {processor.py:830} INFO - Processing file /home/pedro/.local/lib/python3.10/site-packages/airflow/example_dags/example_python_operator.py for tasks to queue
[2024-06-08T20:25:15.516-0300] {logging_mixin.py:188} INFO - [2024-06-08T20:25:15.515-0300] {dagbag.py:545} INFO - Filling up the DagBag from /home/pedro/.local/lib/python3.10/site-packages/airflow/example_dags/example_python_operator.py
[2024-06-08T20:25:15.523-0300] {processor.py:840} INFO - DAG(s) 'example_python_operator' retrieved from /home/pedro/.local/lib/python3.10/site-packages/airflow/example_dags/example_python_operator.py
[2024-06-08T20:25:15.583-0300] {logging_mixin.py:188} INFO - [2024-06-08T20:25:15.583-0300] {override.py:1829} INFO - Created Permission View: can delete on DAG:example_python_operator
[2024-06-08T20:25:15.592-0300] {logging_mixin.py:188} INFO - [2024-06-08T20:25:15.592-0300] {override.py:1829} INFO - Created Permission View: can read on DAG:example_python_operator
[2024-06-08T20:25:15.613-0300] {logging_mixin.py:188} INFO - [2024-06-08T20:25:15.612-0300] {override.py:1829} INFO - Created Permission View: can edit on DAG:example_python_operator
[2024-06-08T20:25:15.613-0300] {logging_mixin.py:188} INFO - [2024-06-08T20:25:15.613-0300] {dag.py:3096} INFO - Sync 1 DAGs
[2024-06-08T20:25:15.672-0300] {logging_mixin.py:188} INFO - [2024-06-08T20:25:15.671-0300] {dag.py:3118} INFO - Creating ORM DAG for example_python_operator
[2024-06-08T20:25:15.672-0300] {logging_mixin.py:188} INFO - [2024-06-08T20:25:15.672-0300] {dag.py:3954} INFO - Setting next_dagrun for example_python_operator to None, run_after=None
[2024-06-08T20:25:15.692-0300] {processor.py:183} INFO - Processing /home/pedro/.local/lib/python3.10/site-packages/airflow/example_dags/example_python_operator.py took 0.181 seconds
[2024-06-08T20:26:09.940-0300] {processor.py:161} INFO - Started process (PID=8702) to work on /home/pedro/.local/lib/python3.10/site-packages/airflow/example_dags/example_python_operator.py
[2024-06-08T20:26:09.944-0300] {processor.py:830} INFO - Processing file /home/pedro/.local/lib/python3.10/site-packages/airflow/example_dags/example_python_operator.py for tasks to queue
[2024-06-08T20:26:09.945-0300] {logging_mixin.py:188} INFO - [2024-06-08T20:26:09.945-0300] {dagbag.py:545} INFO - Filling up the DagBag from /home/pedro/.local/lib/python3.10/site-packages/airflow/example_dags/example_python_operator.py
[2024-06-08T20:26:09.955-0300] {processor.py:840} INFO - DAG(s) 'example_python_operator' retrieved from /home/pedro/.local/lib/python3.10/site-packages/airflow/example_dags/example_python_operator.py
[2024-06-08T20:26:10.069-0300] {logging_mixin.py:188} INFO - [2024-06-08T20:26:10.069-0300] {dag.py:3096} INFO - Sync 1 DAGs
[2024-06-08T20:26:10.074-0300] {logging_mixin.py:188} INFO - [2024-06-08T20:26:10.074-0300] {dag.py:3954} INFO - Setting next_dagrun for example_python_operator to None, run_after=None
[2024-06-08T20:26:10.094-0300] {processor.py:183} INFO - Processing /home/pedro/.local/lib/python3.10/site-packages/airflow/example_dags/example_python_operator.py took 0.161 seconds
[2024-06-08T20:27:02.729-0300] {processor.py:161} INFO - Started process (PID=8870) to work on /home/pedro/.local/lib/python3.10/site-packages/airflow/example_dags/example_python_operator.py
[2024-06-08T20:27:02.733-0300] {processor.py:830} INFO - Processing file /home/pedro/.local/lib/python3.10/site-packages/airflow/example_dags/example_python_operator.py for tasks to queue
[2024-06-08T20:27:02.733-0300] {logging_mixin.py:188} INFO - [2024-06-08T20:27:02.733-0300] {dagbag.py:545} INFO - Filling up the DagBag from /home/pedro/.local/lib/python3.10/site-packages/airflow/example_dags/example_python_operator.py
[2024-06-08T20:27:02.741-0300] {processor.py:840} INFO - DAG(s) 'example_python_operator' retrieved from /home/pedro/.local/lib/python3.10/site-packages/airflow/example_dags/example_python_operator.py
[2024-06-08T20:27:02.753-0300] {logging_mixin.py:188} INFO - [2024-06-08T20:27:02.753-0300] {dag.py:3096} INFO - Sync 1 DAGs
[2024-06-08T20:27:02.759-0300] {logging_mixin.py:188} INFO - [2024-06-08T20:27:02.759-0300] {dag.py:3954} INFO - Setting next_dagrun for example_python_operator to None, run_after=None
[2024-06-08T20:27:02.776-0300] {processor.py:183} INFO - Processing /home/pedro/.local/lib/python3.10/site-packages/airflow/example_dags/example_python_operator.py took 0.050 seconds
[2024-06-08T20:27:50.302-0300] {processor.py:161} INFO - Started process (PID=9553) to work on /home/pedro/.local/lib/python3.10/site-packages/airflow/example_dags/example_python_operator.py
[2024-06-08T20:27:50.306-0300] {processor.py:830} INFO - Processing file /home/pedro/.local/lib/python3.10/site-packages/airflow/example_dags/example_python_operator.py for tasks to queue
[2024-06-08T20:27:50.307-0300] {logging_mixin.py:188} INFO - [2024-06-08T20:27:50.306-0300] {dagbag.py:545} INFO - Filling up the DagBag from /home/pedro/.local/lib/python3.10/site-packages/airflow/example_dags/example_python_operator.py
[2024-06-08T20:27:50.316-0300] {processor.py:840} INFO - DAG(s) 'example_python_operator' retrieved from /home/pedro/.local/lib/python3.10/site-packages/airflow/example_dags/example_python_operator.py
[2024-06-08T20:27:50.325-0300] {logging_mixin.py:188} INFO - [2024-06-08T20:27:50.325-0300] {dag.py:3096} INFO - Sync 1 DAGs
[2024-06-08T20:27:50.331-0300] {logging_mixin.py:188} INFO - [2024-06-08T20:27:50.331-0300] {dag.py:3954} INFO - Setting next_dagrun for example_python_operator to None, run_after=None
[2024-06-08T20:27:50.347-0300] {processor.py:183} INFO - Processing /home/pedro/.local/lib/python3.10/site-packages/airflow/example_dags/example_python_operator.py took 0.053 seconds
[2024-06-08T20:28:40.912-0300] {processor.py:161} INFO - Started process (PID=10153) to work on /home/pedro/.local/lib/python3.10/site-packages/airflow/example_dags/example_python_operator.py
[2024-06-08T20:28:40.916-0300] {processor.py:830} INFO - Processing file /home/pedro/.local/lib/python3.10/site-packages/airflow/example_dags/example_python_operator.py for tasks to queue
[2024-06-08T20:28:40.916-0300] {logging_mixin.py:188} INFO - [2024-06-08T20:28:40.916-0300] {dagbag.py:545} INFO - Filling up the DagBag from /home/pedro/.local/lib/python3.10/site-packages/airflow/example_dags/example_python_operator.py
[2024-06-08T20:28:40.924-0300] {processor.py:840} INFO - DAG(s) 'example_python_operator' retrieved from /home/pedro/.local/lib/python3.10/site-packages/airflow/example_dags/example_python_operator.py
[2024-06-08T20:28:40.935-0300] {logging_mixin.py:188} INFO - [2024-06-08T20:28:40.935-0300] {dag.py:3096} INFO - Sync 1 DAGs
[2024-06-08T20:28:40.943-0300] {logging_mixin.py:188} INFO - [2024-06-08T20:28:40.943-0300] {dag.py:3954} INFO - Setting next_dagrun for example_python_operator to None, run_after=None
[2024-06-08T20:28:40.962-0300] {processor.py:183} INFO - Processing /home/pedro/.local/lib/python3.10/site-packages/airflow/example_dags/example_python_operator.py took 0.053 seconds
[2024-06-08T20:29:24.832-0300] {processor.py:161} INFO - Started process (PID=11136) to work on /home/pedro/.local/lib/python3.10/site-packages/airflow/example_dags/example_python_operator.py
[2024-06-08T20:29:24.835-0300] {processor.py:830} INFO - Processing file /home/pedro/.local/lib/python3.10/site-packages/airflow/example_dags/example_python_operator.py for tasks to queue
[2024-06-08T20:29:24.836-0300] {logging_mixin.py:188} INFO - [2024-06-08T20:29:24.835-0300] {dagbag.py:545} INFO - Filling up the DagBag from /home/pedro/.local/lib/python3.10/site-packages/airflow/example_dags/example_python_operator.py
[2024-06-08T20:29:24.847-0300] {processor.py:840} INFO - DAG(s) 'example_python_operator' retrieved from /home/pedro/.local/lib/python3.10/site-packages/airflow/example_dags/example_python_operator.py
[2024-06-08T20:29:24.857-0300] {logging_mixin.py:188} INFO - [2024-06-08T20:29:24.856-0300] {dag.py:3096} INFO - Sync 1 DAGs
[2024-06-08T20:29:24.862-0300] {logging_mixin.py:188} INFO - [2024-06-08T20:29:24.862-0300] {dag.py:3954} INFO - Setting next_dagrun for example_python_operator to None, run_after=None
[2024-06-08T20:29:24.878-0300] {processor.py:183} INFO - Processing /home/pedro/.local/lib/python3.10/site-packages/airflow/example_dags/example_python_operator.py took 0.052 seconds
[2024-06-08T20:30:05.161-0300] {processor.py:161} INFO - Started process (PID=11500) to work on /home/pedro/.local/lib/python3.10/site-packages/airflow/example_dags/example_python_operator.py
[2024-06-08T20:30:05.165-0300] {processor.py:830} INFO - Processing file /home/pedro/.local/lib/python3.10/site-packages/airflow/example_dags/example_python_operator.py for tasks to queue
[2024-06-08T20:30:05.166-0300] {logging_mixin.py:188} INFO - [2024-06-08T20:30:05.165-0300] {dagbag.py:545} INFO - Filling up the DagBag from /home/pedro/.local/lib/python3.10/site-packages/airflow/example_dags/example_python_operator.py
[2024-06-08T20:30:05.177-0300] {processor.py:840} INFO - DAG(s) 'example_python_operator' retrieved from /home/pedro/.local/lib/python3.10/site-packages/airflow/example_dags/example_python_operator.py
[2024-06-08T20:30:05.188-0300] {logging_mixin.py:188} INFO - [2024-06-08T20:30:05.187-0300] {dag.py:3096} INFO - Sync 1 DAGs
[2024-06-08T20:30:05.194-0300] {logging_mixin.py:188} INFO - [2024-06-08T20:30:05.193-0300] {dag.py:3954} INFO - Setting next_dagrun for example_python_operator to None, run_after=None
[2024-06-08T20:30:05.208-0300] {processor.py:183} INFO - Processing /home/pedro/.local/lib/python3.10/site-packages/airflow/example_dags/example_python_operator.py took 0.054 seconds
