[2024-06-08T20:26:42.356-0300] {processor.py:161} INFO - Started process (PID=8794) to work on /home/pedro/.local/lib/python3.10/site-packages/airflow/example_dags/example_dynamic_task_mapping_with_no_taskflow_operators.py
[2024-06-08T20:26:42.357-0300] {processor.py:830} INFO - Processing file /home/pedro/.local/lib/python3.10/site-packages/airflow/example_dags/example_dynamic_task_mapping_with_no_taskflow_operators.py for tasks to queue
[2024-06-08T20:26:42.358-0300] {logging_mixin.py:188} INFO - [2024-06-08T20:26:42.357-0300] {dagbag.py:545} INFO - Filling up the DagBag from /home/pedro/.local/lib/python3.10/site-packages/airflow/example_dags/example_dynamic_task_mapping_with_no_taskflow_operators.py
[2024-06-08T20:26:42.364-0300] {processor.py:840} INFO - DAG(s) 'example_dynamic_task_mapping_with_no_taskflow_operators' retrieved from /home/pedro/.local/lib/python3.10/site-packages/airflow/example_dags/example_dynamic_task_mapping_with_no_taskflow_operators.py
[2024-06-08T20:26:42.427-0300] {logging_mixin.py:188} INFO - [2024-06-08T20:26:42.426-0300] {override.py:1829} INFO - Created Permission View: can read on DAG:example_dynamic_task_mapping_with_no_taskflow_operators
[2024-06-08T20:26:42.435-0300] {logging_mixin.py:188} INFO - [2024-06-08T20:26:42.435-0300] {override.py:1829} INFO - Created Permission View: can edit on DAG:example_dynamic_task_mapping_with_no_taskflow_operators
[2024-06-08T20:26:42.442-0300] {logging_mixin.py:188} INFO - [2024-06-08T20:26:42.442-0300] {override.py:1829} INFO - Created Permission View: can delete on DAG:example_dynamic_task_mapping_with_no_taskflow_operators
[2024-06-08T20:26:42.443-0300] {logging_mixin.py:188} INFO - [2024-06-08T20:26:42.442-0300] {dag.py:3096} INFO - Sync 1 DAGs
[2024-06-08T20:26:42.448-0300] {logging_mixin.py:188} INFO - [2024-06-08T20:26:42.448-0300] {dag.py:3118} INFO - Creating ORM DAG for example_dynamic_task_mapping_with_no_taskflow_operators
[2024-06-08T20:26:42.454-0300] {logging_mixin.py:188} INFO - [2024-06-08T20:26:42.453-0300] {dag.py:3954} INFO - Setting next_dagrun for example_dynamic_task_mapping_with_no_taskflow_operators to 2024-06-07 00:00:00+00:00, run_after=2024-06-08 00:00:00+00:00
[2024-06-08T20:26:42.466-0300] {processor.py:183} INFO - Processing /home/pedro/.local/lib/python3.10/site-packages/airflow/example_dags/example_dynamic_task_mapping_with_no_taskflow_operators.py took 0.119 seconds
[2024-06-08T20:27:53.186-0300] {processor.py:161} INFO - Started process (PID=9576) to work on /home/pedro/.local/lib/python3.10/site-packages/airflow/example_dags/example_dynamic_task_mapping_with_no_taskflow_operators.py
[2024-06-08T20:27:53.190-0300] {processor.py:830} INFO - Processing file /home/pedro/.local/lib/python3.10/site-packages/airflow/example_dags/example_dynamic_task_mapping_with_no_taskflow_operators.py for tasks to queue
[2024-06-08T20:27:53.191-0300] {logging_mixin.py:188} INFO - [2024-06-08T20:27:53.190-0300] {dagbag.py:545} INFO - Filling up the DagBag from /home/pedro/.local/lib/python3.10/site-packages/airflow/example_dags/example_dynamic_task_mapping_with_no_taskflow_operators.py
[2024-06-08T20:27:53.199-0300] {processor.py:840} INFO - DAG(s) 'example_dynamic_task_mapping_with_no_taskflow_operators' retrieved from /home/pedro/.local/lib/python3.10/site-packages/airflow/example_dags/example_dynamic_task_mapping_with_no_taskflow_operators.py
[2024-06-08T20:27:53.207-0300] {logging_mixin.py:188} INFO - [2024-06-08T20:27:53.207-0300] {dag.py:3096} INFO - Sync 1 DAGs
[2024-06-08T20:27:53.217-0300] {logging_mixin.py:188} INFO - [2024-06-08T20:27:53.217-0300] {dag.py:3954} INFO - Setting next_dagrun for example_dynamic_task_mapping_with_no_taskflow_operators to 2024-06-07 00:00:00+00:00, run_after=2024-06-08 00:00:00+00:00
[2024-06-08T20:27:53.233-0300] {processor.py:183} INFO - Processing /home/pedro/.local/lib/python3.10/site-packages/airflow/example_dags/example_dynamic_task_mapping_with_no_taskflow_operators.py took 0.052 seconds
[2024-06-08T20:28:55.554-0300] {processor.py:161} INFO - Started process (PID=10187) to work on /home/pedro/.local/lib/python3.10/site-packages/airflow/example_dags/example_dynamic_task_mapping_with_no_taskflow_operators.py
[2024-06-08T20:28:55.557-0300] {processor.py:830} INFO - Processing file /home/pedro/.local/lib/python3.10/site-packages/airflow/example_dags/example_dynamic_task_mapping_with_no_taskflow_operators.py for tasks to queue
[2024-06-08T20:28:55.558-0300] {logging_mixin.py:188} INFO - [2024-06-08T20:28:55.557-0300] {dagbag.py:545} INFO - Filling up the DagBag from /home/pedro/.local/lib/python3.10/site-packages/airflow/example_dags/example_dynamic_task_mapping_with_no_taskflow_operators.py
[2024-06-08T20:28:55.565-0300] {processor.py:840} INFO - DAG(s) 'example_dynamic_task_mapping_with_no_taskflow_operators' retrieved from /home/pedro/.local/lib/python3.10/site-packages/airflow/example_dags/example_dynamic_task_mapping_with_no_taskflow_operators.py
[2024-06-08T20:28:55.573-0300] {logging_mixin.py:188} INFO - [2024-06-08T20:28:55.573-0300] {dag.py:3096} INFO - Sync 1 DAGs
[2024-06-08T20:28:55.583-0300] {logging_mixin.py:188} INFO - [2024-06-08T20:28:55.583-0300] {dag.py:3954} INFO - Setting next_dagrun for example_dynamic_task_mapping_with_no_taskflow_operators to 2024-06-07 00:00:00+00:00, run_after=2024-06-08 00:00:00+00:00
[2024-06-08T20:28:55.599-0300] {processor.py:183} INFO - Processing /home/pedro/.local/lib/python3.10/site-packages/airflow/example_dags/example_dynamic_task_mapping_with_no_taskflow_operators.py took 0.049 seconds
[2024-06-08T20:29:55.269-0300] {processor.py:161} INFO - Started process (PID=11459) to work on /home/pedro/.local/lib/python3.10/site-packages/airflow/example_dags/example_dynamic_task_mapping_with_no_taskflow_operators.py
[2024-06-08T20:29:55.273-0300] {processor.py:830} INFO - Processing file /home/pedro/.local/lib/python3.10/site-packages/airflow/example_dags/example_dynamic_task_mapping_with_no_taskflow_operators.py for tasks to queue
[2024-06-08T20:29:55.274-0300] {logging_mixin.py:188} INFO - [2024-06-08T20:29:55.273-0300] {dagbag.py:545} INFO - Filling up the DagBag from /home/pedro/.local/lib/python3.10/site-packages/airflow/example_dags/example_dynamic_task_mapping_with_no_taskflow_operators.py
[2024-06-08T20:29:55.281-0300] {processor.py:840} INFO - DAG(s) 'example_dynamic_task_mapping_with_no_taskflow_operators' retrieved from /home/pedro/.local/lib/python3.10/site-packages/airflow/example_dags/example_dynamic_task_mapping_with_no_taskflow_operators.py
[2024-06-08T20:29:55.289-0300] {logging_mixin.py:188} INFO - [2024-06-08T20:29:55.289-0300] {dag.py:3096} INFO - Sync 1 DAGs
[2024-06-08T20:29:55.299-0300] {logging_mixin.py:188} INFO - [2024-06-08T20:29:55.299-0300] {dag.py:3954} INFO - Setting next_dagrun for example_dynamic_task_mapping_with_no_taskflow_operators to 2024-06-07 00:00:00+00:00, run_after=2024-06-08 00:00:00+00:00
[2024-06-08T20:29:55.313-0300] {processor.py:183} INFO - Processing /home/pedro/.local/lib/python3.10/site-packages/airflow/example_dags/example_dynamic_task_mapping_with_no_taskflow_operators.py took 0.054 seconds
