[2024-06-08T20:24:58.832-0300] {processor.py:161} INFO - Started process (PID=8454) to work on /home/pedro/.local/lib/python3.10/site-packages/airflow/example_dags/example_params_trigger_ui.py
[2024-06-08T20:24:58.833-0300] {processor.py:830} INFO - Processing file /home/pedro/.local/lib/python3.10/site-packages/airflow/example_dags/example_params_trigger_ui.py for tasks to queue
[2024-06-08T20:24:58.833-0300] {logging_mixin.py:188} INFO - [2024-06-08T20:24:58.833-0300] {dagbag.py:545} INFO - Filling up the DagBag from /home/pedro/.local/lib/python3.10/site-packages/airflow/example_dags/example_params_trigger_ui.py
[2024-06-08T20:24:58.842-0300] {processor.py:840} INFO - DAG(s) 'example_params_trigger_ui' retrieved from /home/pedro/.local/lib/python3.10/site-packages/airflow/example_dags/example_params_trigger_ui.py
[2024-06-08T20:24:58.919-0300] {logging_mixin.py:188} INFO - [2024-06-08T20:24:58.918-0300] {override.py:1829} INFO - Created Permission View: can delete on DAG:example_params_trigger_ui
[2024-06-08T20:24:58.928-0300] {logging_mixin.py:188} INFO - [2024-06-08T20:24:58.927-0300] {override.py:1829} INFO - Created Permission View: can read on DAG:example_params_trigger_ui
[2024-06-08T20:24:58.949-0300] {logging_mixin.py:188} INFO - [2024-06-08T20:24:58.948-0300] {override.py:1829} INFO - Created Permission View: can edit on DAG:example_params_trigger_ui
[2024-06-08T20:24:58.949-0300] {logging_mixin.py:188} INFO - [2024-06-08T20:24:58.949-0300] {dag.py:3096} INFO - Sync 1 DAGs
[2024-06-08T20:24:58.960-0300] {logging_mixin.py:188} INFO - [2024-06-08T20:24:58.960-0300] {dag.py:3118} INFO - Creating ORM DAG for example_params_trigger_ui
[2024-06-08T20:24:58.960-0300] {logging_mixin.py:188} INFO - [2024-06-08T20:24:58.960-0300] {dag.py:3954} INFO - Setting next_dagrun for example_params_trigger_ui to None, run_after=None
[2024-06-08T20:24:59.033-0300] {processor.py:183} INFO - Processing /home/pedro/.local/lib/python3.10/site-packages/airflow/example_dags/example_params_trigger_ui.py took 0.204 seconds
[2024-06-08T20:25:54.942-0300] {processor.py:161} INFO - Started process (PID=8657) to work on /home/pedro/.local/lib/python3.10/site-packages/airflow/example_dags/example_params_trigger_ui.py
[2024-06-08T20:25:54.945-0300] {processor.py:830} INFO - Processing file /home/pedro/.local/lib/python3.10/site-packages/airflow/example_dags/example_params_trigger_ui.py for tasks to queue
[2024-06-08T20:25:54.946-0300] {logging_mixin.py:188} INFO - [2024-06-08T20:25:54.946-0300] {dagbag.py:545} INFO - Filling up the DagBag from /home/pedro/.local/lib/python3.10/site-packages/airflow/example_dags/example_params_trigger_ui.py
[2024-06-08T20:25:54.960-0300] {processor.py:840} INFO - DAG(s) 'example_params_trigger_ui' retrieved from /home/pedro/.local/lib/python3.10/site-packages/airflow/example_dags/example_params_trigger_ui.py
[2024-06-08T20:25:54.987-0300] {logging_mixin.py:188} INFO - [2024-06-08T20:25:54.986-0300] {dag.py:3096} INFO - Sync 1 DAGs
[2024-06-08T20:25:54.992-0300] {logging_mixin.py:188} INFO - [2024-06-08T20:25:54.992-0300] {dag.py:3954} INFO - Setting next_dagrun for example_params_trigger_ui to None, run_after=None
[2024-06-08T20:25:55.028-0300] {processor.py:183} INFO - Processing /home/pedro/.local/lib/python3.10/site-packages/airflow/example_dags/example_params_trigger_ui.py took 0.091 seconds
[2024-06-08T20:26:49.581-0300] {processor.py:161} INFO - Started process (PID=8814) to work on /home/pedro/.local/lib/python3.10/site-packages/airflow/example_dags/example_params_trigger_ui.py
[2024-06-08T20:26:49.585-0300] {processor.py:830} INFO - Processing file /home/pedro/.local/lib/python3.10/site-packages/airflow/example_dags/example_params_trigger_ui.py for tasks to queue
[2024-06-08T20:26:49.586-0300] {logging_mixin.py:188} INFO - [2024-06-08T20:26:49.585-0300] {dagbag.py:545} INFO - Filling up the DagBag from /home/pedro/.local/lib/python3.10/site-packages/airflow/example_dags/example_params_trigger_ui.py
[2024-06-08T20:26:49.601-0300] {processor.py:840} INFO - DAG(s) 'example_params_trigger_ui' retrieved from /home/pedro/.local/lib/python3.10/site-packages/airflow/example_dags/example_params_trigger_ui.py
[2024-06-08T20:26:49.631-0300] {logging_mixin.py:188} INFO - [2024-06-08T20:26:49.630-0300] {dag.py:3096} INFO - Sync 1 DAGs
[2024-06-08T20:26:49.638-0300] {logging_mixin.py:188} INFO - [2024-06-08T20:26:49.637-0300] {dag.py:3954} INFO - Setting next_dagrun for example_params_trigger_ui to None, run_after=None
[2024-06-08T20:26:49.655-0300] {processor.py:183} INFO - Processing /home/pedro/.local/lib/python3.10/site-packages/airflow/example_dags/example_params_trigger_ui.py took 0.081 seconds
[2024-06-08T20:27:35.986-0300] {processor.py:161} INFO - Started process (PID=9288) to work on /home/pedro/.local/lib/python3.10/site-packages/airflow/example_dags/example_params_trigger_ui.py
[2024-06-08T20:27:35.989-0300] {processor.py:830} INFO - Processing file /home/pedro/.local/lib/python3.10/site-packages/airflow/example_dags/example_params_trigger_ui.py for tasks to queue
[2024-06-08T20:27:35.990-0300] {logging_mixin.py:188} INFO - [2024-06-08T20:27:35.989-0300] {dagbag.py:545} INFO - Filling up the DagBag from /home/pedro/.local/lib/python3.10/site-packages/airflow/example_dags/example_params_trigger_ui.py
[2024-06-08T20:27:35.997-0300] {processor.py:840} INFO - DAG(s) 'example_params_trigger_ui' retrieved from /home/pedro/.local/lib/python3.10/site-packages/airflow/example_dags/example_params_trigger_ui.py
[2024-06-08T20:27:36.020-0300] {logging_mixin.py:188} INFO - [2024-06-08T20:27:36.020-0300] {dag.py:3096} INFO - Sync 1 DAGs
[2024-06-08T20:27:36.026-0300] {logging_mixin.py:188} INFO - [2024-06-08T20:27:36.026-0300] {dag.py:3954} INFO - Setting next_dagrun for example_params_trigger_ui to None, run_after=None
[2024-06-08T20:27:36.042-0300] {processor.py:183} INFO - Processing /home/pedro/.local/lib/python3.10/site-packages/airflow/example_dags/example_params_trigger_ui.py took 0.061 seconds
[2024-06-08T20:28:21.183-0300] {processor.py:161} INFO - Started process (PID=10120) to work on /home/pedro/.local/lib/python3.10/site-packages/airflow/example_dags/example_params_trigger_ui.py
[2024-06-08T20:28:21.186-0300] {processor.py:830} INFO - Processing file /home/pedro/.local/lib/python3.10/site-packages/airflow/example_dags/example_params_trigger_ui.py for tasks to queue
[2024-06-08T20:28:21.186-0300] {logging_mixin.py:188} INFO - [2024-06-08T20:28:21.186-0300] {dagbag.py:545} INFO - Filling up the DagBag from /home/pedro/.local/lib/python3.10/site-packages/airflow/example_dags/example_params_trigger_ui.py
[2024-06-08T20:28:21.196-0300] {processor.py:840} INFO - DAG(s) 'example_params_trigger_ui' retrieved from /home/pedro/.local/lib/python3.10/site-packages/airflow/example_dags/example_params_trigger_ui.py
[2024-06-08T20:28:21.219-0300] {logging_mixin.py:188} INFO - [2024-06-08T20:28:21.219-0300] {dag.py:3096} INFO - Sync 1 DAGs
[2024-06-08T20:28:21.225-0300] {logging_mixin.py:188} INFO - [2024-06-08T20:28:21.225-0300] {dag.py:3954} INFO - Setting next_dagrun for example_params_trigger_ui to None, run_after=None
[2024-06-08T20:28:21.240-0300] {processor.py:183} INFO - Processing /home/pedro/.local/lib/python3.10/site-packages/airflow/example_dags/example_params_trigger_ui.py took 0.061 seconds
[2024-06-08T20:29:02.341-0300] {processor.py:161} INFO - Started process (PID=10207) to work on /home/pedro/.local/lib/python3.10/site-packages/airflow/example_dags/example_params_trigger_ui.py
[2024-06-08T20:29:02.342-0300] {processor.py:830} INFO - Processing file /home/pedro/.local/lib/python3.10/site-packages/airflow/example_dags/example_params_trigger_ui.py for tasks to queue
[2024-06-08T20:29:02.343-0300] {logging_mixin.py:188} INFO - [2024-06-08T20:29:02.343-0300] {dagbag.py:545} INFO - Filling up the DagBag from /home/pedro/.local/lib/python3.10/site-packages/airflow/example_dags/example_params_trigger_ui.py
[2024-06-08T20:29:02.356-0300] {processor.py:840} INFO - DAG(s) 'example_params_trigger_ui' retrieved from /home/pedro/.local/lib/python3.10/site-packages/airflow/example_dags/example_params_trigger_ui.py
[2024-06-08T20:29:02.381-0300] {logging_mixin.py:188} INFO - [2024-06-08T20:29:02.381-0300] {dag.py:3096} INFO - Sync 1 DAGs
[2024-06-08T20:29:02.387-0300] {logging_mixin.py:188} INFO - [2024-06-08T20:29:02.387-0300] {dag.py:3954} INFO - Setting next_dagrun for example_params_trigger_ui to None, run_after=None
[2024-06-08T20:29:02.401-0300] {processor.py:183} INFO - Processing /home/pedro/.local/lib/python3.10/site-packages/airflow/example_dags/example_params_trigger_ui.py took 0.070 seconds
[2024-06-08T20:29:43.258-0300] {processor.py:161} INFO - Started process (PID=11192) to work on /home/pedro/.local/lib/python3.10/site-packages/airflow/example_dags/example_params_trigger_ui.py
[2024-06-08T20:29:43.261-0300] {processor.py:830} INFO - Processing file /home/pedro/.local/lib/python3.10/site-packages/airflow/example_dags/example_params_trigger_ui.py for tasks to queue
[2024-06-08T20:29:43.262-0300] {logging_mixin.py:188} INFO - [2024-06-08T20:29:43.262-0300] {dagbag.py:545} INFO - Filling up the DagBag from /home/pedro/.local/lib/python3.10/site-packages/airflow/example_dags/example_params_trigger_ui.py
[2024-06-08T20:29:43.273-0300] {processor.py:840} INFO - DAG(s) 'example_params_trigger_ui' retrieved from /home/pedro/.local/lib/python3.10/site-packages/airflow/example_dags/example_params_trigger_ui.py
[2024-06-08T20:29:43.297-0300] {logging_mixin.py:188} INFO - [2024-06-08T20:29:43.297-0300] {dag.py:3096} INFO - Sync 1 DAGs
[2024-06-08T20:29:43.302-0300] {logging_mixin.py:188} INFO - [2024-06-08T20:29:43.302-0300] {dag.py:3954} INFO - Setting next_dagrun for example_params_trigger_ui to None, run_after=None
[2024-06-08T20:29:43.317-0300] {processor.py:183} INFO - Processing /home/pedro/.local/lib/python3.10/site-packages/airflow/example_dags/example_params_trigger_ui.py took 0.063 seconds
