[2024-06-08T20:26:30.016-0300] {processor.py:161} INFO - Started process (PID=8779) to work on /home/pedro/.local/lib/python3.10/site-packages/airflow/example_dags/example_latest_only_with_trigger.py
[2024-06-08T20:26:30.017-0300] {processor.py:830} INFO - Processing file /home/pedro/.local/lib/python3.10/site-packages/airflow/example_dags/example_latest_only_with_trigger.py for tasks to queue
[2024-06-08T20:26:30.017-0300] {logging_mixin.py:188} INFO - [2024-06-08T20:26:30.017-0300] {dagbag.py:545} INFO - Filling up the DagBag from /home/pedro/.local/lib/python3.10/site-packages/airflow/example_dags/example_latest_only_with_trigger.py
[2024-06-08T20:26:30.075-0300] {processor.py:840} INFO - DAG(s) 'latest_only_with_trigger' retrieved from /home/pedro/.local/lib/python3.10/site-packages/airflow/example_dags/example_latest_only_with_trigger.py
[2024-06-08T20:26:30.136-0300] {logging_mixin.py:188} INFO - [2024-06-08T20:26:30.136-0300] {override.py:1829} INFO - Created Permission View: can read on DAG:latest_only_with_trigger
[2024-06-08T20:26:30.145-0300] {logging_mixin.py:188} INFO - [2024-06-08T20:26:30.145-0300] {override.py:1829} INFO - Created Permission View: can edit on DAG:latest_only_with_trigger
[2024-06-08T20:26:30.153-0300] {logging_mixin.py:188} INFO - [2024-06-08T20:26:30.153-0300] {override.py:1829} INFO - Created Permission View: can delete on DAG:latest_only_with_trigger
[2024-06-08T20:26:30.154-0300] {logging_mixin.py:188} INFO - [2024-06-08T20:26:30.153-0300] {dag.py:3096} INFO - Sync 1 DAGs
[2024-06-08T20:26:30.159-0300] {logging_mixin.py:188} INFO - [2024-06-08T20:26:30.159-0300] {dag.py:3118} INFO - Creating ORM DAG for latest_only_with_trigger
[2024-06-08T20:26:30.163-0300] {logging_mixin.py:188} INFO - [2024-06-08T20:26:30.163-0300] {dag.py:3954} INFO - Setting next_dagrun for latest_only_with_trigger to 2024-06-08 16:00:00+00:00, run_after=2024-06-08 20:00:00+00:00
[2024-06-08T20:26:30.180-0300] {processor.py:183} INFO - Processing /home/pedro/.local/lib/python3.10/site-packages/airflow/example_dags/example_latest_only_with_trigger.py took 0.166 seconds
[2024-06-08T20:27:24.045-0300] {processor.py:161} INFO - Started process (PID=9205) to work on /home/pedro/.local/lib/python3.10/site-packages/airflow/example_dags/example_latest_only_with_trigger.py
[2024-06-08T20:27:24.049-0300] {processor.py:830} INFO - Processing file /home/pedro/.local/lib/python3.10/site-packages/airflow/example_dags/example_latest_only_with_trigger.py for tasks to queue
[2024-06-08T20:27:24.049-0300] {logging_mixin.py:188} INFO - [2024-06-08T20:27:24.049-0300] {dagbag.py:545} INFO - Filling up the DagBag from /home/pedro/.local/lib/python3.10/site-packages/airflow/example_dags/example_latest_only_with_trigger.py
[2024-06-08T20:27:24.056-0300] {processor.py:840} INFO - DAG(s) 'latest_only_with_trigger' retrieved from /home/pedro/.local/lib/python3.10/site-packages/airflow/example_dags/example_latest_only_with_trigger.py
[2024-06-08T20:27:24.065-0300] {logging_mixin.py:188} INFO - [2024-06-08T20:27:24.065-0300] {dag.py:3096} INFO - Sync 1 DAGs
[2024-06-08T20:27:24.076-0300] {logging_mixin.py:188} INFO - [2024-06-08T20:27:24.075-0300] {dag.py:3954} INFO - Setting next_dagrun for latest_only_with_trigger to 2024-06-08 16:00:00+00:00, run_after=2024-06-08 20:00:00+00:00
[2024-06-08T20:27:24.091-0300] {processor.py:183} INFO - Processing /home/pedro/.local/lib/python3.10/site-packages/airflow/example_dags/example_latest_only_with_trigger.py took 0.050 seconds
[2024-06-08T20:28:14.965-0300] {processor.py:161} INFO - Started process (PID=10098) to work on /home/pedro/.local/lib/python3.10/site-packages/airflow/example_dags/example_latest_only_with_trigger.py
[2024-06-08T20:28:14.968-0300] {processor.py:830} INFO - Processing file /home/pedro/.local/lib/python3.10/site-packages/airflow/example_dags/example_latest_only_with_trigger.py for tasks to queue
[2024-06-08T20:28:14.969-0300] {logging_mixin.py:188} INFO - [2024-06-08T20:28:14.969-0300] {dagbag.py:545} INFO - Filling up the DagBag from /home/pedro/.local/lib/python3.10/site-packages/airflow/example_dags/example_latest_only_with_trigger.py
[2024-06-08T20:28:14.976-0300] {processor.py:840} INFO - DAG(s) 'latest_only_with_trigger' retrieved from /home/pedro/.local/lib/python3.10/site-packages/airflow/example_dags/example_latest_only_with_trigger.py
[2024-06-08T20:28:14.986-0300] {logging_mixin.py:188} INFO - [2024-06-08T20:28:14.986-0300] {dag.py:3096} INFO - Sync 1 DAGs
[2024-06-08T20:28:14.995-0300] {logging_mixin.py:188} INFO - [2024-06-08T20:28:14.995-0300] {dag.py:3954} INFO - Setting next_dagrun for latest_only_with_trigger to 2024-06-08 16:00:00+00:00, run_after=2024-06-08 20:00:00+00:00
[2024-06-08T20:28:15.011-0300] {processor.py:183} INFO - Processing /home/pedro/.local/lib/python3.10/site-packages/airflow/example_dags/example_latest_only_with_trigger.py took 0.050 seconds
[2024-06-08T20:29:15.831-0300] {processor.py:161} INFO - Started process (PID=10890) to work on /home/pedro/.local/lib/python3.10/site-packages/airflow/example_dags/example_latest_only_with_trigger.py
[2024-06-08T20:29:15.834-0300] {processor.py:830} INFO - Processing file /home/pedro/.local/lib/python3.10/site-packages/airflow/example_dags/example_latest_only_with_trigger.py for tasks to queue
[2024-06-08T20:29:15.835-0300] {logging_mixin.py:188} INFO - [2024-06-08T20:29:15.834-0300] {dagbag.py:545} INFO - Filling up the DagBag from /home/pedro/.local/lib/python3.10/site-packages/airflow/example_dags/example_latest_only_with_trigger.py
[2024-06-08T20:29:15.842-0300] {processor.py:840} INFO - DAG(s) 'latest_only_with_trigger' retrieved from /home/pedro/.local/lib/python3.10/site-packages/airflow/example_dags/example_latest_only_with_trigger.py
[2024-06-08T20:29:15.852-0300] {logging_mixin.py:188} INFO - [2024-06-08T20:29:15.852-0300] {dag.py:3096} INFO - Sync 1 DAGs
[2024-06-08T20:29:15.864-0300] {logging_mixin.py:188} INFO - [2024-06-08T20:29:15.864-0300] {dag.py:3954} INFO - Setting next_dagrun for latest_only_with_trigger to 2024-06-08 16:00:00+00:00, run_after=2024-06-08 20:00:00+00:00
[2024-06-08T20:29:15.882-0300] {processor.py:183} INFO - Processing /home/pedro/.local/lib/python3.10/site-packages/airflow/example_dags/example_latest_only_with_trigger.py took 0.056 seconds
[2024-06-08T20:30:14.302-0300] {processor.py:161} INFO - Started process (PID=11564) to work on /home/pedro/.local/lib/python3.10/site-packages/airflow/example_dags/example_latest_only_with_trigger.py
[2024-06-08T20:30:14.303-0300] {processor.py:830} INFO - Processing file /home/pedro/.local/lib/python3.10/site-packages/airflow/example_dags/example_latest_only_with_trigger.py for tasks to queue
[2024-06-08T20:30:14.304-0300] {logging_mixin.py:188} INFO - [2024-06-08T20:30:14.304-0300] {dagbag.py:545} INFO - Filling up the DagBag from /home/pedro/.local/lib/python3.10/site-packages/airflow/example_dags/example_latest_only_with_trigger.py
[2024-06-08T20:30:14.310-0300] {processor.py:840} INFO - DAG(s) 'latest_only_with_trigger' retrieved from /home/pedro/.local/lib/python3.10/site-packages/airflow/example_dags/example_latest_only_with_trigger.py
[2024-06-08T20:30:14.319-0300] {logging_mixin.py:188} INFO - [2024-06-08T20:30:14.319-0300] {dag.py:3096} INFO - Sync 1 DAGs
[2024-06-08T20:30:14.331-0300] {logging_mixin.py:188} INFO - [2024-06-08T20:30:14.331-0300] {dag.py:3954} INFO - Setting next_dagrun for latest_only_with_trigger to 2024-06-08 16:00:00+00:00, run_after=2024-06-08 20:00:00+00:00
[2024-06-08T20:30:14.346-0300] {processor.py:183} INFO - Processing /home/pedro/.local/lib/python3.10/site-packages/airflow/example_dags/example_latest_only_with_trigger.py took 0.047 seconds
