[2024-06-08T20:26:27.317-0300] {processor.py:161} INFO - Started process (PID=8775) to work on /home/pedro/.local/lib/python3.10/site-packages/airflow/example_dags/example_dag_decorator.py
[2024-06-08T20:26:27.318-0300] {processor.py:830} INFO - Processing file /home/pedro/.local/lib/python3.10/site-packages/airflow/example_dags/example_dag_decorator.py for tasks to queue
[2024-06-08T20:26:27.319-0300] {logging_mixin.py:188} INFO - [2024-06-08T20:26:27.319-0300] {dagbag.py:545} INFO - Filling up the DagBag from /home/pedro/.local/lib/python3.10/site-packages/airflow/example_dags/example_dag_decorator.py
[2024-06-08T20:26:27.488-0300] {processor.py:840} INFO - DAG(s) 'example_dag_decorator' retrieved from /home/pedro/.local/lib/python3.10/site-packages/airflow/example_dags/example_dag_decorator.py
[2024-06-08T20:26:27.566-0300] {logging_mixin.py:188} INFO - [2024-06-08T20:26:27.565-0300] {override.py:1829} INFO - Created Permission View: can read on DAG:example_dag_decorator
[2024-06-08T20:26:27.576-0300] {logging_mixin.py:188} INFO - [2024-06-08T20:26:27.576-0300] {override.py:1829} INFO - Created Permission View: can edit on DAG:example_dag_decorator
[2024-06-08T20:26:27.583-0300] {logging_mixin.py:188} INFO - [2024-06-08T20:26:27.583-0300] {override.py:1829} INFO - Created Permission View: can delete on DAG:example_dag_decorator
[2024-06-08T20:26:27.583-0300] {logging_mixin.py:188} INFO - [2024-06-08T20:26:27.583-0300] {dag.py:3096} INFO - Sync 1 DAGs
[2024-06-08T20:26:27.595-0300] {logging_mixin.py:188} INFO - [2024-06-08T20:26:27.595-0300] {dag.py:3118} INFO - Creating ORM DAG for example_dag_decorator
[2024-06-08T20:26:27.595-0300] {logging_mixin.py:188} INFO - [2024-06-08T20:26:27.595-0300] {dag.py:3954} INFO - Setting next_dagrun for example_dag_decorator to None, run_after=None
[2024-06-08T20:26:27.668-0300] {processor.py:183} INFO - Processing /home/pedro/.local/lib/python3.10/site-packages/airflow/example_dags/example_dag_decorator.py took 0.360 seconds
[2024-06-08T20:27:21.652-0300] {processor.py:161} INFO - Started process (PID=9200) to work on /home/pedro/.local/lib/python3.10/site-packages/airflow/example_dags/example_dag_decorator.py
[2024-06-08T20:27:21.656-0300] {processor.py:830} INFO - Processing file /home/pedro/.local/lib/python3.10/site-packages/airflow/example_dags/example_dag_decorator.py for tasks to queue
[2024-06-08T20:27:21.657-0300] {logging_mixin.py:188} INFO - [2024-06-08T20:27:21.656-0300] {dagbag.py:545} INFO - Filling up the DagBag from /home/pedro/.local/lib/python3.10/site-packages/airflow/example_dags/example_dag_decorator.py
[2024-06-08T20:27:21.703-0300] {processor.py:840} INFO - DAG(s) 'example_dag_decorator' retrieved from /home/pedro/.local/lib/python3.10/site-packages/airflow/example_dags/example_dag_decorator.py
[2024-06-08T20:27:21.749-0300] {logging_mixin.py:188} INFO - [2024-06-08T20:27:21.749-0300] {dag.py:3096} INFO - Sync 1 DAGs
[2024-06-08T20:27:21.754-0300] {logging_mixin.py:188} INFO - [2024-06-08T20:27:21.754-0300] {dag.py:3954} INFO - Setting next_dagrun for example_dag_decorator to None, run_after=None
[2024-06-08T20:27:21.769-0300] {processor.py:183} INFO - Processing /home/pedro/.local/lib/python3.10/site-packages/airflow/example_dags/example_dag_decorator.py took 0.122 seconds
[2024-06-08T20:28:13.178-0300] {processor.py:161} INFO - Started process (PID=10096) to work on /home/pedro/.local/lib/python3.10/site-packages/airflow/example_dags/example_dag_decorator.py
[2024-06-08T20:28:13.181-0300] {processor.py:830} INFO - Processing file /home/pedro/.local/lib/python3.10/site-packages/airflow/example_dags/example_dag_decorator.py for tasks to queue
[2024-06-08T20:28:13.182-0300] {logging_mixin.py:188} INFO - [2024-06-08T20:28:13.182-0300] {dagbag.py:545} INFO - Filling up the DagBag from /home/pedro/.local/lib/python3.10/site-packages/airflow/example_dags/example_dag_decorator.py
[2024-06-08T20:28:13.226-0300] {processor.py:840} INFO - DAG(s) 'example_dag_decorator' retrieved from /home/pedro/.local/lib/python3.10/site-packages/airflow/example_dags/example_dag_decorator.py
[2024-06-08T20:28:13.272-0300] {logging_mixin.py:188} INFO - [2024-06-08T20:28:13.272-0300] {dag.py:3096} INFO - Sync 1 DAGs
[2024-06-08T20:28:13.277-0300] {logging_mixin.py:188} INFO - [2024-06-08T20:28:13.277-0300] {dag.py:3954} INFO - Setting next_dagrun for example_dag_decorator to None, run_after=None
[2024-06-08T20:28:13.291-0300] {processor.py:183} INFO - Processing /home/pedro/.local/lib/python3.10/site-packages/airflow/example_dags/example_dag_decorator.py took 0.120 seconds
[2024-06-08T20:29:13.795-0300] {processor.py:161} INFO - Started process (PID=10887) to work on /home/pedro/.local/lib/python3.10/site-packages/airflow/example_dags/example_dag_decorator.py
[2024-06-08T20:29:13.798-0300] {processor.py:830} INFO - Processing file /home/pedro/.local/lib/python3.10/site-packages/airflow/example_dags/example_dag_decorator.py for tasks to queue
[2024-06-08T20:29:13.799-0300] {logging_mixin.py:188} INFO - [2024-06-08T20:29:13.799-0300] {dagbag.py:545} INFO - Filling up the DagBag from /home/pedro/.local/lib/python3.10/site-packages/airflow/example_dags/example_dag_decorator.py
[2024-06-08T20:29:13.843-0300] {processor.py:840} INFO - DAG(s) 'example_dag_decorator' retrieved from /home/pedro/.local/lib/python3.10/site-packages/airflow/example_dags/example_dag_decorator.py
[2024-06-08T20:29:13.888-0300] {logging_mixin.py:188} INFO - [2024-06-08T20:29:13.888-0300] {dag.py:3096} INFO - Sync 1 DAGs
[2024-06-08T20:29:13.893-0300] {logging_mixin.py:188} INFO - [2024-06-08T20:29:13.893-0300] {dag.py:3954} INFO - Setting next_dagrun for example_dag_decorator to None, run_after=None
[2024-06-08T20:29:13.909-0300] {processor.py:183} INFO - Processing /home/pedro/.local/lib/python3.10/site-packages/airflow/example_dags/example_dag_decorator.py took 0.117 seconds
[2024-06-08T20:30:12.590-0300] {processor.py:161} INFO - Started process (PID=11555) to work on /home/pedro/.local/lib/python3.10/site-packages/airflow/example_dags/example_dag_decorator.py
[2024-06-08T20:30:12.593-0300] {processor.py:830} INFO - Processing file /home/pedro/.local/lib/python3.10/site-packages/airflow/example_dags/example_dag_decorator.py for tasks to queue
[2024-06-08T20:30:12.595-0300] {logging_mixin.py:188} INFO - [2024-06-08T20:30:12.594-0300] {dagbag.py:545} INFO - Filling up the DagBag from /home/pedro/.local/lib/python3.10/site-packages/airflow/example_dags/example_dag_decorator.py
[2024-06-08T20:30:12.641-0300] {processor.py:840} INFO - DAG(s) 'example_dag_decorator' retrieved from /home/pedro/.local/lib/python3.10/site-packages/airflow/example_dags/example_dag_decorator.py
[2024-06-08T20:30:12.690-0300] {logging_mixin.py:188} INFO - [2024-06-08T20:30:12.690-0300] {dag.py:3096} INFO - Sync 1 DAGs
[2024-06-08T20:30:12.695-0300] {logging_mixin.py:188} INFO - [2024-06-08T20:30:12.695-0300] {dag.py:3954} INFO - Setting next_dagrun for example_dag_decorator to None, run_after=None
[2024-06-08T20:30:12.712-0300] {processor.py:183} INFO - Processing /home/pedro/.local/lib/python3.10/site-packages/airflow/example_dags/example_dag_decorator.py took 0.127 seconds
