[2024-06-08T20:26:24.722-0300] {processor.py:161} INFO - Started process (PID=8772) to work on /home/pedro/.local/lib/python3.10/site-packages/airflow/example_dags/example_nested_branch_dag.py
[2024-06-08T20:26:24.722-0300] {processor.py:830} INFO - Processing file /home/pedro/.local/lib/python3.10/site-packages/airflow/example_dags/example_nested_branch_dag.py for tasks to queue
[2024-06-08T20:26:24.722-0300] {logging_mixin.py:188} INFO - [2024-06-08T20:26:24.722-0300] {dagbag.py:545} INFO - Filling up the DagBag from /home/pedro/.local/lib/python3.10/site-packages/airflow/example_dags/example_nested_branch_dag.py
[2024-06-08T20:26:24.728-0300] {processor.py:840} INFO - DAG(s) 'example_nested_branch_dag' retrieved from /home/pedro/.local/lib/python3.10/site-packages/airflow/example_dags/example_nested_branch_dag.py
[2024-06-08T20:26:24.847-0300] {logging_mixin.py:188} INFO - [2024-06-08T20:26:24.847-0300] {override.py:1829} INFO - Created Permission View: can read on DAG:example_nested_branch_dag
[2024-06-08T20:26:24.858-0300] {logging_mixin.py:188} INFO - [2024-06-08T20:26:24.858-0300] {override.py:1829} INFO - Created Permission View: can edit on DAG:example_nested_branch_dag
[2024-06-08T20:26:24.867-0300] {logging_mixin.py:188} INFO - [2024-06-08T20:26:24.867-0300] {override.py:1829} INFO - Created Permission View: can delete on DAG:example_nested_branch_dag
[2024-06-08T20:26:24.867-0300] {logging_mixin.py:188} INFO - [2024-06-08T20:26:24.867-0300] {dag.py:3096} INFO - Sync 1 DAGs
[2024-06-08T20:26:24.872-0300] {logging_mixin.py:188} INFO - [2024-06-08T20:26:24.872-0300] {dag.py:3118} INFO - Creating ORM DAG for example_nested_branch_dag
[2024-06-08T20:26:24.877-0300] {logging_mixin.py:188} INFO - [2024-06-08T20:26:24.877-0300] {dag.py:3954} INFO - Setting next_dagrun for example_nested_branch_dag to 2024-06-07 00:00:00+00:00, run_after=2024-06-08 00:00:00+00:00
[2024-06-08T20:26:24.891-0300] {processor.py:183} INFO - Processing /home/pedro/.local/lib/python3.10/site-packages/airflow/example_dags/example_nested_branch_dag.py took 0.173 seconds
[2024-06-08T20:27:19.373-0300] {processor.py:161} INFO - Started process (PID=9198) to work on /home/pedro/.local/lib/python3.10/site-packages/airflow/example_dags/example_nested_branch_dag.py
[2024-06-08T20:27:19.376-0300] {processor.py:830} INFO - Processing file /home/pedro/.local/lib/python3.10/site-packages/airflow/example_dags/example_nested_branch_dag.py for tasks to queue
[2024-06-08T20:27:19.376-0300] {logging_mixin.py:188} INFO - [2024-06-08T20:27:19.376-0300] {dagbag.py:545} INFO - Filling up the DagBag from /home/pedro/.local/lib/python3.10/site-packages/airflow/example_dags/example_nested_branch_dag.py
[2024-06-08T20:27:19.387-0300] {processor.py:840} INFO - DAG(s) 'example_nested_branch_dag' retrieved from /home/pedro/.local/lib/python3.10/site-packages/airflow/example_dags/example_nested_branch_dag.py
[2024-06-08T20:27:19.396-0300] {logging_mixin.py:188} INFO - [2024-06-08T20:27:19.396-0300] {dag.py:3096} INFO - Sync 1 DAGs
[2024-06-08T20:27:19.406-0300] {logging_mixin.py:188} INFO - [2024-06-08T20:27:19.406-0300] {dag.py:3954} INFO - Setting next_dagrun for example_nested_branch_dag to 2024-06-07 00:00:00+00:00, run_after=2024-06-08 00:00:00+00:00
[2024-06-08T20:27:19.421-0300] {processor.py:183} INFO - Processing /home/pedro/.local/lib/python3.10/site-packages/airflow/example_dags/example_nested_branch_dag.py took 0.052 seconds
[2024-06-08T20:28:10.903-0300] {processor.py:161} INFO - Started process (PID=10091) to work on /home/pedro/.local/lib/python3.10/site-packages/airflow/example_dags/example_nested_branch_dag.py
[2024-06-08T20:28:10.904-0300] {processor.py:830} INFO - Processing file /home/pedro/.local/lib/python3.10/site-packages/airflow/example_dags/example_nested_branch_dag.py for tasks to queue
[2024-06-08T20:28:10.904-0300] {logging_mixin.py:188} INFO - [2024-06-08T20:28:10.904-0300] {dagbag.py:545} INFO - Filling up the DagBag from /home/pedro/.local/lib/python3.10/site-packages/airflow/example_dags/example_nested_branch_dag.py
[2024-06-08T20:28:10.913-0300] {processor.py:840} INFO - DAG(s) 'example_nested_branch_dag' retrieved from /home/pedro/.local/lib/python3.10/site-packages/airflow/example_dags/example_nested_branch_dag.py
[2024-06-08T20:28:10.923-0300] {logging_mixin.py:188} INFO - [2024-06-08T20:28:10.923-0300] {dag.py:3096} INFO - Sync 1 DAGs
[2024-06-08T20:28:10.935-0300] {logging_mixin.py:188} INFO - [2024-06-08T20:28:10.935-0300] {dag.py:3954} INFO - Setting next_dagrun for example_nested_branch_dag to 2024-06-07 00:00:00+00:00, run_after=2024-06-08 00:00:00+00:00
[2024-06-08T20:28:10.951-0300] {processor.py:183} INFO - Processing /home/pedro/.local/lib/python3.10/site-packages/airflow/example_dags/example_nested_branch_dag.py took 0.052 seconds
[2024-06-08T20:29:12.351-0300] {processor.py:161} INFO - Started process (PID=10884) to work on /home/pedro/.local/lib/python3.10/site-packages/airflow/example_dags/example_nested_branch_dag.py
[2024-06-08T20:29:12.354-0300] {processor.py:830} INFO - Processing file /home/pedro/.local/lib/python3.10/site-packages/airflow/example_dags/example_nested_branch_dag.py for tasks to queue
[2024-06-08T20:29:12.356-0300] {logging_mixin.py:188} INFO - [2024-06-08T20:29:12.355-0300] {dagbag.py:545} INFO - Filling up the DagBag from /home/pedro/.local/lib/python3.10/site-packages/airflow/example_dags/example_nested_branch_dag.py
[2024-06-08T20:29:12.366-0300] {processor.py:840} INFO - DAG(s) 'example_nested_branch_dag' retrieved from /home/pedro/.local/lib/python3.10/site-packages/airflow/example_dags/example_nested_branch_dag.py
[2024-06-08T20:29:12.376-0300] {logging_mixin.py:188} INFO - [2024-06-08T20:29:12.375-0300] {dag.py:3096} INFO - Sync 1 DAGs
[2024-06-08T20:29:12.386-0300] {logging_mixin.py:188} INFO - [2024-06-08T20:29:12.386-0300] {dag.py:3954} INFO - Setting next_dagrun for example_nested_branch_dag to 2024-06-07 00:00:00+00:00, run_after=2024-06-08 00:00:00+00:00
[2024-06-08T20:29:12.401-0300] {processor.py:183} INFO - Processing /home/pedro/.local/lib/python3.10/site-packages/airflow/example_dags/example_nested_branch_dag.py took 0.055 seconds
[2024-06-08T20:30:10.309-0300] {processor.py:161} INFO - Started process (PID=11518) to work on /home/pedro/.local/lib/python3.10/site-packages/airflow/example_dags/example_nested_branch_dag.py
[2024-06-08T20:30:10.311-0300] {processor.py:830} INFO - Processing file /home/pedro/.local/lib/python3.10/site-packages/airflow/example_dags/example_nested_branch_dag.py for tasks to queue
[2024-06-08T20:30:10.312-0300] {logging_mixin.py:188} INFO - [2024-06-08T20:30:10.311-0300] {dagbag.py:545} INFO - Filling up the DagBag from /home/pedro/.local/lib/python3.10/site-packages/airflow/example_dags/example_nested_branch_dag.py
[2024-06-08T20:30:10.319-0300] {processor.py:840} INFO - DAG(s) 'example_nested_branch_dag' retrieved from /home/pedro/.local/lib/python3.10/site-packages/airflow/example_dags/example_nested_branch_dag.py
[2024-06-08T20:30:10.329-0300] {logging_mixin.py:188} INFO - [2024-06-08T20:30:10.329-0300] {dag.py:3096} INFO - Sync 1 DAGs
[2024-06-08T20:30:10.341-0300] {logging_mixin.py:188} INFO - [2024-06-08T20:30:10.341-0300] {dag.py:3954} INFO - Setting next_dagrun for example_nested_branch_dag to 2024-06-07 00:00:00+00:00, run_after=2024-06-08 00:00:00+00:00
[2024-06-08T20:30:10.355-0300] {processor.py:183} INFO - Processing /home/pedro/.local/lib/python3.10/site-packages/airflow/example_dags/example_nested_branch_dag.py took 0.055 seconds
