[2024-06-08T20:25:22.692-0300] {processor.py:161} INFO - Started process (PID=8614) to work on /home/pedro/.local/lib/python3.10/site-packages/airflow/example_dags/example_subdag_operator.py
[2024-06-08T20:25:22.692-0300] {processor.py:830} INFO - Processing file /home/pedro/.local/lib/python3.10/site-packages/airflow/example_dags/example_subdag_operator.py for tasks to queue
[2024-06-08T20:25:22.693-0300] {logging_mixin.py:188} INFO - [2024-06-08T20:25:22.693-0300] {dagbag.py:545} INFO - Filling up the DagBag from /home/pedro/.local/lib/python3.10/site-packages/airflow/example_dags/example_subdag_operator.py
[2024-06-08T20:25:22.705-0300] {processor.py:840} INFO - DAG(s) 'example_subdag_operator.section-1', 'example_subdag_operator.section-2', 'example_subdag_operator' retrieved from /home/pedro/.local/lib/python3.10/site-packages/airflow/example_dags/example_subdag_operator.py
[2024-06-08T20:25:22.818-0300] {logging_mixin.py:188} INFO - [2024-06-08T20:25:22.817-0300] {override.py:1829} INFO - Created Permission View: can delete on DAG:example_subdag_operator
[2024-06-08T20:25:22.826-0300] {logging_mixin.py:188} INFO - [2024-06-08T20:25:22.826-0300] {override.py:1829} INFO - Created Permission View: can read on DAG:example_subdag_operator
[2024-06-08T20:25:22.833-0300] {logging_mixin.py:188} INFO - [2024-06-08T20:25:22.833-0300] {override.py:1829} INFO - Created Permission View: can edit on DAG:example_subdag_operator
[2024-06-08T20:25:22.833-0300] {logging_mixin.py:188} INFO - [2024-06-08T20:25:22.833-0300] {dag.py:3096} INFO - Sync 3 DAGs
[2024-06-08T20:25:22.839-0300] {logging_mixin.py:188} INFO - [2024-06-08T20:25:22.838-0300] {dag.py:3118} INFO - Creating ORM DAG for example_subdag_operator
[2024-06-08T20:25:22.839-0300] {logging_mixin.py:188} INFO - [2024-06-08T20:25:22.839-0300] {dag.py:3118} INFO - Creating ORM DAG for example_subdag_operator.section-1
[2024-06-08T20:25:22.839-0300] {logging_mixin.py:188} INFO - [2024-06-08T20:25:22.839-0300] {dag.py:3118} INFO - Creating ORM DAG for example_subdag_operator.section-2
[2024-06-08T20:25:22.843-0300] {logging_mixin.py:188} INFO - [2024-06-08T20:25:22.843-0300] {dag.py:3954} INFO - Setting next_dagrun for example_subdag_operator to 2022-01-01 00:00:00+00:00, run_after=2022-01-01 00:00:00+00:00
[2024-06-08T20:25:22.843-0300] {logging_mixin.py:188} INFO - [2024-06-08T20:25:22.843-0300] {dag.py:3954} INFO - Setting next_dagrun for example_subdag_operator.section-1 to None, run_after=None
[2024-06-08T20:25:22.844-0300] {logging_mixin.py:188} INFO - [2024-06-08T20:25:22.844-0300] {dag.py:3954} INFO - Setting next_dagrun for example_subdag_operator.section-2 to None, run_after=None
[2024-06-08T20:25:22.847-0300] {logging_mixin.py:188} INFO - [2024-06-08T20:25:22.847-0300] {dag.py:3096} INFO - Sync 2 DAGs
[2024-06-08T20:25:22.850-0300] {logging_mixin.py:188} INFO - [2024-06-08T20:25:22.850-0300] {dag.py:3954} INFO - Setting next_dagrun for example_subdag_operator.section-1 to None, run_after=None
[2024-06-08T20:25:22.852-0300] {logging_mixin.py:188} INFO - [2024-06-08T20:25:22.852-0300] {dag.py:3954} INFO - Setting next_dagrun for example_subdag_operator.section-2 to None, run_after=None
[2024-06-08T20:25:22.887-0300] {processor.py:183} INFO - Processing /home/pedro/.local/lib/python3.10/site-packages/airflow/example_dags/example_subdag_operator.py took 0.200 seconds
[2024-06-08T20:26:15.455-0300] {processor.py:161} INFO - Started process (PID=8744) to work on /home/pedro/.local/lib/python3.10/site-packages/airflow/example_dags/example_subdag_operator.py
[2024-06-08T20:26:15.456-0300] {processor.py:830} INFO - Processing file /home/pedro/.local/lib/python3.10/site-packages/airflow/example_dags/example_subdag_operator.py for tasks to queue
[2024-06-08T20:26:15.457-0300] {logging_mixin.py:188} INFO - [2024-06-08T20:26:15.457-0300] {dagbag.py:545} INFO - Filling up the DagBag from /home/pedro/.local/lib/python3.10/site-packages/airflow/example_dags/example_subdag_operator.py
[2024-06-08T20:26:15.470-0300] {processor.py:840} INFO - DAG(s) 'example_subdag_operator.section-1', 'example_subdag_operator.section-2', 'example_subdag_operator' retrieved from /home/pedro/.local/lib/python3.10/site-packages/airflow/example_dags/example_subdag_operator.py
[2024-06-08T20:26:15.486-0300] {logging_mixin.py:188} INFO - [2024-06-08T20:26:15.486-0300] {dag.py:3096} INFO - Sync 3 DAGs
[2024-06-08T20:26:15.549-0300] {logging_mixin.py:188} INFO - [2024-06-08T20:26:15.548-0300] {dag.py:3954} INFO - Setting next_dagrun for example_subdag_operator to 2022-01-01 00:00:00+00:00, run_after=2022-01-01 00:00:00+00:00
[2024-06-08T20:26:15.550-0300] {logging_mixin.py:188} INFO - [2024-06-08T20:26:15.550-0300] {dag.py:3954} INFO - Setting next_dagrun for example_subdag_operator.section-1 to None, run_after=None
[2024-06-08T20:26:15.551-0300] {logging_mixin.py:188} INFO - [2024-06-08T20:26:15.551-0300] {dag.py:3954} INFO - Setting next_dagrun for example_subdag_operator.section-2 to None, run_after=None
[2024-06-08T20:26:15.553-0300] {logging_mixin.py:188} INFO - [2024-06-08T20:26:15.553-0300] {dag.py:3096} INFO - Sync 2 DAGs
[2024-06-08T20:26:15.556-0300] {logging_mixin.py:188} INFO - [2024-06-08T20:26:15.555-0300] {dag.py:3954} INFO - Setting next_dagrun for example_subdag_operator.section-1 to None, run_after=None
[2024-06-08T20:26:15.556-0300] {logging_mixin.py:188} INFO - [2024-06-08T20:26:15.556-0300] {dag.py:3954} INFO - Setting next_dagrun for example_subdag_operator.section-2 to None, run_after=None
[2024-06-08T20:26:15.572-0300] {processor.py:183} INFO - Processing /home/pedro/.local/lib/python3.10/site-packages/airflow/example_dags/example_subdag_operator.py took 0.125 seconds
[2024-06-08T20:27:09.029-0300] {processor.py:161} INFO - Started process (PID=9009) to work on /home/pedro/.local/lib/python3.10/site-packages/airflow/example_dags/example_subdag_operator.py
[2024-06-08T20:27:09.032-0300] {processor.py:830} INFO - Processing file /home/pedro/.local/lib/python3.10/site-packages/airflow/example_dags/example_subdag_operator.py for tasks to queue
[2024-06-08T20:27:09.033-0300] {logging_mixin.py:188} INFO - [2024-06-08T20:27:09.033-0300] {dagbag.py:545} INFO - Filling up the DagBag from /home/pedro/.local/lib/python3.10/site-packages/airflow/example_dags/example_subdag_operator.py
[2024-06-08T20:27:09.048-0300] {processor.py:840} INFO - DAG(s) 'example_subdag_operator.section-1', 'example_subdag_operator.section-2', 'example_subdag_operator' retrieved from /home/pedro/.local/lib/python3.10/site-packages/airflow/example_dags/example_subdag_operator.py
[2024-06-08T20:27:09.056-0300] {logging_mixin.py:188} INFO - [2024-06-08T20:27:09.056-0300] {dag.py:3096} INFO - Sync 3 DAGs
[2024-06-08T20:27:09.066-0300] {logging_mixin.py:188} INFO - [2024-06-08T20:27:09.066-0300] {dag.py:3954} INFO - Setting next_dagrun for example_subdag_operator to 2022-01-01 00:00:00+00:00, run_after=2022-01-01 00:00:00+00:00
[2024-06-08T20:27:09.068-0300] {logging_mixin.py:188} INFO - [2024-06-08T20:27:09.067-0300] {dag.py:3954} INFO - Setting next_dagrun for example_subdag_operator.section-1 to None, run_after=None
[2024-06-08T20:27:09.068-0300] {logging_mixin.py:188} INFO - [2024-06-08T20:27:09.068-0300] {dag.py:3954} INFO - Setting next_dagrun for example_subdag_operator.section-2 to None, run_after=None
[2024-06-08T20:27:09.071-0300] {logging_mixin.py:188} INFO - [2024-06-08T20:27:09.071-0300] {dag.py:3096} INFO - Sync 2 DAGs
[2024-06-08T20:27:09.073-0300] {logging_mixin.py:188} INFO - [2024-06-08T20:27:09.073-0300] {dag.py:3954} INFO - Setting next_dagrun for example_subdag_operator.section-1 to None, run_after=None
[2024-06-08T20:27:09.073-0300] {logging_mixin.py:188} INFO - [2024-06-08T20:27:09.073-0300] {dag.py:3954} INFO - Setting next_dagrun for example_subdag_operator.section-2 to None, run_after=None
[2024-06-08T20:27:09.086-0300] {processor.py:183} INFO - Processing /home/pedro/.local/lib/python3.10/site-packages/airflow/example_dags/example_subdag_operator.py took 0.060 seconds
[2024-06-08T20:28:01.758-0300] {processor.py:161} INFO - Started process (PID=10040) to work on /home/pedro/.local/lib/python3.10/site-packages/airflow/example_dags/example_subdag_operator.py
[2024-06-08T20:28:01.761-0300] {processor.py:830} INFO - Processing file /home/pedro/.local/lib/python3.10/site-packages/airflow/example_dags/example_subdag_operator.py for tasks to queue
[2024-06-08T20:28:01.762-0300] {logging_mixin.py:188} INFO - [2024-06-08T20:28:01.762-0300] {dagbag.py:545} INFO - Filling up the DagBag from /home/pedro/.local/lib/python3.10/site-packages/airflow/example_dags/example_subdag_operator.py
[2024-06-08T20:28:01.778-0300] {processor.py:840} INFO - DAG(s) 'example_subdag_operator.section-1', 'example_subdag_operator.section-2', 'example_subdag_operator' retrieved from /home/pedro/.local/lib/python3.10/site-packages/airflow/example_dags/example_subdag_operator.py
[2024-06-08T20:28:01.786-0300] {logging_mixin.py:188} INFO - [2024-06-08T20:28:01.786-0300] {dag.py:3096} INFO - Sync 3 DAGs
[2024-06-08T20:28:01.796-0300] {logging_mixin.py:188} INFO - [2024-06-08T20:28:01.796-0300] {dag.py:3954} INFO - Setting next_dagrun for example_subdag_operator to 2022-01-01 00:00:00+00:00, run_after=2022-01-01 00:00:00+00:00
[2024-06-08T20:28:01.797-0300] {logging_mixin.py:188} INFO - [2024-06-08T20:28:01.797-0300] {dag.py:3954} INFO - Setting next_dagrun for example_subdag_operator.section-1 to None, run_after=None
[2024-06-08T20:28:01.798-0300] {logging_mixin.py:188} INFO - [2024-06-08T20:28:01.798-0300] {dag.py:3954} INFO - Setting next_dagrun for example_subdag_operator.section-2 to None, run_after=None
[2024-06-08T20:28:01.802-0300] {logging_mixin.py:188} INFO - [2024-06-08T20:28:01.801-0300] {dag.py:3096} INFO - Sync 2 DAGs
[2024-06-08T20:28:01.804-0300] {logging_mixin.py:188} INFO - [2024-06-08T20:28:01.804-0300] {dag.py:3954} INFO - Setting next_dagrun for example_subdag_operator.section-1 to None, run_after=None
[2024-06-08T20:28:01.804-0300] {logging_mixin.py:188} INFO - [2024-06-08T20:28:01.804-0300] {dag.py:3954} INFO - Setting next_dagrun for example_subdag_operator.section-2 to None, run_after=None
[2024-06-08T20:28:01.816-0300] {processor.py:183} INFO - Processing /home/pedro/.local/lib/python3.10/site-packages/airflow/example_dags/example_subdag_operator.py took 0.063 seconds
[2024-06-08T20:28:46.558-0300] {processor.py:161} INFO - Started process (PID=10166) to work on /home/pedro/.local/lib/python3.10/site-packages/airflow/example_dags/example_subdag_operator.py
[2024-06-08T20:28:46.562-0300] {processor.py:830} INFO - Processing file /home/pedro/.local/lib/python3.10/site-packages/airflow/example_dags/example_subdag_operator.py for tasks to queue
[2024-06-08T20:28:46.563-0300] {logging_mixin.py:188} INFO - [2024-06-08T20:28:46.563-0300] {dagbag.py:545} INFO - Filling up the DagBag from /home/pedro/.local/lib/python3.10/site-packages/airflow/example_dags/example_subdag_operator.py
[2024-06-08T20:28:46.580-0300] {processor.py:840} INFO - DAG(s) 'example_subdag_operator.section-1', 'example_subdag_operator.section-2', 'example_subdag_operator' retrieved from /home/pedro/.local/lib/python3.10/site-packages/airflow/example_dags/example_subdag_operator.py
[2024-06-08T20:28:46.588-0300] {logging_mixin.py:188} INFO - [2024-06-08T20:28:46.587-0300] {dag.py:3096} INFO - Sync 3 DAGs
[2024-06-08T20:28:46.597-0300] {logging_mixin.py:188} INFO - [2024-06-08T20:28:46.597-0300] {dag.py:3954} INFO - Setting next_dagrun for example_subdag_operator to 2022-01-01 00:00:00+00:00, run_after=2022-01-01 00:00:00+00:00
[2024-06-08T20:28:46.599-0300] {logging_mixin.py:188} INFO - [2024-06-08T20:28:46.599-0300] {dag.py:3954} INFO - Setting next_dagrun for example_subdag_operator.section-1 to None, run_after=None
[2024-06-08T20:28:46.599-0300] {logging_mixin.py:188} INFO - [2024-06-08T20:28:46.599-0300] {dag.py:3954} INFO - Setting next_dagrun for example_subdag_operator.section-2 to None, run_after=None
[2024-06-08T20:28:46.602-0300] {logging_mixin.py:188} INFO - [2024-06-08T20:28:46.602-0300] {dag.py:3096} INFO - Sync 2 DAGs
[2024-06-08T20:28:46.605-0300] {logging_mixin.py:188} INFO - [2024-06-08T20:28:46.605-0300] {dag.py:3954} INFO - Setting next_dagrun for example_subdag_operator.section-1 to None, run_after=None
[2024-06-08T20:28:46.605-0300] {logging_mixin.py:188} INFO - [2024-06-08T20:28:46.605-0300] {dag.py:3954} INFO - Setting next_dagrun for example_subdag_operator.section-2 to None, run_after=None
[2024-06-08T20:28:46.617-0300] {processor.py:183} INFO - Processing /home/pedro/.local/lib/python3.10/site-packages/airflow/example_dags/example_subdag_operator.py took 0.068 seconds
[2024-06-08T20:29:31.521-0300] {processor.py:161} INFO - Started process (PID=11149) to work on /home/pedro/.local/lib/python3.10/site-packages/airflow/example_dags/example_subdag_operator.py
[2024-06-08T20:29:31.523-0300] {processor.py:830} INFO - Processing file /home/pedro/.local/lib/python3.10/site-packages/airflow/example_dags/example_subdag_operator.py for tasks to queue
[2024-06-08T20:29:31.524-0300] {logging_mixin.py:188} INFO - [2024-06-08T20:29:31.523-0300] {dagbag.py:545} INFO - Filling up the DagBag from /home/pedro/.local/lib/python3.10/site-packages/airflow/example_dags/example_subdag_operator.py
[2024-06-08T20:29:31.538-0300] {processor.py:840} INFO - DAG(s) 'example_subdag_operator.section-1', 'example_subdag_operator.section-2', 'example_subdag_operator' retrieved from /home/pedro/.local/lib/python3.10/site-packages/airflow/example_dags/example_subdag_operator.py
[2024-06-08T20:29:31.548-0300] {logging_mixin.py:188} INFO - [2024-06-08T20:29:31.548-0300] {dag.py:3096} INFO - Sync 3 DAGs
[2024-06-08T20:29:31.561-0300] {logging_mixin.py:188} INFO - [2024-06-08T20:29:31.561-0300] {dag.py:3954} INFO - Setting next_dagrun for example_subdag_operator to 2022-01-01 00:00:00+00:00, run_after=2022-01-01 00:00:00+00:00
[2024-06-08T20:29:31.564-0300] {logging_mixin.py:188} INFO - [2024-06-08T20:29:31.563-0300] {dag.py:3954} INFO - Setting next_dagrun for example_subdag_operator.section-1 to None, run_after=None
[2024-06-08T20:29:31.564-0300] {logging_mixin.py:188} INFO - [2024-06-08T20:29:31.564-0300] {dag.py:3954} INFO - Setting next_dagrun for example_subdag_operator.section-2 to None, run_after=None
[2024-06-08T20:29:31.568-0300] {logging_mixin.py:188} INFO - [2024-06-08T20:29:31.568-0300] {dag.py:3096} INFO - Sync 2 DAGs
[2024-06-08T20:29:31.571-0300] {logging_mixin.py:188} INFO - [2024-06-08T20:29:31.571-0300] {dag.py:3954} INFO - Setting next_dagrun for example_subdag_operator.section-1 to None, run_after=None
[2024-06-08T20:29:31.571-0300] {logging_mixin.py:188} INFO - [2024-06-08T20:29:31.571-0300] {dag.py:3954} INFO - Setting next_dagrun for example_subdag_operator.section-2 to None, run_after=None
[2024-06-08T20:29:31.584-0300] {processor.py:183} INFO - Processing /home/pedro/.local/lib/python3.10/site-packages/airflow/example_dags/example_subdag_operator.py took 0.071 seconds
