[2024-06-08T20:25:20.047-0300] {processor.py:161} INFO - Started process (PID=8612) to work on /home/pedro/.local/lib/python3.10/site-packages/airflow/example_dags/example_setup_teardown.py
[2024-06-08T20:25:20.048-0300] {processor.py:830} INFO - Processing file /home/pedro/.local/lib/python3.10/site-packages/airflow/example_dags/example_setup_teardown.py for tasks to queue
[2024-06-08T20:25:20.049-0300] {logging_mixin.py:188} INFO - [2024-06-08T20:25:20.049-0300] {dagbag.py:545} INFO - Filling up the DagBag from /home/pedro/.local/lib/python3.10/site-packages/airflow/example_dags/example_setup_teardown.py
[2024-06-08T20:25:20.057-0300] {processor.py:840} INFO - DAG(s) 'example_setup_teardown' retrieved from /home/pedro/.local/lib/python3.10/site-packages/airflow/example_dags/example_setup_teardown.py
[2024-06-08T20:25:20.207-0300] {logging_mixin.py:188} INFO - [2024-06-08T20:25:20.206-0300] {override.py:1829} INFO - Created Permission View: can delete on DAG:example_setup_teardown
[2024-06-08T20:25:20.218-0300] {logging_mixin.py:188} INFO - [2024-06-08T20:25:20.217-0300] {override.py:1829} INFO - Created Permission View: can read on DAG:example_setup_teardown
[2024-06-08T20:25:20.226-0300] {logging_mixin.py:188} INFO - [2024-06-08T20:25:20.226-0300] {override.py:1829} INFO - Created Permission View: can edit on DAG:example_setup_teardown
[2024-06-08T20:25:20.226-0300] {logging_mixin.py:188} INFO - [2024-06-08T20:25:20.226-0300] {dag.py:3096} INFO - Sync 1 DAGs
[2024-06-08T20:25:20.232-0300] {logging_mixin.py:188} INFO - [2024-06-08T20:25:20.232-0300] {dag.py:3118} INFO - Creating ORM DAG for example_setup_teardown
[2024-06-08T20:25:20.239-0300] {logging_mixin.py:188} INFO - [2024-06-08T20:25:20.239-0300] {dag.py:3954} INFO - Setting next_dagrun for example_setup_teardown to 2024-06-07 00:00:00+00:00, run_after=2024-06-08 00:00:00+00:00
[2024-06-08T20:25:20.274-0300] {processor.py:183} INFO - Processing /home/pedro/.local/lib/python3.10/site-packages/airflow/example_dags/example_setup_teardown.py took 0.236 seconds
[2024-06-08T20:26:12.960-0300] {processor.py:161} INFO - Started process (PID=8707) to work on /home/pedro/.local/lib/python3.10/site-packages/airflow/example_dags/example_setup_teardown.py
[2024-06-08T20:26:12.964-0300] {processor.py:830} INFO - Processing file /home/pedro/.local/lib/python3.10/site-packages/airflow/example_dags/example_setup_teardown.py for tasks to queue
[2024-06-08T20:26:12.965-0300] {logging_mixin.py:188} INFO - [2024-06-08T20:26:12.965-0300] {dagbag.py:545} INFO - Filling up the DagBag from /home/pedro/.local/lib/python3.10/site-packages/airflow/example_dags/example_setup_teardown.py
[2024-06-08T20:26:12.975-0300] {processor.py:840} INFO - DAG(s) 'example_setup_teardown' retrieved from /home/pedro/.local/lib/python3.10/site-packages/airflow/example_dags/example_setup_teardown.py
[2024-06-08T20:26:12.988-0300] {logging_mixin.py:188} INFO - [2024-06-08T20:26:12.988-0300] {dag.py:3096} INFO - Sync 1 DAGs
[2024-06-08T20:26:13.065-0300] {logging_mixin.py:188} INFO - [2024-06-08T20:26:13.065-0300] {dag.py:3954} INFO - Setting next_dagrun for example_setup_teardown to 2024-06-07 00:00:00+00:00, run_after=2024-06-08 00:00:00+00:00
[2024-06-08T20:26:13.086-0300] {processor.py:183} INFO - Processing /home/pedro/.local/lib/python3.10/site-packages/airflow/example_dags/example_setup_teardown.py took 0.134 seconds
[2024-06-08T20:27:06.744-0300] {processor.py:161} INFO - Started process (PID=8875) to work on /home/pedro/.local/lib/python3.10/site-packages/airflow/example_dags/example_setup_teardown.py
[2024-06-08T20:27:06.748-0300] {processor.py:830} INFO - Processing file /home/pedro/.local/lib/python3.10/site-packages/airflow/example_dags/example_setup_teardown.py for tasks to queue
[2024-06-08T20:27:06.749-0300] {logging_mixin.py:188} INFO - [2024-06-08T20:27:06.748-0300] {dagbag.py:545} INFO - Filling up the DagBag from /home/pedro/.local/lib/python3.10/site-packages/airflow/example_dags/example_setup_teardown.py
[2024-06-08T20:27:06.755-0300] {processor.py:840} INFO - DAG(s) 'example_setup_teardown' retrieved from /home/pedro/.local/lib/python3.10/site-packages/airflow/example_dags/example_setup_teardown.py
[2024-06-08T20:27:06.763-0300] {logging_mixin.py:188} INFO - [2024-06-08T20:27:06.763-0300] {dag.py:3096} INFO - Sync 1 DAGs
[2024-06-08T20:27:06.773-0300] {logging_mixin.py:188} INFO - [2024-06-08T20:27:06.773-0300] {dag.py:3954} INFO - Setting next_dagrun for example_setup_teardown to 2024-06-07 00:00:00+00:00, run_after=2024-06-08 00:00:00+00:00
[2024-06-08T20:27:06.788-0300] {processor.py:183} INFO - Processing /home/pedro/.local/lib/python3.10/site-packages/airflow/example_dags/example_setup_teardown.py took 0.053 seconds
[2024-06-08T20:28:00.054-0300] {processor.py:161} INFO - Started process (PID=10026) to work on /home/pedro/.local/lib/python3.10/site-packages/airflow/example_dags/example_setup_teardown.py
[2024-06-08T20:28:00.055-0300] {processor.py:830} INFO - Processing file /home/pedro/.local/lib/python3.10/site-packages/airflow/example_dags/example_setup_teardown.py for tasks to queue
[2024-06-08T20:28:00.056-0300] {logging_mixin.py:188} INFO - [2024-06-08T20:28:00.056-0300] {dagbag.py:545} INFO - Filling up the DagBag from /home/pedro/.local/lib/python3.10/site-packages/airflow/example_dags/example_setup_teardown.py
[2024-06-08T20:28:00.062-0300] {processor.py:840} INFO - DAG(s) 'example_setup_teardown' retrieved from /home/pedro/.local/lib/python3.10/site-packages/airflow/example_dags/example_setup_teardown.py
[2024-06-08T20:28:00.071-0300] {logging_mixin.py:188} INFO - [2024-06-08T20:28:00.071-0300] {dag.py:3096} INFO - Sync 1 DAGs
[2024-06-08T20:28:00.080-0300] {logging_mixin.py:188} INFO - [2024-06-08T20:28:00.080-0300] {dag.py:3954} INFO - Setting next_dagrun for example_setup_teardown to 2024-06-07 00:00:00+00:00, run_after=2024-06-08 00:00:00+00:00
[2024-06-08T20:28:00.094-0300] {processor.py:183} INFO - Processing /home/pedro/.local/lib/python3.10/site-packages/airflow/example_dags/example_setup_teardown.py took 0.050 seconds
[2024-06-08T20:28:44.276-0300] {processor.py:161} INFO - Started process (PID=10161) to work on /home/pedro/.local/lib/python3.10/site-packages/airflow/example_dags/example_setup_teardown.py
[2024-06-08T20:28:44.279-0300] {processor.py:830} INFO - Processing file /home/pedro/.local/lib/python3.10/site-packages/airflow/example_dags/example_setup_teardown.py for tasks to queue
[2024-06-08T20:28:44.280-0300] {logging_mixin.py:188} INFO - [2024-06-08T20:28:44.280-0300] {dagbag.py:545} INFO - Filling up the DagBag from /home/pedro/.local/lib/python3.10/site-packages/airflow/example_dags/example_setup_teardown.py
[2024-06-08T20:28:44.287-0300] {processor.py:840} INFO - DAG(s) 'example_setup_teardown' retrieved from /home/pedro/.local/lib/python3.10/site-packages/airflow/example_dags/example_setup_teardown.py
[2024-06-08T20:28:44.296-0300] {logging_mixin.py:188} INFO - [2024-06-08T20:28:44.296-0300] {dag.py:3096} INFO - Sync 1 DAGs
[2024-06-08T20:28:44.305-0300] {logging_mixin.py:188} INFO - [2024-06-08T20:28:44.305-0300] {dag.py:3954} INFO - Setting next_dagrun for example_setup_teardown to 2024-06-07 00:00:00+00:00, run_after=2024-06-08 00:00:00+00:00
[2024-06-08T20:28:44.322-0300] {processor.py:183} INFO - Processing /home/pedro/.local/lib/python3.10/site-packages/airflow/example_dags/example_setup_teardown.py took 0.055 seconds
[2024-06-08T20:29:29.230-0300] {processor.py:161} INFO - Started process (PID=11143) to work on /home/pedro/.local/lib/python3.10/site-packages/airflow/example_dags/example_setup_teardown.py
[2024-06-08T20:29:29.233-0300] {processor.py:830} INFO - Processing file /home/pedro/.local/lib/python3.10/site-packages/airflow/example_dags/example_setup_teardown.py for tasks to queue
[2024-06-08T20:29:29.234-0300] {logging_mixin.py:188} INFO - [2024-06-08T20:29:29.234-0300] {dagbag.py:545} INFO - Filling up the DagBag from /home/pedro/.local/lib/python3.10/site-packages/airflow/example_dags/example_setup_teardown.py
[2024-06-08T20:29:29.243-0300] {processor.py:840} INFO - DAG(s) 'example_setup_teardown' retrieved from /home/pedro/.local/lib/python3.10/site-packages/airflow/example_dags/example_setup_teardown.py
[2024-06-08T20:29:29.252-0300] {logging_mixin.py:188} INFO - [2024-06-08T20:29:29.252-0300] {dag.py:3096} INFO - Sync 1 DAGs
[2024-06-08T20:29:29.262-0300] {logging_mixin.py:188} INFO - [2024-06-08T20:29:29.261-0300] {dag.py:3954} INFO - Setting next_dagrun for example_setup_teardown to 2024-06-07 00:00:00+00:00, run_after=2024-06-08 00:00:00+00:00
[2024-06-08T20:29:29.277-0300] {processor.py:183} INFO - Processing /home/pedro/.local/lib/python3.10/site-packages/airflow/example_dags/example_setup_teardown.py took 0.052 seconds
