[2024-06-08T20:25:24.034-0300] {processor.py:161} INFO - Started process (PID=8615) to work on /home/pedro/.local/lib/python3.10/site-packages/airflow/example_dags/example_sensors.py
[2024-06-08T20:25:24.035-0300] {processor.py:830} INFO - Processing file /home/pedro/.local/lib/python3.10/site-packages/airflow/example_dags/example_sensors.py for tasks to queue
[2024-06-08T20:25:24.036-0300] {logging_mixin.py:188} INFO - [2024-06-08T20:25:24.035-0300] {dagbag.py:545} INFO - Filling up the DagBag from /home/pedro/.local/lib/python3.10/site-packages/airflow/example_dags/example_sensors.py
[2024-06-08T20:25:24.040-0300] {processor.py:840} INFO - DAG(s) 'example_sensors' retrieved from /home/pedro/.local/lib/python3.10/site-packages/airflow/example_dags/example_sensors.py
[2024-06-08T20:25:24.163-0300] {logging_mixin.py:188} INFO - [2024-06-08T20:25:24.162-0300] {override.py:1829} INFO - Created Permission View: can delete on DAG:example_sensors
[2024-06-08T20:25:24.172-0300] {logging_mixin.py:188} INFO - [2024-06-08T20:25:24.172-0300] {override.py:1829} INFO - Created Permission View: can read on DAG:example_sensors
[2024-06-08T20:25:24.180-0300] {logging_mixin.py:188} INFO - [2024-06-08T20:25:24.180-0300] {override.py:1829} INFO - Created Permission View: can edit on DAG:example_sensors
[2024-06-08T20:25:24.180-0300] {logging_mixin.py:188} INFO - [2024-06-08T20:25:24.180-0300] {dag.py:3096} INFO - Sync 1 DAGs
[2024-06-08T20:25:24.187-0300] {logging_mixin.py:188} INFO - [2024-06-08T20:25:24.187-0300] {dag.py:3118} INFO - Creating ORM DAG for example_sensors
[2024-06-08T20:25:24.187-0300] {logging_mixin.py:188} INFO - [2024-06-08T20:25:24.187-0300] {dag.py:3954} INFO - Setting next_dagrun for example_sensors to None, run_after=None
[2024-06-08T20:25:24.222-0300] {processor.py:183} INFO - Processing /home/pedro/.local/lib/python3.10/site-packages/airflow/example_dags/example_sensors.py took 0.192 seconds
[2024-06-08T20:26:16.692-0300] {processor.py:161} INFO - Started process (PID=8745) to work on /home/pedro/.local/lib/python3.10/site-packages/airflow/example_dags/example_sensors.py
[2024-06-08T20:26:16.696-0300] {processor.py:830} INFO - Processing file /home/pedro/.local/lib/python3.10/site-packages/airflow/example_dags/example_sensors.py for tasks to queue
[2024-06-08T20:26:16.697-0300] {logging_mixin.py:188} INFO - [2024-06-08T20:26:16.696-0300] {dagbag.py:545} INFO - Filling up the DagBag from /home/pedro/.local/lib/python3.10/site-packages/airflow/example_dags/example_sensors.py
[2024-06-08T20:26:16.707-0300] {processor.py:840} INFO - DAG(s) 'example_sensors' retrieved from /home/pedro/.local/lib/python3.10/site-packages/airflow/example_dags/example_sensors.py
[2024-06-08T20:26:16.773-0300] {logging_mixin.py:188} INFO - [2024-06-08T20:26:16.773-0300] {dag.py:3096} INFO - Sync 1 DAGs
[2024-06-08T20:26:16.778-0300] {logging_mixin.py:188} INFO - [2024-06-08T20:26:16.778-0300] {dag.py:3954} INFO - Setting next_dagrun for example_sensors to None, run_after=None
[2024-06-08T20:26:16.799-0300] {processor.py:183} INFO - Processing /home/pedro/.local/lib/python3.10/site-packages/airflow/example_dags/example_sensors.py took 0.111 seconds
[2024-06-08T20:27:10.185-0300] {processor.py:161} INFO - Started process (PID=9019) to work on /home/pedro/.local/lib/python3.10/site-packages/airflow/example_dags/example_sensors.py
[2024-06-08T20:27:10.188-0300] {processor.py:830} INFO - Processing file /home/pedro/.local/lib/python3.10/site-packages/airflow/example_dags/example_sensors.py for tasks to queue
[2024-06-08T20:27:10.189-0300] {logging_mixin.py:188} INFO - [2024-06-08T20:27:10.189-0300] {dagbag.py:545} INFO - Filling up the DagBag from /home/pedro/.local/lib/python3.10/site-packages/airflow/example_dags/example_sensors.py
[2024-06-08T20:27:10.199-0300] {processor.py:840} INFO - DAG(s) 'example_sensors' retrieved from /home/pedro/.local/lib/python3.10/site-packages/airflow/example_dags/example_sensors.py
[2024-06-08T20:27:10.210-0300] {logging_mixin.py:188} INFO - [2024-06-08T20:27:10.210-0300] {dag.py:3096} INFO - Sync 1 DAGs
[2024-06-08T20:27:10.216-0300] {logging_mixin.py:188} INFO - [2024-06-08T20:27:10.215-0300] {dag.py:3954} INFO - Setting next_dagrun for example_sensors to None, run_after=None
[2024-06-08T20:27:10.231-0300] {processor.py:183} INFO - Processing /home/pedro/.local/lib/python3.10/site-packages/airflow/example_dags/example_sensors.py took 0.050 seconds
[2024-06-08T20:28:02.910-0300] {processor.py:161} INFO - Started process (PID=10044) to work on /home/pedro/.local/lib/python3.10/site-packages/airflow/example_dags/example_sensors.py
[2024-06-08T20:28:02.913-0300] {processor.py:830} INFO - Processing file /home/pedro/.local/lib/python3.10/site-packages/airflow/example_dags/example_sensors.py for tasks to queue
[2024-06-08T20:28:02.915-0300] {logging_mixin.py:188} INFO - [2024-06-08T20:28:02.914-0300] {dagbag.py:545} INFO - Filling up the DagBag from /home/pedro/.local/lib/python3.10/site-packages/airflow/example_dags/example_sensors.py
[2024-06-08T20:28:02.924-0300] {processor.py:840} INFO - DAG(s) 'example_sensors' retrieved from /home/pedro/.local/lib/python3.10/site-packages/airflow/example_dags/example_sensors.py
[2024-06-08T20:28:02.935-0300] {logging_mixin.py:188} INFO - [2024-06-08T20:28:02.935-0300] {dag.py:3096} INFO - Sync 1 DAGs
[2024-06-08T20:28:02.941-0300] {logging_mixin.py:188} INFO - [2024-06-08T20:28:02.941-0300] {dag.py:3954} INFO - Setting next_dagrun for example_sensors to None, run_after=None
[2024-06-08T20:28:02.957-0300] {processor.py:183} INFO - Processing /home/pedro/.local/lib/python3.10/site-packages/airflow/example_dags/example_sensors.py took 0.056 seconds
[2024-06-08T20:28:46.873-0300] {processor.py:161} INFO - Started process (PID=10167) to work on /home/pedro/.local/lib/python3.10/site-packages/airflow/example_dags/example_sensors.py
[2024-06-08T20:28:46.877-0300] {processor.py:830} INFO - Processing file /home/pedro/.local/lib/python3.10/site-packages/airflow/example_dags/example_sensors.py for tasks to queue
[2024-06-08T20:28:46.878-0300] {logging_mixin.py:188} INFO - [2024-06-08T20:28:46.877-0300] {dagbag.py:545} INFO - Filling up the DagBag from /home/pedro/.local/lib/python3.10/site-packages/airflow/example_dags/example_sensors.py
[2024-06-08T20:28:46.887-0300] {processor.py:840} INFO - DAG(s) 'example_sensors' retrieved from /home/pedro/.local/lib/python3.10/site-packages/airflow/example_dags/example_sensors.py
[2024-06-08T20:28:46.898-0300] {logging_mixin.py:188} INFO - [2024-06-08T20:28:46.898-0300] {dag.py:3096} INFO - Sync 1 DAGs
[2024-06-08T20:28:46.904-0300] {logging_mixin.py:188} INFO - [2024-06-08T20:28:46.904-0300] {dag.py:3954} INFO - Setting next_dagrun for example_sensors to None, run_after=None
[2024-06-08T20:28:46.919-0300] {processor.py:183} INFO - Processing /home/pedro/.local/lib/python3.10/site-packages/airflow/example_dags/example_sensors.py took 0.055 seconds
[2024-06-08T20:29:32.656-0300] {processor.py:161} INFO - Started process (PID=11150) to work on /home/pedro/.local/lib/python3.10/site-packages/airflow/example_dags/example_sensors.py
[2024-06-08T20:29:32.659-0300] {processor.py:830} INFO - Processing file /home/pedro/.local/lib/python3.10/site-packages/airflow/example_dags/example_sensors.py for tasks to queue
[2024-06-08T20:29:32.660-0300] {logging_mixin.py:188} INFO - [2024-06-08T20:29:32.660-0300] {dagbag.py:545} INFO - Filling up the DagBag from /home/pedro/.local/lib/python3.10/site-packages/airflow/example_dags/example_sensors.py
[2024-06-08T20:29:32.670-0300] {processor.py:840} INFO - DAG(s) 'example_sensors' retrieved from /home/pedro/.local/lib/python3.10/site-packages/airflow/example_dags/example_sensors.py
[2024-06-08T20:29:32.681-0300] {logging_mixin.py:188} INFO - [2024-06-08T20:29:32.681-0300] {dag.py:3096} INFO - Sync 1 DAGs
[2024-06-08T20:29:32.686-0300] {logging_mixin.py:188} INFO - [2024-06-08T20:29:32.686-0300] {dag.py:3954} INFO - Setting next_dagrun for example_sensors to None, run_after=None
[2024-06-08T20:29:32.702-0300] {processor.py:183} INFO - Processing /home/pedro/.local/lib/python3.10/site-packages/airflow/example_dags/example_sensors.py took 0.052 seconds
