[2024-06-08T20:24:39.592-0300] {processor.py:161} INFO - Started process (PID=7443) to work on /home/pedro/.local/lib/python3.10/site-packages/airflow/example_dags/example_xcomargs.py
[2024-06-08T20:24:39.593-0300] {processor.py:830} INFO - Processing file /home/pedro/.local/lib/python3.10/site-packages/airflow/example_dags/example_xcomargs.py for tasks to queue
[2024-06-08T20:24:39.594-0300] {logging_mixin.py:188} INFO - [2024-06-08T20:24:39.593-0300] {dagbag.py:545} INFO - Filling up the DagBag from /home/pedro/.local/lib/python3.10/site-packages/airflow/example_dags/example_xcomargs.py
[2024-06-08T20:24:39.599-0300] {processor.py:840} INFO - DAG(s) 'example_xcom_args', 'example_xcom_args_with_operators' retrieved from /home/pedro/.local/lib/python3.10/site-packages/airflow/example_dags/example_xcomargs.py
[2024-06-08T20:24:39.660-0300] {logging_mixin.py:188} INFO - [2024-06-08T20:24:39.660-0300] {override.py:1829} INFO - Created Permission View: can edit on DAG:example_xcom_args
[2024-06-08T20:24:39.669-0300] {logging_mixin.py:188} INFO - [2024-06-08T20:24:39.669-0300] {override.py:1829} INFO - Created Permission View: can delete on DAG:example_xcom_args
[2024-06-08T20:24:39.691-0300] {logging_mixin.py:188} INFO - [2024-06-08T20:24:39.690-0300] {override.py:1829} INFO - Created Permission View: can read on DAG:example_xcom_args
[2024-06-08T20:24:39.713-0300] {logging_mixin.py:188} INFO - [2024-06-08T20:24:39.712-0300] {override.py:1829} INFO - Created Permission View: can edit on DAG:example_xcom_args_with_operators
[2024-06-08T20:24:39.722-0300] {logging_mixin.py:188} INFO - [2024-06-08T20:24:39.722-0300] {override.py:1829} INFO - Created Permission View: can delete on DAG:example_xcom_args_with_operators
[2024-06-08T20:24:39.730-0300] {logging_mixin.py:188} INFO - [2024-06-08T20:24:39.730-0300] {override.py:1829} INFO - Created Permission View: can read on DAG:example_xcom_args_with_operators
[2024-06-08T20:24:39.730-0300] {logging_mixin.py:188} INFO - [2024-06-08T20:24:39.730-0300] {dag.py:3096} INFO - Sync 2 DAGs
[2024-06-08T20:24:39.736-0300] {logging_mixin.py:188} INFO - [2024-06-08T20:24:39.736-0300] {dag.py:3118} INFO - Creating ORM DAG for example_xcom_args_with_operators
[2024-06-08T20:24:39.737-0300] {logging_mixin.py:188} INFO - [2024-06-08T20:24:39.737-0300] {dag.py:3118} INFO - Creating ORM DAG for example_xcom_args
[2024-06-08T20:24:39.737-0300] {logging_mixin.py:188} INFO - [2024-06-08T20:24:39.737-0300] {dag.py:3954} INFO - Setting next_dagrun for example_xcom_args to None, run_after=None
[2024-06-08T20:24:39.737-0300] {logging_mixin.py:188} INFO - [2024-06-08T20:24:39.737-0300] {dag.py:3954} INFO - Setting next_dagrun for example_xcom_args_with_operators to None, run_after=None
[2024-06-08T20:24:39.809-0300] {processor.py:183} INFO - Processing /home/pedro/.local/lib/python3.10/site-packages/airflow/example_dags/example_xcomargs.py took 0.221 seconds
[2024-06-08T20:24:57.693-0300] {processor.py:161} INFO - Started process (PID=8443) to work on /home/pedro/.local/lib/python3.10/site-packages/airflow/example_dags/example_xcomargs.py
[2024-06-08T20:24:57.693-0300] {processor.py:830} INFO - Processing file /home/pedro/.local/lib/python3.10/site-packages/airflow/example_dags/example_xcomargs.py for tasks to queue
[2024-06-08T20:24:57.694-0300] {logging_mixin.py:188} INFO - [2024-06-08T20:24:57.694-0300] {dagbag.py:545} INFO - Filling up the DagBag from /home/pedro/.local/lib/python3.10/site-packages/airflow/example_dags/example_xcomargs.py
[2024-06-08T20:24:57.699-0300] {processor.py:840} INFO - DAG(s) 'example_xcom_args_with_operators', 'example_xcom_args' retrieved from /home/pedro/.local/lib/python3.10/site-packages/airflow/example_dags/example_xcomargs.py
[2024-06-08T20:24:57.703-0300] {logging_mixin.py:188} INFO - [2024-06-08T20:24:57.703-0300] {dag.py:3096} INFO - Sync 2 DAGs
[2024-06-08T20:24:57.709-0300] {logging_mixin.py:188} INFO - [2024-06-08T20:24:57.709-0300] {dag.py:3954} INFO - Setting next_dagrun for example_xcom_args to None, run_after=None
[2024-06-08T20:24:57.711-0300] {logging_mixin.py:188} INFO - [2024-06-08T20:24:57.711-0300] {dag.py:3954} INFO - Setting next_dagrun for example_xcom_args_with_operators to None, run_after=None
[2024-06-08T20:24:57.724-0300] {processor.py:183} INFO - Processing /home/pedro/.local/lib/python3.10/site-packages/airflow/example_dags/example_xcomargs.py took 0.034 seconds
[2024-06-08T20:25:53.800-0300] {processor.py:161} INFO - Started process (PID=8656) to work on /home/pedro/.local/lib/python3.10/site-packages/airflow/example_dags/example_xcomargs.py
[2024-06-08T20:25:53.803-0300] {processor.py:830} INFO - Processing file /home/pedro/.local/lib/python3.10/site-packages/airflow/example_dags/example_xcomargs.py for tasks to queue
[2024-06-08T20:25:53.804-0300] {logging_mixin.py:188} INFO - [2024-06-08T20:25:53.804-0300] {dagbag.py:545} INFO - Filling up the DagBag from /home/pedro/.local/lib/python3.10/site-packages/airflow/example_dags/example_xcomargs.py
[2024-06-08T20:25:53.815-0300] {processor.py:840} INFO - DAG(s) 'example_xcom_args', 'example_xcom_args_with_operators' retrieved from /home/pedro/.local/lib/python3.10/site-packages/airflow/example_dags/example_xcomargs.py
[2024-06-08T20:25:53.829-0300] {logging_mixin.py:188} INFO - [2024-06-08T20:25:53.829-0300] {dag.py:3096} INFO - Sync 2 DAGs
[2024-06-08T20:25:53.835-0300] {logging_mixin.py:188} INFO - [2024-06-08T20:25:53.834-0300] {dag.py:3954} INFO - Setting next_dagrun for example_xcom_args to None, run_after=None
[2024-06-08T20:25:53.836-0300] {logging_mixin.py:188} INFO - [2024-06-08T20:25:53.836-0300] {dag.py:3954} INFO - Setting next_dagrun for example_xcom_args_with_operators to None, run_after=None
[2024-06-08T20:25:53.856-0300] {processor.py:183} INFO - Processing /home/pedro/.local/lib/python3.10/site-packages/airflow/example_dags/example_xcomargs.py took 0.061 seconds
[2024-06-08T20:26:48.421-0300] {processor.py:161} INFO - Started process (PID=8813) to work on /home/pedro/.local/lib/python3.10/site-packages/airflow/example_dags/example_xcomargs.py
[2024-06-08T20:26:48.425-0300] {processor.py:830} INFO - Processing file /home/pedro/.local/lib/python3.10/site-packages/airflow/example_dags/example_xcomargs.py for tasks to queue
[2024-06-08T20:26:48.426-0300] {logging_mixin.py:188} INFO - [2024-06-08T20:26:48.425-0300] {dagbag.py:545} INFO - Filling up the DagBag from /home/pedro/.local/lib/python3.10/site-packages/airflow/example_dags/example_xcomargs.py
[2024-06-08T20:26:48.434-0300] {processor.py:840} INFO - DAG(s) 'example_xcom_args_with_operators', 'example_xcom_args' retrieved from /home/pedro/.local/lib/python3.10/site-packages/airflow/example_dags/example_xcomargs.py
[2024-06-08T20:26:48.444-0300] {logging_mixin.py:188} INFO - [2024-06-08T20:26:48.444-0300] {dag.py:3096} INFO - Sync 2 DAGs
[2024-06-08T20:26:48.451-0300] {logging_mixin.py:188} INFO - [2024-06-08T20:26:48.450-0300] {dag.py:3954} INFO - Setting next_dagrun for example_xcom_args to None, run_after=None
[2024-06-08T20:26:48.452-0300] {logging_mixin.py:188} INFO - [2024-06-08T20:26:48.452-0300] {dag.py:3954} INFO - Setting next_dagrun for example_xcom_args_with_operators to None, run_after=None
[2024-06-08T20:26:48.466-0300] {processor.py:183} INFO - Processing /home/pedro/.local/lib/python3.10/site-packages/airflow/example_dags/example_xcomargs.py took 0.054 seconds
[2024-06-08T20:27:34.834-0300] {processor.py:161} INFO - Started process (PID=9287) to work on /home/pedro/.local/lib/python3.10/site-packages/airflow/example_dags/example_xcomargs.py
[2024-06-08T20:27:34.838-0300] {processor.py:830} INFO - Processing file /home/pedro/.local/lib/python3.10/site-packages/airflow/example_dags/example_xcomargs.py for tasks to queue
[2024-06-08T20:27:34.839-0300] {logging_mixin.py:188} INFO - [2024-06-08T20:27:34.838-0300] {dagbag.py:545} INFO - Filling up the DagBag from /home/pedro/.local/lib/python3.10/site-packages/airflow/example_dags/example_xcomargs.py
[2024-06-08T20:27:34.848-0300] {processor.py:840} INFO - DAG(s) 'example_xcom_args_with_operators', 'example_xcom_args' retrieved from /home/pedro/.local/lib/python3.10/site-packages/airflow/example_dags/example_xcomargs.py
[2024-06-08T20:27:34.859-0300] {logging_mixin.py:188} INFO - [2024-06-08T20:27:34.859-0300] {dag.py:3096} INFO - Sync 2 DAGs
[2024-06-08T20:27:34.865-0300] {logging_mixin.py:188} INFO - [2024-06-08T20:27:34.864-0300] {dag.py:3954} INFO - Setting next_dagrun for example_xcom_args to None, run_after=None
[2024-06-08T20:27:34.866-0300] {logging_mixin.py:188} INFO - [2024-06-08T20:27:34.866-0300] {dag.py:3954} INFO - Setting next_dagrun for example_xcom_args_with_operators to None, run_after=None
[2024-06-08T20:27:34.882-0300] {processor.py:183} INFO - Processing /home/pedro/.local/lib/python3.10/site-packages/airflow/example_dags/example_xcomargs.py took 0.053 seconds
[2024-06-08T20:28:20.807-0300] {processor.py:161} INFO - Started process (PID=10119) to work on /home/pedro/.local/lib/python3.10/site-packages/airflow/example_dags/example_xcomargs.py
[2024-06-08T20:28:20.810-0300] {processor.py:830} INFO - Processing file /home/pedro/.local/lib/python3.10/site-packages/airflow/example_dags/example_xcomargs.py for tasks to queue
[2024-06-08T20:28:20.812-0300] {logging_mixin.py:188} INFO - [2024-06-08T20:28:20.811-0300] {dagbag.py:545} INFO - Filling up the DagBag from /home/pedro/.local/lib/python3.10/site-packages/airflow/example_dags/example_xcomargs.py
[2024-06-08T20:28:20.821-0300] {processor.py:840} INFO - DAG(s) 'example_xcom_args', 'example_xcom_args_with_operators' retrieved from /home/pedro/.local/lib/python3.10/site-packages/airflow/example_dags/example_xcomargs.py
[2024-06-08T20:28:20.831-0300] {logging_mixin.py:188} INFO - [2024-06-08T20:28:20.831-0300] {dag.py:3096} INFO - Sync 2 DAGs
[2024-06-08T20:28:20.837-0300] {logging_mixin.py:188} INFO - [2024-06-08T20:28:20.837-0300] {dag.py:3954} INFO - Setting next_dagrun for example_xcom_args to None, run_after=None
[2024-06-08T20:28:20.839-0300] {logging_mixin.py:188} INFO - [2024-06-08T20:28:20.839-0300] {dag.py:3954} INFO - Setting next_dagrun for example_xcom_args_with_operators to None, run_after=None
[2024-06-08T20:28:20.853-0300] {processor.py:183} INFO - Processing /home/pedro/.local/lib/python3.10/site-packages/airflow/example_dags/example_xcomargs.py took 0.051 seconds
[2024-06-08T20:29:01.957-0300] {processor.py:161} INFO - Started process (PID=10206) to work on /home/pedro/.local/lib/python3.10/site-packages/airflow/example_dags/example_xcomargs.py
[2024-06-08T20:29:01.960-0300] {processor.py:830} INFO - Processing file /home/pedro/.local/lib/python3.10/site-packages/airflow/example_dags/example_xcomargs.py for tasks to queue
[2024-06-08T20:29:01.961-0300] {logging_mixin.py:188} INFO - [2024-06-08T20:29:01.961-0300] {dagbag.py:545} INFO - Filling up the DagBag from /home/pedro/.local/lib/python3.10/site-packages/airflow/example_dags/example_xcomargs.py
[2024-06-08T20:29:01.969-0300] {processor.py:840} INFO - DAG(s) 'example_xcom_args_with_operators', 'example_xcom_args' retrieved from /home/pedro/.local/lib/python3.10/site-packages/airflow/example_dags/example_xcomargs.py
[2024-06-08T20:29:01.979-0300] {logging_mixin.py:188} INFO - [2024-06-08T20:29:01.979-0300] {dag.py:3096} INFO - Sync 2 DAGs
[2024-06-08T20:29:01.985-0300] {logging_mixin.py:188} INFO - [2024-06-08T20:29:01.985-0300] {dag.py:3954} INFO - Setting next_dagrun for example_xcom_args to None, run_after=None
[2024-06-08T20:29:01.987-0300] {logging_mixin.py:188} INFO - [2024-06-08T20:29:01.987-0300] {dag.py:3954} INFO - Setting next_dagrun for example_xcom_args_with_operators to None, run_after=None
[2024-06-08T20:29:02.001-0300] {processor.py:183} INFO - Processing /home/pedro/.local/lib/python3.10/site-packages/airflow/example_dags/example_xcomargs.py took 0.050 seconds
[2024-06-08T20:29:42.118-0300] {processor.py:161} INFO - Started process (PID=11191) to work on /home/pedro/.local/lib/python3.10/site-packages/airflow/example_dags/example_xcomargs.py
[2024-06-08T20:29:42.121-0300] {processor.py:830} INFO - Processing file /home/pedro/.local/lib/python3.10/site-packages/airflow/example_dags/example_xcomargs.py for tasks to queue
[2024-06-08T20:29:42.122-0300] {logging_mixin.py:188} INFO - [2024-06-08T20:29:42.122-0300] {dagbag.py:545} INFO - Filling up the DagBag from /home/pedro/.local/lib/python3.10/site-packages/airflow/example_dags/example_xcomargs.py
[2024-06-08T20:29:42.130-0300] {processor.py:840} INFO - DAG(s) 'example_xcom_args_with_operators', 'example_xcom_args' retrieved from /home/pedro/.local/lib/python3.10/site-packages/airflow/example_dags/example_xcomargs.py
[2024-06-08T20:29:42.142-0300] {logging_mixin.py:188} INFO - [2024-06-08T20:29:42.142-0300] {dag.py:3096} INFO - Sync 2 DAGs
[2024-06-08T20:29:42.151-0300] {logging_mixin.py:188} INFO - [2024-06-08T20:29:42.151-0300] {dag.py:3954} INFO - Setting next_dagrun for example_xcom_args to None, run_after=None
[2024-06-08T20:29:42.153-0300] {logging_mixin.py:188} INFO - [2024-06-08T20:29:42.153-0300] {dag.py:3954} INFO - Setting next_dagrun for example_xcom_args_with_operators to None, run_after=None
[2024-06-08T20:29:42.168-0300] {processor.py:183} INFO - Processing /home/pedro/.local/lib/python3.10/site-packages/airflow/example_dags/example_xcomargs.py took 0.059 seconds
