[2024-06-08T20:26:32.785-0300] {processor.py:161} INFO - Started process (PID=8786) to work on /home/pedro/.local/lib/python3.10/site-packages/airflow/example_dags/example_bash_operator.py
[2024-06-08T20:26:32.787-0300] {processor.py:830} INFO - Processing file /home/pedro/.local/lib/python3.10/site-packages/airflow/example_dags/example_bash_operator.py for tasks to queue
[2024-06-08T20:26:32.788-0300] {logging_mixin.py:188} INFO - [2024-06-08T20:26:32.787-0300] {dagbag.py:545} INFO - Filling up the DagBag from /home/pedro/.local/lib/python3.10/site-packages/airflow/example_dags/example_bash_operator.py
[2024-06-08T20:26:32.850-0300] {processor.py:840} INFO - DAG(s) 'example_bash_operator' retrieved from /home/pedro/.local/lib/python3.10/site-packages/airflow/example_dags/example_bash_operator.py
[2024-06-08T20:26:32.916-0300] {logging_mixin.py:188} INFO - [2024-06-08T20:26:32.915-0300] {override.py:1829} INFO - Created Permission View: can read on DAG:example_bash_operator
[2024-06-08T20:26:32.927-0300] {logging_mixin.py:188} INFO - [2024-06-08T20:26:32.926-0300] {override.py:1829} INFO - Created Permission View: can edit on DAG:example_bash_operator
[2024-06-08T20:26:32.935-0300] {logging_mixin.py:188} INFO - [2024-06-08T20:26:32.935-0300] {override.py:1829} INFO - Created Permission View: can delete on DAG:example_bash_operator
[2024-06-08T20:26:32.936-0300] {logging_mixin.py:188} INFO - [2024-06-08T20:26:32.936-0300] {dag.py:3096} INFO - Sync 1 DAGs
[2024-06-08T20:26:32.941-0300] {logging_mixin.py:188} INFO - [2024-06-08T20:26:32.941-0300] {dag.py:3118} INFO - Creating ORM DAG for example_bash_operator
[2024-06-08T20:26:32.946-0300] {logging_mixin.py:188} INFO - [2024-06-08T20:26:32.946-0300] {dag.py:3954} INFO - Setting next_dagrun for example_bash_operator to 2024-06-07 00:00:00+00:00, run_after=2024-06-08 00:00:00+00:00
[2024-06-08T20:26:32.961-0300] {processor.py:183} INFO - Processing /home/pedro/.local/lib/python3.10/site-packages/airflow/example_dags/example_bash_operator.py took 0.184 seconds
[2024-06-08T20:27:26.813-0300] {processor.py:161} INFO - Started process (PID=9220) to work on /home/pedro/.local/lib/python3.10/site-packages/airflow/example_dags/example_bash_operator.py
[2024-06-08T20:27:26.816-0300] {processor.py:830} INFO - Processing file /home/pedro/.local/lib/python3.10/site-packages/airflow/example_dags/example_bash_operator.py for tasks to queue
[2024-06-08T20:27:26.817-0300] {logging_mixin.py:188} INFO - [2024-06-08T20:27:26.817-0300] {dagbag.py:545} INFO - Filling up the DagBag from /home/pedro/.local/lib/python3.10/site-packages/airflow/example_dags/example_bash_operator.py
[2024-06-08T20:27:26.830-0300] {processor.py:840} INFO - DAG(s) 'example_bash_operator' retrieved from /home/pedro/.local/lib/python3.10/site-packages/airflow/example_dags/example_bash_operator.py
[2024-06-08T20:27:26.843-0300] {logging_mixin.py:188} INFO - [2024-06-08T20:27:26.842-0300] {dag.py:3096} INFO - Sync 1 DAGs
[2024-06-08T20:27:26.853-0300] {logging_mixin.py:188} INFO - [2024-06-08T20:27:26.852-0300] {dag.py:3954} INFO - Setting next_dagrun for example_bash_operator to 2024-06-07 00:00:00+00:00, run_after=2024-06-08 00:00:00+00:00
[2024-06-08T20:27:26.867-0300] {processor.py:183} INFO - Processing /home/pedro/.local/lib/python3.10/site-packages/airflow/example_dags/example_bash_operator.py took 0.058 seconds
[2024-06-08T20:28:33.710-0300] {processor.py:161} INFO - Started process (PID=10141) to work on /home/pedro/.local/lib/python3.10/site-packages/airflow/example_dags/example_bash_operator.py
[2024-06-08T20:28:33.713-0300] {processor.py:830} INFO - Processing file /home/pedro/.local/lib/python3.10/site-packages/airflow/example_dags/example_bash_operator.py for tasks to queue
[2024-06-08T20:28:33.714-0300] {logging_mixin.py:188} INFO - [2024-06-08T20:28:33.714-0300] {dagbag.py:545} INFO - Filling up the DagBag from /home/pedro/.local/lib/python3.10/site-packages/airflow/example_dags/example_bash_operator.py
[2024-06-08T20:28:33.725-0300] {processor.py:840} INFO - DAG(s) 'example_bash_operator' retrieved from /home/pedro/.local/lib/python3.10/site-packages/airflow/example_dags/example_bash_operator.py
[2024-06-08T20:28:33.738-0300] {logging_mixin.py:188} INFO - [2024-06-08T20:28:33.738-0300] {dag.py:3096} INFO - Sync 1 DAGs
[2024-06-08T20:28:33.748-0300] {logging_mixin.py:188} INFO - [2024-06-08T20:28:33.748-0300] {dag.py:3954} INFO - Setting next_dagrun for example_bash_operator to 2024-06-07 00:00:00+00:00, run_after=2024-06-08 00:00:00+00:00
[2024-06-08T20:28:33.764-0300] {processor.py:183} INFO - Processing /home/pedro/.local/lib/python3.10/site-packages/airflow/example_dags/example_bash_operator.py took 0.059 seconds
[2024-06-08T20:29:34.382-0300] {processor.py:161} INFO - Started process (PID=11153) to work on /home/pedro/.local/lib/python3.10/site-packages/airflow/example_dags/example_bash_operator.py
[2024-06-08T20:29:34.385-0300] {processor.py:830} INFO - Processing file /home/pedro/.local/lib/python3.10/site-packages/airflow/example_dags/example_bash_operator.py for tasks to queue
[2024-06-08T20:29:34.386-0300] {logging_mixin.py:188} INFO - [2024-06-08T20:29:34.386-0300] {dagbag.py:545} INFO - Filling up the DagBag from /home/pedro/.local/lib/python3.10/site-packages/airflow/example_dags/example_bash_operator.py
[2024-06-08T20:29:34.397-0300] {processor.py:840} INFO - DAG(s) 'example_bash_operator' retrieved from /home/pedro/.local/lib/python3.10/site-packages/airflow/example_dags/example_bash_operator.py
[2024-06-08T20:29:34.413-0300] {logging_mixin.py:188} INFO - [2024-06-08T20:29:34.412-0300] {dag.py:3096} INFO - Sync 1 DAGs
[2024-06-08T20:29:34.423-0300] {logging_mixin.py:188} INFO - [2024-06-08T20:29:34.423-0300] {dag.py:3954} INFO - Setting next_dagrun for example_bash_operator to 2024-06-07 00:00:00+00:00, run_after=2024-06-08 00:00:00+00:00
[2024-06-08T20:29:34.438-0300] {processor.py:183} INFO - Processing /home/pedro/.local/lib/python3.10/site-packages/airflow/example_dags/example_bash_operator.py took 0.059 seconds
