[2024-06-08T20:26:40.383-0300] {processor.py:161} INFO - Started process (PID=8792) to work on /home/pedro/.local/lib/python3.10/site-packages/airflow/example_dags/example_branch_python_dop_operator_3.py
[2024-06-08T20:26:40.383-0300] {processor.py:830} INFO - Processing file /home/pedro/.local/lib/python3.10/site-packages/airflow/example_dags/example_branch_python_dop_operator_3.py for tasks to queue
[2024-06-08T20:26:40.383-0300] {logging_mixin.py:188} INFO - [2024-06-08T20:26:40.383-0300] {dagbag.py:545} INFO - Filling up the DagBag from /home/pedro/.local/lib/python3.10/site-packages/airflow/example_dags/example_branch_python_dop_operator_3.py
[2024-06-08T20:26:40.388-0300] {processor.py:840} INFO - DAG(s) 'example_branch_dop_operator_v3' retrieved from /home/pedro/.local/lib/python3.10/site-packages/airflow/example_dags/example_branch_python_dop_operator_3.py
[2024-06-08T20:26:40.447-0300] {logging_mixin.py:188} INFO - [2024-06-08T20:26:40.446-0300] {override.py:1829} INFO - Created Permission View: can read on DAG:example_branch_dop_operator_v3
[2024-06-08T20:26:40.455-0300] {logging_mixin.py:188} INFO - [2024-06-08T20:26:40.455-0300] {override.py:1829} INFO - Created Permission View: can edit on DAG:example_branch_dop_operator_v3
[2024-06-08T20:26:40.462-0300] {logging_mixin.py:188} INFO - [2024-06-08T20:26:40.462-0300] {override.py:1829} INFO - Created Permission View: can delete on DAG:example_branch_dop_operator_v3
[2024-06-08T20:26:40.463-0300] {logging_mixin.py:188} INFO - [2024-06-08T20:26:40.462-0300] {dag.py:3096} INFO - Sync 1 DAGs
[2024-06-08T20:26:40.468-0300] {logging_mixin.py:188} INFO - [2024-06-08T20:26:40.468-0300] {dag.py:3118} INFO - Creating ORM DAG for example_branch_dop_operator_v3
[2024-06-08T20:26:40.474-0300] {logging_mixin.py:188} INFO - [2024-06-08T20:26:40.474-0300] {dag.py:3954} INFO - Setting next_dagrun for example_branch_dop_operator_v3 to 2024-06-08 23:25:00+00:00, run_after=2024-06-08 23:26:00+00:00
[2024-06-08T20:26:40.487-0300] {processor.py:183} INFO - Processing /home/pedro/.local/lib/python3.10/site-packages/airflow/example_dags/example_branch_python_dop_operator_3.py took 0.110 seconds
[2024-06-08T20:27:51.156-0300] {processor.py:161} INFO - Started process (PID=9554) to work on /home/pedro/.local/lib/python3.10/site-packages/airflow/example_dags/example_branch_python_dop_operator_3.py
[2024-06-08T20:27:51.159-0300] {processor.py:830} INFO - Processing file /home/pedro/.local/lib/python3.10/site-packages/airflow/example_dags/example_branch_python_dop_operator_3.py for tasks to queue
[2024-06-08T20:27:51.159-0300] {logging_mixin.py:188} INFO - [2024-06-08T20:27:51.159-0300] {dagbag.py:545} INFO - Filling up the DagBag from /home/pedro/.local/lib/python3.10/site-packages/airflow/example_dags/example_branch_python_dop_operator_3.py
[2024-06-08T20:27:51.164-0300] {processor.py:840} INFO - DAG(s) 'example_branch_dop_operator_v3' retrieved from /home/pedro/.local/lib/python3.10/site-packages/airflow/example_dags/example_branch_python_dop_operator_3.py
[2024-06-08T20:27:51.173-0300] {logging_mixin.py:188} INFO - [2024-06-08T20:27:51.172-0300] {dag.py:3096} INFO - Sync 1 DAGs
[2024-06-08T20:27:51.185-0300] {logging_mixin.py:188} INFO - [2024-06-08T20:27:51.185-0300] {dag.py:3954} INFO - Setting next_dagrun for example_branch_dop_operator_v3 to 2024-06-08 23:26:00+00:00, run_after=2024-06-08 23:27:00+00:00
[2024-06-08T20:27:51.201-0300] {processor.py:183} INFO - Processing /home/pedro/.local/lib/python3.10/site-packages/airflow/example_dags/example_branch_python_dop_operator_3.py took 0.048 seconds
[2024-06-08T20:28:53.782-0300] {processor.py:161} INFO - Started process (PID=10184) to work on /home/pedro/.local/lib/python3.10/site-packages/airflow/example_dags/example_branch_python_dop_operator_3.py
[2024-06-08T20:28:53.785-0300] {processor.py:830} INFO - Processing file /home/pedro/.local/lib/python3.10/site-packages/airflow/example_dags/example_branch_python_dop_operator_3.py for tasks to queue
[2024-06-08T20:28:53.787-0300] {logging_mixin.py:188} INFO - [2024-06-08T20:28:53.786-0300] {dagbag.py:545} INFO - Filling up the DagBag from /home/pedro/.local/lib/python3.10/site-packages/airflow/example_dags/example_branch_python_dop_operator_3.py
[2024-06-08T20:28:53.797-0300] {processor.py:840} INFO - DAG(s) 'example_branch_dop_operator_v3' retrieved from /home/pedro/.local/lib/python3.10/site-packages/airflow/example_dags/example_branch_python_dop_operator_3.py
[2024-06-08T20:28:53.805-0300] {logging_mixin.py:188} INFO - [2024-06-08T20:28:53.805-0300] {dag.py:3096} INFO - Sync 1 DAGs
[2024-06-08T20:28:53.817-0300] {logging_mixin.py:188} INFO - [2024-06-08T20:28:53.816-0300] {dag.py:3954} INFO - Setting next_dagrun for example_branch_dop_operator_v3 to 2024-06-08 23:27:00+00:00, run_after=2024-06-08 23:28:00+00:00
[2024-06-08T20:28:53.834-0300] {processor.py:183} INFO - Processing /home/pedro/.local/lib/python3.10/site-packages/airflow/example_dags/example_branch_python_dop_operator_3.py took 0.057 seconds
[2024-06-08T20:29:53.688-0300] {processor.py:161} INFO - Started process (PID=11450) to work on /home/pedro/.local/lib/python3.10/site-packages/airflow/example_dags/example_branch_python_dop_operator_3.py
[2024-06-08T20:29:53.690-0300] {processor.py:830} INFO - Processing file /home/pedro/.local/lib/python3.10/site-packages/airflow/example_dags/example_branch_python_dop_operator_3.py for tasks to queue
[2024-06-08T20:29:53.691-0300] {logging_mixin.py:188} INFO - [2024-06-08T20:29:53.691-0300] {dagbag.py:545} INFO - Filling up the DagBag from /home/pedro/.local/lib/python3.10/site-packages/airflow/example_dags/example_branch_python_dop_operator_3.py
[2024-06-08T20:29:53.700-0300] {processor.py:840} INFO - DAG(s) 'example_branch_dop_operator_v3' retrieved from /home/pedro/.local/lib/python3.10/site-packages/airflow/example_dags/example_branch_python_dop_operator_3.py
[2024-06-08T20:29:53.709-0300] {logging_mixin.py:188} INFO - [2024-06-08T20:29:53.708-0300] {dag.py:3096} INFO - Sync 1 DAGs
[2024-06-08T20:29:53.720-0300] {logging_mixin.py:188} INFO - [2024-06-08T20:29:53.720-0300] {dag.py:3954} INFO - Setting next_dagrun for example_branch_dop_operator_v3 to 2024-06-08 23:28:00+00:00, run_after=2024-06-08 23:29:00+00:00
[2024-06-08T20:29:53.735-0300] {processor.py:183} INFO - Processing /home/pedro/.local/lib/python3.10/site-packages/airflow/example_dags/example_branch_python_dop_operator_3.py took 0.052 seconds
