[2024-06-08T20:26:23.379-0300] {processor.py:161} INFO - Started process (PID=8771) to work on /home/pedro/.local/lib/python3.10/site-packages/airflow/example_dags/example_branch_datetime_operator.py
[2024-06-08T20:26:23.380-0300] {processor.py:830} INFO - Processing file /home/pedro/.local/lib/python3.10/site-packages/airflow/example_dags/example_branch_datetime_operator.py for tasks to queue
[2024-06-08T20:26:23.380-0300] {logging_mixin.py:188} INFO - [2024-06-08T20:26:23.380-0300] {dagbag.py:545} INFO - Filling up the DagBag from /home/pedro/.local/lib/python3.10/site-packages/airflow/example_dags/example_branch_datetime_operator.py
[2024-06-08T20:26:23.391-0300] {processor.py:840} INFO - DAG(s) 'example_branch_datetime_operator_2', 'example_branch_datetime_operator', 'example_branch_datetime_operator_3' retrieved from /home/pedro/.local/lib/python3.10/site-packages/airflow/example_dags/example_branch_datetime_operator.py
[2024-06-08T20:26:23.553-0300] {logging_mixin.py:188} INFO - [2024-06-08T20:26:23.552-0300] {override.py:1829} INFO - Created Permission View: can read on DAG:example_branch_datetime_operator_2
[2024-06-08T20:26:23.563-0300] {logging_mixin.py:188} INFO - [2024-06-08T20:26:23.563-0300] {override.py:1829} INFO - Created Permission View: can edit on DAG:example_branch_datetime_operator_2
[2024-06-08T20:26:23.574-0300] {logging_mixin.py:188} INFO - [2024-06-08T20:26:23.573-0300] {override.py:1829} INFO - Created Permission View: can delete on DAG:example_branch_datetime_operator_2
[2024-06-08T20:26:23.591-0300] {logging_mixin.py:188} INFO - [2024-06-08T20:26:23.590-0300] {override.py:1829} INFO - Created Permission View: can read on DAG:example_branch_datetime_operator
[2024-06-08T20:26:23.598-0300] {logging_mixin.py:188} INFO - [2024-06-08T20:26:23.598-0300] {override.py:1829} INFO - Created Permission View: can edit on DAG:example_branch_datetime_operator
[2024-06-08T20:26:23.608-0300] {logging_mixin.py:188} INFO - [2024-06-08T20:26:23.608-0300] {override.py:1829} INFO - Created Permission View: can delete on DAG:example_branch_datetime_operator
[2024-06-08T20:26:23.626-0300] {logging_mixin.py:188} INFO - [2024-06-08T20:26:23.626-0300] {override.py:1829} INFO - Created Permission View: can read on DAG:example_branch_datetime_operator_3
[2024-06-08T20:26:23.634-0300] {logging_mixin.py:188} INFO - [2024-06-08T20:26:23.634-0300] {override.py:1829} INFO - Created Permission View: can edit on DAG:example_branch_datetime_operator_3
[2024-06-08T20:26:23.642-0300] {logging_mixin.py:188} INFO - [2024-06-08T20:26:23.642-0300] {override.py:1829} INFO - Created Permission View: can delete on DAG:example_branch_datetime_operator_3
[2024-06-08T20:26:23.642-0300] {logging_mixin.py:188} INFO - [2024-06-08T20:26:23.642-0300] {dag.py:3096} INFO - Sync 3 DAGs
[2024-06-08T20:26:23.650-0300] {logging_mixin.py:188} INFO - [2024-06-08T20:26:23.650-0300] {dag.py:3118} INFO - Creating ORM DAG for example_branch_datetime_operator_2
[2024-06-08T20:26:23.651-0300] {logging_mixin.py:188} INFO - [2024-06-08T20:26:23.651-0300] {dag.py:3118} INFO - Creating ORM DAG for example_branch_datetime_operator_3
[2024-06-08T20:26:23.651-0300] {logging_mixin.py:188} INFO - [2024-06-08T20:26:23.651-0300] {dag.py:3118} INFO - Creating ORM DAG for example_branch_datetime_operator
[2024-06-08T20:26:23.656-0300] {logging_mixin.py:188} INFO - [2024-06-08T20:26:23.656-0300] {dag.py:3954} INFO - Setting next_dagrun for example_branch_datetime_operator to 2024-06-07 00:00:00+00:00, run_after=2024-06-08 00:00:00+00:00
[2024-06-08T20:26:23.657-0300] {logging_mixin.py:188} INFO - [2024-06-08T20:26:23.657-0300] {dag.py:3954} INFO - Setting next_dagrun for example_branch_datetime_operator_2 to 2024-06-07 00:00:00+00:00, run_after=2024-06-08 00:00:00+00:00
[2024-06-08T20:26:23.658-0300] {logging_mixin.py:188} INFO - [2024-06-08T20:26:23.658-0300] {dag.py:3954} INFO - Setting next_dagrun for example_branch_datetime_operator_3 to 2024-06-07 00:00:00+00:00, run_after=2024-06-08 00:00:00+00:00
[2024-06-08T20:26:23.673-0300] {processor.py:183} INFO - Processing /home/pedro/.local/lib/python3.10/site-packages/airflow/example_dags/example_branch_datetime_operator.py took 0.297 seconds
[2024-06-08T20:27:18.777-0300] {processor.py:161} INFO - Started process (PID=9197) to work on /home/pedro/.local/lib/python3.10/site-packages/airflow/example_dags/example_branch_datetime_operator.py
[2024-06-08T20:27:18.781-0300] {processor.py:830} INFO - Processing file /home/pedro/.local/lib/python3.10/site-packages/airflow/example_dags/example_branch_datetime_operator.py for tasks to queue
[2024-06-08T20:27:18.782-0300] {logging_mixin.py:188} INFO - [2024-06-08T20:27:18.781-0300] {dagbag.py:545} INFO - Filling up the DagBag from /home/pedro/.local/lib/python3.10/site-packages/airflow/example_dags/example_branch_datetime_operator.py
[2024-06-08T20:27:18.794-0300] {processor.py:840} INFO - DAG(s) 'example_branch_datetime_operator', 'example_branch_datetime_operator_2', 'example_branch_datetime_operator_3' retrieved from /home/pedro/.local/lib/python3.10/site-packages/airflow/example_dags/example_branch_datetime_operator.py
[2024-06-08T20:27:18.805-0300] {logging_mixin.py:188} INFO - [2024-06-08T20:27:18.805-0300] {dag.py:3096} INFO - Sync 3 DAGs
[2024-06-08T20:27:18.816-0300] {logging_mixin.py:188} INFO - [2024-06-08T20:27:18.815-0300] {dag.py:3954} INFO - Setting next_dagrun for example_branch_datetime_operator to 2024-06-07 00:00:00+00:00, run_after=2024-06-08 00:00:00+00:00
[2024-06-08T20:27:18.818-0300] {logging_mixin.py:188} INFO - [2024-06-08T20:27:18.818-0300] {dag.py:3954} INFO - Setting next_dagrun for example_branch_datetime_operator_2 to 2024-06-07 00:00:00+00:00, run_after=2024-06-08 00:00:00+00:00
[2024-06-08T20:27:18.819-0300] {logging_mixin.py:188} INFO - [2024-06-08T20:27:18.819-0300] {dag.py:3954} INFO - Setting next_dagrun for example_branch_datetime_operator_3 to 2024-06-07 00:00:00+00:00, run_after=2024-06-08 00:00:00+00:00
[2024-06-08T20:27:18.834-0300] {processor.py:183} INFO - Processing /home/pedro/.local/lib/python3.10/site-packages/airflow/example_dags/example_branch_datetime_operator.py took 0.060 seconds
[2024-06-08T20:28:10.603-0300] {processor.py:161} INFO - Started process (PID=10090) to work on /home/pedro/.local/lib/python3.10/site-packages/airflow/example_dags/example_branch_datetime_operator.py
[2024-06-08T20:28:10.606-0300] {processor.py:830} INFO - Processing file /home/pedro/.local/lib/python3.10/site-packages/airflow/example_dags/example_branch_datetime_operator.py for tasks to queue
[2024-06-08T20:28:10.607-0300] {logging_mixin.py:188} INFO - [2024-06-08T20:28:10.607-0300] {dagbag.py:545} INFO - Filling up the DagBag from /home/pedro/.local/lib/python3.10/site-packages/airflow/example_dags/example_branch_datetime_operator.py
[2024-06-08T20:28:10.618-0300] {processor.py:840} INFO - DAG(s) 'example_branch_datetime_operator', 'example_branch_datetime_operator_3', 'example_branch_datetime_operator_2' retrieved from /home/pedro/.local/lib/python3.10/site-packages/airflow/example_dags/example_branch_datetime_operator.py
[2024-06-08T20:28:10.629-0300] {logging_mixin.py:188} INFO - [2024-06-08T20:28:10.629-0300] {dag.py:3096} INFO - Sync 3 DAGs
[2024-06-08T20:28:10.640-0300] {logging_mixin.py:188} INFO - [2024-06-08T20:28:10.640-0300] {dag.py:3954} INFO - Setting next_dagrun for example_branch_datetime_operator to 2024-06-07 00:00:00+00:00, run_after=2024-06-08 00:00:00+00:00
[2024-06-08T20:28:10.642-0300] {logging_mixin.py:188} INFO - [2024-06-08T20:28:10.642-0300] {dag.py:3954} INFO - Setting next_dagrun for example_branch_datetime_operator_2 to 2024-06-07 00:00:00+00:00, run_after=2024-06-08 00:00:00+00:00
[2024-06-08T20:28:10.644-0300] {logging_mixin.py:188} INFO - [2024-06-08T20:28:10.644-0300] {dag.py:3954} INFO - Setting next_dagrun for example_branch_datetime_operator_3 to 2024-06-07 00:00:00+00:00, run_after=2024-06-08 00:00:00+00:00
[2024-06-08T20:28:10.658-0300] {processor.py:183} INFO - Processing /home/pedro/.local/lib/python3.10/site-packages/airflow/example_dags/example_branch_datetime_operator.py took 0.058 seconds
[2024-06-08T20:29:11.210-0300] {processor.py:161} INFO - Started process (PID=10677) to work on /home/pedro/.local/lib/python3.10/site-packages/airflow/example_dags/example_branch_datetime_operator.py
[2024-06-08T20:29:11.214-0300] {processor.py:830} INFO - Processing file /home/pedro/.local/lib/python3.10/site-packages/airflow/example_dags/example_branch_datetime_operator.py for tasks to queue
[2024-06-08T20:29:11.215-0300] {logging_mixin.py:188} INFO - [2024-06-08T20:29:11.215-0300] {dagbag.py:545} INFO - Filling up the DagBag from /home/pedro/.local/lib/python3.10/site-packages/airflow/example_dags/example_branch_datetime_operator.py
[2024-06-08T20:29:11.225-0300] {processor.py:840} INFO - DAG(s) 'example_branch_datetime_operator_3', 'example_branch_datetime_operator_2', 'example_branch_datetime_operator' retrieved from /home/pedro/.local/lib/python3.10/site-packages/airflow/example_dags/example_branch_datetime_operator.py
[2024-06-08T20:29:11.238-0300] {logging_mixin.py:188} INFO - [2024-06-08T20:29:11.238-0300] {dag.py:3096} INFO - Sync 3 DAGs
[2024-06-08T20:29:11.252-0300] {logging_mixin.py:188} INFO - [2024-06-08T20:29:11.252-0300] {dag.py:3954} INFO - Setting next_dagrun for example_branch_datetime_operator to 2024-06-07 00:00:00+00:00, run_after=2024-06-08 00:00:00+00:00
[2024-06-08T20:29:11.255-0300] {logging_mixin.py:188} INFO - [2024-06-08T20:29:11.255-0300] {dag.py:3954} INFO - Setting next_dagrun for example_branch_datetime_operator_2 to 2024-06-07 00:00:00+00:00, run_after=2024-06-08 00:00:00+00:00
[2024-06-08T20:29:11.256-0300] {logging_mixin.py:188} INFO - [2024-06-08T20:29:11.256-0300] {dag.py:3954} INFO - Setting next_dagrun for example_branch_datetime_operator_3 to 2024-06-07 00:00:00+00:00, run_after=2024-06-08 00:00:00+00:00
[2024-06-08T20:29:11.271-0300] {processor.py:183} INFO - Processing /home/pedro/.local/lib/python3.10/site-packages/airflow/example_dags/example_branch_datetime_operator.py took 0.066 seconds
[2024-06-08T20:30:09.158-0300] {processor.py:161} INFO - Started process (PID=11508) to work on /home/pedro/.local/lib/python3.10/site-packages/airflow/example_dags/example_branch_datetime_operator.py
[2024-06-08T20:30:09.159-0300] {processor.py:830} INFO - Processing file /home/pedro/.local/lib/python3.10/site-packages/airflow/example_dags/example_branch_datetime_operator.py for tasks to queue
[2024-06-08T20:30:09.160-0300] {logging_mixin.py:188} INFO - [2024-06-08T20:30:09.160-0300] {dagbag.py:545} INFO - Filling up the DagBag from /home/pedro/.local/lib/python3.10/site-packages/airflow/example_dags/example_branch_datetime_operator.py
[2024-06-08T20:30:09.172-0300] {processor.py:840} INFO - DAG(s) 'example_branch_datetime_operator', 'example_branch_datetime_operator_2', 'example_branch_datetime_operator_3' retrieved from /home/pedro/.local/lib/python3.10/site-packages/airflow/example_dags/example_branch_datetime_operator.py
[2024-06-08T20:30:09.192-0300] {logging_mixin.py:188} INFO - [2024-06-08T20:30:09.192-0300] {dag.py:3096} INFO - Sync 3 DAGs
[2024-06-08T20:30:09.205-0300] {logging_mixin.py:188} INFO - [2024-06-08T20:30:09.205-0300] {dag.py:3954} INFO - Setting next_dagrun for example_branch_datetime_operator to 2024-06-07 00:00:00+00:00, run_after=2024-06-08 00:00:00+00:00
[2024-06-08T20:30:09.209-0300] {logging_mixin.py:188} INFO - [2024-06-08T20:30:09.209-0300] {dag.py:3954} INFO - Setting next_dagrun for example_branch_datetime_operator_2 to 2024-06-07 00:00:00+00:00, run_after=2024-06-08 00:00:00+00:00
[2024-06-08T20:30:09.210-0300] {logging_mixin.py:188} INFO - [2024-06-08T20:30:09.210-0300] {dag.py:3954} INFO - Setting next_dagrun for example_branch_datetime_operator_3 to 2024-06-07 00:00:00+00:00, run_after=2024-06-08 00:00:00+00:00
[2024-06-08T20:30:09.226-0300] {processor.py:183} INFO - Processing /home/pedro/.local/lib/python3.10/site-packages/airflow/example_dags/example_branch_datetime_operator.py took 0.073 seconds
