[2024-06-08T20:26:31.807-0300] {processor.py:161} INFO - Started process (PID=8784) to work on /home/pedro/.local/lib/python3.10/site-packages/airflow/example_dags/example_external_task_marker_dag.py
[2024-06-08T20:26:31.807-0300] {processor.py:830} INFO - Processing file /home/pedro/.local/lib/python3.10/site-packages/airflow/example_dags/example_external_task_marker_dag.py for tasks to queue
[2024-06-08T20:26:31.808-0300] {logging_mixin.py:188} INFO - [2024-06-08T20:26:31.807-0300] {dagbag.py:545} INFO - Filling up the DagBag from /home/pedro/.local/lib/python3.10/site-packages/airflow/example_dags/example_external_task_marker_dag.py
[2024-06-08T20:26:31.882-0300] {processor.py:840} INFO - DAG(s) 'example_external_task_marker_child', 'example_external_task_marker_parent' retrieved from /home/pedro/.local/lib/python3.10/site-packages/airflow/example_dags/example_external_task_marker_dag.py
[2024-06-08T20:26:31.949-0300] {logging_mixin.py:188} INFO - [2024-06-08T20:26:31.949-0300] {override.py:1829} INFO - Created Permission View: can read on DAG:example_external_task_marker_child
[2024-06-08T20:26:31.959-0300] {logging_mixin.py:188} INFO - [2024-06-08T20:26:31.959-0300] {override.py:1829} INFO - Created Permission View: can edit on DAG:example_external_task_marker_child
[2024-06-08T20:26:31.967-0300] {logging_mixin.py:188} INFO - [2024-06-08T20:26:31.967-0300] {override.py:1829} INFO - Created Permission View: can delete on DAG:example_external_task_marker_child
[2024-06-08T20:26:31.982-0300] {logging_mixin.py:188} INFO - [2024-06-08T20:26:31.982-0300] {override.py:1829} INFO - Created Permission View: can read on DAG:example_external_task_marker_parent
[2024-06-08T20:26:31.990-0300] {logging_mixin.py:188} INFO - [2024-06-08T20:26:31.990-0300] {override.py:1829} INFO - Created Permission View: can edit on DAG:example_external_task_marker_parent
[2024-06-08T20:26:32.011-0300] {logging_mixin.py:188} INFO - [2024-06-08T20:26:32.010-0300] {override.py:1829} INFO - Created Permission View: can delete on DAG:example_external_task_marker_parent
[2024-06-08T20:26:32.011-0300] {logging_mixin.py:188} INFO - [2024-06-08T20:26:32.011-0300] {dag.py:3096} INFO - Sync 2 DAGs
[2024-06-08T20:26:32.023-0300] {logging_mixin.py:188} INFO - [2024-06-08T20:26:32.022-0300] {dag.py:3118} INFO - Creating ORM DAG for example_external_task_marker_child
[2024-06-08T20:26:32.024-0300] {logging_mixin.py:188} INFO - [2024-06-08T20:26:32.023-0300] {dag.py:3118} INFO - Creating ORM DAG for example_external_task_marker_parent
[2024-06-08T20:26:32.024-0300] {logging_mixin.py:188} INFO - [2024-06-08T20:26:32.024-0300] {dag.py:3954} INFO - Setting next_dagrun for example_external_task_marker_child to None, run_after=None
[2024-06-08T20:26:32.025-0300] {logging_mixin.py:188} INFO - [2024-06-08T20:26:32.024-0300] {dag.py:3954} INFO - Setting next_dagrun for example_external_task_marker_parent to None, run_after=None
[2024-06-08T20:26:32.257-0300] {processor.py:183} INFO - Processing /home/pedro/.local/lib/python3.10/site-packages/airflow/example_dags/example_external_task_marker_dag.py took 0.454 seconds
[2024-06-08T20:27:25.682-0300] {processor.py:161} INFO - Started process (PID=9216) to work on /home/pedro/.local/lib/python3.10/site-packages/airflow/example_dags/example_external_task_marker_dag.py
[2024-06-08T20:27:25.685-0300] {processor.py:830} INFO - Processing file /home/pedro/.local/lib/python3.10/site-packages/airflow/example_dags/example_external_task_marker_dag.py for tasks to queue
[2024-06-08T20:27:25.686-0300] {logging_mixin.py:188} INFO - [2024-06-08T20:27:25.686-0300] {dagbag.py:545} INFO - Filling up the DagBag from /home/pedro/.local/lib/python3.10/site-packages/airflow/example_dags/example_external_task_marker_dag.py
[2024-06-08T20:27:25.693-0300] {processor.py:840} INFO - DAG(s) 'example_external_task_marker_parent', 'example_external_task_marker_child' retrieved from /home/pedro/.local/lib/python3.10/site-packages/airflow/example_dags/example_external_task_marker_dag.py
[2024-06-08T20:27:25.704-0300] {logging_mixin.py:188} INFO - [2024-06-08T20:27:25.704-0300] {dag.py:3096} INFO - Sync 2 DAGs
[2024-06-08T20:27:25.710-0300] {logging_mixin.py:188} INFO - [2024-06-08T20:27:25.710-0300] {dag.py:3954} INFO - Setting next_dagrun for example_external_task_marker_child to None, run_after=None
[2024-06-08T20:27:25.712-0300] {logging_mixin.py:188} INFO - [2024-06-08T20:27:25.712-0300] {dag.py:3954} INFO - Setting next_dagrun for example_external_task_marker_parent to None, run_after=None
[2024-06-08T20:27:25.726-0300] {processor.py:183} INFO - Processing /home/pedro/.local/lib/python3.10/site-packages/airflow/example_dags/example_external_task_marker_dag.py took 0.048 seconds
[2024-06-08T20:28:17.189-0300] {processor.py:161} INFO - Started process (PID=10106) to work on /home/pedro/.local/lib/python3.10/site-packages/airflow/example_dags/example_external_task_marker_dag.py
[2024-06-08T20:28:17.192-0300] {processor.py:830} INFO - Processing file /home/pedro/.local/lib/python3.10/site-packages/airflow/example_dags/example_external_task_marker_dag.py for tasks to queue
[2024-06-08T20:28:17.193-0300] {logging_mixin.py:188} INFO - [2024-06-08T20:28:17.193-0300] {dagbag.py:545} INFO - Filling up the DagBag from /home/pedro/.local/lib/python3.10/site-packages/airflow/example_dags/example_external_task_marker_dag.py
[2024-06-08T20:28:17.199-0300] {processor.py:840} INFO - DAG(s) 'example_external_task_marker_child', 'example_external_task_marker_parent' retrieved from /home/pedro/.local/lib/python3.10/site-packages/airflow/example_dags/example_external_task_marker_dag.py
[2024-06-08T20:28:17.210-0300] {logging_mixin.py:188} INFO - [2024-06-08T20:28:17.210-0300] {dag.py:3096} INFO - Sync 2 DAGs
[2024-06-08T20:28:17.216-0300] {logging_mixin.py:188} INFO - [2024-06-08T20:28:17.216-0300] {dag.py:3954} INFO - Setting next_dagrun for example_external_task_marker_child to None, run_after=None
[2024-06-08T20:28:17.218-0300] {logging_mixin.py:188} INFO - [2024-06-08T20:28:17.218-0300] {dag.py:3954} INFO - Setting next_dagrun for example_external_task_marker_parent to None, run_after=None
[2024-06-08T20:28:17.232-0300] {processor.py:183} INFO - Processing /home/pedro/.local/lib/python3.10/site-packages/airflow/example_dags/example_external_task_marker_dag.py took 0.049 seconds
[2024-06-08T20:29:17.800-0300] {processor.py:161} INFO - Started process (PID=10895) to work on /home/pedro/.local/lib/python3.10/site-packages/airflow/example_dags/example_external_task_marker_dag.py
[2024-06-08T20:29:17.800-0300] {processor.py:830} INFO - Processing file /home/pedro/.local/lib/python3.10/site-packages/airflow/example_dags/example_external_task_marker_dag.py for tasks to queue
[2024-06-08T20:29:17.801-0300] {logging_mixin.py:188} INFO - [2024-06-08T20:29:17.801-0300] {dagbag.py:545} INFO - Filling up the DagBag from /home/pedro/.local/lib/python3.10/site-packages/airflow/example_dags/example_external_task_marker_dag.py
[2024-06-08T20:29:17.805-0300] {processor.py:840} INFO - DAG(s) 'example_external_task_marker_child', 'example_external_task_marker_parent' retrieved from /home/pedro/.local/lib/python3.10/site-packages/airflow/example_dags/example_external_task_marker_dag.py
[2024-06-08T20:29:17.816-0300] {logging_mixin.py:188} INFO - [2024-06-08T20:29:17.816-0300] {dag.py:3096} INFO - Sync 2 DAGs
[2024-06-08T20:29:17.822-0300] {logging_mixin.py:188} INFO - [2024-06-08T20:29:17.822-0300] {dag.py:3954} INFO - Setting next_dagrun for example_external_task_marker_child to None, run_after=None
[2024-06-08T20:29:17.824-0300] {logging_mixin.py:188} INFO - [2024-06-08T20:29:17.824-0300] {dag.py:3954} INFO - Setting next_dagrun for example_external_task_marker_parent to None, run_after=None
[2024-06-08T20:29:17.837-0300] {processor.py:183} INFO - Processing /home/pedro/.local/lib/python3.10/site-packages/airflow/example_dags/example_external_task_marker_dag.py took 0.042 seconds
