[2024-06-08T20:26:37.603-0300] {processor.py:161} INFO - Started process (PID=8790) to work on /home/pedro/.local/lib/python3.10/site-packages/airflow/example_dags/example_datasets.py
[2024-06-08T20:26:37.603-0300] {processor.py:830} INFO - Processing file /home/pedro/.local/lib/python3.10/site-packages/airflow/example_dags/example_datasets.py for tasks to queue
[2024-06-08T20:26:37.603-0300] {logging_mixin.py:188} INFO - [2024-06-08T20:26:37.603-0300] {dagbag.py:545} INFO - Filling up the DagBag from /home/pedro/.local/lib/python3.10/site-packages/airflow/example_dags/example_datasets.py
[2024-06-08T20:26:37.610-0300] {processor.py:840} INFO - DAG(s) 'dataset_produces_1', 'dataset_consumes_1_never_scheduled', 'dataset_consumes_1', 'dataset_consumes_unknown_never_scheduled', 'dataset_consumes_1_and_2', 'consume_1_or_both_2_and_3_with_dataset_expressions', 'consume_1_and_2_with_dataset_expressions', 'dataset_produces_2', 'consume_1_or_2_with_dataset_expressions', 'conditional_dataset_and_time_based_timetable' retrieved from /home/pedro/.local/lib/python3.10/site-packages/airflow/example_dags/example_datasets.py
[2024-06-08T20:26:37.669-0300] {logging_mixin.py:188} INFO - [2024-06-08T20:26:37.669-0300] {override.py:1829} INFO - Created Permission View: can read on DAG:dataset_produces_1
[2024-06-08T20:26:37.678-0300] {logging_mixin.py:188} INFO - [2024-06-08T20:26:37.677-0300] {override.py:1829} INFO - Created Permission View: can edit on DAG:dataset_produces_1
[2024-06-08T20:26:37.684-0300] {logging_mixin.py:188} INFO - [2024-06-08T20:26:37.684-0300] {override.py:1829} INFO - Created Permission View: can delete on DAG:dataset_produces_1
[2024-06-08T20:26:37.700-0300] {logging_mixin.py:188} INFO - [2024-06-08T20:26:37.700-0300] {override.py:1829} INFO - Created Permission View: can read on DAG:dataset_consumes_1_never_scheduled
[2024-06-08T20:26:37.711-0300] {logging_mixin.py:188} INFO - [2024-06-08T20:26:37.711-0300] {override.py:1829} INFO - Created Permission View: can edit on DAG:dataset_consumes_1_never_scheduled
[2024-06-08T20:26:37.721-0300] {logging_mixin.py:188} INFO - [2024-06-08T20:26:37.721-0300] {override.py:1829} INFO - Created Permission View: can delete on DAG:dataset_consumes_1_never_scheduled
[2024-06-08T20:26:37.739-0300] {logging_mixin.py:188} INFO - [2024-06-08T20:26:37.739-0300] {override.py:1829} INFO - Created Permission View: can read on DAG:dataset_consumes_1
[2024-06-08T20:26:37.749-0300] {logging_mixin.py:188} INFO - [2024-06-08T20:26:37.749-0300] {override.py:1829} INFO - Created Permission View: can edit on DAG:dataset_consumes_1
[2024-06-08T20:26:37.761-0300] {logging_mixin.py:188} INFO - [2024-06-08T20:26:37.761-0300] {override.py:1829} INFO - Created Permission View: can delete on DAG:dataset_consumes_1
[2024-06-08T20:26:37.781-0300] {logging_mixin.py:188} INFO - [2024-06-08T20:26:37.780-0300] {override.py:1829} INFO - Created Permission View: can read on DAG:dataset_consumes_unknown_never_scheduled
[2024-06-08T20:26:37.789-0300] {logging_mixin.py:188} INFO - [2024-06-08T20:26:37.789-0300] {override.py:1829} INFO - Created Permission View: can edit on DAG:dataset_consumes_unknown_never_scheduled
[2024-06-08T20:26:37.797-0300] {logging_mixin.py:188} INFO - [2024-06-08T20:26:37.797-0300] {override.py:1829} INFO - Created Permission View: can delete on DAG:dataset_consumes_unknown_never_scheduled
[2024-06-08T20:26:37.813-0300] {logging_mixin.py:188} INFO - [2024-06-08T20:26:37.812-0300] {override.py:1829} INFO - Created Permission View: can read on DAG:dataset_consumes_1_and_2
[2024-06-08T20:26:37.820-0300] {logging_mixin.py:188} INFO - [2024-06-08T20:26:37.820-0300] {override.py:1829} INFO - Created Permission View: can edit on DAG:dataset_consumes_1_and_2
[2024-06-08T20:26:37.827-0300] {logging_mixin.py:188} INFO - [2024-06-08T20:26:37.827-0300] {override.py:1829} INFO - Created Permission View: can delete on DAG:dataset_consumes_1_and_2
[2024-06-08T20:26:37.843-0300] {logging_mixin.py:188} INFO - [2024-06-08T20:26:37.843-0300] {override.py:1829} INFO - Created Permission View: can read on DAG:consume_1_or_both_2_and_3_with_dataset_expressions
[2024-06-08T20:26:37.852-0300] {logging_mixin.py:188} INFO - [2024-06-08T20:26:37.851-0300] {override.py:1829} INFO - Created Permission View: can edit on DAG:consume_1_or_both_2_and_3_with_dataset_expressions
[2024-06-08T20:26:37.859-0300] {logging_mixin.py:188} INFO - [2024-06-08T20:26:37.859-0300] {override.py:1829} INFO - Created Permission View: can delete on DAG:consume_1_or_both_2_and_3_with_dataset_expressions
[2024-06-08T20:26:37.874-0300] {logging_mixin.py:188} INFO - [2024-06-08T20:26:37.874-0300] {override.py:1829} INFO - Created Permission View: can read on DAG:consume_1_and_2_with_dataset_expressions
[2024-06-08T20:26:37.882-0300] {logging_mixin.py:188} INFO - [2024-06-08T20:26:37.881-0300] {override.py:1829} INFO - Created Permission View: can edit on DAG:consume_1_and_2_with_dataset_expressions
[2024-06-08T20:26:37.889-0300] {logging_mixin.py:188} INFO - [2024-06-08T20:26:37.889-0300] {override.py:1829} INFO - Created Permission View: can delete on DAG:consume_1_and_2_with_dataset_expressions
[2024-06-08T20:26:37.904-0300] {logging_mixin.py:188} INFO - [2024-06-08T20:26:37.903-0300] {override.py:1829} INFO - Created Permission View: can read on DAG:dataset_produces_2
[2024-06-08T20:26:37.911-0300] {logging_mixin.py:188} INFO - [2024-06-08T20:26:37.911-0300] {override.py:1829} INFO - Created Permission View: can edit on DAG:dataset_produces_2
[2024-06-08T20:26:37.918-0300] {logging_mixin.py:188} INFO - [2024-06-08T20:26:37.918-0300] {override.py:1829} INFO - Created Permission View: can delete on DAG:dataset_produces_2
[2024-06-08T20:26:37.935-0300] {logging_mixin.py:188} INFO - [2024-06-08T20:26:37.935-0300] {override.py:1829} INFO - Created Permission View: can read on DAG:consume_1_or_2_with_dataset_expressions
[2024-06-08T20:26:37.943-0300] {logging_mixin.py:188} INFO - [2024-06-08T20:26:37.943-0300] {override.py:1829} INFO - Created Permission View: can edit on DAG:consume_1_or_2_with_dataset_expressions
[2024-06-08T20:26:37.951-0300] {logging_mixin.py:188} INFO - [2024-06-08T20:26:37.951-0300] {override.py:1829} INFO - Created Permission View: can delete on DAG:consume_1_or_2_with_dataset_expressions
[2024-06-08T20:26:37.966-0300] {logging_mixin.py:188} INFO - [2024-06-08T20:26:37.966-0300] {override.py:1829} INFO - Created Permission View: can read on DAG:conditional_dataset_and_time_based_timetable
[2024-06-08T20:26:37.974-0300] {logging_mixin.py:188} INFO - [2024-06-08T20:26:37.974-0300] {override.py:1829} INFO - Created Permission View: can edit on DAG:conditional_dataset_and_time_based_timetable
[2024-06-08T20:26:37.981-0300] {logging_mixin.py:188} INFO - [2024-06-08T20:26:37.981-0300] {override.py:1829} INFO - Created Permission View: can delete on DAG:conditional_dataset_and_time_based_timetable
[2024-06-08T20:26:37.981-0300] {logging_mixin.py:188} INFO - [2024-06-08T20:26:37.981-0300] {dag.py:3096} INFO - Sync 10 DAGs
[2024-06-08T20:26:37.988-0300] {logging_mixin.py:188} INFO - [2024-06-08T20:26:37.988-0300] {dag.py:3118} INFO - Creating ORM DAG for dataset_consumes_unknown_never_scheduled
[2024-06-08T20:26:37.988-0300] {logging_mixin.py:188} INFO - [2024-06-08T20:26:37.988-0300] {dag.py:3118} INFO - Creating ORM DAG for consume_1_and_2_with_dataset_expressions
[2024-06-08T20:26:37.989-0300] {logging_mixin.py:188} INFO - [2024-06-08T20:26:37.989-0300] {dag.py:3118} INFO - Creating ORM DAG for consume_1_or_2_with_dataset_expressions
[2024-06-08T20:26:37.989-0300] {logging_mixin.py:188} INFO - [2024-06-08T20:26:37.989-0300] {dag.py:3118} INFO - Creating ORM DAG for dataset_consumes_1
[2024-06-08T20:26:37.989-0300] {logging_mixin.py:188} INFO - [2024-06-08T20:26:37.989-0300] {dag.py:3118} INFO - Creating ORM DAG for dataset_consumes_1_never_scheduled
[2024-06-08T20:26:37.990-0300] {logging_mixin.py:188} INFO - [2024-06-08T20:26:37.989-0300] {dag.py:3118} INFO - Creating ORM DAG for dataset_consumes_1_and_2
[2024-06-08T20:26:37.990-0300] {logging_mixin.py:188} INFO - [2024-06-08T20:26:37.990-0300] {dag.py:3118} INFO - Creating ORM DAG for conditional_dataset_and_time_based_timetable
[2024-06-08T20:26:37.990-0300] {logging_mixin.py:188} INFO - [2024-06-08T20:26:37.990-0300] {dag.py:3118} INFO - Creating ORM DAG for consume_1_or_both_2_and_3_with_dataset_expressions
[2024-06-08T20:26:37.990-0300] {logging_mixin.py:188} INFO - [2024-06-08T20:26:37.990-0300] {dag.py:3118} INFO - Creating ORM DAG for dataset_produces_2
[2024-06-08T20:26:37.991-0300] {logging_mixin.py:188} INFO - [2024-06-08T20:26:37.990-0300] {dag.py:3118} INFO - Creating ORM DAG for dataset_produces_1
[2024-06-08T20:26:37.995-0300] {logging_mixin.py:188} INFO - [2024-06-08T20:26:37.995-0300] {dag.py:3954} INFO - Setting next_dagrun for conditional_dataset_and_time_based_timetable to 2024-06-05 01:00:00+00:00, run_after=2024-06-05 01:00:00+00:00
[2024-06-08T20:26:37.996-0300] {logging_mixin.py:188} INFO - [2024-06-08T20:26:37.995-0300] {dag.py:3954} INFO - Setting next_dagrun for consume_1_and_2_with_dataset_expressions to None, run_after=None
[2024-06-08T20:26:37.996-0300] {logging_mixin.py:188} INFO - [2024-06-08T20:26:37.996-0300] {dag.py:3954} INFO - Setting next_dagrun for consume_1_or_2_with_dataset_expressions to None, run_after=None
[2024-06-08T20:26:37.996-0300] {logging_mixin.py:188} INFO - [2024-06-08T20:26:37.996-0300] {dag.py:3954} INFO - Setting next_dagrun for consume_1_or_both_2_and_3_with_dataset_expressions to None, run_after=None
[2024-06-08T20:26:37.996-0300] {logging_mixin.py:188} INFO - [2024-06-08T20:26:37.996-0300] {dag.py:3954} INFO - Setting next_dagrun for dataset_consumes_1 to None, run_after=None
[2024-06-08T20:26:37.996-0300] {logging_mixin.py:188} INFO - [2024-06-08T20:26:37.996-0300] {dag.py:3954} INFO - Setting next_dagrun for dataset_consumes_1_and_2 to None, run_after=None
[2024-06-08T20:26:37.997-0300] {logging_mixin.py:188} INFO - [2024-06-08T20:26:37.997-0300] {dag.py:3954} INFO - Setting next_dagrun for dataset_consumes_1_never_scheduled to None, run_after=None
[2024-06-08T20:26:37.997-0300] {logging_mixin.py:188} INFO - [2024-06-08T20:26:37.997-0300] {dag.py:3954} INFO - Setting next_dagrun for dataset_consumes_unknown_never_scheduled to None, run_after=None
[2024-06-08T20:26:37.998-0300] {logging_mixin.py:188} INFO - [2024-06-08T20:26:37.998-0300] {dag.py:3954} INFO - Setting next_dagrun for dataset_produces_1 to 2024-06-07 00:00:00+00:00, run_after=2024-06-08 00:00:00+00:00
[2024-06-08T20:26:37.998-0300] {logging_mixin.py:188} INFO - [2024-06-08T20:26:37.998-0300] {dag.py:3954} INFO - Setting next_dagrun for dataset_produces_2 to None, run_after=None
[2024-06-08T20:26:38.019-0300] {processor.py:183} INFO - Processing /home/pedro/.local/lib/python3.10/site-packages/airflow/example_dags/example_datasets.py took 0.419 seconds
[2024-06-08T20:27:30.836-0300] {processor.py:161} INFO - Started process (PID=9240) to work on /home/pedro/.local/lib/python3.10/site-packages/airflow/example_dags/example_datasets.py
[2024-06-08T20:27:30.839-0300] {processor.py:830} INFO - Processing file /home/pedro/.local/lib/python3.10/site-packages/airflow/example_dags/example_datasets.py for tasks to queue
[2024-06-08T20:27:30.841-0300] {logging_mixin.py:188} INFO - [2024-06-08T20:27:30.840-0300] {dagbag.py:545} INFO - Filling up the DagBag from /home/pedro/.local/lib/python3.10/site-packages/airflow/example_dags/example_datasets.py
[2024-06-08T20:27:30.852-0300] {processor.py:840} INFO - DAG(s) 'conditional_dataset_and_time_based_timetable', 'consume_1_or_2_with_dataset_expressions', 'consume_1_or_both_2_and_3_with_dataset_expressions', 'consume_1_and_2_with_dataset_expressions', 'dataset_consumes_unknown_never_scheduled', 'dataset_consumes_1', 'dataset_consumes_1_and_2', 'dataset_produces_1', 'dataset_consumes_1_never_scheduled', 'dataset_produces_2' retrieved from /home/pedro/.local/lib/python3.10/site-packages/airflow/example_dags/example_datasets.py
[2024-06-08T20:27:30.881-0300] {logging_mixin.py:188} INFO - [2024-06-08T20:27:30.881-0300] {dag.py:3096} INFO - Sync 10 DAGs
[2024-06-08T20:27:30.893-0300] {logging_mixin.py:188} INFO - [2024-06-08T20:27:30.893-0300] {dag.py:3954} INFO - Setting next_dagrun for conditional_dataset_and_time_based_timetable to 2024-06-05 01:00:00+00:00, run_after=2024-06-05 01:00:00+00:00
[2024-06-08T20:27:30.895-0300] {logging_mixin.py:188} INFO - [2024-06-08T20:27:30.895-0300] {dag.py:3954} INFO - Setting next_dagrun for consume_1_and_2_with_dataset_expressions to None, run_after=None
[2024-06-08T20:27:30.895-0300] {logging_mixin.py:188} INFO - [2024-06-08T20:27:30.895-0300] {dag.py:3954} INFO - Setting next_dagrun for consume_1_or_2_with_dataset_expressions to None, run_after=None
[2024-06-08T20:27:30.896-0300] {logging_mixin.py:188} INFO - [2024-06-08T20:27:30.896-0300] {dag.py:3954} INFO - Setting next_dagrun for consume_1_or_both_2_and_3_with_dataset_expressions to None, run_after=None
[2024-06-08T20:27:30.896-0300] {logging_mixin.py:188} INFO - [2024-06-08T20:27:30.896-0300] {dag.py:3954} INFO - Setting next_dagrun for dataset_consumes_1 to None, run_after=None
[2024-06-08T20:27:30.897-0300] {logging_mixin.py:188} INFO - [2024-06-08T20:27:30.897-0300] {dag.py:3954} INFO - Setting next_dagrun for dataset_consumes_1_and_2 to None, run_after=None
[2024-06-08T20:27:30.897-0300] {logging_mixin.py:188} INFO - [2024-06-08T20:27:30.897-0300] {dag.py:3954} INFO - Setting next_dagrun for dataset_consumes_1_never_scheduled to None, run_after=None
[2024-06-08T20:27:30.898-0300] {logging_mixin.py:188} INFO - [2024-06-08T20:27:30.898-0300] {dag.py:3954} INFO - Setting next_dagrun for dataset_consumes_unknown_never_scheduled to None, run_after=None
[2024-06-08T20:27:30.899-0300] {logging_mixin.py:188} INFO - [2024-06-08T20:27:30.899-0300] {dag.py:3954} INFO - Setting next_dagrun for dataset_produces_1 to 2024-06-07 00:00:00+00:00, run_after=2024-06-08 00:00:00+00:00
[2024-06-08T20:27:30.899-0300] {logging_mixin.py:188} INFO - [2024-06-08T20:27:30.899-0300] {dag.py:3954} INFO - Setting next_dagrun for dataset_produces_2 to None, run_after=None
[2024-06-08T20:27:30.920-0300] {processor.py:183} INFO - Processing /home/pedro/.local/lib/python3.10/site-packages/airflow/example_dags/example_datasets.py took 0.089 seconds
[2024-06-08T20:28:36.579-0300] {processor.py:161} INFO - Started process (PID=10145) to work on /home/pedro/.local/lib/python3.10/site-packages/airflow/example_dags/example_datasets.py
[2024-06-08T20:28:36.582-0300] {processor.py:830} INFO - Processing file /home/pedro/.local/lib/python3.10/site-packages/airflow/example_dags/example_datasets.py for tasks to queue
[2024-06-08T20:28:36.583-0300] {logging_mixin.py:188} INFO - [2024-06-08T20:28:36.583-0300] {dagbag.py:545} INFO - Filling up the DagBag from /home/pedro/.local/lib/python3.10/site-packages/airflow/example_dags/example_datasets.py
[2024-06-08T20:28:36.594-0300] {processor.py:840} INFO - DAG(s) 'dataset_consumes_1_and_2', 'dataset_consumes_1', 'conditional_dataset_and_time_based_timetable', 'dataset_consumes_1_never_scheduled', 'dataset_produces_2', 'consume_1_or_both_2_and_3_with_dataset_expressions', 'dataset_consumes_unknown_never_scheduled', 'consume_1_or_2_with_dataset_expressions', 'consume_1_and_2_with_dataset_expressions', 'dataset_produces_1' retrieved from /home/pedro/.local/lib/python3.10/site-packages/airflow/example_dags/example_datasets.py
[2024-06-08T20:28:36.614-0300] {logging_mixin.py:188} INFO - [2024-06-08T20:28:36.614-0300] {dag.py:3096} INFO - Sync 10 DAGs
[2024-06-08T20:28:36.625-0300] {logging_mixin.py:188} INFO - [2024-06-08T20:28:36.625-0300] {dag.py:3954} INFO - Setting next_dagrun for conditional_dataset_and_time_based_timetable to 2024-06-05 01:00:00+00:00, run_after=2024-06-05 01:00:00+00:00
[2024-06-08T20:28:36.627-0300] {logging_mixin.py:188} INFO - [2024-06-08T20:28:36.627-0300] {dag.py:3954} INFO - Setting next_dagrun for consume_1_and_2_with_dataset_expressions to None, run_after=None
[2024-06-08T20:28:36.628-0300] {logging_mixin.py:188} INFO - [2024-06-08T20:28:36.628-0300] {dag.py:3954} INFO - Setting next_dagrun for consume_1_or_2_with_dataset_expressions to None, run_after=None
[2024-06-08T20:28:36.628-0300] {logging_mixin.py:188} INFO - [2024-06-08T20:28:36.628-0300] {dag.py:3954} INFO - Setting next_dagrun for consume_1_or_both_2_and_3_with_dataset_expressions to None, run_after=None
[2024-06-08T20:28:36.629-0300] {logging_mixin.py:188} INFO - [2024-06-08T20:28:36.629-0300] {dag.py:3954} INFO - Setting next_dagrun for dataset_consumes_1 to None, run_after=None
[2024-06-08T20:28:36.629-0300] {logging_mixin.py:188} INFO - [2024-06-08T20:28:36.629-0300] {dag.py:3954} INFO - Setting next_dagrun for dataset_consumes_1_and_2 to None, run_after=None
[2024-06-08T20:28:36.629-0300] {logging_mixin.py:188} INFO - [2024-06-08T20:28:36.629-0300] {dag.py:3954} INFO - Setting next_dagrun for dataset_consumes_1_never_scheduled to None, run_after=None
[2024-06-08T20:28:36.630-0300] {logging_mixin.py:188} INFO - [2024-06-08T20:28:36.630-0300] {dag.py:3954} INFO - Setting next_dagrun for dataset_consumes_unknown_never_scheduled to None, run_after=None
[2024-06-08T20:28:36.631-0300] {logging_mixin.py:188} INFO - [2024-06-08T20:28:36.631-0300] {dag.py:3954} INFO - Setting next_dagrun for dataset_produces_1 to 2024-06-07 00:00:00+00:00, run_after=2024-06-08 00:00:00+00:00
[2024-06-08T20:28:36.632-0300] {logging_mixin.py:188} INFO - [2024-06-08T20:28:36.631-0300] {dag.py:3954} INFO - Setting next_dagrun for dataset_produces_2 to None, run_after=None
[2024-06-08T20:28:36.653-0300] {processor.py:183} INFO - Processing /home/pedro/.local/lib/python3.10/site-packages/airflow/example_dags/example_datasets.py took 0.084 seconds
[2024-06-08T20:29:38.086-0300] {processor.py:161} INFO - Started process (PID=11160) to work on /home/pedro/.local/lib/python3.10/site-packages/airflow/example_dags/example_datasets.py
[2024-06-08T20:29:38.090-0300] {processor.py:830} INFO - Processing file /home/pedro/.local/lib/python3.10/site-packages/airflow/example_dags/example_datasets.py for tasks to queue
[2024-06-08T20:29:38.091-0300] {logging_mixin.py:188} INFO - [2024-06-08T20:29:38.091-0300] {dagbag.py:545} INFO - Filling up the DagBag from /home/pedro/.local/lib/python3.10/site-packages/airflow/example_dags/example_datasets.py
[2024-06-08T20:29:38.103-0300] {processor.py:840} INFO - DAG(s) 'consume_1_and_2_with_dataset_expressions', 'dataset_consumes_unknown_never_scheduled', 'consume_1_or_both_2_and_3_with_dataset_expressions', 'dataset_produces_1', 'dataset_produces_2', 'dataset_consumes_1', 'consume_1_or_2_with_dataset_expressions', 'dataset_consumes_1_and_2', 'dataset_consumes_1_never_scheduled', 'conditional_dataset_and_time_based_timetable' retrieved from /home/pedro/.local/lib/python3.10/site-packages/airflow/example_dags/example_datasets.py
[2024-06-08T20:29:38.130-0300] {logging_mixin.py:188} INFO - [2024-06-08T20:29:38.129-0300] {dag.py:3096} INFO - Sync 10 DAGs
[2024-06-08T20:29:38.144-0300] {logging_mixin.py:188} INFO - [2024-06-08T20:29:38.143-0300] {dag.py:3954} INFO - Setting next_dagrun for conditional_dataset_and_time_based_timetable to 2024-06-05 01:00:00+00:00, run_after=2024-06-05 01:00:00+00:00
[2024-06-08T20:29:38.146-0300] {logging_mixin.py:188} INFO - [2024-06-08T20:29:38.146-0300] {dag.py:3954} INFO - Setting next_dagrun for consume_1_and_2_with_dataset_expressions to None, run_after=None
[2024-06-08T20:29:38.147-0300] {logging_mixin.py:188} INFO - [2024-06-08T20:29:38.147-0300] {dag.py:3954} INFO - Setting next_dagrun for consume_1_or_2_with_dataset_expressions to None, run_after=None
[2024-06-08T20:29:38.148-0300] {logging_mixin.py:188} INFO - [2024-06-08T20:29:38.148-0300] {dag.py:3954} INFO - Setting next_dagrun for consume_1_or_both_2_and_3_with_dataset_expressions to None, run_after=None
[2024-06-08T20:29:38.149-0300] {logging_mixin.py:188} INFO - [2024-06-08T20:29:38.149-0300] {dag.py:3954} INFO - Setting next_dagrun for dataset_consumes_1 to None, run_after=None
[2024-06-08T20:29:38.149-0300] {logging_mixin.py:188} INFO - [2024-06-08T20:29:38.149-0300] {dag.py:3954} INFO - Setting next_dagrun for dataset_consumes_1_and_2 to None, run_after=None
[2024-06-08T20:29:38.150-0300] {logging_mixin.py:188} INFO - [2024-06-08T20:29:38.150-0300] {dag.py:3954} INFO - Setting next_dagrun for dataset_consumes_1_never_scheduled to None, run_after=None
[2024-06-08T20:29:38.150-0300] {logging_mixin.py:188} INFO - [2024-06-08T20:29:38.150-0300] {dag.py:3954} INFO - Setting next_dagrun for dataset_consumes_unknown_never_scheduled to None, run_after=None
[2024-06-08T20:29:38.151-0300] {logging_mixin.py:188} INFO - [2024-06-08T20:29:38.151-0300] {dag.py:3954} INFO - Setting next_dagrun for dataset_produces_1 to 2024-06-07 00:00:00+00:00, run_after=2024-06-08 00:00:00+00:00
[2024-06-08T20:29:38.152-0300] {logging_mixin.py:188} INFO - [2024-06-08T20:29:38.152-0300] {dag.py:3954} INFO - Setting next_dagrun for dataset_produces_2 to None, run_after=None
[2024-06-08T20:29:38.191-0300] {processor.py:183} INFO - Processing /home/pedro/.local/lib/python3.10/site-packages/airflow/example_dags/example_datasets.py took 0.112 seconds
