[2024-06-08T20:26:25.969-0300] {processor.py:161} INFO - Started process (PID=8773) to work on /home/pedro/.local/lib/python3.10/site-packages/airflow/example_dags/example_branch_operator.py
[2024-06-08T20:26:25.969-0300] {processor.py:830} INFO - Processing file /home/pedro/.local/lib/python3.10/site-packages/airflow/example_dags/example_branch_operator.py for tasks to queue
[2024-06-08T20:26:25.970-0300] {logging_mixin.py:188} INFO - [2024-06-08T20:26:25.970-0300] {dagbag.py:545} INFO - Filling up the DagBag from /home/pedro/.local/lib/python3.10/site-packages/airflow/example_dags/example_branch_operator.py
[2024-06-08T20:26:26.040-0300] {processor.py:840} INFO - DAG(s) 'example_branch_operator' retrieved from /home/pedro/.local/lib/python3.10/site-packages/airflow/example_dags/example_branch_operator.py
[2024-06-08T20:26:26.117-0300] {logging_mixin.py:188} INFO - [2024-06-08T20:26:26.116-0300] {override.py:1829} INFO - Created Permission View: can read on DAG:example_branch_operator
[2024-06-08T20:26:26.127-0300] {logging_mixin.py:188} INFO - [2024-06-08T20:26:26.127-0300] {override.py:1829} INFO - Created Permission View: can edit on DAG:example_branch_operator
[2024-06-08T20:26:26.138-0300] {logging_mixin.py:188} INFO - [2024-06-08T20:26:26.138-0300] {override.py:1829} INFO - Created Permission View: can delete on DAG:example_branch_operator
[2024-06-08T20:26:26.138-0300] {logging_mixin.py:188} INFO - [2024-06-08T20:26:26.138-0300] {dag.py:3096} INFO - Sync 1 DAGs
[2024-06-08T20:26:26.144-0300] {logging_mixin.py:188} INFO - [2024-06-08T20:26:26.144-0300] {dag.py:3118} INFO - Creating ORM DAG for example_branch_operator
[2024-06-08T20:26:26.148-0300] {logging_mixin.py:188} INFO - [2024-06-08T20:26:26.148-0300] {dag.py:3954} INFO - Setting next_dagrun for example_branch_operator to 2024-06-07 00:00:00+00:00, run_after=2024-06-08 00:00:00+00:00
[2024-06-08T20:26:26.164-0300] {processor.py:183} INFO - Processing /home/pedro/.local/lib/python3.10/site-packages/airflow/example_dags/example_branch_operator.py took 0.201 seconds
[2024-06-08T20:27:20.517-0300] {processor.py:161} INFO - Started process (PID=9199) to work on /home/pedro/.local/lib/python3.10/site-packages/airflow/example_dags/example_branch_operator.py
[2024-06-08T20:27:20.520-0300] {processor.py:830} INFO - Processing file /home/pedro/.local/lib/python3.10/site-packages/airflow/example_dags/example_branch_operator.py for tasks to queue
[2024-06-08T20:27:20.521-0300] {logging_mixin.py:188} INFO - [2024-06-08T20:27:20.521-0300] {dagbag.py:545} INFO - Filling up the DagBag from /home/pedro/.local/lib/python3.10/site-packages/airflow/example_dags/example_branch_operator.py
[2024-06-08T20:27:20.536-0300] {processor.py:840} INFO - DAG(s) 'example_branch_operator' retrieved from /home/pedro/.local/lib/python3.10/site-packages/airflow/example_dags/example_branch_operator.py
[2024-06-08T20:27:20.549-0300] {logging_mixin.py:188} INFO - [2024-06-08T20:27:20.548-0300] {dag.py:3096} INFO - Sync 1 DAGs
[2024-06-08T20:27:20.559-0300] {logging_mixin.py:188} INFO - [2024-06-08T20:27:20.559-0300] {dag.py:3954} INFO - Setting next_dagrun for example_branch_operator to 2024-06-07 00:00:00+00:00, run_after=2024-06-08 00:00:00+00:00
[2024-06-08T20:27:20.574-0300] {processor.py:183} INFO - Processing /home/pedro/.local/lib/python3.10/site-packages/airflow/example_dags/example_branch_operator.py took 0.061 seconds
[2024-06-08T20:28:12.043-0300] {processor.py:161} INFO - Started process (PID=10092) to work on /home/pedro/.local/lib/python3.10/site-packages/airflow/example_dags/example_branch_operator.py
[2024-06-08T20:28:12.046-0300] {processor.py:830} INFO - Processing file /home/pedro/.local/lib/python3.10/site-packages/airflow/example_dags/example_branch_operator.py for tasks to queue
[2024-06-08T20:28:12.047-0300] {logging_mixin.py:188} INFO - [2024-06-08T20:28:12.046-0300] {dagbag.py:545} INFO - Filling up the DagBag from /home/pedro/.local/lib/python3.10/site-packages/airflow/example_dags/example_branch_operator.py
[2024-06-08T20:28:12.062-0300] {processor.py:840} INFO - DAG(s) 'example_branch_operator' retrieved from /home/pedro/.local/lib/python3.10/site-packages/airflow/example_dags/example_branch_operator.py
[2024-06-08T20:28:12.074-0300] {logging_mixin.py:188} INFO - [2024-06-08T20:28:12.074-0300] {dag.py:3096} INFO - Sync 1 DAGs
[2024-06-08T20:28:12.084-0300] {logging_mixin.py:188} INFO - [2024-06-08T20:28:12.084-0300] {dag.py:3954} INFO - Setting next_dagrun for example_branch_operator to 2024-06-07 00:00:00+00:00, run_after=2024-06-08 00:00:00+00:00
[2024-06-08T20:28:12.099-0300] {processor.py:183} INFO - Processing /home/pedro/.local/lib/python3.10/site-packages/airflow/example_dags/example_branch_operator.py took 0.062 seconds
[2024-06-08T20:29:12.646-0300] {processor.py:161} INFO - Started process (PID=10885) to work on /home/pedro/.local/lib/python3.10/site-packages/airflow/example_dags/example_branch_operator.py
[2024-06-08T20:29:12.650-0300] {processor.py:830} INFO - Processing file /home/pedro/.local/lib/python3.10/site-packages/airflow/example_dags/example_branch_operator.py for tasks to queue
[2024-06-08T20:29:12.651-0300] {logging_mixin.py:188} INFO - [2024-06-08T20:29:12.650-0300] {dagbag.py:545} INFO - Filling up the DagBag from /home/pedro/.local/lib/python3.10/site-packages/airflow/example_dags/example_branch_operator.py
[2024-06-08T20:29:12.664-0300] {processor.py:840} INFO - DAG(s) 'example_branch_operator' retrieved from /home/pedro/.local/lib/python3.10/site-packages/airflow/example_dags/example_branch_operator.py
[2024-06-08T20:29:12.677-0300] {logging_mixin.py:188} INFO - [2024-06-08T20:29:12.677-0300] {dag.py:3096} INFO - Sync 1 DAGs
[2024-06-08T20:29:12.687-0300] {logging_mixin.py:188} INFO - [2024-06-08T20:29:12.687-0300] {dag.py:3954} INFO - Setting next_dagrun for example_branch_operator to 2024-06-07 00:00:00+00:00, run_after=2024-06-08 00:00:00+00:00
[2024-06-08T20:29:12.703-0300] {processor.py:183} INFO - Processing /home/pedro/.local/lib/python3.10/site-packages/airflow/example_dags/example_branch_operator.py took 0.060 seconds
[2024-06-08T20:30:11.445-0300] {processor.py:161} INFO - Started process (PID=11544) to work on /home/pedro/.local/lib/python3.10/site-packages/airflow/example_dags/example_branch_operator.py
[2024-06-08T20:30:11.445-0300] {processor.py:830} INFO - Processing file /home/pedro/.local/lib/python3.10/site-packages/airflow/example_dags/example_branch_operator.py for tasks to queue
[2024-06-08T20:30:11.446-0300] {logging_mixin.py:188} INFO - [2024-06-08T20:30:11.446-0300] {dagbag.py:545} INFO - Filling up the DagBag from /home/pedro/.local/lib/python3.10/site-packages/airflow/example_dags/example_branch_operator.py
[2024-06-08T20:30:11.455-0300] {processor.py:840} INFO - DAG(s) 'example_branch_operator' retrieved from /home/pedro/.local/lib/python3.10/site-packages/airflow/example_dags/example_branch_operator.py
[2024-06-08T20:30:11.471-0300] {logging_mixin.py:188} INFO - [2024-06-08T20:30:11.470-0300] {dag.py:3096} INFO - Sync 1 DAGs
[2024-06-08T20:30:11.483-0300] {logging_mixin.py:188} INFO - [2024-06-08T20:30:11.483-0300] {dag.py:3954} INFO - Setting next_dagrun for example_branch_operator to 2024-06-07 00:00:00+00:00, run_after=2024-06-08 00:00:00+00:00
[2024-06-08T20:30:11.496-0300] {processor.py:183} INFO - Processing /home/pedro/.local/lib/python3.10/site-packages/airflow/example_dags/example_branch_operator.py took 0.056 seconds
