[2024-06-08T20:26:44.415-0300] {processor.py:161} INFO - Started process (PID=8796) to work on /home/pedro/.local/lib/python3.10/site-packages/airflow/example_dags/example_kubernetes_executor.py
[2024-06-08T20:26:44.416-0300] {processor.py:830} INFO - Processing file /home/pedro/.local/lib/python3.10/site-packages/airflow/example_dags/example_kubernetes_executor.py for tasks to queue
[2024-06-08T20:26:44.417-0300] {logging_mixin.py:188} INFO - [2024-06-08T20:26:44.417-0300] {dagbag.py:545} INFO - Filling up the DagBag from /home/pedro/.local/lib/python3.10/site-packages/airflow/example_dags/example_kubernetes_executor.py
[2024-06-08T20:26:44.420-0300] {logging_mixin.py:188} INFO - [2024-06-08T20:26:44.420-0300] {example_kubernetes_executor.py:39} WARNING - The example_kubernetes_executor example DAG requires the kubernetes provider. Please install it with: pip install apache-airflow[cncf.kubernetes]
[2024-06-08T20:26:44.420-0300] {processor.py:842} WARNING - No viable dags retrieved from /home/pedro/.local/lib/python3.10/site-packages/airflow/example_dags/example_kubernetes_executor.py
[2024-06-08T20:26:44.427-0300] {processor.py:183} INFO - Processing /home/pedro/.local/lib/python3.10/site-packages/airflow/example_dags/example_kubernetes_executor.py took 0.020 seconds
[2024-06-08T20:27:54.689-0300] {processor.py:161} INFO - Started process (PID=9811) to work on /home/pedro/.local/lib/python3.10/site-packages/airflow/example_dags/example_kubernetes_executor.py
[2024-06-08T20:27:54.692-0300] {processor.py:830} INFO - Processing file /home/pedro/.local/lib/python3.10/site-packages/airflow/example_dags/example_kubernetes_executor.py for tasks to queue
[2024-06-08T20:27:54.694-0300] {logging_mixin.py:188} INFO - [2024-06-08T20:27:54.693-0300] {dagbag.py:545} INFO - Filling up the DagBag from /home/pedro/.local/lib/python3.10/site-packages/airflow/example_dags/example_kubernetes_executor.py
[2024-06-08T20:27:54.697-0300] {logging_mixin.py:188} INFO - [2024-06-08T20:27:54.697-0300] {example_kubernetes_executor.py:39} WARNING - The example_kubernetes_executor example DAG requires the kubernetes provider. Please install it with: pip install apache-airflow[cncf.kubernetes]
[2024-06-08T20:27:54.697-0300] {processor.py:842} WARNING - No viable dags retrieved from /home/pedro/.local/lib/python3.10/site-packages/airflow/example_dags/example_kubernetes_executor.py
[2024-06-08T20:27:54.704-0300] {processor.py:183} INFO - Processing /home/pedro/.local/lib/python3.10/site-packages/airflow/example_dags/example_kubernetes_executor.py took 0.020 seconds
[2024-06-08T20:28:57.172-0300] {processor.py:161} INFO - Started process (PID=10192) to work on /home/pedro/.local/lib/python3.10/site-packages/airflow/example_dags/example_kubernetes_executor.py
[2024-06-08T20:28:57.175-0300] {processor.py:830} INFO - Processing file /home/pedro/.local/lib/python3.10/site-packages/airflow/example_dags/example_kubernetes_executor.py for tasks to queue
[2024-06-08T20:28:57.176-0300] {logging_mixin.py:188} INFO - [2024-06-08T20:28:57.176-0300] {dagbag.py:545} INFO - Filling up the DagBag from /home/pedro/.local/lib/python3.10/site-packages/airflow/example_dags/example_kubernetes_executor.py
[2024-06-08T20:28:57.180-0300] {logging_mixin.py:188} INFO - [2024-06-08T20:28:57.180-0300] {example_kubernetes_executor.py:39} WARNING - The example_kubernetes_executor example DAG requires the kubernetes provider. Please install it with: pip install apache-airflow[cncf.kubernetes]
[2024-06-08T20:28:57.180-0300] {processor.py:842} WARNING - No viable dags retrieved from /home/pedro/.local/lib/python3.10/site-packages/airflow/example_dags/example_kubernetes_executor.py
[2024-06-08T20:28:57.188-0300] {processor.py:183} INFO - Processing /home/pedro/.local/lib/python3.10/site-packages/airflow/example_dags/example_kubernetes_executor.py took 0.022 seconds
[2024-06-08T20:29:57.544-0300] {processor.py:161} INFO - Started process (PID=11484) to work on /home/pedro/.local/lib/python3.10/site-packages/airflow/example_dags/example_kubernetes_executor.py
[2024-06-08T20:29:57.547-0300] {processor.py:830} INFO - Processing file /home/pedro/.local/lib/python3.10/site-packages/airflow/example_dags/example_kubernetes_executor.py for tasks to queue
[2024-06-08T20:29:57.548-0300] {logging_mixin.py:188} INFO - [2024-06-08T20:29:57.548-0300] {dagbag.py:545} INFO - Filling up the DagBag from /home/pedro/.local/lib/python3.10/site-packages/airflow/example_dags/example_kubernetes_executor.py
[2024-06-08T20:29:57.550-0300] {logging_mixin.py:188} INFO - [2024-06-08T20:29:57.550-0300] {example_kubernetes_executor.py:39} WARNING - The example_kubernetes_executor example DAG requires the kubernetes provider. Please install it with: pip install apache-airflow[cncf.kubernetes]
[2024-06-08T20:29:57.550-0300] {processor.py:842} WARNING - No viable dags retrieved from /home/pedro/.local/lib/python3.10/site-packages/airflow/example_dags/example_kubernetes_executor.py
[2024-06-08T20:29:57.558-0300] {processor.py:183} INFO - Processing /home/pedro/.local/lib/python3.10/site-packages/airflow/example_dags/example_kubernetes_executor.py took 0.022 seconds
