[2024-06-08T20:25:11.893-0300] {processor.py:161} INFO - Started process (PID=8509) to work on /home/pedro/.local/lib/python3.10/site-packages/airflow/example_dags/example_params_ui_tutorial.py
[2024-06-08T20:25:11.894-0300] {processor.py:830} INFO - Processing file /home/pedro/.local/lib/python3.10/site-packages/airflow/example_dags/example_params_ui_tutorial.py for tasks to queue
[2024-06-08T20:25:11.896-0300] {logging_mixin.py:188} INFO - [2024-06-08T20:25:11.896-0300] {dagbag.py:545} INFO - Filling up the DagBag from /home/pedro/.local/lib/python3.10/site-packages/airflow/example_dags/example_params_ui_tutorial.py
[2024-06-08T20:25:11.905-0300] {processor.py:840} INFO - DAG(s) 'example_params_ui_tutorial' retrieved from /home/pedro/.local/lib/python3.10/site-packages/airflow/example_dags/example_params_ui_tutorial.py
[2024-06-08T20:25:11.982-0300] {logging_mixin.py:188} INFO - [2024-06-08T20:25:11.982-0300] {override.py:1829} INFO - Created Permission View: can delete on DAG:example_params_ui_tutorial
[2024-06-08T20:25:11.993-0300] {logging_mixin.py:188} INFO - [2024-06-08T20:25:11.992-0300] {override.py:1829} INFO - Created Permission View: can read on DAG:example_params_ui_tutorial
[2024-06-08T20:25:12.000-0300] {logging_mixin.py:188} INFO - [2024-06-08T20:25:12.000-0300] {override.py:1829} INFO - Created Permission View: can edit on DAG:example_params_ui_tutorial
[2024-06-08T20:25:12.000-0300] {logging_mixin.py:188} INFO - [2024-06-08T20:25:12.000-0300] {dag.py:3096} INFO - Sync 1 DAGs
[2024-06-08T20:25:12.070-0300] {logging_mixin.py:188} INFO - [2024-06-08T20:25:12.070-0300] {dag.py:3118} INFO - Creating ORM DAG for example_params_ui_tutorial
[2024-06-08T20:25:12.070-0300] {logging_mixin.py:188} INFO - [2024-06-08T20:25:12.070-0300] {dag.py:3954} INFO - Setting next_dagrun for example_params_ui_tutorial to None, run_after=None
[2024-06-08T20:25:12.116-0300] {processor.py:183} INFO - Processing /home/pedro/.local/lib/python3.10/site-packages/airflow/example_dags/example_params_ui_tutorial.py took 0.231 seconds
[2024-06-08T20:26:06.501-0300] {processor.py:161} INFO - Started process (PID=8699) to work on /home/pedro/.local/lib/python3.10/site-packages/airflow/example_dags/example_params_ui_tutorial.py
[2024-06-08T20:26:06.502-0300] {processor.py:830} INFO - Processing file /home/pedro/.local/lib/python3.10/site-packages/airflow/example_dags/example_params_ui_tutorial.py for tasks to queue
[2024-06-08T20:26:06.503-0300] {logging_mixin.py:188} INFO - [2024-06-08T20:26:06.503-0300] {dagbag.py:545} INFO - Filling up the DagBag from /home/pedro/.local/lib/python3.10/site-packages/airflow/example_dags/example_params_ui_tutorial.py
[2024-06-08T20:26:06.512-0300] {processor.py:840} INFO - DAG(s) 'example_params_ui_tutorial' retrieved from /home/pedro/.local/lib/python3.10/site-packages/airflow/example_dags/example_params_ui_tutorial.py
[2024-06-08T20:26:06.543-0300] {logging_mixin.py:188} INFO - [2024-06-08T20:26:06.542-0300] {dag.py:3096} INFO - Sync 1 DAGs
[2024-06-08T20:26:06.549-0300] {logging_mixin.py:188} INFO - [2024-06-08T20:26:06.549-0300] {dag.py:3954} INFO - Setting next_dagrun for example_params_ui_tutorial to None, run_after=None
[2024-06-08T20:26:06.580-0300] {processor.py:183} INFO - Processing /home/pedro/.local/lib/python3.10/site-packages/airflow/example_dags/example_params_ui_tutorial.py took 0.085 seconds
[2024-06-08T20:26:59.894-0300] {processor.py:161} INFO - Started process (PID=8848) to work on /home/pedro/.local/lib/python3.10/site-packages/airflow/example_dags/example_params_ui_tutorial.py
[2024-06-08T20:26:59.898-0300] {processor.py:830} INFO - Processing file /home/pedro/.local/lib/python3.10/site-packages/airflow/example_dags/example_params_ui_tutorial.py for tasks to queue
[2024-06-08T20:26:59.899-0300] {logging_mixin.py:188} INFO - [2024-06-08T20:26:59.899-0300] {dagbag.py:545} INFO - Filling up the DagBag from /home/pedro/.local/lib/python3.10/site-packages/airflow/example_dags/example_params_ui_tutorial.py
[2024-06-08T20:26:59.910-0300] {processor.py:840} INFO - DAG(s) 'example_params_ui_tutorial' retrieved from /home/pedro/.local/lib/python3.10/site-packages/airflow/example_dags/example_params_ui_tutorial.py
[2024-06-08T20:26:59.935-0300] {logging_mixin.py:188} INFO - [2024-06-08T20:26:59.935-0300] {dag.py:3096} INFO - Sync 1 DAGs
[2024-06-08T20:26:59.941-0300] {logging_mixin.py:188} INFO - [2024-06-08T20:26:59.941-0300] {dag.py:3954} INFO - Setting next_dagrun for example_params_ui_tutorial to None, run_after=None
[2024-06-08T20:26:59.956-0300] {processor.py:183} INFO - Processing /home/pedro/.local/lib/python3.10/site-packages/airflow/example_dags/example_params_ui_tutorial.py took 0.065 seconds
[2024-06-08T20:27:47.449-0300] {processor.py:161} INFO - Started process (PID=9419) to work on /home/pedro/.local/lib/python3.10/site-packages/airflow/example_dags/example_params_ui_tutorial.py
[2024-06-08T20:27:47.453-0300] {processor.py:830} INFO - Processing file /home/pedro/.local/lib/python3.10/site-packages/airflow/example_dags/example_params_ui_tutorial.py for tasks to queue
[2024-06-08T20:27:47.454-0300] {logging_mixin.py:188} INFO - [2024-06-08T20:27:47.454-0300] {dagbag.py:545} INFO - Filling up the DagBag from /home/pedro/.local/lib/python3.10/site-packages/airflow/example_dags/example_params_ui_tutorial.py
[2024-06-08T20:27:47.464-0300] {processor.py:840} INFO - DAG(s) 'example_params_ui_tutorial' retrieved from /home/pedro/.local/lib/python3.10/site-packages/airflow/example_dags/example_params_ui_tutorial.py
[2024-06-08T20:27:47.495-0300] {logging_mixin.py:188} INFO - [2024-06-08T20:27:47.494-0300] {dag.py:3096} INFO - Sync 1 DAGs
[2024-06-08T20:27:47.503-0300] {logging_mixin.py:188} INFO - [2024-06-08T20:27:47.503-0300] {dag.py:3954} INFO - Setting next_dagrun for example_params_ui_tutorial to None, run_after=None
[2024-06-08T20:27:47.521-0300] {processor.py:183} INFO - Processing /home/pedro/.local/lib/python3.10/site-packages/airflow/example_dags/example_params_ui_tutorial.py took 0.079 seconds
[2024-06-08T20:28:32.570-0300] {processor.py:161} INFO - Started process (PID=10137) to work on /home/pedro/.local/lib/python3.10/site-packages/airflow/example_dags/example_params_ui_tutorial.py
[2024-06-08T20:28:32.574-0300] {processor.py:830} INFO - Processing file /home/pedro/.local/lib/python3.10/site-packages/airflow/example_dags/example_params_ui_tutorial.py for tasks to queue
[2024-06-08T20:28:32.575-0300] {logging_mixin.py:188} INFO - [2024-06-08T20:28:32.574-0300] {dagbag.py:545} INFO - Filling up the DagBag from /home/pedro/.local/lib/python3.10/site-packages/airflow/example_dags/example_params_ui_tutorial.py
[2024-06-08T20:28:32.585-0300] {processor.py:840} INFO - DAG(s) 'example_params_ui_tutorial' retrieved from /home/pedro/.local/lib/python3.10/site-packages/airflow/example_dags/example_params_ui_tutorial.py
[2024-06-08T20:28:32.611-0300] {logging_mixin.py:188} INFO - [2024-06-08T20:28:32.611-0300] {dag.py:3096} INFO - Sync 1 DAGs
[2024-06-08T20:28:32.617-0300] {logging_mixin.py:188} INFO - [2024-06-08T20:28:32.617-0300] {dag.py:3954} INFO - Setting next_dagrun for example_params_ui_tutorial to None, run_after=None
[2024-06-08T20:28:32.633-0300] {processor.py:183} INFO - Processing /home/pedro/.local/lib/python3.10/site-packages/airflow/example_dags/example_params_ui_tutorial.py took 0.067 seconds
[2024-06-08T20:29:22.393-0300] {processor.py:161} INFO - Started process (PID=11121) to work on /home/pedro/.local/lib/python3.10/site-packages/airflow/example_dags/example_params_ui_tutorial.py
[2024-06-08T20:29:22.396-0300] {processor.py:830} INFO - Processing file /home/pedro/.local/lib/python3.10/site-packages/airflow/example_dags/example_params_ui_tutorial.py for tasks to queue
[2024-06-08T20:29:22.397-0300] {logging_mixin.py:188} INFO - [2024-06-08T20:29:22.397-0300] {dagbag.py:545} INFO - Filling up the DagBag from /home/pedro/.local/lib/python3.10/site-packages/airflow/example_dags/example_params_ui_tutorial.py
[2024-06-08T20:29:22.409-0300] {processor.py:840} INFO - DAG(s) 'example_params_ui_tutorial' retrieved from /home/pedro/.local/lib/python3.10/site-packages/airflow/example_dags/example_params_ui_tutorial.py
[2024-06-08T20:29:22.434-0300] {logging_mixin.py:188} INFO - [2024-06-08T20:29:22.434-0300] {dag.py:3096} INFO - Sync 1 DAGs
[2024-06-08T20:29:22.440-0300] {logging_mixin.py:188} INFO - [2024-06-08T20:29:22.440-0300] {dag.py:3954} INFO - Setting next_dagrun for example_params_ui_tutorial to None, run_after=None
[2024-06-08T20:29:22.455-0300] {processor.py:183} INFO - Processing /home/pedro/.local/lib/python3.10/site-packages/airflow/example_dags/example_params_ui_tutorial.py took 0.067 seconds
[2024-06-08T20:30:02.299-0300] {processor.py:161} INFO - Started process (PID=11497) to work on /home/pedro/.local/lib/python3.10/site-packages/airflow/example_dags/example_params_ui_tutorial.py
[2024-06-08T20:30:02.302-0300] {processor.py:830} INFO - Processing file /home/pedro/.local/lib/python3.10/site-packages/airflow/example_dags/example_params_ui_tutorial.py for tasks to queue
[2024-06-08T20:30:02.303-0300] {logging_mixin.py:188} INFO - [2024-06-08T20:30:02.303-0300] {dagbag.py:545} INFO - Filling up the DagBag from /home/pedro/.local/lib/python3.10/site-packages/airflow/example_dags/example_params_ui_tutorial.py
[2024-06-08T20:30:02.314-0300] {processor.py:840} INFO - DAG(s) 'example_params_ui_tutorial' retrieved from /home/pedro/.local/lib/python3.10/site-packages/airflow/example_dags/example_params_ui_tutorial.py
[2024-06-08T20:30:02.339-0300] {logging_mixin.py:188} INFO - [2024-06-08T20:30:02.339-0300] {dag.py:3096} INFO - Sync 1 DAGs
[2024-06-08T20:30:02.345-0300] {logging_mixin.py:188} INFO - [2024-06-08T20:30:02.345-0300] {dag.py:3954} INFO - Setting next_dagrun for example_params_ui_tutorial to None, run_after=None
[2024-06-08T20:30:02.360-0300] {processor.py:183} INFO - Processing /home/pedro/.local/lib/python3.10/site-packages/airflow/example_dags/example_params_ui_tutorial.py took 0.064 seconds
