[2024-06-08T20:25:01.396-0300] {processor.py:161} INFO - Started process (PID=8483) to work on /home/pedro/.local/lib/python3.10/site-packages/airflow/example_dags/example_skip_dag.py
[2024-06-08T20:25:01.397-0300] {processor.py:830} INFO - Processing file /home/pedro/.local/lib/python3.10/site-packages/airflow/example_dags/example_skip_dag.py for tasks to queue
[2024-06-08T20:25:01.398-0300] {logging_mixin.py:188} INFO - [2024-06-08T20:25:01.397-0300] {dagbag.py:545} INFO - Filling up the DagBag from /home/pedro/.local/lib/python3.10/site-packages/airflow/example_dags/example_skip_dag.py
[2024-06-08T20:25:01.402-0300] {processor.py:840} INFO - DAG(s) 'example_skip_dag' retrieved from /home/pedro/.local/lib/python3.10/site-packages/airflow/example_dags/example_skip_dag.py
[2024-06-08T20:25:01.466-0300] {logging_mixin.py:188} INFO - [2024-06-08T20:25:01.466-0300] {override.py:1829} INFO - Created Permission View: can delete on DAG:example_skip_dag
[2024-06-08T20:25:01.476-0300] {logging_mixin.py:188} INFO - [2024-06-08T20:25:01.476-0300] {override.py:1829} INFO - Created Permission View: can read on DAG:example_skip_dag
[2024-06-08T20:25:01.483-0300] {logging_mixin.py:188} INFO - [2024-06-08T20:25:01.483-0300] {override.py:1829} INFO - Created Permission View: can edit on DAG:example_skip_dag
[2024-06-08T20:25:01.483-0300] {logging_mixin.py:188} INFO - [2024-06-08T20:25:01.483-0300] {dag.py:3096} INFO - Sync 1 DAGs
[2024-06-08T20:25:01.489-0300] {logging_mixin.py:188} INFO - [2024-06-08T20:25:01.489-0300] {dag.py:3118} INFO - Creating ORM DAG for example_skip_dag
[2024-06-08T20:25:01.494-0300] {logging_mixin.py:188} INFO - [2024-06-08T20:25:01.494-0300] {dag.py:3954} INFO - Setting next_dagrun for example_skip_dag to 2024-06-07 00:00:00+00:00, run_after=2024-06-08 00:00:00+00:00
[2024-06-08T20:25:01.588-0300] {processor.py:183} INFO - Processing /home/pedro/.local/lib/python3.10/site-packages/airflow/example_dags/example_skip_dag.py took 0.194 seconds
[2024-06-08T20:25:57.271-0300] {processor.py:161} INFO - Started process (PID=8659) to work on /home/pedro/.local/lib/python3.10/site-packages/airflow/example_dags/example_skip_dag.py
[2024-06-08T20:25:57.275-0300] {processor.py:830} INFO - Processing file /home/pedro/.local/lib/python3.10/site-packages/airflow/example_dags/example_skip_dag.py for tasks to queue
[2024-06-08T20:25:57.276-0300] {logging_mixin.py:188} INFO - [2024-06-08T20:25:57.276-0300] {dagbag.py:545} INFO - Filling up the DagBag from /home/pedro/.local/lib/python3.10/site-packages/airflow/example_dags/example_skip_dag.py
[2024-06-08T20:25:57.282-0300] {processor.py:840} INFO - DAG(s) 'example_skip_dag' retrieved from /home/pedro/.local/lib/python3.10/site-packages/airflow/example_dags/example_skip_dag.py
[2024-06-08T20:25:57.297-0300] {logging_mixin.py:188} INFO - [2024-06-08T20:25:57.297-0300] {dag.py:3096} INFO - Sync 1 DAGs
[2024-06-08T20:25:57.308-0300] {logging_mixin.py:188} INFO - [2024-06-08T20:25:57.307-0300] {dag.py:3954} INFO - Setting next_dagrun for example_skip_dag to 2024-06-07 00:00:00+00:00, run_after=2024-06-08 00:00:00+00:00
[2024-06-08T20:25:57.331-0300] {processor.py:183} INFO - Processing /home/pedro/.local/lib/python3.10/site-packages/airflow/example_dags/example_skip_dag.py took 0.067 seconds
[2024-06-08T20:26:51.159-0300] {processor.py:161} INFO - Started process (PID=8828) to work on /home/pedro/.local/lib/python3.10/site-packages/airflow/example_dags/example_skip_dag.py
[2024-06-08T20:26:51.160-0300] {processor.py:830} INFO - Processing file /home/pedro/.local/lib/python3.10/site-packages/airflow/example_dags/example_skip_dag.py for tasks to queue
[2024-06-08T20:26:51.161-0300] {logging_mixin.py:188} INFO - [2024-06-08T20:26:51.160-0300] {dagbag.py:545} INFO - Filling up the DagBag from /home/pedro/.local/lib/python3.10/site-packages/airflow/example_dags/example_skip_dag.py
[2024-06-08T20:26:51.166-0300] {processor.py:840} INFO - DAG(s) 'example_skip_dag' retrieved from /home/pedro/.local/lib/python3.10/site-packages/airflow/example_dags/example_skip_dag.py
[2024-06-08T20:26:51.180-0300] {logging_mixin.py:188} INFO - [2024-06-08T20:26:51.180-0300] {dag.py:3096} INFO - Sync 1 DAGs
[2024-06-08T20:26:51.194-0300] {logging_mixin.py:188} INFO - [2024-06-08T20:26:51.194-0300] {dag.py:3954} INFO - Setting next_dagrun for example_skip_dag to 2024-06-07 00:00:00+00:00, run_after=2024-06-08 00:00:00+00:00
[2024-06-08T20:26:51.213-0300] {processor.py:183} INFO - Processing /home/pedro/.local/lib/python3.10/site-packages/airflow/example_dags/example_skip_dag.py took 0.058 seconds
[2024-06-08T20:27:38.040-0300] {processor.py:161} INFO - Started process (PID=9290) to work on /home/pedro/.local/lib/python3.10/site-packages/airflow/example_dags/example_skip_dag.py
[2024-06-08T20:27:38.043-0300] {processor.py:830} INFO - Processing file /home/pedro/.local/lib/python3.10/site-packages/airflow/example_dags/example_skip_dag.py for tasks to queue
[2024-06-08T20:27:38.044-0300] {logging_mixin.py:188} INFO - [2024-06-08T20:27:38.043-0300] {dagbag.py:545} INFO - Filling up the DagBag from /home/pedro/.local/lib/python3.10/site-packages/airflow/example_dags/example_skip_dag.py
[2024-06-08T20:27:38.052-0300] {processor.py:840} INFO - DAG(s) 'example_skip_dag' retrieved from /home/pedro/.local/lib/python3.10/site-packages/airflow/example_dags/example_skip_dag.py
[2024-06-08T20:27:38.062-0300] {logging_mixin.py:188} INFO - [2024-06-08T20:27:38.061-0300] {dag.py:3096} INFO - Sync 1 DAGs
[2024-06-08T20:27:38.074-0300] {logging_mixin.py:188} INFO - [2024-06-08T20:27:38.074-0300] {dag.py:3954} INFO - Setting next_dagrun for example_skip_dag to 2024-06-07 00:00:00+00:00, run_after=2024-06-08 00:00:00+00:00
[2024-06-08T20:27:38.090-0300] {processor.py:183} INFO - Processing /home/pedro/.local/lib/python3.10/site-packages/airflow/example_dags/example_skip_dag.py took 0.056 seconds
[2024-06-08T20:28:23.486-0300] {processor.py:161} INFO - Started process (PID=10122) to work on /home/pedro/.local/lib/python3.10/site-packages/airflow/example_dags/example_skip_dag.py
[2024-06-08T20:28:23.489-0300] {processor.py:830} INFO - Processing file /home/pedro/.local/lib/python3.10/site-packages/airflow/example_dags/example_skip_dag.py for tasks to queue
[2024-06-08T20:28:23.490-0300] {logging_mixin.py:188} INFO - [2024-06-08T20:28:23.490-0300] {dagbag.py:545} INFO - Filling up the DagBag from /home/pedro/.local/lib/python3.10/site-packages/airflow/example_dags/example_skip_dag.py
[2024-06-08T20:28:23.498-0300] {processor.py:840} INFO - DAG(s) 'example_skip_dag' retrieved from /home/pedro/.local/lib/python3.10/site-packages/airflow/example_dags/example_skip_dag.py
[2024-06-08T20:28:23.508-0300] {logging_mixin.py:188} INFO - [2024-06-08T20:28:23.507-0300] {dag.py:3096} INFO - Sync 1 DAGs
[2024-06-08T20:28:23.520-0300] {logging_mixin.py:188} INFO - [2024-06-08T20:28:23.520-0300] {dag.py:3954} INFO - Setting next_dagrun for example_skip_dag to 2024-06-07 00:00:00+00:00, run_after=2024-06-08 00:00:00+00:00
[2024-06-08T20:28:23.539-0300] {processor.py:183} INFO - Processing /home/pedro/.local/lib/python3.10/site-packages/airflow/example_dags/example_skip_dag.py took 0.058 seconds
[2024-06-08T20:29:04.549-0300] {processor.py:161} INFO - Started process (PID=10253) to work on /home/pedro/.local/lib/python3.10/site-packages/airflow/example_dags/example_skip_dag.py
[2024-06-08T20:29:04.551-0300] {processor.py:830} INFO - Processing file /home/pedro/.local/lib/python3.10/site-packages/airflow/example_dags/example_skip_dag.py for tasks to queue
[2024-06-08T20:29:04.552-0300] {logging_mixin.py:188} INFO - [2024-06-08T20:29:04.552-0300] {dagbag.py:545} INFO - Filling up the DagBag from /home/pedro/.local/lib/python3.10/site-packages/airflow/example_dags/example_skip_dag.py
[2024-06-08T20:29:04.557-0300] {processor.py:840} INFO - DAG(s) 'example_skip_dag' retrieved from /home/pedro/.local/lib/python3.10/site-packages/airflow/example_dags/example_skip_dag.py
[2024-06-08T20:29:04.569-0300] {logging_mixin.py:188} INFO - [2024-06-08T20:29:04.569-0300] {dag.py:3096} INFO - Sync 1 DAGs
[2024-06-08T20:29:04.582-0300] {logging_mixin.py:188} INFO - [2024-06-08T20:29:04.582-0300] {dag.py:3954} INFO - Setting next_dagrun for example_skip_dag to 2024-06-07 00:00:00+00:00, run_after=2024-06-08 00:00:00+00:00
[2024-06-08T20:29:04.603-0300] {processor.py:183} INFO - Processing /home/pedro/.local/lib/python3.10/site-packages/airflow/example_dags/example_skip_dag.py took 0.058 seconds
[2024-06-08T20:29:44.680-0300] {processor.py:161} INFO - Started process (PID=11203) to work on /home/pedro/.local/lib/python3.10/site-packages/airflow/example_dags/example_skip_dag.py
[2024-06-08T20:29:44.684-0300] {processor.py:830} INFO - Processing file /home/pedro/.local/lib/python3.10/site-packages/airflow/example_dags/example_skip_dag.py for tasks to queue
[2024-06-08T20:29:44.685-0300] {logging_mixin.py:188} INFO - [2024-06-08T20:29:44.684-0300] {dagbag.py:545} INFO - Filling up the DagBag from /home/pedro/.local/lib/python3.10/site-packages/airflow/example_dags/example_skip_dag.py
[2024-06-08T20:29:44.690-0300] {processor.py:840} INFO - DAG(s) 'example_skip_dag' retrieved from /home/pedro/.local/lib/python3.10/site-packages/airflow/example_dags/example_skip_dag.py
[2024-06-08T20:29:44.703-0300] {logging_mixin.py:188} INFO - [2024-06-08T20:29:44.703-0300] {dag.py:3096} INFO - Sync 1 DAGs
[2024-06-08T20:29:44.718-0300] {logging_mixin.py:188} INFO - [2024-06-08T20:29:44.718-0300] {dag.py:3954} INFO - Setting next_dagrun for example_skip_dag to 2024-06-07 00:00:00+00:00, run_after=2024-06-08 00:00:00+00:00
[2024-06-08T20:29:44.738-0300] {processor.py:183} INFO - Processing /home/pedro/.local/lib/python3.10/site-packages/airflow/example_dags/example_skip_dag.py took 0.067 seconds
