[2024-06-08T20:26:34.090-0300] {processor.py:161} INFO - Started process (PID=8787) to work on /home/pedro/.local/lib/python3.10/site-packages/airflow/example_dags/example_branch_operator_decorator.py
[2024-06-08T20:26:34.091-0300] {processor.py:830} INFO - Processing file /home/pedro/.local/lib/python3.10/site-packages/airflow/example_dags/example_branch_operator_decorator.py for tasks to queue
[2024-06-08T20:26:34.091-0300] {logging_mixin.py:188} INFO - [2024-06-08T20:26:34.091-0300] {dagbag.py:545} INFO - Filling up the DagBag from /home/pedro/.local/lib/python3.10/site-packages/airflow/example_dags/example_branch_operator_decorator.py
[2024-06-08T20:26:34.104-0300] {processor.py:840} INFO - DAG(s) 'example_branch_python_operator_decorator' retrieved from /home/pedro/.local/lib/python3.10/site-packages/airflow/example_dags/example_branch_operator_decorator.py
[2024-06-08T20:26:34.175-0300] {logging_mixin.py:188} INFO - [2024-06-08T20:26:34.175-0300] {override.py:1829} INFO - Created Permission View: can read on DAG:example_branch_python_operator_decorator
[2024-06-08T20:26:34.184-0300] {logging_mixin.py:188} INFO - [2024-06-08T20:26:34.184-0300] {override.py:1829} INFO - Created Permission View: can edit on DAG:example_branch_python_operator_decorator
[2024-06-08T20:26:34.191-0300] {logging_mixin.py:188} INFO - [2024-06-08T20:26:34.191-0300] {override.py:1829} INFO - Created Permission View: can delete on DAG:example_branch_python_operator_decorator
[2024-06-08T20:26:34.192-0300] {logging_mixin.py:188} INFO - [2024-06-08T20:26:34.191-0300] {dag.py:3096} INFO - Sync 1 DAGs
[2024-06-08T20:26:34.198-0300] {logging_mixin.py:188} INFO - [2024-06-08T20:26:34.198-0300] {dag.py:3118} INFO - Creating ORM DAG for example_branch_python_operator_decorator
[2024-06-08T20:26:34.204-0300] {logging_mixin.py:188} INFO - [2024-06-08T20:26:34.204-0300] {dag.py:3954} INFO - Setting next_dagrun for example_branch_python_operator_decorator to 2024-06-07 00:00:00+00:00, run_after=2024-06-08 00:00:00+00:00
[2024-06-08T20:26:34.218-0300] {processor.py:183} INFO - Processing /home/pedro/.local/lib/python3.10/site-packages/airflow/example_dags/example_branch_operator_decorator.py took 0.131 seconds
[2024-06-08T20:27:27.968-0300] {processor.py:161} INFO - Started process (PID=9236) to work on /home/pedro/.local/lib/python3.10/site-packages/airflow/example_dags/example_branch_operator_decorator.py
[2024-06-08T20:27:27.972-0300] {processor.py:830} INFO - Processing file /home/pedro/.local/lib/python3.10/site-packages/airflow/example_dags/example_branch_operator_decorator.py for tasks to queue
[2024-06-08T20:27:27.973-0300] {logging_mixin.py:188} INFO - [2024-06-08T20:27:27.972-0300] {dagbag.py:545} INFO - Filling up the DagBag from /home/pedro/.local/lib/python3.10/site-packages/airflow/example_dags/example_branch_operator_decorator.py
[2024-06-08T20:27:27.990-0300] {processor.py:840} INFO - DAG(s) 'example_branch_python_operator_decorator' retrieved from /home/pedro/.local/lib/python3.10/site-packages/airflow/example_dags/example_branch_operator_decorator.py
[2024-06-08T20:27:28.005-0300] {logging_mixin.py:188} INFO - [2024-06-08T20:27:28.005-0300] {dag.py:3096} INFO - Sync 1 DAGs
[2024-06-08T20:27:28.018-0300] {logging_mixin.py:188} INFO - [2024-06-08T20:27:28.017-0300] {dag.py:3954} INFO - Setting next_dagrun for example_branch_python_operator_decorator to 2024-06-07 00:00:00+00:00, run_after=2024-06-08 00:00:00+00:00
[2024-06-08T20:27:28.034-0300] {processor.py:183} INFO - Processing /home/pedro/.local/lib/python3.10/site-packages/airflow/example_dags/example_branch_operator_decorator.py took 0.076 seconds
[2024-06-08T20:28:34.126-0300] {processor.py:161} INFO - Started process (PID=10142) to work on /home/pedro/.local/lib/python3.10/site-packages/airflow/example_dags/example_branch_operator_decorator.py
[2024-06-08T20:28:34.129-0300] {processor.py:830} INFO - Processing file /home/pedro/.local/lib/python3.10/site-packages/airflow/example_dags/example_branch_operator_decorator.py for tasks to queue
[2024-06-08T20:28:34.130-0300] {logging_mixin.py:188} INFO - [2024-06-08T20:28:34.130-0300] {dagbag.py:545} INFO - Filling up the DagBag from /home/pedro/.local/lib/python3.10/site-packages/airflow/example_dags/example_branch_operator_decorator.py
[2024-06-08T20:28:34.145-0300] {processor.py:840} INFO - DAG(s) 'example_branch_python_operator_decorator' retrieved from /home/pedro/.local/lib/python3.10/site-packages/airflow/example_dags/example_branch_operator_decorator.py
[2024-06-08T20:28:34.157-0300] {logging_mixin.py:188} INFO - [2024-06-08T20:28:34.157-0300] {dag.py:3096} INFO - Sync 1 DAGs
[2024-06-08T20:28:34.167-0300] {logging_mixin.py:188} INFO - [2024-06-08T20:28:34.167-0300] {dag.py:3954} INFO - Setting next_dagrun for example_branch_python_operator_decorator to 2024-06-07 00:00:00+00:00, run_after=2024-06-08 00:00:00+00:00
[2024-06-08T20:28:34.183-0300] {processor.py:183} INFO - Processing /home/pedro/.local/lib/python3.10/site-packages/airflow/example_dags/example_branch_operator_decorator.py took 0.067 seconds
[2024-06-08T20:29:34.968-0300] {processor.py:161} INFO - Started process (PID=11154) to work on /home/pedro/.local/lib/python3.10/site-packages/airflow/example_dags/example_branch_operator_decorator.py
[2024-06-08T20:29:34.972-0300] {processor.py:830} INFO - Processing file /home/pedro/.local/lib/python3.10/site-packages/airflow/example_dags/example_branch_operator_decorator.py for tasks to queue
[2024-06-08T20:29:34.973-0300] {logging_mixin.py:188} INFO - [2024-06-08T20:29:34.972-0300] {dagbag.py:545} INFO - Filling up the DagBag from /home/pedro/.local/lib/python3.10/site-packages/airflow/example_dags/example_branch_operator_decorator.py
[2024-06-08T20:29:34.989-0300] {processor.py:840} INFO - DAG(s) 'example_branch_python_operator_decorator' retrieved from /home/pedro/.local/lib/python3.10/site-packages/airflow/example_dags/example_branch_operator_decorator.py
[2024-06-08T20:29:35.002-0300] {logging_mixin.py:188} INFO - [2024-06-08T20:29:35.001-0300] {dag.py:3096} INFO - Sync 1 DAGs
[2024-06-08T20:29:35.011-0300] {logging_mixin.py:188} INFO - [2024-06-08T20:29:35.011-0300] {dag.py:3954} INFO - Setting next_dagrun for example_branch_python_operator_decorator to 2024-06-07 00:00:00+00:00, run_after=2024-06-08 00:00:00+00:00
[2024-06-08T20:29:35.027-0300] {processor.py:183} INFO - Processing /home/pedro/.local/lib/python3.10/site-packages/airflow/example_dags/example_branch_operator_decorator.py took 0.064 seconds
