[2024-06-08T20:25:15.881-0300] {processor.py:161} INFO - Started process (PID=8600) to work on /home/pedro/.local/lib/python3.10/site-packages/airflow/example_dags/example_short_circuit_operator.py
[2024-06-08T20:25:15.882-0300] {processor.py:830} INFO - Processing file /home/pedro/.local/lib/python3.10/site-packages/airflow/example_dags/example_short_circuit_operator.py for tasks to queue
[2024-06-08T20:25:15.882-0300] {logging_mixin.py:188} INFO - [2024-06-08T20:25:15.882-0300] {dagbag.py:545} INFO - Filling up the DagBag from /home/pedro/.local/lib/python3.10/site-packages/airflow/example_dags/example_short_circuit_operator.py
[2024-06-08T20:25:15.887-0300] {processor.py:840} INFO - DAG(s) 'example_short_circuit_operator' retrieved from /home/pedro/.local/lib/python3.10/site-packages/airflow/example_dags/example_short_circuit_operator.py
[2024-06-08T20:25:15.950-0300] {logging_mixin.py:188} INFO - [2024-06-08T20:25:15.950-0300] {override.py:1829} INFO - Created Permission View: can delete on DAG:example_short_circuit_operator
[2024-06-08T20:25:16.091-0300] {logging_mixin.py:188} INFO - [2024-06-08T20:25:16.090-0300] {override.py:1829} INFO - Created Permission View: can read on DAG:example_short_circuit_operator
[2024-06-08T20:25:16.103-0300] {logging_mixin.py:188} INFO - [2024-06-08T20:25:16.102-0300] {override.py:1829} INFO - Created Permission View: can edit on DAG:example_short_circuit_operator
[2024-06-08T20:25:16.103-0300] {logging_mixin.py:188} INFO - [2024-06-08T20:25:16.103-0300] {dag.py:3096} INFO - Sync 1 DAGs
[2024-06-08T20:25:16.167-0300] {logging_mixin.py:188} INFO - [2024-06-08T20:25:16.167-0300] {dag.py:3118} INFO - Creating ORM DAG for example_short_circuit_operator
[2024-06-08T20:25:16.173-0300] {logging_mixin.py:188} INFO - [2024-06-08T20:25:16.173-0300] {dag.py:3954} INFO - Setting next_dagrun for example_short_circuit_operator to 2024-06-07 00:00:00+00:00, run_after=2024-06-08 00:00:00+00:00
[2024-06-08T20:25:16.196-0300] {processor.py:183} INFO - Processing /home/pedro/.local/lib/python3.10/site-packages/airflow/example_dags/example_short_circuit_operator.py took 0.320 seconds
[2024-06-08T20:26:11.175-0300] {processor.py:161} INFO - Started process (PID=8703) to work on /home/pedro/.local/lib/python3.10/site-packages/airflow/example_dags/example_short_circuit_operator.py
[2024-06-08T20:26:11.178-0300] {processor.py:830} INFO - Processing file /home/pedro/.local/lib/python3.10/site-packages/airflow/example_dags/example_short_circuit_operator.py for tasks to queue
[2024-06-08T20:26:11.178-0300] {logging_mixin.py:188} INFO - [2024-06-08T20:26:11.178-0300] {dagbag.py:545} INFO - Filling up the DagBag from /home/pedro/.local/lib/python3.10/site-packages/airflow/example_dags/example_short_circuit_operator.py
[2024-06-08T20:26:11.187-0300] {processor.py:840} INFO - DAG(s) 'example_short_circuit_operator' retrieved from /home/pedro/.local/lib/python3.10/site-packages/airflow/example_dags/example_short_circuit_operator.py
[2024-06-08T20:26:11.200-0300] {logging_mixin.py:188} INFO - [2024-06-08T20:26:11.200-0300] {dag.py:3096} INFO - Sync 1 DAGs
[2024-06-08T20:26:11.211-0300] {logging_mixin.py:188} INFO - [2024-06-08T20:26:11.211-0300] {dag.py:3954} INFO - Setting next_dagrun for example_short_circuit_operator to 2024-06-07 00:00:00+00:00, run_after=2024-06-08 00:00:00+00:00
[2024-06-08T20:26:11.241-0300] {processor.py:183} INFO - Processing /home/pedro/.local/lib/python3.10/site-packages/airflow/example_dags/example_short_circuit_operator.py took 0.069 seconds
[2024-06-08T20:27:03.876-0300] {processor.py:161} INFO - Started process (PID=8871) to work on /home/pedro/.local/lib/python3.10/site-packages/airflow/example_dags/example_short_circuit_operator.py
[2024-06-08T20:27:03.879-0300] {processor.py:830} INFO - Processing file /home/pedro/.local/lib/python3.10/site-packages/airflow/example_dags/example_short_circuit_operator.py for tasks to queue
[2024-06-08T20:27:03.880-0300] {logging_mixin.py:188} INFO - [2024-06-08T20:27:03.880-0300] {dagbag.py:545} INFO - Filling up the DagBag from /home/pedro/.local/lib/python3.10/site-packages/airflow/example_dags/example_short_circuit_operator.py
[2024-06-08T20:27:03.887-0300] {processor.py:840} INFO - DAG(s) 'example_short_circuit_operator' retrieved from /home/pedro/.local/lib/python3.10/site-packages/airflow/example_dags/example_short_circuit_operator.py
[2024-06-08T20:27:03.899-0300] {logging_mixin.py:188} INFO - [2024-06-08T20:27:03.899-0300] {dag.py:3096} INFO - Sync 1 DAGs
[2024-06-08T20:27:03.912-0300] {logging_mixin.py:188} INFO - [2024-06-08T20:27:03.912-0300] {dag.py:3954} INFO - Setting next_dagrun for example_short_circuit_operator to 2024-06-07 00:00:00+00:00, run_after=2024-06-08 00:00:00+00:00
[2024-06-08T20:27:03.930-0300] {processor.py:183} INFO - Processing /home/pedro/.local/lib/python3.10/site-packages/airflow/example_dags/example_short_circuit_operator.py took 0.062 seconds
[2024-06-08T20:27:56.607-0300] {processor.py:161} INFO - Started process (PID=9813) to work on /home/pedro/.local/lib/python3.10/site-packages/airflow/example_dags/example_short_circuit_operator.py
[2024-06-08T20:27:56.610-0300] {processor.py:830} INFO - Processing file /home/pedro/.local/lib/python3.10/site-packages/airflow/example_dags/example_short_circuit_operator.py for tasks to queue
[2024-06-08T20:27:56.611-0300] {logging_mixin.py:188} INFO - [2024-06-08T20:27:56.611-0300] {dagbag.py:545} INFO - Filling up the DagBag from /home/pedro/.local/lib/python3.10/site-packages/airflow/example_dags/example_short_circuit_operator.py
[2024-06-08T20:27:56.620-0300] {processor.py:840} INFO - DAG(s) 'example_short_circuit_operator' retrieved from /home/pedro/.local/lib/python3.10/site-packages/airflow/example_dags/example_short_circuit_operator.py
[2024-06-08T20:27:56.630-0300] {logging_mixin.py:188} INFO - [2024-06-08T20:27:56.630-0300] {dag.py:3096} INFO - Sync 1 DAGs
[2024-06-08T20:27:56.640-0300] {logging_mixin.py:188} INFO - [2024-06-08T20:27:56.640-0300] {dag.py:3954} INFO - Setting next_dagrun for example_short_circuit_operator to 2024-06-07 00:00:00+00:00, run_after=2024-06-08 00:00:00+00:00
[2024-06-08T20:27:56.656-0300] {processor.py:183} INFO - Processing /home/pedro/.local/lib/python3.10/site-packages/airflow/example_dags/example_short_circuit_operator.py took 0.054 seconds
[2024-06-08T20:28:41.724-0300] {processor.py:161} INFO - Started process (PID=10157) to work on /home/pedro/.local/lib/python3.10/site-packages/airflow/example_dags/example_short_circuit_operator.py
[2024-06-08T20:28:41.728-0300] {processor.py:830} INFO - Processing file /home/pedro/.local/lib/python3.10/site-packages/airflow/example_dags/example_short_circuit_operator.py for tasks to queue
[2024-06-08T20:28:41.729-0300] {logging_mixin.py:188} INFO - [2024-06-08T20:28:41.728-0300] {dagbag.py:545} INFO - Filling up the DagBag from /home/pedro/.local/lib/python3.10/site-packages/airflow/example_dags/example_short_circuit_operator.py
[2024-06-08T20:28:41.736-0300] {processor.py:840} INFO - DAG(s) 'example_short_circuit_operator' retrieved from /home/pedro/.local/lib/python3.10/site-packages/airflow/example_dags/example_short_circuit_operator.py
[2024-06-08T20:28:41.746-0300] {logging_mixin.py:188} INFO - [2024-06-08T20:28:41.746-0300] {dag.py:3096} INFO - Sync 1 DAGs
[2024-06-08T20:28:41.755-0300] {logging_mixin.py:188} INFO - [2024-06-08T20:28:41.755-0300] {dag.py:3954} INFO - Setting next_dagrun for example_short_circuit_operator to 2024-06-07 00:00:00+00:00, run_after=2024-06-08 00:00:00+00:00
[2024-06-08T20:28:41.771-0300] {processor.py:183} INFO - Processing /home/pedro/.local/lib/python3.10/site-packages/airflow/example_dags/example_short_circuit_operator.py took 0.056 seconds
[2024-06-08T20:29:25.968-0300] {processor.py:161} INFO - Started process (PID=11137) to work on /home/pedro/.local/lib/python3.10/site-packages/airflow/example_dags/example_short_circuit_operator.py
[2024-06-08T20:29:25.972-0300] {processor.py:830} INFO - Processing file /home/pedro/.local/lib/python3.10/site-packages/airflow/example_dags/example_short_circuit_operator.py for tasks to queue
[2024-06-08T20:29:25.972-0300] {logging_mixin.py:188} INFO - [2024-06-08T20:29:25.972-0300] {dagbag.py:545} INFO - Filling up the DagBag from /home/pedro/.local/lib/python3.10/site-packages/airflow/example_dags/example_short_circuit_operator.py
[2024-06-08T20:29:25.981-0300] {processor.py:840} INFO - DAG(s) 'example_short_circuit_operator' retrieved from /home/pedro/.local/lib/python3.10/site-packages/airflow/example_dags/example_short_circuit_operator.py
[2024-06-08T20:29:25.991-0300] {logging_mixin.py:188} INFO - [2024-06-08T20:29:25.991-0300] {dag.py:3096} INFO - Sync 1 DAGs
[2024-06-08T20:29:26.001-0300] {logging_mixin.py:188} INFO - [2024-06-08T20:29:26.001-0300] {dag.py:3954} INFO - Setting next_dagrun for example_short_circuit_operator to 2024-06-07 00:00:00+00:00, run_after=2024-06-08 00:00:00+00:00
[2024-06-08T20:29:26.017-0300] {processor.py:183} INFO - Processing /home/pedro/.local/lib/python3.10/site-packages/airflow/example_dags/example_short_circuit_operator.py took 0.054 seconds
[2024-06-08T20:30:05.404-0300] {processor.py:161} INFO - Started process (PID=11501) to work on /home/pedro/.local/lib/python3.10/site-packages/airflow/example_dags/example_short_circuit_operator.py
[2024-06-08T20:30:05.407-0300] {processor.py:830} INFO - Processing file /home/pedro/.local/lib/python3.10/site-packages/airflow/example_dags/example_short_circuit_operator.py for tasks to queue
[2024-06-08T20:30:05.408-0300] {logging_mixin.py:188} INFO - [2024-06-08T20:30:05.408-0300] {dagbag.py:545} INFO - Filling up the DagBag from /home/pedro/.local/lib/python3.10/site-packages/airflow/example_dags/example_short_circuit_operator.py
[2024-06-08T20:30:05.417-0300] {processor.py:840} INFO - DAG(s) 'example_short_circuit_operator' retrieved from /home/pedro/.local/lib/python3.10/site-packages/airflow/example_dags/example_short_circuit_operator.py
[2024-06-08T20:30:05.427-0300] {logging_mixin.py:188} INFO - [2024-06-08T20:30:05.427-0300] {dag.py:3096} INFO - Sync 1 DAGs
[2024-06-08T20:30:05.437-0300] {logging_mixin.py:188} INFO - [2024-06-08T20:30:05.437-0300] {dag.py:3954} INFO - Setting next_dagrun for example_short_circuit_operator to 2024-06-07 00:00:00+00:00, run_after=2024-06-08 00:00:00+00:00
[2024-06-08T20:30:05.453-0300] {processor.py:183} INFO - Processing /home/pedro/.local/lib/python3.10/site-packages/airflow/example_dags/example_short_circuit_operator.py took 0.052 seconds
