[2024-06-08T20:26:39.149-0300] {processor.py:161} INFO - Started process (PID=8791) to work on /home/pedro/.local/lib/python3.10/site-packages/airflow/example_dags/example_latest_only.py
[2024-06-08T20:26:39.149-0300] {processor.py:830} INFO - Processing file /home/pedro/.local/lib/python3.10/site-packages/airflow/example_dags/example_latest_only.py for tasks to queue
[2024-06-08T20:26:39.150-0300] {logging_mixin.py:188} INFO - [2024-06-08T20:26:39.149-0300] {dagbag.py:545} INFO - Filling up the DagBag from /home/pedro/.local/lib/python3.10/site-packages/airflow/example_dags/example_latest_only.py
[2024-06-08T20:26:39.152-0300] {processor.py:840} INFO - DAG(s) 'latest_only' retrieved from /home/pedro/.local/lib/python3.10/site-packages/airflow/example_dags/example_latest_only.py
[2024-06-08T20:26:39.213-0300] {logging_mixin.py:188} INFO - [2024-06-08T20:26:39.212-0300] {override.py:1829} INFO - Created Permission View: can read on DAG:latest_only
[2024-06-08T20:26:39.221-0300] {logging_mixin.py:188} INFO - [2024-06-08T20:26:39.221-0300] {override.py:1829} INFO - Created Permission View: can edit on DAG:latest_only
[2024-06-08T20:26:39.227-0300] {logging_mixin.py:188} INFO - [2024-06-08T20:26:39.227-0300] {override.py:1829} INFO - Created Permission View: can delete on DAG:latest_only
[2024-06-08T20:26:39.228-0300] {logging_mixin.py:188} INFO - [2024-06-08T20:26:39.228-0300] {dag.py:3096} INFO - Sync 1 DAGs
[2024-06-08T20:26:39.233-0300] {logging_mixin.py:188} INFO - [2024-06-08T20:26:39.233-0300] {dag.py:3118} INFO - Creating ORM DAG for latest_only
[2024-06-08T20:26:39.237-0300] {logging_mixin.py:188} INFO - [2024-06-08T20:26:39.237-0300] {dag.py:3954} INFO - Setting next_dagrun for latest_only to 2024-06-08 16:00:00+00:00, run_after=2024-06-08 20:00:00+00:00
[2024-06-08T20:26:39.251-0300] {processor.py:183} INFO - Processing /home/pedro/.local/lib/python3.10/site-packages/airflow/example_dags/example_latest_only.py took 0.108 seconds
[2024-06-08T20:27:31.974-0300] {processor.py:161} INFO - Started process (PID=9261) to work on /home/pedro/.local/lib/python3.10/site-packages/airflow/example_dags/example_latest_only.py
[2024-06-08T20:27:31.976-0300] {processor.py:830} INFO - Processing file /home/pedro/.local/lib/python3.10/site-packages/airflow/example_dags/example_latest_only.py for tasks to queue
[2024-06-08T20:27:31.977-0300] {logging_mixin.py:188} INFO - [2024-06-08T20:27:31.976-0300] {dagbag.py:545} INFO - Filling up the DagBag from /home/pedro/.local/lib/python3.10/site-packages/airflow/example_dags/example_latest_only.py
[2024-06-08T20:27:31.981-0300] {processor.py:840} INFO - DAG(s) 'latest_only' retrieved from /home/pedro/.local/lib/python3.10/site-packages/airflow/example_dags/example_latest_only.py
[2024-06-08T20:27:31.990-0300] {logging_mixin.py:188} INFO - [2024-06-08T20:27:31.990-0300] {dag.py:3096} INFO - Sync 1 DAGs
[2024-06-08T20:27:32.000-0300] {logging_mixin.py:188} INFO - [2024-06-08T20:27:32.000-0300] {dag.py:3954} INFO - Setting next_dagrun for latest_only to 2024-06-08 16:00:00+00:00, run_after=2024-06-08 20:00:00+00:00
[2024-06-08T20:27:32.013-0300] {processor.py:183} INFO - Processing /home/pedro/.local/lib/python3.10/site-packages/airflow/example_dags/example_latest_only.py took 0.048 seconds
[2024-06-08T20:28:37.487-0300] {processor.py:161} INFO - Started process (PID=10146) to work on /home/pedro/.local/lib/python3.10/site-packages/airflow/example_dags/example_latest_only.py
[2024-06-08T20:28:37.490-0300] {processor.py:830} INFO - Processing file /home/pedro/.local/lib/python3.10/site-packages/airflow/example_dags/example_latest_only.py for tasks to queue
[2024-06-08T20:28:37.491-0300] {logging_mixin.py:188} INFO - [2024-06-08T20:28:37.491-0300] {dagbag.py:545} INFO - Filling up the DagBag from /home/pedro/.local/lib/python3.10/site-packages/airflow/example_dags/example_latest_only.py
[2024-06-08T20:28:37.498-0300] {processor.py:840} INFO - DAG(s) 'latest_only' retrieved from /home/pedro/.local/lib/python3.10/site-packages/airflow/example_dags/example_latest_only.py
[2024-06-08T20:28:37.508-0300] {logging_mixin.py:188} INFO - [2024-06-08T20:28:37.508-0300] {dag.py:3096} INFO - Sync 1 DAGs
[2024-06-08T20:28:37.519-0300] {logging_mixin.py:188} INFO - [2024-06-08T20:28:37.519-0300] {dag.py:3954} INFO - Setting next_dagrun for latest_only to 2024-06-08 16:00:00+00:00, run_after=2024-06-08 20:00:00+00:00
[2024-06-08T20:28:37.537-0300] {processor.py:183} INFO - Processing /home/pedro/.local/lib/python3.10/site-packages/airflow/example_dags/example_latest_only.py took 0.056 seconds
[2024-06-08T20:29:38.384-0300] {processor.py:161} INFO - Started process (PID=11167) to work on /home/pedro/.local/lib/python3.10/site-packages/airflow/example_dags/example_latest_only.py
[2024-06-08T20:29:38.388-0300] {processor.py:830} INFO - Processing file /home/pedro/.local/lib/python3.10/site-packages/airflow/example_dags/example_latest_only.py for tasks to queue
[2024-06-08T20:29:38.388-0300] {logging_mixin.py:188} INFO - [2024-06-08T20:29:38.388-0300] {dagbag.py:545} INFO - Filling up the DagBag from /home/pedro/.local/lib/python3.10/site-packages/airflow/example_dags/example_latest_only.py
[2024-06-08T20:29:38.392-0300] {processor.py:840} INFO - DAG(s) 'latest_only' retrieved from /home/pedro/.local/lib/python3.10/site-packages/airflow/example_dags/example_latest_only.py
[2024-06-08T20:29:38.400-0300] {logging_mixin.py:188} INFO - [2024-06-08T20:29:38.400-0300] {dag.py:3096} INFO - Sync 1 DAGs
[2024-06-08T20:29:38.412-0300] {logging_mixin.py:188} INFO - [2024-06-08T20:29:38.412-0300] {dag.py:3954} INFO - Setting next_dagrun for latest_only to 2024-06-08 16:00:00+00:00, run_after=2024-06-08 20:00:00+00:00
[2024-06-08T20:29:38.428-0300] {processor.py:183} INFO - Processing /home/pedro/.local/lib/python3.10/site-packages/airflow/example_dags/example_latest_only.py took 0.050 seconds
