[2024-06-08T20:25:25.746-0300] {processor.py:161} INFO - Started process (PID=8617) to work on /home/pedro/.local/lib/python3.10/site-packages/airflow/example_dags/example_trigger_target_dag.py
[2024-06-08T20:25:25.747-0300] {processor.py:830} INFO - Processing file /home/pedro/.local/lib/python3.10/site-packages/airflow/example_dags/example_trigger_target_dag.py for tasks to queue
[2024-06-08T20:25:25.748-0300] {logging_mixin.py:188} INFO - [2024-06-08T20:25:25.748-0300] {dagbag.py:545} INFO - Filling up the DagBag from /home/pedro/.local/lib/python3.10/site-packages/airflow/example_dags/example_trigger_target_dag.py
[2024-06-08T20:25:25.752-0300] {processor.py:840} INFO - DAG(s) 'example_trigger_target_dag' retrieved from /home/pedro/.local/lib/python3.10/site-packages/airflow/example_dags/example_trigger_target_dag.py
[2024-06-08T20:25:25.889-0300] {logging_mixin.py:188} INFO - [2024-06-08T20:25:25.888-0300] {override.py:1829} INFO - Created Permission View: can delete on DAG:example_trigger_target_dag
[2024-06-08T20:25:25.905-0300] {logging_mixin.py:188} INFO - [2024-06-08T20:25:25.905-0300] {override.py:1829} INFO - Created Permission View: can read on DAG:example_trigger_target_dag
[2024-06-08T20:25:25.915-0300] {logging_mixin.py:188} INFO - [2024-06-08T20:25:25.915-0300] {override.py:1829} INFO - Created Permission View: can edit on DAG:example_trigger_target_dag
[2024-06-08T20:25:25.916-0300] {logging_mixin.py:188} INFO - [2024-06-08T20:25:25.915-0300] {dag.py:3096} INFO - Sync 1 DAGs
[2024-06-08T20:25:25.922-0300] {logging_mixin.py:188} INFO - [2024-06-08T20:25:25.922-0300] {dag.py:3118} INFO - Creating ORM DAG for example_trigger_target_dag
[2024-06-08T20:25:25.923-0300] {logging_mixin.py:188} INFO - [2024-06-08T20:25:25.923-0300] {dag.py:3954} INFO - Setting next_dagrun for example_trigger_target_dag to None, run_after=None
[2024-06-08T20:25:25.944-0300] {processor.py:183} INFO - Processing /home/pedro/.local/lib/python3.10/site-packages/airflow/example_dags/example_trigger_target_dag.py took 0.201 seconds
[2024-06-08T20:26:18.227-0300] {processor.py:161} INFO - Started process (PID=8748) to work on /home/pedro/.local/lib/python3.10/site-packages/airflow/example_dags/example_trigger_target_dag.py
[2024-06-08T20:26:18.230-0300] {processor.py:830} INFO - Processing file /home/pedro/.local/lib/python3.10/site-packages/airflow/example_dags/example_trigger_target_dag.py for tasks to queue
[2024-06-08T20:26:18.231-0300] {logging_mixin.py:188} INFO - [2024-06-08T20:26:18.231-0300] {dagbag.py:545} INFO - Filling up the DagBag from /home/pedro/.local/lib/python3.10/site-packages/airflow/example_dags/example_trigger_target_dag.py
[2024-06-08T20:26:18.237-0300] {processor.py:840} INFO - DAG(s) 'example_trigger_target_dag' retrieved from /home/pedro/.local/lib/python3.10/site-packages/airflow/example_dags/example_trigger_target_dag.py
[2024-06-08T20:26:18.247-0300] {logging_mixin.py:188} INFO - [2024-06-08T20:26:18.247-0300] {dag.py:3096} INFO - Sync 1 DAGs
[2024-06-08T20:26:18.310-0300] {logging_mixin.py:188} INFO - [2024-06-08T20:26:18.310-0300] {dag.py:3954} INFO - Setting next_dagrun for example_trigger_target_dag to None, run_after=None
[2024-06-08T20:26:18.331-0300] {processor.py:183} INFO - Processing /home/pedro/.local/lib/python3.10/site-packages/airflow/example_dags/example_trigger_target_dag.py took 0.111 seconds
[2024-06-08T20:27:12.473-0300] {processor.py:161} INFO - Started process (PID=9027) to work on /home/pedro/.local/lib/python3.10/site-packages/airflow/example_dags/example_trigger_target_dag.py
[2024-06-08T20:27:12.476-0300] {processor.py:830} INFO - Processing file /home/pedro/.local/lib/python3.10/site-packages/airflow/example_dags/example_trigger_target_dag.py for tasks to queue
[2024-06-08T20:27:12.478-0300] {logging_mixin.py:188} INFO - [2024-06-08T20:27:12.478-0300] {dagbag.py:545} INFO - Filling up the DagBag from /home/pedro/.local/lib/python3.10/site-packages/airflow/example_dags/example_trigger_target_dag.py
[2024-06-08T20:27:12.484-0300] {processor.py:840} INFO - DAG(s) 'example_trigger_target_dag' retrieved from /home/pedro/.local/lib/python3.10/site-packages/airflow/example_dags/example_trigger_target_dag.py
[2024-06-08T20:27:12.496-0300] {logging_mixin.py:188} INFO - [2024-06-08T20:27:12.496-0300] {dag.py:3096} INFO - Sync 1 DAGs
[2024-06-08T20:27:12.503-0300] {logging_mixin.py:188} INFO - [2024-06-08T20:27:12.503-0300] {dag.py:3954} INFO - Setting next_dagrun for example_trigger_target_dag to None, run_after=None
[2024-06-08T20:27:12.520-0300] {processor.py:183} INFO - Processing /home/pedro/.local/lib/python3.10/site-packages/airflow/example_dags/example_trigger_target_dag.py took 0.054 seconds
[2024-06-08T20:28:04.827-0300] {processor.py:161} INFO - Started process (PID=10046) to work on /home/pedro/.local/lib/python3.10/site-packages/airflow/example_dags/example_trigger_target_dag.py
[2024-06-08T20:28:04.831-0300] {processor.py:830} INFO - Processing file /home/pedro/.local/lib/python3.10/site-packages/airflow/example_dags/example_trigger_target_dag.py for tasks to queue
[2024-06-08T20:28:04.832-0300] {logging_mixin.py:188} INFO - [2024-06-08T20:28:04.831-0300] {dagbag.py:545} INFO - Filling up the DagBag from /home/pedro/.local/lib/python3.10/site-packages/airflow/example_dags/example_trigger_target_dag.py
[2024-06-08T20:28:04.839-0300] {processor.py:840} INFO - DAG(s) 'example_trigger_target_dag' retrieved from /home/pedro/.local/lib/python3.10/site-packages/airflow/example_dags/example_trigger_target_dag.py
[2024-06-08T20:28:04.848-0300] {logging_mixin.py:188} INFO - [2024-06-08T20:28:04.848-0300] {dag.py:3096} INFO - Sync 1 DAGs
[2024-06-08T20:28:04.853-0300] {logging_mixin.py:188} INFO - [2024-06-08T20:28:04.853-0300] {dag.py:3954} INFO - Setting next_dagrun for example_trigger_target_dag to None, run_after=None
[2024-06-08T20:28:04.869-0300] {processor.py:183} INFO - Processing /home/pedro/.local/lib/python3.10/site-packages/airflow/example_dags/example_trigger_target_dag.py took 0.047 seconds
[2024-06-08T20:28:49.157-0300] {processor.py:161} INFO - Started process (PID=10169) to work on /home/pedro/.local/lib/python3.10/site-packages/airflow/example_dags/example_trigger_target_dag.py
[2024-06-08T20:28:49.161-0300] {processor.py:830} INFO - Processing file /home/pedro/.local/lib/python3.10/site-packages/airflow/example_dags/example_trigger_target_dag.py for tasks to queue
[2024-06-08T20:28:49.162-0300] {logging_mixin.py:188} INFO - [2024-06-08T20:28:49.161-0300] {dagbag.py:545} INFO - Filling up the DagBag from /home/pedro/.local/lib/python3.10/site-packages/airflow/example_dags/example_trigger_target_dag.py
[2024-06-08T20:28:49.169-0300] {processor.py:840} INFO - DAG(s) 'example_trigger_target_dag' retrieved from /home/pedro/.local/lib/python3.10/site-packages/airflow/example_dags/example_trigger_target_dag.py
[2024-06-08T20:28:49.178-0300] {logging_mixin.py:188} INFO - [2024-06-08T20:28:49.178-0300] {dag.py:3096} INFO - Sync 1 DAGs
[2024-06-08T20:28:49.184-0300] {logging_mixin.py:188} INFO - [2024-06-08T20:28:49.184-0300] {dag.py:3954} INFO - Setting next_dagrun for example_trigger_target_dag to None, run_after=None
[2024-06-08T20:28:49.200-0300] {processor.py:183} INFO - Processing /home/pedro/.local/lib/python3.10/site-packages/airflow/example_dags/example_trigger_target_dag.py took 0.048 seconds
[2024-06-08T20:29:50.838-0300] {processor.py:161} INFO - Started process (PID=11216) to work on /home/pedro/.local/lib/python3.10/site-packages/airflow/example_dags/example_trigger_target_dag.py
[2024-06-08T20:29:50.842-0300] {processor.py:830} INFO - Processing file /home/pedro/.local/lib/python3.10/site-packages/airflow/example_dags/example_trigger_target_dag.py for tasks to queue
[2024-06-08T20:29:50.843-0300] {logging_mixin.py:188} INFO - [2024-06-08T20:29:50.842-0300] {dagbag.py:545} INFO - Filling up the DagBag from /home/pedro/.local/lib/python3.10/site-packages/airflow/example_dags/example_trigger_target_dag.py
[2024-06-08T20:29:50.850-0300] {processor.py:840} INFO - DAG(s) 'example_trigger_target_dag' retrieved from /home/pedro/.local/lib/python3.10/site-packages/airflow/example_dags/example_trigger_target_dag.py
[2024-06-08T20:29:50.859-0300] {logging_mixin.py:188} INFO - [2024-06-08T20:29:50.859-0300] {dag.py:3096} INFO - Sync 1 DAGs
[2024-06-08T20:29:50.864-0300] {logging_mixin.py:188} INFO - [2024-06-08T20:29:50.864-0300] {dag.py:3954} INFO - Setting next_dagrun for example_trigger_target_dag to None, run_after=None
[2024-06-08T20:29:50.880-0300] {processor.py:183} INFO - Processing /home/pedro/.local/lib/python3.10/site-packages/airflow/example_dags/example_trigger_target_dag.py took 0.044 seconds
