[2024-06-08T20:25:06.526-0300] {processor.py:161} INFO - Started process (PID=8496) to work on /home/pedro/.local/lib/python3.10/site-packages/airflow/example_dags/tutorial.py
[2024-06-08T20:25:06.527-0300] {processor.py:830} INFO - Processing file /home/pedro/.local/lib/python3.10/site-packages/airflow/example_dags/tutorial.py for tasks to queue
[2024-06-08T20:25:06.528-0300] {logging_mixin.py:188} INFO - [2024-06-08T20:25:06.527-0300] {dagbag.py:545} INFO - Filling up the DagBag from /home/pedro/.local/lib/python3.10/site-packages/airflow/example_dags/tutorial.py
[2024-06-08T20:25:06.532-0300] {processor.py:840} INFO - DAG(s) 'tutorial' retrieved from /home/pedro/.local/lib/python3.10/site-packages/airflow/example_dags/tutorial.py
[2024-06-08T20:25:06.609-0300] {logging_mixin.py:188} INFO - [2024-06-08T20:25:06.608-0300] {override.py:1829} INFO - Created Permission View: can delete on DAG:tutorial
[2024-06-08T20:25:06.620-0300] {logging_mixin.py:188} INFO - [2024-06-08T20:25:06.620-0300] {override.py:1829} INFO - Created Permission View: can read on DAG:tutorial
[2024-06-08T20:25:06.631-0300] {logging_mixin.py:188} INFO - [2024-06-08T20:25:06.631-0300] {override.py:1829} INFO - Created Permission View: can edit on DAG:tutorial
[2024-06-08T20:25:06.631-0300] {logging_mixin.py:188} INFO - [2024-06-08T20:25:06.631-0300] {dag.py:3096} INFO - Sync 1 DAGs
[2024-06-08T20:25:06.640-0300] {logging_mixin.py:188} INFO - [2024-06-08T20:25:06.640-0300] {dag.py:3118} INFO - Creating ORM DAG for tutorial
[2024-06-08T20:25:06.697-0300] {logging_mixin.py:188} INFO - [2024-06-08T20:25:06.697-0300] {dag.py:3954} INFO - Setting next_dagrun for tutorial to 2024-06-07 00:00:00+00:00, run_after=2024-06-08 00:00:00+00:00
[2024-06-08T20:25:06.716-0300] {processor.py:183} INFO - Processing /home/pedro/.local/lib/python3.10/site-packages/airflow/example_dags/tutorial.py took 0.193 seconds
[2024-06-08T20:26:02.503-0300] {processor.py:161} INFO - Started process (PID=8688) to work on /home/pedro/.local/lib/python3.10/site-packages/airflow/example_dags/tutorial.py
[2024-06-08T20:26:02.507-0300] {processor.py:830} INFO - Processing file /home/pedro/.local/lib/python3.10/site-packages/airflow/example_dags/tutorial.py for tasks to queue
[2024-06-08T20:26:02.508-0300] {logging_mixin.py:188} INFO - [2024-06-08T20:26:02.507-0300] {dagbag.py:545} INFO - Filling up the DagBag from /home/pedro/.local/lib/python3.10/site-packages/airflow/example_dags/tutorial.py
[2024-06-08T20:26:02.515-0300] {processor.py:840} INFO - DAG(s) 'tutorial' retrieved from /home/pedro/.local/lib/python3.10/site-packages/airflow/example_dags/tutorial.py
[2024-06-08T20:26:02.528-0300] {logging_mixin.py:188} INFO - [2024-06-08T20:26:02.528-0300] {dag.py:3096} INFO - Sync 1 DAGs
[2024-06-08T20:26:02.537-0300] {logging_mixin.py:188} INFO - [2024-06-08T20:26:02.537-0300] {dag.py:3954} INFO - Setting next_dagrun for tutorial to 2024-06-07 00:00:00+00:00, run_after=2024-06-08 00:00:00+00:00
[2024-06-08T20:26:02.578-0300] {processor.py:183} INFO - Processing /home/pedro/.local/lib/python3.10/site-packages/airflow/example_dags/tutorial.py took 0.083 seconds
[2024-06-08T20:26:54.740-0300] {processor.py:161} INFO - Started process (PID=8840) to work on /home/pedro/.local/lib/python3.10/site-packages/airflow/example_dags/tutorial.py
[2024-06-08T20:26:54.744-0300] {processor.py:830} INFO - Processing file /home/pedro/.local/lib/python3.10/site-packages/airflow/example_dags/tutorial.py for tasks to queue
[2024-06-08T20:26:54.745-0300] {logging_mixin.py:188} INFO - [2024-06-08T20:26:54.744-0300] {dagbag.py:545} INFO - Filling up the DagBag from /home/pedro/.local/lib/python3.10/site-packages/airflow/example_dags/tutorial.py
[2024-06-08T20:26:54.751-0300] {processor.py:840} INFO - DAG(s) 'tutorial' retrieved from /home/pedro/.local/lib/python3.10/site-packages/airflow/example_dags/tutorial.py
[2024-06-08T20:26:54.760-0300] {logging_mixin.py:188} INFO - [2024-06-08T20:26:54.760-0300] {dag.py:3096} INFO - Sync 1 DAGs
[2024-06-08T20:26:54.770-0300] {logging_mixin.py:188} INFO - [2024-06-08T20:26:54.769-0300] {dag.py:3954} INFO - Setting next_dagrun for tutorial to 2024-06-07 00:00:00+00:00, run_after=2024-06-08 00:00:00+00:00
[2024-06-08T20:26:54.786-0300] {processor.py:183} INFO - Processing /home/pedro/.local/lib/python3.10/site-packages/airflow/example_dags/tutorial.py took 0.056 seconds
[2024-06-08T20:27:42.293-0300] {processor.py:161} INFO - Started process (PID=9294) to work on /home/pedro/.local/lib/python3.10/site-packages/airflow/example_dags/tutorial.py
[2024-06-08T20:27:42.296-0300] {processor.py:830} INFO - Processing file /home/pedro/.local/lib/python3.10/site-packages/airflow/example_dags/tutorial.py for tasks to queue
[2024-06-08T20:27:42.297-0300] {logging_mixin.py:188} INFO - [2024-06-08T20:27:42.297-0300] {dagbag.py:545} INFO - Filling up the DagBag from /home/pedro/.local/lib/python3.10/site-packages/airflow/example_dags/tutorial.py
[2024-06-08T20:27:42.303-0300] {processor.py:840} INFO - DAG(s) 'tutorial' retrieved from /home/pedro/.local/lib/python3.10/site-packages/airflow/example_dags/tutorial.py
[2024-06-08T20:27:42.314-0300] {logging_mixin.py:188} INFO - [2024-06-08T20:27:42.314-0300] {dag.py:3096} INFO - Sync 1 DAGs
[2024-06-08T20:27:42.330-0300] {logging_mixin.py:188} INFO - [2024-06-08T20:27:42.330-0300] {dag.py:3954} INFO - Setting next_dagrun for tutorial to 2024-06-07 00:00:00+00:00, run_after=2024-06-08 00:00:00+00:00
[2024-06-08T20:27:42.354-0300] {processor.py:183} INFO - Processing /home/pedro/.local/lib/python3.10/site-packages/airflow/example_dags/tutorial.py took 0.066 seconds
[2024-06-08T20:28:27.412-0300] {processor.py:161} INFO - Started process (PID=10129) to work on /home/pedro/.local/lib/python3.10/site-packages/airflow/example_dags/tutorial.py
[2024-06-08T20:28:27.415-0300] {processor.py:830} INFO - Processing file /home/pedro/.local/lib/python3.10/site-packages/airflow/example_dags/tutorial.py for tasks to queue
[2024-06-08T20:28:27.415-0300] {logging_mixin.py:188} INFO - [2024-06-08T20:28:27.415-0300] {dagbag.py:545} INFO - Filling up the DagBag from /home/pedro/.local/lib/python3.10/site-packages/airflow/example_dags/tutorial.py
[2024-06-08T20:28:27.423-0300] {processor.py:840} INFO - DAG(s) 'tutorial' retrieved from /home/pedro/.local/lib/python3.10/site-packages/airflow/example_dags/tutorial.py
[2024-06-08T20:28:27.432-0300] {logging_mixin.py:188} INFO - [2024-06-08T20:28:27.432-0300] {dag.py:3096} INFO - Sync 1 DAGs
[2024-06-08T20:28:27.442-0300] {logging_mixin.py:188} INFO - [2024-06-08T20:28:27.442-0300] {dag.py:3954} INFO - Setting next_dagrun for tutorial to 2024-06-07 00:00:00+00:00, run_after=2024-06-08 00:00:00+00:00
[2024-06-08T20:28:27.458-0300] {processor.py:183} INFO - Processing /home/pedro/.local/lib/python3.10/site-packages/airflow/example_dags/tutorial.py took 0.050 seconds
[2024-06-08T20:29:07.789-0300] {processor.py:161} INFO - Started process (PID=10452) to work on /home/pedro/.local/lib/python3.10/site-packages/airflow/example_dags/tutorial.py
[2024-06-08T20:29:07.793-0300] {processor.py:830} INFO - Processing file /home/pedro/.local/lib/python3.10/site-packages/airflow/example_dags/tutorial.py for tasks to queue
[2024-06-08T20:29:07.794-0300] {logging_mixin.py:188} INFO - [2024-06-08T20:29:07.794-0300] {dagbag.py:545} INFO - Filling up the DagBag from /home/pedro/.local/lib/python3.10/site-packages/airflow/example_dags/tutorial.py
[2024-06-08T20:29:07.801-0300] {processor.py:840} INFO - DAG(s) 'tutorial' retrieved from /home/pedro/.local/lib/python3.10/site-packages/airflow/example_dags/tutorial.py
[2024-06-08T20:29:07.809-0300] {logging_mixin.py:188} INFO - [2024-06-08T20:29:07.809-0300] {dag.py:3096} INFO - Sync 1 DAGs
[2024-06-08T20:29:07.819-0300] {logging_mixin.py:188} INFO - [2024-06-08T20:29:07.819-0300] {dag.py:3954} INFO - Setting next_dagrun for tutorial to 2024-06-07 00:00:00+00:00, run_after=2024-06-08 00:00:00+00:00
[2024-06-08T20:29:07.836-0300] {processor.py:183} INFO - Processing /home/pedro/.local/lib/python3.10/site-packages/airflow/example_dags/tutorial.py took 0.055 seconds
[2024-06-08T20:29:48.539-0300] {processor.py:161} INFO - Started process (PID=11213) to work on /home/pedro/.local/lib/python3.10/site-packages/airflow/example_dags/tutorial.py
[2024-06-08T20:29:48.539-0300] {processor.py:830} INFO - Processing file /home/pedro/.local/lib/python3.10/site-packages/airflow/example_dags/tutorial.py for tasks to queue
[2024-06-08T20:29:48.540-0300] {logging_mixin.py:188} INFO - [2024-06-08T20:29:48.540-0300] {dagbag.py:545} INFO - Filling up the DagBag from /home/pedro/.local/lib/python3.10/site-packages/airflow/example_dags/tutorial.py
[2024-06-08T20:29:48.544-0300] {processor.py:840} INFO - DAG(s) 'tutorial' retrieved from /home/pedro/.local/lib/python3.10/site-packages/airflow/example_dags/tutorial.py
[2024-06-08T20:29:48.553-0300] {logging_mixin.py:188} INFO - [2024-06-08T20:29:48.552-0300] {dag.py:3096} INFO - Sync 1 DAGs
[2024-06-08T20:29:48.562-0300] {logging_mixin.py:188} INFO - [2024-06-08T20:29:48.562-0300] {dag.py:3954} INFO - Setting next_dagrun for tutorial to 2024-06-07 00:00:00+00:00, run_after=2024-06-08 00:00:00+00:00
[2024-06-08T20:29:48.575-0300] {processor.py:183} INFO - Processing /home/pedro/.local/lib/python3.10/site-packages/airflow/example_dags/tutorial.py took 0.040 seconds
