[2024-06-08T20:24:38.363-0300] {processor.py:161} INFO - Started process (PID=7442) to work on /home/pedro/.local/lib/python3.10/site-packages/airflow/example_dags/tutorial_taskflow_api_virtualenv.py
[2024-06-08T20:24:38.363-0300] {processor.py:830} INFO - Processing file /home/pedro/.local/lib/python3.10/site-packages/airflow/example_dags/tutorial_taskflow_api_virtualenv.py for tasks to queue
[2024-06-08T20:24:38.364-0300] {logging_mixin.py:188} INFO - [2024-06-08T20:24:38.364-0300] {dagbag.py:545} INFO - Filling up the DagBag from /home/pedro/.local/lib/python3.10/site-packages/airflow/example_dags/tutorial_taskflow_api_virtualenv.py
[2024-06-08T20:24:38.370-0300] {processor.py:840} INFO - DAG(s) 'tutorial_taskflow_api_virtualenv' retrieved from /home/pedro/.local/lib/python3.10/site-packages/airflow/example_dags/tutorial_taskflow_api_virtualenv.py
[2024-06-08T20:24:38.428-0300] {logging_mixin.py:188} INFO - [2024-06-08T20:24:38.427-0300] {override.py:1829} INFO - Created Permission View: can edit on DAG:tutorial_taskflow_api_virtualenv
[2024-06-08T20:24:38.437-0300] {logging_mixin.py:188} INFO - [2024-06-08T20:24:38.437-0300] {override.py:1829} INFO - Created Permission View: can delete on DAG:tutorial_taskflow_api_virtualenv
[2024-06-08T20:24:38.444-0300] {logging_mixin.py:188} INFO - [2024-06-08T20:24:38.444-0300] {override.py:1829} INFO - Created Permission View: can read on DAG:tutorial_taskflow_api_virtualenv
[2024-06-08T20:24:38.444-0300] {logging_mixin.py:188} INFO - [2024-06-08T20:24:38.444-0300] {dag.py:3096} INFO - Sync 1 DAGs
[2024-06-08T20:24:38.452-0300] {logging_mixin.py:188} INFO - [2024-06-08T20:24:38.452-0300] {dag.py:3118} INFO - Creating ORM DAG for tutorial_taskflow_api_virtualenv
[2024-06-08T20:24:38.452-0300] {logging_mixin.py:188} INFO - [2024-06-08T20:24:38.452-0300] {dag.py:3954} INFO - Setting next_dagrun for tutorial_taskflow_api_virtualenv to None, run_after=None
[2024-06-08T20:24:38.553-0300] {processor.py:183} INFO - Processing /home/pedro/.local/lib/python3.10/site-packages/airflow/example_dags/tutorial_taskflow_api_virtualenv.py took 0.194 seconds
[2024-06-08T20:24:56.554-0300] {processor.py:161} INFO - Started process (PID=8430) to work on /home/pedro/.local/lib/python3.10/site-packages/airflow/example_dags/tutorial_taskflow_api_virtualenv.py
[2024-06-08T20:24:56.555-0300] {processor.py:830} INFO - Processing file /home/pedro/.local/lib/python3.10/site-packages/airflow/example_dags/tutorial_taskflow_api_virtualenv.py for tasks to queue
[2024-06-08T20:24:56.555-0300] {logging_mixin.py:188} INFO - [2024-06-08T20:24:56.555-0300] {dagbag.py:545} INFO - Filling up the DagBag from /home/pedro/.local/lib/python3.10/site-packages/airflow/example_dags/tutorial_taskflow_api_virtualenv.py
[2024-06-08T20:24:56.561-0300] {processor.py:840} INFO - DAG(s) 'tutorial_taskflow_api_virtualenv' retrieved from /home/pedro/.local/lib/python3.10/site-packages/airflow/example_dags/tutorial_taskflow_api_virtualenv.py
[2024-06-08T20:24:56.565-0300] {logging_mixin.py:188} INFO - [2024-06-08T20:24:56.565-0300] {dag.py:3096} INFO - Sync 1 DAGs
[2024-06-08T20:24:56.571-0300] {logging_mixin.py:188} INFO - [2024-06-08T20:24:56.571-0300] {dag.py:3954} INFO - Setting next_dagrun for tutorial_taskflow_api_virtualenv to None, run_after=None
[2024-06-08T20:24:56.586-0300] {processor.py:183} INFO - Processing /home/pedro/.local/lib/python3.10/site-packages/airflow/example_dags/tutorial_taskflow_api_virtualenv.py took 0.035 seconds
[2024-06-08T20:25:52.564-0300] {processor.py:161} INFO - Started process (PID=8655) to work on /home/pedro/.local/lib/python3.10/site-packages/airflow/example_dags/tutorial_taskflow_api_virtualenv.py
[2024-06-08T20:25:52.567-0300] {processor.py:830} INFO - Processing file /home/pedro/.local/lib/python3.10/site-packages/airflow/example_dags/tutorial_taskflow_api_virtualenv.py for tasks to queue
[2024-06-08T20:25:52.568-0300] {logging_mixin.py:188} INFO - [2024-06-08T20:25:52.568-0300] {dagbag.py:545} INFO - Filling up the DagBag from /home/pedro/.local/lib/python3.10/site-packages/airflow/example_dags/tutorial_taskflow_api_virtualenv.py
[2024-06-08T20:25:52.576-0300] {processor.py:840} INFO - DAG(s) 'tutorial_taskflow_api_virtualenv' retrieved from /home/pedro/.local/lib/python3.10/site-packages/airflow/example_dags/tutorial_taskflow_api_virtualenv.py
[2024-06-08T20:25:52.674-0300] {logging_mixin.py:188} INFO - [2024-06-08T20:25:52.674-0300] {dag.py:3096} INFO - Sync 1 DAGs
[2024-06-08T20:25:52.678-0300] {logging_mixin.py:188} INFO - [2024-06-08T20:25:52.678-0300] {dag.py:3954} INFO - Setting next_dagrun for tutorial_taskflow_api_virtualenv to None, run_after=None
[2024-06-08T20:25:52.699-0300] {processor.py:183} INFO - Processing /home/pedro/.local/lib/python3.10/site-packages/airflow/example_dags/tutorial_taskflow_api_virtualenv.py took 0.137 seconds
[2024-06-08T20:26:48.138-0300] {processor.py:161} INFO - Started process (PID=8812) to work on /home/pedro/.local/lib/python3.10/site-packages/airflow/example_dags/tutorial_taskflow_api_virtualenv.py
[2024-06-08T20:26:48.141-0300] {processor.py:830} INFO - Processing file /home/pedro/.local/lib/python3.10/site-packages/airflow/example_dags/tutorial_taskflow_api_virtualenv.py for tasks to queue
[2024-06-08T20:26:48.142-0300] {logging_mixin.py:188} INFO - [2024-06-08T20:26:48.141-0300] {dagbag.py:545} INFO - Filling up the DagBag from /home/pedro/.local/lib/python3.10/site-packages/airflow/example_dags/tutorial_taskflow_api_virtualenv.py
[2024-06-08T20:26:48.152-0300] {processor.py:840} INFO - DAG(s) 'tutorial_taskflow_api_virtualenv' retrieved from /home/pedro/.local/lib/python3.10/site-packages/airflow/example_dags/tutorial_taskflow_api_virtualenv.py
[2024-06-08T20:26:48.161-0300] {logging_mixin.py:188} INFO - [2024-06-08T20:26:48.160-0300] {dag.py:3096} INFO - Sync 1 DAGs
[2024-06-08T20:26:48.166-0300] {logging_mixin.py:188} INFO - [2024-06-08T20:26:48.166-0300] {dag.py:3954} INFO - Setting next_dagrun for tutorial_taskflow_api_virtualenv to None, run_after=None
[2024-06-08T20:26:48.181-0300] {processor.py:183} INFO - Processing /home/pedro/.local/lib/python3.10/site-packages/airflow/example_dags/tutorial_taskflow_api_virtualenv.py took 0.048 seconds
[2024-06-08T20:27:34.394-0300] {processor.py:161} INFO - Started process (PID=9286) to work on /home/pedro/.local/lib/python3.10/site-packages/airflow/example_dags/tutorial_taskflow_api_virtualenv.py
[2024-06-08T20:27:34.397-0300] {processor.py:830} INFO - Processing file /home/pedro/.local/lib/python3.10/site-packages/airflow/example_dags/tutorial_taskflow_api_virtualenv.py for tasks to queue
[2024-06-08T20:27:34.397-0300] {logging_mixin.py:188} INFO - [2024-06-08T20:27:34.397-0300] {dagbag.py:545} INFO - Filling up the DagBag from /home/pedro/.local/lib/python3.10/site-packages/airflow/example_dags/tutorial_taskflow_api_virtualenv.py
[2024-06-08T20:27:34.407-0300] {processor.py:840} INFO - DAG(s) 'tutorial_taskflow_api_virtualenv' retrieved from /home/pedro/.local/lib/python3.10/site-packages/airflow/example_dags/tutorial_taskflow_api_virtualenv.py
[2024-06-08T20:27:34.416-0300] {logging_mixin.py:188} INFO - [2024-06-08T20:27:34.416-0300] {dag.py:3096} INFO - Sync 1 DAGs
[2024-06-08T20:27:34.422-0300] {logging_mixin.py:188} INFO - [2024-06-08T20:27:34.421-0300] {dag.py:3954} INFO - Setting next_dagrun for tutorial_taskflow_api_virtualenv to None, run_after=None
[2024-06-08T20:27:34.437-0300] {processor.py:183} INFO - Processing /home/pedro/.local/lib/python3.10/site-packages/airflow/example_dags/tutorial_taskflow_api_virtualenv.py took 0.046 seconds
[2024-06-08T20:28:19.673-0300] {processor.py:161} INFO - Started process (PID=10118) to work on /home/pedro/.local/lib/python3.10/site-packages/airflow/example_dags/tutorial_taskflow_api_virtualenv.py
[2024-06-08T20:28:19.676-0300] {processor.py:830} INFO - Processing file /home/pedro/.local/lib/python3.10/site-packages/airflow/example_dags/tutorial_taskflow_api_virtualenv.py for tasks to queue
[2024-06-08T20:28:19.677-0300] {logging_mixin.py:188} INFO - [2024-06-08T20:28:19.676-0300] {dagbag.py:545} INFO - Filling up the DagBag from /home/pedro/.local/lib/python3.10/site-packages/airflow/example_dags/tutorial_taskflow_api_virtualenv.py
[2024-06-08T20:28:19.684-0300] {processor.py:840} INFO - DAG(s) 'tutorial_taskflow_api_virtualenv' retrieved from /home/pedro/.local/lib/python3.10/site-packages/airflow/example_dags/tutorial_taskflow_api_virtualenv.py
[2024-06-08T20:28:19.694-0300] {logging_mixin.py:188} INFO - [2024-06-08T20:28:19.694-0300] {dag.py:3096} INFO - Sync 1 DAGs
[2024-06-08T20:28:19.702-0300] {logging_mixin.py:188} INFO - [2024-06-08T20:28:19.702-0300] {dag.py:3954} INFO - Setting next_dagrun for tutorial_taskflow_api_virtualenv to None, run_after=None
[2024-06-08T20:28:19.719-0300] {processor.py:183} INFO - Processing /home/pedro/.local/lib/python3.10/site-packages/airflow/example_dags/tutorial_taskflow_api_virtualenv.py took 0.049 seconds
[2024-06-08T20:29:00.815-0300] {processor.py:161} INFO - Started process (PID=10202) to work on /home/pedro/.local/lib/python3.10/site-packages/airflow/example_dags/tutorial_taskflow_api_virtualenv.py
[2024-06-08T20:29:00.816-0300] {processor.py:830} INFO - Processing file /home/pedro/.local/lib/python3.10/site-packages/airflow/example_dags/tutorial_taskflow_api_virtualenv.py for tasks to queue
[2024-06-08T20:29:00.816-0300] {logging_mixin.py:188} INFO - [2024-06-08T20:29:00.816-0300] {dagbag.py:545} INFO - Filling up the DagBag from /home/pedro/.local/lib/python3.10/site-packages/airflow/example_dags/tutorial_taskflow_api_virtualenv.py
[2024-06-08T20:29:00.825-0300] {processor.py:840} INFO - DAG(s) 'tutorial_taskflow_api_virtualenv' retrieved from /home/pedro/.local/lib/python3.10/site-packages/airflow/example_dags/tutorial_taskflow_api_virtualenv.py
[2024-06-08T20:29:00.833-0300] {logging_mixin.py:188} INFO - [2024-06-08T20:29:00.833-0300] {dag.py:3096} INFO - Sync 1 DAGs
[2024-06-08T20:29:00.839-0300] {logging_mixin.py:188} INFO - [2024-06-08T20:29:00.839-0300] {dag.py:3954} INFO - Setting next_dagrun for tutorial_taskflow_api_virtualenv to None, run_after=None
[2024-06-08T20:29:00.854-0300] {processor.py:183} INFO - Processing /home/pedro/.local/lib/python3.10/site-packages/airflow/example_dags/tutorial_taskflow_api_virtualenv.py took 0.045 seconds
[2024-06-08T20:29:40.971-0300] {processor.py:161} INFO - Started process (PID=11186) to work on /home/pedro/.local/lib/python3.10/site-packages/airflow/example_dags/tutorial_taskflow_api_virtualenv.py
[2024-06-08T20:29:40.972-0300] {processor.py:830} INFO - Processing file /home/pedro/.local/lib/python3.10/site-packages/airflow/example_dags/tutorial_taskflow_api_virtualenv.py for tasks to queue
[2024-06-08T20:29:40.973-0300] {logging_mixin.py:188} INFO - [2024-06-08T20:29:40.973-0300] {dagbag.py:545} INFO - Filling up the DagBag from /home/pedro/.local/lib/python3.10/site-packages/airflow/example_dags/tutorial_taskflow_api_virtualenv.py
[2024-06-08T20:29:40.982-0300] {processor.py:840} INFO - DAG(s) 'tutorial_taskflow_api_virtualenv' retrieved from /home/pedro/.local/lib/python3.10/site-packages/airflow/example_dags/tutorial_taskflow_api_virtualenv.py
[2024-06-08T20:29:40.990-0300] {logging_mixin.py:188} INFO - [2024-06-08T20:29:40.990-0300] {dag.py:3096} INFO - Sync 1 DAGs
[2024-06-08T20:29:40.997-0300] {logging_mixin.py:188} INFO - [2024-06-08T20:29:40.997-0300] {dag.py:3954} INFO - Setting next_dagrun for tutorial_taskflow_api_virtualenv to None, run_after=None
[2024-06-08T20:29:41.011-0300] {processor.py:183} INFO - Processing /home/pedro/.local/lib/python3.10/site-packages/airflow/example_dags/tutorial_taskflow_api_virtualenv.py took 0.048 seconds
