[2024-06-08T20:25:18.806-0300] {processor.py:161} INFO - Started process (PID=8611) to work on /home/pedro/.local/lib/python3.10/site-packages/airflow/example_dags/tutorial_objectstorage.py
[2024-06-08T20:25:18.807-0300] {processor.py:830} INFO - Processing file /home/pedro/.local/lib/python3.10/site-packages/airflow/example_dags/tutorial_objectstorage.py for tasks to queue
[2024-06-08T20:25:18.808-0300] {logging_mixin.py:188} INFO - [2024-06-08T20:25:18.807-0300] {dagbag.py:545} INFO - Filling up the DagBag from /home/pedro/.local/lib/python3.10/site-packages/airflow/example_dags/tutorial_objectstorage.py
[2024-06-08T20:25:18.813-0300] {processor.py:840} INFO - DAG(s) 'tutorial_objectstorage' retrieved from /home/pedro/.local/lib/python3.10/site-packages/airflow/example_dags/tutorial_objectstorage.py
[2024-06-08T20:25:18.957-0300] {logging_mixin.py:188} INFO - [2024-06-08T20:25:18.956-0300] {override.py:1829} INFO - Created Permission View: can delete on DAG:tutorial_objectstorage
[2024-06-08T20:25:18.967-0300] {logging_mixin.py:188} INFO - [2024-06-08T20:25:18.967-0300] {override.py:1829} INFO - Created Permission View: can read on DAG:tutorial_objectstorage
[2024-06-08T20:25:18.975-0300] {logging_mixin.py:188} INFO - [2024-06-08T20:25:18.974-0300] {override.py:1829} INFO - Created Permission View: can edit on DAG:tutorial_objectstorage
[2024-06-08T20:25:18.975-0300] {logging_mixin.py:188} INFO - [2024-06-08T20:25:18.975-0300] {dag.py:3096} INFO - Sync 1 DAGs
[2024-06-08T20:25:18.981-0300] {logging_mixin.py:188} INFO - [2024-06-08T20:25:18.981-0300] {dag.py:3118} INFO - Creating ORM DAG for tutorial_objectstorage
[2024-06-08T20:25:18.981-0300] {logging_mixin.py:188} INFO - [2024-06-08T20:25:18.981-0300] {dag.py:3954} INFO - Setting next_dagrun for tutorial_objectstorage to None, run_after=None
[2024-06-08T20:25:19.000-0300] {processor.py:183} INFO - Processing /home/pedro/.local/lib/python3.10/site-packages/airflow/example_dags/tutorial_objectstorage.py took 0.197 seconds
[2024-06-08T20:26:11.681-0300] {processor.py:161} INFO - Started process (PID=8705) to work on /home/pedro/.local/lib/python3.10/site-packages/airflow/example_dags/tutorial_objectstorage.py
[2024-06-08T20:26:11.684-0300] {processor.py:830} INFO - Processing file /home/pedro/.local/lib/python3.10/site-packages/airflow/example_dags/tutorial_objectstorage.py for tasks to queue
[2024-06-08T20:26:11.684-0300] {logging_mixin.py:188} INFO - [2024-06-08T20:26:11.684-0300] {dagbag.py:545} INFO - Filling up the DagBag from /home/pedro/.local/lib/python3.10/site-packages/airflow/example_dags/tutorial_objectstorage.py
[2024-06-08T20:26:11.690-0300] {processor.py:840} INFO - DAG(s) 'tutorial_objectstorage' retrieved from /home/pedro/.local/lib/python3.10/site-packages/airflow/example_dags/tutorial_objectstorage.py
[2024-06-08T20:26:11.701-0300] {logging_mixin.py:188} INFO - [2024-06-08T20:26:11.701-0300] {dag.py:3096} INFO - Sync 1 DAGs
[2024-06-08T20:26:11.763-0300] {logging_mixin.py:188} INFO - [2024-06-08T20:26:11.763-0300] {dag.py:3954} INFO - Setting next_dagrun for tutorial_objectstorage to None, run_after=None
[2024-06-08T20:26:11.784-0300] {processor.py:183} INFO - Processing /home/pedro/.local/lib/python3.10/site-packages/airflow/example_dags/tutorial_objectstorage.py took 0.106 seconds
[2024-06-08T20:27:06.164-0300] {processor.py:161} INFO - Started process (PID=8874) to work on /home/pedro/.local/lib/python3.10/site-packages/airflow/example_dags/tutorial_objectstorage.py
[2024-06-08T20:27:06.166-0300] {processor.py:830} INFO - Processing file /home/pedro/.local/lib/python3.10/site-packages/airflow/example_dags/tutorial_objectstorage.py for tasks to queue
[2024-06-08T20:27:06.166-0300] {logging_mixin.py:188} INFO - [2024-06-08T20:27:06.166-0300] {dagbag.py:545} INFO - Filling up the DagBag from /home/pedro/.local/lib/python3.10/site-packages/airflow/example_dags/tutorial_objectstorage.py
[2024-06-08T20:27:06.172-0300] {processor.py:840} INFO - DAG(s) 'tutorial_objectstorage' retrieved from /home/pedro/.local/lib/python3.10/site-packages/airflow/example_dags/tutorial_objectstorage.py
[2024-06-08T20:27:06.181-0300] {logging_mixin.py:188} INFO - [2024-06-08T20:27:06.181-0300] {dag.py:3096} INFO - Sync 1 DAGs
[2024-06-08T20:27:06.188-0300] {logging_mixin.py:188} INFO - [2024-06-08T20:27:06.187-0300] {dag.py:3954} INFO - Setting next_dagrun for tutorial_objectstorage to None, run_after=None
[2024-06-08T20:27:06.202-0300] {processor.py:183} INFO - Processing /home/pedro/.local/lib/python3.10/site-packages/airflow/example_dags/tutorial_objectstorage.py took 0.043 seconds
[2024-06-08T20:27:58.895-0300] {processor.py:161} INFO - Started process (PID=9818) to work on /home/pedro/.local/lib/python3.10/site-packages/airflow/example_dags/tutorial_objectstorage.py
[2024-06-08T20:27:58.898-0300] {processor.py:830} INFO - Processing file /home/pedro/.local/lib/python3.10/site-packages/airflow/example_dags/tutorial_objectstorage.py for tasks to queue
[2024-06-08T20:27:58.900-0300] {logging_mixin.py:188} INFO - [2024-06-08T20:27:58.899-0300] {dagbag.py:545} INFO - Filling up the DagBag from /home/pedro/.local/lib/python3.10/site-packages/airflow/example_dags/tutorial_objectstorage.py
[2024-06-08T20:27:58.907-0300] {processor.py:840} INFO - DAG(s) 'tutorial_objectstorage' retrieved from /home/pedro/.local/lib/python3.10/site-packages/airflow/example_dags/tutorial_objectstorage.py
[2024-06-08T20:27:58.915-0300] {logging_mixin.py:188} INFO - [2024-06-08T20:27:58.915-0300] {dag.py:3096} INFO - Sync 1 DAGs
[2024-06-08T20:27:58.921-0300] {logging_mixin.py:188} INFO - [2024-06-08T20:27:58.921-0300] {dag.py:3954} INFO - Setting next_dagrun for tutorial_objectstorage to None, run_after=None
[2024-06-08T20:27:58.936-0300] {processor.py:183} INFO - Processing /home/pedro/.local/lib/python3.10/site-packages/airflow/example_dags/tutorial_objectstorage.py took 0.046 seconds
[2024-06-08T20:28:44.004-0300] {processor.py:161} INFO - Started process (PID=10160) to work on /home/pedro/.local/lib/python3.10/site-packages/airflow/example_dags/tutorial_objectstorage.py
[2024-06-08T20:28:44.008-0300] {processor.py:830} INFO - Processing file /home/pedro/.local/lib/python3.10/site-packages/airflow/example_dags/tutorial_objectstorage.py for tasks to queue
[2024-06-08T20:28:44.009-0300] {logging_mixin.py:188} INFO - [2024-06-08T20:28:44.008-0300] {dagbag.py:545} INFO - Filling up the DagBag from /home/pedro/.local/lib/python3.10/site-packages/airflow/example_dags/tutorial_objectstorage.py
[2024-06-08T20:28:44.018-0300] {processor.py:840} INFO - DAG(s) 'tutorial_objectstorage' retrieved from /home/pedro/.local/lib/python3.10/site-packages/airflow/example_dags/tutorial_objectstorage.py
[2024-06-08T20:28:44.026-0300] {logging_mixin.py:188} INFO - [2024-06-08T20:28:44.026-0300] {dag.py:3096} INFO - Sync 1 DAGs
[2024-06-08T20:28:44.032-0300] {logging_mixin.py:188} INFO - [2024-06-08T20:28:44.031-0300] {dag.py:3954} INFO - Setting next_dagrun for tutorial_objectstorage to None, run_after=None
[2024-06-08T20:28:44.047-0300] {processor.py:183} INFO - Processing /home/pedro/.local/lib/python3.10/site-packages/airflow/example_dags/tutorial_objectstorage.py took 0.048 seconds
[2024-06-08T20:29:28.080-0300] {processor.py:161} INFO - Started process (PID=11142) to work on /home/pedro/.local/lib/python3.10/site-packages/airflow/example_dags/tutorial_objectstorage.py
[2024-06-08T20:29:28.083-0300] {processor.py:830} INFO - Processing file /home/pedro/.local/lib/python3.10/site-packages/airflow/example_dags/tutorial_objectstorage.py for tasks to queue
[2024-06-08T20:29:28.085-0300] {logging_mixin.py:188} INFO - [2024-06-08T20:29:28.084-0300] {dagbag.py:545} INFO - Filling up the DagBag from /home/pedro/.local/lib/python3.10/site-packages/airflow/example_dags/tutorial_objectstorage.py
[2024-06-08T20:29:28.094-0300] {processor.py:840} INFO - DAG(s) 'tutorial_objectstorage' retrieved from /home/pedro/.local/lib/python3.10/site-packages/airflow/example_dags/tutorial_objectstorage.py
[2024-06-08T20:29:28.102-0300] {logging_mixin.py:188} INFO - [2024-06-08T20:29:28.102-0300] {dag.py:3096} INFO - Sync 1 DAGs
[2024-06-08T20:29:28.108-0300] {logging_mixin.py:188} INFO - [2024-06-08T20:29:28.108-0300] {dag.py:3954} INFO - Setting next_dagrun for tutorial_objectstorage to None, run_after=None
[2024-06-08T20:29:28.123-0300] {processor.py:183} INFO - Processing /home/pedro/.local/lib/python3.10/site-packages/airflow/example_dags/tutorial_objectstorage.py took 0.048 seconds
[2024-06-08T20:30:07.698-0300] {processor.py:161} INFO - Started process (PID=11506) to work on /home/pedro/.local/lib/python3.10/site-packages/airflow/example_dags/tutorial_objectstorage.py
[2024-06-08T20:30:07.701-0300] {processor.py:830} INFO - Processing file /home/pedro/.local/lib/python3.10/site-packages/airflow/example_dags/tutorial_objectstorage.py for tasks to queue
[2024-06-08T20:30:07.702-0300] {logging_mixin.py:188} INFO - [2024-06-08T20:30:07.702-0300] {dagbag.py:545} INFO - Filling up the DagBag from /home/pedro/.local/lib/python3.10/site-packages/airflow/example_dags/tutorial_objectstorage.py
[2024-06-08T20:30:07.711-0300] {processor.py:840} INFO - DAG(s) 'tutorial_objectstorage' retrieved from /home/pedro/.local/lib/python3.10/site-packages/airflow/example_dags/tutorial_objectstorage.py
[2024-06-08T20:30:07.719-0300] {logging_mixin.py:188} INFO - [2024-06-08T20:30:07.719-0300] {dag.py:3096} INFO - Sync 1 DAGs
[2024-06-08T20:30:07.725-0300] {logging_mixin.py:188} INFO - [2024-06-08T20:30:07.725-0300] {dag.py:3954} INFO - Setting next_dagrun for tutorial_objectstorage to None, run_after=None
[2024-06-08T20:30:07.740-0300] {processor.py:183} INFO - Processing /home/pedro/.local/lib/python3.10/site-packages/airflow/example_dags/tutorial_objectstorage.py took 0.047 seconds
