[2024-06-11T20:55:41.928-0300] {local_task_job_runner.py:120} INFO - ::group::Pre task execution logs
[2024-06-11T20:55:41.940-0300] {taskinstance.py:2076} INFO - Dependencies all met for dep_context=non-requeueable deps ti=<TaskInstance: data_pipeline.extract_csv manual__2024-06-11T23:55:36.890086+00:00 [queued]>
[2024-06-11T20:55:41.948-0300] {taskinstance.py:2076} INFO - Dependencies all met for dep_context=requeueable deps ti=<TaskInstance: data_pipeline.extract_csv manual__2024-06-11T23:55:36.890086+00:00 [queued]>
[2024-06-11T20:55:41.948-0300] {taskinstance.py:2306} INFO - Starting attempt 1 of 1
[2024-06-11T20:55:41.963-0300] {taskinstance.py:2330} INFO - Executing <Task(PythonOperator): extract_csv> on 2024-06-11 23:55:36.890086+00:00
[2024-06-11T20:55:41.966-0300] {standard_task_runner.py:63} INFO - Started process 25593 to run task
[2024-06-11T20:55:41.968-0300] {standard_task_runner.py:90} INFO - Running: ['airflow', 'tasks', 'run', 'data_pipeline', 'extract_csv', 'manual__2024-06-11T23:55:36.890086+00:00', '--job-id', '1729', '--raw', '--subdir', 'DAGS_FOLDER/dag_extracao_daily.py', '--cfg-path', '/tmp/tmpjd3x5oi_']
[2024-06-11T20:55:41.970-0300] {standard_task_runner.py:91} INFO - Job 1729: Subtask extract_csv
[2024-06-11T20:55:42.006-0300] {task_command.py:426} INFO - Running <TaskInstance: data_pipeline.extract_csv manual__2024-06-11T23:55:36.890086+00:00 [running]> on host Pedro-Conrado
[2024-06-11T20:55:42.081-0300] {taskinstance.py:2648} INFO - Exporting env vars: AIRFLOW_CTX_DAG_OWNER='airflow' AIRFLOW_CTX_DAG_ID='data_pipeline' AIRFLOW_CTX_TASK_ID='extract_csv' AIRFLOW_CTX_EXECUTION_DATE='2024-06-11T23:55:36.890086+00:00' AIRFLOW_CTX_TRY_NUMBER='1' AIRFLOW_CTX_DAG_RUN_ID='manual__2024-06-11T23:55:36.890086+00:00'
[2024-06-11T20:55:42.083-0300] {taskinstance.py:430} INFO - ::endgroup::
[2024-06-11T20:55:42.092-0300] {logging_mixin.py:188} INFO - Verificando a existência do arquivo: /home/pedro/airflow/data/csv/order_details.csv
[2024-06-11T20:55:42.092-0300] {logging_mixin.py:188} INFO - Conteúdo do diretório /home/pedro/airflow/data/csv:
[2024-06-11T20:55:42.092-0300] {logging_mixin.py:188} INFO - ['order_details .csv', 'order_details.csv', 'processed_order_details']
[2024-06-11T20:55:42.092-0300] {logging_mixin.py:188} INFO - Arquivo copiado para: /home/pedro/airflow/data/csv/processed_order_details/order_details.csv
[2024-06-11T20:55:42.093-0300] {python.py:237} INFO - Done. Returned value was: None
[2024-06-11T20:55:42.093-0300] {taskinstance.py:441} INFO - ::group::Post task execution logs
[2024-06-11T20:55:42.098-0300] {taskinstance.py:1206} INFO - Marking task as SUCCESS. dag_id=data_pipeline, task_id=extract_csv, run_id=manual__2024-06-11T23:55:36.890086+00:00, execution_date=20240611T235536, start_date=20240611T235541, end_date=20240611T235542
[2024-06-11T20:55:42.141-0300] {local_task_job_runner.py:240} INFO - Task exited with return code 0
[2024-06-11T20:55:42.160-0300] {taskinstance.py:3498} INFO - 1 downstream tasks scheduled from follow-on schedule check
[2024-06-11T20:55:42.164-0300] {local_task_job_runner.py:222} INFO - ::endgroup::
